

processing file: rapport_final.Rmd
1/24                   
2/24 [setup]           
3/24 [unnamed-chunk-1] 
4/24                   
5/24 [unnamed-chunk-2] 
6/24                   
7/24 [unnamed-chunk-3] 
8/24                   
9/24 [unnamed-chunk-4] 
10/24                   
11/24 [unnamed-chunk-5] 
12/24                   
13/24 [unnamed-chunk-6] 
14/24                   
15/24 [unnamed-chunk-7] 
16/24                   
17/24 [unnamed-chunk-8] 
18/24                   
19/24 [unnamed-chunk-9] 
20/24                   
21/24 [unnamed-chunk-10]
22/24                   
23/24 [unnamed-chunk-11]
24/24                   
output file: rapport_final.knit.md

/home/etudiant/conda_config/miniconda3/envs/hbv_pipeline/bin/pandoc +RTS -K512m -RTS rapport_final.knit.md --to html4 --from markdown+autolink_bare_uris+tex_math_single_backslash --output /home/etudiant/fatemeh/hbv_pipeline/src/work/21/da49f8c01ff61975bc63fe2469f48b/work_reports/rapport_final.html --lua-filter /home/etudiant/conda_config/miniconda3/envs/hbv_pipeline/lib/R/library/rmarkdown/rmarkdown/lua/pagebreak.lua --lua-filter /home/etudiant/conda_config/miniconda3/envs/hbv_pipeline/lib/R/library/rmarkdown/rmarkdown/lua/latex-div.lua --lua-filter /home/etudiant/conda_config/miniconda3/envs/hbv_pipeline/lib/R/library/rmarkdown/rmarkdown/lua/table-classes.lua --embed-resources --standalone --variable bs3=TRUE --section-divs --table-of-contents --toc-depth 2 --template /home/etudiant/conda_config/miniconda3/envs/hbv_pipeline/lib/R/library/rmarkdown/rmd/h/default.html --no-highlight --variable highlightjs=1 --variable theme=united --mathjax --variable 'mathjax-url=https://mathjax.rstudio.com/latest/MathJax.js?config=TeX-AMS-MML_HTMLorMML' --include-in-header /tmp/RtmppGVjr0/rmarkdown-str1e99560f4764.html 

Output created: work_reports/rapport_final.html
