2025-06-05 15:49:49 Sorting BAM file
2025-06-05 15:49:49 Indexing BAM file
2025-06-05 15:49:49 Building reads pileup
2025-06-05 15:49:49 Sorting VCF file
2025-06-05 15:49:49 Building pileup array
2025-06-05 15:49:49 Parsing SNP at position 17
2025-06-05 15:49:49 Skip position 17 due to unpassed quality test
2025-06-05 15:49:49 Parsing SNP at position 26
2025-06-05 15:49:49 Skip position 26 due to unpassed quality test
2025-06-05 15:49:49 Parsing SNP at position 76
2025-06-05 15:49:49 Skip position 76 due to unpassed quality test
2025-06-05 15:49:49 Parsing SNP at position 95
2025-06-05 15:49:49 Skip position 95 due to unpassed quality test
2025-06-05 15:49:49 Parsing SNP at position 114
2025-06-05 15:49:49 Skip position 114 due to unpassed quality test
2025-06-05 15:49:49 Parsing SNP at position 131
2025-06-05 15:49:49 Skip position 131 due to unpassed quality test
2025-06-05 15:49:49 Parsing SNP at position 158
2025-06-05 15:49:49 Skip position 158 due to unpassed quality test
2025-06-05 15:49:49 Parsing SNP at position 159
2025-06-05 15:49:49 Skip position 159 due to unpassed quality test
2025-06-05 15:49:49 Parsing SNP at position 161
2025-06-05 15:49:49 Skip position 161 due to unpassed quality test
2025-06-05 15:49:49 Parsing SNP at position 162
2025-06-05 15:49:49 Skip position 162 due to unpassed quality test
2025-06-05 15:49:49 Parsing SNP at position 170
2025-06-05 15:49:49 Skip position 170 due to unpassed quality test
2025-06-05 15:49:49 Parsing SNP at position 173
2025-06-05 15:49:49 Skip position 173 due to unpassed quality test
2025-06-05 15:49:49 Parsing SNP at position 176
2025-06-05 15:49:49 Skip position 176 due to unpassed quality test
2025-06-05 15:49:49 Parsing SNP at position 185
2025-06-05 15:49:49 Skip position 185 due to unpassed quality test
2025-06-05 15:49:49 Parsing SNP at position 188
2025-06-05 15:49:49 Skip position 188 due to unpassed quality test
2025-06-05 15:49:49 Parsing SNP at position 200
2025-06-05 15:49:49 Skip position 200 due to unpassed quality test
2025-06-05 15:49:49 Parsing SNP at position 209
2025-06-05 15:49:49 Skip position 209 due to unpassed quality test
2025-06-05 15:49:49 Parsing SNP at position 215
2025-06-05 15:49:49 Skip position 215 due to unpassed quality test
2025-06-05 15:49:49 Parsing SNP at position 230
2025-06-05 15:49:49 Skip position 230 due to unpassed quality test
2025-06-05 15:49:49 Parsing SNP at position 236
2025-06-05 15:49:49 Skip position 236 due to unpassed quality test
2025-06-05 15:49:49 Parsing SNP at position 239
2025-06-05 15:49:49 Skip position 239 due to unpassed quality test
2025-06-05 15:49:49 Parsing SNP at position 242
2025-06-05 15:49:49 Skip position 242 due to unpassed quality test
2025-06-05 15:49:49 Parsing SNP at position 254
2025-06-05 15:49:49 Skip position 254 due to unpassed quality test
2025-06-05 15:49:49 Parsing SNP at position 260
2025-06-05 15:49:49 Skip position 260 due to unpassed quality test
2025-06-05 15:49:49 Parsing SNP at position 260
2025-06-05 15:49:49 Skip position 260 due to unpassed quality test
2025-06-05 15:49:49 Parsing SNP at position 263
2025-06-05 15:49:49 Skip position 263 due to unpassed quality test
2025-06-05 15:49:49 Parsing SNP at position 268
2025-06-05 15:49:49 Skip position 268 due to unpassed quality test
2025-06-05 15:49:49 Parsing SNP at position 269
2025-06-05 15:49:49 Skip position 269 due to unpassed quality test
2025-06-05 15:49:49 Parsing SNP at position 272
2025-06-05 15:49:49 Skip position 272 due to unpassed quality test
2025-06-05 15:49:49 Parsing SNP at position 273
2025-06-05 15:49:49 Skip position 273 due to unpassed quality test
2025-06-05 15:49:49 Parsing SNP at position 275
2025-06-05 15:49:49 Skip position 275 due to unpassed quality test
2025-06-05 15:49:49 Parsing SNP at position 280
2025-06-05 15:49:49 Skip position 280 due to unpassed quality test
2025-06-05 15:49:49 Parsing SNP at position 284
2025-06-05 15:49:49 Skip position 284 due to unpassed quality test
2025-06-05 15:49:49 Parsing SNP at position 287
2025-06-05 15:49:49 Skip position 287 due to unpassed quality test
2025-06-05 15:49:49 Parsing SNP at position 299
2025-06-05 15:49:49 Skip position 299 due to unpassed quality test
2025-06-05 15:49:49 Parsing SNP at position 300
2025-06-05 15:49:49 Skip position 300 due to unpassed quality test
2025-06-05 15:49:49 Parsing SNP at position 301
2025-06-05 15:49:49 Skip position 301 due to unpassed quality test
2025-06-05 15:49:49 Parsing SNP at position 314
2025-06-05 15:49:49 Skip position 314 due to unpassed quality test
2025-06-05 15:49:49 Parsing SNP at position 329
2025-06-05 15:49:49 Skip position 329 due to unpassed quality test
2025-06-05 15:49:49 Parsing SNP at position 330
2025-06-05 15:49:49 Skip position 330 due to unpassed quality test
2025-06-05 15:49:49 Parsing SNP at position 341
2025-06-05 15:49:49 Skip position 341 due to unpassed quality test
2025-06-05 15:49:49 Parsing SNP at position 350
2025-06-05 15:49:49 Skip position 350 due to unpassed quality test
2025-06-05 15:49:49 Parsing SNP at position 351
2025-06-05 15:49:49 Skip position 351 due to unpassed quality test
2025-06-05 15:49:49 Parsing SNP at position 352
2025-06-05 15:49:49 Skip position 352 due to unpassed quality test
2025-06-05 15:49:49 Parsing SNP at position 368
2025-06-05 15:49:49 Skip position 368 due to unpassed quality test
2025-06-05 15:49:49 Parsing SNP at position 369
2025-06-05 15:49:49 Skip position 369 due to unpassed quality test
2025-06-05 15:49:49 Parsing SNP at position 374
2025-06-05 15:49:49 Skip position 374 due to unpassed quality test
2025-06-05 15:49:49 Parsing SNP at position 378
2025-06-05 15:49:49 Skip position 378 due to unpassed quality test
2025-06-05 15:49:49 Parsing SNP at position 381
2025-06-05 15:49:49 Skip position 381 due to unpassed quality test
2025-06-05 15:49:49 Parsing SNP at position 398
2025-06-05 15:49:49 Skip position 398 due to unpassed quality test
2025-06-05 15:49:49 Parsing SNP at position 398
2025-06-05 15:49:49 Skip position 398 due to unpassed quality test
2025-06-05 15:49:49 Parsing SNP at position 404
2025-06-05 15:49:49 Skip position 404 due to unpassed quality test
2025-06-05 15:49:49 Parsing SNP at position 422
2025-06-05 15:49:49 Skip position 422 due to unpassed quality test
2025-06-05 15:49:49 Parsing SNP at position 425
2025-06-05 15:49:49 Skip position 425 due to unpassed quality test
2025-06-05 15:49:49 Parsing SNP at position 426
2025-06-05 15:49:49 Skip position 426 due to unpassed quality test
2025-06-05 15:49:49 Parsing SNP at position 428
2025-06-05 15:49:49 Skip position 428 due to unpassed quality test
2025-06-05 15:49:49 Parsing SNP at position 431
2025-06-05 15:49:49 Skip position 431 due to unpassed quality test
2025-06-05 15:49:49 Parsing SNP at position 476
2025-06-05 15:49:49 Skip position 476 due to unpassed quality test
2025-06-05 15:49:49 Parsing SNP at position 484
2025-06-05 15:49:49 Skip position 484 due to unpassed quality test
2025-06-05 15:49:49 Parsing SNP at position 515
2025-06-05 15:49:49 Skip position 515 due to unpassed quality test
2025-06-05 15:49:49 Parsing SNP at position 517
2025-06-05 15:49:49 Skip position 517 due to unpassed quality test
2025-06-05 15:49:49 Parsing SNP at position 534
2025-06-05 15:49:49 Skip position 534 due to unpassed quality test
2025-06-05 15:49:49 Parsing SNP at position 537
2025-06-05 15:49:49 Skip position 537 due to unpassed quality test
2025-06-05 15:49:49 Parsing SNP at position 616
2025-06-05 15:49:49 Skip position 616 due to unpassed quality test
2025-06-05 15:49:49 Parsing SNP at position 617
2025-06-05 15:49:49 Skip position 617 due to unpassed quality test
2025-06-05 15:49:49 Parsing SNP at position 619
2025-06-05 15:49:49 Skip position 619 due to unpassed quality test
2025-06-05 15:49:49 Parsing SNP at position 620
2025-06-05 15:49:49 Skip position 620 due to unpassed quality test
2025-06-05 15:49:49 Parsing SNP at position 623
2025-06-05 15:49:49 Skip position 623 due to unpassed quality test
2025-06-05 15:49:49 Parsing SNP at position 636
2025-06-05 15:49:49 Skip position 636 due to unpassed quality test
2025-06-05 15:49:49 Parsing SNP at position 648
2025-06-05 15:49:49 Skip position 648 due to unpassed quality test
2025-06-05 15:49:49 Parsing SNP at position 660
2025-06-05 15:49:49 Skip position 660 due to unpassed quality test
2025-06-05 15:49:49 Parsing SNP at position 666
2025-06-05 15:49:49 Skip position 666 due to unpassed quality test
2025-06-05 15:49:49 Parsing SNP at position 675
2025-06-05 15:49:49 Skip position 675 due to unpassed quality test
2025-06-05 15:49:49 Parsing SNP at position 685
2025-06-05 15:49:49 Skip position 685 due to unpassed quality test
2025-06-05 15:49:49 Parsing SNP at position 703
2025-06-05 15:49:49 Skip position 703 due to unpassed quality test
2025-06-05 15:49:49 Parsing SNP at position 703
2025-06-05 15:49:49 Skip position 703 due to unpassed quality test
2025-06-05 15:49:49 Parsing SNP at position 705
2025-06-05 15:49:49 Skip position 705 due to unpassed quality test
2025-06-05 15:49:49 Parsing SNP at position 705
2025-06-05 15:49:49 Skip position 705 due to unpassed quality test
2025-06-05 15:49:49 Parsing SNP at position 709
2025-06-05 15:49:49 Skip position 709 due to unpassed quality test
2025-06-05 15:49:49 Parsing SNP at position 717
2025-06-05 15:49:49 Skip position 717 due to unpassed quality test
2025-06-05 15:49:49 Parsing SNP at position 717
2025-06-05 15:49:49 Skip position 717 due to unpassed quality test
2025-06-05 15:49:49 Parsing SNP at position 719
2025-06-05 15:49:49 Skip position 719 due to unpassed quality test
2025-06-05 15:49:49 Parsing SNP at position 720
2025-06-05 15:49:49 Skip position 720 due to unpassed quality test
2025-06-05 15:49:49 Parsing SNP at position 727
2025-06-05 15:49:49 Skip position 727 due to unpassed quality test
2025-06-05 15:49:49 Parsing SNP at position 729
2025-06-05 15:49:49 Skip position 729 due to unpassed quality test
2025-06-05 15:49:49 Parsing SNP at position 738
2025-06-05 15:49:49 Skip position 738 due to unpassed quality test
2025-06-05 15:49:49 Parsing SNP at position 741
2025-06-05 15:49:49 Skip position 741 due to unpassed quality test
2025-06-05 15:49:49 Parsing SNP at position 742
2025-06-05 15:49:49 Skip position 742 due to unpassed quality test
2025-06-05 15:49:49 Parsing SNP at position 756
2025-06-05 15:49:49 Skip position 756 due to unpassed quality test
2025-06-05 15:49:49 Parsing SNP at position 758
2025-06-05 15:49:49 Skip position 758 due to unpassed quality test
2025-06-05 15:49:49 Parsing SNP at position 763
2025-06-05 15:49:49 Skip position 763 due to unpassed quality test
2025-06-05 15:49:49 Parsing SNP at position 770
2025-06-05 15:49:49 Skip position 770 due to unpassed quality test
2025-06-05 15:49:49 Parsing SNP at position 774
2025-06-05 15:49:49 Skip position 774 due to unpassed quality test
2025-06-05 15:49:49 Parsing SNP at position 777
2025-06-05 15:49:49 Skip position 777 due to unpassed quality test
2025-06-05 15:49:49 Parsing SNP at position 783
2025-06-05 15:49:49 Skip position 783 due to unpassed quality test
2025-06-05 15:49:49 Parsing SNP at position 1431
2025-06-05 15:49:49 Skip position 1431 due to unpassed quality test
2025-06-05 15:49:49 Parsing SNP at position 1464
2025-06-05 15:49:49 Skip position 1464 due to unpassed quality test
2025-06-05 15:49:49 Parsing SNP at position 1465
2025-06-05 15:49:49 Skip position 1465 due to unpassed quality test
2025-06-05 15:49:49 Parsing SNP at position 1466
2025-06-05 15:49:49 Skip position 1466 due to unpassed quality test
2025-06-05 15:49:49 Parsing SNP at position 1475
2025-06-05 15:49:49 Skip position 1475 due to unpassed quality test
2025-06-05 15:49:49 Parsing SNP at position 1524
2025-06-05 15:49:49 Skip position 1524 due to unpassed quality test
2025-06-05 15:49:49 Parsing SNP at position 1586
2025-06-05 15:49:49 Skip position 1586 due to unpassed quality test
2025-06-05 15:49:49 Parsing SNP at position 1592
2025-06-05 15:49:49 Skip position 1592 due to unpassed quality test
2025-06-05 15:49:49 Parsing SNP at position 1593
2025-06-05 15:49:49 Skip position 1593 due to unpassed quality test
2025-06-05 15:49:49 Parsing SNP at position 1599
2025-06-05 15:49:49 Skip position 1599 due to unpassed quality test
2025-06-05 15:49:49 Parsing SNP at position 1644
2025-06-05 15:49:49 Skip position 1644 due to unpassed quality test
2025-06-05 15:49:49 Parsing SNP at position 1666
2025-06-05 15:49:49 Skip position 1666 due to unpassed quality test
2025-06-05 15:49:49 Parsing SNP at position 2346
2025-06-05 15:49:49 Skip position 2346 due to unpassed quality test
2025-06-05 15:49:49 Parsing SNP at position 2349
2025-06-05 15:49:49 Skip position 2349 due to unpassed quality test
2025-06-05 15:49:49 Parsing SNP at position 2355
2025-06-05 15:49:49 Skip position 2355 due to unpassed quality test
2025-06-05 15:49:49 Parsing SNP at position 2383
2025-06-05 15:49:49 Skip position 2383 due to unpassed quality test
2025-06-05 15:49:49 Parsing SNP at position 2460
2025-06-05 15:49:49 Skip position 2460 due to unpassed quality test
2025-06-05 15:49:49 Parsing SNP at position 2476
2025-06-05 15:49:49 Skip position 2476 due to unpassed quality test
2025-06-05 15:49:49 Parsing SNP at position 2478
2025-06-05 15:49:49 Skip position 2478 due to unpassed quality test
2025-06-05 15:49:50 Parsing SNP at position 2511
2025-06-05 15:49:50 Skip position 2511 due to unpassed quality test
2025-06-05 15:49:50 Parsing SNP at position 2523
2025-06-05 15:49:50 Skip position 2523 due to unpassed quality test
2025-06-05 15:49:50 Parsing SNP at position 2691
2025-06-05 15:49:50 Skip position 2691 due to unpassed quality test
2025-06-05 15:49:50 Parsing SNP at position 2802
2025-06-05 15:49:50 Skip position 2802 due to unpassed quality test
2025-06-05 15:49:50 Parsing SNP at position 2804
2025-06-05 15:49:50 Skip position 2804 due to unpassed quality test
2025-06-05 15:49:50 Parsing SNP at position 2866
2025-06-05 15:49:50 Parsing SNP at position 2867
2025-06-05 15:49:50 Parsing SNP at position 2879
2025-06-05 15:49:50 Parsing SNP at position 2938
2025-06-05 15:49:50 Parsing SNP at position 2939
2025-06-05 15:49:50 Parsing SNP at position 2940
2025-06-05 15:49:50 Parsing SNP at position 2981
2025-06-05 15:49:50 Parsing SNP at position 3008
2025-06-05 15:49:50 Parsing SNP at position 3032
2025-06-05 15:49:50 Parsing SNP at position 3052
2025-06-05 15:49:50 Parsing SNP at position 3062
2025-06-05 15:49:50 Parsing SNP at position 3107
2025-06-05 15:49:50 Parsing SNP at position 3108
2025-06-05 15:49:50 Writting results
2025-06-05 15:49:50 Running time: 0h:0m:0s::56
