This is cutadapt 5.0 with Python 3.10.14
Command line parameters: -a file:HBV_primer.fasta -m 150 -M 1200 -q 10 -j 4 -o barcode02_trim_reads.fastq.gz barcode02.merged.fastq.gz
Processing single-end reads on 4 cores ...

=== Summary ===

Total reads processed:                  15,017
Reads with adapters:                    12,090 (80.5%)

== Read fate breakdown ==
Reads that were too short:              10,507 (70.0%)
Reads that were too long:                  564 (3.8%)
Reads written (passing filters):         3,946 (26.3%)

Total basepairs processed:    25,422,625 bp
Quality-trimmed:                  81,892 bp (0.3%)
Total written (filtered):      1,495,284 bp (5.9%)

=== Adapter P1bis ===

Sequence: TTCACCTCTGCCTAATCA; Type: regular 3'; Length: 18; Trimmed: 1735 times

Minimum overlap: 3
No. of allowed errors:
1-9 bp: 0; 10-18 bp: 1

Bases preceding removed adapters:
  A: 1.3%
  C: 6.0%
  G: 10.9%
  T: 80.3%
  none/other: 1.5%
WARNING:
    The adapter is preceded by 'T' extremely often.
    The provided adapter sequence could be incomplete at its 5' end.
    Ignore this warning when trimming primers.

Overview of removed sequences
length	count	expect	max.err	error counts
3	21	234.6	0	21
4	19	58.7	0	19
5	2	14.7	0	2
6	5	3.7	0	5
7	3	0.9	0	3
8	7	0.2	0	7
9	10	0.1	0	10
10	184	0.0	1	1 183
12	2	0.0	1	1 1
13	28	0.0	1	26 2
14	2	0.0	1	0 2
16	1	0.0	1	0 1
24	1	0.0	1	0 1
26	2	0.0	1	0 2
28	3	0.0	1	0 3
29	3	0.0	1	0 3
30	18	0.0	1	0 18
32	3	0.0	1	0 3
33	3	0.0	1	0 3
34	1	0.0	1	0 1
35	1	0.0	1	0 1
36	1	0.0	1	0 1
37	35	0.0	1	0 35
38	8	0.0	1	0 8
39	2	0.0	1	0 2
40	9	0.0	1	0 9
41	3	0.0	1	0 3
43	2	0.0	1	0 2
44	1	0.0	1	0 1
45	3	0.0	1	0 3
47	3	0.0	1	0 3
48	1	0.0	1	0 1
49	5	0.0	1	0 5
50	1	0.0	1	0 1
51	2	0.0	1	0 2
52	1	0.0	1	0 1
53	2	0.0	1	0 2
54	20	0.0	1	0 20
55	2	0.0	1	0 2
57	5	0.0	1	0 5
58	2	0.0	1	0 2
59	1	0.0	1	1
61	3	0.0	1	0 3
62	2	0.0	1	0 2
63	5	0.0	1	0 5
64	27	0.0	1	0 27
65	5	0.0	1	0 5
67	2	0.0	1	0 2
68	7	0.0	1	0 7
69	1	0.0	1	0 1
70	1	0.0	1	0 1
71	9	0.0	1	1 8
72	4	0.0	1	0 4
73	3	0.0	1	0 3
74	2	0.0	1	0 2
75	1	0.0	1	0 1
76	2	0.0	1	0 2
77	3	0.0	1	0 3
78	3	0.0	1	0 3
79	3	0.0	1	0 3
80	1	0.0	1	0 1
81	3	0.0	1	0 3
82	3	0.0	1	0 3
83	5	0.0	1	0 5
85	3	0.0	1	0 3
87	3	0.0	1	0 3
88	4	0.0	1	0 4
89	3	0.0	1	0 3
90	1	0.0	1	0 1
91	11	0.0	1	0 11
92	7	0.0	1	0 7
93	2	0.0	1	0 2
94	4	0.0	1	0 4
95	2	0.0	1	0 2
96	2	0.0	1	1 1
97	1	0.0	1	0 1
98	6	0.0	1	0 6
100	3	0.0	1	0 3
102	5	0.0	1	0 5
103	3	0.0	1	1 2
104	2	0.0	1	0 2
105	2	0.0	1	0 2
106	4	0.0	1	0 4
107	2	0.0	1	0 2
108	4	0.0	1	0 4
109	3	0.0	1	0 3
110	3	0.0	1	0 3
111	4	0.0	1	0 4
112	4	0.0	1	0 4
114	1	0.0	1	0 1
115	1	0.0	1	0 1
116	1	0.0	1	0 1
117	2	0.0	1	0 2
118	6	0.0	1	0 6
120	3	0.0	1	0 3
121	5	0.0	1	0 5
122	3	0.0	1	0 3
124	2	0.0	1	0 2
125	2	0.0	1	0 2
126	1	0.0	1	0 1
127	1	0.0	1	0 1
128	4	0.0	1	0 4
129	4	0.0	1	0 4
131	2	0.0	1	0 2
132	2	0.0	1	0 2
133	2	0.0	1	0 2
134	2	0.0	1	0 2
136	4	0.0	1	0 4
137	2	0.0	1	0 2
138	2	0.0	1	0 2
139	2	0.0	1	0 2
140	2	0.0	1	0 2
142	2	0.0	1	0 2
143	3	0.0	1	0 3
144	2	0.0	1	0 2
145	6	0.0	1	0 6
146	3	0.0	1	0 3
147	3	0.0	1	0 3
149	3	0.0	1	0 3
150	1	0.0	1	1
151	4	0.0	1	0 4
152	2	0.0	1	0 2
153	2	0.0	1	0 2
154	2	0.0	1	0 2
155	2	0.0	1	0 2
156	1	0.0	1	0 1
157	2	0.0	1	0 2
158	3	0.0	1	0 3
159	4	0.0	1	0 4
160	2	0.0	1	0 2
161	7	0.0	1	0 7
162	7	0.0	1	0 7
163	4	0.0	1	0 4
164	3	0.0	1	0 3
165	4	0.0	1	0 4
166	2	0.0	1	0 2
168	1	0.0	1	0 1
169	4	0.0	1	0 4
170	6	0.0	1	0 6
171	3	0.0	1	0 3
173	2	0.0	1	0 2
174	4	0.0	1	0 4
175	2	0.0	1	0 2
176	2	0.0	1	0 2
177	4	0.0	1	1 3
178	8	0.0	1	0 8
179	2	0.0	1	0 2
180	4	0.0	1	0 4
181	4	0.0	1	0 4
182	5	0.0	1	0 5
183	2	0.0	1	0 2
184	1	0.0	1	0 1
185	3	0.0	1	0 3
186	2	0.0	1	0 2
187	1	0.0	1	0 1
188	4	0.0	1	0 4
189	5	0.0	1	0 5
190	4	0.0	1	0 4
191	1	0.0	1	0 1
192	1	0.0	1	0 1
193	1	0.0	1	0 1
194	5	0.0	1	0 5
195	1	0.0	1	0 1
196	1	0.0	1	0 1
197	3	0.0	1	0 3
198	1	0.0	1	0 1
199	3	0.0	1	1 2
200	3	0.0	1	0 3
201	1	0.0	1	0 1
202	3	0.0	1	0 3
203	3	0.0	1	0 3
205	4	0.0	1	0 4
206	2	0.0	1	0 2
207	1	0.0	1	0 1
209	3	0.0	1	0 3
210	6	0.0	1	0 6
211	2	0.0	1	0 2
212	2	0.0	1	0 2
213	4	0.0	1	0 4
214	3	0.0	1	0 3
215	3	0.0	1	0 3
216	3	0.0	1	1 2
217	4	0.0	1	0 4
218	2	0.0	1	0 2
219	1	0.0	1	0 1
221	1	0.0	1	0 1
222	1	0.0	1	0 1
223	1	0.0	1	0 1
224	3	0.0	1	0 3
225	1	0.0	1	0 1
226	2	0.0	1	0 2
227	2	0.0	1	0 2
228	1	0.0	1	0 1
229	2	0.0	1	0 2
230	1	0.0	1	0 1
231	6	0.0	1	0 6
232	5	0.0	1	0 5
233	4	0.0	1	0 4
234	3	0.0	1	0 3
237	3	0.0	1	0 3
238	3	0.0	1	0 3
239	2	0.0	1	0 2
240	2	0.0	1	0 2
241	2	0.0	1	0 2
244	3	0.0	1	0 3
245	3	0.0	1	0 3
249	4	0.0	1	0 4
250	2	0.0	1	0 2
251	2	0.0	1	0 2
252	2	0.0	1	1 1
253	5	0.0	1	0 5
254	2	0.0	1	0 2
255	5	0.0	1	0 5
256	3	0.0	1	0 3
257	1	0.0	1	0 1
258	2	0.0	1	0 2
259	1	0.0	1	0 1
261	5	0.0	1	0 5
262	3	0.0	1	0 3
263	1	0.0	1	0 1
264	1	0.0	1	0 1
265	1	0.0	1	0 1
266	3	0.0	1	1 2
267	2	0.0	1	0 2
268	2	0.0	1	0 2
269	2	0.0	1	0 2
270	3	0.0	1	0 3
271	1	0.0	1	0 1
272	3	0.0	1	0 3
274	1	0.0	1	0 1
275	3	0.0	1	0 3
276	2	0.0	1	0 2
277	2	0.0	1	0 2
278	6	0.0	1	0 6
279	3	0.0	1	0 3
280	2	0.0	1	0 2
281	2	0.0	1	0 2
283	2	0.0	1	0 2
284	1	0.0	1	0 1
286	4	0.0	1	0 4
287	2	0.0	1	0 2
288	1	0.0	1	0 1
289	1	0.0	1	0 1
290	2	0.0	1	0 2
291	2	0.0	1	0 2
292	1	0.0	1	0 1
293	1	0.0	1	0 1
294	1	0.0	1	0 1
295	2	0.0	1	0 2
296	1	0.0	1	0 1
297	5	0.0	1	0 5
299	2	0.0	1	0 2
300	3	0.0	1	1 2
301	1	0.0	1	0 1
302	1	0.0	1	0 1
304	1	0.0	1	0 1
305	2	0.0	1	0 2
306	4	0.0	1	0 4
307	3	0.0	1	0 3
308	2	0.0	1	0 2
309	3	0.0	1	0 3
311	2	0.0	1	0 2
313	1	0.0	1	0 1
314	3	0.0	1	0 3
316	3	0.0	1	0 3
317	1	0.0	1	0 1
318	4	0.0	1	0 4
319	1	0.0	1	0 1
320	2	0.0	1	0 2
321	4	0.0	1	0 4
322	4	0.0	1	0 4
323	1	0.0	1	0 1
324	3	0.0	1	0 3
325	3	0.0	1	0 3
326	1	0.0	1	0 1
327	4	0.0	1	0 4
328	2	0.0	1	0 2
329	1	0.0	1	0 1
330	1	0.0	1	0 1
331	1	0.0	1	0 1
332	1	0.0	1	0 1
333	3	0.0	1	0 3
334	1	0.0	1	0 1
335	4	0.0	1	0 4
336	1	0.0	1	0 1
337	1	0.0	1	0 1
338	2	0.0	1	0 2
341	2	0.0	1	0 2
342	3	0.0	1	0 3
343	2	0.0	1	1 1
344	3	0.0	1	0 3
345	2	0.0	1	0 2
346	3	0.0	1	0 3
347	3	0.0	1	0 3
348	2	0.0	1	0 2
349	2	0.0	1	0 2
350	1	0.0	1	0 1
352	2	0.0	1	0 2
353	1	0.0	1	0 1
354	2	0.0	1	0 2
356	1	0.0	1	0 1
357	2	0.0	1	0 2
358	2	0.0	1	0 2
360	1	0.0	1	1
361	1	0.0	1	0 1
362	2	0.0	1	0 2
363	1	0.0	1	0 1
365	1	0.0	1	0 1
366	2	0.0	1	0 2
368	2	0.0	1	0 2
369	2	0.0	1	0 2
370	3	0.0	1	0 3
372	1	0.0	1	0 1
373	1	0.0	1	0 1
374	4	0.0	1	0 4
375	1	0.0	1	0 1
376	1	0.0	1	0 1
377	3	0.0	1	0 3
379	4	0.0	1	0 4
380	2	0.0	1	0 2
381	1	0.0	1	0 1
382	2	0.0	1	0 2
383	1	0.0	1	0 1
384	2	0.0	1	0 2
385	4	0.0	1	0 4
386	3	0.0	1	1 2
387	1	0.0	1	0 1
388	3	0.0	1	0 3
389	1	0.0	1	0 1
392	1	0.0	1	0 1
393	2	0.0	1	0 2
394	1	0.0	1	0 1
395	1	0.0	1	0 1
396	3	0.0	1	0 3
397	1	0.0	1	0 1
400	2	0.0	1	0 2
401	2	0.0	1	0 2
403	1	0.0	1	0 1
404	1	0.0	1	0 1
406	4	0.0	1	0 4
407	4	0.0	1	0 4
408	6	0.0	1	0 6
409	2	0.0	1	0 2
410	1	0.0	1	0 1
412	2	0.0	1	0 2
413	3	0.0	1	0 3
414	1	0.0	1	0 1
415	3	0.0	1	0 3
417	2	0.0	1	0 2
418	1	0.0	1	0 1
419	3	0.0	1	1 2
421	1	0.0	1	0 1
422	1	0.0	1	0 1
423	2	0.0	1	0 2
424	3	0.0	1	0 3
426	3	0.0	1	0 3
427	2	0.0	1	0 2
428	2	0.0	1	0 2
429	2	0.0	1	0 2
430	2	0.0	1	0 2
432	1	0.0	1	0 1
433	2	0.0	1	0 2
434	2	0.0	1	0 2
436	2	0.0	1	0 2
437	1	0.0	1	0 1
438	1	0.0	1	0 1
440	2	0.0	1	0 2
441	2	0.0	1	0 2
444	1	0.0	1	0 1
445	3	0.0	1	0 3
446	2	0.0	1	0 2
447	3	0.0	1	0 3
448	1	0.0	1	0 1
449	3	0.0	1	0 3
451	3	0.0	1	0 3
453	1	0.0	1	0 1
454	3	0.0	1	0 3
455	1	0.0	1	0 1
456	1	0.0	1	0 1
457	1	0.0	1	0 1
458	2	0.0	1	0 2
461	1	0.0	1	0 1
463	1	0.0	1	0 1
465	2	0.0	1	0 2
466	1	0.0	1	0 1
467	1	0.0	1	0 1
468	3	0.0	1	0 3
469	2	0.0	1	0 2
470	1	0.0	1	0 1
471	1	0.0	1	0 1
473	2	0.0	1	0 2
474	1	0.0	1	0 1
476	3	0.0	1	0 3
477	2	0.0	1	0 2
479	1	0.0	1	0 1
480	2	0.0	1	0 2
485	1	0.0	1	0 1
486	1	0.0	1	0 1
487	2	0.0	1	0 2
488	1	0.0	1	0 1
489	1	0.0	1	0 1
490	1	0.0	1	0 1
491	1	0.0	1	0 1
494	2	0.0	1	0 2
495	1	0.0	1	0 1
496	2	0.0	1	0 2
499	3	0.0	1	0 3
500	3	0.0	1	0 3
502	1	0.0	1	0 1
503	2	0.0	1	0 2
505	2	0.0	1	0 2
506	2	0.0	1	0 2
509	1	0.0	1	0 1
510	1	0.0	1	0 1
511	1	0.0	1	0 1
512	2	0.0	1	0 2
514	1	0.0	1	0 1
515	1	0.0	1	0 1
517	4	0.0	1	0 4
518	1	0.0	1	0 1
519	3	0.0	1	0 3
520	3	0.0	1	0 3
521	1	0.0	1	0 1
523	1	0.0	1	0 1
524	1	0.0	1	0 1
525	1	0.0	1	0 1
526	3	0.0	1	0 3
527	1	0.0	1	0 1
528	1	0.0	1	0 1
529	3	0.0	1	0 3
530	1	0.0	1	0 1
532	1	0.0	1	0 1
533	2	0.0	1	0 2
534	1	0.0	1	0 1
535	2	0.0	1	0 2
538	1	0.0	1	0 1
539	2	0.0	1	0 2
542	1	0.0	1	0 1
545	4	0.0	1	0 4
547	1	0.0	1	0 1
548	1	0.0	1	0 1
550	1	0.0	1	0 1
551	1	0.0	1	0 1
552	1	0.0	1	0 1
553	1	0.0	1	0 1
554	1	0.0	1	0 1
555	1	0.0	1	0 1
556	2	0.0	1	0 2
557	1	0.0	1	0 1
558	1	0.0	1	0 1
560	3	0.0	1	0 3
561	2	0.0	1	0 2
562	2	0.0	1	0 2
565	1	0.0	1	0 1
569	3	0.0	1	0 3
571	1	0.0	1	0 1
572	3	0.0	1	0 3
574	1	0.0	1	0 1
576	1	0.0	1	0 1
577	2	0.0	1	0 2
578	2	0.0	1	0 2
579	3	0.0	1	0 3
580	1	0.0	1	0 1
581	1	0.0	1	0 1
582	3	0.0	1	0 3
583	2	0.0	1	0 2
584	1	0.0	1	0 1
586	1	0.0	1	0 1
587	1	0.0	1	0 1
588	1	0.0	1	0 1
590	1	0.0	1	0 1
591	1	0.0	1	0 1
592	2	0.0	1	0 2
593	1	0.0	1	0 1
594	2	0.0	1	0 2
598	1	0.0	1	0 1
600	1	0.0	1	0 1
601	1	0.0	1	0 1
602	3	0.0	1	0 3
603	1	0.0	1	0 1
605	1	0.0	1	0 1
606	1	0.0	1	0 1
607	1	0.0	1	0 1
608	2	0.0	1	0 2
609	2	0.0	1	0 2
610	1	0.0	1	0 1
612	1	0.0	1	0 1
614	2	0.0	1	0 2
617	1	0.0	1	0 1
618	1	0.0	1	0 1
619	1	0.0	1	0 1
621	1	0.0	1	0 1
625	2	0.0	1	0 2
626	2	0.0	1	0 2
629	1	0.0	1	0 1
630	1	0.0	1	0 1
632	2	0.0	1	0 2
634	1	0.0	1	0 1
636	1	0.0	1	0 1
637	3	0.0	1	0 3
639	1	0.0	1	0 1
642	1	0.0	1	0 1
645	1	0.0	1	0 1
646	1	0.0	1	0 1
647	2	0.0	1	0 2
648	2	0.0	1	0 2
649	3	0.0	1	0 3
650	1	0.0	1	0 1
651	1	0.0	1	0 1
652	1	0.0	1	0 1
653	1	0.0	1	0 1
654	1	0.0	1	0 1
657	2	0.0	1	0 2
658	2	0.0	1	0 2
659	2	0.0	1	0 2
662	3	0.0	1	0 3
663	2	0.0	1	0 2
666	1	0.0	1	0 1
667	1	0.0	1	0 1
668	1	0.0	1	0 1
670	1	0.0	1	0 1
671	1	0.0	1	0 1
673	1	0.0	1	0 1
676	1	0.0	1	0 1
677	2	0.0	1	0 2
678	1	0.0	1	0 1
679	1	0.0	1	0 1
684	2	0.0	1	0 2
685	2	0.0	1	0 2
686	2	0.0	1	0 2
687	1	0.0	1	0 1
688	2	0.0	1	0 2
692	1	0.0	1	0 1
694	3	0.0	1	0 3
695	2	0.0	1	0 2
696	1	0.0	1	0 1
697	1	0.0	1	0 1
700	2	0.0	1	0 2
701	2	0.0	1	0 2
703	1	0.0	1	0 1
705	1	0.0	1	0 1
707	1	0.0	1	0 1
708	2	0.0	1	0 2
709	1	0.0	1	0 1
710	2	0.0	1	0 2
711	1	0.0	1	0 1
714	2	0.0	1	0 2
718	1	0.0	1	0 1
719	1	0.0	1	0 1
721	1	0.0	1	0 1
722	1	0.0	1	0 1
725	2	0.0	1	0 2
726	2	0.0	1	0 2
729	1	0.0	1	0 1
731	2	0.0	1	0 2
732	1	0.0	1	0 1
734	1	0.0	1	0 1
735	1	0.0	1	0 1
736	1	0.0	1	0 1
738	1	0.0	1	0 1
739	1	0.0	1	0 1
740	1	0.0	1	0 1
742	1	0.0	1	0 1
744	1	0.0	1	0 1
745	2	0.0	1	0 2
746	2	0.0	1	0 2
747	2	0.0	1	0 2
752	1	0.0	1	0 1
759	3	0.0	1	0 3
762	1	0.0	1	0 1
764	1	0.0	1	0 1
767	1	0.0	1	0 1
769	1	0.0	1	0 1
772	1	0.0	1	0 1
774	1	0.0	1	0 1
775	1	0.0	1	0 1
779	1	0.0	1	0 1
784	1	0.0	1	0 1
785	2	0.0	1	0 2
790	2	0.0	1	0 2
792	1	0.0	1	0 1
793	1	0.0	1	0 1
798	1	0.0	1	0 1
801	1	0.0	1	0 1
803	1	0.0	1	0 1
806	1	0.0	1	0 1
811	1	0.0	1	0 1
812	1	0.0	1	0 1
813	1	0.0	1	0 1
814	3	0.0	1	0 3
815	1	0.0	1	0 1
816	1	0.0	1	0 1
826	1	0.0	1	0 1
827	1	0.0	1	0 1
829	2	0.0	1	1 1
835	1	0.0	1	0 1
844	2	0.0	1	0 2
846	1	0.0	1	0 1
848	1	0.0	1	0 1
850	1	0.0	1	0 1
851	1	0.0	1	0 1
853	2	0.0	1	0 2
857	2	0.0	1	0 2
860	1	0.0	1	0 1
861	1	0.0	1	0 1
862	1	0.0	1	0 1
864	1	0.0	1	0 1
868	2	0.0	1	0 2
869	1	0.0	1	0 1
870	1	0.0	1	0 1
879	2	0.0	1	0 2
882	1	0.0	1	0 1
884	1	0.0	1	0 1
885	1	0.0	1	0 1
893	1	0.0	1	0 1
895	1	0.0	1	0 1
900	1	0.0	1	0 1
901	2	0.0	1	0 2
904	1	0.0	1	0 1
905	1	0.0	1	0 1
907	1	0.0	1	0 1
909	1	0.0	1	0 1
911	1	0.0	1	0 1
917	1	0.0	1	0 1
922	1	0.0	1	0 1
923	1	0.0	1	0 1
935	1	0.0	1	0 1
954	1	0.0	1	0 1
958	1	0.0	1	0 1
959	1	0.0	1	0 1
960	1	0.0	1	0 1
965	1	0.0	1	0 1
968	1	0.0	1	0 1
972	1	0.0	1	0 1
973	1	0.0	1	0 1
980	1	0.0	1	0 1
986	1	0.0	1	0 1
988	1	0.0	1	0 1
995	1	0.0	1	0 1
998	1	0.0	1	0 1
1000	1	0.0	1	0 1
1003	1	0.0	1	0 1
1005	1	0.0	1	0 1
1012	1	0.0	1	1
1014	1	0.0	1	0 1
1018	1	0.0	1	0 1
1030	1	0.0	1	0 1
1031	1	0.0	1	0 1
1033	1	0.0	1	0 1
1037	1	0.0	1	0 1
1040	1	0.0	1	0 1
1041	1	0.0	1	0 1
1043	1	0.0	1	0 1
1047	1	0.0	1	0 1
1054	1	0.0	1	0 1
1068	1	0.0	1	0 1
1074	1	0.0	1	0 1
1075	1	0.0	1	0 1
1079	1	0.0	1	0 1
1083	1	0.0	1	0 1
1088	1	0.0	1	0 1
1100	1	0.0	1	0 1
1110	1	0.0	1	0 1
1112	1	0.0	1	0 1
1115	1	0.0	1	0 1
1116	1	0.0	1	0 1
1145	1	0.0	1	0 1
1147	1	0.0	1	0 1
1152	1	0.0	1	0 1
1174	1	0.0	1	0 1
1178	1	0.0	1	0 1
1179	1	0.0	1	0 1
1192	1	0.0	1	0 1
1194	1	0.0	1	0 1
1199	1	0.0	1	0 1
1201	1	0.0	1	0 1
1210	1	0.0	1	1
1218	1	0.0	1	0 1
1231	1	0.0	1	0 1
1235	1	0.0	1	0 1
1250	1	0.0	1	0 1
1282	1	0.0	1	0 1
1289	1	0.0	1	0 1
1290	1	0.0	1	0 1
1306	1	0.0	1	0 1
1320	1	0.0	1	0 1
1376	1	0.0	1	0 1
1381	1	0.0	1	0 1
1422	1	0.0	1	0 1
1462	1	0.0	1	0 1
1504	1	0.0	1	0 1
1604	1	0.0	1	0 1
1628	1	0.0	1	0 1
1651	1	0.0	1	0 1
1787	1	0.0	1	0 1
1826	1	0.0	1	0 1
1841	1	0.0	1	0 1
1906	1	0.0	1	1
1936	1	0.0	1	0 1
2268	1	0.0	1	0 1
2375	1	0.0	1	0 1
3060	1	0.0	1	0 1
3220	1	0.0	1	0 1
3246	1	0.0	1	0 1
3371	1	0.0	1	0 1
3405	1	0.0	1	0 1
3491	1	0.0	1	0 1
3517	1	0.0	1	0 1
3826	1	0.0	1	0 1
3871	1	0.0	1	0 1
3880	1	0.0	1	0 1


=== Adapter P2bis ===

Sequence: AAAAAGTTGCATGGTGCTGG; Type: regular 3'; Length: 20; Trimmed: 672 times

Minimum overlap: 3
No. of allowed errors:
1-9 bp: 0; 10-19 bp: 1; 20 bp: 2

Bases preceding removed adapters:
  A: 0.3%
  C: 0.9%
  G: 56.2%
  T: 5.2%
  none/other: 37.4%

Overview of removed sequences
length	count	expect	max.err	error counts
3	20	234.6	0	20
4	14	58.7	0	14
5	97	14.7	0	97
6	12	3.7	0	12
7	10	0.9	0	10
8	15	0.2	0	15
9	7	0.1	0	7
10	9	0.0	1	8 1
11	3	0.0	1	2 1
12	65	0.0	1	59 6
13	20	0.0	1	16 4
14	5	0.0	1	3 2
15	12	0.0	1	2 10
16	6	0.0	1	0 6
17	1	0.0	1	0 1
18	1	0.0	1	1
20	2	0.0	2	0 0 2
22	1	0.0	2	0 0 1
26	1	0.0	2	0 1
31	1	0.0	2	0 1
32	1	0.0	2	0 1
34	3	0.0	2	1 2
35	1	0.0	2	1
36	2	0.0	2	1 1
45	1	0.0	2	1
51	1	0.0	2	0 0 1
73	1	0.0	2	0 0 1
82	1	0.0	2	0 0 1
84	1	0.0	2	0 0 1
94	1	0.0	2	0 0 1
103	4	0.0	2	1 0 3
104	1	0.0	2	0 1
105	1	0.0	2	0 0 1
107	3	0.0	2	2 1
108	3	0.0	2	0 3
109	1	0.0	2	0 1
110	1	0.0	2	0 0 1
122	1	0.0	2	0 0 1
134	1	0.0	2	0 0 1
135	2	0.0	2	1 1
136	1	0.0	2	1
140	1	0.0	2	0 0 1
144	1	0.0	2	0 0 1
149	1	0.0	2	1
151	1	0.0	2	0 0 1
168	1	0.0	2	1
174	1	0.0	2	1
178	1	0.0	2	1
179	1	0.0	2	0 1
180	1	0.0	2	0 0 1
182	1	0.0	2	1
184	3	0.0	2	0 2 1
185	1	0.0	2	1
190	1	0.0	2	0 1
193	1	0.0	2	0 0 1
194	1	0.0	2	0 0 1
195	1	0.0	2	0 1
196	1	0.0	2	1
197	2	0.0	2	1 0 1
208	1	0.0	2	0 0 1
214	1	0.0	2	0 0 1
219	1	0.0	2	0 0 1
225	2	0.0	2	0 0 2
230	1	0.0	2	0 0 1
231	1	0.0	2	0 1
232	1	0.0	2	0 1
233	1	0.0	2	0 1
234	1	0.0	2	1
235	2	0.0	2	2
236	3	0.0	2	1 1 1
237	2	0.0	2	1 1
238	2	0.0	2	0 2
239	2	0.0	2	1 0 1
241	2	0.0	2	0 2
243	1	0.0	2	0 0 1
246	2	0.0	2	0 1 1
247	1	0.0	2	0 0 1
248	3	0.0	2	1 1 1
250	3	0.0	2	0 2 1
251	1	0.0	2	0 0 1
254	1	0.0	2	0 1
255	1	0.0	2	0 0 1
258	2	0.0	2	0 1 1
259	1	0.0	2	0 0 1
260	1	0.0	2	0 0 1
262	1	0.0	2	0 0 1
263	2	0.0	2	0 1 1
265	1	0.0	2	0 1
266	1	0.0	2	0 0 1
267	1	0.0	2	1
269	1	0.0	2	1
271	3	0.0	2	0 2 1
274	1	0.0	2	1
280	1	0.0	2	0 0 1
281	2	0.0	2	0 1 1
282	1	0.0	2	1
283	2	0.0	2	0 1 1
284	1	0.0	2	0 1
286	2	0.0	2	0 1 1
287	2	0.0	2	1 1
288	2	0.0	2	1 0 1
289	1	0.0	2	0 0 1
291	1	0.0	2	1
292	1	0.0	2	1
294	1	0.0	2	0 1
299	1	0.0	2	0 1
300	1	0.0	2	0 1
307	1	0.0	2	0 1
308	2	0.0	2	0 2
310	1	0.0	2	0 0 1
313	2	0.0	2	0 1 1
317	2	0.0	2	1 0 1
319	1	0.0	2	0 0 1
320	1	0.0	2	1
325	2	0.0	2	1 1
333	1	0.0	2	0 0 1
334	1	0.0	2	1
335	1	0.0	2	0 1
340	2	0.0	2	1 1
342	1	0.0	2	0 1
347	1	0.0	2	0 0 1
363	1	0.0	2	1
364	1	0.0	2	0 1
372	1	0.0	2	1
375	1	0.0	2	0 0 1
377	1	0.0	2	0 1
382	1	0.0	2	0 0 1
384	1	0.0	2	1
385	1	0.0	2	0 1
390	1	0.0	2	1
391	1	0.0	2	0 0 1
394	2	0.0	2	1 1
397	1	0.0	2	1
398	1	0.0	2	0 1
401	1	0.0	2	0 0 1
404	1	0.0	2	1
410	1	0.0	2	1
412	1	0.0	2	0 1
416	1	0.0	2	0 1
417	1	0.0	2	1
418	1	0.0	2	0 1
424	1	0.0	2	1
427	1	0.0	2	1
434	1	0.0	2	0 0 1
438	1	0.0	2	0 1
440	1	0.0	2	0 0 1
443	1	0.0	2	1
450	1	0.0	2	0 1
451	1	0.0	2	0 1
455	2	0.0	2	1 1
456	2	0.0	2	1 1
463	1	0.0	2	0 0 1
466	1	0.0	2	0 1
468	1	0.0	2	1
472	1	0.0	2	0 1
480	1	0.0	2	0 0 1
484	1	0.0	2	1
488	1	0.0	2	1
493	1	0.0	2	1
497	1	0.0	2	1
504	1	0.0	2	1
510	2	0.0	2	1 0 1
512	1	0.0	2	1
526	1	0.0	2	1
528	1	0.0	2	0 0 1
533	1	0.0	2	0 1
538	1	0.0	2	1
541	1	0.0	2	0 1
542	1	0.0	2	1
556	1	0.0	2	1
559	1	0.0	2	0 0 1
567	1	0.0	2	1
570	1	0.0	2	0 1
575	3	0.0	2	2 1
578	2	0.0	2	2
590	1	0.0	2	1
595	1	0.0	2	0 1
599	1	0.0	2	1
614	1	0.0	2	1
618	1	0.0	2	0 1
619	1	0.0	2	1
632	1	0.0	2	1
634	1	0.0	2	1
639	1	0.0	2	0 1
643	1	0.0	2	0 0 1
652	1	0.0	2	0 0 1
657	1	0.0	2	1
664	1	0.0	2	1
667	1	0.0	2	1
672	1	0.0	2	0 0 1
677	1	0.0	2	0 1
681	1	0.0	2	0 1
692	1	0.0	2	0 0 1
713	1	0.0	2	1
717	1	0.0	2	1
722	1	0.0	2	0 1
743	1	0.0	2	0 1
746	1	0.0	2	0 0 1
754	1	0.0	2	1
756	1	0.0	2	1
758	1	0.0	2	0 1
762	1	0.0	2	0 1
764	1	0.0	2	0 1
779	1	0.0	2	0 1
785	1	0.0	2	0 1
792	1	0.0	2	1
793	1	0.0	2	0 1
803	1	0.0	2	1
812	1	0.0	2	1
816	1	0.0	2	1
818	1	0.0	2	0 1
842	1	0.0	2	1
858	2	0.0	2	1 1
882	1	0.0	2	1
894	1	0.0	2	1
905	1	0.0	2	0 0 1
929	1	0.0	2	1
965	1	0.0	2	1
999	1	0.0	2	0 1
1020	1	0.0	2	1
1041	1	0.0	2	0 1
1043	1	0.0	2	1
1058	1	0.0	2	1
1108	1	0.0	2	1
1147	1	0.0	2	0 1
1167	1	0.0	2	1
1177	1	0.0	2	0 1
1213	1	0.0	2	1
1277	1	0.0	2	1
1304	1	0.0	2	0 0 1
1366	1	0.0	2	0 1
1391	1	0.0	2	1
1501	1	0.0	2	0 1
1509	1	0.0	2	0 0 1
1522	1	0.0	2	0 0 1
1582	1	0.0	2	0 0 1
1594	1	0.0	2	0 1
1614	1	0.0	2	0 1
1632	1	0.0	2	1
1698	1	0.0	2	1
1728	1	0.0	2	1
1827	1	0.0	2	1
1838	1	0.0	2	1
1841	1	0.0	2	1
1848	2	0.0	2	2
1852	1	0.0	2	1
2131	1	0.0	2	1
2347	1	0.0	2	1
2618	1	0.0	2	1
2826	1	0.0	2	0 1
2914	1	0.0	2	1
2958	1	0.0	2	0 1
3052	1	0.0	2	1
3134	1	0.0	2	0 0 1
3153	1	0.0	2	1
3164	1	0.0	2	1
3165	2	0.0	2	1 1
3177	1	0.0	2	0 0 1
3178	1	0.0	2	0 1
3180	1	0.0	2	0 1
3181	1	0.0	2	0 1
3182	1	0.0	2	0 0 1
3183	1	0.0	2	1
3184	2	0.0	2	1 1
3187	1	0.0	2	0 1
3190	1	0.0	2	1
3191	1	0.0	2	0 1
3193	2	0.0	2	1 1
3200	1	0.0	2	0 1
3201	3	0.0	2	1 1 1
3202	1	0.0	2	1
3204	1	0.0	2	0 1
3206	3	0.0	2	2 1
3207	1	0.0	2	0 1
3208	2	0.0	2	0 2
3209	2	0.0	2	1 1
3211	1	0.0	2	0 1
3212	1	0.0	2	0 1
3213	3	0.0	2	2 0 1
3214	2	0.0	2	0 1 1
3216	2	0.0	2	0 2
3217	3	0.0	2	2 0 1
3228	1	0.0	2	0 0 1
3254	1	0.0	2	1
3282	1	0.0	2	1
3304	1	0.0	2	1
3370	1	0.0	2	1
3388	1	0.0	2	0 1
3432	1	0.0	2	0 1
3457	1	0.0	2	1
3484	1	0.0	2	0 0 1
3498	1	0.0	2	0 1
3538	1	0.0	2	1
3546	1	0.0	2	1
3572	1	0.0	2	0 1
3650	1	0.0	2	1
3671	1	0.0	2	1
3690	1	0.0	2	0 0 1
3725	1	0.0	2	0 0 1
3731	1	0.0	2	0 1
3734	1	0.0	2	1
3741	1	0.0	2	0 0 1
3757	1	0.0	2	1
3806	1	0.0	2	0 1
3835	1	0.0	2	1
3858	1	0.0	2	1
3888	1	0.0	2	1
3891	1	0.0	2	1
3896	1	0.0	2	0 1
3931	1	0.0	2	1
3941	1	0.0	2	1
4088	1	0.0	2	0 1
4134	1	0.0	2	1
4159	1	0.0	2	0 0 1
4253	1	0.0	2	1
4598	1	0.0	2	1
4641	1	0.0	2	0 1
4913	1	0.0	2	1
5058	1	0.0	2	0 1
5070	1	0.0	2	1
6135	1	0.0	2	0 0 1
6310	1	0.0	2	0 0 1
6358	1	0.0	2	1
6732	1	0.0	2	1
6811	1	0.0	2	0 1


=== Adapter P0303 ===

Sequence: GCCTCCAAGCTGTGCCTT; Type: regular 3'; Length: 18; Trimmed: 2938 times

Minimum overlap: 3
No. of allowed errors:
1-9 bp: 0; 10-18 bp: 1

Bases preceding removed adapters:
  A: 99.5%
  C: 0.1%
  G: 0.2%
  T: 0.1%
  none/other: 0.0%
WARNING:
    The adapter is preceded by 'A' extremely often.
    The provided adapter sequence could be incomplete at its 5' end.
    Ignore this warning when trimming primers.

Overview of removed sequences
length	count	expect	max.err	error counts
3	7	234.6	0	7
4	3	58.7	0	3
5	1	14.7	0	1
10	3	0.0	1	3
18	3	0.0	1	3
23	1	0.0	1	1
28	2	0.0	1	2
42	1	0.0	1	1
53	1	0.0	1	1
59	1	0.0	1	0 1
63	1	0.0	1	1
68	1	0.0	1	1
70	1	0.0	1	1
71	4	0.0	1	4
78	1	0.0	1	1
97	1	0.0	1	1
106	1	0.0	1	1
133	1	0.0	1	1
134	1	0.0	1	1
164	1	0.0	1	1
167	1	0.0	1	1
168	1	0.0	1	1
170	1	0.0	1	1
175	1	0.0	1	1
177	1	0.0	1	1
181	1	0.0	1	1
188	1	0.0	1	1
198	1	0.0	1	1
199	3	0.0	1	3
201	1	0.0	1	1
202	1	0.0	1	1
204	3	0.0	1	3
205	3	0.0	1	3
206	5	0.0	1	5
207	3	0.0	1	3
208	2	0.0	1	2
210	2	0.0	1	2
212	1	0.0	1	1
234	1	0.0	1	1
242	1	0.0	1	1
245	3	0.0	1	3
246	2	0.0	1	2
300	1	0.0	1	1
302	1	0.0	1	1
310	2	0.0	1	2
311	1	0.0	1	1
312	1	0.0	1	1
314	1	0.0	1	1
318	1	0.0	1	1
326	1	0.0	1	1
335	1	0.0	1	1
339	1	0.0	1	1
347	1	0.0	1	1
354	2	0.0	1	2
365	1	0.0	1	1
383	2	0.0	1	2
385	2	0.0	1	2
389	1	0.0	1	1
401	1	0.0	1	1
402	1	0.0	1	1
403	1	0.0	1	1
413	1	0.0	1	1
414	3	0.0	1	3
417	1	0.0	1	1
418	1	0.0	1	1
420	1	0.0	1	1
421	1	0.0	1	1
422	1	0.0	1	1
423	1	0.0	1	1
431	1	0.0	1	1
433	1	0.0	1	1
436	1	0.0	1	1
442	2	0.0	1	2
460	1	0.0	1	1
462	1	0.0	1	1
464	1	0.0	1	1
471	1	0.0	1	1
513	1	0.0	1	1
542	1	0.0	1	1
544	3	0.0	1	3
548	1	0.0	1	1
552	1	0.0	1	1
560	1	0.0	1	1
563	1	0.0	1	1
573	1	0.0	1	1
591	1	0.0	1	1
602	1	0.0	1	1
608	1	0.0	1	1
612	1	0.0	1	1
614	1	0.0	1	0 1
618	1	0.0	1	1
640	1	0.0	1	1
662	1	0.0	1	1
664	1	0.0	1	1
670	1	0.0	1	1
671	2	0.0	1	1 1
687	1	0.0	1	1
715	1	0.0	1	1
716	1	0.0	1	1
730	1	0.0	1	1
733	1	0.0	1	1
736	1	0.0	1	1
737	1	0.0	1	1
739	1	0.0	1	1
745	1	0.0	1	1
747	1	0.0	1	1
749	1	0.0	1	1
767	2	0.0	1	2
768	2	0.0	1	2
770	3	0.0	1	3
772	1	0.0	1	1
785	1	0.0	1	1
787	2	0.0	1	2
789	1	0.0	1	1
794	1	0.0	1	1
795	1	0.0	1	1
796	1	0.0	1	1
797	1	0.0	1	1
830	1	0.0	1	1
833	1	0.0	1	1
834	1	0.0	1	1
839	1	0.0	1	1
843	1	0.0	1	1
845	1	0.0	1	1
849	1	0.0	1	1
850	1	0.0	1	1
851	1	0.0	1	1
854	3	0.0	1	3
857	1	0.0	1	1
859	1	0.0	1	1
860	1	0.0	1	1
862	1	0.0	1	1
863	1	0.0	1	1
876	1	0.0	1	1
894	1	0.0	1	1
917	1	0.0	1	1
919	2	0.0	1	2
921	1	0.0	1	1
924	2	0.0	1	2
925	1	0.0	1	1
931	1	0.0	1	1
946	2	0.0	1	2
950	1	0.0	1	1
956	1	0.0	1	1
957	1	0.0	1	1
958	1	0.0	1	0 1
961	2	0.0	1	2
963	2	0.0	1	2
967	2	0.0	1	2
968	3	0.0	1	3
969	1	0.0	1	1
972	1	0.0	1	1
973	1	0.0	1	1
978	1	0.0	1	1
979	2	0.0	1	2
981	1	0.0	1	1
987	1	0.0	1	1
988	1	0.0	1	1
989	2	0.0	1	2
992	1	0.0	1	1
999	1	0.0	1	1
1026	1	0.0	1	1
1028	1	0.0	1	1
1030	1	0.0	1	1
1034	2	0.0	1	2
1035	1	0.0	1	1
1037	2	0.0	1	2
1038	1	0.0	1	1
1039	1	0.0	1	1
1040	1	0.0	1	1
1041	1	0.0	1	1
1046	1	0.0	1	1
1052	1	0.0	1	1
1063	1	0.0	1	1
1065	1	0.0	1	1
1073	2	0.0	1	2
1077	1	0.0	1	1
1079	1	0.0	1	1
1081	1	0.0	1	1
1082	1	0.0	1	1
1087	1	0.0	1	1
1088	1	0.0	1	1
1092	1	0.0	1	1
1100	1	0.0	1	1
1101	1	0.0	1	1
1137	1	0.0	1	1
1174	1	0.0	1	1
1196	1	0.0	1	1
1200	1	0.0	1	1
1201	2	0.0	1	2
1204	1	0.0	1	1
1282	1	0.0	1	1
1286	1	0.0	1	1
1316	1	0.0	1	1
1337	1	0.0	1	1
1340	1	0.0	1	1
1342	1	0.0	1	1
1356	1	0.0	1	1
1358	1	0.0	1	1
1365	1	0.0	1	1
1375	1	0.0	1	1
1385	1	0.0	1	1
1387	1	0.0	1	1
1391	1	0.0	1	1
1394	1	0.0	1	1
1397	1	0.0	1	1
1399	1	0.0	1	1
1402	1	0.0	1	1
1410	1	0.0	1	1
1412	1	0.0	1	1
1432	1	0.0	1	1
1440	1	0.0	1	1
1447	1	0.0	1	1
1465	1	0.0	1	1
1478	1	0.0	1	1
1479	1	0.0	1	1
1482	1	0.0	1	1
1485	1	0.0	1	1
1495	1	0.0	1	1
1513	1	0.0	1	1
1525	1	0.0	1	0 1
1532	1	0.0	1	1
1533	2	0.0	1	2
1539	1	0.0	1	1
1557	1	0.0	1	1
1571	1	0.0	1	1
1580	1	0.0	1	1
1618	1	0.0	1	1
1623	1	0.0	1	1
1629	1	0.0	1	1
1632	1	0.0	1	1
1634	3	0.0	1	3
1637	2	0.0	1	2
1638	1	0.0	1	1
1639	2	0.0	1	2
1643	1	0.0	1	1
1647	1	0.0	1	1
1648	1	0.0	1	1
1652	1	0.0	1	1
1653	1	0.0	1	1
1681	1	0.0	1	1
1706	1	0.0	1	1
1716	2	0.0	1	2
1718	1	0.0	1	1
1726	1	0.0	1	1
1802	1	0.0	1	1
1813	1	0.0	1	1
1841	1	0.0	1	1
1843	1	0.0	1	1
1870	1	0.0	1	1
1874	1	0.0	1	1
1904	1	0.0	1	1
1911	1	0.0	1	1
1913	1	0.0	1	1
1945	1	0.0	1	1
1964	1	0.0	1	1
1981	1	0.0	1	1
1983	1	0.0	1	1
2030	1	0.0	1	1
2052	1	0.0	1	1
2055	1	0.0	1	1
2063	1	0.0	1	1
2067	1	0.0	1	1
2074	1	0.0	1	1
2089	1	0.0	1	1
2092	1	0.0	1	1
2102	1	0.0	1	1
2150	1	0.0	1	1
2173	1	0.0	1	1
2177	1	0.0	1	1
2190	1	0.0	1	0 1
2233	1	0.0	1	1
2240	1	0.0	1	1
2243	1	0.0	1	1
2247	1	0.0	1	1
2267	1	0.0	1	1
2304	1	0.0	1	1
2318	1	0.0	1	1
2332	1	0.0	1	1
2342	1	0.0	1	1
2344	3	0.0	1	3
2345	1	0.0	1	1
2348	1	0.0	1	1
2351	1	0.0	1	1
2358	1	0.0	1	1
2369	1	0.0	1	1
2389	1	0.0	1	1
2392	1	0.0	1	1
2405	1	0.0	1	1
2416	1	0.0	1	1
2453	2	0.0	1	2
2478	1	0.0	1	0 1
2491	1	0.0	1	1
2494	1	0.0	1	0 1
2515	1	0.0	1	1
2526	1	0.0	1	1
2544	1	0.0	1	1
2545	1	0.0	1	1
2551	1	0.0	1	1
2575	1	0.0	1	1
2582	1	0.0	1	1
2583	1	0.0	1	1
2584	1	0.0	1	1
2595	1	0.0	1	1
2621	2	0.0	1	2
2633	1	0.0	1	1
2672	1	0.0	1	1
2677	1	0.0	1	1
2678	1	0.0	1	1
2697	1	0.0	1	1
2705	1	0.0	1	1
2714	1	0.0	1	1
2717	1	0.0	1	1
2722	1	0.0	1	1
2727	1	0.0	1	1
2745	1	0.0	1	1
2754	1	0.0	1	1
2757	1	0.0	1	1
2762	1	0.0	1	1
2768	1	0.0	1	1
2769	1	0.0	1	1
2774	1	0.0	1	1
2782	1	0.0	1	1
2784	1	0.0	1	1
2790	1	0.0	1	1
2803	1	0.0	1	1
2804	1	0.0	1	1
2805	1	0.0	1	1
2829	1	0.0	1	1
2844	1	0.0	1	1
2848	1	0.0	1	1
2852	1	0.0	1	1
2853	1	0.0	1	1
2854	2	0.0	1	2
2856	1	0.0	1	1
2871	1	0.0	1	1
2877	1	0.0	1	1
2878	2	0.0	1	2
2880	1	0.0	1	1
2881	1	0.0	1	1
2882	2	0.0	1	2
2884	2	0.0	1	2
2885	1	0.0	1	1
2886	2	0.0	1	1 1
2887	1	0.0	1	1
2888	3	0.0	1	2 1
2889	2	0.0	1	2
2890	5	0.0	1	5
2891	7	0.0	1	7
2892	4	0.0	1	4
2893	6	0.0	1	6
2894	2	0.0	1	2
2895	8	0.0	1	8
2896	7	0.0	1	7
2897	5	0.0	1	4 1
2898	5	0.0	1	5
2899	3	0.0	1	3
2900	3	0.0	1	3
2901	2	0.0	1	2
2902	1	0.0	1	1
2903	1	0.0	1	1
2905	1	0.0	1	1
2910	1	0.0	1	1
2916	2	0.0	1	2
2917	1	0.0	1	1
2918	1	0.0	1	1
2922	2	0.0	1	2
2927	1	0.0	1	1
2928	1	0.0	1	1
2929	1	0.0	1	1
2930	1	0.0	1	1
2934	1	0.0	1	1
2940	1	0.0	1	1
2943	2	0.0	1	1 1
2944	1	0.0	1	1
2946	2	0.0	1	2
2949	1	0.0	1	1
2950	1	0.0	1	1
2953	1	0.0	1	1
2955	1	0.0	1	1
2956	1	0.0	1	1
2957	1	0.0	1	1
2958	1	0.0	1	1
2959	1	0.0	1	1
2960	2	0.0	1	2
2961	2	0.0	1	1 1
2962	2	0.0	1	2
2963	1	0.0	1	1
2964	3	0.0	1	3
2967	1	0.0	1	1
2968	1	0.0	1	1
2969	2	0.0	1	2
2970	3	0.0	1	3
2971	3	0.0	1	3
2972	5	0.0	1	5
2973	2	0.0	1	2
2974	5	0.0	1	5
2975	1	0.0	1	1
2976	5	0.0	1	5
2977	2	0.0	1	2
2978	3	0.0	1	3
2979	1	0.0	1	1
2984	2	0.0	1	2
2985	2	0.0	1	2
2986	1	0.0	1	0 1
2987	1	0.0	1	1
2988	2	0.0	1	2
2989	1	0.0	1	1
2990	2	0.0	1	2
2992	2	0.0	1	2
2993	3	0.0	1	2 1
2995	2	0.0	1	2
2996	1	0.0	1	1
2997	1	0.0	1	1
2998	1	0.0	1	1
2999	1	0.0	1	1
3000	2	0.0	1	2
3001	3	0.0	1	3
3003	1	0.0	1	1
3005	4	0.0	1	4
3008	1	0.0	1	1
3011	1	0.0	1	1
3012	1	0.0	1	1
3013	2	0.0	1	2
3014	1	0.0	1	1
3017	1	0.0	1	1
3018	1	0.0	1	1
3019	1	0.0	1	1
3020	3	0.0	1	2 1
3023	1	0.0	1	1
3025	1	0.0	1	1
3026	2	0.0	1	1 1
3029	1	0.0	1	1
3032	1	0.0	1	1
3033	1	0.0	1	1
3034	1	0.0	1	1
3040	2	0.0	1	2
3041	1	0.0	1	1
3044	1	0.0	1	1
3046	1	0.0	1	1
3051	1	0.0	1	1
3052	2	0.0	1	2
3053	1	0.0	1	1
3055	2	0.0	1	2
3057	1	0.0	1	0 1
3058	1	0.0	1	1
3060	1	0.0	1	1
3065	1	0.0	1	1
3067	1	0.0	1	1
3068	2	0.0	1	2
3069	1	0.0	1	1
3071	3	0.0	1	3
3073	1	0.0	1	1
3074	1	0.0	1	1
3076	3	0.0	1	3
3077	1	0.0	1	1
3078	1	0.0	1	1
3079	1	0.0	1	1
3080	2	0.0	1	2
3081	1	0.0	1	1
3083	1	0.0	1	1
3084	1	0.0	1	1
3086	1	0.0	1	1
3087	1	0.0	1	1
3088	2	0.0	1	2
3090	1	0.0	1	1
3092	2	0.0	1	2
3093	3	0.0	1	3
3094	1	0.0	1	1
3095	1	0.0	1	0 1
3097	2	0.0	1	2
3098	1	0.0	1	1
3099	1	0.0	1	1
3100	2	0.0	1	2
3101	1	0.0	1	1
3102	2	0.0	1	2
3103	1	0.0	1	1
3104	1	0.0	1	1
3105	3	0.0	1	2 1
3107	2	0.0	1	2
3108	3	0.0	1	2 1
3109	3	0.0	1	3
3110	1	0.0	1	1
3111	6	0.0	1	6
3112	5	0.0	1	5
3113	6	0.0	1	6
3114	4	0.0	1	4
3115	5	0.0	1	5
3116	7	0.0	1	7
3117	10	0.0	1	9 1
3118	6	0.0	1	6
3119	8	0.0	1	8
3120	3	0.0	1	3
3121	16	0.0	1	15 1
3122	13	0.0	1	12 1
3123	8	0.0	1	8
3124	6	0.0	1	6
3125	5	0.0	1	5
3126	8	0.0	1	8
3127	1	0.0	1	1
3128	8	0.0	1	7 1
3129	6	0.0	1	6
3130	7	0.0	1	7
3131	3	0.0	1	3
3132	2	0.0	1	2
3133	3	0.0	1	3
3134	3	0.0	1	3
3135	1	0.0	1	1
3136	2	0.0	1	2
3137	2	0.0	1	2
3138	1	0.0	1	1
3139	3	0.0	1	3
3140	2	0.0	1	2
3141	6	0.0	1	6
3142	6	0.0	1	5 1
3143	4	0.0	1	4
3144	6	0.0	1	6
3145	4	0.0	1	4
3146	4	0.0	1	4
3147	4	0.0	1	4
3148	5	0.0	1	4 1
3149	12	0.0	1	12
3150	7	0.0	1	6 1
3151	6	0.0	1	6
3152	12	0.0	1	12
3153	10	0.0	1	10
3154	9	0.0	1	9
3155	23	0.0	1	22 1
3156	20	0.0	1	20
3157	21	0.0	1	21
3158	20	0.0	1	20
3159	26	0.0	1	25 1
3160	27	0.0	1	25 2
3161	34	0.0	1	33 1
3162	34	0.0	1	34
3163	42	0.0	1	41 1
3164	35	0.0	1	35
3165	49	0.0	1	48 1
3166	55	0.0	1	55
3167	72	0.0	1	70 2
3168	76	0.0	1	76
3169	83	0.0	1	79 4
3170	100	0.0	1	100
3171	106	0.0	1	104 2
3172	106	0.0	1	104 2
3173	97	0.0	1	95 2
3174	88	0.0	1	87 1
3175	90	0.0	1	87 3
3176	83	0.0	1	81 2
3177	42	0.0	1	41 1
3178	37	0.0	1	35 2
3179	21	0.0	1	21
3180	19	0.0	1	19
3181	15	0.0	1	15
3182	12	0.0	1	12
3183	5	0.0	1	5
3184	14	0.0	1	14
3185	9	0.0	1	8 1
3186	1	0.0	1	1
3187	4	0.0	1	3 1
3188	1	0.0	1	1
3189	4	0.0	1	3 1
3190	3	0.0	1	3
3191	1	0.0	1	1
3192	2	0.0	1	2
3193	1	0.0	1	1
3194	3	0.0	1	3
3195	1	0.0	1	1
3196	3	0.0	1	3
3197	1	0.0	1	1
3198	4	0.0	1	4
3199	6	0.0	1	5 1
3200	2	0.0	1	2
3201	2	0.0	1	2
3202	6	0.0	1	6
3203	1	0.0	1	1
3204	3	0.0	1	3
3205	2	0.0	1	2
3206	7	0.0	1	7
3207	7	0.0	1	7
3208	2	0.0	1	2
3209	2	0.0	1	2
3210	2	0.0	1	2
3212	1	0.0	1	1
3213	1	0.0	1	1
3214	2	0.0	1	2
3215	1	0.0	1	1
3216	2	0.0	1	2
3217	4	0.0	1	4
3219	1	0.0	1	1
3220	1	0.0	1	1
3223	2	0.0	1	2
3224	1	0.0	1	1
3226	4	0.0	1	4
3227	1	0.0	1	1
3230	1	0.0	1	1
3232	1	0.0	1	1
3233	1	0.0	1	1
3234	1	0.0	1	1
3235	2	0.0	1	2
3236	1	0.0	1	1
3237	2	0.0	1	2
3240	1	0.0	1	1
3241	1	0.0	1	1
3242	3	0.0	1	3
3243	1	0.0	1	1
3244	1	0.0	1	1
3245	1	0.0	1	1
3247	2	0.0	1	2
3248	1	0.0	1	1
3249	1	0.0	1	1
3250	1	0.0	1	1
3253	1	0.0	1	1
3254	1	0.0	1	1
3255	1	0.0	1	1
3257	3	0.0	1	3
3263	2	0.0	1	2
3264	1	0.0	1	1
3266	2	0.0	1	2
3267	1	0.0	1	1
3268	1	0.0	1	1
3269	1	0.0	1	1
3270	1	0.0	1	1
3271	2	0.0	1	2
3272	2	0.0	1	2
3273	3	0.0	1	3
3276	1	0.0	1	1
3277	3	0.0	1	3
3278	1	0.0	1	1
3279	5	0.0	1	5
3281	1	0.0	1	1
3282	3	0.0	1	3
3283	2	0.0	1	2
3285	1	0.0	1	1
3289	1	0.0	1	1
3291	1	0.0	1	1
3293	2	0.0	1	2
3294	1	0.0	1	1
3296	1	0.0	1	1
3297	2	0.0	1	2
3304	1	0.0	1	1
3305	1	0.0	1	1
3306	3	0.0	1	3
3309	2	0.0	1	2
3313	1	0.0	1	1
3316	2	0.0	1	2
3318	2	0.0	1	2
3319	1	0.0	1	1
3320	2	0.0	1	2
3322	1	0.0	1	1
3323	1	0.0	1	1
3328	2	0.0	1	2
3329	1	0.0	1	1
3332	2	0.0	1	2
3335	1	0.0	1	1
3336	1	0.0	1	1
3337	1	0.0	1	1
3338	1	0.0	1	1
3339	2	0.0	1	2
3340	1	0.0	1	1
3342	1	0.0	1	1
3343	1	0.0	1	1
3344	1	0.0	1	1
3349	1	0.0	1	1
3351	2	0.0	1	2
3353	1	0.0	1	1
3355	3	0.0	1	3
3357	2	0.0	1	2
3358	1	0.0	1	1
3360	1	0.0	1	1
3362	2	0.0	1	2
3363	1	0.0	1	1
3366	2	0.0	1	2
3367	2	0.0	1	2
3368	2	0.0	1	2
3371	1	0.0	1	1
3372	2	0.0	1	2
3374	2	0.0	1	2
3380	2	0.0	1	2
3382	1	0.0	1	1
3384	1	0.0	1	1
3385	3	0.0	1	3
3392	1	0.0	1	1
3394	1	0.0	1	1
3403	1	0.0	1	1
3405	2	0.0	1	2
3407	1	0.0	1	1
3408	2	0.0	1	1 1
3411	2	0.0	1	2
3413	1	0.0	1	1
3416	1	0.0	1	1
3417	2	0.0	1	2
3418	1	0.0	1	1
3420	1	0.0	1	1
3421	1	0.0	1	1
3424	1	0.0	1	1
3425	1	0.0	1	1
3426	1	0.0	1	1
3430	1	0.0	1	1
3431	2	0.0	1	2
3432	4	0.0	1	4
3433	3	0.0	1	2 1
3434	1	0.0	1	1
3437	1	0.0	1	1
3438	1	0.0	1	1
3441	1	0.0	1	1
3443	1	0.0	1	1
3444	2	0.0	1	2
3446	1	0.0	1	1
3451	1	0.0	1	1
3453	2	0.0	1	2
3454	2	0.0	1	2
3455	2	0.0	1	2
3456	1	0.0	1	1
3458	1	0.0	1	1
3459	1	0.0	1	1
3460	2	0.0	1	2
3461	1	0.0	1	1
3462	1	0.0	1	1
3464	1	0.0	1	1
3468	1	0.0	1	1
3470	1	0.0	1	1
3471	1	0.0	1	1
3473	1	0.0	1	1
3474	1	0.0	1	1
3476	1	0.0	1	1
3478	1	0.0	1	1
3480	1	0.0	1	1
3486	1	0.0	1	1
3488	1	0.0	1	1
3497	1	0.0	1	1
3507	1	0.0	1	1
3509	2	0.0	1	2
3510	3	0.0	1	3
3511	1	0.0	1	1
3512	1	0.0	1	1
3513	1	0.0	1	1
3514	1	0.0	1	1
3518	1	0.0	1	1
3519	2	0.0	1	2
3522	1	0.0	1	1
3523	1	0.0	1	1
3530	1	0.0	1	1
3533	1	0.0	1	1
3536	2	0.0	1	2
3538	1	0.0	1	1
3539	1	0.0	1	1
3541	1	0.0	1	1
3543	1	0.0	1	1
3544	1	0.0	1	1
3546	2	0.0	1	2
3551	1	0.0	1	1
3552	1	0.0	1	1
3555	1	0.0	1	1
3560	1	0.0	1	1
3565	1	0.0	1	1
3574	1	0.0	1	1
3575	1	0.0	1	1
3579	1	0.0	1	1
3582	1	0.0	1	1
3584	1	0.0	1	1
3588	1	0.0	1	1
3598	1	0.0	1	1
3602	1	0.0	1	1
3606	1	0.0	1	1
3607	1	0.0	1	1
3617	1	0.0	1	1
3621	1	0.0	1	1
3625	2	0.0	1	2
3632	2	0.0	1	2
3641	1	0.0	1	1
3651	2	0.0	1	2
3652	1	0.0	1	1
3655	2	0.0	1	2
3660	1	0.0	1	1
3663	1	0.0	1	1
3665	1	0.0	1	1
3682	2	0.0	1	2
3685	1	0.0	1	1
3686	1	0.0	1	1
3687	1	0.0	1	1
3691	1	0.0	1	1
3705	2	0.0	1	2
3707	2	0.0	1	2
3712	2	0.0	1	2
3716	3	0.0	1	3
3719	1	0.0	1	1
3721	1	0.0	1	1
3725	1	0.0	1	1
3726	1	0.0	1	1
3727	1	0.0	1	1
3736	1	0.0	1	1
3737	1	0.0	1	1
3739	1	0.0	1	1
3755	2	0.0	1	2
3759	1	0.0	1	1
3770	1	0.0	1	1
3774	2	0.0	1	2
3785	1	0.0	1	1
3797	1	0.0	1	1
3799	1	0.0	1	1
3800	1	0.0	1	1
3814	1	0.0	1	1
3815	1	0.0	1	1
3817	1	0.0	1	1
3822	1	0.0	1	1
3833	1	0.0	1	1
3835	1	0.0	1	1
3836	2	0.0	1	2
3838	2	0.0	1	2
3863	1	0.0	1	1
3879	1	0.0	1	1
3886	1	0.0	1	1
3892	1	0.0	1	1
3903	1	0.0	1	1
3910	1	0.0	1	1
3911	1	0.0	1	1
3920	1	0.0	1	1
3926	1	0.0	1	1
3931	1	0.0	1	1
3933	1	0.0	1	1
3935	2	0.0	1	2
3941	1	0.0	1	1
3951	1	0.0	1	1
3959	1	0.0	1	1
3973	1	0.0	1	1
3976	1	0.0	1	1
3980	1	0.0	1	1
3982	2	0.0	1	2
3991	1	0.0	1	1
4017	1	0.0	1	1
4037	1	0.0	1	1
4052	1	0.0	1	1
4054	1	0.0	1	1
4087	1	0.0	1	1
4098	2	0.0	1	2
4104	1	0.0	1	1
4143	1	0.0	1	1
4155	1	0.0	1	1
4156	1	0.0	1	1
4203	1	0.0	1	1
4223	1	0.0	1	1
4234	1	0.0	1	1
4286	1	0.0	1	1
4288	1	0.0	1	1
4320	1	0.0	1	1
4360	1	0.0	1	1
4374	1	0.0	1	1
4395	1	0.0	1	1
4414	1	0.0	1	1
4416	1	0.0	1	1
4417	1	0.0	1	1
4418	1	0.0	1	1
4533	1	0.0	1	1
4565	1	0.0	1	1
4636	1	0.0	1	1
4772	1	0.0	1	1
4822	1	0.0	1	1
4933	1	0.0	1	1
4934	1	0.0	1	1
5047	1	0.0	1	1
5450	1	0.0	1	1
5520	1	0.0	1	1
5534	1	0.0	1	1
5630	1	0.0	1	1
5902	1	0.0	1	1
5915	1	0.0	1	1
5958	1	0.0	1	1
6054	1	0.0	1	1
6079	1	0.0	1	1
6099	1	0.0	1	1
6113	1	0.0	1	1
6124	1	0.0	1	1
6128	1	0.0	1	1
6134	1	0.0	1	1
6155	1	0.0	1	1
6178	1	0.0	1	1
6181	2	0.0	1	2
6243	1	0.0	1	1
6265	1	0.0	1	1
6282	1	0.0	1	1
6329	1	0.0	1	1
6353	1	0.0	1	1
6356	1	0.0	1	1
6359	2	0.0	1	2
6364	1	0.0	1	1
6365	1	0.0	1	1
6366	1	0.0	1	1
6368	1	0.0	1	1
6373	2	0.0	1	2
6374	2	0.0	1	2
6378	1	0.0	1	1
6380	1	0.0	1	1
6381	1	0.0	1	1
6383	3	0.0	1	3
6384	1	0.0	1	1
6385	1	0.0	1	1
6386	3	0.0	1	3
6388	2	0.0	1	2
6392	2	0.0	1	2
6393	2	0.0	1	2
6394	1	0.0	1	1
6398	1	0.0	1	1
6399	1	0.0	1	1
6400	1	0.0	1	1
6402	1	0.0	1	1
6413	1	0.0	1	1
6416	1	0.0	1	1
6417	1	0.0	1	1
6425	1	0.0	1	1
6430	1	0.0	1	1
6440	1	0.0	1	1
6468	1	0.0	1	1
6474	1	0.0	1	1
6495	1	0.0	1	1
6511	1	0.0	1	1
6520	1	0.0	1	1
6551	1	0.0	1	1
6578	1	0.0	1	1
6613	1	0.0	1	1
6635	1	0.0	1	1
6664	1	0.0	1	1
6666	1	0.0	1	1
6688	1	0.0	1	1
6690	1	0.0	1	1
6702	1	0.0	1	1
6724	1	0.0	1	1
6756	1	0.0	1	1
6775	1	0.0	1	1
6909	1	0.0	1	1
6945	1	0.0	1	1
7009	1	0.0	1	1
7073	1	0.0	1	1
7303	1	0.0	1	1
7322	1	0.0	1	1
7512	1	0.0	1	1
7707	1	0.0	1	1
7986	1	0.0	1	1
8069	1	0.0	1	1
8229	1	0.0	1	1
8867	1	0.0	1	1
9231	1	0.0	1	1
9392	1	0.0	1	1
9496	1	0.0	1	1
9614	1	0.0	1	1
9697	1	0.0	1	1
10322	1	0.0	1	1
10519	1	0.0	1	1
13083	1	0.0	1	1


=== Adapter P1103 ===

Sequence: GCCTACAGCCTCCTARTACAA; Type: regular 3'; Length: 21; Trimmed: 6745 times

Minimum overlap: 3
No. of allowed errors:
1-9 bp: 0; 10-19 bp: 1; 20-21 bp: 2

Bases preceding removed adapters:
  A: 0.1%
  C: 0.0%
  G: 0.0%
  T: 99.8%
  none/other: 0.0%
WARNING:
    The adapter is preceded by 'T' extremely often.
    The provided adapter sequence could be incomplete at its 5' end.
    Ignore this warning when trimming primers.

Overview of removed sequences
length	count	expect	max.err	error counts
12	1	0.0	1	1
63	1	0.0	2	1
65	3	0.0	2	3
66	2	0.0	2	2
67	1	0.0	2	1
68	1	0.0	2	0 1
69	8	0.0	2	8
70	16	0.0	2	15 0 1
71	55	0.0	2	51 3 1
72	78	0.0	2	77 0 1
73	11	0.0	2	11
74	1	0.0	2	1
81	1	0.0	2	1
93	2	0.0	2	2
94	2	0.0	2	2
95	8	0.0	2	8
96	17	0.0	2	16 1
97	25	0.0	2	23 2
98	4	0.0	2	4
103	1	0.0	2	1
104	1	0.0	2	1
107	1	0.0	2	1
110	1	0.0	2	1
113	1	0.0	2	0 1
119	1	0.0	2	1
124	1	0.0	2	1
126	1	0.0	2	1
131	1	0.0	2	1
132	1	0.0	2	1
136	1	0.0	2	1
140	1	0.0	2	1
141	4	0.0	2	4
142	4	0.0	2	4
143	8	0.0	2	7 1
144	25	0.0	2	24 1
145	33	0.0	2	33
146	7	0.0	2	7
147	3	0.0	2	3
148	4	0.0	2	4
149	1	0.0	2	1
150	6	0.0	2	6
151	2	0.0	2	2
153	3	0.0	2	3
154	1	0.0	2	1
155	4	0.0	2	4
156	4	0.0	2	4
157	4	0.0	2	4
158	7	0.0	2	7
159	21	0.0	2	19 2
160	11	0.0	2	11
161	6	0.0	2	6
168	1	0.0	2	1
170	1	0.0	2	1
171	1	0.0	2	1
175	1	0.0	2	1
176	1	0.0	2	1
177	2	0.0	2	2
183	1	0.0	2	1
185	3	0.0	2	3
186	1	0.0	2	1
187	1	0.0	2	1
188	2	0.0	2	1 0 1
189	3	0.0	2	3
190	3	0.0	2	3
191	5	0.0	2	4 0 1
192	6	0.0	2	6
193	5	0.0	2	5
194	14	0.0	2	13 0 1
195	16	0.0	2	14 2
196	31	0.0	2	31
197	46	0.0	2	45 1
198	88	0.0	2	88
199	112	0.0	2	110 2
200	64	0.0	2	63 1
201	90	0.0	2	85 5
202	20	0.0	2	19 1
203	7	0.0	2	5 2
204	5	0.0	2	5
205	3	0.0	2	3
206	3	0.0	2	3
207	4	0.0	2	4
208	4	0.0	2	3 1
209	2	0.0	2	2
210	1	0.0	2	1
211	5	0.0	2	5
212	6	0.0	2	5 1
213	2	0.0	2	2
214	2	0.0	2	2
215	4	0.0	2	3 1
216	4	0.0	2	4
217	8	0.0	2	6 2
218	10	0.0	2	10
219	8	0.0	2	8
220	6	0.0	2	6
221	6	0.0	2	6
222	2	0.0	2	2
223	9	0.0	2	9
224	16	0.0	2	16
225	26	0.0	2	25 1
226	28	0.0	2	28
227	19	0.0	2	17 1 1
228	15	0.0	2	15
229	10	0.0	2	10
230	5	0.0	2	5
231	4	0.0	2	3 1
232	3	0.0	2	3
233	6	0.0	2	6
234	7	0.0	2	7
235	6	0.0	2	6
236	6	0.0	2	5 1
237	10	0.0	2	9 1
238	8	0.0	2	7 0 1
239	18	0.0	2	18
240	36	0.0	2	36
241	9	0.0	2	7 2
242	7	0.0	2	6 1
243	8	0.0	2	8
244	6	0.0	2	6
245	7	0.0	2	7
246	4	0.0	2	4
247	1	0.0	2	1
248	7	0.0	2	7
249	7	0.0	2	6 1
250	2	0.0	2	2
251	10	0.0	2	9 1
252	12	0.0	2	11 1
253	14	0.0	2	14
254	9	0.0	2	9
255	12	0.0	2	11 1
256	9	0.0	2	9
257	12	0.0	2	12
258	9	0.0	2	9
259	4	0.0	2	4
260	6	0.0	2	6
261	3	0.0	2	3
262	4	0.0	2	4
263	5	0.0	2	5
264	6	0.0	2	6
265	2	0.0	2	2
266	5	0.0	2	5
267	5	0.0	2	5
268	3	0.0	2	3
269	4	0.0	2	4
270	7	0.0	2	7
271	7	0.0	2	7
272	11	0.0	2	11
273	7	0.0	2	7
274	1	0.0	2	1
275	2	0.0	2	2
276	3	0.0	2	3
277	5	0.0	2	5
278	5	0.0	2	5
279	5	0.0	2	5
280	9	0.0	2	9
281	7	0.0	2	7
282	2	0.0	2	2
283	4	0.0	2	4
284	1	0.0	2	1
285	5	0.0	2	5
286	5	0.0	2	5
287	1	0.0	2	1
288	7	0.0	2	7
289	1	0.0	2	1
290	5	0.0	2	4 0 1
291	8	0.0	2	6 2
292	3	0.0	2	2 1
294	1	0.0	2	1
295	3	0.0	2	3
296	5	0.0	2	5
297	3	0.0	2	3
298	5	0.0	2	5
299	3	0.0	2	3
300	6	0.0	2	6
301	8	0.0	2	8
302	2	0.0	2	2
303	2	0.0	2	2
304	2	0.0	2	2
305	5	0.0	2	5
306	3	0.0	2	2 1
307	4	0.0	2	4
308	5	0.0	2	5
309	3	0.0	2	3
310	5	0.0	2	5
311	6	0.0	2	5 1
312	4	0.0	2	4
313	5	0.0	2	5
314	2	0.0	2	1 0 1
315	4	0.0	2	4
316	6	0.0	2	6
317	3	0.0	2	3
318	4	0.0	2	4
319	4	0.0	2	4
320	5	0.0	2	5
321	1	0.0	2	1
322	5	0.0	2	4 1
323	4	0.0	2	4
324	3	0.0	2	3
325	5	0.0	2	5
326	6	0.0	2	5 1
327	3	0.0	2	3
328	6	0.0	2	6
329	2	0.0	2	2
330	4	0.0	2	4
331	4	0.0	2	4
332	6	0.0	2	6
333	6	0.0	2	6
334	1	0.0	2	1
335	2	0.0	2	2
336	2	0.0	2	2
337	2	0.0	2	2
338	1	0.0	2	1
339	5	0.0	2	5
340	6	0.0	2	6
341	6	0.0	2	6
342	4	0.0	2	4
343	3	0.0	2	2 1
344	4	0.0	2	3 1
345	5	0.0	2	5
346	5	0.0	2	5
347	4	0.0	2	4
348	4	0.0	2	4
349	4	0.0	2	4
350	8	0.0	2	8
351	6	0.0	2	6
352	4	0.0	2	4
353	4	0.0	2	4
354	5	0.0	2	5
355	5	0.0	2	5
356	1	0.0	2	1
357	6	0.0	2	6
358	4	0.0	2	4
359	4	0.0	2	4
360	3	0.0	2	3
361	4	0.0	2	4
362	5	0.0	2	4 1
363	8	0.0	2	7 1
364	2	0.0	2	2
365	5	0.0	2	5
366	5	0.0	2	5
367	2	0.0	2	2
368	10	0.0	2	10
369	2	0.0	2	2
370	7	0.0	2	7
371	2	0.0	2	2
372	9	0.0	2	9
373	4	0.0	2	4
374	5	0.0	2	5
375	5	0.0	2	5
376	8	0.0	2	8
377	4	0.0	2	4
378	10	0.0	2	10
379	3	0.0	2	2 1
380	10	0.0	2	9 1
381	10	0.0	2	10
382	5	0.0	2	5
383	3	0.0	2	3
384	4	0.0	2	4
385	4	0.0	2	4
386	3	0.0	2	3
387	2	0.0	2	2
388	5	0.0	2	5
389	4	0.0	2	4
390	5	0.0	2	4 1
391	2	0.0	2	2
392	3	0.0	2	3
393	5	0.0	2	5
394	8	0.0	2	8
395	5	0.0	2	5
396	3	0.0	2	3
397	4	0.0	2	4
398	3	0.0	2	3
399	6	0.0	2	6
400	6	0.0	2	6
401	9	0.0	2	7 1 1
402	2	0.0	2	2
403	2	0.0	2	2
404	7	0.0	2	7
405	9	0.0	2	9
406	7	0.0	2	7
407	8	0.0	2	7 1
408	7	0.0	2	7
409	4	0.0	2	4
410	6	0.0	2	6
411	7	0.0	2	7
412	9	0.0	2	9
413	6	0.0	2	5 1
414	7	0.0	2	7
415	2	0.0	2	2
416	6	0.0	2	6
417	4	0.0	2	4
418	3	0.0	2	3
419	5	0.0	2	5
420	8	0.0	2	7 1
421	4	0.0	2	4
422	4	0.0	2	4
423	4	0.0	2	4
424	3	0.0	2	3
425	2	0.0	2	2
426	3	0.0	2	3
427	2	0.0	2	2
428	5	0.0	2	5
429	4	0.0	2	4
430	4	0.0	2	4
431	4	0.0	2	4
432	5	0.0	2	5
433	2	0.0	2	2
434	3	0.0	2	3
435	2	0.0	2	2
436	2	0.0	2	2
437	4	0.0	2	4
438	4	0.0	2	4
439	3	0.0	2	3
440	4	0.0	2	4
441	4	0.0	2	4
442	5	0.0	2	5
443	5	0.0	2	5
444	6	0.0	2	6
445	4	0.0	2	4
446	4	0.0	2	4
447	4	0.0	2	4
448	6	0.0	2	6
449	6	0.0	2	6
450	4	0.0	2	4
451	6	0.0	2	6
452	3	0.0	2	3
453	4	0.0	2	4
454	7	0.0	2	7
455	3	0.0	2	2 1
456	1	0.0	2	1
457	7	0.0	2	7
458	5	0.0	2	5
459	4	0.0	2	3 1
460	2	0.0	2	2
461	6	0.0	2	6
462	7	0.0	2	7
463	3	0.0	2	3
464	3	0.0	2	3
465	3	0.0	2	3
466	4	0.0	2	4
467	2	0.0	2	2
468	7	0.0	2	7
469	5	0.0	2	5
470	9	0.0	2	9
471	3	0.0	2	3
472	6	0.0	2	6
473	2	0.0	2	2
474	6	0.0	2	5 1
475	4	0.0	2	4
476	8	0.0	2	7 1
477	3	0.0	2	3
478	3	0.0	2	3
479	7	0.0	2	7
480	7	0.0	2	7
481	7	0.0	2	7
482	7	0.0	2	7
483	4	0.0	2	4
484	3	0.0	2	3
485	7	0.0	2	7
486	2	0.0	2	2
487	4	0.0	2	4
488	3	0.0	2	3
489	7	0.0	2	7
490	4	0.0	2	4
491	4	0.0	2	4
492	5	0.0	2	5
493	2	0.0	2	2
494	5	0.0	2	5
495	3	0.0	2	3
496	3	0.0	2	3
497	4	0.0	2	4
498	4	0.0	2	4
499	6	0.0	2	6
500	4	0.0	2	4
501	4	0.0	2	4
502	4	0.0	2	4
503	3	0.0	2	2 1
504	5	0.0	2	5
505	4	0.0	2	4
506	2	0.0	2	2
507	3	0.0	2	3
508	3	0.0	2	3
509	2	0.0	2	2
510	4	0.0	2	4
511	8	0.0	2	8
512	2	0.0	2	2
513	4	0.0	2	4
514	5	0.0	2	5
515	4	0.0	2	3 1
516	4	0.0	2	4
517	6	0.0	2	6
518	4	0.0	2	4
519	2	0.0	2	2
520	2	0.0	2	2
521	6	0.0	2	6
523	2	0.0	2	2
524	2	0.0	2	2
525	7	0.0	2	7
526	7	0.0	2	6 1
527	2	0.0	2	2
528	4	0.0	2	4
529	5	0.0	2	5
530	3	0.0	2	3
531	1	0.0	2	1
532	5	0.0	2	5
533	7	0.0	2	7
534	5	0.0	2	5
535	5	0.0	2	5
536	3	0.0	2	3
537	4	0.0	2	4
538	3	0.0	2	3
539	7	0.0	2	7
540	2	0.0	2	2
541	3	0.0	2	2 1
542	7	0.0	2	7
543	3	0.0	2	3
544	8	0.0	2	8
545	1	0.0	2	1
546	8	0.0	2	7 1
547	3	0.0	2	3
548	5	0.0	2	5
549	9	0.0	2	9
550	4	0.0	2	4
551	2	0.0	2	2
552	3	0.0	2	3
553	2	0.0	2	2
554	4	0.0	2	4
555	2	0.0	2	2
557	9	0.0	2	9
558	4	0.0	2	4
560	4	0.0	2	4
561	3	0.0	2	3
562	3	0.0	2	3
563	5	0.0	2	5
564	5	0.0	2	5
565	4	0.0	2	4
566	2	0.0	2	2
567	6	0.0	2	5 0 1
568	3	0.0	2	3
569	3	0.0	2	3
570	1	0.0	2	1
571	3	0.0	2	3
572	6	0.0	2	5 1
573	7	0.0	2	6 1
574	6	0.0	2	5 1
575	3	0.0	2	3
576	3	0.0	2	3
577	6	0.0	2	6
578	3	0.0	2	3
579	1	0.0	2	1
580	5	0.0	2	5
581	9	0.0	2	9
582	2	0.0	2	2
583	5	0.0	2	5
584	2	0.0	2	2
585	5	0.0	2	5
586	3	0.0	2	3
587	4	0.0	2	4
588	3	0.0	2	3
589	1	0.0	2	1
590	5	0.0	2	5
591	4	0.0	2	4
592	2	0.0	2	2
594	6	0.0	2	6
595	4	0.0	2	4
596	5	0.0	2	5
597	5	0.0	2	5
598	4	0.0	2	4
599	3	0.0	2	3
600	4	0.0	2	4
601	6	0.0	2	5 1
602	3	0.0	2	3
603	6	0.0	2	6
604	2	0.0	2	2
605	5	0.0	2	5
606	6	0.0	2	6
607	2	0.0	2	2
608	2	0.0	2	2
609	1	0.0	2	1
610	1	0.0	2	1
611	4	0.0	2	4
612	4	0.0	2	3 1
613	3	0.0	2	3
614	3	0.0	2	3
615	2	0.0	2	2
616	6	0.0	2	6
617	3	0.0	2	3
618	3	0.0	2	3
619	2	0.0	2	2
620	4	0.0	2	4
621	3	0.0	2	3
622	3	0.0	2	2 1
623	2	0.0	2	2
624	1	0.0	2	1
625	5	0.0	2	5
626	2	0.0	2	2
627	3	0.0	2	3
628	5	0.0	2	5
629	4	0.0	2	3 1
630	4	0.0	2	2 2
631	2	0.0	2	1 1
633	4	0.0	2	3 1
634	10	0.0	2	10
635	3	0.0	2	3
636	1	0.0	2	1
637	1	0.0	2	1
638	2	0.0	2	2
639	1	0.0	2	1
640	5	0.0	2	5
641	2	0.0	2	2
642	2	0.0	2	2
643	2	0.0	2	2
644	4	0.0	2	4
645	3	0.0	2	3
646	3	0.0	2	3
647	2	0.0	2	2
648	2	0.0	2	2
649	1	0.0	2	1
650	2	0.0	2	2
651	1	0.0	2	1
652	3	0.0	2	3
653	1	0.0	2	1
654	2	0.0	2	2
655	5	0.0	2	5
656	2	0.0	2	2
657	3	0.0	2	3
658	4	0.0	2	4
659	3	0.0	2	3
660	3	0.0	2	3
661	1	0.0	2	1
662	8	0.0	2	8
663	8	0.0	2	8
664	3	0.0	2	3
665	3	0.0	2	3
666	4	0.0	2	4
667	2	0.0	2	2
668	6	0.0	2	6
669	1	0.0	2	1
670	6	0.0	2	5 1
672	3	0.0	2	3
673	7	0.0	2	7
674	2	0.0	2	2
675	3	0.0	2	2 1
676	2	0.0	2	2
677	1	0.0	2	1
678	3	0.0	2	3
679	1	0.0	2	1
680	4	0.0	2	4
681	3	0.0	2	3
682	4	0.0	2	3 1
683	4	0.0	2	4
684	1	0.0	2	1
685	3	0.0	2	2 1
686	1	0.0	2	1
687	3	0.0	2	3
688	6	0.0	2	6
689	2	0.0	2	2
690	4	0.0	2	4
691	2	0.0	2	2
692	6	0.0	2	6
693	8	0.0	2	8
694	3	0.0	2	3
695	3	0.0	2	3
696	4	0.0	2	4
697	3	0.0	2	3
698	6	0.0	2	6
699	2	0.0	2	2
700	4	0.0	2	4
701	3	0.0	2	3
702	3	0.0	2	3
703	2	0.0	2	2
704	1	0.0	2	1
705	4	0.0	2	4
706	3	0.0	2	3
707	3	0.0	2	3
708	5	0.0	2	5
709	3	0.0	2	3
710	1	0.0	2	1
711	3	0.0	2	3
712	1	0.0	2	1
713	1	0.0	2	1
715	2	0.0	2	2
716	2	0.0	2	2
717	1	0.0	2	1
718	1	0.0	2	1
720	2	0.0	2	2
721	2	0.0	2	2
722	4	0.0	2	4
723	4	0.0	2	4
724	1	0.0	2	1
725	4	0.0	2	4
726	6	0.0	2	6
727	8	0.0	2	8
728	1	0.0	2	1
729	3	0.0	2	3
730	3	0.0	2	3
731	4	0.0	2	4
732	4	0.0	2	4
733	3	0.0	2	3
735	3	0.0	2	3
736	1	0.0	2	1
737	3	0.0	2	3
738	2	0.0	2	2
739	2	0.0	2	2
740	4	0.0	2	4
741	2	0.0	2	2
742	3	0.0	2	3
743	3	0.0	2	2 1
744	1	0.0	2	1
745	2	0.0	2	2
746	2	0.0	2	2
747	2	0.0	2	2
749	2	0.0	2	2
750	3	0.0	2	2 1
751	5	0.0	2	5
752	2	0.0	2	2
753	6	0.0	2	5 1
754	3	0.0	2	3
755	4	0.0	2	4
756	2	0.0	2	2
757	1	0.0	2	1
758	4	0.0	2	4
759	3	0.0	2	3
760	5	0.0	2	5
761	6	0.0	2	6
762	5	0.0	2	5
763	10	0.0	2	10
764	4	0.0	2	4
765	6	0.0	2	5 1
766	2	0.0	2	2
767	3	0.0	2	3
768	4	0.0	2	4
769	2	0.0	2	2
770	3	0.0	2	3
771	3	0.0	2	3
772	1	0.0	2	1
773	5	0.0	2	5
774	3	0.0	2	3
775	2	0.0	2	2
776	1	0.0	2	1
777	1	0.0	2	0 1
778	3	0.0	2	3
779	3	0.0	2	3
780	2	0.0	2	1 1
781	1	0.0	2	1
782	3	0.0	2	3
783	2	0.0	2	2
784	2	0.0	2	2
785	1	0.0	2	1
786	2	0.0	2	2
787	4	0.0	2	4
788	3	0.0	2	3
789	1	0.0	2	1
790	2	0.0	2	2
791	3	0.0	2	3
792	2	0.0	2	2
793	1	0.0	2	1
794	2	0.0	2	2
795	1	0.0	2	1
796	3	0.0	2	3
797	4	0.0	2	4
798	1	0.0	2	1
799	2	0.0	2	2
800	1	0.0	2	1
801	2	0.0	2	2
802	3	0.0	2	3
803	1	0.0	2	1
804	4	0.0	2	4
805	2	0.0	2	2
806	4	0.0	2	4
807	2	0.0	2	2
808	4	0.0	2	4
809	1	0.0	2	1
810	4	0.0	2	4
811	1	0.0	2	1
812	1	0.0	2	1
813	3	0.0	2	3
816	4	0.0	2	3 1
817	2	0.0	2	2
818	2	0.0	2	2
819	1	0.0	2	1
822	3	0.0	2	3
823	2	0.0	2	2
824	6	0.0	2	6
826	2	0.0	2	2
827	3	0.0	2	3
829	4	0.0	2	4
830	1	0.0	2	1
832	2	0.0	2	2
833	4	0.0	2	3 1
834	1	0.0	2	1
835	2	0.0	2	2
836	3	0.0	2	3
837	3	0.0	2	2 1
838	2	0.0	2	2
839	4	0.0	2	4
840	3	0.0	2	3
841	2	0.0	2	2
842	3	0.0	2	3
843	2	0.0	2	1 1
844	1	0.0	2	1
845	4	0.0	2	4
846	1	0.0	2	1
847	1	0.0	2	1
848	5	0.0	2	5
849	1	0.0	2	1
850	3	0.0	2	2 1
851	1	0.0	2	1
852	2	0.0	2	2
853	4	0.0	2	4
854	1	0.0	2	1
855	1	0.0	2	1
856	2	0.0	2	2
857	3	0.0	2	3
858	2	0.0	2	2
859	2	0.0	2	2
860	3	0.0	2	3
861	1	0.0	2	1
862	2	0.0	2	2
863	3	0.0	2	3
864	3	0.0	2	3
865	2	0.0	2	2
866	2	0.0	2	2
868	2	0.0	2	2
869	3	0.0	2	3
872	2	0.0	2	2
873	2	0.0	2	1 1
875	1	0.0	2	1
876	6	0.0	2	6
877	4	0.0	2	4
878	1	0.0	2	1
880	2	0.0	2	2
881	2	0.0	2	2
882	1	0.0	2	1
883	1	0.0	2	1
884	3	0.0	2	3
885	3	0.0	2	3
886	2	0.0	2	2
887	2	0.0	2	2
890	3	0.0	2	3
892	1	0.0	2	1
893	1	0.0	2	1
896	1	0.0	2	1
897	1	0.0	2	1
898	2	0.0	2	2
899	2	0.0	2	2
900	2	0.0	2	2
901	1	0.0	2	1
903	2	0.0	2	2
906	1	0.0	2	1
910	1	0.0	2	1
911	1	0.0	2	1
912	1	0.0	2	1
914	2	0.0	2	2
916	2	0.0	2	2
918	2	0.0	2	2
919	3	0.0	2	3
920	1	0.0	2	1
922	1	0.0	2	1
924	2	0.0	2	2
927	6	0.0	2	6
929	1	0.0	2	1
930	1	0.0	2	1
931	1	0.0	2	1
935	1	0.0	2	1
936	1	0.0	2	1
937	3	0.0	2	3
938	2	0.0	2	2
940	1	0.0	2	1
941	1	0.0	2	1
943	1	0.0	2	1
944	2	0.0	2	2
945	3	0.0	2	3
946	1	0.0	2	1
947	2	0.0	2	2
948	2	0.0	2	2
949	1	0.0	2	1
950	1	0.0	2	1
951	3	0.0	2	3
952	4	0.0	2	4
954	2	0.0	2	2
955	1	0.0	2	1
957	3	0.0	2	3
958	2	0.0	2	2
959	2	0.0	2	2
960	3	0.0	2	3
961	1	0.0	2	1
962	2	0.0	2	2
963	1	0.0	2	1
964	5	0.0	2	5
966	1	0.0	2	1
969	3	0.0	2	3
971	2	0.0	2	2
972	2	0.0	2	2
974	1	0.0	2	1
976	1	0.0	2	1
977	1	0.0	2	1
978	2	0.0	2	2
979	1	0.0	2	1
980	2	0.0	2	1 1
983	1	0.0	2	1
984	2	0.0	2	2
985	3	0.0	2	3
986	2	0.0	2	2
987	1	0.0	2	1
988	1	0.0	2	1
989	2	0.0	2	2
990	2	0.0	2	2
991	3	0.0	2	2 0 1
992	1	0.0	2	1
993	2	0.0	2	2
994	1	0.0	2	1
995	1	0.0	2	1
998	1	0.0	2	1
999	1	0.0	2	1
1001	1	0.0	2	1
1004	1	0.0	2	1
1005	1	0.0	2	1
1006	3	0.0	2	3
1008	1	0.0	2	1
1010	2	0.0	2	1 1
1011	1	0.0	2	1
1012	2	0.0	2	2
1013	3	0.0	2	3
1014	1	0.0	2	1
1015	1	0.0	2	1
1016	1	0.0	2	1
1018	1	0.0	2	1
1019	2	0.0	2	2
1022	1	0.0	2	1
1023	1	0.0	2	1
1025	1	0.0	2	1
1026	2	0.0	2	2
1029	2	0.0	2	2
1030	1	0.0	2	1
1031	1	0.0	2	1
1037	3	0.0	2	3
1038	2	0.0	2	2
1040	2	0.0	2	2
1043	1	0.0	2	0 0 1
1044	3	0.0	2	3
1045	1	0.0	2	1
1047	1	0.0	2	1
1048	2	0.0	2	2
1049	1	0.0	2	1
1051	1	0.0	2	1
1052	3	0.0	2	3
1053	1	0.0	2	1
1054	2	0.0	2	2
1055	3	0.0	2	2 1
1056	2	0.0	2	2
1057	2	0.0	2	2
1061	2	0.0	2	2
1062	1	0.0	2	1
1064	1	0.0	2	1
1067	1	0.0	2	1
1068	1	0.0	2	1
1072	1	0.0	2	1
1074	2	0.0	2	2
1075	1	0.0	2	1
1076	1	0.0	2	1
1078	1	0.0	2	1
1079	1	0.0	2	1
1080	2	0.0	2	2
1081	1	0.0	2	1
1083	2	0.0	2	2
1085	1	0.0	2	1
1088	2	0.0	2	2
1089	1	0.0	2	1
1090	1	0.0	2	1
1092	3	0.0	2	3
1093	2	0.0	2	2
1095	1	0.0	2	1
1097	1	0.0	2	1
1098	1	0.0	2	1
1101	1	0.0	2	1
1103	1	0.0	2	1
1105	2	0.0	2	2
1106	3	0.0	2	3
1107	3	0.0	2	3
1108	1	0.0	2	1
1110	4	0.0	2	4
1112	1	0.0	2	1
1114	2	0.0	2	2
1115	1	0.0	2	1
1116	1	0.0	2	1
1118	2	0.0	2	2
1120	2	0.0	2	2
1121	1	0.0	2	1
1124	1	0.0	2	1
1127	1	0.0	2	1
1129	2	0.0	2	2
1130	1	0.0	2	1
1131	2	0.0	2	2
1132	2	0.0	2	2
1133	1	0.0	2	1
1134	1	0.0	2	1
1135	1	0.0	2	1
1136	2	0.0	2	2
1137	1	0.0	2	1
1139	2	0.0	2	2
1142	2	0.0	2	2
1144	2	0.0	2	2
1149	1	0.0	2	1
1150	2	0.0	2	2
1152	1	0.0	2	1
1157	1	0.0	2	1
1158	1	0.0	2	1
1160	1	0.0	2	1
1161	1	0.0	2	1
1165	1	0.0	2	1
1166	1	0.0	2	1
1168	1	0.0	2	1
1169	1	0.0	2	1
1171	1	0.0	2	1
1173	1	0.0	2	1
1174	1	0.0	2	1
1175	1	0.0	2	1
1176	1	0.0	2	1
1178	1	0.0	2	1
1179	1	0.0	2	1
1181	2	0.0	2	2
1183	3	0.0	2	3
1184	1	0.0	2	1
1185	1	0.0	2	1
1187	1	0.0	2	1
1190	1	0.0	2	1
1191	1	0.0	2	1
1195	1	0.0	2	1
1196	1	0.0	2	1
1198	1	0.0	2	1
1199	2	0.0	2	2
1202	3	0.0	2	3
1204	1	0.0	2	1
1208	1	0.0	2	1
1209	1	0.0	2	1
1210	1	0.0	2	1
1211	1	0.0	2	1
1212	1	0.0	2	1
1213	1	0.0	2	1
1215	1	0.0	2	1
1222	1	0.0	2	1
1223	1	0.0	2	1
1225	1	0.0	2	1
1227	1	0.0	2	1
1230	1	0.0	2	1
1234	1	0.0	2	1
1237	1	0.0	2	1
1241	1	0.0	2	1
1243	2	0.0	2	2
1248	2	0.0	2	2
1251	2	0.0	2	1 1
1256	1	0.0	2	1
1257	1	0.0	2	1
1262	1	0.0	2	1
1265	3	0.0	2	3
1266	2	0.0	2	2
1268	3	0.0	2	3
1269	1	0.0	2	1
1271	1	0.0	2	1
1272	1	0.0	2	1
1273	4	0.0	2	4
1276	1	0.0	2	1
1281	1	0.0	2	1
1283	2	0.0	2	2
1287	1	0.0	2	1
1292	1	0.0	2	1
1293	1	0.0	2	1
1294	3	0.0	2	3
1295	6	0.0	2	6
1298	2	0.0	2	2
1300	1	0.0	2	1
1303	1	0.0	2	1
1304	1	0.0	2	1
1306	2	0.0	2	2
1327	2	0.0	2	2
1328	1	0.0	2	1
1332	1	0.0	2	1
1335	1	0.0	2	1
1336	1	0.0	2	0 0 1
1337	2	0.0	2	2
1339	1	0.0	2	1
1350	1	0.0	2	1
1351	1	0.0	2	1
1356	1	0.0	2	1
1357	1	0.0	2	1
1369	2	0.0	2	2
1373	2	0.0	2	2
1375	1	0.0	2	1
1377	2	0.0	2	2
1390	2	0.0	2	2
1392	1	0.0	2	1
1395	1	0.0	2	1
1428	1	0.0	2	1
1437	1	0.0	2	1
1440	1	0.0	2	1
1442	1	0.0	2	1
1447	1	0.0	2	1
1451	1	0.0	2	1
1457	1	0.0	2	1
1458	1	0.0	2	1
1460	1	0.0	2	1
1462	1	0.0	2	1
1470	1	0.0	2	1
1482	2	0.0	2	2
1484	1	0.0	2	1
1489	1	0.0	2	1
1500	3	0.0	2	3
1506	1	0.0	2	1
1510	1	0.0	2	1
1519	1	0.0	2	1
1521	1	0.0	2	1
1525	2	0.0	2	2
1533	1	0.0	2	1
1541	1	0.0	2	0 1
1545	1	0.0	2	1
1546	1	0.0	2	1
1556	1	0.0	2	1
1559	1	0.0	2	1
1562	1	0.0	2	1
1566	1	0.0	2	1
1580	1	0.0	2	1
1587	1	0.0	2	1
1591	1	0.0	2	1
1605	1	0.0	2	1
1610	1	0.0	2	1
1617	1	0.0	2	1
1619	1	0.0	2	1
1621	1	0.0	2	1
1631	1	0.0	2	0 1
1633	1	0.0	2	1
1634	1	0.0	2	1
1644	1	0.0	2	1
1645	1	0.0	2	1
1649	1	0.0	2	1
1654	1	0.0	2	1
1665	1	0.0	2	1
1669	1	0.0	2	1
1676	1	0.0	2	1
1677	1	0.0	2	1
1682	1	0.0	2	1
1688	1	0.0	2	1
1693	1	0.0	2	1
1706	1	0.0	2	1
1708	1	0.0	2	1
1714	2	0.0	2	2
1732	1	0.0	2	1
1738	1	0.0	2	1
1739	1	0.0	2	1
1742	1	0.0	2	1
1749	1	0.0	2	1
1754	1	0.0	2	1
1765	1	0.0	2	1
1777	1	0.0	2	1
1801	1	0.0	2	1
1802	1	0.0	2	1
1818	1	0.0	2	1
1820	1	0.0	2	1
1821	1	0.0	2	1
1828	1	0.0	2	1
1831	1	0.0	2	1
1841	1	0.0	2	1
1859	1	0.0	2	1
1866	1	0.0	2	1
1876	1	0.0	2	1
1877	1	0.0	2	1
1922	1	0.0	2	1
1923	1	0.0	2	1
1942	1	0.0	2	1
1958	1	0.0	2	1
1966	1	0.0	2	1
1971	1	0.0	2	1
1987	2	0.0	2	2
1999	1	0.0	2	1
2004	1	0.0	2	1
2007	1	0.0	2	1
2010	1	0.0	2	1
2013	1	0.0	2	1
2014	3	0.0	2	3
2015	1	0.0	2	1
2017	1	0.0	2	1
2071	1	0.0	2	1
2090	1	0.0	2	1
2091	1	0.0	2	1
2172	1	0.0	2	1
2180	1	0.0	2	1
2189	1	0.0	2	1
2191	1	0.0	2	1
2197	1	0.0	2	1
2198	1	0.0	2	1
2199	1	0.0	2	1
2200	2	0.0	2	2
2202	1	0.0	2	1
2212	1	0.0	2	1
2213	1	0.0	2	1
2217	1	0.0	2	1
2237	1	0.0	2	1
2314	1	0.0	2	1
2321	1	0.0	2	1
2336	1	0.0	2	1
2356	1	0.0	2	1
2379	1	0.0	2	1
2390	1	0.0	2	1
2393	1	0.0	2	1
2394	1	0.0	2	1
2396	1	0.0	2	1
2397	3	0.0	2	3
2398	1	0.0	2	1
2402	2	0.0	2	2
2405	1	0.0	2	1
2413	1	0.0	2	1
2418	1	0.0	2	1
2426	1	0.0	2	1
2455	1	0.0	2	1
2457	1	0.0	2	1
2555	1	0.0	2	1
2593	1	0.0	2	1
2609	1	0.0	2	1
2630	1	0.0	2	1
2645	1	0.0	2	1
2670	1	0.0	2	1
2673	1	0.0	2	1
2674	3	0.0	2	3
2676	1	0.0	2	1
2682	1	0.0	2	1
2695	1	0.0	2	1
2699	1	0.0	2	1
2731	1	0.0	2	0 1
2735	1	0.0	2	1
2747	1	0.0	2	1
2833	1	0.0	2	1
2864	1	0.0	2	1
2874	1	0.0	2	1
2900	1	0.0	2	1
2933	1	0.0	2	1
2934	1	0.0	2	1
2935	2	0.0	2	2
2940	2	0.0	2	2
2941	1	0.0	2	1
2942	2	0.0	2	2
2944	1	0.0	2	1
2947	1	0.0	2	1
2960	1	0.0	2	1
2965	1	0.0	2	1
2970	1	0.0	2	1
2978	1	0.0	2	1
2987	2	0.0	2	2
3000	1	0.0	2	1
3020	1	0.0	2	1
3027	1	0.0	2	1
3029	1	0.0	2	1
3037	1	0.0	2	1
3044	2	0.0	2	2
3049	1	0.0	2	1
3053	1	0.0	2	1
3055	1	0.0	2	1
3059	1	0.0	2	1
3068	1	0.0	2	1
3071	1	0.0	2	0 1
3073	1	0.0	2	1
3078	1	0.0	2	1
3081	1	0.0	2	1
3082	1	0.0	2	1
3087	1	0.0	2	1
3091	1	0.0	2	1
3095	1	0.0	2	1
3104	1	0.0	2	1
3105	2	0.0	2	1 1
3106	1	0.0	2	1
3109	1	0.0	2	1
3110	1	0.0	2	1
3112	1	0.0	2	1
3115	1	0.0	2	1
3116	1	0.0	2	1
3118	2	0.0	2	2
3119	2	0.0	2	1 1
3120	1	0.0	2	1
3126	1	0.0	2	1
3128	1	0.0	2	1
3130	1	0.0	2	0 1
3131	2	0.0	2	2
3133	1	0.0	2	1
3134	1	0.0	2	1
3135	1	0.0	2	1
3136	5	0.0	2	5
3137	2	0.0	2	1 1
3138	2	0.0	2	2
3140	7	0.0	2	7
3141	3	0.0	2	2 0 1
3142	1	0.0	2	0 1
3143	2	0.0	2	2
3144	6	0.0	2	6
3145	1	0.0	2	1
3146	7	0.0	2	5 2
3147	1	0.0	2	1
3148	2	0.0	2	2
3149	2	0.0	2	2
3150	6	0.0	2	6
3151	5	0.0	2	5
3152	9	0.0	2	9
3153	7	0.0	2	7
3154	12	0.0	2	12
3155	11	0.0	2	11
3156	14	0.0	2	13 1
3157	10	0.0	2	10
3158	22	0.0	2	22
3159	29	0.0	2	29
3160	25	0.0	2	24 1
3161	21	0.0	2	21
3162	17	0.0	2	16 0 1
3163	18	0.0	2	17 1
3164	26	0.0	2	25 1
3165	22	0.0	2	21 1
3166	29	0.0	2	29
3167	30	0.0	2	29 1
3168	25	0.0	2	22 3
3169	40	0.0	2	40
3170	37	0.0	2	36 1
3171	50	0.0	2	49 1
3172	48	0.0	2	48
3173	55	0.0	2	53 2
3174	68	0.0	2	67 0 1
3175	75	0.0	2	75
3176	68	0.0	2	68
3177	75	0.0	2	71 4
3178	71	0.0	2	70 1
3179	53	0.0	2	52 1
3180	52	0.0	2	52
3181	32	0.0	2	32
3182	29	0.0	2	29
3183	18	0.0	2	18
3184	15	0.0	2	15
3185	17	0.0	2	16 1
3186	8	0.0	2	7 1
3187	7	0.0	2	7
3188	5	0.0	2	5
3189	4	0.0	2	3 0 1
3190	3	0.0	2	2 1
3191	4	0.0	2	4
3192	4	0.0	2	4
3193	3	0.0	2	3
3194	4	0.0	2	4
3195	2	0.0	2	2
3196	3	0.0	2	3
3197	1	0.0	2	1
3198	6	0.0	2	6
3199	6	0.0	2	6
3200	1	0.0	2	1
3201	4	0.0	2	4
3202	3	0.0	2	3
3203	4	0.0	2	4
3204	2	0.0	2	2
3205	4	0.0	2	4
3206	5	0.0	2	5
3207	4	0.0	2	3 1
3208	2	0.0	2	2
3209	3	0.0	2	3
3210	5	0.0	2	5
3211	3	0.0	2	2 0 1
3212	2	0.0	2	1 1
3213	2	0.0	2	2
3214	1	0.0	2	1
3215	2	0.0	2	2
3216	4	0.0	2	4
3217	1	0.0	2	1
3218	1	0.0	2	1
3219	1	0.0	2	1
3220	1	0.0	2	1
3221	2	0.0	2	2
3223	1	0.0	2	1
3225	1	0.0	2	1
3226	1	0.0	2	1
3231	1	0.0	2	1
3232	1	0.0	2	0 1
3233	2	0.0	2	2
3235	1	0.0	2	1
3236	1	0.0	2	1
3238	1	0.0	2	1
3239	2	0.0	2	2
3241	1	0.0	2	1
3244	1	0.0	2	1
3245	2	0.0	2	2
3246	2	0.0	2	2
3248	1	0.0	2	1
3249	2	0.0	2	2
3250	1	0.0	2	1
3253	2	0.0	2	2
3254	1	0.0	2	1
3255	2	0.0	2	1 1
3256	1	0.0	2	1
3257	1	0.0	2	1
3258	2	0.0	2	2
3260	1	0.0	2	1
3263	2	0.0	2	2
3266	1	0.0	2	1
3272	2	0.0	2	2
3273	1	0.0	2	1
3278	1	0.0	2	1
3279	1	0.0	2	1
3280	1	0.0	2	1
3285	1	0.0	2	0 1
3286	1	0.0	2	1
3288	1	0.0	2	1
3291	1	0.0	2	1
3294	1	0.0	2	1
3295	1	0.0	2	1
3296	1	0.0	2	1
3300	2	0.0	2	2
3301	2	0.0	2	2
3304	1	0.0	2	1
3305	1	0.0	2	1
3306	1	0.0	2	1
3307	1	0.0	2	1
3309	1	0.0	2	1
3312	3	0.0	2	3
3313	1	0.0	2	1
3314	1	0.0	2	1
3316	1	0.0	2	1
3317	1	0.0	2	1
3318	1	0.0	2	1
3320	1	0.0	2	1
3321	3	0.0	2	3
3324	1	0.0	2	1
3326	2	0.0	2	2
3333	1	0.0	2	1
3334	2	0.0	2	2
3339	1	0.0	2	1
3340	2	0.0	2	2
3343	2	0.0	2	2
3344	1	0.0	2	1
3345	1	0.0	2	0 1
3346	1	0.0	2	1
3347	2	0.0	2	2
3349	4	0.0	2	4
3352	1	0.0	2	1
3354	2	0.0	2	2
3356	3	0.0	2	3
3358	1	0.0	2	1
3360	1	0.0	2	1
3361	1	0.0	2	1
3363	1	0.0	2	1
3364	1	0.0	2	1
3367	1	0.0	2	1
3368	1	0.0	2	1
3369	3	0.0	2	3
3372	1	0.0	2	1
3373	1	0.0	2	1
3374	1	0.0	2	1
3377	1	0.0	2	1
3378	3	0.0	2	3
3379	1	0.0	2	1
3380	1	0.0	2	1
3381	2	0.0	2	2
3382	1	0.0	2	1
3384	1	0.0	2	1
3385	2	0.0	2	2
3386	4	0.0	2	4
3390	1	0.0	2	1
3391	1	0.0	2	1
3392	1	0.0	2	1
3394	2	0.0	2	2
3395	1	0.0	2	1
3397	3	0.0	2	3
3399	2	0.0	2	2
3400	2	0.0	2	2
3401	1	0.0	2	1
3402	3	0.0	2	3
3403	2	0.0	2	2
3404	1	0.0	2	1
3405	2	0.0	2	2
3406	1	0.0	2	1
3407	1	0.0	2	1
3408	2	0.0	2	1 1
3411	1	0.0	2	1
3412	2	0.0	2	2
3413	1	0.0	2	1
3415	4	0.0	2	4
3416	2	0.0	2	2
3417	1	0.0	2	1
3418	1	0.0	2	1
3419	1	0.0	2	1
3420	2	0.0	2	2
3421	1	0.0	2	1
3422	1	0.0	2	1
3423	4	0.0	2	4
3424	2	0.0	2	2
3425	2	0.0	2	2
3427	3	0.0	2	3
3428	3	0.0	2	3
3429	3	0.0	2	3
3430	4	0.0	2	4
3432	1	0.0	2	1
3433	1	0.0	2	1
3434	2	0.0	2	2
3436	2	0.0	2	2
3437	2	0.0	2	2
3439	2	0.0	2	2
3440	1	0.0	2	1
3441	3	0.0	2	3
3442	2	0.0	2	2
3443	1	0.0	2	1
3444	5	0.0	2	5
3445	2	0.0	2	2
3446	2	0.0	2	2
3447	2	0.0	2	2
3448	1	0.0	2	1
3450	2	0.0	2	2
3451	2	0.0	2	2
3453	1	0.0	2	1
3455	3	0.0	2	3
3458	1	0.0	2	1
3459	2	0.0	2	2
3460	1	0.0	2	1
3461	1	0.0	2	1
3462	2	0.0	2	2
3463	3	0.0	2	3
3464	4	0.0	2	3 1
3465	2	0.0	2	2
3466	3	0.0	2	3
3468	2	0.0	2	2
3469	1	0.0	2	1
3470	1	0.0	2	1
3471	2	0.0	2	2
3473	3	0.0	2	3
3474	1	0.0	2	1
3476	3	0.0	2	3
3477	3	0.0	2	3
3478	1	0.0	2	1
3479	5	0.0	2	4 1
3480	1	0.0	2	1
3481	1	0.0	2	1
3482	4	0.0	2	3 1
3483	4	0.0	2	4
3484	3	0.0	2	3
3485	2	0.0	2	2
3486	2	0.0	2	2
3487	2	0.0	2	2
3488	1	0.0	2	1
3490	2	0.0	2	2
3491	1	0.0	2	1
3492	2	0.0	2	2
3493	4	0.0	2	4
3494	3	0.0	2	3
3495	1	0.0	2	1
3497	1	0.0	2	1
3498	1	0.0	2	1
3499	1	0.0	2	1
3500	2	0.0	2	2
3501	4	0.0	2	4
3502	1	0.0	2	1
3503	1	0.0	2	1
3504	1	0.0	2	1
3505	1	0.0	2	1
3506	2	0.0	2	2
3507	1	0.0	2	1
3510	1	0.0	2	1
3511	2	0.0	2	2
3512	1	0.0	2	1
3513	1	0.0	2	1
3514	1	0.0	2	1
3515	2	0.0	2	2
3516	1	0.0	2	1
3518	2	0.0	2	2
3519	1	0.0	2	1
3520	1	0.0	2	1
3523	1	0.0	2	1
3524	2	0.0	2	2
3526	1	0.0	2	1
3528	1	0.0	2	1
3529	1	0.0	2	1
3530	3	0.0	2	3
3531	1	0.0	2	0 1
3532	3	0.0	2	3
3534	3	0.0	2	3
3535	3	0.0	2	3
3536	2	0.0	2	2
3537	3	0.0	2	3
3538	1	0.0	2	1
3539	3	0.0	2	3
3541	4	0.0	2	4
3542	3	0.0	2	3
3544	1	0.0	2	1
3546	1	0.0	2	1
3547	1	0.0	2	1
3548	1	0.0	2	1
3549	2	0.0	2	2
3550	1	0.0	2	1
3551	1	0.0	2	1
3552	2	0.0	2	2
3554	1	0.0	2	1
3555	1	0.0	2	1
3556	2	0.0	2	2
3557	2	0.0	2	2
3558	3	0.0	2	3
3559	1	0.0	2	1
3560	5	0.0	2	5
3561	4	0.0	2	4
3562	3	0.0	2	3
3563	1	0.0	2	1
3564	1	0.0	2	1
3565	1	0.0	2	1
3566	1	0.0	2	1
3567	3	0.0	2	3
3569	1	0.0	2	1
3570	1	0.0	2	1
3572	2	0.0	2	2
3573	2	0.0	2	1 0 1
3574	1	0.0	2	1
3576	5	0.0	2	5
3577	2	0.0	2	2
3578	2	0.0	2	1 1
3580	2	0.0	2	2
3581	3	0.0	2	3
3582	1	0.0	2	1
3583	1	0.0	2	1
3588	1	0.0	2	1
3591	1	0.0	2	1
3593	3	0.0	2	3
3594	4	0.0	2	4
3595	4	0.0	2	4
3596	1	0.0	2	1
3597	2	0.0	2	2
3598	1	0.0	2	0 1
3600	2	0.0	2	2
3601	5	0.0	2	4 1
3602	2	0.0	2	2
3604	1	0.0	2	1
3605	2	0.0	2	2
3606	1	0.0	2	1
3607	2	0.0	2	2
3608	3	0.0	2	3
3609	3	0.0	2	3
3611	1	0.0	2	1
3612	1	0.0	2	1
3614	1	0.0	2	1
3615	2	0.0	2	2
3616	3	0.0	2	3
3617	2	0.0	2	2
3619	1	0.0	2	1
3620	2	0.0	2	2
3621	1	0.0	2	1
3622	2	0.0	2	2
3623	2	0.0	2	2
3624	1	0.0	2	1
3625	1	0.0	2	1
3626	2	0.0	2	2
3627	3	0.0	2	3
3628	1	0.0	2	1
3629	3	0.0	2	3
3630	1	0.0	2	1
3631	1	0.0	2	1
3632	2	0.0	2	2
3633	1	0.0	2	1
3634	1	0.0	2	1
3635	2	0.0	2	2
3636	2	0.0	2	2
3638	1	0.0	2	1
3639	3	0.0	2	3
3641	1	0.0	2	1
3642	2	0.0	2	2
3643	1	0.0	2	1
3645	1	0.0	2	1
3646	3	0.0	2	2 1
3647	4	0.0	2	4
3648	3	0.0	2	3
3650	1	0.0	2	1
3651	1	0.0	2	1
3652	2	0.0	2	2
3653	1	0.0	2	1
3655	1	0.0	2	1
3656	1	0.0	2	1
3657	1	0.0	2	1
3659	2	0.0	2	2
3660	3	0.0	2	3
3662	1	0.0	2	1
3663	2	0.0	2	2
3664	2	0.0	2	2
3665	1	0.0	2	1
3667	2	0.0	2	2
3669	1	0.0	2	1
3670	1	0.0	2	1
3671	2	0.0	2	1 1
3673	1	0.0	2	1
3674	1	0.0	2	1
3675	3	0.0	2	3
3676	4	0.0	2	4
3679	2	0.0	2	2
3680	1	0.0	2	1
3681	4	0.0	2	4
3683	2	0.0	2	2
3684	3	0.0	2	2 1
3685	1	0.0	2	1
3686	1	0.0	2	1
3687	2	0.0	2	2
3690	1	0.0	2	1
3692	2	0.0	2	2
3693	1	0.0	2	0 1
3696	2	0.0	2	2
3701	1	0.0	2	1
3702	1	0.0	2	1
3703	1	0.0	2	1
3704	2	0.0	2	2
3705	1	0.0	2	1
3707	1	0.0	2	0 1
3709	1	0.0	2	1
3711	1	0.0	2	1
3714	3	0.0	2	3
3715	3	0.0	2	3
3717	2	0.0	2	2
3719	3	0.0	2	3
3720	3	0.0	2	3
3722	2	0.0	2	2
3724	1	0.0	2	1
3725	1	0.0	2	1
3726	2	0.0	2	2
3728	1	0.0	2	0 1
3730	1	0.0	2	1
3731	2	0.0	2	2
3732	1	0.0	2	1
3734	2	0.0	2	2
3735	1	0.0	2	1
3736	1	0.0	2	1
3737	1	0.0	2	1
3739	1	0.0	2	1
3741	1	0.0	2	1
3742	2	0.0	2	2
3745	3	0.0	2	3
3746	1	0.0	2	1
3748	1	0.0	2	1
3749	2	0.0	2	2
3750	2	0.0	2	2
3751	1	0.0	2	1
3752	1	0.0	2	1
3754	2	0.0	2	2
3757	2	0.0	2	2
3760	1	0.0	2	1
3764	1	0.0	2	1
3766	1	0.0	2	1
3768	1	0.0	2	1
3769	1	0.0	2	1
3771	1	0.0	2	1
3773	2	0.0	2	2
3776	3	0.0	2	2 1
3778	1	0.0	2	1
3779	2	0.0	2	2
3780	1	0.0	2	1
3782	2	0.0	2	2
3784	2	0.0	2	2
3787	1	0.0	2	1
3788	1	0.0	2	1
3789	2	0.0	2	2
3790	2	0.0	2	2
3792	1	0.0	2	1
3793	2	0.0	2	2
3794	2	0.0	2	2
3795	1	0.0	2	1
3796	2	0.0	2	2
3798	1	0.0	2	1
3799	1	0.0	2	1
3800	1	0.0	2	1
3802	1	0.0	2	1
3803	3	0.0	2	3
3806	2	0.0	2	2
3807	2	0.0	2	2
3808	1	0.0	2	1
3810	2	0.0	2	2
3811	1	0.0	2	1
3815	1	0.0	2	1
3817	2	0.0	2	2
3819	3	0.0	2	3
3820	2	0.0	2	2
3821	1	0.0	2	1
3824	2	0.0	2	1 1
3825	2	0.0	2	1 1
3826	1	0.0	2	1
3827	1	0.0	2	1
3830	1	0.0	2	1
3832	1	0.0	2	1
3837	1	0.0	2	1
3838	1	0.0	2	1
3839	1	0.0	2	1
3840	1	0.0	2	1
3842	1	0.0	2	1
3843	1	0.0	2	1
3845	1	0.0	2	1
3846	1	0.0	2	1
3847	1	0.0	2	1
3849	1	0.0	2	1
3852	1	0.0	2	1
3858	3	0.0	2	3
3861	1	0.0	2	1
3863	2	0.0	2	2
3866	1	0.0	2	0 1
3869	1	0.0	2	1
3870	1	0.0	2	1
3874	1	0.0	2	1
3878	1	0.0	2	1
3879	2	0.0	2	2
3880	2	0.0	2	2
3885	1	0.0	2	1
3886	2	0.0	2	2
3887	1	0.0	2	1
3888	1	0.0	2	1
3890	1	0.0	2	1
3892	1	0.0	2	1
3893	1	0.0	2	1
3895	1	0.0	2	1
3896	1	0.0	2	1
3897	1	0.0	2	1
3898	1	0.0	2	1
3901	2	0.0	2	1 1
3904	1	0.0	2	1
3905	1	0.0	2	1
3907	2	0.0	2	2
3909	1	0.0	2	1
3910	1	0.0	2	1
3912	1	0.0	2	1
3913	1	0.0	2	1
3915	2	0.0	2	2
3916	2	0.0	2	2
3918	2	0.0	2	2
3919	1	0.0	2	1
3922	2	0.0	2	2
3924	1	0.0	2	1
3930	2	0.0	2	2
3931	1	0.0	2	1
3932	2	0.0	2	2
3933	2	0.0	2	2
3934	1	0.0	2	1
3935	1	0.0	2	1
3936	1	0.0	2	1
3937	2	0.0	2	2
3938	1	0.0	2	1
3939	1	0.0	2	1
3940	1	0.0	2	1
3944	1	0.0	2	1
3947	1	0.0	2	1
3948	1	0.0	2	1
3951	1	0.0	2	1
3953	2	0.0	2	2
3955	2	0.0	2	2
3956	1	0.0	2	1
3957	2	0.0	2	2
3960	1	0.0	2	1
3963	1	0.0	2	1
3967	1	0.0	2	1
3968	1	0.0	2	1
3971	1	0.0	2	1
3972	1	0.0	2	1
3973	1	0.0	2	1
3979	1	0.0	2	1
3980	2	0.0	2	2
3982	1	0.0	2	1
3984	2	0.0	2	1 1
3986	1	0.0	2	1
3988	1	0.0	2	1
3994	1	0.0	2	0 1
3997	1	0.0	2	1
3999	1	0.0	2	1
4000	2	0.0	2	2
4007	1	0.0	2	1
4017	1	0.0	2	1
4021	1	0.0	2	1
4022	1	0.0	2	1
4023	1	0.0	2	1
4024	1	0.0	2	1
4025	2	0.0	2	2
4028	1	0.0	2	1
4031	1	0.0	2	1
4032	1	0.0	2	1
4034	1	0.0	2	1
4036	1	0.0	2	1
4038	1	0.0	2	1
4041	2	0.0	2	2
4042	1	0.0	2	1
4048	1	0.0	2	1
4051	2	0.0	2	1 1
4056	2	0.0	2	2
4060	2	0.0	2	2
4061	1	0.0	2	1
4064	1	0.0	2	1
4072	1	0.0	2	1
4082	1	0.0	2	1
4084	1	0.0	2	1
4085	1	0.0	2	1
4086	1	0.0	2	1
4087	1	0.0	2	1
4088	1	0.0	2	1
4089	1	0.0	2	1
4102	1	0.0	2	1
4105	1	0.0	2	1
4109	1	0.0	2	1
4112	1	0.0	2	1
4113	1	0.0	2	1
4119	2	0.0	2	2
4120	1	0.0	2	1
4122	1	0.0	2	1
4123	1	0.0	2	1
4136	1	0.0	2	1
4139	2	0.0	2	2
4140	2	0.0	2	2
4141	1	0.0	2	1
4142	1	0.0	2	0 1
4143	1	0.0	2	1
4145	1	0.0	2	1
4150	1	0.0	2	0 1
4156	1	0.0	2	1
4160	1	0.0	2	1
4165	1	0.0	2	1
4168	1	0.0	2	1
4172	1	0.0	2	1
4174	1	0.0	2	1
4176	1	0.0	2	1
4178	1	0.0	2	1
4183	1	0.0	2	1
4188	1	0.0	2	1
4200	1	0.0	2	1
4202	1	0.0	2	1
4204	1	0.0	2	1
4205	1	0.0	2	1
4212	1	0.0	2	1
4217	1	0.0	2	1
4227	1	0.0	2	1
4233	1	0.0	2	1
4234	1	0.0	2	1
4237	1	0.0	2	1
4242	1	0.0	2	1
4243	1	0.0	2	1
4245	2	0.0	2	2
4248	1	0.0	2	0 1
4262	1	0.0	2	1
4290	1	0.0	2	0 1
4291	2	0.0	2	2
4292	1	0.0	2	1
4296	2	0.0	2	2
4303	1	0.0	2	1
4312	1	0.0	2	1
4313	1	0.0	2	0 1
4317	1	0.0	2	1
4320	1	0.0	2	1
4325	1	0.0	2	1
4328	1	0.0	2	1
4329	1	0.0	2	1
4330	1	0.0	2	1
4332	2	0.0	2	2
4333	1	0.0	2	1
4336	1	0.0	2	1
4350	1	0.0	2	1
4361	1	0.0	2	1
4365	1	0.0	2	1
4366	1	0.0	2	1
4377	1	0.0	2	1
4378	1	0.0	2	1
4385	1	0.0	2	1
4391	1	0.0	2	1
4395	1	0.0	2	1
4412	1	0.0	2	1
4415	1	0.0	2	1
4417	1	0.0	2	1
4418	1	0.0	2	1
4420	1	0.0	2	1
4421	1	0.0	2	1
4425	1	0.0	2	1
4439	1	0.0	2	1
4449	1	0.0	2	1
4451	1	0.0	2	1
4469	2	0.0	2	2
4481	1	0.0	2	1
4489	1	0.0	2	1
4490	1	0.0	2	1
4495	1	0.0	2	1
4497	1	0.0	2	1
4501	1	0.0	2	1
4504	2	0.0	2	1 1
4511	1	0.0	2	1
4512	1	0.0	2	1
4536	1	0.0	2	1
4538	1	0.0	2	1
4551	1	0.0	2	0 1
4568	1	0.0	2	1
4569	1	0.0	2	1
4577	1	0.0	2	1
4592	1	0.0	2	1
4610	1	0.0	2	0 1
4629	1	0.0	2	1
4666	1	0.0	2	1
4681	1	0.0	2	1
4701	1	0.0	2	0 1
4752	1	0.0	2	1
4770	1	0.0	2	1
4772	1	0.0	2	1
4775	1	0.0	2	1
4784	1	0.0	2	1
4805	1	0.0	2	0 1
4826	1	0.0	2	1
4867	1	0.0	2	1
4881	1	0.0	2	1
4886	1	0.0	2	1
4904	1	0.0	2	1
4907	1	0.0	2	1
4911	1	0.0	2	1
4951	1	0.0	2	1
5018	1	0.0	2	1
5060	1	0.0	2	1
5061	1	0.0	2	1
5090	1	0.0	2	1
5095	1	0.0	2	1
5116	1	0.0	2	1
5146	1	0.0	2	1
5160	1	0.0	2	1
5161	1	0.0	2	1
5171	1	0.0	2	1
5173	1	0.0	2	1
5176	1	0.0	2	1
5187	1	0.0	2	1
5221	1	0.0	2	1
5402	1	0.0	2	1
5410	1	0.0	2	1
5423	1	0.0	2	1
5440	1	0.0	2	1
5500	1	0.0	2	1
5630	1	0.0	2	1
5698	1	0.0	2	1
5831	1	0.0	2	1
5834	1	0.0	2	1
5870	1	0.0	2	1
5910	1	0.0	2	0 1
5965	1	0.0	2	1
5977	1	0.0	2	1
5995	1	0.0	2	1
6001	1	0.0	2	1
6023	1	0.0	2	1
6037	1	0.0	2	1
6064	1	0.0	2	1
6076	1	0.0	2	1
6095	1	0.0	2	1
6105	2	0.0	2	2
6126	1	0.0	2	1
6153	1	0.0	2	1
6169	1	0.0	2	1
6171	1	0.0	2	1
6178	1	0.0	2	1
6181	1	0.0	2	1
6188	1	0.0	2	1
6189	1	0.0	2	1
6207	1	0.0	2	1
6213	1	0.0	2	1
6218	2	0.0	2	2
6224	1	0.0	2	1
6226	1	0.0	2	1
6228	1	0.0	2	1
6231	1	0.0	2	1
6247	1	0.0	2	1
6248	1	0.0	2	1
6249	2	0.0	2	2
6252	1	0.0	2	1
6258	1	0.0	2	1
6261	1	0.0	2	1
6262	2	0.0	2	2
6266	3	0.0	2	3
6267	1	0.0	2	1
6270	1	0.0	2	1
6271	1	0.0	2	1
6274	1	0.0	2	1
6277	1	0.0	2	1
6281	1	0.0	2	1
6284	1	0.0	2	1
6286	1	0.0	2	1
6287	2	0.0	2	1 1
6294	1	0.0	2	1
6297	1	0.0	2	1
6299	2	0.0	2	2
6300	1	0.0	2	1
6306	1	0.0	2	1
6308	1	0.0	2	1
6313	1	0.0	2	1
6315	1	0.0	2	1
6321	2	0.0	2	2
6325	1	0.0	2	1
6326	1	0.0	2	1
6327	1	0.0	2	1
6328	1	0.0	2	1
6329	1	0.0	2	1
6338	1	0.0	2	0 1
6343	1	0.0	2	1
6346	1	0.0	2	1
6352	1	0.0	2	1
6353	1	0.0	2	1
6362	1	0.0	2	1
6366	1	0.0	2	1
6368	1	0.0	2	1
6374	3	0.0	2	3
6378	1	0.0	2	1
6379	1	0.0	2	1
6381	1	0.0	2	1
6383	2	0.0	2	2
6385	3	0.0	2	3
6386	1	0.0	2	1
6388	2	0.0	2	2
6389	1	0.0	2	1
6390	2	0.0	2	2
6391	1	0.0	2	1
6393	2	0.0	2	2
6397	1	0.0	2	1
6400	1	0.0	2	1
6403	1	0.0	2	1
6413	1	0.0	2	1
6419	1	0.0	2	1
6423	1	0.0	2	1
6425	1	0.0	2	1
6426	1	0.0	2	1
6432	1	0.0	2	1
6441	1	0.0	2	1
6454	2	0.0	2	2
6455	1	0.0	2	1
6457	1	0.0	2	1
6474	1	0.0	2	1
6494	1	0.0	2	1
6527	1	0.0	2	1
6532	1	0.0	2	1
6533	1	0.0	2	1
6539	1	0.0	2	1
6575	1	0.0	2	1
6588	1	0.0	2	1
6598	1	0.0	2	1
6601	1	0.0	2	1
6620	2	0.0	2	2
6644	1	0.0	2	1
6655	1	0.0	2	1
6681	1	0.0	2	1
6690	1	0.0	2	1
6698	1	0.0	2	1
6700	1	0.0	2	1
6702	1	0.0	2	1
6710	1	0.0	2	1
6713	1	0.0	2	1
6716	1	0.0	2	1
6723	1	0.0	2	1
6733	1	0.0	2	1
6743	1	0.0	2	1
6758	1	0.0	2	1
6759	1	0.0	2	1
6775	1	0.0	2	1
6779	1	0.0	2	1
6793	1	0.0	2	1
6808	1	0.0	2	1
6834	1	0.0	2	1
6835	1	0.0	2	1
6850	1	0.0	2	1
6858	1	0.0	2	1
6870	1	0.0	2	1
6877	1	0.0	2	1
6881	1	0.0	2	0 1
6901	1	0.0	2	1
6907	1	0.0	2	0 1
6910	1	0.0	2	1
6950	1	0.0	2	1
6956	1	0.0	2	1
6964	1	0.0	2	1
6983	1	0.0	2	1
6992	2	0.0	2	2
7015	1	0.0	2	1
7016	1	0.0	2	1
7020	1	0.0	2	1
7042	1	0.0	2	1
7077	1	0.0	2	1
7080	1	0.0	2	1
7096	1	0.0	2	1
7105	1	0.0	2	1
7130	1	0.0	2	1
7187	1	0.0	2	1
7219	1	0.0	2	1
7278	1	0.0	2	1
7299	1	0.0	2	1
7305	1	0.0	2	1
7326	1	0.0	2	1
7433	1	0.0	2	1
7466	1	0.0	2	1
7484	1	0.0	2	1
7569	1	0.0	2	1
7580	1	0.0	2	1
7582	1	0.0	2	1
7623	1	0.0	2	1
7624	1	0.0	2	1
7658	1	0.0	2	1
7703	1	0.0	2	1
7712	1	0.0	2	1
7808	1	0.0	2	1
7831	1	0.0	2	1
8241	1	0.0	2	1
8410	1	0.0	2	1
8417	1	0.0	2	1
8450	1	0.0	2	1
8488	1	0.0	2	1
8647	1	0.0	2	1
8677	1	0.0	2	0 1
8919	1	0.0	2	1
9078	1	0.0	2	1
9257	1	0.0	2	1
9333	1	0.0	2	1
9437	1	0.0	2	1
9482	1	0.0	2	1
9487	1	0.0	2	1
9522	1	0.0	2	1
9532	1	0.0	2	1
9573	1	0.0	2	1
9630	1	0.0	2	1
9638	1	0.0	2	1
9724	1	0.0	2	1
9779	1	0.0	2	1
9969	1	0.0	2	1
9973	1	0.0	2	1
10099	1	0.0	2	1
10143	1	0.0	2	1
10447	1	0.0	2	1
10773	1	0.0	2	1
11106	1	0.0	2	1
11833	1	0.0	2	1


WARNING:
    One or more of your adapter sequences may be incomplete.
    Please see the detailed output above.
