This is cutadapt 5.0 with Python 3.10.14
Command line parameters: -a file:HBV_primer.fasta -m 150 -M 1200 -q 10 -j 4 -o barcode12_trim_reads.fastq.gz barcode12.merged.fastq.gz
Processing single-end reads on 4 cores ...

=== Summary ===

Total reads processed:                  15,875
Reads with adapters:                    13,370 (84.2%)

== Read fate breakdown ==
Reads that were too short:              11,312 (71.3%)
Reads that were too long:                1,339 (8.4%)
Reads written (passing filters):         3,224 (20.3%)

Total basepairs processed:    19,018,246 bp
Quality-trimmed:                 106,751 bp (0.6%)
Total written (filtered):      1,721,125 bp (9.0%)

=== Adapter P1bis ===

Sequence: TTCACCTCTGCCTAATCA; Type: regular 3'; Length: 18; Trimmed: 1336 times

Minimum overlap: 3
No. of allowed errors:
1-9 bp: 0; 10-18 bp: 1

Bases preceding removed adapters:
  A: 0.5%
  C: 5.3%
  G: 3.4%
  T: 85.9%
  none/other: 4.9%
WARNING:
    The adapter is preceded by 'T' extremely often.
    The provided adapter sequence could be incomplete at its 5' end.
    Ignore this warning when trimming primers.

Overview of removed sequences
length	count	expect	max.err	error counts
3	25	248.0	0	25
4	22	62.0	0	22
5	1	15.5	0	1
6	6	3.9	0	6
7	19	1.0	0	19
8	2	0.2	0	2
9	30	0.1	0	30
10	270	0.0	1	2 268
11	3	0.0	1	0 3
12	1	0.0	1	0 1
13	22	0.0	1	16 6
14	2	0.0	1	0 2
15	1	0.0	1	0 1
17	1	0.0	1	0 1
19	10	0.0	1	0 10
20	1	0.0	1	1
26	4	0.0	1	0 4
27	1	0.0	1	0 1
28	1	0.0	1	0 1
30	1	0.0	1	0 1
31	2	0.0	1	0 2
32	1	0.0	1	0 1
34	1	0.0	1	0 1
35	1	0.0	1	0 1
37	4	0.0	1	1 3
38	1	0.0	1	0 1
40	1	0.0	1	0 1
42	3	0.0	1	0 3
43	2	0.0	1	0 2
45	2	0.0	1	0 2
49	1	0.0	1	0 1
50	3	0.0	1	0 3
51	1	0.0	1	0 1
52	1	0.0	1	0 1
53	1	0.0	1	0 1
54	4	0.0	1	1 3
55	1	0.0	1	0 1
56	2	0.0	1	0 2
57	1	0.0	1	0 1
58	1	0.0	1	0 1
59	2	0.0	1	0 2
60	1	0.0	1	0 1
62	1	0.0	1	0 1
63	1	0.0	1	1
64	4	0.0	1	0 4
66	1	0.0	1	0 1
68	1	0.0	1	0 1
69	1	0.0	1	0 1
70	1	0.0	1	0 1
71	3	0.0	1	0 3
72	2	0.0	1	0 2
73	3	0.0	1	0 3
74	1	0.0	1	0 1
75	2	0.0	1	0 2
76	1	0.0	1	0 1
78	2	0.0	1	0 2
79	1	0.0	1	0 1
80	1	0.0	1	0 1
81	2	0.0	1	0 2
82	3	0.0	1	0 3
84	1	0.0	1	0 1
85	1	0.0	1	0 1
87	3	0.0	1	0 3
89	1	0.0	1	0 1
91	1	0.0	1	0 1
93	2	0.0	1	0 2
95	1	0.0	1	0 1
96	1	0.0	1	0 1
97	1	0.0	1	0 1
98	4	0.0	1	1 3
103	1	0.0	1	1
105	1	0.0	1	1
106	1	0.0	1	0 1
107	3	0.0	1	0 3
110	2	0.0	1	0 2
111	1	0.0	1	0 1
112	1	0.0	1	0 1
113	2	0.0	1	0 2
114	1	0.0	1	0 1
118	1	0.0	1	0 1
119	4	0.0	1	0 4
121	3	0.0	1	0 3
122	1	0.0	1	0 1
123	1	0.0	1	0 1
125	3	0.0	1	0 3
126	2	0.0	1	0 2
127	1	0.0	1	0 1
128	3	0.0	1	0 3
129	5	0.0	1	0 5
132	2	0.0	1	0 2
134	1	0.0	1	0 1
135	1	0.0	1	0 1
136	1	0.0	1	0 1
137	1	0.0	1	0 1
138	2	0.0	1	0 2
139	1	0.0	1	0 1
140	1	0.0	1	0 1
142	1	0.0	1	0 1
143	1	0.0	1	0 1
144	2	0.0	1	0 2
145	2	0.0	1	0 2
148	1	0.0	1	0 1
149	1	0.0	1	0 1
152	1	0.0	1	0 1
155	1	0.0	1	0 1
156	2	0.0	1	0 2
159	1	0.0	1	0 1
160	1	0.0	1	0 1
161	1	0.0	1	0 1
162	2	0.0	1	0 2
163	3	0.0	1	1 2
164	2	0.0	1	1 1
165	2	0.0	1	1 1
166	1	0.0	1	0 1
168	2	0.0	1	0 2
170	1	0.0	1	0 1
171	2	0.0	1	0 2
172	1	0.0	1	0 1
173	2	0.0	1	0 2
174	1	0.0	1	0 1
176	2	0.0	1	1 1
177	2	0.0	1	0 2
178	2	0.0	1	0 2
179	1	0.0	1	0 1
180	3	0.0	1	0 3
181	2	0.0	1	0 2
183	1	0.0	1	0 1
184	3	0.0	1	0 3
185	3	0.0	1	0 3
186	1	0.0	1	0 1
187	1	0.0	1	0 1
188	3	0.0	1	1 2
189	1	0.0	1	0 1
190	3	0.0	1	1 2
191	3	0.0	1	0 3
192	2	0.0	1	0 2
194	3	0.0	1	0 3
195	1	0.0	1	0 1
196	1	0.0	1	0 1
197	2	0.0	1	0 2
199	2	0.0	1	2
200	1	0.0	1	0 1
202	3	0.0	1	0 3
203	1	0.0	1	0 1
204	2	0.0	1	0 2
205	2	0.0	1	0 2
206	2	0.0	1	0 2
207	2	0.0	1	0 2
208	1	0.0	1	0 1
210	3	0.0	1	1 2
211	1	0.0	1	0 1
212	2	0.0	1	1 1
214	3	0.0	1	1 2
218	2	0.0	1	0 2
220	2	0.0	1	0 2
221	1	0.0	1	0 1
223	1	0.0	1	0 1
224	1	0.0	1	0 1
225	2	0.0	1	0 2
226	5	0.0	1	0 5
227	2	0.0	1	0 2
228	1	0.0	1	0 1
229	1	0.0	1	0 1
230	1	0.0	1	0 1
231	2	0.0	1	0 2
233	4	0.0	1	0 4
234	1	0.0	1	0 1
235	2	0.0	1	1 1
236	2	0.0	1	0 2
237	1	0.0	1	0 1
238	3	0.0	1	0 3
239	1	0.0	1	0 1
241	3	0.0	1	0 3
242	1	0.0	1	0 1
243	3	0.0	1	0 3
244	1	0.0	1	0 1
245	1	0.0	1	0 1
246	2	0.0	1	0 2
247	1	0.0	1	1
248	2	0.0	1	0 2
249	1	0.0	1	0 1
250	1	0.0	1	0 1
252	2	0.0	1	0 2
253	3	0.0	1	0 3
256	3	0.0	1	0 3
258	1	0.0	1	0 1
259	2	0.0	1	0 2
260	2	0.0	1	1 1
262	3	0.0	1	0 3
264	1	0.0	1	0 1
266	3	0.0	1	0 3
267	1	0.0	1	0 1
268	1	0.0	1	0 1
270	4	0.0	1	0 4
271	1	0.0	1	0 1
273	3	0.0	1	0 3
275	1	0.0	1	0 1
277	2	0.0	1	0 2
279	1	0.0	1	0 1
280	1	0.0	1	0 1
281	2	0.0	1	0 2
282	1	0.0	1	0 1
284	1	0.0	1	0 1
285	2	0.0	1	0 2
286	7	0.0	1	0 7
287	2	0.0	1	0 2
288	1	0.0	1	0 1
289	2	0.0	1	0 2
290	4	0.0	1	0 4
292	4	0.0	1	0 4
293	1	0.0	1	0 1
294	5	0.0	1	0 5
295	1	0.0	1	0 1
296	1	0.0	1	1
298	1	0.0	1	0 1
303	1	0.0	1	0 1
304	4	0.0	1	0 4
305	1	0.0	1	0 1
307	1	0.0	1	0 1
308	4	0.0	1	1 3
309	3	0.0	1	0 3
310	1	0.0	1	0 1
311	1	0.0	1	0 1
312	1	0.0	1	0 1
313	2	0.0	1	0 2
314	1	0.0	1	1
315	1	0.0	1	0 1
316	1	0.0	1	1
317	2	0.0	1	0 2
318	1	0.0	1	1
319	1	0.0	1	0 1
320	2	0.0	1	0 2
322	4	0.0	1	0 4
326	1	0.0	1	0 1
328	1	0.0	1	0 1
329	1	0.0	1	0 1
332	2	0.0	1	0 2
334	2	0.0	1	0 2
336	1	0.0	1	0 1
337	3	0.0	1	0 3
338	2	0.0	1	0 2
339	1	0.0	1	0 1
340	1	0.0	1	0 1
341	2	0.0	1	0 2
343	3	0.0	1	0 3
345	1	0.0	1	0 1
346	1	0.0	1	0 1
348	1	0.0	1	0 1
349	1	0.0	1	0 1
351	1	0.0	1	0 1
353	1	0.0	1	0 1
355	1	0.0	1	0 1
356	1	0.0	1	0 1
358	1	0.0	1	0 1
359	1	0.0	1	0 1
360	2	0.0	1	0 2
362	2	0.0	1	0 2
363	1	0.0	1	0 1
365	1	0.0	1	0 1
366	1	0.0	1	0 1
369	1	0.0	1	0 1
370	1	0.0	1	0 1
371	2	0.0	1	0 2
372	1	0.0	1	0 1
375	1	0.0	1	0 1
377	2	0.0	1	0 2
378	1	0.0	1	0 1
379	1	0.0	1	0 1
382	1	0.0	1	0 1
383	2	0.0	1	0 2
386	2	0.0	1	0 2
387	2	0.0	1	0 2
388	2	0.0	1	0 2
390	2	0.0	1	0 2
391	2	0.0	1	0 2
395	1	0.0	1	0 1
396	2	0.0	1	0 2
397	3	0.0	1	0 3
398	2	0.0	1	0 2
399	2	0.0	1	0 2
400	1	0.0	1	0 1
401	2	0.0	1	0 2
402	2	0.0	1	0 2
404	2	0.0	1	0 2
406	1	0.0	1	0 1
408	2	0.0	1	0 2
409	1	0.0	1	0 1
411	1	0.0	1	0 1
414	2	0.0	1	0 2
416	4	0.0	1	0 4
420	2	0.0	1	0 2
421	1	0.0	1	0 1
422	2	0.0	1	0 2
428	1	0.0	1	0 1
429	2	0.0	1	0 2
431	1	0.0	1	0 1
432	3	0.0	1	0 3
433	1	0.0	1	0 1
434	1	0.0	1	0 1
435	2	0.0	1	0 2
437	2	0.0	1	0 2
438	1	0.0	1	0 1
440	1	0.0	1	0 1
441	1	0.0	1	0 1
442	2	0.0	1	0 2
444	1	0.0	1	0 1
449	1	0.0	1	0 1
452	1	0.0	1	0 1
453	1	0.0	1	0 1
456	1	0.0	1	0 1
457	2	0.0	1	0 2
458	1	0.0	1	0 1
460	2	0.0	1	0 2
461	2	0.0	1	0 2
462	1	0.0	1	0 1
463	2	0.0	1	0 2
465	1	0.0	1	1
469	1	0.0	1	0 1
470	1	0.0	1	0 1
471	2	0.0	1	0 2
472	2	0.0	1	0 2
473	2	0.0	1	0 2
474	1	0.0	1	0 1
476	1	0.0	1	0 1
478	1	0.0	1	0 1
479	1	0.0	1	0 1
481	1	0.0	1	0 1
482	2	0.0	1	0 2
484	1	0.0	1	0 1
486	3	0.0	1	0 3
487	1	0.0	1	0 1
488	1	0.0	1	0 1
489	1	0.0	1	0 1
490	1	0.0	1	0 1
492	1	0.0	1	0 1
495	2	0.0	1	0 2
499	1	0.0	1	0 1
502	2	0.0	1	0 2
508	2	0.0	1	0 2
510	2	0.0	1	0 2
511	1	0.0	1	0 1
517	2	0.0	1	1 1
521	2	0.0	1	0 2
523	2	0.0	1	0 2
525	2	0.0	1	0 2
526	3	0.0	1	0 3
528	2	0.0	1	0 2
532	1	0.0	1	0 1
534	4	0.0	1	1 3
535	1	0.0	1	0 1
537	4	0.0	1	0 4
538	2	0.0	1	0 2
541	2	0.0	1	0 2
542	1	0.0	1	0 1
543	2	0.0	1	0 2
544	1	0.0	1	0 1
545	1	0.0	1	0 1
546	1	0.0	1	0 1
548	1	0.0	1	0 1
550	1	0.0	1	0 1
551	1	0.0	1	0 1
554	2	0.0	1	0 2
556	1	0.0	1	0 1
557	2	0.0	1	0 2
558	2	0.0	1	0 2
560	1	0.0	1	0 1
563	1	0.0	1	0 1
564	1	0.0	1	0 1
565	1	0.0	1	0 1
567	1	0.0	1	0 1
571	1	0.0	1	0 1
572	1	0.0	1	0 1
576	2	0.0	1	0 2
579	1	0.0	1	0 1
580	1	0.0	1	0 1
582	1	0.0	1	0 1
586	1	0.0	1	0 1
594	1	0.0	1	0 1
596	1	0.0	1	0 1
597	1	0.0	1	0 1
600	4	0.0	1	1 3
603	1	0.0	1	0 1
606	1	0.0	1	0 1
607	1	0.0	1	0 1
610	1	0.0	1	0 1
613	3	0.0	1	1 2
614	2	0.0	1	0 2
615	1	0.0	1	0 1
616	1	0.0	1	0 1
619	1	0.0	1	0 1
620	1	0.0	1	0 1
622	1	0.0	1	0 1
623	2	0.0	1	0 2
625	2	0.0	1	0 2
628	1	0.0	1	0 1
629	1	0.0	1	0 1
631	1	0.0	1	0 1
632	2	0.0	1	0 2
634	1	0.0	1	0 1
635	1	0.0	1	0 1
638	1	0.0	1	0 1
640	1	0.0	1	0 1
641	1	0.0	1	0 1
645	2	0.0	1	1 1
647	1	0.0	1	0 1
649	1	0.0	1	0 1
653	1	0.0	1	0 1
655	1	0.0	1	0 1
656	1	0.0	1	0 1
666	1	0.0	1	0 1
667	2	0.0	1	0 2
668	1	0.0	1	0 1
673	2	0.0	1	0 2
677	1	0.0	1	0 1
679	3	0.0	1	0 3
680	1	0.0	1	0 1
681	1	0.0	1	0 1
684	2	0.0	1	0 2
689	1	0.0	1	0 1
693	1	0.0	1	0 1
695	2	0.0	1	0 2
701	1	0.0	1	0 1
704	1	0.0	1	0 1
707	1	0.0	1	0 1
713	1	0.0	1	0 1
719	3	0.0	1	0 3
720	3	0.0	1	0 3
722	2	0.0	1	0 2
724	1	0.0	1	0 1
726	1	0.0	1	0 1
730	1	0.0	1	0 1
733	1	0.0	1	0 1
743	1	0.0	1	0 1
746	1	0.0	1	0 1
747	1	0.0	1	0 1
748	1	0.0	1	0 1
756	2	0.0	1	0 2
758	2	0.0	1	0 2
767	1	0.0	1	0 1
772	1	0.0	1	0 1
773	1	0.0	1	0 1
775	1	0.0	1	0 1
778	1	0.0	1	0 1
780	1	0.0	1	0 1
781	1	0.0	1	0 1
789	2	0.0	1	0 2
790	1	0.0	1	0 1
791	1	0.0	1	0 1
799	2	0.0	1	0 2
802	1	0.0	1	0 1
803	2	0.0	1	0 2
804	1	0.0	1	0 1
806	1	0.0	1	0 1
808	1	0.0	1	0 1
809	1	0.0	1	0 1
810	1	0.0	1	0 1
813	2	0.0	1	0 2
814	1	0.0	1	1
816	1	0.0	1	0 1
817	1	0.0	1	0 1
819	1	0.0	1	0 1
824	2	0.0	1	0 2
825	1	0.0	1	0 1
826	1	0.0	1	0 1
827	1	0.0	1	0 1
828	1	0.0	1	0 1
829	2	0.0	1	1 1
832	1	0.0	1	0 1
834	2	0.0	1	0 2
837	2	0.0	1	1 1
838	1	0.0	1	0 1
839	1	0.0	1	0 1
840	1	0.0	1	0 1
843	2	0.0	1	0 2
845	1	0.0	1	0 1
852	1	0.0	1	0 1
855	1	0.0	1	1
857	3	0.0	1	0 3
858	1	0.0	1	0 1
860	1	0.0	1	0 1
861	1	0.0	1	0 1
864	2	0.0	1	0 2
866	1	0.0	1	0 1
869	1	0.0	1	0 1
870	1	0.0	1	0 1
879	1	0.0	1	0 1
883	1	0.0	1	0 1
892	1	0.0	1	0 1
893	1	0.0	1	0 1
895	1	0.0	1	0 1
896	2	0.0	1	0 2
904	1	0.0	1	0 1
912	1	0.0	1	0 1
918	1	0.0	1	0 1
919	2	0.0	1	0 2
924	1	0.0	1	0 1
925	1	0.0	1	0 1
929	1	0.0	1	0 1
932	1	0.0	1	0 1
940	1	0.0	1	0 1
941	1	0.0	1	0 1
942	1	0.0	1	0 1
944	1	0.0	1	0 1
947	1	0.0	1	0 1
948	1	0.0	1	0 1
950	1	0.0	1	1
953	1	0.0	1	0 1
956	1	0.0	1	0 1
958	1	0.0	1	1
967	1	0.0	1	1
987	2	0.0	1	0 2
989	1	0.0	1	0 1
992	1	0.0	1	0 1
993	1	0.0	1	0 1
995	1	0.0	1	1
996	1	0.0	1	0 1
999	1	0.0	1	0 1
1002	1	0.0	1	0 1
1013	1	0.0	1	0 1
1021	1	0.0	1	0 1
1029	1	0.0	1	0 1
1031	1	0.0	1	0 1
1034	1	0.0	1	0 1
1037	1	0.0	1	0 1
1040	1	0.0	1	0 1
1042	1	0.0	1	0 1
1054	1	0.0	1	0 1
1057	1	0.0	1	0 1
1060	1	0.0	1	0 1
1061	1	0.0	1	0 1
1063	1	0.0	1	0 1
1064	1	0.0	1	0 1
1067	1	0.0	1	0 1
1068	1	0.0	1	0 1
1070	1	0.0	1	0 1
1072	1	0.0	1	0 1
1073	3	0.0	1	0 3
1081	1	0.0	1	0 1
1083	1	0.0	1	0 1
1088	1	0.0	1	0 1
1097	1	0.0	1	0 1
1104	1	0.0	1	0 1
1110	1	0.0	1	0 1
1112	1	0.0	1	0 1
1127	1	0.0	1	0 1
1133	1	0.0	1	0 1
1134	1	0.0	1	0 1
1135	1	0.0	1	0 1
1151	1	0.0	1	0 1
1152	1	0.0	1	0 1
1168	1	0.0	1	0 1
1176	1	0.0	1	0 1
1177	1	0.0	1	0 1
1178	1	0.0	1	0 1
1182	1	0.0	1	0 1
1198	1	0.0	1	0 1
1201	1	0.0	1	0 1
1214	1	0.0	1	0 1
1218	1	0.0	1	0 1
1223	1	0.0	1	0 1
1229	1	0.0	1	0 1
1239	1	0.0	1	0 1
1242	1	0.0	1	0 1
1244	1	0.0	1	0 1
1246	1	0.0	1	0 1
1248	1	0.0	1	0 1
1252	1	0.0	1	0 1
1257	1	0.0	1	0 1
1271	1	0.0	1	0 1
1273	3	0.0	1	0 3
1281	1	0.0	1	0 1
1300	1	0.0	1	0 1
1305	1	0.0	1	0 1
1307	1	0.0	1	0 1
1319	1	0.0	1	0 1
1323	2	0.0	1	0 2
1351	1	0.0	1	0 1
1363	1	0.0	1	0 1
1414	1	0.0	1	0 1
1420	1	0.0	1	0 1
1453	1	0.0	1	0 1
1456	1	0.0	1	0 1
1459	1	0.0	1	0 1
1469	1	0.0	1	0 1
1481	1	0.0	1	0 1
1493	1	0.0	1	0 1
1507	1	0.0	1	0 1
1512	1	0.0	1	0 1
1574	1	0.0	1	0 1
1589	2	0.0	1	0 2
1604	1	0.0	1	0 1
1624	1	0.0	1	0 1
1661	1	0.0	1	1
1672	1	0.0	1	0 1
1687	1	0.0	1	0 1
1739	1	0.0	1	1
1754	1	0.0	1	0 1
1763	1	0.0	1	0 1
1817	1	0.0	1	0 1
1828	1	0.0	1	0 1
1832	1	0.0	1	0 1
1840	1	0.0	1	0 1
1859	1	0.0	1	0 1
1872	1	0.0	1	0 1
1905	1	0.0	1	0 1
1979	1	0.0	1	0 1
2007	1	0.0	1	0 1
2015	1	0.0	1	0 1
2021	1	0.0	1	0 1
2047	1	0.0	1	0 1
2093	1	0.0	1	0 1
2148	1	0.0	1	0 1
2171	1	0.0	1	0 1
2218	1	0.0	1	0 1
2226	1	0.0	1	0 1
2243	1	0.0	1	0 1
2325	1	0.0	1	0 1
2355	1	0.0	1	0 1
2451	1	0.0	1	0 1
2493	1	0.0	1	0 1
2501	1	0.0	1	0 1
2519	1	0.0	1	0 1
2537	1	0.0	1	0 1
2543	1	0.0	1	0 1
2570	1	0.0	1	0 1
2582	1	0.0	1	0 1
2652	1	0.0	1	0 1
2782	1	0.0	1	0 1
2783	1	0.0	1	0 1
2812	1	0.0	1	0 1
2925	1	0.0	1	0 1
2926	1	0.0	1	0 1
2980	1	0.0	1	0 1
3105	1	0.0	1	0 1
3115	1	0.0	1	0 1
3155	1	0.0	1	1
3195	1	0.0	1	0 1
3206	1	0.0	1	0 1
3259	1	0.0	1	0 1
3363	1	0.0	1	0 1
3446	1	0.0	1	0 1
3548	1	0.0	1	0 1
3560	1	0.0	1	0 1
3732	1	0.0	1	0 1
3921	1	0.0	1	0 1
5471	1	0.0	1	0 1


=== Adapter P2bis ===

Sequence: AAAAAGTTGCATGGTGCTGG; Type: regular 3'; Length: 20; Trimmed: 5051 times

Minimum overlap: 3
No. of allowed errors:
1-9 bp: 0; 10-19 bp: 1; 20 bp: 2

Bases preceding removed adapters:
  A: 0.6%
  C: 0.4%
  G: 12.2%
  T: 1.5%
  none/other: 85.4%

Overview of removed sequences
length	count	expect	max.err	error counts
3	48	248.0	0	48
4	11	62.0	0	11
5	36	15.5	0	36
6	3	3.9	0	3
7	5	1.0	0	5
8	2	0.2	0	2
9	2	0.1	0	2
10	3	0.0	1	3
11	4	0.0	1	2 2
12	88	0.0	1	53 35
13	4	0.0	1	3 1
14	4	0.0	1	3 1
15	2	0.0	1	0 2
18	1	0.0	1	1
29	3	0.0	2	1 0 2
32	1	0.0	2	0 1
34	1	0.0	2	0 0 1
36	1	0.0	2	0 0 1
47	1	0.0	2	0 0 1
49	2	0.0	2	0 0 2
50	1	0.0	2	0 0 1
54	1	0.0	2	0 0 1
58	1	0.0	2	0 0 1
64	1	0.0	2	0 0 1
67	1	0.0	2	0 0 1
68	10	0.0	2	1 1 8
70	1	0.0	2	0 0 1
71	1	0.0	2	0 0 1
72	2	0.0	2	1 1
75	1	0.0	2	0 0 1
77	1	0.0	2	0 0 1
80	1	0.0	2	0 0 1
84	2	0.0	2	1 0 1
86	1	0.0	2	0 0 1
87	2	0.0	2	0 1 1
88	4	0.0	2	0 2 2
89	16	0.0	2	1 8 7
90	1	0.0	2	0 1
91	2	0.0	2	0 0 2
93	1	0.0	2	0 0 1
94	1	0.0	2	0 0 1
95	3	0.0	2	0 1 2
97	1	0.0	2	0 0 1
98	3	0.0	2	0 1 2
99	1	0.0	2	1
100	3	0.0	2	0 2 1
101	2	0.0	2	0 2
102	13	0.0	2	11 2
103	2	0.0	2	0 2
104	2	0.0	2	0 1 1
106	1	0.0	2	1
107	3	0.0	2	2 0 1
108	2	0.0	2	1 0 1
109	1	0.0	2	0 0 1
115	1	0.0	2	0 0 1
117	1	0.0	2	0 0 1
119	2	0.0	2	0 0 2
121	1	0.0	2	0 1
122	3	0.0	2	0 2 1
123	4	0.0	2	0 2 2
124	5	0.0	2	3 1 1
125	1	0.0	2	0 1
126	3	0.0	2	0 2 1
127	2	0.0	2	0 1 1
129	1	0.0	2	0 0 1
130	1	0.0	2	1
131	3	0.0	2	0 1 2
132	1	0.0	2	0 1
133	1	0.0	2	0 0 1
135	2	0.0	2	0 0 2
136	3	0.0	2	0 0 3
138	1	0.0	2	0 1
140	1	0.0	2	0 0 1
141	2	0.0	2	0 1 1
142	4	0.0	2	0 0 4
143	4	0.0	2	1 0 3
144	7	0.0	2	2 2 3
145	3	0.0	2	1 0 2
146	5	0.0	2	0 2 3
147	1	0.0	2	0 0 1
148	1	0.0	2	0 0 1
149	1	0.0	2	0 0 1
150	4	0.0	2	1 2 1
151	5	0.0	2	0 2 3
152	1	0.0	2	0 0 1
153	5	0.0	2	0 1 4
154	5	0.0	2	0 2 3
155	5	0.0	2	2 2 1
156	12	0.0	2	7 3 2
157	4	0.0	2	2 0 2
158	6	0.0	2	1 3 2
159	9	0.0	2	2 2 5
160	12	0.0	2	4 7 1
161	33	0.0	2	24 4 5
162	10	0.0	2	5 2 3
163	9	0.0	2	1 6 2
164	4	0.0	2	2 1 1
165	2	0.0	2	0 0 2
168	2	0.0	2	0 1 1
169	6	0.0	2	0 3 3
170	2	0.0	2	1 1
171	1	0.0	2	1
172	1	0.0	2	1
174	2	0.0	2	0 1 1
176	1	0.0	2	0 0 1
177	3	0.0	2	0 1 2
178	1	0.0	2	0 1
179	2	0.0	2	0 2
180	2	0.0	2	0 0 2
181	5	0.0	2	2 3
182	6	0.0	2	0 6
183	22	0.0	2	6 7 9
184	40	0.0	2	6 21 13
185	11	0.0	2	1 5 5
186	8	0.0	2	0 7 1
187	1	0.0	2	0 0 1
188	1	0.0	2	0 0 1
189	1	0.0	2	0 0 1
191	1	0.0	2	0 0 1
192	2	0.0	2	0 1 1
193	2	0.0	2	0 0 2
194	5	0.0	2	1 3 1
199	3	0.0	2	1 1 1
200	2	0.0	2	1 0 1
201	1	0.0	2	0 0 1
202	2	0.0	2	0 1 1
203	2	0.0	2	0 1 1
204	1	0.0	2	0 1
205	1	0.0	2	0 1
207	2	0.0	2	0 1 1
208	2	0.0	2	0 1 1
209	1	0.0	2	0 0 1
211	1	0.0	2	0 0 1
213	1	0.0	2	1
214	2	0.0	2	0 1 1
215	1	0.0	2	0 0 1
216	2	0.0	2	0 1 1
218	2	0.0	2	0 0 2
219	1	0.0	2	0 0 1
221	2	0.0	2	0 1 1
222	1	0.0	2	0 1
223	1	0.0	2	0 0 1
225	1	0.0	2	1
227	1	0.0	2	0 0 1
229	4	0.0	2	1 2 1
230	3	0.0	2	0 1 2
231	2	0.0	2	0 2
232	5	0.0	2	1 2 2
233	2	0.0	2	0 1 1
234	5	0.0	2	0 4 1
235	4	0.0	2	1 1 2
236	8	0.0	2	3 2 3
237	13	0.0	2	2 5 6
238	23	0.0	2	5 9 9
239	14	0.0	2	2 7 5
240	28	0.0	2	6 16 6
241	51	0.0	2	13 24 14
242	95	0.0	2	12 50 33
243	257	0.0	2	46 139 72
244	45	0.0	2	15 22 8
245	24	0.0	2	3 12 9
246	10	0.0	2	1 6 3
247	7	0.0	2	0 3 4
248	2	0.0	2	1 0 1
249	4	0.0	2	2 0 2
251	2	0.0	2	0 0 2
252	1	0.0	2	0 1
254	4	0.0	2	1 2 1
255	1	0.0	2	0 0 1
256	1	0.0	2	1
257	2	0.0	2	1 1
258	1	0.0	2	0 1
260	3	0.0	2	1 2
261	2	0.0	2	0 1 1
262	1	0.0	2	1
264	1	0.0	2	0 1
265	1	0.0	2	0 0 1
268	4	0.0	2	0 3 1
269	1	0.0	2	0 0 1
270	2	0.0	2	0 0 2
271	4	0.0	2	3 1
272	4	0.0	2	0 1 3
273	18	0.0	2	0 9 9
274	3	0.0	2	0 2 1
275	4	0.0	2	1 2 1
277	3	0.0	2	1 1 1
278	1	0.0	2	0 1
279	3	0.0	2	0 2 1
280	4	0.0	2	0 2 2
281	2	0.0	2	0 0 2
282	2	0.0	2	0 1 1
283	6	0.0	2	0 2 4
284	10	0.0	2	3 7
285	36	0.0	2	2 16 18
286	7	0.0	2	1 3 3
287	2	0.0	2	0 1 1
288	6	0.0	2	0 3 3
289	10	0.0	2	1 7 2
290	7	0.0	2	1 3 3
291	13	0.0	2	3 6 4
292	14	0.0	2	1 9 4
293	7	0.0	2	1 2 4
294	4	0.0	2	1 2 1
295	3	0.0	2	0 2 1
296	1	0.0	2	1
297	1	0.0	2	0 1
298	1	0.0	2	0 1
299	2	0.0	2	0 0 2
301	5	0.0	2	0 2 3
302	1	0.0	2	0 0 1
303	2	0.0	2	0 1 1
304	2	0.0	2	2
305	4	0.0	2	0 2 2
307	4	0.0	2	0 2 2
308	3	0.0	2	1 0 2
309	2	0.0	2	1 1
311	2	0.0	2	0 1 1
312	2	0.0	2	0 1 1
313	1	0.0	2	0 1
314	5	0.0	2	1 1 3
316	2	0.0	2	0 2
317	2	0.0	2	1 1
319	1	0.0	2	0 0 1
320	2	0.0	2	1 0 1
322	3	0.0	2	1 2
323	3	0.0	2	1 2
324	1	0.0	2	0 1
325	2	0.0	2	1 1
326	3	0.0	2	1 1 1
327	2	0.0	2	1 1
329	1	0.0	2	0 1
330	2	0.0	2	0 1 1
331	1	0.0	2	0 0 1
332	1	0.0	2	0 1
333	1	0.0	2	0 0 1
334	1	0.0	2	0 0 1
335	2	0.0	2	2
336	1	0.0	2	0 0 1
337	2	0.0	2	0 1 1
339	3	0.0	2	1 1 1
341	1	0.0	2	0 0 1
342	2	0.0	2	2
344	5	0.0	2	0 3 2
345	5	0.0	2	2 2 1
346	1	0.0	2	0 0 1
347	3	0.0	2	1 2
348	2	0.0	2	0 1 1
349	2	0.0	2	0 0 2
350	2	0.0	2	0 2
351	2	0.0	2	0 0 2
352	3	0.0	2	1 1 1
353	2	0.0	2	0 0 2
354	2	0.0	2	0 1 1
355	1	0.0	2	0 1
356	4	0.0	2	1 0 3
357	3	0.0	2	1 1 1
359	1	0.0	2	0 1
360	4	0.0	2	0 3 1
362	1	0.0	2	0 0 1
363	3	0.0	2	0 3
364	3	0.0	2	0 0 3
365	2	0.0	2	1 1
366	2	0.0	2	0 1 1
367	2	0.0	2	0 1 1
368	5	0.0	2	2 2 1
369	3	0.0	2	1 1 1
371	2	0.0	2	1 1
372	5	0.0	2	0 2 3
373	2	0.0	2	0 1 1
375	4	0.0	2	1 1 2
377	3	0.0	2	1 2
378	2	0.0	2	1 1
380	2	0.0	2	0 1 1
381	3	0.0	2	0 1 2
382	5	0.0	2	0 1 4
383	1	0.0	2	0 1
384	3	0.0	2	0 2 1
385	4	0.0	2	0 2 2
386	2	0.0	2	0 2
387	2	0.0	2	0 2
388	3	0.0	2	2 1
389	3	0.0	2	0 2 1
390	3	0.0	2	1 2
391	2	0.0	2	0 2
392	1	0.0	2	0 1
393	1	0.0	2	0 0 1
394	1	0.0	2	0 0 1
395	5	0.0	2	3 0 2
396	3	0.0	2	0 2 1
397	1	0.0	2	0 0 1
399	1	0.0	2	0 1
400	1	0.0	2	0 1
402	3	0.0	2	0 1 2
403	2	0.0	2	1 1
404	3	0.0	2	1 2
405	1	0.0	2	0 1
406	3	0.0	2	1 2
407	3	0.0	2	2 0 1
408	2	0.0	2	1 1
409	2	0.0	2	2
412	1	0.0	2	0 1
415	1	0.0	2	0 1
416	4	0.0	2	0 3 1
419	2	0.0	2	0 1 1
420	3	0.0	2	0 2 1
421	1	0.0	2	0 0 1
422	2	0.0	2	1 1
423	1	0.0	2	0 0 1
424	1	0.0	2	0 1
425	5	0.0	2	3 1 1
426	3	0.0	2	3
428	1	0.0	2	0 1
429	1	0.0	2	0 1
430	3	0.0	2	0 2 1
431	1	0.0	2	0 1
432	2	0.0	2	0 1 1
433	7	0.0	2	2 4 1
434	4	0.0	2	2 2
435	3	0.0	2	0 3
436	2	0.0	2	0 1 1
437	4	0.0	2	0 3 1
438	7	0.0	2	0 4 3
439	2	0.0	2	1 1
440	2	0.0	2	1 0 1
441	3	0.0	2	1 1 1
442	1	0.0	2	0 1
445	1	0.0	2	0 0 1
446	6	0.0	2	3 2 1
447	2	0.0	2	0 1 1
448	3	0.0	2	1 1 1
450	1	0.0	2	0 0 1
451	4	0.0	2	1 2 1
452	3	0.0	2	1 1 1
453	2	0.0	2	0 2
454	1	0.0	2	0 1
455	6	0.0	2	2 2 2
456	1	0.0	2	0 0 1
458	1	0.0	2	0 0 1
459	1	0.0	2	0 0 1
460	1	0.0	2	0 0 1
464	3	0.0	2	0 2 1
466	3	0.0	2	2 1
467	1	0.0	2	0 1
468	1	0.0	2	0 1
469	3	0.0	2	1 1 1
470	6	0.0	2	2 3 1
471	5	0.0	2	0 2 3
472	7	0.0	2	0 3 4
473	12	0.0	2	4 5 3
474	7	0.0	2	0 4 3
475	6	0.0	2	0 5 1
476	3	0.0	2	1 2
477	2	0.0	2	0 0 2
478	3	0.0	2	0 1 2
479	3	0.0	2	0 2 1
480	3	0.0	2	1 2
483	1	0.0	2	0 0 1
484	2	0.0	2	0 1 1
485	3	0.0	2	2 1
486	2	0.0	2	0 1 1
487	2	0.0	2	1 0 1
489	1	0.0	2	0 1
490	4	0.0	2	1 2 1
491	1	0.0	2	0 1
493	2	0.0	2	0 0 2
494	2	0.0	2	0 2
495	1	0.0	2	1
497	1	0.0	2	0 1
498	1	0.0	2	0 0 1
499	4	0.0	2	1 3
500	2	0.0	2	0 1 1
501	3	0.0	2	0 1 2
502	4	0.0	2	1 3
503	1	0.0	2	0 0 1
504	1	0.0	2	0 1
505	4	0.0	2	0 3 1
506	4	0.0	2	0 3 1
507	2	0.0	2	0 1 1
509	1	0.0	2	1
510	5	0.0	2	1 2 2
511	2	0.0	2	0 0 2
512	3	0.0	2	1 2
513	3	0.0	2	0 1 2
515	10	0.0	2	3 5 2
516	11	0.0	2	5 4 2
517	12	0.0	2	4 6 2
518	7	0.0	2	4 3
519	7	0.0	2	1 4 2
520	8	0.0	2	3 5
521	2	0.0	2	2
522	4	0.0	2	0 1 3
523	2	0.0	2	1 1
524	1	0.0	2	0 0 1
525	1	0.0	2	1
526	3	0.0	2	0 2 1
528	1	0.0	2	0 0 1
529	1	0.0	2	1
530	5	0.0	2	1 2 2
532	1	0.0	2	0 1
533	3	0.0	2	2 1
534	5	0.0	2	1 2 2
535	5	0.0	2	1 2 2
536	1	0.0	2	1
537	3	0.0	2	1 2
538	5	0.0	2	1 2 2
539	4	0.0	2	3 0 1
540	4	0.0	2	0 1 3
541	6	0.0	2	0 6
542	1	0.0	2	0 1
543	5	0.0	2	1 2 2
544	2	0.0	2	1 0 1
545	1	0.0	2	0 1
546	3	0.0	2	0 2 1
548	3	0.0	2	2 0 1
549	1	0.0	2	0 1
550	1	0.0	2	0 0 1
551	2	0.0	2	0 1 1
552	3	0.0	2	1 2
553	1	0.0	2	0 1
555	3	0.0	2	0 2 1
556	1	0.0	2	0 1
557	1	0.0	2	0 0 1
558	1	0.0	2	0 0 1
559	4	0.0	2	0 3 1
560	1	0.0	2	0 1
561	2	0.0	2	0 2
562	3	0.0	2	1 1 1
563	2	0.0	2	0 2
564	5	0.0	2	0 3 2
565	2	0.0	2	0 1 1
566	5	0.0	2	1 0 4
567	3	0.0	2	0 1 2
568	5	0.0	2	2 3
569	5	0.0	2	0 3 2
570	11	0.0	2	2 8 1
571	7	0.0	2	3 1 3
572	13	0.0	2	3 8 2
573	20	0.0	2	6 10 4
574	19	0.0	2	3 13 3
575	31	0.0	2	5 20 6
576	39	0.0	2	6 18 15
577	14	0.0	2	5 5 4
578	9	0.0	2	2 4 3
579	12	0.0	2	0 12
580	7	0.0	2	2 2 3
581	6	0.0	2	0 3 3
582	3	0.0	2	2 1
583	3	0.0	2	0 2 1
584	1	0.0	2	0 1
585	3	0.0	2	0 1 2
586	4	0.0	2	0 2 2
587	4	0.0	2	2 1 1
588	4	0.0	2	0 1 3
589	5	0.0	2	2 2 1
590	2	0.0	2	0 2
591	4	0.0	2	1 2 1
592	10	0.0	2	2 4 4
593	3	0.0	2	1 1 1
594	5	0.0	2	2 2 1
595	6	0.0	2	1 3 2
596	7	0.0	2	1 3 3
597	7	0.0	2	3 3 1
598	13	0.0	2	4 5 4
599	15	0.0	2	3 8 4
600	22	0.0	2	5 9 8
601	25	0.0	2	4 15 6
602	9	0.0	2	2 6 1
603	12	0.0	2	5 4 3
604	1	0.0	2	0 0 1
605	4	0.0	2	2 2
606	4	0.0	2	1 2 1
607	2	0.0	2	0 1 1
610	1	0.0	2	1
611	4	0.0	2	1 2 1
612	1	0.0	2	0 0 1
613	4	0.0	2	0 0 4
614	3	0.0	2	1 1 1
615	2	0.0	2	0 0 2
616	4	0.0	2	1 3
617	2	0.0	2	0 1 1
618	2	0.0	2	0 1 1
619	3	0.0	2	1 2
620	2	0.0	2	1 1
621	4	0.0	2	3 1
622	5	0.0	2	3 0 2
623	1	0.0	2	0 1
625	2	0.0	2	0 1 1
626	1	0.0	2	0 1
628	2	0.0	2	0 1 1
629	3	0.0	2	1 2
630	2	0.0	2	0 0 2
631	2	0.0	2	0 1 1
632	1	0.0	2	0 1
633	6	0.0	2	0 2 4
634	2	0.0	2	0 2
635	1	0.0	2	0 0 1
636	2	0.0	2	0 2
637	2	0.0	2	1 0 1
638	5	0.0	2	2 3
639	2	0.0	2	1 0 1
640	4	0.0	2	2 1 1
641	3	0.0	2	1 1 1
642	2	0.0	2	1 0 1
643	3	0.0	2	1 2
644	2	0.0	2	1 0 1
645	2	0.0	2	1 1
646	4	0.0	2	1 2 1
648	2	0.0	2	1 0 1
649	2	0.0	2	1 1
650	2	0.0	2	1 0 1
651	2	0.0	2	1 1
653	3	0.0	2	1 2
654	1	0.0	2	0 1
655	1	0.0	2	0 0 1
656	1	0.0	2	0 1
657	2	0.0	2	1 1
658	5	0.0	2	1 3 1
659	10	0.0	2	2 4 4
660	2	0.0	2	0 2
661	3	0.0	2	0 2 1
662	3	0.0	2	0 2 1
663	4	0.0	2	1 2 1
664	3	0.0	2	2 0 1
665	3	0.0	2	0 2 1
666	2	0.0	2	1 0 1
667	3	0.0	2	2 1
668	1	0.0	2	0 0 1
669	3	0.0	2	2 1
670	1	0.0	2	0 1
671	5	0.0	2	3 0 2
672	1	0.0	2	1
673	1	0.0	2	0 1
674	3	0.0	2	0 3
675	1	0.0	2	1
676	1	0.0	2	1
677	1	0.0	2	1
678	2	0.0	2	2
679	2	0.0	2	2
680	1	0.0	2	1
681	1	0.0	2	0 0 1
682	1	0.0	2	0 1
683	2	0.0	2	0 2
684	2	0.0	2	0 2
685	6	0.0	2	2 3 1
686	3	0.0	2	0 1 2
687	4	0.0	2	1 1 2
688	2	0.0	2	0 1 1
689	2	0.0	2	0 1 1
690	2	0.0	2	0 2
691	1	0.0	2	0 1
692	2	0.0	2	1 1
693	4	0.0	2	0 4
694	2	0.0	2	0 2
695	1	0.0	2	1
696	3	0.0	2	0 2 1
697	2	0.0	2	0 1 1
698	5	0.0	2	1 3 1
699	3	0.0	2	1 2
700	4	0.0	2	2 1 1
701	1	0.0	2	0 1
702	1	0.0	2	0 1
703	2	0.0	2	1 1
704	2	0.0	2	0 1 1
705	1	0.0	2	0 0 1
706	3	0.0	2	1 2
707	3	0.0	2	0 2 1
708	3	0.0	2	0 3
709	1	0.0	2	0 1
710	4	0.0	2	1 3
711	4	0.0	2	0 0 4
712	3	0.0	2	1 2
713	2	0.0	2	1 1
714	4	0.0	2	0 2 2
715	8	0.0	2	1 4 3
716	5	0.0	2	2 3
717	7	0.0	2	3 2 2
718	1	0.0	2	1
719	6	0.0	2	2 2 2
720	10	0.0	2	3 5 2
721	10	0.0	2	3 4 3
722	10	0.0	2	3 7
723	3	0.0	2	0 2 1
724	3	0.0	2	0 2 1
725	1	0.0	2	0 1
726	5	0.0	2	1 4
727	1	0.0	2	0 1
728	3	0.0	2	1 2
729	1	0.0	2	0 1
730	1	0.0	2	0 1
733	2	0.0	2	2
734	2	0.0	2	2
735	1	0.0	2	0 1
736	1	0.0	2	1
737	3	0.0	2	0 2 1
738	3	0.0	2	1 1 1
739	2	0.0	2	0 2
740	5	0.0	2	1 3 1
741	3	0.0	2	1 1 1
742	2	0.0	2	0 0 2
743	3	0.0	2	1 2
744	1	0.0	2	0 1
745	2	0.0	2	0 0 2
746	2	0.0	2	0 1 1
747	4	0.0	2	1 0 3
748	4	0.0	2	1 3
751	2	0.0	2	0 2
752	2	0.0	2	0 2
753	2	0.0	2	0 1 1
754	4	0.0	2	0 1 3
755	4	0.0	2	1 1 2
756	1	0.0	2	0 1
757	2	0.0	2	1 1
758	3	0.0	2	0 2 1
759	4	0.0	2	1 2 1
760	2	0.0	2	0 1 1
761	3	0.0	2	1 2
762	2	0.0	2	2
763	1	0.0	2	1
764	1	0.0	2	0 1
765	2	0.0	2	0 2
766	3	0.0	2	0 3
767	5	0.0	2	1 3 1
768	2	0.0	2	2
770	5	0.0	2	2 1 2
771	3	0.0	2	1 1 1
772	1	0.0	2	0 0 1
773	1	0.0	2	0 1
774	2	0.0	2	0 1 1
775	2	0.0	2	0 1 1
776	6	0.0	2	1 4 1
777	1	0.0	2	1
778	4	0.0	2	0 1 3
779	3	0.0	2	1 1 1
780	3	0.0	2	3
781	2	0.0	2	0 1 1
782	3	0.0	2	0 3
783	1	0.0	2	0 1
784	3	0.0	2	0 1 2
785	6	0.0	2	1 5
787	4	0.0	2	0 2 2
788	3	0.0	2	1 1 1
789	3	0.0	2	1 1 1
790	1	0.0	2	1
791	1	0.0	2	0 1
792	2	0.0	2	0 2
793	2	0.0	2	2
794	1	0.0	2	0 1
795	2	0.0	2	2
796	3	0.0	2	0 1 2
798	1	0.0	2	0 1
799	1	0.0	2	1
800	2	0.0	2	0 2
801	2	0.0	2	0 1 1
804	2	0.0	2	0 1 1
806	1	0.0	2	0 0 1
807	2	0.0	2	0 1 1
808	1	0.0	2	0 1
809	3	0.0	2	1 1 1
811	5	0.0	2	0 4 1
812	1	0.0	2	0 1
813	4	0.0	2	2 1 1
814	3	0.0	2	2 1
815	5	0.0	2	1 3 1
816	1	0.0	2	0 1
818	1	0.0	2	0 0 1
819	2	0.0	2	0 1 1
820	2	0.0	2	0 2
821	4	0.0	2	0 3 1
822	1	0.0	2	0 1
823	2	0.0	2	0 0 2
825	1	0.0	2	1
826	3	0.0	2	1 1 1
827	1	0.0	2	0 0 1
828	2	0.0	2	0 2
829	1	0.0	2	0 1
830	2	0.0	2	0 1 1
831	2	0.0	2	1 1
832	2	0.0	2	1 1
833	3	0.0	2	1 2
834	7	0.0	2	0 6 1
835	6	0.0	2	2 2 2
836	4	0.0	2	1 2 1
837	2	0.0	2	2
838	2	0.0	2	1 1
839	2	0.0	2	1 0 1
840	2	0.0	2	2
841	1	0.0	2	1
842	2	0.0	2	1 0 1
843	1	0.0	2	0 1
844	2	0.0	2	0 2
845	3	0.0	2	0 3
846	4	0.0	2	0 3 1
847	5	0.0	2	0 5
848	1	0.0	2	0 1
849	4	0.0	2	1 1 2
850	1	0.0	2	0 0 1
851	2	0.0	2	0 2
852	1	0.0	2	1
854	2	0.0	2	0 2
855	1	0.0	2	0 1
856	1	0.0	2	0 1
857	2	0.0	2	0 2
859	6	0.0	2	0 4 2
860	3	0.0	2	2 0 1
861	1	0.0	2	0 1
862	3	0.0	2	2 1
863	4	0.0	2	2 2
864	1	0.0	2	0 1
865	2	0.0	2	0 2
866	3	0.0	2	0 2 1
867	2	0.0	2	0 2
868	1	0.0	2	0 1
869	2	0.0	2	1 0 1
870	1	0.0	2	0 1
871	1	0.0	2	1
872	4	0.0	2	0 2 2
873	2	0.0	2	0 2
874	3	0.0	2	1 1 1
875	1	0.0	2	0 1
876	2	0.0	2	1 0 1
878	5	0.0	2	0 2 3
879	3	0.0	2	0 3
880	2	0.0	2	1 1
881	1	0.0	2	0 0 1
882	2	0.0	2	0 0 2
883	2	0.0	2	0 2
884	3	0.0	2	1 1 1
885	3	0.0	2	2 1
886	1	0.0	2	1
887	3	0.0	2	0 3
888	1	0.0	2	1
889	2	0.0	2	1 1
890	3	0.0	2	3
891	3	0.0	2	1 2
892	2	0.0	2	0 1 1
893	7	0.0	2	3 2 2
894	6	0.0	2	1 3 2
895	1	0.0	2	0 0 1
896	2	0.0	2	0 1 1
897	2	0.0	2	1 1
898	3	0.0	2	1 1 1
899	4	0.0	2	2 1 1
900	2	0.0	2	2
901	3	0.0	2	1 0 2
903	1	0.0	2	0 1
904	3	0.0	2	1 1 1
905	2	0.0	2	1 1
906	1	0.0	2	1
907	1	0.0	2	1
909	2	0.0	2	0 1 1
910	3	0.0	2	1 1 1
911	1	0.0	2	1
913	3	0.0	2	0 1 2
914	1	0.0	2	0 1
915	6	0.0	2	1 1 4
916	1	0.0	2	0 1
917	3	0.0	2	1 0 2
919	1	0.0	2	0 1
920	2	0.0	2	1 1
921	2	0.0	2	1 0 1
922	5	0.0	2	3 2
923	4	0.0	2	1 2 1
924	1	0.0	2	0 0 1
925	2	0.0	2	0 0 2
926	1	0.0	2	0 1
927	1	0.0	2	0 0 1
928	1	0.0	2	0 1
929	2	0.0	2	0 2
930	5	0.0	2	2 2 1
932	3	0.0	2	0 2 1
933	4	0.0	2	1 1 2
934	3	0.0	2	1 0 2
935	2	0.0	2	1 1
936	1	0.0	2	1
937	2	0.0	2	1 1
938	2	0.0	2	0 2
939	2	0.0	2	1 0 1
941	1	0.0	2	0 1
942	1	0.0	2	0 0 1
943	1	0.0	2	1
944	2	0.0	2	1 0 1
945	2	0.0	2	1 1
946	3	0.0	2	0 2 1
949	1	0.0	2	1
951	1	0.0	2	1
952	1	0.0	2	0 0 1
953	1	0.0	2	0 0 1
955	2	0.0	2	1 1
956	1	0.0	2	0 1
957	1	0.0	2	0 1
959	3	0.0	2	0 3
960	2	0.0	2	0 2
961	3	0.0	2	0 1 2
962	2	0.0	2	0 1 1
963	1	0.0	2	0 1
964	2	0.0	2	1 1
967	3	0.0	2	1 1 1
968	2	0.0	2	1 1
970	2	0.0	2	0 1 1
971	1	0.0	2	1
973	1	0.0	2	0 0 1
974	3	0.0	2	2 0 1
975	4	0.0	2	2 1 1
976	1	0.0	2	0 0 1
977	2	0.0	2	0 1 1
978	2	0.0	2	0 2
980	3	0.0	2	0 2 1
981	1	0.0	2	1
982	4	0.0	2	0 2 2
983	1	0.0	2	0 0 1
984	3	0.0	2	0 2 1
985	1	0.0	2	0 0 1
986	1	0.0	2	0 0 1
987	1	0.0	2	0 0 1
988	1	0.0	2	0 1
989	1	0.0	2	0 1
990	1	0.0	2	0 1
991	1	0.0	2	0 1
993	3	0.0	2	0 1 2
995	2	0.0	2	1 1
996	2	0.0	2	1 1
997	1	0.0	2	0 1
998	1	0.0	2	1
999	2	0.0	2	2
1000	7	0.0	2	1 5 1
1001	2	0.0	2	0 2
1002	3	0.0	2	0 2 1
1004	2	0.0	2	0 1 1
1005	6	0.0	2	0 3 3
1006	2	0.0	2	1 1
1007	5	0.0	2	1 4
1008	1	0.0	2	0 0 1
1009	2	0.0	2	1 1
1010	2	0.0	2	1 1
1011	2	0.0	2	1 1
1012	1	0.0	2	1
1013	1	0.0	2	0 1
1014	1	0.0	2	0 1
1015	4	0.0	2	2 1 1
1016	4	0.0	2	1 2 1
1017	5	0.0	2	1 2 2
1018	1	0.0	2	0 1
1019	3	0.0	2	1 0 2
1021	4	0.0	2	1 3
1022	2	0.0	2	0 1 1
1023	1	0.0	2	0 1
1024	3	0.0	2	2 1
1025	3	0.0	2	1 2
1026	2	0.0	2	1 0 1
1027	1	0.0	2	1
1028	1	0.0	2	0 1
1029	1	0.0	2	0 1
1030	1	0.0	2	0 1
1031	1	0.0	2	1
1032	4	0.0	2	1 2 1
1033	2	0.0	2	0 2
1034	1	0.0	2	0 1
1035	6	0.0	2	2 2 2
1036	1	0.0	2	1
1037	3	0.0	2	1 0 2
1038	1	0.0	2	1
1039	2	0.0	2	0 0 2
1041	2	0.0	2	2
1042	1	0.0	2	0 1
1043	1	0.0	2	1
1044	1	0.0	2	0 0 1
1045	4	0.0	2	0 1 3
1046	1	0.0	2	0 1
1048	4	0.0	2	0 1 3
1049	2	0.0	2	0 2
1051	3	0.0	2	1 1 1
1052	1	0.0	2	1
1054	2	0.0	2	0 2
1057	4	0.0	2	3 1
1058	2	0.0	2	1 1
1059	4	0.0	2	0 4
1061	3	0.0	2	0 2 1
1062	2	0.0	2	1 1
1063	1	0.0	2	0 1
1064	4	0.0	2	1 1 2
1065	3	0.0	2	1 2
1066	1	0.0	2	0 1
1067	4	0.0	2	0 3 1
1068	4	0.0	2	1 2 1
1071	3	0.0	2	0 2 1
1072	1	0.0	2	0 1
1073	4	0.0	2	2 2
1074	1	0.0	2	0 1
1076	3	0.0	2	0 3
1077	3	0.0	2	0 2 1
1078	1	0.0	2	0 0 1
1081	4	0.0	2	0 2 2
1083	1	0.0	2	1
1085	2	0.0	2	1 0 1
1086	4	0.0	2	1 3
1090	2	0.0	2	1 1
1091	3	0.0	2	0 2 1
1092	1	0.0	2	0 0 1
1093	4	0.0	2	1 1 2
1094	2	0.0	2	1 1
1096	1	0.0	2	0 1
1097	4	0.0	2	0 2 2
1098	1	0.0	2	1
1099	1	0.0	2	0 1
1100	1	0.0	2	0 0 1
1101	1	0.0	2	0 1
1102	1	0.0	2	0 0 1
1104	1	0.0	2	0 1
1106	2	0.0	2	0 2
1108	6	0.0	2	1 4 1
1109	1	0.0	2	0 0 1
1110	1	0.0	2	0 1
1111	3	0.0	2	0 2 1
1112	1	0.0	2	0 0 1
1113	1	0.0	2	0 1
1114	4	0.0	2	2 2
1115	2	0.0	2	0 1 1
1116	2	0.0	2	1 1
1117	1	0.0	2	0 1
1119	2	0.0	2	0 0 2
1120	1	0.0	2	1
1121	4	0.0	2	0 4
1122	3	0.0	2	1 0 2
1123	1	0.0	2	0 1
1124	1	0.0	2	0 1
1125	2	0.0	2	0 1 1
1126	3	0.0	2	0 1 2
1127	1	0.0	2	0 1
1128	2	0.0	2	0 2
1130	2	0.0	2	0 0 2
1131	1	0.0	2	0 1
1132	1	0.0	2	0 0 1
1134	1	0.0	2	0 0 1
1135	2	0.0	2	0 1 1
1136	1	0.0	2	0 0 1
1137	3	0.0	2	1 0 2
1138	1	0.0	2	1
1139	2	0.0	2	1 1
1141	1	0.0	2	1
1142	1	0.0	2	0 1
1143	3	0.0	2	1 2
1144	3	0.0	2	1 2
1145	1	0.0	2	0 1
1146	2	0.0	2	1 1
1148	1	0.0	2	0 0 1
1150	1	0.0	2	0 0 1
1153	1	0.0	2	1
1154	1	0.0	2	0 1
1155	3	0.0	2	0 3
1156	1	0.0	2	0 1
1157	2	0.0	2	0 0 2
1158	1	0.0	2	0 1
1159	1	0.0	2	0 1
1160	3	0.0	2	2 1
1162	1	0.0	2	1
1166	1	0.0	2	0 1
1167	1	0.0	2	0 1
1168	2	0.0	2	1 1
1169	2	0.0	2	1 0 1
1170	2	0.0	2	0 2
1172	1	0.0	2	0 1
1173	1	0.0	2	0 1
1174	1	0.0	2	0 1
1175	1	0.0	2	1
1176	1	0.0	2	0 1
1177	3	0.0	2	1 1 1
1178	3	0.0	2	1 2
1179	1	0.0	2	0 0 1
1181	2	0.0	2	0 1 1
1182	2	0.0	2	0 2
1183	1	0.0	2	0 1
1184	2	0.0	2	0 0 2
1185	1	0.0	2	0 1
1186	2	0.0	2	1 0 1
1187	2	0.0	2	1 0 1
1188	1	0.0	2	1
1190	1	0.0	2	1
1192	3	0.0	2	0 3
1193	1	0.0	2	0 1
1196	2	0.0	2	0 1 1
1197	2	0.0	2	0 1 1
1198	3	0.0	2	1 2
1199	1	0.0	2	0 1
1200	1	0.0	2	0 0 1
1201	1	0.0	2	0 1
1202	1	0.0	2	0 1
1203	1	0.0	2	0 1
1205	1	0.0	2	1
1206	3	0.0	2	0 2 1
1207	1	0.0	2	0 1
1208	1	0.0	2	0 1
1209	3	0.0	2	1 2
1210	2	0.0	2	1 1
1214	1	0.0	2	0 0 1
1215	1	0.0	2	0 1
1219	1	0.0	2	0 1
1220	1	0.0	2	0 1
1221	2	0.0	2	2
1223	3	0.0	2	0 3
1224	1	0.0	2	1
1226	2	0.0	2	1 1
1228	2	0.0	2	0 0 2
1229	1	0.0	2	1
1230	1	0.0	2	0 0 1
1231	2	0.0	2	0 2
1233	4	0.0	2	1 2 1
1234	2	0.0	2	1 1
1235	3	0.0	2	1 1 1
1236	2	0.0	2	2
1237	1	0.0	2	0 1
1238	5	0.0	2	2 2 1
1241	1	0.0	2	0 0 1
1246	1	0.0	2	1
1247	1	0.0	2	0 1
1248	4	0.0	2	1 1 2
1250	1	0.0	2	0 1
1253	3	0.0	2	1 2
1254	3	0.0	2	2 1
1255	2	0.0	2	0 1 1
1256	1	0.0	2	1
1258	1	0.0	2	1
1259	1	0.0	2	1
1260	3	0.0	2	0 3
1263	1	0.0	2	0 1
1264	1	0.0	2	0 0 1
1265	2	0.0	2	0 2
1269	1	0.0	2	0 1
1270	3	0.0	2	0 2 1
1271	2	0.0	2	2
1272	2	0.0	2	0 1 1
1273	1	0.0	2	0 1
1275	1	0.0	2	1
1276	1	0.0	2	0 1
1278	2	0.0	2	0 0 2
1279	1	0.0	2	0 0 1
1282	1	0.0	2	1
1284	1	0.0	2	0 1
1285	1	0.0	2	0 0 1
1286	2	0.0	2	1 1
1287	1	0.0	2	1
1291	1	0.0	2	0 1
1292	2	0.0	2	0 2
1294	3	0.0	2	2 1
1295	4	0.0	2	2 0 2
1297	4	0.0	2	2 0 2
1298	2	0.0	2	1 1
1299	1	0.0	2	1
1300	1	0.0	2	0 1
1301	1	0.0	2	0 0 1
1302	1	0.0	2	1
1303	2	0.0	2	0 1 1
1305	1	0.0	2	0 0 1
1306	3	0.0	2	1 1 1
1308	3	0.0	2	1 1 1
1309	2	0.0	2	2
1310	1	0.0	2	1
1311	2	0.0	2	2
1312	1	0.0	2	0 0 1
1313	1	0.0	2	0 0 1
1314	5	0.0	2	1 1 3
1315	1	0.0	2	1
1316	1	0.0	2	0 1
1317	1	0.0	2	1
1319	1	0.0	2	0 0 1
1320	1	0.0	2	0 0 1
1321	5	0.0	2	1 4
1323	1	0.0	2	1
1325	3	0.0	2	0 2 1
1326	2	0.0	2	1 1
1327	1	0.0	2	0 1
1329	1	0.0	2	1
1330	1	0.0	2	0 1
1331	2	0.0	2	0 2
1334	1	0.0	2	0 1
1335	2	0.0	2	0 1 1
1336	1	0.0	2	0 0 1
1337	2	0.0	2	0 2
1338	2	0.0	2	0 2
1339	2	0.0	2	2
1341	1	0.0	2	0 1
1342	2	0.0	2	1 0 1
1343	1	0.0	2	1
1345	1	0.0	2	1
1347	2	0.0	2	0 2
1348	1	0.0	2	0 1
1349	1	0.0	2	0 1
1350	1	0.0	2	0 0 1
1351	2	0.0	2	0 2
1352	1	0.0	2	0 1
1354	2	0.0	2	0 1 1
1356	1	0.0	2	0 0 1
1357	2	0.0	2	1 0 1
1358	2	0.0	2	1 1
1359	4	0.0	2	0 3 1
1360	2	0.0	2	2
1361	1	0.0	2	1
1362	1	0.0	2	1
1363	1	0.0	2	1
1369	3	0.0	2	0 2 1
1370	1	0.0	2	1
1371	1	0.0	2	0 0 1
1372	1	0.0	2	0 1
1375	2	0.0	2	0 1 1
1377	2	0.0	2	1 1
1379	1	0.0	2	0 0 1
1380	1	0.0	2	0 0 1
1382	1	0.0	2	0 1
1383	1	0.0	2	0 1
1385	2	0.0	2	0 1 1
1389	5	0.0	2	0 5
1390	2	0.0	2	1 0 1
1392	1	0.0	2	1
1394	1	0.0	2	0 1
1395	1	0.0	2	0 0 1
1401	1	0.0	2	1
1402	1	0.0	2	0 1
1403	1	0.0	2	0 1
1404	1	0.0	2	0 1
1405	2	0.0	2	0 1 1
1406	1	0.0	2	0 1
1407	2	0.0	2	1 1
1408	1	0.0	2	0 1
1409	1	0.0	2	1
1411	1	0.0	2	1
1414	1	0.0	2	1
1418	1	0.0	2	0 1
1423	2	0.0	2	0 2
1425	2	0.0	2	1 0 1
1426	1	0.0	2	0 1
1427	4	0.0	2	2 2
1428	2	0.0	2	0 1 1
1431	3	0.0	2	0 2 1
1432	1	0.0	2	0 1
1433	1	0.0	2	0 0 1
1434	2	0.0	2	0 1 1
1435	1	0.0	2	0 1
1440	1	0.0	2	0 0 1
1441	1	0.0	2	1
1442	1	0.0	2	0 1
1443	1	0.0	2	0 1
1444	2	0.0	2	0 1 1
1450	1	0.0	2	0 0 1
1454	1	0.0	2	0 0 1
1461	1	0.0	2	0 1
1464	1	0.0	2	1
1465	4	0.0	2	2 2
1466	1	0.0	2	0 1
1467	1	0.0	2	1
1472	1	0.0	2	0 1
1474	1	0.0	2	0 1
1476	1	0.0	2	0 1
1478	1	0.0	2	0 0 1
1480	1	0.0	2	1
1481	1	0.0	2	0 1
1482	1	0.0	2	0 1
1483	2	0.0	2	2
1484	4	0.0	2	3 0 1
1485	1	0.0	2	0 1
1492	2	0.0	2	1 1
1495	1	0.0	2	1
1501	1	0.0	2	0 0 1
1502	1	0.0	2	0 0 1
1503	2	0.0	2	0 2
1504	1	0.0	2	0 1
1505	1	0.0	2	0 0 1
1507	3	0.0	2	0 3
1508	1	0.0	2	1
1511	1	0.0	2	1
1515	1	0.0	2	0 0 1
1517	1	0.0	2	0 0 1
1518	1	0.0	2	0 1
1520	1	0.0	2	1
1521	1	0.0	2	1
1522	1	0.0	2	0 1
1523	1	0.0	2	0 0 1
1527	1	0.0	2	0 1
1528	1	0.0	2	0 0 1
1531	2	0.0	2	1 1
1532	3	0.0	2	2 1
1535	1	0.0	2	0 0 1
1536	1	0.0	2	0 1
1538	1	0.0	2	1
1539	2	0.0	2	0 1 1
1541	1	0.0	2	0 1
1542	2	0.0	2	0 2
1543	1	0.0	2	0 1
1544	2	0.0	2	0 1 1
1551	2	0.0	2	1 1
1552	1	0.0	2	0 0 1
1553	1	0.0	2	1
1554	1	0.0	2	0 1
1555	1	0.0	2	1
1557	1	0.0	2	1
1560	2	0.0	2	1 1
1561	1	0.0	2	0 0 1
1568	1	0.0	2	0 1
1569	1	0.0	2	0 1
1573	1	0.0	2	0 0 1
1584	2	0.0	2	1 1
1586	1	0.0	2	0 0 1
1589	1	0.0	2	0 1
1592	2	0.0	2	2
1593	1	0.0	2	0 1
1594	3	0.0	2	0 2 1
1596	2	0.0	2	1 1
1597	2	0.0	2	0 1 1
1598	2	0.0	2	0 1 1
1600	1	0.0	2	0 1
1601	1	0.0	2	0 1
1602	1	0.0	2	0 1
1604	2	0.0	2	2
1607	1	0.0	2	0 1
1614	1	0.0	2	0 1
1617	1	0.0	2	0 0 1
1618	2	0.0	2	0 2
1619	1	0.0	2	0 0 1
1620	1	0.0	2	0 0 1
1624	2	0.0	2	1 1
1625	1	0.0	2	0 0 1
1627	2	0.0	2	1 1
1628	2	0.0	2	1 1
1631	1	0.0	2	0 1
1633	1	0.0	2	1
1636	2	0.0	2	0 2
1639	1	0.0	2	0 0 1
1640	1	0.0	2	0 1
1643	1	0.0	2	0 1
1644	2	0.0	2	0 0 2
1645	1	0.0	2	0 0 1
1649	3	0.0	2	0 2 1
1651	1	0.0	2	0 0 1
1652	1	0.0	2	1
1653	3	0.0	2	0 1 2
1654	1	0.0	2	0 1
1657	1	0.0	2	0 1
1658	1	0.0	2	1
1659	2	0.0	2	1 0 1
1660	1	0.0	2	0 1
1661	1	0.0	2	0 1
1662	1	0.0	2	1
1663	1	0.0	2	1
1664	1	0.0	2	0 1
1672	1	0.0	2	0 1
1673	1	0.0	2	1
1677	1	0.0	2	0 1
1678	1	0.0	2	0 1
1682	1	0.0	2	0 1
1687	1	0.0	2	1
1688	1	0.0	2	0 0 1
1689	3	0.0	2	0 1 2
1692	1	0.0	2	0 1
1694	1	0.0	2	0 1
1698	1	0.0	2	0 0 1
1699	2	0.0	2	0 2
1701	1	0.0	2	0 1
1702	2	0.0	2	1 1
1704	1	0.0	2	0 1
1714	1	0.0	2	1
1715	1	0.0	2	0 0 1
1718	2	0.0	2	0 1 1
1735	1	0.0	2	0 1
1739	1	0.0	2	0 1
1740	1	0.0	2	0 1
1743	2	0.0	2	1 1
1744	1	0.0	2	1
1750	1	0.0	2	0 1
1755	1	0.0	2	1
1759	1	0.0	2	0 1
1760	1	0.0	2	0 0 1
1761	1	0.0	2	0 0 1
1762	1	0.0	2	1
1766	1	0.0	2	0 1
1768	1	0.0	2	0 0 1
1771	1	0.0	2	0 1
1774	1	0.0	2	1
1776	1	0.0	2	0 1
1781	1	0.0	2	0 1
1787	1	0.0	2	0 1
1788	1	0.0	2	1
1792	1	0.0	2	0 0 1
1793	1	0.0	2	0 1
1795	1	0.0	2	0 0 1
1797	1	0.0	2	1
1798	1	0.0	2	1
1799	2	0.0	2	1 1
1803	1	0.0	2	1
1808	1	0.0	2	0 0 1
1809	1	0.0	2	0 1
1815	1	0.0	2	1
1825	1	0.0	2	1
1831	1	0.0	2	0 1
1832	1	0.0	2	0 1
1840	2	0.0	2	0 2
1841	1	0.0	2	0 0 1
1843	1	0.0	2	1
1844	1	0.0	2	0 1
1848	1	0.0	2	1
1853	1	0.0	2	0 1
1856	1	0.0	2	1
1859	1	0.0	2	0 0 1
1863	2	0.0	2	2
1867	1	0.0	2	0 0 1
1873	3	0.0	2	0 3
1874	3	0.0	2	0 1 2
1876	1	0.0	2	0 1
1877	1	0.0	2	0 0 1
1883	1	0.0	2	1
1886	1	0.0	2	1
1888	2	0.0	2	0 2
1889	1	0.0	2	0 0 1
1890	2	0.0	2	1 1
1891	2	0.0	2	1 1
1892	1	0.0	2	0 0 1
1896	1	0.0	2	0 0 1
1897	2	0.0	2	0 0 2
1898	1	0.0	2	0 1
1900	1	0.0	2	0 1
1901	1	0.0	2	1
1904	1	0.0	2	0 0 1
1906	1	0.0	2	0 1
1907	1	0.0	2	1
1911	1	0.0	2	0 1
1925	1	0.0	2	0 1
1929	1	0.0	2	0 0 1
1932	1	0.0	2	0 1
1934	1	0.0	2	1
1935	1	0.0	2	0 1
1942	1	0.0	2	1
1944	1	0.0	2	0 0 1
1947	1	0.0	2	0 0 1
1957	1	0.0	2	0 0 1
1962	1	0.0	2	0 0 1
1971	1	0.0	2	0 0 1
1972	1	0.0	2	1
1980	1	0.0	2	0 0 1
1984	1	0.0	2	0 1
1985	1	0.0	2	0 0 1
1986	1	0.0	2	0 1
1989	1	0.0	2	0 1
1990	1	0.0	2	0 1
2002	1	0.0	2	0 1
2007	1	0.0	2	1
2012	1	0.0	2	0 1
2020	2	0.0	2	1 0 1
2021	2	0.0	2	1 1
2022	1	0.0	2	0 0 1
2023	2	0.0	2	0 2
2031	1	0.0	2	0 1
2035	2	0.0	2	1 1
2038	1	0.0	2	0 1
2050	1	0.0	2	1
2053	1	0.0	2	0 0 1
2058	1	0.0	2	1
2062	2	0.0	2	1 1
2069	1	0.0	2	0 1
2075	1	0.0	2	1
2076	1	0.0	2	1
2084	1	0.0	2	1
2085	1	0.0	2	0 0 1
2088	1	0.0	2	0 1
2095	1	0.0	2	1
2096	1	0.0	2	0 1
2101	1	0.0	2	0 1
2102	1	0.0	2	1
2114	1	0.0	2	0 1
2118	1	0.0	2	0 0 1
2147	2	0.0	2	1 1
2150	1	0.0	2	1
2153	2	0.0	2	1 0 1
2155	1	0.0	2	0 1
2161	1	0.0	2	1
2162	1	0.0	2	1
2163	1	0.0	2	0 1
2165	1	0.0	2	1
2167	1	0.0	2	0 0 1
2168	1	0.0	2	0 1
2169	1	0.0	2	1
2171	1	0.0	2	0 1
2172	1	0.0	2	1
2173	1	0.0	2	1
2179	1	0.0	2	1
2186	1	0.0	2	0 0 1
2192	1	0.0	2	1
2203	2	0.0	2	1 1
2207	1	0.0	2	0 1
2208	1	0.0	2	1
2209	1	0.0	2	0 1
2219	1	0.0	2	1
2224	1	0.0	2	0 1
2225	1	0.0	2	0 1
2226	1	0.0	2	0 1
2229	1	0.0	2	0 1
2231	1	0.0	2	0 1
2237	1	0.0	2	0 1
2245	2	0.0	2	2
2246	1	0.0	2	0 1
2255	1	0.0	2	0 0 1
2273	1	0.0	2	1
2276	1	0.0	2	0 1
2296	1	0.0	2	1
2305	1	0.0	2	0 1
2306	1	0.0	2	0 1
2323	1	0.0	2	0 0 1
2326	1	0.0	2	0 0 1
2341	1	0.0	2	0 1
2349	1	0.0	2	0 0 1
2351	1	0.0	2	0 1
2365	1	0.0	2	0 0 1
2374	1	0.0	2	0 1
2375	1	0.0	2	0 1
2395	1	0.0	2	0 1
2412	1	0.0	2	0 0 1
2414	1	0.0	2	1
2424	1	0.0	2	0 0 1
2428	1	0.0	2	0 1
2433	1	0.0	2	0 0 1
2448	1	0.0	2	0 1
2484	1	0.0	2	0 0 1
2498	1	0.0	2	1
2501	1	0.0	2	0 1
2502	1	0.0	2	0 0 1
2509	1	0.0	2	0 1
2515	1	0.0	2	0 0 1
2516	1	0.0	2	0 0 1
2517	1	0.0	2	0 1
2521	2	0.0	2	0 2
2533	1	0.0	2	0 0 1
2539	1	0.0	2	1
2541	1	0.0	2	0 0 1
2544	1	0.0	2	0 0 1
2562	1	0.0	2	0 1
2574	1	0.0	2	0 1
2576	1	0.0	2	0 1
2577	1	0.0	2	0 1
2588	1	0.0	2	1
2604	1	0.0	2	1
2612	2	0.0	2	0 2
2632	1	0.0	2	0 1
2666	1	0.0	2	0 0 1
2685	1	0.0	2	0 1
2688	1	0.0	2	0 0 1
2695	1	0.0	2	0 1
2700	1	0.0	2	0 0 1
2710	1	0.0	2	0 1
2716	1	0.0	2	0 1
2720	1	0.0	2	0 0 1
2721	1	0.0	2	0 0 1
2732	1	0.0	2	0 1
2735	1	0.0	2	1
2736	2	0.0	2	0 1 1
2740	1	0.0	2	0 1
2753	1	0.0	2	1
2755	1	0.0	2	0 0 1
2757	2	0.0	2	1 1
2768	1	0.0	2	1
2770	1	0.0	2	0 1
2784	1	0.0	2	1
2788	1	0.0	2	0 1
2800	1	0.0	2	0 0 1
2807	1	0.0	2	0 0 1
2809	1	0.0	2	0 1
2810	1	0.0	2	0 1
2812	1	0.0	2	0 1
2816	1	0.0	2	0 0 1
2822	1	0.0	2	0 0 1
2823	1	0.0	2	1
2827	1	0.0	2	0 0 1
2831	1	0.0	2	0 0 1
2855	1	0.0	2	1
2872	1	0.0	2	0 0 1
2878	1	0.0	2	0 0 1
2908	1	0.0	2	1
2924	1	0.0	2	1
2939	1	0.0	2	0 1
2954	1	0.0	2	0 1
2955	1	0.0	2	0 1
2956	1	0.0	2	0 0 1
2964	1	0.0	2	1
2967	1	0.0	2	0 1
2974	1	0.0	2	0 0 1
2997	1	0.0	2	0 1
3000	1	0.0	2	0 1
3001	1	0.0	2	0 1
3009	1	0.0	2	0 1
3012	1	0.0	2	0 0 1
3013	1	0.0	2	1
3015	1	0.0	2	0 1
3019	1	0.0	2	1
3029	1	0.0	2	0 1
3031	1	0.0	2	0 0 1
3036	1	0.0	2	0 0 1
3040	1	0.0	2	0 1
3041	1	0.0	2	0 0 1
3044	3	0.0	2	1 0 2
3059	1	0.0	2	0 0 1
3069	1	0.0	2	0 0 1
3072	1	0.0	2	0 1
3073	1	0.0	2	0 0 1
3075	1	0.0	2	1
3078	1	0.0	2	0 0 1
3079	1	0.0	2	0 0 1
3081	2	0.0	2	1 1
3084	2	0.0	2	1 1
3091	1	0.0	2	0 1
3092	1	0.0	2	0 1
3094	1	0.0	2	1
3095	1	0.0	2	1
3096	1	0.0	2	0 1
3097	1	0.0	2	0 0 1
3103	3	0.0	2	0 3
3104	1	0.0	2	1
3106	1	0.0	2	1
3111	1	0.0	2	0 1
3113	1	0.0	2	0 1
3116	1	0.0	2	0 0 1
3124	3	0.0	2	1 1 1
3126	2	0.0	2	1 0 1
3127	5	0.0	2	1 2 2
3128	5	0.0	2	2 2 1
3129	2	0.0	2	0 2
3130	4	0.0	2	0 3 1
3131	3	0.0	2	0 2 1
3132	6	0.0	2	2 4
3133	3	0.0	2	2 1
3134	6	0.0	2	1 1 4
3135	3	0.0	2	1 2
3136	5	0.0	2	1 3 1
3137	2	0.0	2	1 1
3138	1	0.0	2	0 1
3139	4	0.0	2	0 3 1
3140	2	0.0	2	0 1 1
3141	3	0.0	2	0 3
3142	3	0.0	2	1 1 1
3144	1	0.0	2	1
3145	2	0.0	2	0 1 1
3146	3	0.0	2	1 0 2
3147	3	0.0	2	1 2
3150	1	0.0	2	0 1
3152	1	0.0	2	1
3154	1	0.0	2	1
3155	3	0.0	2	2 1
3157	2	0.0	2	1 1
3158	1	0.0	2	1
3159	1	0.0	2	1
3160	1	0.0	2	1
3161	2	0.0	2	0 2
3162	1	0.0	2	1
3163	1	0.0	2	0 0 1
3164	1	0.0	2	1
3166	1	0.0	2	0 0 1
3167	1	0.0	2	0 0 1
3170	2	0.0	2	0 1 1
3172	2	0.0	2	1 1
3173	2	0.0	2	1 0 1
3174	2	0.0	2	0 2
3175	1	0.0	2	0 1
3177	3	0.0	2	0 2 1
3178	3	0.0	2	1 1 1
3179	5	0.0	2	1 4
3180	1	0.0	2	0 1
3181	3	0.0	2	0 3
3182	2	0.0	2	0 2
3183	2	0.0	2	0 2
3184	1	0.0	2	0 1
3185	2	0.0	2	0 1 1
3186	3	0.0	2	0 2 1
3187	5	0.0	2	1 3 1
3188	11	0.0	2	1 7 3
3189	10	0.0	2	2 8
3190	12	0.0	2	3 6 3
3191	9	0.0	2	1 6 2
3192	16	0.0	2	8 6 2
3193	15	0.0	2	3 8 4
3194	16	0.0	2	4 8 4
3195	11	0.0	2	4 7
3196	12	0.0	2	3 8 1
3197	8	0.0	2	0 5 3
3198	20	0.0	2	3 13 4
3199	12	0.0	2	3 6 3
3200	10	0.0	2	4 5 1
3201	1	0.0	2	1
3202	4	0.0	2	2 0 2
3203	6	0.0	2	3 3
3204	5	0.0	2	2 2 1
3205	2	0.0	2	2
3206	3	0.0	2	1 2
3208	2	0.0	2	2
3209	5	0.0	2	4 1
3210	2	0.0	2	2
3211	2	0.0	2	1 0 1
3212	2	0.0	2	2
3213	2	0.0	2	2
3214	1	0.0	2	1
3216	4	0.0	2	4
3217	4	0.0	2	4
3220	1	0.0	2	0 1
3221	1	0.0	2	1
3222	1	0.0	2	0 1
3227	2	0.0	2	0 1 1
3232	2	0.0	2	1 1
3234	2	0.0	2	0 2
3235	2	0.0	2	0 1 1
3238	2	0.0	2	0 2
3246	1	0.0	2	0 1
3248	1	0.0	2	0 0 1
3251	3	0.0	2	0 3
3252	1	0.0	2	1
3253	1	0.0	2	0 0 1
3260	1	0.0	2	1
3264	1	0.0	2	0 1
3265	1	0.0	2	1
3274	1	0.0	2	1
3278	1	0.0	2	0 1
3279	1	0.0	2	0 1
3281	1	0.0	2	1
3286	1	0.0	2	0 1
3288	1	0.0	2	0 1
3294	2	0.0	2	1 1
3296	2	0.0	2	0 2
3298	2	0.0	2	0 1 1
3303	1	0.0	2	0 0 1
3305	1	0.0	2	1
3307	1	0.0	2	0 1
3308	1	0.0	2	1
3310	1	0.0	2	0 1
3321	2	0.0	2	1 1
3327	3	0.0	2	2 0 1
3329	1	0.0	2	0 1
3333	2	0.0	2	1 0 1
3334	1	0.0	2	1
3342	1	0.0	2	1
3349	1	0.0	2	1
3354	1	0.0	2	0 0 1
3359	1	0.0	2	1
3365	1	0.0	2	1
3369	1	0.0	2	0 0 1
3381	1	0.0	2	1
3386	1	0.0	2	0 1
3388	1	0.0	2	1
3390	1	0.0	2	0 1
3394	3	0.0	2	1 1 1
3396	1	0.0	2	0 1
3400	1	0.0	2	0 1
3402	1	0.0	2	0 1
3404	1	0.0	2	0 1
3405	2	0.0	2	0 2
3406	1	0.0	2	0 0 1
3412	1	0.0	2	0 1
3417	1	0.0	2	1
3421	2	0.0	2	2
3425	1	0.0	2	1
3426	1	0.0	2	0 1
3430	1	0.0	2	0 0 1
3432	1	0.0	2	0 1
3434	2	0.0	2	1 1
3445	1	0.0	2	1
3449	1	0.0	2	0 1
3451	2	0.0	2	0 2
3452	1	0.0	2	1
3453	2	0.0	2	0 1 1
3455	2	0.0	2	0 2
3461	2	0.0	2	2
3463	2	0.0	2	1 1
3465	1	0.0	2	0 1
3470	1	0.0	2	1
3471	2	0.0	2	1 1
3472	1	0.0	2	0 1
3477	1	0.0	2	1
3482	2	0.0	2	0 2
3484	3	0.0	2	0 3
3487	1	0.0	2	0 0 1
3489	1	0.0	2	1
3490	1	0.0	2	1
3496	4	0.0	2	1 3
3499	1	0.0	2	0 1
3501	1	0.0	2	1
3502	1	0.0	2	0 1
3505	2	0.0	2	0 1 1
3506	2	0.0	2	1 0 1
3507	2	0.0	2	1 1
3514	1	0.0	2	0 0 1
3516	1	0.0	2	0 1
3518	2	0.0	2	1 1
3527	1	0.0	2	0 1
3528	1	0.0	2	1
3532	1	0.0	2	1
3534	1	0.0	2	0 1
3537	1	0.0	2	0 1
3538	1	0.0	2	0 1
3539	2	0.0	2	0 2
3542	1	0.0	2	1
3546	1	0.0	2	0 1
3549	1	0.0	2	0 1
3553	1	0.0	2	1
3557	2	0.0	2	0 0 2
3558	1	0.0	2	1
3559	1	0.0	2	1
3573	1	0.0	2	0 1
3577	1	0.0	2	1
3579	2	0.0	2	0 2
3581	1	0.0	2	0 1
3585	1	0.0	2	1
3587	1	0.0	2	0 1
3595	1	0.0	2	1
3606	1	0.0	2	0 1
3610	1	0.0	2	1
3614	2	0.0	2	0 1 1
3616	1	0.0	2	0 1
3617	1	0.0	2	0 0 1
3620	1	0.0	2	0 0 1
3621	1	0.0	2	1
3626	2	0.0	2	1 1
3634	1	0.0	2	0 1
3638	1	0.0	2	1
3642	1	0.0	2	0 0 1
3647	1	0.0	2	1
3650	1	0.0	2	1
3655	1	0.0	2	0 1
3657	1	0.0	2	1
3661	2	0.0	2	1 1
3666	1	0.0	2	1
3670	1	0.0	2	0 0 1
3671	3	0.0	2	1 1 1
3673	1	0.0	2	0 1
3683	1	0.0	2	0 1
3687	1	0.0	2	0 1
3688	1	0.0	2	0 0 1
3689	1	0.0	2	0 0 1
3690	1	0.0	2	0 1
3693	1	0.0	2	0 1
3694	1	0.0	2	0 0 1
3696	1	0.0	2	0 0 1
3699	1	0.0	2	0 1
3702	1	0.0	2	0 1
3704	1	0.0	2	1
3706	1	0.0	2	0 1
3722	1	0.0	2	0 1
3728	2	0.0	2	0 2
3731	1	0.0	2	0 1
3732	1	0.0	2	1
3733	1	0.0	2	0 1
3734	1	0.0	2	1
3739	1	0.0	2	0 1
3740	1	0.0	2	0 1
3745	1	0.0	2	0 0 1
3747	1	0.0	2	0 1
3751	1	0.0	2	0 1
3765	1	0.0	2	0 0 1
3769	1	0.0	2	1
3772	1	0.0	2	0 0 1
3776	2	0.0	2	1 0 1
3779	1	0.0	2	1
3786	1	0.0	2	1
3789	2	0.0	2	1 1
3792	2	0.0	2	2
3793	1	0.0	2	0 1
3795	1	0.0	2	0 0 1
3797	1	0.0	2	0 1
3801	1	0.0	2	0 0 1
3816	1	0.0	2	1
3820	1	0.0	2	0 1
3822	1	0.0	2	1
3823	1	0.0	2	0 1
3830	1	0.0	2	0 1
3832	1	0.0	2	0 1
3835	1	0.0	2	0 1
3836	1	0.0	2	0 1
3846	1	0.0	2	1
3847	1	0.0	2	0 1
3855	1	0.0	2	1
3861	1	0.0	2	1
3862	1	0.0	2	1
3875	1	0.0	2	0 1
3889	1	0.0	2	1
3891	1	0.0	2	0 1
3893	1	0.0	2	0 1
3895	1	0.0	2	1
3910	1	0.0	2	0 1
3911	1	0.0	2	0 1
3914	1	0.0	2	1
3918	1	0.0	2	0 0 1
3921	3	0.0	2	2 1
3923	2	0.0	2	0 1 1
3940	1	0.0	2	0 1
3945	2	0.0	2	0 1 1
3953	2	0.0	2	0 2
3967	1	0.0	2	0 1
3969	1	0.0	2	0 1
3975	1	0.0	2	1
3976	1	0.0	2	1
3979	1	0.0	2	1
3992	1	0.0	2	1
3994	1	0.0	2	1
4019	1	0.0	2	1
4020	1	0.0	2	0 1
4023	1	0.0	2	0 1
4029	2	0.0	2	1 1
4040	1	0.0	2	1
4043	1	0.0	2	0 1
4045	1	0.0	2	0 0 1
4051	1	0.0	2	0 1
4065	1	0.0	2	0 1
4066	1	0.0	2	1
4068	1	0.0	2	1
4071	1	0.0	2	1
4089	1	0.0	2	1
4106	1	0.0	2	0 1
4125	1	0.0	2	0 1
4129	1	0.0	2	0 1
4137	1	0.0	2	0 1
4146	1	0.0	2	1
4147	1	0.0	2	0 0 1
4156	1	0.0	2	0 1
4190	1	0.0	2	1
4197	1	0.0	2	0 1
4205	1	0.0	2	1
4207	1	0.0	2	0 0 1
4208	1	0.0	2	0 0 1
4212	1	0.0	2	0 1
4213	1	0.0	2	1
4223	1	0.0	2	0 1
4225	1	0.0	2	1
4226	1	0.0	2	0 1
4259	1	0.0	2	1
4270	1	0.0	2	1
4283	1	0.0	2	0 0 1
4302	1	0.0	2	0 1
4313	1	0.0	2	0 1
4314	1	0.0	2	0 1
4316	1	0.0	2	1
4317	1	0.0	2	0 0 1
4319	1	0.0	2	1
4320	1	0.0	2	0 0 1
4324	1	0.0	2	0 1
4328	1	0.0	2	0 1
4352	1	0.0	2	0 1
4358	1	0.0	2	0 1
4365	1	0.0	2	0 1
4374	2	0.0	2	1 0 1
4388	1	0.0	2	1
4414	1	0.0	2	0 1
4434	1	0.0	2	0 0 1
4472	1	0.0	2	1
4484	1	0.0	2	1
4502	1	0.0	2	1
4503	1	0.0	2	0 1
4589	1	0.0	2	1
4595	2	0.0	2	1 0 1
4597	1	0.0	2	1
4609	1	0.0	2	1
4613	1	0.0	2	0 1
4629	1	0.0	2	1
4640	1	0.0	2	0 1
4719	1	0.0	2	0 1
4728	1	0.0	2	0 1
4756	1	0.0	2	0 1
4780	1	0.0	2	0 0 1
4822	1	0.0	2	0 1
4824	1	0.0	2	0 1
4860	1	0.0	2	0 1
4872	1	0.0	2	0 1
4933	1	0.0	2	0 1
4975	1	0.0	2	0 0 1
5027	1	0.0	2	1
5084	1	0.0	2	1
5127	1	0.0	2	0 1
5228	1	0.0	2	0 0 1
5299	1	0.0	2	0 1
5349	1	0.0	2	1
5375	1	0.0	2	0 0 1
5377	1	0.0	2	1
5384	1	0.0	2	0 1
5600	1	0.0	2	0 1
5789	1	0.0	2	1
5927	1	0.0	2	0 1
6160	1	0.0	2	1
6283	1	0.0	2	1
6327	1	0.0	2	1
6691	1	0.0	2	1
6980	1	0.0	2	1
7126	1	0.0	2	1
7500	1	0.0	2	0 1
8808	1	0.0	2	0 0 1


=== Adapter P0303 ===

Sequence: GCCTCCAAGCTGTGCCTT; Type: regular 3'; Length: 18; Trimmed: 5263 times

Minimum overlap: 3
No. of allowed errors:
1-9 bp: 0; 10-18 bp: 1

Bases preceding removed adapters:
  A: 99.1%
  C: 0.1%
  G: 0.2%
  T: 0.5%
  none/other: 0.1%
WARNING:
    The adapter is preceded by 'A' extremely often.
    The provided adapter sequence could be incomplete at its 5' end.
    Ignore this warning when trimming primers.

Overview of removed sequences
length	count	expect	max.err	error counts
3	13	248.0	0	13
4	17	62.0	0	17
5	2	15.5	0	2
7	1	1.0	0	1
8	6	0.2	0	6
9	1	0.1	0	0 1
10	14	0.0	1	14
11	3	0.0	1	3
15	1	0.0	1	1
16	2	0.0	1	2
17	1	0.0	1	1
18	7	0.0	1	7
19	91	0.0	1	91
23	1	0.0	1	1
24	1	0.0	1	1
26	1	0.0	1	1
29	2	0.0	1	2
33	1	0.0	1	1
35	1	0.0	1	1
40	1	0.0	1	1
45	1	0.0	1	1
60	2	0.0	1	2
61	15	0.0	1	15
62	4	0.0	1	4
64	2	0.0	1	2
66	1	0.0	1	1
67	8	0.0	1	7 1
68	56	0.0	1	55 1
69	2	0.0	1	2
70	4	0.0	1	4
71	2	0.0	1	2
72	1	0.0	1	1
75	1	0.0	1	1
80	1	0.0	1	1
82	1	0.0	1	1
86	2	0.0	1	2
88	11	0.0	1	11
89	1	0.0	1	1
90	3	0.0	1	3
91	1	0.0	1	1
92	1	0.0	1	1
95	2	0.0	1	2
99	1	0.0	1	1
100	1	0.0	1	1
101	1	0.0	1	1
102	1	0.0	1	1
103	1	0.0	1	1
104	3	0.0	1	3
105	9	0.0	1	9
106	10	0.0	1	10
107	5	0.0	1	5
108	12	0.0	1	11 1
109	6	0.0	1	6
111	7	0.0	1	7
112	1	0.0	1	1
113	8	0.0	1	8
114	16	0.0	1	15 1
115	14	0.0	1	14
116	13	0.0	1	13
117	34	0.0	1	33 1
118	98	0.0	1	98
119	442	0.0	1	440 2
120	42	0.0	1	42
121	7	0.0	1	7
122	5	0.0	1	5
123	4	0.0	1	4
125	2	0.0	1	2
126	1	0.0	1	1
130	1	0.0	1	1
132	2	0.0	1	2
133	3	0.0	1	3
134	1	0.0	1	1
135	2	0.0	1	2
136	1	0.0	1	1
137	2	0.0	1	2
138	2	0.0	1	2
141	1	0.0	1	1
142	1	0.0	1	1
143	1	0.0	1	1
144	3	0.0	1	2 1
146	4	0.0	1	3 1
147	5	0.0	1	5
148	14	0.0	1	14
152	6	0.0	1	6
153	1	0.0	1	1
156	1	0.0	1	1
159	4	0.0	1	3 1
164	1	0.0	1	1
165	2	0.0	1	2
166	1	0.0	1	1
169	1	0.0	1	1
170	2	0.0	1	2
171	1	0.0	1	1
174	1	0.0	1	1
176	1	0.0	1	1
178	1	0.0	1	1
179	1	0.0	1	1
180	1	0.0	1	1
181	1	0.0	1	1
183	2	0.0	1	2
184	1	0.0	1	1
185	2	0.0	1	1 1
186	3	0.0	1	3
187	6	0.0	1	6
188	3	0.0	1	2 1
189	7	0.0	1	7
190	3	0.0	1	3
191	4	0.0	1	4
192	11	0.0	1	11
193	12	0.0	1	12
194	11	0.0	1	11
195	28	0.0	1	27 1
196	31	0.0	1	30 1
197	37	0.0	1	34 3
198	59	0.0	1	58 1
199	97	0.0	1	95 2
200	159	0.0	1	157 2
201	266	0.0	1	263 3
202	57	0.0	1	54 3
203	13	0.0	1	13
204	6	0.0	1	6
205	9	0.0	1	9
206	3	0.0	1	3
207	2	0.0	1	2
208	2	0.0	1	2
210	1	0.0	1	1
212	3	0.0	1	3
213	3	0.0	1	3
214	1	0.0	1	1
215	3	0.0	1	3
216	2	0.0	1	2
218	2	0.0	1	2
219	1	0.0	1	1
220	2	0.0	1	2
221	2	0.0	1	2
222	1	0.0	1	1
223	1	0.0	1	1
224	2	0.0	1	2
225	3	0.0	1	3
227	2	0.0	1	2
228	2	0.0	1	2
229	2	0.0	1	2
230	1	0.0	1	1
231	2	0.0	1	1 1
232	4	0.0	1	4
233	3	0.0	1	3
234	2	0.0	1	2
235	2	0.0	1	2
236	1	0.0	1	1
237	1	0.0	1	1
239	1	0.0	1	1
241	2	0.0	1	2
243	1	0.0	1	1
246	1	0.0	1	1
248	2	0.0	1	2
249	1	0.0	1	1
250	1	0.0	1	0 1
252	2	0.0	1	2
253	2	0.0	1	2
254	3	0.0	1	3
255	1	0.0	1	1
256	2	0.0	1	2
257	2	0.0	1	2
260	1	0.0	1	1
261	1	0.0	1	1
266	2	0.0	1	2
268	2	0.0	1	2
269	2	0.0	1	2
274	1	0.0	1	1
275	2	0.0	1	2
276	3	0.0	1	3
277	5	0.0	1	5
278	2	0.0	1	2
279	4	0.0	1	4
280	1	0.0	1	1
281	1	0.0	1	1
284	2	0.0	1	2
285	2	0.0	1	2
286	2	0.0	1	2
287	2	0.0	1	2
288	4	0.0	1	4
289	3	0.0	1	3
291	3	0.0	1	3
292	3	0.0	1	3
293	2	0.0	1	2
295	3	0.0	1	3
296	4	0.0	1	4
297	1	0.0	1	1
298	1	0.0	1	1
300	1	0.0	1	1
301	1	0.0	1	0 1
302	3	0.0	1	3
303	2	0.0	1	2
304	2	0.0	1	2
305	4	0.0	1	4
306	1	0.0	1	1
308	1	0.0	1	1
310	2	0.0	1	2
311	4	0.0	1	4
312	1	0.0	1	1
313	1	0.0	1	1
314	3	0.0	1	3
316	1	0.0	1	1
317	2	0.0	1	2
318	1	0.0	1	1
320	1	0.0	1	1
321	1	0.0	1	1
322	2	0.0	1	2
323	2	0.0	1	2
324	2	0.0	1	1 1
326	2	0.0	1	2
327	2	0.0	1	2
329	1	0.0	1	1
331	2	0.0	1	2
332	2	0.0	1	2
333	2	0.0	1	2
334	1	0.0	1	1
335	2	0.0	1	2
336	2	0.0	1	2
338	1	0.0	1	1
339	1	0.0	1	1
340	4	0.0	1	4
341	1	0.0	1	1
342	3	0.0	1	3
343	5	0.0	1	5
344	2	0.0	1	2
345	3	0.0	1	3
346	1	0.0	1	1
347	2	0.0	1	2
348	5	0.0	1	5
349	3	0.0	1	3
352	1	0.0	1	1
353	1	0.0	1	1
354	3	0.0	1	3
355	4	0.0	1	4
356	4	0.0	1	4
357	6	0.0	1	5 1
358	7	0.0	1	7
359	3	0.0	1	3
360	12	0.0	1	12
361	27	0.0	1	26 1
362	5	0.0	1	5
363	8	0.0	1	8
364	6	0.0	1	5 1
365	2	0.0	1	2
366	3	0.0	1	3
367	3	0.0	1	3
368	1	0.0	1	1
369	3	0.0	1	2 1
373	1	0.0	1	1
375	1	0.0	1	1
376	3	0.0	1	3
377	2	0.0	1	2
378	2	0.0	1	2
379	2	0.0	1	2
380	1	0.0	1	1
382	2	0.0	1	2
383	2	0.0	1	2
384	2	0.0	1	2
385	9	0.0	1	9
386	8	0.0	1	7 1
387	7	0.0	1	7
388	3	0.0	1	3
389	2	0.0	1	2
390	5	0.0	1	5
391	4	0.0	1	4
392	4	0.0	1	4
393	4	0.0	1	4
394	2	0.0	1	2
395	1	0.0	1	1
396	5	0.0	1	5
397	3	0.0	1	3
398	4	0.0	1	4
399	2	0.0	1	2
400	3	0.0	1	3
401	1	0.0	1	1
402	1	0.0	1	1
403	2	0.0	1	2
404	1	0.0	1	1
406	1	0.0	1	1
408	1	0.0	1	1
409	1	0.0	1	1
410	3	0.0	1	3
412	1	0.0	1	1
413	3	0.0	1	3
414	5	0.0	1	5
415	1	0.0	1	1
417	1	0.0	1	1
419	2	0.0	1	2
420	4	0.0	1	4
421	1	0.0	1	1
423	1	0.0	1	1
424	2	0.0	1	2
425	3	0.0	1	3
426	2	0.0	1	2
427	1	0.0	1	1
429	1	0.0	1	1
430	1	0.0	1	1
431	1	0.0	1	1
433	1	0.0	1	1
435	1	0.0	1	1
436	1	0.0	1	1
437	2	0.0	1	2
438	1	0.0	1	1
439	2	0.0	1	2
441	1	0.0	1	1
442	1	0.0	1	1
443	2	0.0	1	2
444	1	0.0	1	1
445	1	0.0	1	1
448	1	0.0	1	1
449	2	0.0	1	2
450	1	0.0	1	1
451	1	0.0	1	1
452	3	0.0	1	3
453	1	0.0	1	1
455	1	0.0	1	1
456	2	0.0	1	2
457	1	0.0	1	1
458	1	0.0	1	1
459	1	0.0	1	1
460	2	0.0	1	2
461	2	0.0	1	2
462	1	0.0	1	1
463	4	0.0	1	3 1
464	1	0.0	1	0 1
465	3	0.0	1	3
466	2	0.0	1	2
467	1	0.0	1	1
470	2	0.0	1	1 1
471	1	0.0	1	1
474	1	0.0	1	1
475	1	0.0	1	1
477	2	0.0	1	2
478	3	0.0	1	3
479	2	0.0	1	2
480	1	0.0	1	1
481	4	0.0	1	4
482	6	0.0	1	4 2
483	6	0.0	1	6
484	7	0.0	1	7
485	4	0.0	1	4
486	3	0.0	1	3
487	1	0.0	1	1
489	1	0.0	1	1
490	1	0.0	1	1
491	3	0.0	1	3
493	1	0.0	1	1
494	1	0.0	1	1
495	1	0.0	1	1
496	2	0.0	1	2
497	5	0.0	1	5
498	2	0.0	1	2
499	3	0.0	1	3
500	4	0.0	1	4
501	4	0.0	1	3 1
502	7	0.0	1	7
503	10	0.0	1	10
504	6	0.0	1	6
505	5	0.0	1	5
506	8	0.0	1	7 1
507	3	0.0	1	3
508	8	0.0	1	8
509	5	0.0	1	5
510	1	0.0	1	1
511	3	0.0	1	3
512	2	0.0	1	2
513	4	0.0	1	4
514	2	0.0	1	2
515	2	0.0	1	1 1
516	1	0.0	1	1
518	1	0.0	1	1
519	2	0.0	1	2
520	4	0.0	1	4
521	3	0.0	1	3
522	2	0.0	1	2
523	1	0.0	1	1
524	4	0.0	1	4
525	7	0.0	1	7
526	6	0.0	1	5 1
527	10	0.0	1	10
528	5	0.0	1	5
529	10	0.0	1	8 2
530	15	0.0	1	15
531	14	0.0	1	13 1
532	24	0.0	1	24
533	40	0.0	1	40
534	68	0.0	1	68
535	24	0.0	1	24
536	20	0.0	1	20
537	15	0.0	1	14 1
538	6	0.0	1	6
539	3	0.0	1	3
540	6	0.0	1	6
541	3	0.0	1	3
542	4	0.0	1	3 1
543	2	0.0	1	2
544	1	0.0	1	1
545	5	0.0	1	5
546	2	0.0	1	2
547	3	0.0	1	3
548	3	0.0	1	3
549	3	0.0	1	3
550	5	0.0	1	5
551	4	0.0	1	3 1
552	5	0.0	1	5
553	6	0.0	1	5 1
554	7	0.0	1	6 1
555	15	0.0	1	15
556	15	0.0	1	15
557	23	0.0	1	23
558	34	0.0	1	32 2
559	45	0.0	1	45
560	19	0.0	1	19
561	12	0.0	1	12
562	4	0.0	1	4
563	5	0.0	1	5
564	6	0.0	1	6
565	2	0.0	1	2
566	1	0.0	1	1
567	3	0.0	1	3
568	5	0.0	1	5
569	3	0.0	1	3
570	2	0.0	1	2
571	1	0.0	1	1
572	2	0.0	1	2
573	2	0.0	1	2
574	1	0.0	1	1
575	3	0.0	1	3
576	3	0.0	1	3
577	1	0.0	1	1
578	2	0.0	1	2
579	3	0.0	1	3
582	1	0.0	1	1
584	1	0.0	1	1
585	1	0.0	1	1
587	1	0.0	1	1
588	1	0.0	1	1
590	1	0.0	1	1
591	1	0.0	1	1
592	2	0.0	1	2
595	1	0.0	1	1
596	2	0.0	1	2
597	2	0.0	1	2
598	1	0.0	1	1
599	2	0.0	1	2
601	3	0.0	1	3
604	1	0.0	1	1
606	1	0.0	1	1
607	2	0.0	1	2
608	1	0.0	1	1
610	2	0.0	1	2
611	1	0.0	1	1
613	1	0.0	1	1
614	1	0.0	1	1
615	4	0.0	1	4
616	3	0.0	1	3
618	4	0.0	1	4
619	2	0.0	1	2
620	1	0.0	1	1
621	2	0.0	1	2
622	1	0.0	1	1
623	2	0.0	1	2
624	2	0.0	1	2
625	1	0.0	1	1
626	3	0.0	1	3
627	1	0.0	1	1
628	1	0.0	1	1
629	5	0.0	1	5
630	1	0.0	1	1
632	1	0.0	1	1
634	1	0.0	1	1
635	1	0.0	1	1
636	2	0.0	1	2
638	1	0.0	1	1
640	2	0.0	1	2
641	1	0.0	1	1
642	2	0.0	1	2
643	2	0.0	1	2
644	2	0.0	1	2
645	1	0.0	1	1
648	2	0.0	1	2
649	1	0.0	1	1
650	2	0.0	1	2
651	1	0.0	1	1
652	2	0.0	1	2
654	1	0.0	1	1
656	1	0.0	1	1
660	1	0.0	1	1
661	2	0.0	1	2
663	1	0.0	1	1
664	1	0.0	1	1
666	3	0.0	1	3
667	1	0.0	1	1
668	1	0.0	1	1
670	4	0.0	1	4
671	2	0.0	1	2
673	4	0.0	1	4
674	1	0.0	1	1
675	5	0.0	1	5
676	2	0.0	1	2
677	6	0.0	1	6
678	7	0.0	1	7
679	9	0.0	1	9
680	5	0.0	1	5
682	3	0.0	1	3
683	3	0.0	1	3
684	2	0.0	1	2
685	2	0.0	1	2
686	3	0.0	1	3
688	1	0.0	1	1
689	3	0.0	1	3
690	3	0.0	1	3
691	1	0.0	1	1
692	4	0.0	1	4
693	3	0.0	1	3
694	1	0.0	1	1
695	1	0.0	1	1
696	3	0.0	1	3
697	2	0.0	1	2
698	2	0.0	1	2
699	1	0.0	1	1
700	1	0.0	1	1
701	1	0.0	1	1
702	1	0.0	1	1
705	1	0.0	1	1
706	5	0.0	1	5
707	5	0.0	1	5
709	1	0.0	1	1
710	1	0.0	1	1
711	4	0.0	1	4
712	1	0.0	1	1
714	2	0.0	1	2
715	2	0.0	1	2
717	1	0.0	1	1
719	2	0.0	1	2
721	2	0.0	1	2
723	2	0.0	1	2
724	2	0.0	1	2
725	5	0.0	1	5
726	4	0.0	1	4
727	2	0.0	1	2
728	2	0.0	1	2
729	1	0.0	1	1
730	1	0.0	1	1
731	2	0.0	1	2
732	1	0.0	1	1
733	1	0.0	1	1
734	2	0.0	1	1 1
736	3	0.0	1	3
737	1	0.0	1	1
738	1	0.0	1	1
740	1	0.0	1	1
741	1	0.0	1	1
742	2	0.0	1	2
743	2	0.0	1	2
744	2	0.0	1	2
745	2	0.0	1	2
746	2	0.0	1	2
747	1	0.0	1	1
748	2	0.0	1	2
752	2	0.0	1	2
753	2	0.0	1	2
754	2	0.0	1	2
755	2	0.0	1	2
757	3	0.0	1	3
758	3	0.0	1	3
759	2	0.0	1	2
760	2	0.0	1	2
761	1	0.0	1	1
762	4	0.0	1	4
763	1	0.0	1	1
764	1	0.0	1	1
765	2	0.0	1	2
766	2	0.0	1	2
768	5	0.0	1	5
769	3	0.0	1	3
770	1	0.0	1	1
771	2	0.0	1	2
772	1	0.0	1	1
773	1	0.0	1	1
774	1	0.0	1	1
776	2	0.0	1	2
777	1	0.0	1	1
778	2	0.0	1	2
779	3	0.0	1	3
780	4	0.0	1	4
781	1	0.0	1	1
782	1	0.0	1	1
783	3	0.0	1	3
785	2	0.0	1	2
786	6	0.0	1	6
788	1	0.0	1	1
789	1	0.0	1	1
790	2	0.0	1	2
792	1	0.0	1	1
794	1	0.0	1	1
795	5	0.0	1	5
796	1	0.0	1	1
797	1	0.0	1	1
798	1	0.0	1	1
800	3	0.0	1	2 1
801	2	0.0	1	2
802	1	0.0	1	1
804	1	0.0	1	1
805	1	0.0	1	1
806	1	0.0	1	1
807	1	0.0	1	1
809	1	0.0	1	1
811	2	0.0	1	2
812	1	0.0	1	1
813	1	0.0	1	1
815	1	0.0	1	1
817	1	0.0	1	1
818	3	0.0	1	3
821	1	0.0	1	1
822	3	0.0	1	3
823	1	0.0	1	1
825	4	0.0	1	4
827	1	0.0	1	1
828	1	0.0	1	1
831	2	0.0	1	2
832	2	0.0	1	2
838	1	0.0	1	1
839	1	0.0	1	1
840	1	0.0	1	1
841	1	0.0	1	1
843	1	0.0	1	1
844	3	0.0	1	3
846	3	0.0	1	3
847	1	0.0	1	1
848	1	0.0	1	1
849	2	0.0	1	2
853	1	0.0	1	1
855	2	0.0	1	2
856	2	0.0	1	2
857	2	0.0	1	1 1
860	1	0.0	1	1
863	1	0.0	1	1
864	2	0.0	1	2
866	1	0.0	1	1
867	1	0.0	1	1
869	1	0.0	1	1
870	1	0.0	1	1
871	2	0.0	1	2
872	1	0.0	1	1
876	2	0.0	1	2
877	2	0.0	1	2
878	5	0.0	1	5
879	1	0.0	1	1
880	2	0.0	1	2
883	2	0.0	1	2
884	1	0.0	1	1
885	1	0.0	1	1
886	1	0.0	1	1
888	1	0.0	1	1
890	1	0.0	1	1
891	1	0.0	1	1
894	1	0.0	1	1
895	1	0.0	1	1
897	2	0.0	1	2
898	1	0.0	1	1
899	1	0.0	1	1
900	1	0.0	1	1
903	1	0.0	1	1
904	2	0.0	1	2
906	3	0.0	1	3
907	2	0.0	1	2
908	2	0.0	1	2
910	1	0.0	1	1
911	1	0.0	1	1
912	1	0.0	1	1
913	1	0.0	1	1
915	1	0.0	1	1
917	1	0.0	1	1
918	1	0.0	1	1
919	1	0.0	1	1
920	1	0.0	1	1
922	2	0.0	1	2
924	1	0.0	1	1
925	1	0.0	1	1
928	3	0.0	1	3
935	3	0.0	1	3
937	2	0.0	1	2
939	1	0.0	1	1
940	2	0.0	1	2
942	5	0.0	1	5
943	1	0.0	1	1
944	1	0.0	1	1
945	2	0.0	1	2
949	1	0.0	1	1
950	1	0.0	1	1
952	1	0.0	1	1
953	1	0.0	1	1
958	1	0.0	1	1
959	3	0.0	1	3
960	2	0.0	1	2
961	2	0.0	1	2
962	1	0.0	1	1
963	2	0.0	1	2
967	1	0.0	1	1
969	2	0.0	1	2
970	1	0.0	1	1
972	1	0.0	1	1
973	1	0.0	1	1
974	1	0.0	1	1
975	1	0.0	1	1
976	1	0.0	1	1
977	2	0.0	1	2
978	1	0.0	1	1
979	1	0.0	1	1
982	1	0.0	1	1
983	1	0.0	1	1
984	2	0.0	1	2
985	1	0.0	1	1
986	1	0.0	1	1
988	3	0.0	1	3
989	1	0.0	1	1
990	3	0.0	1	3
991	2	0.0	1	2
992	1	0.0	1	1
993	1	0.0	1	1
996	1	0.0	1	1
997	2	0.0	1	2
998	3	0.0	1	3
1000	1	0.0	1	1
1001	1	0.0	1	1
1002	1	0.0	1	1
1004	1	0.0	1	1
1005	1	0.0	1	1
1008	1	0.0	1	1
1009	1	0.0	1	1
1013	2	0.0	1	2
1014	1	0.0	1	1
1015	1	0.0	1	1
1017	1	0.0	1	1
1018	1	0.0	1	1
1019	3	0.0	1	3
1021	1	0.0	1	1
1024	1	0.0	1	1
1027	1	0.0	1	1
1029	1	0.0	1	1
1031	2	0.0	1	2
1034	1	0.0	1	1
1039	2	0.0	1	2
1044	1	0.0	1	1
1046	1	0.0	1	1
1048	1	0.0	1	1
1049	1	0.0	1	1
1050	2	0.0	1	2
1053	2	0.0	1	2
1056	2	0.0	1	2
1057	1	0.0	1	1
1060	1	0.0	1	1
1061	1	0.0	1	1
1062	1	0.0	1	1
1066	3	0.0	1	3
1067	1	0.0	1	1
1069	1	0.0	1	1
1072	3	0.0	1	3
1074	2	0.0	1	2
1077	1	0.0	1	1
1080	1	0.0	1	1
1081	1	0.0	1	1
1082	2	0.0	1	2
1083	1	0.0	1	1
1084	1	0.0	1	1
1085	1	0.0	1	1
1087	1	0.0	1	1
1088	2	0.0	1	2
1089	1	0.0	1	1
1090	1	0.0	1	1
1091	1	0.0	1	1
1092	2	0.0	1	2
1095	1	0.0	1	1
1099	1	0.0	1	1
1106	1	0.0	1	1
1107	1	0.0	1	1
1108	1	0.0	1	1
1110	1	0.0	1	1
1126	1	0.0	1	1
1132	2	0.0	1	2
1133	1	0.0	1	1
1134	1	0.0	1	1
1135	1	0.0	1	1
1136	1	0.0	1	1
1140	1	0.0	1	1
1144	1	0.0	1	1
1146	1	0.0	1	1
1147	2	0.0	1	2
1148	2	0.0	1	2
1150	1	0.0	1	1
1152	1	0.0	1	1
1154	1	0.0	1	1
1156	2	0.0	1	2
1160	3	0.0	1	3
1162	1	0.0	1	1
1163	1	0.0	1	1
1170	1	0.0	1	1
1171	1	0.0	1	1
1173	1	0.0	1	1
1175	1	0.0	1	1
1178	1	0.0	1	1
1180	1	0.0	1	1
1187	1	0.0	1	1
1190	1	0.0	1	1
1194	1	0.0	1	1
1195	1	0.0	1	1
1196	1	0.0	1	1
1197	1	0.0	1	1
1208	2	0.0	1	2
1211	1	0.0	1	1
1219	1	0.0	1	1
1222	1	0.0	1	1
1223	2	0.0	1	2
1224	1	0.0	1	1
1227	1	0.0	1	1
1228	1	0.0	1	1
1230	3	0.0	1	3
1231	1	0.0	1	1
1232	1	0.0	1	1
1238	1	0.0	1	1
1239	1	0.0	1	1
1240	1	0.0	1	1
1242	1	0.0	1	1
1246	2	0.0	1	2
1249	1	0.0	1	1
1251	3	0.0	1	3
1253	1	0.0	1	1
1260	1	0.0	1	1
1264	1	0.0	1	1
1267	1	0.0	1	1
1270	1	0.0	1	1
1271	2	0.0	1	2
1274	1	0.0	1	1
1277	1	0.0	1	1
1279	1	0.0	1	1
1280	1	0.0	1	1
1288	1	0.0	1	1
1289	1	0.0	1	1
1291	1	0.0	1	1
1294	1	0.0	1	1
1299	1	0.0	1	1
1301	1	0.0	1	1
1302	2	0.0	1	2
1303	1	0.0	1	1
1304	1	0.0	1	1
1308	1	0.0	1	1
1310	1	0.0	1	1
1312	1	0.0	1	1
1317	1	0.0	1	1
1320	1	0.0	1	1
1325	1	0.0	1	1
1326	2	0.0	1	2
1327	1	0.0	1	1
1328	1	0.0	1	1
1329	1	0.0	1	1
1330	1	0.0	1	1
1333	1	0.0	1	1
1335	1	0.0	1	1
1336	1	0.0	1	1
1338	1	0.0	1	1
1351	2	0.0	1	2
1352	1	0.0	1	1
1354	1	0.0	1	1
1356	1	0.0	1	1
1357	2	0.0	1	2
1358	1	0.0	1	1
1360	2	0.0	1	2
1363	2	0.0	1	2
1369	2	0.0	1	2
1372	1	0.0	1	1
1380	1	0.0	1	1
1386	1	0.0	1	1
1387	2	0.0	1	2
1389	1	0.0	1	1
1394	1	0.0	1	1
1396	1	0.0	1	1
1398	1	0.0	1	1
1401	1	0.0	1	1
1409	2	0.0	1	2
1412	2	0.0	1	2
1414	1	0.0	1	1
1415	1	0.0	1	1
1418	1	0.0	1	1
1419	1	0.0	1	0 1
1423	1	0.0	1	1
1426	1	0.0	1	1
1432	1	0.0	1	1
1435	1	0.0	1	1
1439	1	0.0	1	1
1441	1	0.0	1	1
1445	2	0.0	1	2
1453	1	0.0	1	1
1461	1	0.0	1	1
1471	1	0.0	1	1
1478	1	0.0	1	1
1483	1	0.0	1	1
1492	1	0.0	1	1
1493	1	0.0	1	1
1495	1	0.0	1	1
1497	1	0.0	1	1
1498	1	0.0	1	1
1512	1	0.0	1	1
1513	1	0.0	1	1
1520	2	0.0	1	2
1526	1	0.0	1	1
1527	1	0.0	1	1
1530	1	0.0	1	1
1538	1	0.0	1	1
1551	1	0.0	1	1
1552	1	0.0	1	1
1554	1	0.0	1	1
1562	1	0.0	1	1
1568	1	0.0	1	1
1578	1	0.0	1	1
1581	1	0.0	1	1
1586	1	0.0	1	1
1592	1	0.0	1	1
1598	1	0.0	1	1
1599	1	0.0	1	1
1604	1	0.0	1	1
1605	1	0.0	1	1
1606	1	0.0	1	1
1607	1	0.0	1	1
1610	2	0.0	1	2
1611	1	0.0	1	1
1612	3	0.0	1	3
1614	1	0.0	1	1
1615	1	0.0	1	1
1616	1	0.0	1	1
1618	1	0.0	1	1
1619	1	0.0	1	1
1637	2	0.0	1	2
1642	1	0.0	1	1
1655	1	0.0	1	1
1658	2	0.0	1	2
1665	1	0.0	1	1
1673	1	0.0	1	1
1680	2	0.0	1	2
1688	1	0.0	1	1
1692	1	0.0	1	0 1
1694	1	0.0	1	1
1696	1	0.0	1	1
1715	1	0.0	1	1
1723	1	0.0	1	1
1726	1	0.0	1	1
1732	1	0.0	1	1
1741	1	0.0	1	1
1746	1	0.0	1	1
1752	1	0.0	1	1
1754	1	0.0	1	1
1755	1	0.0	1	1
1787	1	0.0	1	1
1788	3	0.0	1	3
1798	1	0.0	1	1
1805	1	0.0	1	1
1806	1	0.0	1	1
1807	1	0.0	1	1
1845	1	0.0	1	1
1857	1	0.0	1	1
1864	1	0.0	1	1
1868	2	0.0	1	2
1895	2	0.0	1	2
1896	1	0.0	1	1
1905	1	0.0	1	1
1909	1	0.0	1	1
1911	1	0.0	1	1
1912	2	0.0	1	2
1913	1	0.0	1	1
1941	1	0.0	1	1
1942	1	0.0	1	1
1958	1	0.0	1	1
1960	1	0.0	1	1
1964	1	0.0	1	1
1978	1	0.0	1	1
1989	1	0.0	1	1
1995	2	0.0	1	2
1998	1	0.0	1	1
2003	1	0.0	1	1
2008	1	0.0	1	1
2012	1	0.0	1	1
2025	1	0.0	1	1
2027	1	0.0	1	1
2043	1	0.0	1	1
2049	1	0.0	1	1
2060	1	0.0	1	1
2075	1	0.0	1	1
2077	1	0.0	1	1
2082	1	0.0	1	1
2083	1	0.0	1	1
2086	2	0.0	1	2
2087	1	0.0	1	1
2089	1	0.0	1	1
2091	1	0.0	1	1
2097	1	0.0	1	1
2103	1	0.0	1	1
2107	1	0.0	1	1
2115	1	0.0	1	1
2124	1	0.0	1	1
2165	1	0.0	1	1
2180	1	0.0	1	0 1
2195	1	0.0	1	1
2210	1	0.0	1	1
2218	1	0.0	1	1
2222	1	0.0	1	1
2227	1	0.0	1	1
2251	1	0.0	1	1
2265	1	0.0	1	1
2271	1	0.0	1	1
2282	1	0.0	1	1
2284	1	0.0	1	1
2307	1	0.0	1	0 1
2323	1	0.0	1	1
2334	1	0.0	1	1
2336	3	0.0	1	3
2349	2	0.0	1	1 1
2350	2	0.0	1	2
2352	2	0.0	1	2
2353	2	0.0	1	2
2355	1	0.0	1	1
2357	1	0.0	1	1
2359	1	0.0	1	1
2371	1	0.0	1	1
2421	1	0.0	1	1
2422	1	0.0	1	1
2433	1	0.0	1	1
2439	1	0.0	1	1
2461	1	0.0	1	1
2463	1	0.0	1	1
2494	1	0.0	1	1
2503	1	0.0	1	1
2509	1	0.0	1	1
2511	1	0.0	1	1
2520	1	0.0	1	1
2522	1	0.0	1	1
2523	1	0.0	1	1
2525	2	0.0	1	2
2526	1	0.0	1	0 1
2527	2	0.0	1	2
2528	1	0.0	1	1
2529	1	0.0	1	1
2530	1	0.0	1	1
2547	1	0.0	1	1
2551	1	0.0	1	1
2641	1	0.0	1	1
2653	2	0.0	1	2
2695	1	0.0	1	1
2702	1	0.0	1	1
2711	1	0.0	1	1
2725	1	0.0	1	1
2727	3	0.0	1	3
2730	1	0.0	1	1
2733	1	0.0	1	1
2735	1	0.0	1	1
2737	1	0.0	1	1
2742	1	0.0	1	1
2751	2	0.0	1	2
2754	1	0.0	1	1
2758	1	0.0	1	1
2765	1	0.0	1	1
2767	1	0.0	1	1
2769	1	0.0	1	1
2770	1	0.0	1	1
2774	1	0.0	1	1
2775	2	0.0	1	2
2778	1	0.0	1	1
2783	1	0.0	1	1
2784	3	0.0	1	3
2789	1	0.0	1	1
2792	1	0.0	1	1
2794	2	0.0	1	2
2797	1	0.0	1	1
2800	2	0.0	1	2
2801	1	0.0	1	1
2809	1	0.0	1	1
2810	1	0.0	1	1
2816	2	0.0	1	2
2818	2	0.0	1	2
2819	1	0.0	1	1
2824	1	0.0	1	1
2825	1	0.0	1	1
2826	2	0.0	1	2
2827	2	0.0	1	2
2836	1	0.0	1	1
2837	1	0.0	1	1
2839	1	0.0	1	1
2841	1	0.0	1	1
2842	1	0.0	1	1
2843	1	0.0	1	1
2844	1	0.0	1	1
2845	2	0.0	1	2
2849	1	0.0	1	1
2850	1	0.0	1	1
2857	1	0.0	1	1
2858	1	0.0	1	1
2859	1	0.0	1	1
2862	1	0.0	1	1
2864	1	0.0	1	1
2867	1	0.0	1	1
2868	1	0.0	1	1
2870	1	0.0	1	1
2873	2	0.0	1	2
2874	1	0.0	1	1
2875	1	0.0	1	1
2877	1	0.0	1	1
2878	1	0.0	1	1
2884	1	0.0	1	1
2885	1	0.0	1	1
2886	4	0.0	1	4
2888	1	0.0	1	1
2890	1	0.0	1	1
2892	3	0.0	1	3
2894	1	0.0	1	1
2896	1	0.0	1	1
2899	1	0.0	1	1
2901	1	0.0	1	1
2909	1	0.0	1	1
2911	1	0.0	1	1
2918	1	0.0	1	1
2930	1	0.0	1	1
2932	1	0.0	1	1
2937	1	0.0	1	1
2939	1	0.0	1	0 1
2947	2	0.0	1	2
2948	1	0.0	1	1
2949	1	0.0	1	1
2950	1	0.0	1	1
2954	1	0.0	1	1
2957	1	0.0	1	1
2958	1	0.0	1	1
2959	1	0.0	1	1
2963	2	0.0	1	2
2965	1	0.0	1	1
2966	2	0.0	1	2
2968	2	0.0	1	1 1
2970	1	0.0	1	1
2971	3	0.0	1	3
2972	6	0.0	1	6
2973	4	0.0	1	4
2974	3	0.0	1	3
2975	4	0.0	1	4
2976	3	0.0	1	3
2977	2	0.0	1	2
2978	6	0.0	1	6
2979	9	0.0	1	9
2980	6	0.0	1	5 1
2981	6	0.0	1	6
2982	5	0.0	1	5
2983	3	0.0	1	3
2984	1	0.0	1	1
2985	4	0.0	1	4
2986	3	0.0	1	3
2988	2	0.0	1	2
2989	1	0.0	1	1
2992	1	0.0	1	1
2994	1	0.0	1	1
2995	1	0.0	1	1
2998	1	0.0	1	1
3002	1	0.0	1	1
3006	1	0.0	1	1
3010	1	0.0	1	1
3016	1	0.0	1	1
3017	1	0.0	1	1
3028	1	0.0	1	1
3033	1	0.0	1	1
3035	1	0.0	1	1
3037	1	0.0	1	1
3041	1	0.0	1	1
3043	1	0.0	1	1
3044	1	0.0	1	1
3050	2	0.0	1	2
3052	1	0.0	1	1
3054	1	0.0	1	1
3056	2	0.0	1	2
3057	1	0.0	1	1
3058	1	0.0	1	1
3059	2	0.0	1	2
3060	2	0.0	1	2
3061	1	0.0	1	1
3062	1	0.0	1	1
3064	3	0.0	1	3
3065	3	0.0	1	3
3067	2	0.0	1	2
3068	2	0.0	1	2
3069	1	0.0	1	1
3070	2	0.0	1	2
3071	1	0.0	1	1
3072	1	0.0	1	1
3075	3	0.0	1	3
3077	1	0.0	1	1
3078	1	0.0	1	1
3080	1	0.0	1	1
3083	1	0.0	1	1
3084	2	0.0	1	2
3085	1	0.0	1	1
3086	3	0.0	1	3
3087	1	0.0	1	1
3088	3	0.0	1	2 1
3089	1	0.0	1	1
3090	3	0.0	1	2 1
3091	3	0.0	1	3
3092	1	0.0	1	1
3094	6	0.0	1	6
3095	4	0.0	1	4
3096	3	0.0	1	3
3097	3	0.0	1	3
3099	1	0.0	1	1
3100	6	0.0	1	5 1
3101	3	0.0	1	3
3102	3	0.0	1	3
3103	2	0.0	1	2
3104	5	0.0	1	5
3105	3	0.0	1	3
3106	2	0.0	1	2
3109	4	0.0	1	4
3112	1	0.0	1	1
3113	3	0.0	1	3
3115	1	0.0	1	1
3117	3	0.0	1	3
3118	4	0.0	1	4
3119	5	0.0	1	5
3120	1	0.0	1	1
3121	1	0.0	1	1
3123	2	0.0	1	2
3124	1	0.0	1	1
3125	2	0.0	1	2
3126	5	0.0	1	3 2
3127	1	0.0	1	1
3128	4	0.0	1	4
3129	4	0.0	1	4
3130	1	0.0	1	1
3131	3	0.0	1	3
3132	1	0.0	1	1
3133	2	0.0	1	2
3134	5	0.0	1	5
3135	3	0.0	1	3
3136	3	0.0	1	3
3137	3	0.0	1	3
3138	2	0.0	1	2
3139	7	0.0	1	6 1
3140	11	0.0	1	11
3141	8	0.0	1	7 1
3142	7	0.0	1	6 1
3143	13	0.0	1	13
3144	7	0.0	1	7
3145	13	0.0	1	13
3146	17	0.0	1	17
3147	11	0.0	1	11
3148	17	0.0	1	15 2
3149	22	0.0	1	21 1
3150	17	0.0	1	16 1
3151	31	0.0	1	31
3152	10	0.0	1	9 1
3153	24	0.0	1	24
3154	19	0.0	1	19
3155	16	0.0	1	16
3156	7	0.0	1	7
3157	4	0.0	1	4
3158	5	0.0	1	5
3159	7	0.0	1	7
3160	11	0.0	1	10 1
3161	6	0.0	1	6
3162	9	0.0	1	9
3163	8	0.0	1	8
3164	6	0.0	1	6
3165	14	0.0	1	14
3166	15	0.0	1	15
3167	8	0.0	1	8
3168	11	0.0	1	11
3169	10	0.0	1	10
3170	12	0.0	1	12
3171	5	0.0	1	5
3172	11	0.0	1	11
3173	10	0.0	1	10
3174	10	0.0	1	10
3175	5	0.0	1	5
3176	10	0.0	1	10
3177	6	0.0	1	6
3178	3	0.0	1	3
3180	5	0.0	1	4 1
3181	2	0.0	1	2
3182	3	0.0	1	3
3185	2	0.0	1	2
3186	1	0.0	1	1
3188	1	0.0	1	1
3190	1	0.0	1	1
3191	1	0.0	1	1
3192	1	0.0	1	0 1
3193	1	0.0	1	1
3194	1	0.0	1	1
3195	1	0.0	1	1
3197	1	0.0	1	1
3198	1	0.0	1	1
3202	1	0.0	1	1
3204	1	0.0	1	1
3208	1	0.0	1	1
3211	3	0.0	1	3
3213	1	0.0	1	1
3215	1	0.0	1	1
3217	2	0.0	1	2
3219	1	0.0	1	1
3220	1	0.0	1	1
3221	1	0.0	1	1
3226	1	0.0	1	1
3230	1	0.0	1	1
3233	2	0.0	1	2
3234	3	0.0	1	3
3235	1	0.0	1	1
3241	2	0.0	1	2
3242	1	0.0	1	1
3244	2	0.0	1	2
3250	1	0.0	1	1
3258	2	0.0	1	2
3259	1	0.0	1	1
3260	2	0.0	1	2
3261	1	0.0	1	1
3265	1	0.0	1	1
3266	1	0.0	1	1
3272	1	0.0	1	1
3273	2	0.0	1	2
3276	1	0.0	1	1
3279	1	0.0	1	1
3284	1	0.0	1	1
3285	1	0.0	1	1
3286	1	0.0	1	1
3287	2	0.0	1	2
3288	1	0.0	1	1
3289	1	0.0	1	1
3290	1	0.0	1	1
3294	1	0.0	1	1
3297	1	0.0	1	1
3298	1	0.0	1	1
3300	4	0.0	1	4
3302	1	0.0	1	1
3303	1	0.0	1	1
3307	2	0.0	1	2
3309	1	0.0	1	1
3310	1	0.0	1	1
3311	2	0.0	1	2
3313	1	0.0	1	1
3314	1	0.0	1	1
3316	1	0.0	1	1
3318	1	0.0	1	1
3319	2	0.0	1	2
3321	1	0.0	1	1
3324	1	0.0	1	1
3325	1	0.0	1	1
3328	4	0.0	1	4
3329	1	0.0	1	1
3330	3	0.0	1	3
3331	2	0.0	1	2
3332	1	0.0	1	1
3333	1	0.0	1	1
3334	1	0.0	1	1
3338	1	0.0	1	1
3339	2	0.0	1	2
3342	2	0.0	1	2
3343	1	0.0	1	1
3344	1	0.0	1	1
3346	2	0.0	1	2
3348	2	0.0	1	2
3352	1	0.0	1	1
3356	1	0.0	1	1
3358	2	0.0	1	2
3359	1	0.0	1	1
3363	2	0.0	1	2
3365	1	0.0	1	1
3368	1	0.0	1	1
3370	1	0.0	1	1
3371	3	0.0	1	3
3375	1	0.0	1	1
3378	1	0.0	1	1
3381	1	0.0	1	1
3382	2	0.0	1	2
3386	2	0.0	1	2
3391	1	0.0	1	1
3392	2	0.0	1	2
3395	1	0.0	1	1
3398	3	0.0	1	3
3399	1	0.0	1	1
3401	1	0.0	1	1
3402	1	0.0	1	1
3403	2	0.0	1	2
3404	1	0.0	1	1
3405	2	0.0	1	2
3408	1	0.0	1	1
3409	1	0.0	1	1
3411	2	0.0	1	2
3413	1	0.0	1	1
3415	3	0.0	1	3
3416	1	0.0	1	1
3417	1	0.0	1	1
3418	1	0.0	1	1
3420	1	0.0	1	1
3421	1	0.0	1	1
3422	1	0.0	1	1
3424	1	0.0	1	1
3425	1	0.0	1	1
3426	1	0.0	1	1
3427	1	0.0	1	1
3428	1	0.0	1	1
3432	2	0.0	1	2
3435	1	0.0	1	1
3436	2	0.0	1	2
3438	1	0.0	1	1
3441	1	0.0	1	1
3444	1	0.0	1	1
3446	2	0.0	1	2
3449	1	0.0	1	1
3450	1	0.0	1	1
3452	2	0.0	1	2
3459	1	0.0	1	1
3462	1	0.0	1	1
3463	1	0.0	1	1
3464	1	0.0	1	1
3466	2	0.0	1	2
3473	1	0.0	1	1
3478	1	0.0	1	1
3479	1	0.0	1	1
3480	1	0.0	1	1
3482	1	0.0	1	1
3489	2	0.0	1	2
3500	1	0.0	1	1
3505	1	0.0	1	1
3506	2	0.0	1	2
3507	2	0.0	1	2
3514	2	0.0	1	2
3518	1	0.0	1	1
3526	1	0.0	1	1
3527	1	0.0	1	1
3530	1	0.0	1	1
3532	1	0.0	1	1
3536	2	0.0	1	2
3543	1	0.0	1	1
3551	2	0.0	1	2
3553	2	0.0	1	2
3557	1	0.0	1	1
3560	2	0.0	1	2
3561	1	0.0	1	1
3565	1	0.0	1	1
3566	1	0.0	1	1
3567	2	0.0	1	2
3570	2	0.0	1	2
3572	1	0.0	1	1
3576	1	0.0	1	1
3583	2	0.0	1	2
3584	2	0.0	1	2
3587	1	0.0	1	1
3590	1	0.0	1	1
3592	2	0.0	1	2
3593	1	0.0	1	1
3594	1	0.0	1	1
3595	2	0.0	1	2
3596	2	0.0	1	2
3597	1	0.0	1	1
3603	2	0.0	1	2
3608	1	0.0	1	1
3612	2	0.0	1	2
3614	2	0.0	1	2
3619	1	0.0	1	1
3624	3	0.0	1	3
3625	1	0.0	1	1
3626	2	0.0	1	2
3628	1	0.0	1	1
3631	1	0.0	1	1
3634	1	0.0	1	1
3638	1	0.0	1	1
3639	1	0.0	1	1
3640	1	0.0	1	1
3641	1	0.0	1	1
3644	1	0.0	1	1
3647	1	0.0	1	1
3656	1	0.0	1	1
3658	1	0.0	1	1
3659	1	0.0	1	1
3663	2	0.0	1	2
3665	2	0.0	1	2
3672	1	0.0	1	1
3673	1	0.0	1	1
3675	2	0.0	1	2
3677	1	0.0	1	1
3682	1	0.0	1	1
3684	1	0.0	1	1
3685	1	0.0	1	1
3686	1	0.0	1	1
3689	1	0.0	1	1
3698	1	0.0	1	1
3706	1	0.0	1	1
3707	1	0.0	1	1
3715	1	0.0	1	1
3717	1	0.0	1	1
3721	1	0.0	1	1
3727	3	0.0	1	3
3733	1	0.0	1	1
3735	1	0.0	1	1
3737	1	0.0	1	1
3738	1	0.0	1	1
3739	1	0.0	1	1
3741	1	0.0	1	1
3742	2	0.0	1	2
3749	1	0.0	1	1
3753	1	0.0	1	1
3754	1	0.0	1	1
3756	1	0.0	1	1
3758	1	0.0	1	1
3759	2	0.0	1	2
3761	1	0.0	1	1
3765	1	0.0	1	1
3767	1	0.0	1	1
3770	1	0.0	1	1
3771	1	0.0	1	1
3773	1	0.0	1	1
3779	1	0.0	1	1
3782	1	0.0	1	1
3791	1	0.0	1	1
3795	1	0.0	1	1
3799	1	0.0	1	1
3805	1	0.0	1	1
3806	1	0.0	1	1
3810	1	0.0	1	1
3812	2	0.0	1	2
3814	1	0.0	1	1
3820	1	0.0	1	1
3830	1	0.0	1	1
3835	1	0.0	1	1
3840	1	0.0	1	1
3863	1	0.0	1	1
3867	1	0.0	1	1
3883	1	0.0	1	1
3886	1	0.0	1	0 1
3905	1	0.0	1	1
3918	1	0.0	1	1
3922	1	0.0	1	1
3925	1	0.0	1	1
3937	1	0.0	1	1
3940	1	0.0	1	1
3944	1	0.0	1	1
3947	2	0.0	1	2
3954	1	0.0	1	1
3957	1	0.0	1	1
3962	1	0.0	1	1
3968	1	0.0	1	1
3970	1	0.0	1	1
3973	1	0.0	1	1
3974	1	0.0	1	1
3976	1	0.0	1	1
3978	1	0.0	1	1
3980	1	0.0	1	1
3985	1	0.0	1	1
3991	1	0.0	1	1
3997	2	0.0	1	2
3998	2	0.0	1	2
4029	1	0.0	1	1
4031	1	0.0	1	1
4042	1	0.0	1	1
4066	1	0.0	1	1
4073	1	0.0	1	1
4077	1	0.0	1	1
4148	1	0.0	1	1
4150	1	0.0	1	1
4158	1	0.0	1	1
4159	1	0.0	1	1
4160	1	0.0	1	1
4167	2	0.0	1	2
4169	1	0.0	1	1
4177	1	0.0	1	1
4182	1	0.0	1	1
4189	1	0.0	1	1
4205	1	0.0	1	1
4227	1	0.0	1	1
4252	1	0.0	1	1
4272	1	0.0	1	1
4277	1	0.0	1	1
4288	1	0.0	1	1
4298	1	0.0	1	1
4301	1	0.0	1	1
4322	1	0.0	1	1
4331	1	0.0	1	1
4332	1	0.0	1	1
4399	1	0.0	1	1
4409	1	0.0	1	1
4439	1	0.0	1	1
4457	1	0.0	1	1
4461	1	0.0	1	1
4465	1	0.0	1	1
4474	1	0.0	1	1
4489	1	0.0	1	1
4522	1	0.0	1	1
4547	1	0.0	1	1
4574	1	0.0	1	1
4617	1	0.0	1	1
4618	1	0.0	1	1
4638	1	0.0	1	1
4646	1	0.0	1	1
4807	2	0.0	1	2
4880	1	0.0	1	1
4921	1	0.0	1	1
5017	1	0.0	1	1
5055	1	0.0	1	1
5079	1	0.0	1	1
5132	1	0.0	1	1
5231	1	0.0	1	1
5306	1	0.0	1	1
5309	1	0.0	1	1
5326	1	0.0	1	1
5339	1	0.0	1	1
5393	1	0.0	1	1
5434	1	0.0	1	1
5450	1	0.0	1	1
5478	1	0.0	1	1
5481	1	0.0	1	1
5490	1	0.0	1	1
5768	1	0.0	1	1
5800	1	0.0	1	1
5819	1	0.0	1	1
6390	1	0.0	1	1
6713	1	0.0	1	1
6905	1	0.0	1	1
6924	1	0.0	1	1
7284	1	0.0	1	1
7444	1	0.0	1	1
8195	1	0.0	1	1
9192	1	0.0	1	1


=== Adapter P1103 ===

Sequence: GCCTACAGCCTCCTARTACAA; Type: regular 3'; Length: 21; Trimmed: 1720 times

Minimum overlap: 3
No. of allowed errors:
1-9 bp: 0; 10-19 bp: 1; 20-21 bp: 2

Bases preceding removed adapters:
  A: 0.2%
  C: 0.1%
  G: 0.0%
  T: 99.8%
  none/other: 0.0%
WARNING:
    The adapter is preceded by 'T' extremely often.
    The provided adapter sequence could be incomplete at its 5' end.
    Ignore this warning when trimming primers.

Overview of removed sequences
length	count	expect	max.err	error counts
5	2	15.5	0	2
6	1	3.9	0	1
7	4	1.0	0	4
34	2	0.0	2	0 2
41	1	0.0	2	0 1
44	2	0.0	2	0 2
58	1	0.0	2	0 1
59	2	0.0	2	0 2
60	1	0.0	2	0 1
61	1	0.0	2	0 1
62	2	0.0	2	0 2
63	1	0.0	2	0 1
64	8	0.0	2	0 8
65	57	0.0	2	0 57
67	1	0.0	2	0 1
69	1	0.0	2	0 0 1
70	1	0.0	2	0 1
71	1	0.0	2	0 1
72	4	0.0	2	0 4
73	1	0.0	2	0 1
75	1	0.0	2	0 0 1
76	2	0.0	2	0 2
78	1	0.0	2	0 1
80	1	0.0	2	0 1
82	1	0.0	2	0 1
84	1	0.0	2	0 1
87	1	0.0	2	0 1
89	1	0.0	2	0 1
91	1	0.0	2	0 1
99	2	0.0	2	0 2
103	1	0.0	2	0 1
106	3	0.0	2	0 3
107	1	0.0	2	0 1
108	2	0.0	2	0 2
109	2	0.0	2	0 1 1
110	1	0.0	2	0 1
111	1	0.0	2	0 0 1
112	1	0.0	2	0 1
113	1	0.0	2	0 1
115	2	0.0	2	0 2
116	2	0.0	2	0 1 1
117	1	0.0	2	0 1
118	7	0.0	2	0 7
119	24	0.0	2	0 23 1
120	8	0.0	2	0 7 1
121	15	0.0	2	0 14 1
122	15	0.0	2	0 15
123	44	0.0	2	0 44
124	290	0.0	2	0 285 5
125	23	0.0	2	0 17 6
126	5	0.0	2	0 5
127	11	0.0	2	0 11
128	4	0.0	2	0 3 1
130	2	0.0	2	0 2
134	5	0.0	2	0 5
135	3	0.0	2	0 3
136	2	0.0	2	0 1 1
138	1	0.0	2	0 1
141	3	0.0	2	0 3
145	1	0.0	2	1
146	1	0.0	2	0 1
149	1	0.0	2	0 1
150	1	0.0	2	0 1
156	1	0.0	2	0 1
157	2	0.0	2	0 2
158	3	0.0	2	0 2 1
160	1	0.0	2	0 1
162	3	0.0	2	0 2 1
164	4	0.0	2	0 4
165	4	0.0	2	0 3 1
166	3	0.0	2	0 3
169	1	0.0	2	0 1
171	1	0.0	2	0 1
175	1	0.0	2	0 1
178	1	0.0	2	0 1
180	1	0.0	2	0 1
181	2	0.0	2	0 2
184	1	0.0	2	0 1
187	2	0.0	2	0 2
189	1	0.0	2	0 1
191	3	0.0	2	0 3
194	2	0.0	2	0 2
196	1	0.0	2	0 1
197	1	0.0	2	0 1
199	1	0.0	2	1
201	1	0.0	2	0 1
205	1	0.0	2	0 1
209	1	0.0	2	0 1
211	1	0.0	2	0 1
212	2	0.0	2	0 2
214	1	0.0	2	0 1
217	1	0.0	2	0 1
219	2	0.0	2	0 2
220	2	0.0	2	0 2
222	1	0.0	2	0 0 1
224	2	0.0	2	0 2
227	1	0.0	2	0 1
228	1	0.0	2	1
229	1	0.0	2	1
232	2	0.0	2	0 2
233	3	0.0	2	0 3
235	1	0.0	2	0 1
237	1	0.0	2	0 1
241	1	0.0	2	0 1
242	1	0.0	2	0 1
245	2	0.0	2	0 2
247	2	0.0	2	0 2
248	1	0.0	2	0 1
249	1	0.0	2	0 1
250	1	0.0	2	0 1
252	1	0.0	2	0 1
253	1	0.0	2	0 1
255	1	0.0	2	0 1
258	1	0.0	2	0 1
261	1	0.0	2	0 1
262	2	0.0	2	0 2
263	1	0.0	2	0 1
264	1	0.0	2	0 1
266	1	0.0	2	0 1
268	1	0.0	2	0 1
269	1	0.0	2	0 1
272	1	0.0	2	0 1
273	1	0.0	2	0 1
274	2	0.0	2	0 2
275	1	0.0	2	0 1
276	1	0.0	2	0 1
278	4	0.0	2	0 4
279	1	0.0	2	0 1
282	1	0.0	2	0 0 1
283	2	0.0	2	0 2
284	1	0.0	2	0 1
285	1	0.0	2	0 1
288	2	0.0	2	0 2
289	1	0.0	2	0 1
293	1	0.0	2	0 1
294	1	0.0	2	0 1
295	1	0.0	2	0 1
297	3	0.0	2	0 3
299	1	0.0	2	0 1
300	1	0.0	2	0 1
304	1	0.0	2	0 0 1
306	2	0.0	2	0 2
307	3	0.0	2	0 3
308	1	0.0	2	0 1
309	1	0.0	2	0 1
310	2	0.0	2	0 2
311	2	0.0	2	0 2
312	3	0.0	2	0 3
315	1	0.0	2	0 1
316	1	0.0	2	0 1
317	2	0.0	2	0 2
318	1	0.0	2	0 1
319	1	0.0	2	0 1
320	2	0.0	2	1 1
321	2	0.0	2	0 2
324	1	0.0	2	1
325	2	0.0	2	0 2
326	1	0.0	2	0 1
329	1	0.0	2	0 1
331	3	0.0	2	0 3
334	2	0.0	2	0 2
335	1	0.0	2	0 1
336	2	0.0	2	0 2
337	1	0.0	2	0 1
338	1	0.0	2	0 1
340	2	0.0	2	0 2
342	1	0.0	2	0 1
344	1	0.0	2	0 1
345	1	0.0	2	0 1
349	2	0.0	2	0 2
350	1	0.0	2	0 1
351	2	0.0	2	0 2
353	2	0.0	2	0 2
354	1	0.0	2	0 1
359	1	0.0	2	0 1
360	1	0.0	2	0 0 1
361	1	0.0	2	0 1
362	1	0.0	2	0 1
363	1	0.0	2	0 1
365	1	0.0	2	0 1
367	1	0.0	2	0 1
368	6	0.0	2	0 6
369	2	0.0	2	0 2
371	4	0.0	2	0 4
376	1	0.0	2	0 1
377	1	0.0	2	0 1
378	1	0.0	2	0 1
379	1	0.0	2	0 1
380	2	0.0	2	0 2
381	1	0.0	2	0 1
382	2	0.0	2	0 2
383	1	0.0	2	0 1
384	1	0.0	2	0 1
385	1	0.0	2	0 1
386	2	0.0	2	0 2
389	1	0.0	2	0 1
390	2	0.0	2	0 2
391	2	0.0	2	1 1
392	1	0.0	2	0 1
395	2	0.0	2	0 2
396	1	0.0	2	0 1
397	4	0.0	2	0 4
401	1	0.0	2	0 1
402	1	0.0	2	0 1
404	1	0.0	2	0 1
405	1	0.0	2	0 1
406	1	0.0	2	0 1
407	1	0.0	2	0 1
408	1	0.0	2	0 1
409	2	0.0	2	0 2
410	1	0.0	2	0 1
411	1	0.0	2	0 1
413	2	0.0	2	0 2
414	1	0.0	2	0 1
415	3	0.0	2	0 3
417	2	0.0	2	0 2
421	1	0.0	2	0 1
423	1	0.0	2	0 1
424	3	0.0	2	0 3
425	1	0.0	2	0 1
426	2	0.0	2	0 2
427	1	0.0	2	0 1
429	2	0.0	2	0 2
431	3	0.0	2	0 3
433	1	0.0	2	0 1
434	3	0.0	2	0 3
437	2	0.0	2	0 2
439	3	0.0	2	0 3
440	1	0.0	2	0 1
441	1	0.0	2	0 1
442	2	0.0	2	0 2
444	1	0.0	2	0 1
445	1	0.0	2	0 1
446	1	0.0	2	0 1
447	2	0.0	2	0 2
448	1	0.0	2	0 1
451	3	0.0	2	0 3
454	1	0.0	2	0 1
456	3	0.0	2	0 3
457	2	0.0	2	0 2
458	2	0.0	2	0 2
459	1	0.0	2	0 1
460	1	0.0	2	0 1
461	3	0.0	2	0 3
462	1	0.0	2	0 1
463	1	0.0	2	0 1
466	2	0.0	2	0 2
467	1	0.0	2	0 1
469	1	0.0	2	0 1
470	1	0.0	2	0 1
472	1	0.0	2	0 1
473	2	0.0	2	0 2
475	1	0.0	2	0 1
477	1	0.0	2	0 1
478	1	0.0	2	0 1
480	3	0.0	2	0 3
481	1	0.0	2	0 1
482	2	0.0	2	0 2
483	1	0.0	2	1
484	1	0.0	2	0 1
486	1	0.0	2	0 1
488	2	0.0	2	0 2
489	1	0.0	2	0 1
490	1	0.0	2	0 1
491	3	0.0	2	0 3
495	1	0.0	2	0 1
497	1	0.0	2	0 1
498	2	0.0	2	0 2
499	2	0.0	2	0 2
500	2	0.0	2	0 2
503	4	0.0	2	0 4
504	1	0.0	2	0 1
505	1	0.0	2	0 1
507	3	0.0	2	0 3
508	1	0.0	2	0 1
509	1	0.0	2	0 1
510	1	0.0	2	0 0 1
511	1	0.0	2	0 1
512	1	0.0	2	0 1
513	1	0.0	2	0 1
514	1	0.0	2	0 1
515	1	0.0	2	0 1
517	1	0.0	2	0 1
518	1	0.0	2	0 1
519	1	0.0	2	0 1
520	2	0.0	2	0 2
525	1	0.0	2	0 1
527	1	0.0	2	0 1
528	2	0.0	2	0 2
531	1	0.0	2	0 1
534	1	0.0	2	0 1
535	2	0.0	2	0 2
537	1	0.0	2	0 1
540	1	0.0	2	0 1
541	1	0.0	2	0 1
542	3	0.0	2	0 3
545	1	0.0	2	0 1
546	1	0.0	2	0 1
547	1	0.0	2	0 1
551	3	0.0	2	0 3
553	1	0.0	2	0 0 1
554	1	0.0	2	0 1
555	1	0.0	2	0 1
556	2	0.0	2	0 2
557	1	0.0	2	0 1
558	2	0.0	2	0 2
559	3	0.0	2	0 2 1
560	1	0.0	2	0 1
561	1	0.0	2	0 1
562	2	0.0	2	0 2
563	1	0.0	2	0 1
565	1	0.0	2	0 1
568	1	0.0	2	0 1
570	1	0.0	2	0 1
572	1	0.0	2	0 1
575	1	0.0	2	0 1
576	1	0.0	2	0 1
577	2	0.0	2	0 2
579	1	0.0	2	0 1
580	2	0.0	2	0 2
581	1	0.0	2	0 1
582	3	0.0	2	0 2 1
584	1	0.0	2	0 0 1
585	1	0.0	2	0 1
586	3	0.0	2	0 3
587	2	0.0	2	0 2
588	1	0.0	2	0 1
593	2	0.0	2	0 2
595	1	0.0	2	0 1
596	1	0.0	2	0 1
597	1	0.0	2	0 1
600	1	0.0	2	0 1
601	2	0.0	2	0 2
602	2	0.0	2	0 2
603	1	0.0	2	0 1
608	1	0.0	2	0 1
611	1	0.0	2	0 1
612	3	0.0	2	0 3
613	1	0.0	2	0 1
614	1	0.0	2	0 1
615	1	0.0	2	0 1
618	1	0.0	2	0 1
619	1	0.0	2	0 1
621	1	0.0	2	0 1
622	1	0.0	2	0 1
626	3	0.0	2	0 3
628	3	0.0	2	0 3
629	2	0.0	2	0 2
633	1	0.0	2	0 1
635	1	0.0	2	0 1
638	1	0.0	2	0 1
639	3	0.0	2	0 3
640	3	0.0	2	0 3
641	2	0.0	2	0 1 1
644	2	0.0	2	0 2
645	1	0.0	2	0 1
647	2	0.0	2	0 2
649	4	0.0	2	0 4
650	1	0.0	2	0 1
652	1	0.0	2	0 1
653	1	0.0	2	0 1
655	1	0.0	2	0 1
656	2	0.0	2	0 2
658	1	0.0	2	0 1
659	1	0.0	2	0 1
660	1	0.0	2	0 0 1
666	2	0.0	2	0 1 1
667	1	0.0	2	0 1
668	1	0.0	2	0 1
670	1	0.0	2	0 1
671	1	0.0	2	0 1
672	2	0.0	2	0 2
676	1	0.0	2	0 1
678	1	0.0	2	0 1
682	1	0.0	2	0 1
683	1	0.0	2	0 1
685	3	0.0	2	0 3
687	1	0.0	2	0 1
690	1	0.0	2	0 1
691	1	0.0	2	0 1
692	1	0.0	2	0 1
693	1	0.0	2	0 1
694	1	0.0	2	0 0 1
696	2	0.0	2	0 2
697	1	0.0	2	0 1
698	2	0.0	2	0 2
699	3	0.0	2	0 3
700	1	0.0	2	0 1
704	2	0.0	2	0 2
707	2	0.0	2	0 2
710	1	0.0	2	0 0 1
713	3	0.0	2	0 3
716	1	0.0	2	0 1
718	3	0.0	2	0 3
719	3	0.0	2	0 3
720	1	0.0	2	0 1
722	1	0.0	2	0 1
725	1	0.0	2	0 1
727	2	0.0	2	0 2
730	1	0.0	2	0 1
732	1	0.0	2	0 1
735	1	0.0	2	0 1
739	1	0.0	2	0 1
740	2	0.0	2	0 2
742	1	0.0	2	0 1
743	1	0.0	2	0 1
749	1	0.0	2	0 1
751	1	0.0	2	0 1
752	1	0.0	2	0 1
753	1	0.0	2	0 1
757	1	0.0	2	0 1
760	2	0.0	2	0 2
761	1	0.0	2	0 1
762	1	0.0	2	0 1
763	1	0.0	2	0 1
764	1	0.0	2	0 1
765	1	0.0	2	0 1
766	3	0.0	2	0 3
768	2	0.0	2	0 2
771	1	0.0	2	0 1
774	1	0.0	2	0 1
775	1	0.0	2	0 1
776	1	0.0	2	0 1
778	1	0.0	2	0 1
780	2	0.0	2	0 2
783	2	0.0	2	0 1 1
789	1	0.0	2	0 1
790	2	0.0	2	0 2
794	2	0.0	2	0 2
797	1	0.0	2	0 1
798	1	0.0	2	0 1
800	2	0.0	2	0 2
803	3	0.0	2	0 3
806	1	0.0	2	0 1
807	1	0.0	2	0 1
809	2	0.0	2	0 2
811	1	0.0	2	0 1
813	1	0.0	2	0 1
814	1	0.0	2	0 1
816	1	0.0	2	0 1
817	2	0.0	2	0 2
818	1	0.0	2	0 1
819	2	0.0	2	0 2
820	3	0.0	2	0 3
823	1	0.0	2	0 1
826	1	0.0	2	0 1
827	2	0.0	2	0 2
828	1	0.0	2	0 1
830	1	0.0	2	0 1
833	2	0.0	2	0 2
838	2	0.0	2	0 2
840	1	0.0	2	0 1
842	1	0.0	2	0 1
846	1	0.0	2	0 1
847	1	0.0	2	0 1
852	1	0.0	2	0 1
854	1	0.0	2	0 1
855	1	0.0	2	0 1
859	1	0.0	2	0 1
860	2	0.0	2	0 2
866	1	0.0	2	0 1
868	1	0.0	2	0 1
875	1	0.0	2	0 1
877	1	0.0	2	0 1
878	1	0.0	2	0 1
880	1	0.0	2	0 1
881	1	0.0	2	0 1
882	1	0.0	2	0 1
883	1	0.0	2	0 1
884	1	0.0	2	0 1
887	2	0.0	2	0 2
892	1	0.0	2	0 1
894	1	0.0	2	0 1
896	2	0.0	2	1 1
904	1	0.0	2	0 1
905	1	0.0	2	0 1
908	1	0.0	2	0 1
909	1	0.0	2	0 1
910	2	0.0	2	0 2
913	1	0.0	2	0 1
914	1	0.0	2	0 1
916	2	0.0	2	0 2
917	1	0.0	2	0 1
919	1	0.0	2	0 1
920	1	0.0	2	0 1
926	1	0.0	2	0 1
928	2	0.0	2	0 2
931	1	0.0	2	0 1
932	1	0.0	2	0 1
934	1	0.0	2	0 1
935	1	0.0	2	0 1
940	2	0.0	2	0 2
942	1	0.0	2	0 1
948	1	0.0	2	0 1
949	2	0.0	2	0 2
952	1	0.0	2	0 1
956	1	0.0	2	0 1
959	2	0.0	2	0 2
961	1	0.0	2	0 1
963	1	0.0	2	0 1
964	2	0.0	2	0 2
966	1	0.0	2	0 1
970	1	0.0	2	0 1
971	1	0.0	2	0 1
972	1	0.0	2	0 0 1
973	1	0.0	2	0 1
974	1	0.0	2	0 1
976	1	0.0	2	0 1
978	1	0.0	2	0 1
979	2	0.0	2	0 2
981	1	0.0	2	0 1
984	2	0.0	2	0 2
986	1	0.0	2	0 1
988	1	0.0	2	0 1
990	2	0.0	2	0 2
995	1	0.0	2	0 0 1
997	2	0.0	2	0 2
1007	1	0.0	2	0 1
1009	2	0.0	2	0 2
1010	1	0.0	2	0 1
1013	1	0.0	2	0 1
1022	1	0.0	2	0 1
1023	1	0.0	2	0 1
1025	2	0.0	2	0 2
1035	1	0.0	2	0 1
1040	1	0.0	2	0 1
1043	1	0.0	2	0 0 1
1045	1	0.0	2	0 1
1047	1	0.0	2	0 1
1053	1	0.0	2	0 1
1056	1	0.0	2	0 1
1058	1	0.0	2	0 1
1061	1	0.0	2	0 1
1066	1	0.0	2	0 1
1069	1	0.0	2	0 1
1074	1	0.0	2	0 1
1076	2	0.0	2	0 2
1081	1	0.0	2	0 1
1085	2	0.0	2	0 2
1088	1	0.0	2	0 1
1093	2	0.0	2	0 2
1094	1	0.0	2	0 1
1106	1	0.0	2	0 1
1111	1	0.0	2	0 1
1113	1	0.0	2	0 1
1114	3	0.0	2	0 3
1116	1	0.0	2	0 1
1119	1	0.0	2	0 1
1121	1	0.0	2	0 1
1123	1	0.0	2	0 1
1124	1	0.0	2	0 1
1130	2	0.0	2	1 1
1135	1	0.0	2	0 1
1140	1	0.0	2	0 1
1143	2	0.0	2	0 2
1149	1	0.0	2	0 1
1150	1	0.0	2	0 1
1152	1	0.0	2	0 1
1153	2	0.0	2	0 2
1164	1	0.0	2	0 1
1165	1	0.0	2	0 1
1168	2	0.0	2	0 2
1172	1	0.0	2	0 1
1180	1	0.0	2	0 1
1184	1	0.0	2	0 1
1186	1	0.0	2	0 1
1191	1	0.0	2	0 1
1197	1	0.0	2	0 1
1200	1	0.0	2	0 1
1203	1	0.0	2	0 1
1215	1	0.0	2	0 1
1216	1	0.0	2	0 1
1220	1	0.0	2	0 1
1233	1	0.0	2	0 1
1239	1	0.0	2	0 1
1241	1	0.0	2	0 1
1243	1	0.0	2	0 1
1250	1	0.0	2	0 1
1255	1	0.0	2	0 1
1257	1	0.0	2	0 1
1262	2	0.0	2	0 2
1263	1	0.0	2	0 1
1273	1	0.0	2	0 1
1276	1	0.0	2	0 1
1289	1	0.0	2	0 1
1295	1	0.0	2	0 1
1296	1	0.0	2	0 1
1299	1	0.0	2	0 1
1302	1	0.0	2	0 1
1303	1	0.0	2	0 1
1305	2	0.0	2	0 2
1307	1	0.0	2	0 1
1313	1	0.0	2	0 1
1319	1	0.0	2	0 1
1324	1	0.0	2	0 1
1326	1	0.0	2	0 1
1332	1	0.0	2	0 1
1341	1	0.0	2	0 1
1348	1	0.0	2	0 1
1350	1	0.0	2	0 1
1355	1	0.0	2	0 1
1360	1	0.0	2	0 1
1375	1	0.0	2	0 1
1376	1	0.0	2	0 1
1383	1	0.0	2	0 1
1384	1	0.0	2	0 1
1403	1	0.0	2	0 1
1407	1	0.0	2	0 1
1432	1	0.0	2	0 0 1
1433	1	0.0	2	0 1
1435	1	0.0	2	0 1
1438	1	0.0	2	0 1
1439	1	0.0	2	0 1
1441	1	0.0	2	0 1
1444	1	0.0	2	0 1
1448	1	0.0	2	0 1
1450	1	0.0	2	0 1
1455	1	0.0	2	0 1
1457	1	0.0	2	0 1
1458	1	0.0	2	0 1
1465	1	0.0	2	0 1
1469	1	0.0	2	0 1
1470	1	0.0	2	0 1
1476	2	0.0	2	0 2
1484	1	0.0	2	0 1
1488	1	0.0	2	0 1
1490	2	0.0	2	0 2
1498	1	0.0	2	0 1
1502	1	0.0	2	0 1
1506	1	0.0	2	0 1
1513	1	0.0	2	0 1
1528	1	0.0	2	0 1
1537	1	0.0	2	0 1
1543	1	0.0	2	0 1
1544	1	0.0	2	0 1
1550	1	0.0	2	0 1
1552	1	0.0	2	0 1
1561	1	0.0	2	1
1568	1	0.0	2	0 0 1
1570	1	0.0	2	0 1
1571	1	0.0	2	0 1
1580	1	0.0	2	0 1
1584	1	0.0	2	0 1
1588	1	0.0	2	0 1
1593	1	0.0	2	0 1
1602	1	0.0	2	0 1
1630	1	0.0	2	0 1
1639	1	0.0	2	0 1
1641	2	0.0	2	0 2
1661	1	0.0	2	0 1
1664	1	0.0	2	0 1
1670	1	0.0	2	0 1
1672	1	0.0	2	0 1
1677	1	0.0	2	0 1
1679	1	0.0	2	0 1
1692	1	0.0	2	0 1
1696	1	0.0	2	0 1
1716	1	0.0	2	1
1725	1	0.0	2	0 1
1728	1	0.0	2	0 0 1
1734	2	0.0	2	0 2
1747	1	0.0	2	0 1
1771	1	0.0	2	0 1
1772	1	0.0	2	0 1
1784	1	0.0	2	0 1
1796	1	0.0	2	0 1
1821	1	0.0	2	1
1834	1	0.0	2	0 1
1854	1	0.0	2	0 1
1860	1	0.0	2	0 1
1866	1	0.0	2	0 1
1880	1	0.0	2	0 1
1885	1	0.0	2	0 1
1904	1	0.0	2	0 1
1916	1	0.0	2	0 1
1920	1	0.0	2	0 1
1951	1	0.0	2	0 1
1953	1	0.0	2	0 1
2004	1	0.0	2	0 1
2009	1	0.0	2	0 0 1
2021	1	0.0	2	0 1
2075	1	0.0	2	0 1
2105	1	0.0	2	0 1
2124	1	0.0	2	0 0 1
2166	1	0.0	2	0 1
2169	1	0.0	2	0 1
2174	1	0.0	2	0 1
2181	1	0.0	2	0 1
2189	1	0.0	2	0 1
2191	1	0.0	2	0 1
2215	1	0.0	2	0 1
2232	1	0.0	2	0 1
2276	1	0.0	2	0 1
2290	1	0.0	2	0 1
2320	1	0.0	2	0 1
2322	1	0.0	2	0 1
2324	1	0.0	2	0 1
2335	1	0.0	2	0 1
2336	1	0.0	2	0 1
2344	1	0.0	2	0 1
2407	1	0.0	2	0 1
2444	1	0.0	2	0 1
2486	1	0.0	2	0 1
2491	1	0.0	2	0 1
2494	1	0.0	2	0 1
2498	1	0.0	2	0 1
2504	1	0.0	2	0 1
2521	3	0.0	2	0 3
2536	1	0.0	2	0 1
2548	1	0.0	2	0 1
2629	1	0.0	2	0 1
2646	1	0.0	2	0 1
2671	1	0.0	2	0 1
2682	1	0.0	2	0 1
2721	1	0.0	2	0 1
2732	1	0.0	2	0 1
2779	1	0.0	2	0 1
2820	1	0.0	2	0 1
2893	1	0.0	2	0 1
2950	1	0.0	2	0 1
2995	2	0.0	2	2
3000	1	0.0	2	0 1
3002	1	0.0	2	1
3011	1	0.0	2	0 1
3031	1	0.0	2	0 1
3038	1	0.0	2	0 1
3055	1	0.0	2	0 1
3057	1	0.0	2	0 1
3059	1	0.0	2	0 1
3061	1	0.0	2	0 1
3071	1	0.0	2	0 1
3078	1	0.0	2	0 1
3079	1	0.0	2	0 1
3082	1	0.0	2	0 1
3086	1	0.0	2	0 1
3089	1	0.0	2	0 1
3099	1	0.0	2	0 1
3103	1	0.0	2	0 1
3107	1	0.0	2	0 1
3109	1	0.0	2	0 1
3112	1	0.0	2	0 1
3113	1	0.0	2	0 1
3114	1	0.0	2	0 1
3116	3	0.0	2	0 3
3117	2	0.0	2	0 1 1
3119	1	0.0	2	0 1
3120	3	0.0	2	0 3
3132	1	0.0	2	0 1
3135	1	0.0	2	0 1
3137	1	0.0	2	0 1
3139	1	0.0	2	0 1
3144	1	0.0	2	0 1
3146	1	0.0	2	0 1
3150	1	0.0	2	0 1
3151	1	0.0	2	0 1
3152	1	0.0	2	0 1
3153	1	0.0	2	0 1
3155	1	0.0	2	0 1
3158	2	0.0	2	0 2
3159	2	0.0	2	0 2
3161	2	0.0	2	0 1 1
3162	2	0.0	2	0 2
3163	1	0.0	2	0 1
3164	3	0.0	2	0 3
3166	2	0.0	2	0 2
3167	2	0.0	2	0 2
3168	1	0.0	2	0 1
3169	2	0.0	2	0 2
3170	1	0.0	2	0 1
3171	2	0.0	2	0 2
3172	4	0.0	2	0 3 1
3173	6	0.0	2	0 6
3174	6	0.0	2	0 6
3175	5	0.0	2	0 5
3176	8	0.0	2	0 8
3177	7	0.0	2	0 7
3178	4	0.0	2	0 4
3179	9	0.0	2	0 9
3180	3	0.0	2	0 3
3181	4	0.0	2	0 4
3182	6	0.0	2	0 6
3184	1	0.0	2	0 1
3185	2	0.0	2	0 2
3186	1	0.0	2	0 1
3187	2	0.0	2	0 2
3191	1	0.0	2	0 1
3194	1	0.0	2	0 1
3204	1	0.0	2	0 1
3210	1	0.0	2	1
3224	1	0.0	2	0 1
3232	1	0.0	2	0 1
3238	1	0.0	2	0 1
3242	1	0.0	2	0 1
3260	1	0.0	2	0 1
3264	1	0.0	2	0 1
3266	1	0.0	2	0 1
3273	1	0.0	2	0 1
3279	1	0.0	2	0 1
3280	1	0.0	2	0 1
3282	1	0.0	2	0 1
3290	1	0.0	2	0 1
3299	1	0.0	2	0 1
3304	1	0.0	2	0 1
3313	1	0.0	2	0 0 1
3327	1	0.0	2	0 1
3333	1	0.0	2	0 1
3334	1	0.0	2	0 1
3337	1	0.0	2	0 1
3341	1	0.0	2	0 1
3344	1	0.0	2	0 1
3348	1	0.0	2	0 1
3352	1	0.0	2	0 1
3355	1	0.0	2	0 1
3357	1	0.0	2	0 1
3367	1	0.0	2	0 1
3368	1	0.0	2	0 1
3380	1	0.0	2	0 1
3383	1	0.0	2	0 1
3387	1	0.0	2	0 1
3396	1	0.0	2	0 1
3397	1	0.0	2	0 1
3407	1	0.0	2	1
3412	1	0.0	2	0 1
3430	1	0.0	2	0 1
3437	2	0.0	2	0 2
3460	1	0.0	2	0 1
3479	1	0.0	2	0 1
3488	1	0.0	2	0 1
3501	1	0.0	2	0 1
3520	1	0.0	2	0 1
3563	1	0.0	2	0 1
3565	1	0.0	2	0 1
3567	1	0.0	2	0 1
3568	1	0.0	2	0 1
3581	1	0.0	2	0 1
3603	1	0.0	2	0 1
3610	1	0.0	2	0 0 1
3614	1	0.0	2	0 1
3628	1	0.0	2	0 1
3644	1	0.0	2	0 1
3667	1	0.0	2	0 1
3673	1	0.0	2	0 1
3675	1	0.0	2	0 1
3701	1	0.0	2	0 1
3706	1	0.0	2	0 1
3725	1	0.0	2	0 1
3748	2	0.0	2	0 2
3751	1	0.0	2	0 1
3782	1	0.0	2	0 1
3812	1	0.0	2	0 1
3820	1	0.0	2	0 1
3822	1	0.0	2	0 1
3841	1	0.0	2	0 1
3861	1	0.0	2	0 1
3873	1	0.0	2	0 1
3886	1	0.0	2	0 1
3890	2	0.0	2	0 2
3912	1	0.0	2	1
3925	1	0.0	2	0 1
3949	1	0.0	2	0 1
3951	1	0.0	2	0 1
3966	1	0.0	2	0 1
3972	1	0.0	2	0 1
4012	1	0.0	2	0 1
4015	1	0.0	2	0 1
4067	1	0.0	2	0 1
4070	1	0.0	2	0 1
4078	1	0.0	2	0 1
4126	1	0.0	2	0 1
4142	1	0.0	2	0 1
4146	1	0.0	2	0 1
4150	1	0.0	2	0 0 1
4159	1	0.0	2	0 1
4160	1	0.0	2	0 1
4234	1	0.0	2	0 1
4282	1	0.0	2	0 1
4288	1	0.0	2	0 1
4300	1	0.0	2	0 1
4327	1	0.0	2	1
4360	1	0.0	2	0 1
4362	1	0.0	2	0 1
4416	1	0.0	2	0 1
4425	1	0.0	2	0 1
4449	1	0.0	2	0 1
4490	1	0.0	2	0 1
4630	1	0.0	2	0 1
4712	1	0.0	2	0 1
4769	1	0.0	2	0 1
4876	1	0.0	2	0 1
5148	1	0.0	2	0 1
5803	1	0.0	2	0 1
6183	1	0.0	2	0 1
6230	1	0.0	2	0 1
6245	1	0.0	2	0 1
6500	1	0.0	2	0 1
8684	1	0.0	2	1


WARNING:
    One or more of your adapter sequences may be incomplete.
    Please see the detailed output above.
