🔍 Traitement de : barcode04
2025-05-06 11:53:15 Sorting BAM file
2025-05-06 11:53:16 Indexing BAM file
2025-05-06 11:53:16 Building reads pileup
2025-05-06 11:53:16 Sorting VCF file
2025-05-06 11:53:16 Building pileup array
2025-05-06 11:53:16 Parsing SNP at position 17
2025-05-06 11:53:16 Skip position 17 due to unpassed quality test
2025-05-06 11:53:16 Parsing SNP at position 25
2025-05-06 11:53:16 Skip position 25 due to unpassed quality test
2025-05-06 11:53:16 Parsing SNP at position 26
2025-05-06 11:53:16 Skip position 26 due to unpassed quality test
2025-05-06 11:53:16 Parsing SNP at position 76
2025-05-06 11:53:16 Skip position 76 due to unpassed quality test
2025-05-06 11:53:16 Parsing SNP at position 95
2025-05-06 11:53:16 Skip position 95 due to unpassed quality test
2025-05-06 11:53:16 Parsing SNP at position 122
2025-05-06 11:53:16 Skip position 122 due to unpassed quality test
2025-05-06 11:53:16 Parsing SNP at position 152
2025-05-06 11:53:16 Skip position 152 due to unpassed quality test
2025-05-06 11:53:16 Parsing SNP at position 155
2025-05-06 11:53:16 Skip position 155 due to unpassed quality test
2025-05-06 11:53:16 Parsing SNP at position 158
2025-05-06 11:53:16 Skip position 158 due to unpassed quality test
2025-05-06 11:53:16 Parsing SNP at position 164
2025-05-06 11:53:16 Skip position 164 due to unpassed quality test
2025-05-06 11:53:16 Parsing SNP at position 167
2025-05-06 11:53:16 Skip position 167 due to unpassed quality test
2025-05-06 11:53:16 Parsing SNP at position 168
2025-05-06 11:53:16 Skip position 168 due to unpassed quality test
2025-05-06 11:53:16 Parsing SNP at position 170
2025-05-06 11:53:16 Skip position 170 due to unpassed quality test
2025-05-06 11:53:16 Parsing SNP at position 182
2025-05-06 11:53:16 Skip position 182 due to unpassed quality test
2025-05-06 11:53:16 Parsing SNP at position 185
2025-05-06 11:53:16 Skip position 185 due to unpassed quality test
2025-05-06 11:53:16 Parsing SNP at position 188
2025-05-06 11:53:16 Skip position 188 due to unpassed quality test
2025-05-06 11:53:16 Parsing SNP at position 191
2025-05-06 11:53:16 Skip position 191 due to unpassed quality test
2025-05-06 11:53:16 Parsing SNP at position 194
2025-05-06 11:53:16 Skip position 194 due to unpassed quality test
2025-05-06 11:53:16 Parsing SNP at position 200
2025-05-06 11:53:16 Skip position 200 due to unpassed quality test
2025-05-06 11:53:16 Parsing SNP at position 203
2025-05-06 11:53:16 Skip position 203 due to unpassed quality test
2025-05-06 11:53:16 Parsing SNP at position 209
2025-05-06 11:53:16 Skip position 209 due to unpassed quality test
2025-05-06 11:53:16 Parsing SNP at position 212
2025-05-06 11:53:16 Skip position 212 due to unpassed quality test
2025-05-06 11:53:16 Parsing SNP at position 215
2025-05-06 11:53:16 Skip position 215 due to unpassed quality test
2025-05-06 11:53:16 Parsing SNP at position 224
2025-05-06 11:53:16 Skip position 224 due to unpassed quality test
2025-05-06 11:53:16 Parsing SNP at position 225
2025-05-06 11:53:16 Skip position 225 due to unpassed quality test
2025-05-06 11:53:16 Parsing SNP at position 231
2025-05-06 11:53:16 Skip position 231 due to unpassed quality test
2025-05-06 11:53:16 Parsing SNP at position 239
2025-05-06 11:53:16 Skip position 239 due to unpassed quality test
2025-05-06 11:53:16 Parsing SNP at position 242
2025-05-06 11:53:16 Skip position 242 due to unpassed quality test
2025-05-06 11:53:16 Parsing SNP at position 245
2025-05-06 11:53:16 Skip position 245 due to unpassed quality test
2025-05-06 11:53:16 Parsing SNP at position 257
2025-05-06 11:53:16 Skip position 257 due to unpassed quality test
2025-05-06 11:53:16 Parsing SNP at position 258
2025-05-06 11:53:16 Skip position 258 due to unpassed quality test
2025-05-06 11:53:16 Parsing SNP at position 260
2025-05-06 11:53:16 Skip position 260 due to unpassed quality test
2025-05-06 11:53:16 Parsing SNP at position 263
2025-05-06 11:53:16 Skip position 263 due to unpassed quality test
2025-05-06 11:53:16 Parsing SNP at position 268
2025-05-06 11:53:16 Skip position 268 due to unpassed quality test
2025-05-06 11:53:16 Parsing SNP at position 275
2025-05-06 11:53:16 Skip position 275 due to unpassed quality test
2025-05-06 11:53:16 Parsing SNP at position 280
2025-05-06 11:53:16 Skip position 280 due to unpassed quality test
2025-05-06 11:53:16 Parsing SNP at position 282
2025-05-06 11:53:16 Skip position 282 due to unpassed quality test
2025-05-06 11:53:16 Parsing SNP at position 287
2025-05-06 11:53:16 Skip position 287 due to unpassed quality test
2025-05-06 11:53:16 Parsing SNP at position 288
2025-05-06 11:53:16 Skip position 288 due to unpassed quality test
2025-05-06 11:53:16 Parsing SNP at position 299
2025-05-06 11:53:16 Skip position 299 due to unpassed quality test
2025-05-06 11:53:16 Parsing SNP at position 301
2025-05-06 11:53:16 Skip position 301 due to unpassed quality test
2025-05-06 11:53:16 Parsing SNP at position 305
2025-05-06 11:53:16 Skip position 305 due to unpassed quality test
2025-05-06 11:53:16 Parsing SNP at position 314
2025-05-06 11:53:16 Skip position 314 due to unpassed quality test
2025-05-06 11:53:16 Parsing SNP at position 317
2025-05-06 11:53:16 Skip position 317 due to unpassed quality test
2025-05-06 11:53:16 Parsing SNP at position 320
2025-05-06 11:53:16 Skip position 320 due to unpassed quality test
2025-05-06 11:53:16 Parsing SNP at position 321
2025-05-06 11:53:16 Skip position 321 due to unpassed quality test
2025-05-06 11:53:16 Parsing SNP at position 329
2025-05-06 11:53:16 Skip position 329 due to unpassed quality test
2025-05-06 11:53:16 Parsing SNP at position 330
2025-05-06 11:53:16 Skip position 330 due to unpassed quality test
2025-05-06 11:53:16 Parsing SNP at position 335
2025-05-06 11:53:16 Skip position 335 due to unpassed quality test
2025-05-06 11:53:16 Parsing SNP at position 338
2025-05-06 11:53:16 Skip position 338 due to unpassed quality test
2025-05-06 11:53:16 Parsing SNP at position 340
2025-05-06 11:53:16 Skip position 340 due to unpassed quality test
2025-05-06 11:53:16 Parsing SNP at position 351
2025-05-06 11:53:16 Skip position 351 due to unpassed quality test
2025-05-06 11:53:16 Parsing SNP at position 352
2025-05-06 11:53:16 Skip position 352 due to unpassed quality test
2025-05-06 11:53:16 Parsing SNP at position 356
2025-05-06 11:53:16 Skip position 356 due to unpassed quality test
2025-05-06 11:53:16 Parsing SNP at position 371
2025-05-06 11:53:16 Skip position 371 due to unpassed quality test
2025-05-06 11:53:16 Parsing SNP at position 378
2025-05-06 11:53:16 Skip position 378 due to unpassed quality test
2025-05-06 11:53:16 Parsing SNP at position 380
2025-05-06 11:53:16 Skip position 380 due to unpassed quality test
2025-05-06 11:53:16 Parsing SNP at position 398
2025-05-06 11:53:16 Skip position 398 due to unpassed quality test
2025-05-06 11:53:16 Parsing SNP at position 401
2025-05-06 11:53:16 Skip position 401 due to unpassed quality test
2025-05-06 11:53:16 Parsing SNP at position 422
2025-05-06 11:53:16 Skip position 422 due to unpassed quality test
2025-05-06 11:53:16 Parsing SNP at position 476
2025-05-06 11:53:16 Skip position 476 due to unpassed quality test
2025-05-06 11:53:16 Parsing SNP at position 484
2025-05-06 11:53:16 Skip position 484 due to unpassed quality test
2025-05-06 11:53:16 Parsing SNP at position 503
2025-05-06 11:53:16 Skip position 503 due to unpassed quality test
2025-05-06 11:53:16 Parsing SNP at position 537
2025-05-06 11:53:16 Skip position 537 due to unpassed quality test
2025-05-06 11:53:16 Parsing SNP at position 549
2025-05-06 11:53:16 Skip position 549 due to unpassed quality test
2025-05-06 11:53:16 Parsing SNP at position 616
2025-05-06 11:53:16 Skip position 616 due to unpassed quality test
2025-05-06 11:53:16 Parsing SNP at position 617
2025-05-06 11:53:16 Skip position 617 due to unpassed quality test
2025-05-06 11:53:16 Parsing SNP at position 619
2025-05-06 11:53:16 Skip position 619 due to unpassed quality test
2025-05-06 11:53:16 Parsing SNP at position 620
2025-05-06 11:53:16 Skip position 620 due to unpassed quality test
2025-05-06 11:53:16 Parsing SNP at position 623
2025-05-06 11:53:16 Skip position 623 due to unpassed quality test
2025-05-06 11:53:16 Parsing SNP at position 636
2025-05-06 11:53:16 Skip position 636 due to unpassed quality test
2025-05-06 11:53:16 Parsing SNP at position 660
2025-05-06 11:53:16 Skip position 660 due to unpassed quality test
2025-05-06 11:53:16 Parsing SNP at position 666
2025-05-06 11:53:16 Skip position 666 due to unpassed quality test
2025-05-06 11:53:16 Parsing SNP at position 669
2025-05-06 11:53:16 Skip position 669 due to unpassed quality test
2025-05-06 11:53:16 Parsing SNP at position 672
2025-05-06 11:53:16 Skip position 672 due to unpassed quality test
2025-05-06 11:53:16 Parsing SNP at position 678
2025-05-06 11:53:16 Skip position 678 due to unpassed quality test
2025-05-06 11:53:16 Parsing SNP at position 687
2025-05-06 11:53:16 Skip position 687 due to unpassed quality test
2025-05-06 11:53:16 Parsing SNP at position 691
2025-05-06 11:53:16 Skip position 691 due to unpassed quality test
2025-05-06 11:53:16 Parsing SNP at position 692
2025-05-06 11:53:16 Skip position 692 due to unpassed quality test
2025-05-06 11:53:16 Parsing SNP at position 693
2025-05-06 11:53:16 Skip position 693 due to unpassed quality test
2025-05-06 11:53:16 Parsing SNP at position 705
2025-05-06 11:53:16 Skip position 705 due to unpassed quality test
2025-05-06 11:53:16 Parsing SNP at position 709
2025-05-06 11:53:16 Skip position 709 due to unpassed quality test
2025-05-06 11:53:16 Parsing SNP at position 710
2025-05-06 11:53:16 Skip position 710 due to unpassed quality test
2025-05-06 11:53:16 Parsing SNP at position 717
2025-05-06 11:53:16 Skip position 717 due to unpassed quality test
2025-05-06 11:53:16 Parsing SNP at position 720
2025-05-06 11:53:16 Skip position 720 due to unpassed quality test
2025-05-06 11:53:16 Parsing SNP at position 727
2025-05-06 11:53:16 Skip position 727 due to unpassed quality test
2025-05-06 11:53:16 Parsing SNP at position 741
2025-05-06 11:53:16 Skip position 741 due to unpassed quality test
2025-05-06 11:53:16 Parsing SNP at position 742
2025-05-06 11:53:16 Skip position 742 due to unpassed quality test
2025-05-06 11:53:16 Parsing SNP at position 744
2025-05-06 11:53:16 Skip position 744 due to unpassed quality test
2025-05-06 11:53:16 Parsing SNP at position 747
2025-05-06 11:53:16 Skip position 747 due to unpassed quality test
2025-05-06 11:53:16 Parsing SNP at position 748
2025-05-06 11:53:16 Skip position 748 due to unpassed quality test
2025-05-06 11:53:16 Parsing SNP at position 750
2025-05-06 11:53:16 Skip position 750 due to unpassed quality test
2025-05-06 11:53:16 Parsing SNP at position 753
2025-05-06 11:53:16 Skip position 753 due to unpassed quality test
2025-05-06 11:53:16 Parsing SNP at position 754
2025-05-06 11:53:16 Skip position 754 due to unpassed quality test
2025-05-06 11:53:16 Parsing SNP at position 756
2025-05-06 11:53:16 Skip position 756 due to unpassed quality test
2025-05-06 11:53:16 Parsing SNP at position 758
2025-05-06 11:53:16 Skip position 758 due to unpassed quality test
2025-05-06 11:53:16 Parsing SNP at position 763
2025-05-06 11:53:16 Skip position 763 due to unpassed quality test
2025-05-06 11:53:16 Parsing SNP at position 770
2025-05-06 11:53:16 Skip position 770 due to unpassed quality test
2025-05-06 11:53:16 Parsing SNP at position 774
2025-05-06 11:53:16 Skip position 774 due to unpassed quality test
2025-05-06 11:53:16 Parsing SNP at position 783
2025-05-06 11:53:16 Skip position 783 due to unpassed quality test
2025-05-06 11:53:16 Parsing SNP at position 787
2025-05-06 11:53:16 Skip position 787 due to unpassed quality test
2025-05-06 11:53:16 Parsing SNP at position 788
2025-05-06 11:53:16 Skip position 788 due to unpassed quality test
2025-05-06 11:53:16 Parsing SNP at position 789
2025-05-06 11:53:16 Skip position 789 due to unpassed quality test
2025-05-06 11:53:16 Parsing SNP at position 796
2025-05-06 11:53:16 Skip position 796 due to unpassed quality test
2025-05-06 11:53:16 Parsing SNP at position 797
2025-05-06 11:53:16 Skip position 797 due to unpassed quality test
2025-05-06 11:53:16 Parsing SNP at position 798
2025-05-06 11:53:16 Skip position 798 due to unpassed quality test
2025-05-06 11:53:16 Parsing SNP at position 801
2025-05-06 11:53:16 Skip position 801 due to unpassed quality test
2025-05-06 11:53:16 Parsing SNP at position 814
2025-05-06 11:53:16 Skip position 814 due to unpassed quality test
2025-05-06 11:53:16 Parsing SNP at position 822
2025-05-06 11:53:16 Skip position 822 due to unpassed quality test
2025-05-06 11:53:16 Parsing SNP at position 823
2025-05-06 11:53:16 Skip position 823 due to unpassed quality test
2025-05-06 11:53:16 Parsing SNP at position 825
2025-05-06 11:53:16 Skip position 825 due to unpassed quality test
2025-05-06 11:53:16 Parsing SNP at position 828
2025-05-06 11:53:16 Skip position 828 due to unpassed quality test
2025-05-06 11:53:16 Parsing SNP at position 831
2025-05-06 11:53:16 Skip position 831 due to unpassed quality test
2025-05-06 11:53:16 Parsing SNP at position 833
2025-05-06 11:53:16 Skip position 833 due to unpassed quality test
2025-05-06 11:53:16 Parsing SNP at position 840
2025-05-06 11:53:16 Skip position 840 due to unpassed quality test
2025-05-06 11:53:16 Parsing SNP at position 841
2025-05-06 11:53:16 Skip position 841 due to unpassed quality test
2025-05-06 11:53:16 Parsing SNP at position 855
2025-05-06 11:53:16 Skip position 855 due to unpassed quality test
2025-05-06 11:53:16 Parsing SNP at position 858
2025-05-06 11:53:16 Skip position 858 due to unpassed quality test
2025-05-06 11:53:16 Parsing SNP at position 859
2025-05-06 11:53:16 Skip position 859 due to unpassed quality test
2025-05-06 11:53:16 Parsing SNP at position 864
2025-05-06 11:53:16 Skip position 864 due to unpassed quality test
2025-05-06 11:53:16 Parsing SNP at position 867
2025-05-06 11:53:16 Skip position 867 due to unpassed quality test
2025-05-06 11:53:16 Parsing SNP at position 870
2025-05-06 11:53:16 Skip position 870 due to unpassed quality test
2025-05-06 11:53:16 Parsing SNP at position 893
2025-05-06 11:53:16 Skip position 893 due to unpassed quality test
2025-05-06 11:53:16 Parsing SNP at position 909
2025-05-06 11:53:16 Skip position 909 due to unpassed quality test
2025-05-06 11:53:16 Parsing SNP at position 912
2025-05-06 11:53:16 Skip position 912 due to unpassed quality test
2025-05-06 11:53:16 Parsing SNP at position 913
2025-05-06 11:53:16 Skip position 913 due to unpassed quality test
2025-05-06 11:53:16 Parsing SNP at position 915
2025-05-06 11:53:16 Skip position 915 due to unpassed quality test
2025-05-06 11:53:16 Parsing SNP at position 918
2025-05-06 11:53:16 Skip position 918 due to unpassed quality test
2025-05-06 11:53:16 Parsing SNP at position 921
2025-05-06 11:53:16 Skip position 921 due to unpassed quality test
2025-05-06 11:53:16 Parsing SNP at position 924
2025-05-06 11:53:16 Skip position 924 due to unpassed quality test
2025-05-06 11:53:16 Parsing SNP at position 930
2025-05-06 11:53:16 Skip position 930 due to unpassed quality test
2025-05-06 11:53:16 Parsing SNP at position 937
2025-05-06 11:53:16 Skip position 937 due to unpassed quality test
2025-05-06 11:53:16 Parsing SNP at position 939
2025-05-06 11:53:16 Skip position 939 due to unpassed quality test
2025-05-06 11:53:16 Parsing SNP at position 945
2025-05-06 11:53:16 Skip position 945 due to unpassed quality test
2025-05-06 11:53:16 Parsing SNP at position 948
2025-05-06 11:53:16 Skip position 948 due to unpassed quality test
2025-05-06 11:53:16 Parsing SNP at position 970
2025-05-06 11:53:16 Skip position 970 due to unpassed quality test
2025-05-06 11:53:16 Parsing SNP at position 972
2025-05-06 11:53:16 Skip position 972 due to unpassed quality test
2025-05-06 11:53:16 Parsing SNP at position 978
2025-05-06 11:53:16 Skip position 978 due to unpassed quality test
2025-05-06 11:53:16 Parsing SNP at position 1036
2025-05-06 11:53:16 Skip position 1036 due to unpassed quality test
2025-05-06 11:53:16 Parsing SNP at position 1037
2025-05-06 11:53:16 Skip position 1037 due to unpassed quality test
2025-05-06 11:53:16 Parsing SNP at position 1038
2025-05-06 11:53:16 Skip position 1038 due to unpassed quality test
2025-05-06 11:53:16 Parsing SNP at position 1039
2025-05-06 11:53:16 Skip position 1039 due to unpassed quality test
2025-05-06 11:53:16 Parsing SNP at position 1055
2025-05-06 11:53:16 Skip position 1055 due to unpassed quality test
2025-05-06 11:53:16 Parsing SNP at position 1056
2025-05-06 11:53:16 Skip position 1056 due to unpassed quality test
2025-05-06 11:53:16 Parsing SNP at position 1057
2025-05-06 11:53:16 Skip position 1057 due to unpassed quality test
2025-05-06 11:53:16 Parsing SNP at position 1075
2025-05-06 11:53:16 Skip position 1075 due to unpassed quality test
2025-05-06 11:53:16 Parsing SNP at position 1081
2025-05-06 11:53:16 Skip position 1081 due to unpassed quality test
2025-05-06 11:53:16 Parsing SNP at position 1099
2025-05-06 11:53:16 Skip position 1099 due to unpassed quality test
2025-05-06 11:53:16 Parsing SNP at position 1110
2025-05-06 11:53:16 Skip position 1110 due to unpassed quality test
2025-05-06 11:53:16 Parsing SNP at position 1116
2025-05-06 11:53:16 Skip position 1116 due to unpassed quality test
2025-05-06 11:53:16 Parsing SNP at position 1119
2025-05-06 11:53:16 Skip position 1119 due to unpassed quality test
2025-05-06 11:53:16 Parsing SNP at position 1123
2025-05-06 11:53:16 Skip position 1123 due to unpassed quality test
2025-05-06 11:53:16 Parsing SNP at position 1126
2025-05-06 11:53:16 Skip position 1126 due to unpassed quality test
2025-05-06 11:53:16 Parsing SNP at position 1135
2025-05-06 11:53:16 Skip position 1135 due to unpassed quality test
2025-05-06 11:53:16 Parsing SNP at position 1138
2025-05-06 11:53:16 Skip position 1138 due to unpassed quality test
2025-05-06 11:53:16 Parsing SNP at position 1147
2025-05-06 11:53:16 Skip position 1147 due to unpassed quality test
2025-05-06 11:53:16 Parsing SNP at position 1150
2025-05-06 11:53:16 Skip position 1150 due to unpassed quality test
2025-05-06 11:53:16 Parsing SNP at position 1153
2025-05-06 11:53:16 Skip position 1153 due to unpassed quality test
2025-05-06 11:53:16 Parsing SNP at position 1165
2025-05-06 11:53:16 Skip position 1165 due to unpassed quality test
2025-05-06 11:53:16 Parsing SNP at position 1168
2025-05-06 11:53:16 Skip position 1168 due to unpassed quality test
2025-05-06 11:53:16 Parsing SNP at position 1174
2025-05-06 11:53:16 Skip position 1174 due to unpassed quality test
2025-05-06 11:53:16 Parsing SNP at position 1180
2025-05-06 11:53:16 Skip position 1180 due to unpassed quality test
2025-05-06 11:53:16 Parsing SNP at position 1181
2025-05-06 11:53:16 Skip position 1181 due to unpassed quality test
2025-05-06 11:53:16 Parsing SNP at position 1183
2025-05-06 11:53:16 Skip position 1183 due to unpassed quality test
2025-05-06 11:53:16 Parsing SNP at position 1184
2025-05-06 11:53:16 Skip position 1184 due to unpassed quality test
2025-05-06 11:53:16 Parsing SNP at position 1186
2025-05-06 11:53:16 Skip position 1186 due to unpassed quality test
2025-05-06 11:53:16 Parsing SNP at position 1192
2025-05-06 11:53:16 Skip position 1192 due to unpassed quality test
2025-05-06 11:53:16 Parsing SNP at position 1193
2025-05-06 11:53:16 Skip position 1193 due to unpassed quality test
2025-05-06 11:53:16 Parsing SNP at position 1203
2025-05-06 11:53:16 Skip position 1203 due to unpassed quality test
2025-05-06 11:53:16 Parsing SNP at position 1204
2025-05-06 11:53:16 Skip position 1204 due to unpassed quality test
2025-05-06 11:53:16 Parsing SNP at position 1207
2025-05-06 11:53:16 Skip position 1207 due to unpassed quality test
2025-05-06 11:53:16 Parsing SNP at position 1216
2025-05-06 11:53:16 Skip position 1216 due to unpassed quality test
2025-05-06 11:53:16 Parsing SNP at position 1230
2025-05-06 11:53:16 Skip position 1230 due to unpassed quality test
2025-05-06 11:53:16 Parsing SNP at position 1234
2025-05-06 11:53:16 Skip position 1234 due to unpassed quality test
2025-05-06 11:53:16 Parsing SNP at position 1237
2025-05-06 11:53:16 Skip position 1237 due to unpassed quality test
2025-05-06 11:53:16 Parsing SNP at position 1241
2025-05-06 11:53:16 Skip position 1241 due to unpassed quality test
2025-05-06 11:53:16 Parsing SNP at position 1243
2025-05-06 11:53:16 Skip position 1243 due to unpassed quality test
2025-05-06 11:53:16 Parsing SNP at position 1246
2025-05-06 11:53:16 Skip position 1246 due to unpassed quality test
2025-05-06 11:53:16 Parsing SNP at position 1275
2025-05-06 11:53:16 Skip position 1275 due to unpassed quality test
2025-05-06 11:53:16 Parsing SNP at position 1282
2025-05-06 11:53:16 Skip position 1282 due to unpassed quality test
2025-05-06 11:53:16 Parsing SNP at position 1309
2025-05-06 11:53:16 Skip position 1309 due to unpassed quality test
2025-05-06 11:53:16 Parsing SNP at position 1318
2025-05-06 11:53:16 Skip position 1318 due to unpassed quality test
2025-05-06 11:53:16 Parsing SNP at position 1325
2025-05-06 11:53:16 Skip position 1325 due to unpassed quality test
2025-05-06 11:53:16 Parsing SNP at position 1330
2025-05-06 11:53:16 Skip position 1330 due to unpassed quality test
2025-05-06 11:53:16 Parsing SNP at position 1333
2025-05-06 11:53:16 Skip position 1333 due to unpassed quality test
2025-05-06 11:53:16 Parsing SNP at position 1336
2025-05-06 11:53:16 Skip position 1336 due to unpassed quality test
2025-05-06 11:53:16 Parsing SNP at position 1339
2025-05-06 11:53:16 Skip position 1339 due to unpassed quality test
2025-05-06 11:53:16 Parsing SNP at position 1344
2025-05-06 11:53:16 Skip position 1344 due to unpassed quality test
2025-05-06 11:53:16 Parsing SNP at position 1345
2025-05-06 11:53:16 Skip position 1345 due to unpassed quality test
2025-05-06 11:53:16 Parsing SNP at position 1348
2025-05-06 11:53:16 Skip position 1348 due to unpassed quality test
2025-05-06 11:53:16 Parsing SNP at position 1351
2025-05-06 11:53:16 Skip position 1351 due to unpassed quality test
2025-05-06 11:53:16 Parsing SNP at position 1375
2025-05-06 11:53:16 Skip position 1375 due to unpassed quality test
2025-05-06 11:53:16 Parsing SNP at position 1392
2025-05-06 11:53:16 Skip position 1392 due to unpassed quality test
2025-05-06 11:53:16 Parsing SNP at position 1401
2025-05-06 11:53:16 Skip position 1401 due to unpassed quality test
2025-05-06 11:53:16 Parsing SNP at position 1408
2025-05-06 11:53:16 Skip position 1408 due to unpassed quality test
2025-05-06 11:53:16 Parsing SNP at position 1410
2025-05-06 11:53:16 Skip position 1410 due to unpassed quality test
2025-05-06 11:53:16 Parsing SNP at position 1413
2025-05-06 11:53:16 Skip position 1413 due to unpassed quality test
2025-05-06 11:53:16 Parsing SNP at position 1417
2025-05-06 11:53:16 Skip position 1417 due to unpassed quality test
2025-05-06 11:53:16 Parsing SNP at position 1428
2025-05-06 11:53:16 Skip position 1428 due to unpassed quality test
2025-05-06 11:53:16 Parsing SNP at position 1431
2025-05-06 11:53:16 Skip position 1431 due to unpassed quality test
2025-05-06 11:53:16 Parsing SNP at position 1440
2025-05-06 11:53:16 Skip position 1440 due to unpassed quality test
2025-05-06 11:53:16 Parsing SNP at position 1447
2025-05-06 11:53:16 Skip position 1447 due to unpassed quality test
2025-05-06 11:53:16 Parsing SNP at position 1448
2025-05-06 11:53:16 Skip position 1448 due to unpassed quality test
2025-05-06 11:53:16 Parsing SNP at position 1459
2025-05-06 11:53:16 Skip position 1459 due to unpassed quality test
2025-05-06 11:53:16 Parsing SNP at position 1464
2025-05-06 11:53:16 Skip position 1464 due to unpassed quality test
2025-05-06 11:53:16 Parsing SNP at position 1465
2025-05-06 11:53:16 Skip position 1465 due to unpassed quality test
2025-05-06 11:53:16 Parsing SNP at position 1475
2025-05-06 11:53:16 Skip position 1475 due to unpassed quality test
2025-05-06 11:53:16 Parsing SNP at position 1506
2025-05-06 11:53:16 Skip position 1506 due to unpassed quality test
2025-05-06 11:53:16 Parsing SNP at position 1509
2025-05-06 11:53:16 Skip position 1509 due to unpassed quality test
2025-05-06 11:53:16 Parsing SNP at position 1524
2025-05-06 11:53:16 Skip position 1524 due to unpassed quality test
2025-05-06 11:53:16 Parsing SNP at position 1586
2025-05-06 11:53:16 Skip position 1586 due to unpassed quality test
2025-05-06 11:53:16 Parsing SNP at position 1592
2025-05-06 11:53:16 Skip position 1592 due to unpassed quality test
2025-05-06 11:53:16 Parsing SNP at position 1593
2025-05-06 11:53:16 Skip position 1593 due to unpassed quality test
2025-05-06 11:53:16 Parsing SNP at position 1635
2025-05-06 11:53:16 Skip position 1635 due to unpassed quality test
2025-05-06 11:53:16 Parsing SNP at position 1645
2025-05-06 11:53:16 Skip position 1645 due to unpassed quality test
2025-05-06 11:53:16 Parsing SNP at position 1656
2025-05-06 11:53:16 Skip position 1656 due to unpassed quality test
2025-05-06 11:53:16 Parsing SNP at position 1699
2025-05-06 11:53:16 Skip position 1699 due to unpassed quality test
2025-05-06 11:53:16 Parsing SNP at position 1753
2025-05-06 11:53:16 Skip position 1753 due to unpassed quality test
2025-05-06 11:53:16 Parsing SNP at position 1801
2025-05-06 11:53:16 Skip position 1801 due to unpassed quality test
2025-05-06 11:53:16 Parsing SNP at position 1804
2025-05-06 11:53:16 Skip position 1804 due to unpassed quality test
2025-05-06 11:53:16 Parsing SNP at position 1807
2025-05-06 11:53:16 Skip position 1807 due to unpassed quality test
2025-05-06 11:53:16 Parsing SNP at position 1809
2025-05-06 11:53:16 Skip position 1809 due to unpassed quality test
2025-05-06 11:53:16 Parsing SNP at position 1825
2025-05-06 11:53:16 Skip position 1825 due to unpassed quality test
2025-05-06 11:53:16 Parsing SNP at position 1834
2025-05-06 11:53:16 Skip position 1834 due to unpassed quality test
2025-05-06 11:53:16 Parsing SNP at position 1836
2025-05-06 11:53:16 Skip position 1836 due to unpassed quality test
2025-05-06 11:53:16 Parsing SNP at position 1839
2025-05-06 11:53:16 Skip position 1839 due to unpassed quality test
2025-05-06 11:53:16 Parsing SNP at position 1870
2025-05-06 11:53:16 Skip position 1870 due to unpassed quality test
2025-05-06 11:53:16 Parsing SNP at position 1877
2025-05-06 11:53:16 Skip position 1877 due to unpassed quality test
2025-05-06 11:53:16 Parsing SNP at position 1879
2025-05-06 11:53:16 Skip position 1879 due to unpassed quality test
2025-05-06 11:53:16 Parsing SNP at position 1885
2025-05-06 11:53:16 Skip position 1885 due to unpassed quality test
2025-05-06 11:53:16 Parsing SNP at position 1924
2025-05-06 11:53:16 Skip position 1924 due to unpassed quality test
2025-05-06 11:53:16 Parsing SNP at position 1933
2025-05-06 11:53:16 Skip position 1933 due to unpassed quality test
2025-05-06 11:53:16 Parsing SNP at position 1935
2025-05-06 11:53:16 Skip position 1935 due to unpassed quality test
2025-05-06 11:53:16 Parsing SNP at position 1938
2025-05-06 11:53:16 Skip position 1938 due to unpassed quality test
2025-05-06 11:53:16 Parsing SNP at position 1941
2025-05-06 11:53:16 Skip position 1941 due to unpassed quality test
2025-05-06 11:53:16 Parsing SNP at position 1962
2025-05-06 11:53:16 Skip position 1962 due to unpassed quality test
2025-05-06 11:53:16 Parsing SNP at position 1992
2025-05-06 11:53:16 Skip position 1992 due to unpassed quality test
2025-05-06 11:53:16 Parsing SNP at position 2007
2025-05-06 11:53:16 Skip position 2007 due to unpassed quality test
2025-05-06 11:53:16 Parsing SNP at position 2029
2025-05-06 11:53:16 Skip position 2029 due to unpassed quality test
2025-05-06 11:53:16 Parsing SNP at position 2037
2025-05-06 11:53:16 Skip position 2037 due to unpassed quality test
2025-05-06 11:53:16 Parsing SNP at position 2053
2025-05-06 11:53:16 Skip position 2053 due to unpassed quality test
2025-05-06 11:53:16 Parsing SNP at position 2070
2025-05-06 11:53:16 Skip position 2070 due to unpassed quality test
2025-05-06 11:53:16 Parsing SNP at position 2076
2025-05-06 11:53:16 Skip position 2076 due to unpassed quality test
2025-05-06 11:53:16 Parsing SNP at position 2079
2025-05-06 11:53:16 Skip position 2079 due to unpassed quality test
2025-05-06 11:53:16 Parsing SNP at position 2096
2025-05-06 11:53:16 Skip position 2096 due to unpassed quality test
2025-05-06 11:53:16 Parsing SNP at position 2101
2025-05-06 11:53:16 Skip position 2101 due to unpassed quality test
2025-05-06 11:53:16 Parsing SNP at position 2104
2025-05-06 11:53:16 Skip position 2104 due to unpassed quality test
2025-05-06 11:53:16 Parsing SNP at position 2118
2025-05-06 11:53:16 Skip position 2118 due to unpassed quality test
2025-05-06 11:53:16 Parsing SNP at position 2121
2025-05-06 11:53:16 Skip position 2121 due to unpassed quality test
2025-05-06 11:53:16 Parsing SNP at position 2125
2025-05-06 11:53:16 Skip position 2125 due to unpassed quality test
2025-05-06 11:53:16 Parsing SNP at position 2133
2025-05-06 11:53:16 Skip position 2133 due to unpassed quality test
2025-05-06 11:53:16 Parsing SNP at position 2139
2025-05-06 11:53:16 Skip position 2139 due to unpassed quality test
2025-05-06 11:53:16 Parsing SNP at position 2142
2025-05-06 11:53:16 Skip position 2142 due to unpassed quality test
2025-05-06 11:53:16 Parsing SNP at position 2143
2025-05-06 11:53:16 Skip position 2143 due to unpassed quality test
2025-05-06 11:53:16 Parsing SNP at position 2146
2025-05-06 11:53:16 Skip position 2146 due to unpassed quality test
2025-05-06 11:53:16 Parsing SNP at position 2147
2025-05-06 11:53:16 Skip position 2147 due to unpassed quality test
2025-05-06 11:53:16 Parsing SNP at position 2148
2025-05-06 11:53:16 Skip position 2148 due to unpassed quality test
2025-05-06 11:53:16 Parsing SNP at position 2154
2025-05-06 11:53:16 Skip position 2154 due to unpassed quality test
2025-05-06 11:53:16 Parsing SNP at position 2158
2025-05-06 11:53:16 Skip position 2158 due to unpassed quality test
2025-05-06 11:53:16 Parsing SNP at position 2160
2025-05-06 11:53:16 Skip position 2160 due to unpassed quality test
2025-05-06 11:53:16 Parsing SNP at position 2166
2025-05-06 11:53:16 Skip position 2166 due to unpassed quality test
2025-05-06 11:53:16 Parsing SNP at position 2169
2025-05-06 11:53:16 Skip position 2169 due to unpassed quality test
2025-05-06 11:53:16 Parsing SNP at position 2170
2025-05-06 11:53:16 Skip position 2170 due to unpassed quality test
2025-05-06 11:53:16 Parsing SNP at position 2171
2025-05-06 11:53:16 Skip position 2171 due to unpassed quality test
2025-05-06 11:53:16 Parsing SNP at position 2175
2025-05-06 11:53:16 Skip position 2175 due to unpassed quality test
2025-05-06 11:53:16 Parsing SNP at position 2178
2025-05-06 11:53:16 Skip position 2178 due to unpassed quality test
2025-05-06 11:53:16 Parsing SNP at position 2187
2025-05-06 11:53:16 Skip position 2187 due to unpassed quality test
2025-05-06 11:53:16 Parsing SNP at position 2193
2025-05-06 11:53:16 Skip position 2193 due to unpassed quality test
2025-05-06 11:53:16 Parsing SNP at position 2199
2025-05-06 11:53:16 Skip position 2199 due to unpassed quality test
2025-05-06 11:53:16 Parsing SNP at position 2208
2025-05-06 11:53:16 Skip position 2208 due to unpassed quality test
2025-05-06 11:53:16 Parsing SNP at position 2209
2025-05-06 11:53:16 Skip position 2209 due to unpassed quality test
2025-05-06 11:53:16 Parsing SNP at position 2211
2025-05-06 11:53:16 Skip position 2211 due to unpassed quality test
2025-05-06 11:53:16 Parsing SNP at position 2217
2025-05-06 11:53:16 Skip position 2217 due to unpassed quality test
2025-05-06 11:53:16 Parsing SNP at position 2223
2025-05-06 11:53:16 Skip position 2223 due to unpassed quality test
2025-05-06 11:53:16 Parsing SNP at position 2226
2025-05-06 11:53:16 Skip position 2226 due to unpassed quality test
2025-05-06 11:53:16 Parsing SNP at position 2234
2025-05-06 11:53:16 Skip position 2234 due to unpassed quality test
2025-05-06 11:53:16 Parsing SNP at position 2244
2025-05-06 11:53:16 Skip position 2244 due to unpassed quality test
2025-05-06 11:53:16 Parsing SNP at position 2245
2025-05-06 11:53:16 Skip position 2245 due to unpassed quality test
2025-05-06 11:53:16 Parsing SNP at position 2247
2025-05-06 11:53:16 Skip position 2247 due to unpassed quality test
2025-05-06 11:53:16 Parsing SNP at position 2256
2025-05-06 11:53:16 Skip position 2256 due to unpassed quality test
2025-05-06 11:53:16 Parsing SNP at position 2262
2025-05-06 11:53:16 Skip position 2262 due to unpassed quality test
2025-05-06 11:53:16 Parsing SNP at position 2272
2025-05-06 11:53:16 Skip position 2272 due to unpassed quality test
2025-05-06 11:53:16 Parsing SNP at position 2274
2025-05-06 11:53:16 Skip position 2274 due to unpassed quality test
2025-05-06 11:53:16 Parsing SNP at position 2292
2025-05-06 11:53:16 Skip position 2292 due to unpassed quality test
2025-05-06 11:53:16 Parsing SNP at position 2299
2025-05-06 11:53:16 Skip position 2299 due to unpassed quality test
2025-05-06 11:53:16 Parsing SNP at position 2301
2025-05-06 11:53:16 Skip position 2301 due to unpassed quality test
2025-05-06 11:53:16 Parsing SNP at position 2307
2025-05-06 11:53:16 Skip position 2307 due to unpassed quality test
2025-05-06 11:53:16 Parsing SNP at position 2325
2025-05-06 11:53:16 Skip position 2325 due to unpassed quality test
2025-05-06 11:53:16 Parsing SNP at position 2331
2025-05-06 11:53:16 Skip position 2331 due to unpassed quality test
2025-05-06 11:53:16 Parsing SNP at position 2337
2025-05-06 11:53:16 Skip position 2337 due to unpassed quality test
2025-05-06 11:53:16 Parsing SNP at position 2346
2025-05-06 11:53:16 Skip position 2346 due to unpassed quality test
2025-05-06 11:53:16 Parsing SNP at position 2355
2025-05-06 11:53:16 Skip position 2355 due to unpassed quality test
2025-05-06 11:53:16 Parsing SNP at position 2356
2025-05-06 11:53:16 Skip position 2356 due to unpassed quality test
2025-05-06 11:53:16 Parsing SNP at position 2358
2025-05-06 11:53:16 Skip position 2358 due to unpassed quality test
2025-05-06 11:53:16 Parsing SNP at position 2365
2025-05-06 11:53:16 Skip position 2365 due to unpassed quality test
2025-05-06 11:53:16 Parsing SNP at position 2367
2025-05-06 11:53:16 Skip position 2367 due to unpassed quality test
2025-05-06 11:53:16 Parsing SNP at position 2373
2025-05-06 11:53:16 Skip position 2373 due to unpassed quality test
2025-05-06 11:53:16 Parsing SNP at position 2382
2025-05-06 11:53:16 Skip position 2382 due to unpassed quality test
2025-05-06 11:53:16 Parsing SNP at position 2388
2025-05-06 11:53:16 Skip position 2388 due to unpassed quality test
2025-05-06 11:53:16 Parsing SNP at position 2397
2025-05-06 11:53:16 Skip position 2397 due to unpassed quality test
2025-05-06 11:53:16 Parsing SNP at position 2398
2025-05-06 11:53:16 Skip position 2398 due to unpassed quality test
2025-05-06 11:53:16 Parsing SNP at position 2427
2025-05-06 11:53:16 Skip position 2427 due to unpassed quality test
2025-05-06 11:53:16 Parsing SNP at position 2431
2025-05-06 11:53:16 Skip position 2431 due to unpassed quality test
2025-05-06 11:53:16 Parsing SNP at position 2439
2025-05-06 11:53:16 Skip position 2439 due to unpassed quality test
2025-05-06 11:53:16 Parsing SNP at position 2440
2025-05-06 11:53:16 Skip position 2440 due to unpassed quality test
2025-05-06 11:53:16 Parsing SNP at position 2460
2025-05-06 11:53:16 Skip position 2460 due to unpassed quality test
2025-05-06 11:53:16 Parsing SNP at position 2470
2025-05-06 11:53:16 Skip position 2470 due to unpassed quality test
2025-05-06 11:53:16 Parsing SNP at position 2475
2025-05-06 11:53:16 Skip position 2475 due to unpassed quality test
2025-05-06 11:53:16 Parsing SNP at position 2476
2025-05-06 11:53:16 Skip position 2476 due to unpassed quality test
2025-05-06 11:53:17 Parsing SNP at position 2478
2025-05-06 11:53:17 Skip position 2478 due to unpassed quality test
2025-05-06 11:53:17 Parsing SNP at position 2511
2025-05-06 11:53:17 Skip position 2511 due to unpassed quality test
2025-05-06 11:53:17 Parsing SNP at position 2523
2025-05-06 11:53:17 Skip position 2523 due to unpassed quality test
2025-05-06 11:53:17 Parsing SNP at position 2534
2025-05-06 11:53:17 Skip position 2534 due to unpassed quality test
2025-05-06 11:53:17 Parsing SNP at position 2535
2025-05-06 11:53:17 Skip position 2535 due to unpassed quality test
2025-05-06 11:53:17 Parsing SNP at position 2589
2025-05-06 11:53:17 Skip position 2589 due to unpassed quality test
2025-05-06 11:53:17 Parsing SNP at position 2601
2025-05-06 11:53:17 Skip position 2601 due to unpassed quality test
2025-05-06 11:53:17 Parsing SNP at position 2622
2025-05-06 11:53:17 Skip position 2622 due to unpassed quality test
2025-05-06 11:53:17 Parsing SNP at position 2628
2025-05-06 11:53:17 Skip position 2628 due to unpassed quality test
2025-05-06 11:53:17 Parsing SNP at position 2634
2025-05-06 11:53:17 Skip position 2634 due to unpassed quality test
2025-05-06 11:53:17 Parsing SNP at position 2637
2025-05-06 11:53:17 Skip position 2637 due to unpassed quality test
2025-05-06 11:53:17 Parsing SNP at position 2659
2025-05-06 11:53:17 Skip position 2659 due to unpassed quality test
2025-05-06 11:53:17 Parsing SNP at position 2664
2025-05-06 11:53:17 Skip position 2664 due to unpassed quality test
2025-05-06 11:53:17 Parsing SNP at position 2676
2025-05-06 11:53:17 Skip position 2676 due to unpassed quality test
2025-05-06 11:53:17 Parsing SNP at position 2688
2025-05-06 11:53:17 Parsing SNP at position 2691
2025-05-06 11:53:17 Parsing SNP at position 2712
2025-05-06 11:53:17 Skip position 2712 due to unpassed quality test
2025-05-06 11:53:17 Parsing SNP at position 2730
2025-05-06 11:53:17 Parsing SNP at position 2754
2025-05-06 11:53:17 Parsing SNP at position 2757
2025-05-06 11:53:17 Parsing SNP at position 2763
2025-05-06 11:53:17 Skip position 2763 due to unpassed quality test
2025-05-06 11:53:17 Parsing SNP at position 2766
2025-05-06 11:53:17 Parsing SNP at position 2775
2025-05-06 11:53:17 Parsing SNP at position 2778
2025-05-06 11:53:17 Skip position 2778 due to unpassed quality test
2025-05-06 11:53:17 Parsing SNP at position 2784
2025-05-06 11:53:17 Parsing SNP at position 2787
2025-05-06 11:53:17 Parsing SNP at position 2790
2025-05-06 11:53:17 Skip position 2790 due to unpassed quality test
2025-05-06 11:53:17 Parsing SNP at position 2793
2025-05-06 11:53:17 Skip position 2793 due to unpassed quality test
2025-05-06 11:53:17 Parsing SNP at position 2802
2025-05-06 11:53:17 Parsing SNP at position 2804
2025-05-06 11:53:17 Parsing SNP at position 2816
2025-05-06 11:53:17 Parsing SNP at position 2823
2025-05-06 11:53:17 Parsing SNP at position 2829
2025-05-06 11:53:17 Parsing SNP at position 2849
2025-05-06 11:53:17 Parsing SNP at position 2866
2025-05-06 11:53:17 Parsing SNP at position 2866
2025-05-06 11:53:17 Parsing SNP at position 2867
2025-05-06 11:53:17 Parsing SNP at position 2879
2025-05-06 11:53:17 Parsing SNP at position 2935
2025-05-06 11:53:17 Skip position 2935 due to unpassed quality test
2025-05-06 11:53:17 Parsing SNP at position 2937
2025-05-06 11:53:17 Parsing SNP at position 2939
2025-05-06 11:53:17 Skip position 2939 due to unpassed quality test
2025-05-06 11:53:17 Parsing SNP at position 2948
2025-05-06 11:53:17 Parsing SNP at position 2950
2025-05-06 11:53:17 Parsing SNP at position 2951
2025-05-06 11:53:17 Parsing SNP at position 2964
2025-05-06 11:53:17 Parsing SNP at position 2978
2025-05-06 11:53:17 Parsing SNP at position 2983
2025-05-06 11:53:17 Parsing SNP at position 2986
2025-05-06 11:53:17 Parsing SNP at position 2992
2025-05-06 11:53:17 Parsing SNP at position 2993
2025-05-06 11:53:17 Parsing SNP at position 3002
2025-05-06 11:53:17 Skip position 3002 due to unpassed quality test
2025-05-06 11:53:17 Parsing SNP at position 3005
2025-05-06 11:53:17 Parsing SNP at position 3007
2025-05-06 11:53:17 Parsing SNP at position 3008
2025-05-06 11:53:17 Parsing SNP at position 3012
2025-05-06 11:53:17 Parsing SNP at position 3024
2025-05-06 11:53:17 Parsing SNP at position 3026
2025-05-06 11:53:17 Parsing SNP at position 3045
2025-05-06 11:53:17 Parsing SNP at position 3052
2025-05-06 11:53:17 Parsing SNP at position 3078
2025-05-06 11:53:17 Parsing SNP at position 3114
2025-05-06 11:53:17 Parsing SNP at position 3121
2025-05-06 11:53:17 Writting results
2025-05-06 11:53:17 Running time: 0h:0m:1s::30
SYSTEM INFO: os: Linux
SYSTEM INFO: os version: #1 SMP Tue Nov 5 00:21:55 UTC 2024
SYSTEM INFO: CPU: 12
