This is cutadapt 5.0 with Python 3.10.14
Command line parameters: -j 10 -a file:HBV_primer.fasta --discard-untrimmed -m 150 -M 1200 -q 10 -o barcode07_trim_reads.fastq.gz barcode07.fastq
Processing single-end reads on 10 cores ...

=== Summary ===

Total reads processed:                  15,159
Reads with adapters:                    12,427 (82.0%)

== Read fate breakdown ==
Reads that were too short:              11,089 (73.2%)
Reads that were too long:                1,251 (8.3%)
Reads discarded as untrimmed:            1,677 (11.1%)
Reads written (passing filters):         1,142 (7.5%)

Total basepairs processed:    36,887,255 bp
Quality-trimmed:                  93,076 bp (0.3%)
Total written (filtered):        563,744 bp (1.5%)

=== Adapter P1bis ===

Sequence: TTCACCTCTGCCTAATCA; Type: regular 3'; Length: 18; Trimmed: 1391 times

Minimum overlap: 3
No. of allowed errors:
1-9 bp: 0; 10-18 bp: 1

Bases preceding removed adapters:
  A: 7.7%
  C: 4.7%
  G: 2.2%
  T: 81.4%
  none/other: 4.0%
WARNING:
    The adapter is preceded by 'T' extremely often.
    The provided adapter sequence could be incomplete at its 5' end.
    Ignore this warning when trimming primers.

Overview of removed sequences
length	count	expect	max.err	error counts
3	18	236.9	0	18
4	10	59.2	0	10
5	2	14.8	0	2
6	13	3.7	0	13
7	15	0.9	0	15
8	2	0.2	0	2
9	10	0.1	0	10
10	176	0.0	1	1 175
11	1	0.0	1	1
12	4	0.0	1	1 3
13	17	0.0	1	14 3
14	2	0.0	1	0 2
16	1	0.0	1	0 1
18	2	0.0	1	0 2
19	1	0.0	1	0 1
21	2	0.0	1	0 2
22	1	0.0	1	0 1
29	1	0.0	1	0 1
30	4	0.0	1	0 4
31	3	0.0	1	0 3
33	3	0.0	1	0 3
35	2	0.0	1	0 2
36	4	0.0	1	0 4
38	1	0.0	1	0 1
39	2	0.0	1	0 2
40	2	0.0	1	0 2
42	4	0.0	1	0 4
44	1	0.0	1	0 1
45	1	0.0	1	0 1
47	2	0.0	1	0 2
48	1	0.0	1	0 1
50	3	0.0	1	0 3
51	2	0.0	1	0 2
52	2	0.0	1	0 2
53	3	0.0	1	0 3
54	1	0.0	1	0 1
56	2	0.0	1	0 2
60	3	0.0	1	0 3
61	2	0.0	1	0 2
62	1	0.0	1	0 1
64	2	0.0	1	0 2
65	2	0.0	1	0 2
66	3	0.0	1	0 3
67	1	0.0	1	0 1
70	2	0.0	1	0 2
71	2	0.0	1	0 2
72	1	0.0	1	0 1
73	1	0.0	1	0 1
74	1	0.0	1	0 1
75	1	0.0	1	0 1
77	3	0.0	1	0 3
78	2	0.0	1	0 2
79	1	0.0	1	0 1
81	1	0.0	1	0 1
82	2	0.0	1	0 2
83	2	0.0	1	0 2
84	1	0.0	1	0 1
85	1	0.0	1	0 1
86	1	0.0	1	0 1
87	1	0.0	1	0 1
88	2	0.0	1	0 2
89	2	0.0	1	0 2
91	1	0.0	1	0 1
92	1	0.0	1	0 1
93	2	0.0	1	0 2
94	1	0.0	1	0 1
95	2	0.0	1	0 2
96	1	0.0	1	0 1
97	2	0.0	1	0 2
100	2	0.0	1	0 2
102	3	0.0	1	0 3
103	3	0.0	1	0 3
104	2	0.0	1	0 2
105	1	0.0	1	0 1
107	1	0.0	1	0 1
108	4	0.0	1	0 4
109	1	0.0	1	0 1
112	3	0.0	1	0 3
114	2	0.0	1	0 2
116	1	0.0	1	0 1
117	1	0.0	1	0 1
121	1	0.0	1	0 1
123	2	0.0	1	0 2
124	1	0.0	1	0 1
125	1	0.0	1	0 1
127	2	0.0	1	0 2
128	2	0.0	1	0 2
130	2	0.0	1	0 2
131	2	0.0	1	0 2
132	2	0.0	1	0 2
133	4	0.0	1	0 4
134	1	0.0	1	0 1
135	2	0.0	1	0 2
136	1	0.0	1	0 1
137	1	0.0	1	0 1
139	1	0.0	1	0 1
140	2	0.0	1	0 2
141	4	0.0	1	0 4
142	3	0.0	1	0 3
143	2	0.0	1	0 2
145	2	0.0	1	0 2
146	1	0.0	1	0 1
147	6	0.0	1	0 6
149	1	0.0	1	0 1
150	1	0.0	1	0 1
152	1	0.0	1	0 1
153	2	0.0	1	0 2
155	2	0.0	1	0 2
157	3	0.0	1	0 3
158	5	0.0	1	0 5
159	1	0.0	1	0 1
160	1	0.0	1	0 1
161	3	0.0	1	0 3
162	2	0.0	1	0 2
163	1	0.0	1	0 1
165	1	0.0	1	0 1
166	1	0.0	1	0 1
167	1	0.0	1	0 1
168	1	0.0	1	0 1
169	2	0.0	1	0 2
170	2	0.0	1	0 2
171	1	0.0	1	0 1
172	2	0.0	1	0 2
173	2	0.0	1	0 2
174	1	0.0	1	0 1
176	2	0.0	1	0 2
177	1	0.0	1	0 1
179	2	0.0	1	0 2
180	3	0.0	1	0 3
181	2	0.0	1	0 2
183	1	0.0	1	0 1
184	4	0.0	1	0 4
185	1	0.0	1	0 1
186	1	0.0	1	0 1
187	1	0.0	1	0 1
188	1	0.0	1	0 1
189	1	0.0	1	0 1
190	1	0.0	1	0 1
191	1	0.0	1	0 1
192	1	0.0	1	0 1
193	1	0.0	1	0 1
194	4	0.0	1	0 4
195	1	0.0	1	0 1
196	4	0.0	1	0 4
198	2	0.0	1	0 2
199	2	0.0	1	0 2
200	1	0.0	1	0 1
201	1	0.0	1	0 1
203	1	0.0	1	0 1
204	1	0.0	1	0 1
205	5	0.0	1	0 5
206	1	0.0	1	0 1
208	1	0.0	1	0 1
209	1	0.0	1	0 1
210	3	0.0	1	0 3
211	7	0.0	1	0 7
213	1	0.0	1	0 1
214	1	0.0	1	0 1
215	1	0.0	1	0 1
216	2	0.0	1	0 2
217	1	0.0	1	0 1
218	2	0.0	1	0 2
219	1	0.0	1	0 1
220	2	0.0	1	0 2
221	4	0.0	1	0 4
222	4	0.0	1	0 4
223	1	0.0	1	0 1
224	1	0.0	1	0 1
226	1	0.0	1	0 1
227	2	0.0	1	0 2
228	1	0.0	1	0 1
230	4	0.0	1	1 3
231	3	0.0	1	0 3
232	1	0.0	1	0 1
233	3	0.0	1	0 3
235	2	0.0	1	0 2
236	3	0.0	1	0 3
237	1	0.0	1	0 1
239	1	0.0	1	0 1
240	2	0.0	1	0 2
241	1	0.0	1	0 1
242	1	0.0	1	0 1
243	3	0.0	1	0 3
245	1	0.0	1	0 1
247	2	0.0	1	0 2
248	1	0.0	1	0 1
251	2	0.0	1	0 2
252	1	0.0	1	0 1
253	1	0.0	1	0 1
254	2	0.0	1	0 2
255	1	0.0	1	0 1
257	3	0.0	1	0 3
258	2	0.0	1	0 2
261	3	0.0	1	0 3
262	1	0.0	1	0 1
263	1	0.0	1	0 1
264	3	0.0	1	0 3
265	5	0.0	1	0 5
267	1	0.0	1	0 1
270	1	0.0	1	0 1
273	4	0.0	1	0 4
275	2	0.0	1	0 2
276	2	0.0	1	0 2
277	1	0.0	1	0 1
278	1	0.0	1	0 1
279	2	0.0	1	0 2
280	2	0.0	1	0 2
282	5	0.0	1	0 5
284	2	0.0	1	0 2
287	4	0.0	1	0 4
288	1	0.0	1	0 1
289	3	0.0	1	0 3
290	2	0.0	1	0 2
291	1	0.0	1	0 1
292	1	0.0	1	0 1
294	1	0.0	1	0 1
295	3	0.0	1	0 3
296	1	0.0	1	0 1
299	1	0.0	1	0 1
301	2	0.0	1	0 2
302	2	0.0	1	0 2
304	1	0.0	1	0 1
305	1	0.0	1	0 1
306	5	0.0	1	0 5
307	8	0.0	1	1 7
308	2	0.0	1	0 2
311	1	0.0	1	0 1
312	4	0.0	1	0 4
313	1	0.0	1	0 1
315	1	0.0	1	0 1
316	3	0.0	1	0 3
317	1	0.0	1	0 1
319	1	0.0	1	0 1
322	1	0.0	1	0 1
323	2	0.0	1	0 2
324	1	0.0	1	0 1
325	2	0.0	1	0 2
326	2	0.0	1	0 2
327	2	0.0	1	0 2
328	3	0.0	1	0 3
329	1	0.0	1	0 1
330	1	0.0	1	0 1
331	1	0.0	1	0 1
332	2	0.0	1	0 2
334	1	0.0	1	0 1
335	2	0.0	1	0 2
336	1	0.0	1	0 1
337	3	0.0	1	0 3
338	2	0.0	1	0 2
339	2	0.0	1	0 2
340	4	0.0	1	0 4
341	1	0.0	1	0 1
342	2	0.0	1	0 2
343	5	0.0	1	0 5
344	3	0.0	1	0 3
346	1	0.0	1	0 1
348	1	0.0	1	0 1
350	2	0.0	1	1 1
352	1	0.0	1	0 1
353	2	0.0	1	0 2
356	1	0.0	1	0 1
357	1	0.0	1	0 1
358	2	0.0	1	0 2
359	1	0.0	1	0 1
360	1	0.0	1	0 1
361	2	0.0	1	0 2
363	2	0.0	1	0 2
364	1	0.0	1	0 1
365	2	0.0	1	0 2
366	2	0.0	1	1 1
367	1	0.0	1	0 1
368	2	0.0	1	0 2
369	3	0.0	1	0 3
370	2	0.0	1	0 2
371	1	0.0	1	0 1
372	3	0.0	1	0 3
375	1	0.0	1	0 1
376	1	0.0	1	0 1
378	1	0.0	1	0 1
379	5	0.0	1	0 5
380	1	0.0	1	0 1
382	1	0.0	1	0 1
384	2	0.0	1	0 2
386	1	0.0	1	0 1
389	1	0.0	1	0 1
393	2	0.0	1	0 2
394	2	0.0	1	0 2
397	1	0.0	1	0 1
400	1	0.0	1	0 1
401	3	0.0	1	0 3
402	1	0.0	1	0 1
403	2	0.0	1	0 2
404	2	0.0	1	0 2
405	1	0.0	1	0 1
408	1	0.0	1	0 1
412	1	0.0	1	0 1
413	1	0.0	1	0 1
414	1	0.0	1	0 1
415	2	0.0	1	0 2
416	2	0.0	1	0 2
417	1	0.0	1	0 1
418	1	0.0	1	0 1
422	1	0.0	1	0 1
423	2	0.0	1	0 2
424	1	0.0	1	0 1
426	2	0.0	1	0 2
427	3	0.0	1	0 3
429	1	0.0	1	0 1
430	1	0.0	1	0 1
431	1	0.0	1	0 1
433	3	0.0	1	0 3
434	2	0.0	1	0 2
436	1	0.0	1	0 1
437	2	0.0	1	0 2
438	1	0.0	1	0 1
443	2	0.0	1	0 2
448	1	0.0	1	0 1
453	3	0.0	1	0 3
455	1	0.0	1	0 1
456	1	0.0	1	0 1
457	1	0.0	1	0 1
458	3	0.0	1	0 3
460	1	0.0	1	0 1
461	1	0.0	1	0 1
462	2	0.0	1	0 2
463	1	0.0	1	0 1
464	2	0.0	1	0 2
465	2	0.0	1	0 2
468	1	0.0	1	0 1
470	1	0.0	1	0 1
472	1	0.0	1	0 1
473	1	0.0	1	0 1
475	2	0.0	1	0 2
476	1	0.0	1	0 1
477	1	0.0	1	0 1
478	2	0.0	1	0 2
480	1	0.0	1	0 1
481	1	0.0	1	0 1
482	1	0.0	1	0 1
484	1	0.0	1	0 1
485	1	0.0	1	0 1
486	1	0.0	1	0 1
487	2	0.0	1	0 2
488	1	0.0	1	0 1
489	1	0.0	1	0 1
490	1	0.0	1	0 1
491	2	0.0	1	0 2
493	1	0.0	1	0 1
494	2	0.0	1	0 2
496	1	0.0	1	0 1
497	2	0.0	1	0 2
498	3	0.0	1	0 3
500	2	0.0	1	0 2
501	2	0.0	1	0 2
502	1	0.0	1	0 1
503	2	0.0	1	0 2
504	1	0.0	1	0 1
505	2	0.0	1	0 2
506	1	0.0	1	0 1
508	1	0.0	1	0 1
509	1	0.0	1	0 1
510	2	0.0	1	0 2
511	3	0.0	1	0 3
513	4	0.0	1	0 4
514	1	0.0	1	0 1
515	1	0.0	1	0 1
516	1	0.0	1	0 1
518	1	0.0	1	0 1
519	1	0.0	1	0 1
521	1	0.0	1	0 1
522	1	0.0	1	0 1
524	3	0.0	1	0 3
525	3	0.0	1	0 3
526	1	0.0	1	0 1
527	1	0.0	1	0 1
529	1	0.0	1	0 1
535	1	0.0	1	0 1
536	2	0.0	1	0 2
537	2	0.0	1	0 2
539	1	0.0	1	0 1
541	1	0.0	1	0 1
542	1	0.0	1	0 1
543	2	0.0	1	0 2
544	2	0.0	1	0 2
547	1	0.0	1	0 1
550	1	0.0	1	0 1
551	2	0.0	1	0 2
552	1	0.0	1	0 1
553	3	0.0	1	0 3
557	1	0.0	1	0 1
560	2	0.0	1	0 2
563	2	0.0	1	0 2
568	1	0.0	1	0 1
573	1	0.0	1	1
574	1	0.0	1	0 1
575	1	0.0	1	0 1
576	1	0.0	1	0 1
577	1	0.0	1	0 1
578	2	0.0	1	0 2
581	1	0.0	1	0 1
582	1	0.0	1	0 1
584	1	0.0	1	0 1
585	1	0.0	1	0 1
586	1	0.0	1	0 1
589	1	0.0	1	0 1
591	1	0.0	1	0 1
592	1	0.0	1	0 1
593	2	0.0	1	0 2
594	1	0.0	1	0 1
595	2	0.0	1	0 2
598	1	0.0	1	0 1
600	1	0.0	1	0 1
603	1	0.0	1	0 1
605	2	0.0	1	0 2
607	2	0.0	1	0 2
608	2	0.0	1	0 2
609	3	0.0	1	0 3
611	2	0.0	1	0 2
613	1	0.0	1	0 1
615	2	0.0	1	0 2
616	2	0.0	1	0 2
618	1	0.0	1	0 1
621	1	0.0	1	0 1
622	1	0.0	1	0 1
626	1	0.0	1	0 1
627	1	0.0	1	0 1
628	1	0.0	1	0 1
631	1	0.0	1	0 1
633	1	0.0	1	0 1
635	1	0.0	1	0 1
636	1	0.0	1	0 1
638	1	0.0	1	0 1
640	1	0.0	1	0 1
642	1	0.0	1	0 1
645	1	0.0	1	0 1
647	1	0.0	1	0 1
648	2	0.0	1	0 2
656	1	0.0	1	0 1
661	1	0.0	1	0 1
664	1	0.0	1	0 1
665	1	0.0	1	0 1
666	1	0.0	1	0 1
668	1	0.0	1	0 1
672	1	0.0	1	0 1
673	1	0.0	1	0 1
675	2	0.0	1	0 2
677	2	0.0	1	0 2
679	3	0.0	1	0 3
682	2	0.0	1	0 2
685	1	0.0	1	0 1
691	1	0.0	1	0 1
692	1	0.0	1	0 1
693	1	0.0	1	0 1
694	2	0.0	1	0 2
696	2	0.0	1	0 2
700	1	0.0	1	0 1
703	1	0.0	1	0 1
704	2	0.0	1	0 2
705	1	0.0	1	0 1
714	2	0.0	1	0 2
716	2	0.0	1	0 2
719	1	0.0	1	0 1
720	1	0.0	1	0 1
721	1	0.0	1	0 1
725	2	0.0	1	0 2
730	1	0.0	1	0 1
731	1	0.0	1	0 1
732	1	0.0	1	0 1
738	2	0.0	1	0 2
740	1	0.0	1	0 1
743	2	0.0	1	0 2
745	1	0.0	1	0 1
759	1	0.0	1	0 1
760	1	0.0	1	0 1
766	1	0.0	1	0 1
767	1	0.0	1	0 1
770	1	0.0	1	0 1
776	1	0.0	1	0 1
777	1	0.0	1	0 1
778	1	0.0	1	0 1
780	1	0.0	1	0 1
781	3	0.0	1	0 3
787	1	0.0	1	0 1
791	1	0.0	1	0 1
799	1	0.0	1	0 1
801	1	0.0	1	0 1
805	1	0.0	1	0 1
807	1	0.0	1	0 1
811	1	0.0	1	0 1
813	1	0.0	1	0 1
815	1	0.0	1	0 1
816	1	0.0	1	0 1
822	1	0.0	1	0 1
824	1	0.0	1	0 1
825	1	0.0	1	0 1
826	2	0.0	1	0 2
829	1	0.0	1	0 1
830	1	0.0	1	0 1
831	2	0.0	1	0 2
833	1	0.0	1	0 1
843	1	0.0	1	0 1
848	1	0.0	1	0 1
849	1	0.0	1	0 1
850	1	0.0	1	0 1
854	1	0.0	1	0 1
857	1	0.0	1	0 1
859	1	0.0	1	0 1
862	1	0.0	1	0 1
864	1	0.0	1	0 1
866	1	0.0	1	0 1
867	1	0.0	1	0 1
870	2	0.0	1	0 2
871	1	0.0	1	0 1
873	1	0.0	1	0 1
876	1	0.0	1	0 1
877	1	0.0	1	0 1
878	1	0.0	1	0 1
880	1	0.0	1	0 1
882	1	0.0	1	0 1
884	1	0.0	1	0 1
886	1	0.0	1	0 1
893	1	0.0	1	0 1
894	1	0.0	1	0 1
899	2	0.0	1	0 2
904	1	0.0	1	0 1
907	3	0.0	1	0 3
911	2	0.0	1	0 2
915	1	0.0	1	0 1
919	2	0.0	1	0 2
920	1	0.0	1	0 1
922	1	0.0	1	0 1
923	1	0.0	1	0 1
924	1	0.0	1	0 1
925	1	0.0	1	0 1
927	1	0.0	1	0 1
929	4	0.0	1	0 4
942	1	0.0	1	0 1
943	1	0.0	1	0 1
945	1	0.0	1	0 1
947	1	0.0	1	0 1
949	2	0.0	1	0 2
951	1	0.0	1	0 1
954	1	0.0	1	0 1
955	2	0.0	1	0 2
957	1	0.0	1	0 1
963	1	0.0	1	0 1
964	1	0.0	1	0 1
968	1	0.0	1	0 1
970	1	0.0	1	0 1
975	1	0.0	1	0 1
978	1	0.0	1	0 1
986	1	0.0	1	0 1
993	1	0.0	1	0 1
997	1	0.0	1	0 1
998	1	0.0	1	0 1
1001	1	0.0	1	0 1
1002	1	0.0	1	0 1
1010	1	0.0	1	0 1
1016	2	0.0	1	0 2
1017	1	0.0	1	0 1
1019	1	0.0	1	0 1
1021	1	0.0	1	0 1
1023	1	0.0	1	0 1
1026	1	0.0	1	0 1
1028	1	0.0	1	0 1
1039	3	0.0	1	0 3
1042	1	0.0	1	0 1
1044	1	0.0	1	0 1
1046	1	0.0	1	0 1
1050	1	0.0	1	0 1
1052	1	0.0	1	0 1
1054	1	0.0	1	0 1
1057	1	0.0	1	0 1
1060	1	0.0	1	0 1
1063	1	0.0	1	0 1
1065	1	0.0	1	0 1
1071	1	0.0	1	0 1
1080	1	0.0	1	0 1
1085	1	0.0	1	0 1
1090	1	0.0	1	0 1
1093	1	0.0	1	0 1
1097	1	0.0	1	0 1
1102	1	0.0	1	0 1
1107	4	0.0	1	0 4
1108	1	0.0	1	0 1
1111	1	0.0	1	0 1
1113	1	0.0	1	0 1
1115	1	0.0	1	0 1
1116	1	0.0	1	0 1
1121	1	0.0	1	0 1
1127	1	0.0	1	0 1
1131	1	0.0	1	0 1
1132	1	0.0	1	0 1
1135	1	0.0	1	0 1
1136	1	0.0	1	0 1
1137	1	0.0	1	0 1
1140	1	0.0	1	0 1
1141	1	0.0	1	0 1
1145	1	0.0	1	0 1
1149	1	0.0	1	0 1
1150	1	0.0	1	0 1
1161	2	0.0	1	0 2
1170	1	0.0	1	0 1
1173	1	0.0	1	0 1
1180	1	0.0	1	0 1
1182	2	0.0	1	0 2
1188	1	0.0	1	0 1
1189	1	0.0	1	0 1
1193	1	0.0	1	0 1
1194	1	0.0	1	0 1
1197	1	0.0	1	0 1
1201	1	0.0	1	0 1
1204	1	0.0	1	0 1
1220	1	0.0	1	0 1
1236	1	0.0	1	0 1
1237	1	0.0	1	0 1
1239	1	0.0	1	0 1
1244	1	0.0	1	0 1
1247	1	0.0	1	0 1
1255	1	0.0	1	0 1
1258	1	0.0	1	0 1
1259	1	0.0	1	0 1
1264	1	0.0	1	0 1
1266	1	0.0	1	0 1
1270	1	0.0	1	0 1
1271	1	0.0	1	0 1
1276	1	0.0	1	0 1
1294	1	0.0	1	0 1
1299	1	0.0	1	0 1
1302	1	0.0	1	0 1
1306	1	0.0	1	0 1
1309	1	0.0	1	0 1
1319	1	0.0	1	0 1
1320	1	0.0	1	0 1
1323	2	0.0	1	0 2
1325	1	0.0	1	0 1
1330	1	0.0	1	0 1
1332	1	0.0	1	0 1
1335	2	0.0	1	0 2
1346	1	0.0	1	0 1
1352	1	0.0	1	0 1
1363	1	0.0	1	0 1
1366	1	0.0	1	0 1
1373	1	0.0	1	0 1
1374	1	0.0	1	0 1
1379	1	0.0	1	0 1
1381	2	0.0	1	0 2
1391	1	0.0	1	0 1
1392	1	0.0	1	0 1
1397	1	0.0	1	0 1
1407	1	0.0	1	0 1
1426	1	0.0	1	0 1
1427	1	0.0	1	0 1
1430	1	0.0	1	0 1
1439	1	0.0	1	0 1
1445	1	0.0	1	0 1
1447	1	0.0	1	0 1
1453	1	0.0	1	0 1
1454	1	0.0	1	0 1
1457	2	0.0	1	0 2
1464	1	0.0	1	0 1
1466	1	0.0	1	0 1
1477	1	0.0	1	0 1
1481	1	0.0	1	0 1
1483	1	0.0	1	0 1
1489	1	0.0	1	0 1
1506	1	0.0	1	0 1
1520	1	0.0	1	0 1
1529	1	0.0	1	0 1
1540	1	0.0	1	0 1
1546	1	0.0	1	0 1
1563	1	0.0	1	0 1
1569	1	0.0	1	0 1
1586	1	0.0	1	0 1
1610	1	0.0	1	0 1
1625	1	0.0	1	0 1
1630	1	0.0	1	0 1
1633	1	0.0	1	0 1
1640	1	0.0	1	0 1
1645	1	0.0	1	0 1
1647	1	0.0	1	0 1
1720	1	0.0	1	0 1
1725	1	0.0	1	0 1
1727	1	0.0	1	0 1
1728	1	0.0	1	0 1
1740	1	0.0	1	0 1
1746	1	0.0	1	0 1
1747	1	0.0	1	0 1
1752	2	0.0	1	0 2
1760	1	0.0	1	1
1761	1	0.0	1	1
1764	1	0.0	1	0 1
1771	1	0.0	1	0 1
1773	1	0.0	1	0 1
1784	1	0.0	1	0 1
1788	1	0.0	1	0 1
1795	1	0.0	1	0 1
1812	1	0.0	1	0 1
1854	1	0.0	1	0 1
1864	1	0.0	1	0 1
1865	1	0.0	1	0 1
1869	1	0.0	1	0 1
1911	1	0.0	1	0 1
1922	1	0.0	1	1
1926	1	0.0	1	0 1
1930	1	0.0	1	1
1951	1	0.0	1	0 1
1963	1	0.0	1	0 1
1966	1	0.0	1	0 1
1973	1	0.0	1	0 1
1982	1	0.0	1	0 1
2007	1	0.0	1	0 1
2023	1	0.0	1	0 1
2037	1	0.0	1	0 1
2066	1	0.0	1	0 1
2088	1	0.0	1	0 1
2134	1	0.0	1	0 1
2139	1	0.0	1	0 1
2155	1	0.0	1	0 1
2163	1	0.0	1	0 1
2164	1	0.0	1	0 1
2168	1	0.0	1	0 1
2174	1	0.0	1	0 1
2203	1	0.0	1	0 1
2213	1	0.0	1	0 1
2251	1	0.0	1	0 1
2276	1	0.0	1	0 1
2301	1	0.0	1	0 1
2328	1	0.0	1	0 1
2367	1	0.0	1	0 1
2375	1	0.0	1	0 1
2403	1	0.0	1	0 1
2414	1	0.0	1	0 1
2440	1	0.0	1	0 1
2457	1	0.0	1	0 1
2495	1	0.0	1	0 1
2503	1	0.0	1	0 1
2528	1	0.0	1	0 1
2620	1	0.0	1	0 1
2687	1	0.0	1	0 1
2727	1	0.0	1	0 1
2770	1	0.0	1	0 1
2779	1	0.0	1	0 1
2793	1	0.0	1	0 1
2809	1	0.0	1	0 1
2810	1	0.0	1	0 1
2819	1	0.0	1	0 1
2822	1	0.0	1	0 1
2823	1	0.0	1	0 1
3012	1	0.0	1	1
3137	1	0.0	1	0 1
3156	1	0.0	1	0 1
3173	1	0.0	1	0 1
3185	1	0.0	1	0 1
3186	1	0.0	1	0 1
3241	1	0.0	1	0 1
3249	1	0.0	1	0 1
3323	1	0.0	1	0 1
3407	1	0.0	1	0 1
3412	1	0.0	1	0 1
3415	1	0.0	1	0 1
3441	1	0.0	1	0 1
3471	1	0.0	1	0 1
3475	1	0.0	1	0 1
3481	1	0.0	1	0 1
3487	1	0.0	1	0 1
3507	1	0.0	1	0 1
3595	1	0.0	1	0 1
3685	1	0.0	1	0 1
3692	1	0.0	1	0 1
3748	1	0.0	1	0 1
3773	1	0.0	1	0 1
3834	1	0.0	1	0 1
3844	1	0.0	1	1
3878	1	0.0	1	0 1
3952	1	0.0	1	0 1
4048	1	0.0	1	0 1
4124	1	0.0	1	0 1
4220	1	0.0	1	0 1
4633	1	0.0	1	0 1
4667	1	0.0	1	0 1
4693	1	0.0	1	0 1
4817	1	0.0	1	0 1
4880	1	0.0	1	0 1
4954	1	0.0	1	0 1
5674	1	0.0	1	0 1


=== Adapter P2bis ===

Sequence: AAAAAGTTGCATGGTGCTGG; Type: regular 3'; Length: 20; Trimmed: 848 times

Minimum overlap: 3
No. of allowed errors:
1-9 bp: 0; 10-19 bp: 1; 20 bp: 2

Bases preceding removed adapters:
  A: 0.4%
  C: 0.9%
  G: 32.7%
  T: 3.7%
  none/other: 62.4%

Overview of removed sequences
length	count	expect	max.err	error counts
3	76	236.9	0	76
4	5	59.2	0	5
5	23	14.8	0	23
6	3	3.7	0	3
7	6	0.9	0	6
8	4	0.2	0	4
10	4	0.0	1	2 2
12	15	0.0	1	10 5
13	1	0.0	1	1
14	3	0.0	1	0 3
15	2	0.0	1	0 2
17	1	0.0	1	0 1
18	1	0.0	1	1
30	1	0.0	2	1
34	3	0.0	2	0 1 2
41	4	0.0	2	0 3 1
48	1	0.0	2	0 0 1
49	5	0.0	2	0 3 2
56	2	0.0	2	0 1 1
69	1	0.0	2	0 0 1
77	1	0.0	2	0 0 1
78	1	0.0	2	0 1
89	1	0.0	2	0 0 1
90	1	0.0	2	0 0 1
95	2	0.0	2	0 1 1
96	1	0.0	2	0 1
97	1	0.0	2	0 1
101	2	0.0	2	1 0 1
109	1	0.0	2	1
110	1	0.0	2	0 0 1
114	1	0.0	2	0 0 1
117	1	0.0	2	0 0 1
122	1	0.0	2	0 1
125	1	0.0	2	0 1
126	1	0.0	2	0 0 1
127	1	0.0	2	0 1
128	2	0.0	2	0 0 2
129	5	0.0	2	0 4 1
130	2	0.0	2	0 1 1
136	3	0.0	2	0 0 3
137	1	0.0	2	0 1
140	1	0.0	2	0 0 1
143	1	0.0	2	0 1
145	1	0.0	2	0 0 1
148	1	0.0	2	0 0 1
149	3	0.0	2	0 2 1
150	5	0.0	2	0 5
151	1	0.0	2	0 1
154	1	0.0	2	0 0 1
157	1	0.0	2	0 0 1
158	2	0.0	2	0 0 2
160	1	0.0	2	0 0 1
164	2	0.0	2	1 1
165	1	0.0	2	0 1
166	1	0.0	2	0 1
168	3	0.0	2	0 1 2
173	2	0.0	2	0 0 2
174	3	0.0	2	0 2 1
176	1	0.0	2	0 0 1
177	1	0.0	2	0 0 1
178	2	0.0	2	0 0 2
179	2	0.0	2	0 2
180	2	0.0	2	0 2
181	1	0.0	2	0 1
184	1	0.0	2	0 1
185	2	0.0	2	1 0 1
188	2	0.0	2	0 1 1
189	1	0.0	2	0 1
191	1	0.0	2	0 0 1
192	1	0.0	2	0 0 1
194	6	0.0	2	1 2 3
199	5	0.0	2	0 3 2
201	7	0.0	2	1 2 4
202	5	0.0	2	0 2 3
203	29	0.0	2	2 12 15
204	2	0.0	2	0 1 1
206	1	0.0	2	0 0 1
207	1	0.0	2	0 1
208	2	0.0	2	0 1 1
210	1	0.0	2	0 0 1
214	1	0.0	2	0 0 1
217	1	0.0	2	0 0 1
218	1	0.0	2	0 0 1
220	1	0.0	2	0 1
233	1	0.0	2	0 0 1
234	2	0.0	2	2
235	2	0.0	2	1 1
236	1	0.0	2	1
238	3	0.0	2	0 3
239	2	0.0	2	1 1
240	3	0.0	2	1 1 1
241	1	0.0	2	0 0 1
242	1	0.0	2	0 1
244	1	0.0	2	0 0 1
251	2	0.0	2	0 1 1
253	1	0.0	2	0 0 1
254	1	0.0	2	0 0 1
257	1	0.0	2	0 0 1
261	2	0.0	2	0 0 2
262	1	0.0	2	0 0 1
264	1	0.0	2	0 0 1
265	2	0.0	2	0 1 1
266	1	0.0	2	0 0 1
269	1	0.0	2	0 1
270	1	0.0	2	1
271	1	0.0	2	0 1
273	1	0.0	2	0 0 1
275	1	0.0	2	1
276	3	0.0	2	0 0 3
279	1	0.0	2	0 0 1
282	1	0.0	2	0 0 1
285	2	0.0	2	0 0 2
286	2	0.0	2	0 0 2
288	1	0.0	2	0 0 1
289	2	0.0	2	1 1
290	1	0.0	2	0 1
294	1	0.0	2	0 1
298	2	0.0	2	0 1 1
300	4	0.0	2	0 4
301	3	0.0	2	0 3
302	2	0.0	2	1 0 1
303	4	0.0	2	0 1 3
304	8	0.0	2	0 6 2
305	21	0.0	2	0 13 8
306	5	0.0	2	0 4 1
307	3	0.0	2	1 1 1
308	3	0.0	2	0 1 2
309	2	0.0	2	0 1 1
311	1	0.0	2	0 1
312	1	0.0	2	0 1
314	2	0.0	2	0 2
318	1	0.0	2	1
322	1	0.0	2	0 0 1
323	1	0.0	2	0 0 1
324	2	0.0	2	1 0 1
326	1	0.0	2	1
327	1	0.0	2	0 0 1
328	1	0.0	2	0 0 1
331	1	0.0	2	0 0 1
332	1	0.0	2	0 0 1
336	1	0.0	2	0 0 1
339	1	0.0	2	0 1
348	1	0.0	2	0 0 1
351	1	0.0	2	0 1
352	1	0.0	2	0 0 1
360	1	0.0	2	0 0 1
366	1	0.0	2	1
371	1	0.0	2	0 0 1
374	1	0.0	2	0 0 1
378	1	0.0	2	1
379	1	0.0	2	1
380	1	0.0	2	0 0 1
382	1	0.0	2	0 0 1
386	1	0.0	2	0 0 1
387	1	0.0	2	0 0 1
392	1	0.0	2	0 0 1
404	1	0.0	2	1
407	2	0.0	2	0 0 2
408	1	0.0	2	0 1
410	1	0.0	2	0 0 1
418	1	0.0	2	0 0 1
429	1	0.0	2	0 1
432	1	0.0	2	0 1
436	1	0.0	2	1
439	1	0.0	2	0 0 1
441	2	0.0	2	0 1 1
445	1	0.0	2	0 0 1
446	1	0.0	2	0 0 1
454	1	0.0	2	0 0 1
457	1	0.0	2	0 1
459	1	0.0	2	0 1
468	1	0.0	2	0 0 1
474	1	0.0	2	0 1
475	1	0.0	2	0 0 1
476	1	0.0	2	0 0 1
478	1	0.0	2	0 1
486	1	0.0	2	1
490	1	0.0	2	0 0 1
493	1	0.0	2	0 0 1
494	1	0.0	2	0 0 1
500	1	0.0	2	0 0 1
503	1	0.0	2	1
504	1	0.0	2	0 0 1
506	1	0.0	2	0 0 1
510	1	0.0	2	1
521	1	0.0	2	0 1
522	1	0.0	2	0 1
523	1	0.0	2	0 0 1
524	1	0.0	2	0 1
534	1	0.0	2	0 1
552	1	0.0	2	0 1
554	1	0.0	2	0 0 1
561	1	0.0	2	0 0 1
573	1	0.0	2	0 0 1
577	1	0.0	2	0 1
581	1	0.0	2	0 0 1
582	1	0.0	2	0 1
586	1	0.0	2	0 0 1
591	1	0.0	2	0 1
597	1	0.0	2	0 0 1
600	1	0.0	2	1
601	2	0.0	2	1 1
602	1	0.0	2	0 1
609	1	0.0	2	1
610	1	0.0	2	0 0 1
612	1	0.0	2	0 1
614	1	0.0	2	1
618	1	0.0	2	1
626	2	0.0	2	0 2
630	1	0.0	2	0 0 1
634	1	0.0	2	1
637	1	0.0	2	0 0 1
639	1	0.0	2	0 0 1
644	1	0.0	2	0 0 1
645	1	0.0	2	0 1
651	1	0.0	2	1
653	1	0.0	2	0 0 1
654	1	0.0	2	0 0 1
656	1	0.0	2	0 0 1
657	1	0.0	2	0 1
663	1	0.0	2	0 1
666	1	0.0	2	0 0 1
667	1	0.0	2	0 1
669	1	0.0	2	0 1
674	1	0.0	2	0 0 1
681	1	0.0	2	0 1
687	1	0.0	2	0 0 1
707	1	0.0	2	0 1
712	1	0.0	2	0 0 1
721	1	0.0	2	0 0 1
724	1	0.0	2	0 0 1
736	1	0.0	2	1
745	1	0.0	2	0 1
755	1	0.0	2	0 0 1
756	1	0.0	2	0 0 1
759	1	0.0	2	0 1
762	1	0.0	2	0 1
765	1	0.0	2	1
772	2	0.0	2	0 2
784	1	0.0	2	0 1
787	1	0.0	2	1
808	1	0.0	2	0 1
810	1	0.0	2	0 0 1
820	1	0.0	2	0 0 1
825	2	0.0	2	0 0 2
828	1	0.0	2	0 0 1
835	1	0.0	2	0 1
845	1	0.0	2	1
860	1	0.0	2	1
862	1	0.0	2	0 0 1
877	1	0.0	2	0 1
880	1	0.0	2	0 0 1
887	1	0.0	2	1
913	1	0.0	2	0 0 1
920	1	0.0	2	0 1
921	1	0.0	2	0 1
926	1	0.0	2	0 0 1
929	1	0.0	2	0 0 1
934	1	0.0	2	0 0 1
935	1	0.0	2	1
939	1	0.0	2	0 0 1
947	1	0.0	2	0 1
948	1	0.0	2	1
949	1	0.0	2	0 1
951	1	0.0	2	1
958	1	0.0	2	0 0 1
963	1	0.0	2	0 0 1
974	1	0.0	2	0 1
979	1	0.0	2	0 1
985	1	0.0	2	0 0 1
993	2	0.0	2	0 0 2
995	1	0.0	2	0 0 1
1005	1	0.0	2	0 0 1
1009	2	0.0	2	0 1 1
1011	1	0.0	2	0 0 1
1014	1	0.0	2	0 1
1025	1	0.0	2	0 1
1027	1	0.0	2	0 1
1035	1	0.0	2	1
1038	1	0.0	2	0 0 1
1070	1	0.0	2	1
1079	1	0.0	2	0 0 1
1094	1	0.0	2	1
1105	1	0.0	2	0 1
1109	1	0.0	2	0 0 1
1117	1	0.0	2	0 1
1120	1	0.0	2	0 0 1
1125	1	0.0	2	0 0 1
1128	1	0.0	2	0 0 1
1129	1	0.0	2	0 1
1137	1	0.0	2	0 0 1
1138	1	0.0	2	1
1139	1	0.0	2	1
1141	2	0.0	2	0 0 2
1151	1	0.0	2	0 0 1
1152	1	0.0	2	0 0 1
1153	2	0.0	2	0 1 1
1155	2	0.0	2	2
1156	2	0.0	2	0 1 1
1157	1	0.0	2	0 1
1158	1	0.0	2	0 0 1
1159	1	0.0	2	0 0 1
1160	1	0.0	2	0 1
1161	1	0.0	2	0 1
1162	2	0.0	2	0 1 1
1164	2	0.0	2	2
1167	1	0.0	2	0 1
1170	1	0.0	2	0 1
1173	1	0.0	2	0 0 1
1185	1	0.0	2	0 1
1186	1	0.0	2	0 0 1
1188	1	0.0	2	0 1
1200	1	0.0	2	1
1210	1	0.0	2	0 0 1
1211	1	0.0	2	0 1
1239	1	0.0	2	0 1
1273	1	0.0	2	0 0 1
1274	1	0.0	2	0 0 1
1289	1	0.0	2	0 1
1311	1	0.0	2	0 0 1
1343	1	0.0	2	0 0 1
1354	1	0.0	2	0 0 1
1355	1	0.0	2	0 0 1
1360	1	0.0	2	0 0 1
1364	1	0.0	2	0 1
1374	1	0.0	2	0 1
1378	1	0.0	2	0 0 1
1380	1	0.0	2	0 1
1387	1	0.0	2	1
1389	1	0.0	2	0 0 1
1402	1	0.0	2	0 1
1405	1	0.0	2	0 1
1429	1	0.0	2	0 0 1
1466	1	0.0	2	0 0 1
1506	1	0.0	2	0 0 1
1539	1	0.0	2	0 1
1603	1	0.0	2	0 0 1
1613	1	0.0	2	0 1
1624	1	0.0	2	1
1629	1	0.0	2	0 0 1
1643	1	0.0	2	0 1
1712	1	0.0	2	0 1
1758	1	0.0	2	0 0 1
1830	1	0.0	2	0 1
1843	1	0.0	2	1
1852	2	0.0	2	2
1854	1	0.0	2	0 1
1858	1	0.0	2	1
1892	1	0.0	2	0 0 1
1968	1	0.0	2	0 1
1970	1	0.0	2	0 0 1
1975	1	0.0	2	1
2019	1	0.0	2	0 0 1
2037	1	0.0	2	0 0 1
2141	1	0.0	2	0 1
2158	1	0.0	2	0 1
2191	1	0.0	2	1
2196	1	0.0	2	1
2250	1	0.0	2	0 1
2286	1	0.0	2	0 0 1
2290	1	0.0	2	0 0 1
2406	1	0.0	2	1
2413	1	0.0	2	0 0 1
2435	1	0.0	2	0 1
2476	1	0.0	2	0 1
2487	1	0.0	2	0 0 1
2502	1	0.0	2	1
2552	1	0.0	2	0 0 1
2590	1	0.0	2	0 0 1
2620	1	0.0	2	1
2683	1	0.0	2	1
2684	1	0.0	2	1
2706	1	0.0	2	0 0 1
2727	1	0.0	2	0 0 1
2764	1	0.0	2	0 1
2800	1	0.0	2	1
2805	1	0.0	2	0 0 1
2817	1	0.0	2	0 1
2820	1	0.0	2	0 0 1
2824	1	0.0	2	0 0 1
2826	1	0.0	2	0 0 1
2827	1	0.0	2	0 0 1
2828	1	0.0	2	0 0 1
2831	1	0.0	2	0 0 1
2832	3	0.0	2	0 0 3
2834	1	0.0	2	0 0 1
2835	1	0.0	2	0 0 1
2883	1	0.0	2	0 1
2939	1	0.0	2	0 0 1
2978	1	0.0	2	1
3004	1	0.0	2	0 0 1
3027	1	0.0	2	0 0 1
3052	1	0.0	2	1
3069	1	0.0	2	0 0 1
3096	1	0.0	2	1
3126	1	0.0	2	0 1
3136	1	0.0	2	0 0 1
3149	1	0.0	2	0 1
3155	1	0.0	2	1
3156	1	0.0	2	0 1
3160	1	0.0	2	0 1
3178	1	0.0	2	0 1
3180	3	0.0	2	1 1 1
3182	1	0.0	2	1
3183	1	0.0	2	0 1
3184	2	0.0	2	0 1 1
3185	1	0.0	2	0 1
3188	2	0.0	2	1 1
3190	2	0.0	2	1 1
3191	2	0.0	2	1 0 1
3193	1	0.0	2	0 1
3194	1	0.0	2	1
3195	6	0.0	2	1 5
3196	1	0.0	2	1
3197	4	0.0	2	3 1
3198	1	0.0	2	0 1
3199	2	0.0	2	1 1
3200	1	0.0	2	1
3201	5	0.0	2	1 4
3202	3	0.0	2	3
3203	2	0.0	2	0 2
3204	2	0.0	2	1 1
3205	3	0.0	2	0 2 1
3206	6	0.0	2	2 3 1
3207	1	0.0	2	1
3208	1	0.0	2	1
3209	3	0.0	2	3
3210	1	0.0	2	1
3211	4	0.0	2	0 4
3212	2	0.0	2	0 1 1
3213	1	0.0	2	0 1
3215	3	0.0	2	2 1
3216	4	0.0	2	2 2
3217	7	0.0	2	0 7
3218	3	0.0	2	0 2 1
3220	1	0.0	2	0 1
3221	2	0.0	2	2
3222	1	0.0	2	0 0 1
3223	1	0.0	2	0 1
3224	1	0.0	2	0 1
3227	1	0.0	2	0 1
3237	1	0.0	2	0 1
3249	1	0.0	2	0 0 1
3268	1	0.0	2	0 1
3282	1	0.0	2	0 0 1
3283	1	0.0	2	0 1
3285	1	0.0	2	0 1
3291	1	0.0	2	1
3295	1	0.0	2	0 1
3297	1	0.0	2	0 0 1
3355	1	0.0	2	0 1
3400	1	0.0	2	0 1
3401	1	0.0	2	0 1
3425	1	0.0	2	1
3433	1	0.0	2	0 1
3436	1	0.0	2	0 0 1
3485	1	0.0	2	1
3498	1	0.0	2	1
3527	1	0.0	2	0 1
3546	1	0.0	2	1
3547	1	0.0	2	1
3562	1	0.0	2	0 0 1
3609	1	0.0	2	0 0 1
3612	1	0.0	2	0 0 1
3636	1	0.0	2	1
3694	1	0.0	2	0 0 1
3700	1	0.0	2	0 0 1
3779	1	0.0	2	0 1
3795	1	0.0	2	0 1
3796	1	0.0	2	1
3801	1	0.0	2	0 1
3862	1	0.0	2	1
3875	1	0.0	2	0 1
3876	1	0.0	2	0 0 1
3884	1	0.0	2	0 1
3888	1	0.0	2	0 1
3892	1	0.0	2	1
3926	1	0.0	2	0 1
3952	1	0.0	2	1
3972	1	0.0	2	0 1
3993	1	0.0	2	1
4051	1	0.0	2	0 1
4090	1	0.0	2	0 1
4096	1	0.0	2	0 1
4109	1	0.0	2	0 1
4120	1	0.0	2	0 1
4148	1	0.0	2	0 1
4271	1	0.0	2	0 1
4474	1	0.0	2	1
4604	1	0.0	2	1
4629	1	0.0	2	1
4792	1	0.0	2	0 1
5064	1	0.0	2	0 1
5067	1	0.0	2	1
5073	1	0.0	2	0 1
5864	1	0.0	2	1
6118	1	0.0	2	1
6311	1	0.0	2	1
6367	1	0.0	2	1
6472	1	0.0	2	1


=== Adapter P0303 ===

Sequence: GCCTCCAAGCTGTGCCTT; Type: regular 3'; Length: 18; Trimmed: 4346 times

Minimum overlap: 3
No. of allowed errors:
1-9 bp: 0; 10-18 bp: 1

Bases preceding removed adapters:
  A: 99.0%
  C: 0.0%
  G: 0.4%
  T: 0.6%
  none/other: 0.0%
WARNING:
    The adapter is preceded by 'A' extremely often.
    The provided adapter sequence could be incomplete at its 5' end.
    Ignore this warning when trimming primers.

Overview of removed sequences
length	count	expect	max.err	error counts
3	14	236.9	0	14
4	21	59.2	0	21
5	2	14.8	0	2
10	1	0.0	1	1
18	2	0.0	1	2
19	2	0.0	1	2
29	1	0.0	1	1
35	1	0.0	1	1
60	1	0.0	1	1
71	2	0.0	1	2
81	1	0.0	1	1
135	1	0.0	1	1
145	1	0.0	1	1
150	1	0.0	1	1
184	1	0.0	1	1
193	1	0.0	1	1
194	1	0.0	1	1
222	1	0.0	1	1
245	3	0.0	1	3
246	3	0.0	1	3
248	1	0.0	1	1
257	1	0.0	1	1
290	1	0.0	1	1
303	1	0.0	1	1
309	1	0.0	1	1
310	1	0.0	1	1
313	1	0.0	1	1
396	1	0.0	1	1
421	1	0.0	1	0 1
426	1	0.0	1	1
429	1	0.0	1	1
450	1	0.0	1	1
454	1	0.0	1	1
470	1	0.0	1	1
492	1	0.0	1	1
493	2	0.0	1	2
498	1	0.0	1	1
504	1	0.0	1	1
511	1	0.0	1	1
521	1	0.0	1	1
541	1	0.0	1	1
551	1	0.0	1	1
572	1	0.0	1	1
578	1	0.0	1	1
600	1	0.0	1	1
611	1	0.0	1	1
618	1	0.0	1	1
620	2	0.0	1	2
621	1	0.0	1	1
695	1	0.0	1	1
717	2	0.0	1	2
721	1	0.0	1	1
722	1	0.0	1	1
723	1	0.0	1	1
724	2	0.0	1	2
728	1	0.0	1	1
768	2	0.0	1	2
770	1	0.0	1	1
771	1	0.0	1	1
774	1	0.0	1	1
806	1	0.0	1	1
835	1	0.0	1	1
842	1	0.0	1	0 1
846	2	0.0	1	2
850	1	0.0	1	1
851	1	0.0	1	1
872	1	0.0	1	1
922	1	0.0	1	1
941	1	0.0	1	1
959	1	0.0	1	1
968	1	0.0	1	1
970	1	0.0	1	1
972	1	0.0	1	1
973	1	0.0	1	1
975	1	0.0	1	1
990	1	0.0	1	1
991	1	0.0	1	1
1009	1	0.0	1	1
1030	2	0.0	1	2
1061	1	0.0	1	1
1071	1	0.0	1	1
1074	1	0.0	1	1
1076	1	0.0	1	1
1077	1	0.0	1	1
1081	1	0.0	1	0 1
1082	2	0.0	1	2
1085	1	0.0	1	1
1087	1	0.0	1	1
1115	1	0.0	1	1
1123	1	0.0	1	1
1140	1	0.0	1	1
1145	1	0.0	1	1
1151	1	0.0	1	1
1154	1	0.0	1	1
1165	1	0.0	1	0 1
1191	1	0.0	1	1
1198	1	0.0	1	1
1201	1	0.0	1	1
1203	1	0.0	1	1
1204	2	0.0	1	2
1205	2	0.0	1	2
1210	1	0.0	1	1
1254	1	0.0	1	1
1272	1	0.0	1	1
1307	1	0.0	1	1
1309	1	0.0	1	1
1310	1	0.0	1	1
1311	1	0.0	1	1
1317	1	0.0	1	1
1321	1	0.0	1	1
1341	1	0.0	1	1
1364	1	0.0	1	1
1377	1	0.0	1	1
1379	1	0.0	1	1
1407	1	0.0	1	1
1409	1	0.0	1	1
1411	1	0.0	1	1
1412	1	0.0	1	1
1432	1	0.0	1	1
1433	1	0.0	1	1
1445	1	0.0	1	1
1446	1	0.0	1	1
1455	1	0.0	1	1
1467	1	0.0	1	1
1522	1	0.0	1	1
1536	1	0.0	1	1
1541	1	0.0	1	1
1625	1	0.0	1	1
1627	2	0.0	1	2
1630	1	0.0	1	1
1638	1	0.0	1	1
1639	2	0.0	1	2
1645	1	0.0	1	1
1646	1	0.0	1	1
1647	1	0.0	1	1
1758	1	0.0	1	1
1827	1	0.0	1	1
1843	1	0.0	1	1
1850	1	0.0	1	1
1881	1	0.0	1	1
1895	1	0.0	1	1
1915	1	0.0	1	1
1921	1	0.0	1	1
1933	1	0.0	1	1
1934	1	0.0	1	1
1942	1	0.0	1	1
1971	1	0.0	1	1
1997	1	0.0	1	1
2017	1	0.0	1	1
2082	1	0.0	1	1
2084	1	0.0	1	1
2093	1	0.0	1	1
2105	1	0.0	1	1
2121	1	0.0	1	1
2142	1	0.0	1	1
2162	1	0.0	1	1
2167	1	0.0	1	1
2224	1	0.0	1	1
2229	1	0.0	1	1
2255	1	0.0	1	1
2260	1	0.0	1	1
2264	1	0.0	1	1
2291	1	0.0	1	1
2301	1	0.0	1	1
2314	1	0.0	1	1
2341	1	0.0	1	1
2360	1	0.0	1	1
2410	1	0.0	1	1
2482	1	0.0	1	1
2502	1	0.0	1	1
2507	1	0.0	1	1
2510	1	0.0	1	1
2526	1	0.0	1	1
2527	1	0.0	1	1
2528	1	0.0	1	1
2531	1	0.0	1	1
2533	1	0.0	1	1
2546	1	0.0	1	1
2557	1	0.0	1	1
2700	1	0.0	1	1
2735	1	0.0	1	1
2754	1	0.0	1	1
2763	1	0.0	1	1
2782	1	0.0	1	1
2788	1	0.0	1	1
2794	1	0.0	1	1
2812	2	0.0	1	2
2814	1	0.0	1	1
2828	2	0.0	1	2
2834	1	0.0	1	1
2837	1	0.0	1	1
2843	1	0.0	1	1
2844	1	0.0	1	1
2861	1	0.0	1	1
2863	1	0.0	1	1
2866	1	0.0	1	1
2869	1	0.0	1	1
2874	1	0.0	1	1
2875	1	0.0	1	1
2877	1	0.0	1	1
2878	1	0.0	1	1
2885	1	0.0	1	1
2887	1	0.0	1	1
2888	3	0.0	1	3
2889	2	0.0	1	2
2890	3	0.0	1	3
2892	1	0.0	1	1
2893	5	0.0	1	5
2894	1	0.0	1	1
2895	6	0.0	1	6
2896	4	0.0	1	4
2897	2	0.0	1	2
2898	2	0.0	1	2
2899	4	0.0	1	4
2900	1	0.0	1	1
2901	2	0.0	1	2
2903	1	0.0	1	1
2904	1	0.0	1	1
2905	2	0.0	1	2
2910	1	0.0	1	1
2914	1	0.0	1	1
2916	1	0.0	1	1
2917	1	0.0	1	1
2920	1	0.0	1	1
2926	1	0.0	1	1
2936	1	0.0	1	1
2941	1	0.0	1	1
2942	1	0.0	1	1
2947	1	0.0	1	1
2953	1	0.0	1	1
2959	1	0.0	1	1
2961	1	0.0	1	1
2967	1	0.0	1	1
2968	1	0.0	1	1
2970	1	0.0	1	1
2971	4	0.0	1	4
2973	2	0.0	1	2
2978	2	0.0	1	2
2981	2	0.0	1	2
2982	3	0.0	1	3
2983	1	0.0	1	1
2984	1	0.0	1	0 1
2985	1	0.0	1	1
2987	1	0.0	1	1
2988	1	0.0	1	1
2992	1	0.0	1	1
2994	1	0.0	1	1
2996	1	0.0	1	1
2997	1	0.0	1	1
2999	1	0.0	1	1
3006	2	0.0	1	1 1
3007	1	0.0	1	1
3008	1	0.0	1	1
3013	1	0.0	1	1
3028	1	0.0	1	1
3039	1	0.0	1	1
3048	1	0.0	1	1
3051	1	0.0	1	1
3058	1	0.0	1	1
3059	2	0.0	1	2
3064	2	0.0	1	2
3065	1	0.0	1	1
3067	1	0.0	1	1
3068	1	0.0	1	1
3077	1	0.0	1	1
3078	1	0.0	1	1
3080	1	0.0	1	1
3083	2	0.0	1	2
3084	1	0.0	1	1
3085	2	0.0	1	1 1
3086	2	0.0	1	2
3088	2	0.0	1	2
3089	2	0.0	1	2
3091	1	0.0	1	1
3092	1	0.0	1	1
3093	3	0.0	1	2 1
3094	1	0.0	1	1
3096	2	0.0	1	2
3097	1	0.0	1	0 1
3100	1	0.0	1	1
3101	1	0.0	1	1
3102	1	0.0	1	1
3103	2	0.0	1	2
3105	2	0.0	1	2
3106	2	0.0	1	2
3107	2	0.0	1	1 1
3108	6	0.0	1	5 1
3109	1	0.0	1	1
3110	5	0.0	1	5
3111	3	0.0	1	3
3112	4	0.0	1	4
3113	7	0.0	1	7
3114	3	0.0	1	3
3115	9	0.0	1	9
3116	9	0.0	1	9
3117	7	0.0	1	7
3118	13	0.0	1	13
3119	11	0.0	1	10 1
3120	9	0.0	1	9
3121	14	0.0	1	14
3122	20	0.0	1	18 2
3123	14	0.0	1	14
3124	11	0.0	1	11
3125	6	0.0	1	6
3126	12	0.0	1	12
3127	9	0.0	1	8 1
3128	2	0.0	1	2
3129	5	0.0	1	5
3130	2	0.0	1	2
3131	7	0.0	1	7
3132	7	0.0	1	6 1
3133	5	0.0	1	4 1
3134	3	0.0	1	2 1
3135	6	0.0	1	5 1
3136	4	0.0	1	4
3137	8	0.0	1	7 1
3138	6	0.0	1	6
3139	4	0.0	1	4
3140	9	0.0	1	8 1
3141	6	0.0	1	6
3142	4	0.0	1	4
3143	7	0.0	1	6 1
3144	12	0.0	1	11 1
3145	12	0.0	1	11 1
3146	10	0.0	1	10
3147	8	0.0	1	8
3148	15	0.0	1	12 3
3149	9	0.0	1	9
3150	21	0.0	1	21
3151	15	0.0	1	15
3152	9	0.0	1	9
3153	21	0.0	1	19 2
3154	26	0.0	1	24 2
3155	21	0.0	1	19 2
3156	40	0.0	1	39 1
3157	44	0.0	1	43 1
3158	39	0.0	1	39
3159	32	0.0	1	32
3160	45	0.0	1	43 2
3161	47	0.0	1	46 1
3162	60	0.0	1	58 2
3163	70	0.0	1	68 2
3164	85	0.0	1	83 2
3165	102	0.0	1	100 2
3166	112	0.0	1	112
3167	126	0.0	1	124 2
3168	154	0.0	1	149 5
3169	165	0.0	1	163 2
3170	195	0.0	1	192 3
3171	248	0.0	1	245 3
3172	242	0.0	1	239 3
3173	212	0.0	1	209 3
3174	253	0.0	1	252 1
3175	225	0.0	1	224 1
3176	178	0.0	1	175 3
3177	148	0.0	1	147 1
3178	94	0.0	1	93 1
3179	70	0.0	1	68 2
3180	68	0.0	1	67 1
3181	33	0.0	1	30 3
3182	26	0.0	1	25 1
3183	15	0.0	1	15
3184	14	0.0	1	14
3185	9	0.0	1	9
3186	6	0.0	1	6
3187	6	0.0	1	6
3188	6	0.0	1	6
3189	3	0.0	1	3
3190	1	0.0	1	1
3191	3	0.0	1	3
3192	2	0.0	1	2
3193	1	0.0	1	1
3195	1	0.0	1	1
3196	4	0.0	1	3 1
3197	1	0.0	1	1
3198	1	0.0	1	1
3199	2	0.0	1	2
3200	2	0.0	1	2
3201	7	0.0	1	7
3202	4	0.0	1	4
3203	1	0.0	1	1
3204	5	0.0	1	4 1
3205	1	0.0	1	1
3206	3	0.0	1	3
3207	8	0.0	1	8
3208	1	0.0	1	1
3209	1	0.0	1	1
3210	3	0.0	1	3
3211	3	0.0	1	3
3212	1	0.0	1	1
3213	1	0.0	1	1
3214	1	0.0	1	1
3216	2	0.0	1	2
3218	1	0.0	1	1
3219	1	0.0	1	1
3225	1	0.0	1	1
3236	1	0.0	1	1
3237	2	0.0	1	2
3239	1	0.0	1	1
3242	1	0.0	1	1
3244	2	0.0	1	2
3258	1	0.0	1	1
3264	1	0.0	1	1
3271	1	0.0	1	1
3272	2	0.0	1	2
3274	1	0.0	1	1
3275	1	0.0	1	1
3276	1	0.0	1	1
3277	2	0.0	1	2
3278	1	0.0	1	1
3282	1	0.0	1	1
3287	1	0.0	1	1
3290	1	0.0	1	1
3293	1	0.0	1	1
3295	1	0.0	1	1
3297	1	0.0	1	1
3298	1	0.0	1	1
3300	1	0.0	1	1
3305	1	0.0	1	1
3306	1	0.0	1	1
3308	1	0.0	1	1
3314	1	0.0	1	1
3316	1	0.0	1	1
3317	2	0.0	1	2
3323	1	0.0	1	1
3325	2	0.0	1	2
3326	1	0.0	1	1
3337	2	0.0	1	2
3345	1	0.0	1	1
3346	1	0.0	1	1
3352	1	0.0	1	1
3353	1	0.0	1	1
3354	2	0.0	1	2
3359	1	0.0	1	1
3360	1	0.0	1	1
3363	1	0.0	1	0 1
3365	2	0.0	1	2
3367	2	0.0	1	2
3373	1	0.0	1	1
3374	1	0.0	1	1
3387	2	0.0	1	2
3392	3	0.0	1	3
3414	1	0.0	1	1
3415	1	0.0	1	1
3417	1	0.0	1	1
3418	1	0.0	1	1
3420	1	0.0	1	1
3421	2	0.0	1	2
3422	1	0.0	1	1
3424	1	0.0	1	1
3431	1	0.0	1	1
3432	1	0.0	1	1
3437	1	0.0	1	1
3446	1	0.0	1	1
3448	2	0.0	1	2
3449	1	0.0	1	1
3453	1	0.0	1	1
3460	1	0.0	1	1
3464	1	0.0	1	1
3466	1	0.0	1	1
3479	1	0.0	1	1
3482	1	0.0	1	1
3488	1	0.0	1	1
3489	1	0.0	1	1
3490	1	0.0	1	1
3495	1	0.0	1	1
3496	1	0.0	1	1
3500	1	0.0	1	1
3502	1	0.0	1	1
3504	1	0.0	1	1
3505	1	0.0	1	1
3514	1	0.0	1	1
3515	2	0.0	1	2
3518	2	0.0	1	2
3520	1	0.0	1	1
3537	1	0.0	1	1
3539	1	0.0	1	1
3543	1	0.0	1	1
3549	1	0.0	1	1
3556	1	0.0	1	1
3563	1	0.0	1	1
3573	1	0.0	1	1
3579	1	0.0	1	1
3588	1	0.0	1	1
3593	1	0.0	1	1
3597	1	0.0	1	1
3605	1	0.0	1	1
3615	1	0.0	1	1
3616	2	0.0	1	2
3619	1	0.0	1	1
3621	1	0.0	1	1
3629	2	0.0	1	2
3644	1	0.0	1	1
3653	1	0.0	1	1
3673	1	0.0	1	1
3675	1	0.0	1	1
3682	1	0.0	1	1
3683	1	0.0	1	1
3691	1	0.0	1	1
3693	2	0.0	1	2
3706	1	0.0	1	1
3740	1	0.0	1	1
3747	1	0.0	1	1
3749	1	0.0	1	1
3750	1	0.0	1	1
3758	1	0.0	1	1
3768	1	0.0	1	1
3793	1	0.0	1	1
3803	1	0.0	1	1
3811	1	0.0	1	1
3821	1	0.0	1	0 1
3838	1	0.0	1	1
3839	1	0.0	1	1
3843	1	0.0	1	1
3850	1	0.0	1	1
3865	1	0.0	1	1
3868	1	0.0	1	1
3872	1	0.0	1	1
3881	1	0.0	1	1
3884	1	0.0	1	1
3891	1	0.0	1	1
3912	1	0.0	1	1
3914	1	0.0	1	1
3917	1	0.0	1	1
3919	1	0.0	1	1
3928	1	0.0	1	1
3938	1	0.0	1	1
3955	1	0.0	1	1
3965	1	0.0	1	1
3972	1	0.0	1	1
3988	1	0.0	1	1
3991	1	0.0	1	1
4013	1	0.0	1	1
4020	1	0.0	1	1
4062	1	0.0	1	1
4066	1	0.0	1	1
4119	1	0.0	1	1
4133	1	0.0	1	1
4143	1	0.0	1	1
4168	1	0.0	1	1
4177	1	0.0	1	1
4200	1	0.0	1	1
4211	1	0.0	1	1
4215	1	0.0	1	1
4224	1	0.0	1	1
4236	1	0.0	1	1
4253	1	0.0	1	1
4260	1	0.0	1	1
4310	2	0.0	1	2
4314	1	0.0	1	1
4324	1	0.0	1	1
4370	1	0.0	1	1
4378	1	0.0	1	1
4391	1	0.0	1	1
4404	1	0.0	1	1
4409	1	0.0	1	1
4416	1	0.0	1	1
4425	1	0.0	1	1
4481	1	0.0	1	1
4610	1	0.0	1	1
4637	1	0.0	1	1
4649	1	0.0	1	1
4718	1	0.0	1	1
4727	1	0.0	1	1
4790	1	0.0	1	1
4805	1	0.0	1	1
4830	1	0.0	1	1
5075	1	0.0	1	1
5152	1	0.0	1	1
5158	1	0.0	1	1
5203	1	0.0	1	1
5283	1	0.0	1	1
5367	1	0.0	1	1
5379	1	0.0	1	1
5609	1	0.0	1	1
5692	1	0.0	1	1
5708	1	0.0	1	1
5805	1	0.0	1	1
5865	1	0.0	1	1
5975	1	0.0	1	1
5977	1	0.0	1	1
6043	1	0.0	1	1
6074	1	0.0	1	1
6107	1	0.0	1	1
6154	1	0.0	1	1
6201	1	0.0	1	1
6282	1	0.0	1	1
6288	1	0.0	1	1
6320	1	0.0	1	1
6332	1	0.0	1	1
6337	1	0.0	1	1
6354	1	0.0	1	1
6358	1	0.0	1	1
6360	1	0.0	1	1
6361	1	0.0	1	1
6362	2	0.0	1	2
6363	1	0.0	1	1
6364	1	0.0	1	1
6370	2	0.0	1	2
6372	1	0.0	1	1
6374	1	0.0	1	1
6377	1	0.0	1	1
6378	2	0.0	1	2
6380	4	0.0	1	4
6382	2	0.0	1	2
6383	1	0.0	1	1
6384	2	0.0	1	2
6385	2	0.0	1	2
6386	2	0.0	1	2
6387	4	0.0	1	4
6388	2	0.0	1	2
6389	3	0.0	1	3
6390	5	0.0	1	5
6391	2	0.0	1	2
6392	2	0.0	1	2
6393	1	0.0	1	1
6394	1	0.0	1	1
6395	2	0.0	1	2
6396	1	0.0	1	1
6397	1	0.0	1	1
6448	1	0.0	1	1
6452	1	0.0	1	1
6456	1	0.0	1	1
6503	1	0.0	1	1
6518	1	0.0	1	1
6539	1	0.0	1	1
6589	1	0.0	1	1
6615	1	0.0	1	1
6639	1	0.0	1	1
6650	1	0.0	1	1
6725	1	0.0	1	1
6789	1	0.0	1	1
7278	1	0.0	1	1
7675	1	0.0	1	1
8285	1	0.0	1	1
8461	1	0.0	1	1
9537	1	0.0	1	1
10111	1	0.0	1	1


=== Adapter P1103 ===

Sequence: GCCTACAGCCTCCTARTACAA; Type: regular 3'; Length: 21; Trimmed: 5842 times

Minimum overlap: 3
No. of allowed errors:
1-9 bp: 0; 10-19 bp: 1; 20-21 bp: 2

Bases preceding removed adapters:
  A: 0.1%
  C: 0.1%
  G: 0.0%
  T: 99.8%
  none/other: 0.0%
WARNING:
    The adapter is preceded by 'T' extremely often.
    The provided adapter sequence could be incomplete at its 5' end.
    Ignore this warning when trimming primers.

Overview of removed sequences
length	count	expect	max.err	error counts
7	6	0.9	0	6
8	2	0.2	0	2
63	1	0.0	2	1
70	8	0.0	2	8
71	16	0.0	2	15 1
72	57	0.0	2	55 1 1
73	4	0.0	2	4
89	1	0.0	2	1
95	2	0.0	2	2
96	1	0.0	2	1
97	9	0.0	2	9
98	1	0.0	2	1
104	2	0.0	2	2
105	3	0.0	2	3
108	1	0.0	2	1
139	1	0.0	2	1
140	1	0.0	2	1
141	1	0.0	2	1
143	3	0.0	2	3
144	9	0.0	2	9
145	16	0.0	2	15 0 1
146	5	0.0	2	3 1 1
147	1	0.0	2	1
149	2	0.0	2	2
154	1	0.0	2	1
157	1	0.0	2	1
158	5	0.0	2	5
159	3	0.0	2	3
160	1	0.0	2	1
161	1	0.0	2	1
168	1	0.0	2	1
182	1	0.0	2	1
186	1	0.0	2	1
189	2	0.0	2	1 1
190	3	0.0	2	2 1
192	2	0.0	2	2
193	3	0.0	2	3
194	3	0.0	2	3
195	4	0.0	2	4
196	10	0.0	2	10
197	17	0.0	2	17
198	20	0.0	2	19 0 1
199	73	0.0	2	71 2
200	18	0.0	2	18
201	5	0.0	2	5
202	6	0.0	2	6
203	3	0.0	2	3
204	1	0.0	2	1
206	2	0.0	2	2
207	2	0.0	2	2
208	3	0.0	2	3
209	1	0.0	2	1
210	3	0.0	2	3
212	1	0.0	2	1
213	1	0.0	2	1
214	3	0.0	2	3
216	1	0.0	2	0 1
217	1	0.0	2	1
218	2	0.0	2	2
219	3	0.0	2	3
220	2	0.0	2	2
221	2	0.0	2	2
222	1	0.0	2	1
223	2	0.0	2	2
225	9	0.0	2	9
226	7	0.0	2	7
227	2	0.0	2	2
228	4	0.0	2	4
230	4	0.0	2	3 1
231	2	0.0	2	2
232	3	0.0	2	3
233	7	0.0	2	6 1
234	2	0.0	2	2
235	1	0.0	2	1
236	3	0.0	2	3
237	2	0.0	2	2
238	6	0.0	2	6
239	10	0.0	2	10
240	15	0.0	2	14 1
241	8	0.0	2	8
242	3	0.0	2	3
243	6	0.0	2	6
244	3	0.0	2	3
245	2	0.0	2	2
246	3	0.0	2	3
247	2	0.0	2	2
248	3	0.0	2	2 1
249	2	0.0	2	2
250	2	0.0	2	2
251	2	0.0	2	2
252	5	0.0	2	5
254	5	0.0	2	4 1
255	2	0.0	2	2
256	3	0.0	2	3
257	7	0.0	2	7
258	3	0.0	2	3
259	3	0.0	2	3
260	3	0.0	2	3
261	1	0.0	2	1
262	1	0.0	2	1
263	3	0.0	2	3
264	1	0.0	2	1
265	4	0.0	2	3 1
266	2	0.0	2	2
267	1	0.0	2	1
268	1	0.0	2	1
269	3	0.0	2	3
270	1	0.0	2	1
271	2	0.0	2	2
272	2	0.0	2	2
273	4	0.0	2	4
274	3	0.0	2	1 2
275	5	0.0	2	5
277	3	0.0	2	3
278	4	0.0	2	4
280	2	0.0	2	2
281	1	0.0	2	1
282	2	0.0	2	2
283	8	0.0	2	8
284	1	0.0	2	1
287	2	0.0	2	2
289	3	0.0	2	3
290	3	0.0	2	3
293	3	0.0	2	3
295	1	0.0	2	1
296	3	0.0	2	3
297	1	0.0	2	1
298	1	0.0	2	1
300	1	0.0	2	1
303	2	0.0	2	2
304	5	0.0	2	5
305	1	0.0	2	1
306	1	0.0	2	1
307	1	0.0	2	1
308	2	0.0	2	2
310	2	0.0	2	2
311	2	0.0	2	2
312	2	0.0	2	2
313	2	0.0	2	2
314	1	0.0	2	1
315	3	0.0	2	2 0 1
316	1	0.0	2	1
317	2	0.0	2	1 1
319	2	0.0	2	2
321	2	0.0	2	2
322	3	0.0	2	3
323	6	0.0	2	6
324	3	0.0	2	3
325	1	0.0	2	1
326	2	0.0	2	2
328	3	0.0	2	3
330	1	0.0	2	1
331	4	0.0	2	4
332	2	0.0	2	2
333	2	0.0	2	2
336	1	0.0	2	1
337	5	0.0	2	5
338	1	0.0	2	1
339	3	0.0	2	3
340	2	0.0	2	2
341	5	0.0	2	5
342	2	0.0	2	2
343	3	0.0	2	3
344	5	0.0	2	4 1
346	2	0.0	2	2
347	2	0.0	2	2
348	2	0.0	2	1 1
349	1	0.0	2	1
350	2	0.0	2	2
351	2	0.0	2	2
352	3	0.0	2	3
353	2	0.0	2	2
354	1	0.0	2	1
358	1	0.0	2	1
359	1	0.0	2	1
360	3	0.0	2	3
361	2	0.0	2	2
362	4	0.0	2	4
363	3	0.0	2	3
364	2	0.0	2	0 2
366	3	0.0	2	3
367	1	0.0	2	1
368	3	0.0	2	3
369	2	0.0	2	1 1
370	2	0.0	2	2
373	2	0.0	2	2
374	2	0.0	2	2
375	1	0.0	2	1
376	3	0.0	2	3
377	1	0.0	2	1
378	1	0.0	2	1
380	2	0.0	2	2
383	1	0.0	2	1
385	1	0.0	2	1
386	3	0.0	2	3
387	2	0.0	2	2
388	2	0.0	2	2
389	2	0.0	2	2
391	1	0.0	2	1
392	3	0.0	2	3
393	4	0.0	2	4
395	2	0.0	2	2
396	2	0.0	2	1 1
397	3	0.0	2	3
398	2	0.0	2	2
399	2	0.0	2	2
401	2	0.0	2	2
403	1	0.0	2	1
404	4	0.0	2	4
405	1	0.0	2	1
406	3	0.0	2	3
407	4	0.0	2	4
409	2	0.0	2	2
410	1	0.0	2	1
411	3	0.0	2	3
416	2	0.0	2	2
418	1	0.0	2	1
420	1	0.0	2	1
421	4	0.0	2	4
422	1	0.0	2	1
423	2	0.0	2	2
425	2	0.0	2	2
426	2	0.0	2	2
427	1	0.0	2	1
428	1	0.0	2	1
429	4	0.0	2	4
430	6	0.0	2	5 1
431	1	0.0	2	1
432	1	0.0	2	1
434	2	0.0	2	2
435	1	0.0	2	1
436	1	0.0	2	1
437	2	0.0	2	2
438	3	0.0	2	3
441	1	0.0	2	1
442	1	0.0	2	1
443	1	0.0	2	1
444	1	0.0	2	1
445	1	0.0	2	1
447	1	0.0	2	1
448	2	0.0	2	2
450	1	0.0	2	1
451	1	0.0	2	1
452	3	0.0	2	2 1
453	1	0.0	2	1
455	3	0.0	2	3
456	1	0.0	2	1
458	2	0.0	2	2
459	3	0.0	2	3
460	3	0.0	2	3
461	1	0.0	2	1
463	1	0.0	2	1
464	1	0.0	2	1
467	1	0.0	2	1
470	4	0.0	2	4
471	1	0.0	2	1
472	3	0.0	2	3
477	2	0.0	2	2
480	3	0.0	2	3
481	4	0.0	2	4
482	1	0.0	2	1
483	1	0.0	2	1
484	1	0.0	2	1
486	1	0.0	2	1
487	2	0.0	2	2
489	2	0.0	2	2
490	1	0.0	2	1
492	3	0.0	2	3
496	1	0.0	2	1
500	2	0.0	2	2
501	1	0.0	2	1
502	1	0.0	2	1
503	2	0.0	2	2
504	2	0.0	2	2
506	1	0.0	2	1
508	1	0.0	2	1
511	2	0.0	2	2
513	2	0.0	2	2
514	2	0.0	2	1 1
515	3	0.0	2	3
516	1	0.0	2	1
517	2	0.0	2	2
518	1	0.0	2	1
519	1	0.0	2	1
520	3	0.0	2	3
522	3	0.0	2	3
523	3	0.0	2	3
524	1	0.0	2	1
525	1	0.0	2	1
526	1	0.0	2	1
527	3	0.0	2	3
529	1	0.0	2	1
530	1	0.0	2	1
532	2	0.0	2	2
533	2	0.0	2	2
534	1	0.0	2	1
536	1	0.0	2	1
537	1	0.0	2	1
539	1	0.0	2	1
542	1	0.0	2	1
544	1	0.0	2	1
545	1	0.0	2	1
546	1	0.0	2	1
547	1	0.0	2	1
548	2	0.0	2	2
549	1	0.0	2	1
551	2	0.0	2	2
552	1	0.0	2	1
553	1	0.0	2	1
557	1	0.0	2	1
559	2	0.0	2	2
560	1	0.0	2	1
561	1	0.0	2	1
562	2	0.0	2	2
563	1	0.0	2	1
565	1	0.0	2	1
566	1	0.0	2	1
569	1	0.0	2	1
571	2	0.0	2	2
572	1	0.0	2	1
573	1	0.0	2	1
574	1	0.0	2	1
575	4	0.0	2	4
576	2	0.0	2	2
577	1	0.0	2	1
578	1	0.0	2	1
579	1	0.0	2	1
580	1	0.0	2	1
582	1	0.0	2	1
583	1	0.0	2	1
584	1	0.0	2	1
586	1	0.0	2	1
588	1	0.0	2	1
589	1	0.0	2	1
590	1	0.0	2	1
591	1	0.0	2	1
592	1	0.0	2	1
596	1	0.0	2	1
597	1	0.0	2	1
599	1	0.0	2	1
601	1	0.0	2	1
603	1	0.0	2	1
604	1	0.0	2	1
605	1	0.0	2	1
606	1	0.0	2	1
607	1	0.0	2	1
609	2	0.0	2	2
611	1	0.0	2	1
612	2	0.0	2	2
614	1	0.0	2	1
615	1	0.0	2	1
616	1	0.0	2	1
618	1	0.0	2	1
619	2	0.0	2	2
621	2	0.0	2	2
623	3	0.0	2	3
624	1	0.0	2	1
625	1	0.0	2	1
626	1	0.0	2	1
628	1	0.0	2	1
629	3	0.0	2	3
630	1	0.0	2	1
631	3	0.0	2	3
632	2	0.0	2	2
633	2	0.0	2	2
634	1	0.0	2	1
635	3	0.0	2	3
637	1	0.0	2	1
639	1	0.0	2	1
641	1	0.0	2	1
642	1	0.0	2	1
643	1	0.0	2	1
644	1	0.0	2	1
648	1	0.0	2	1
650	2	0.0	2	2
653	2	0.0	2	2
655	2	0.0	2	2
657	2	0.0	2	2
658	2	0.0	2	2
659	1	0.0	2	1
660	1	0.0	2	1
661	1	0.0	2	1
662	2	0.0	2	2
664	2	0.0	2	2
665	1	0.0	2	1
669	1	0.0	2	1
670	3	0.0	2	3
671	2	0.0	2	2
672	1	0.0	2	1
673	1	0.0	2	1
679	2	0.0	2	2
680	1	0.0	2	1
681	1	0.0	2	1
684	1	0.0	2	1
686	1	0.0	2	1
688	2	0.0	2	2
690	1	0.0	2	1
693	1	0.0	2	1
694	1	0.0	2	1
697	2	0.0	2	2
699	2	0.0	2	2
701	2	0.0	2	2
706	2	0.0	2	2
709	2	0.0	2	2
711	1	0.0	2	1
712	3	0.0	2	3
713	1	0.0	2	1
714	1	0.0	2	1
717	1	0.0	2	1
718	1	0.0	2	1
719	1	0.0	2	1
721	1	0.0	2	1
724	1	0.0	2	1
725	1	0.0	2	1
727	1	0.0	2	1
728	1	0.0	2	1
734	1	0.0	2	1
738	4	0.0	2	4
739	1	0.0	2	1
740	1	0.0	2	1
744	1	0.0	2	1
745	1	0.0	2	1
746	1	0.0	2	1
747	2	0.0	2	2
748	3	0.0	2	3
749	5	0.0	2	5
750	7	0.0	2	7
751	4	0.0	2	4
752	7	0.0	2	7
753	4	0.0	2	3 1
754	2	0.0	2	2
755	1	0.0	2	1
756	1	0.0	2	1
757	2	0.0	2	2
758	1	0.0	2	1
759	1	0.0	2	1
760	3	0.0	2	3
763	2	0.0	2	2
764	1	0.0	2	1
768	1	0.0	2	1
770	1	0.0	2	1
771	1	0.0	2	1
772	1	0.0	2	1
776	1	0.0	2	1
777	1	0.0	2	1
778	1	0.0	2	1
780	1	0.0	2	1
781	2	0.0	2	2
783	1	0.0	2	1
790	2	0.0	2	2
791	1	0.0	2	1
792	1	0.0	2	1
795	1	0.0	2	1
797	1	0.0	2	1
799	1	0.0	2	1
805	1	0.0	2	1
806	1	0.0	2	1
810	1	0.0	2	1
811	1	0.0	2	1
815	2	0.0	2	2
816	1	0.0	2	1
817	1	0.0	2	1
824	1	0.0	2	1
825	1	0.0	2	1
827	4	0.0	2	4
828	1	0.0	2	1
830	1	0.0	2	1
831	1	0.0	2	1
832	1	0.0	2	1
833	1	0.0	2	1
836	1	0.0	2	1
843	1	0.0	2	1
845	2	0.0	2	2
847	1	0.0	2	1
848	1	0.0	2	1
849	1	0.0	2	1
855	1	0.0	2	1
857	2	0.0	2	1 1
858	1	0.0	2	1
861	1	0.0	2	1
864	3	0.0	2	3
866	1	0.0	2	1
868	2	0.0	2	2
869	1	0.0	2	1
873	1	0.0	2	1
874	1	0.0	2	1
875	2	0.0	2	2
876	1	0.0	2	1
877	1	0.0	2	1
879	1	0.0	2	1
889	1	0.0	2	1
890	2	0.0	2	2
892	2	0.0	2	2
895	2	0.0	2	2
897	1	0.0	2	1
898	1	0.0	2	1
899	1	0.0	2	1
906	1	0.0	2	1
907	1	0.0	2	1
918	1	0.0	2	1
919	1	0.0	2	1
921	1	0.0	2	1
923	1	0.0	2	1
924	1	0.0	2	1
926	2	0.0	2	2
927	2	0.0	2	2
928	1	0.0	2	1
930	1	0.0	2	1
936	1	0.0	2	1
937	1	0.0	2	1
939	2	0.0	2	2
940	2	0.0	2	2
943	2	0.0	2	2
946	2	0.0	2	2
947	1	0.0	2	1
949	1	0.0	2	1
951	2	0.0	2	2
952	2	0.0	2	1 1
955	1	0.0	2	1
959	4	0.0	2	4
961	1	0.0	2	1
964	2	0.0	2	2
966	1	0.0	2	1
972	2	0.0	2	2
976	1	0.0	2	1
977	1	0.0	2	1
980	2	0.0	2	2
983	2	0.0	2	2
984	1	0.0	2	1
990	1	0.0	2	1
991	1	0.0	2	1
999	1	0.0	2	1
1003	1	0.0	2	1
1005	1	0.0	2	1
1006	2	0.0	2	2
1007	1	0.0	2	1
1008	2	0.0	2	2
1010	1	0.0	2	1
1012	1	0.0	2	1
1014	1	0.0	2	1
1018	3	0.0	2	3
1025	2	0.0	2	2
1028	1	0.0	2	1
1033	1	0.0	2	1
1034	1	0.0	2	1
1035	1	0.0	2	1
1036	2	0.0	2	2
1037	1	0.0	2	1
1040	1	0.0	2	1
1041	1	0.0	2	1
1042	1	0.0	2	1
1043	1	0.0	2	1
1046	1	0.0	2	1
1047	1	0.0	2	1
1052	1	0.0	2	1
1053	2	0.0	2	2
1055	1	0.0	2	1
1061	1	0.0	2	1
1065	1	0.0	2	1
1066	1	0.0	2	1
1072	1	0.0	2	0 1
1075	1	0.0	2	1
1079	1	0.0	2	1
1080	1	0.0	2	1
1081	1	0.0	2	1
1082	1	0.0	2	1
1083	1	0.0	2	1
1084	2	0.0	2	2
1086	1	0.0	2	1
1091	1	0.0	2	1
1093	1	0.0	2	1
1094	2	0.0	2	2
1098	1	0.0	2	1
1102	1	0.0	2	1
1105	1	0.0	2	1
1106	1	0.0	2	1
1107	1	0.0	2	1
1113	1	0.0	2	1
1116	2	0.0	2	2
1121	1	0.0	2	1
1122	2	0.0	2	2
1142	1	0.0	2	1
1145	1	0.0	2	1
1146	1	0.0	2	1
1156	1	0.0	2	1
1158	1	0.0	2	1
1160	1	0.0	2	1
1161	1	0.0	2	1
1168	1	0.0	2	1
1171	1	0.0	2	1
1172	1	0.0	2	1
1176	1	0.0	2	1
1183	1	0.0	2	1
1193	1	0.0	2	0 1
1196	2	0.0	2	2
1197	1	0.0	2	1
1198	1	0.0	2	1
1200	1	0.0	2	1
1210	1	0.0	2	1
1213	1	0.0	2	0 1
1215	1	0.0	2	1
1218	2	0.0	2	2
1219	1	0.0	2	1
1220	1	0.0	2	1
1221	1	0.0	2	1
1225	1	0.0	2	1
1233	1	0.0	2	1
1235	1	0.0	2	1
1238	1	0.0	2	1
1241	1	0.0	2	1
1246	1	0.0	2	1
1249	1	0.0	2	1
1253	1	0.0	2	1
1256	1	0.0	2	1
1260	1	0.0	2	1
1263	2	0.0	2	2
1265	1	0.0	2	1
1268	1	0.0	2	1
1269	1	0.0	2	1
1270	1	0.0	2	1
1275	1	0.0	2	1
1279	2	0.0	2	2
1280	1	0.0	2	1
1281	1	0.0	2	1
1290	1	0.0	2	1
1291	1	0.0	2	1
1292	3	0.0	2	3
1293	2	0.0	2	2
1294	1	0.0	2	1
1295	3	0.0	2	3
1296	1	0.0	2	1
1298	2	0.0	2	2
1299	1	0.0	2	1
1300	1	0.0	2	0 1
1303	1	0.0	2	1
1304	1	0.0	2	1
1308	1	0.0	2	1
1316	1	0.0	2	1
1327	1	0.0	2	1
1338	1	0.0	2	1
1341	1	0.0	2	1
1348	2	0.0	2	2
1369	1	0.0	2	1
1372	1	0.0	2	1
1384	1	0.0	2	0 1
1390	1	0.0	2	1
1391	1	0.0	2	1
1395	1	0.0	2	1
1396	1	0.0	2	1
1400	1	0.0	2	1
1411	1	0.0	2	1
1424	1	0.0	2	1
1427	1	0.0	2	1
1431	2	0.0	2	2
1443	1	0.0	2	1
1445	1	0.0	2	1
1449	1	0.0	2	1
1455	1	0.0	2	1
1465	1	0.0	2	1
1467	1	0.0	2	1
1468	1	0.0	2	1
1472	1	0.0	2	1
1480	1	0.0	2	1
1483	1	0.0	2	1
1491	1	0.0	2	1
1497	1	0.0	2	1
1501	1	0.0	2	1
1503	2	0.0	2	2
1510	1	0.0	2	1
1520	1	0.0	2	1
1524	1	0.0	2	1
1525	1	0.0	2	1
1534	2	0.0	2	2
1535	1	0.0	2	1
1537	1	0.0	2	1
1538	1	0.0	2	1
1542	1	0.0	2	1
1544	1	0.0	2	1
1551	1	0.0	2	1
1553	1	0.0	2	1
1555	1	0.0	2	1
1559	1	0.0	2	1
1563	2	0.0	2	2
1571	1	0.0	2	1
1574	1	0.0	2	1
1580	1	0.0	2	1
1581	1	0.0	2	1
1586	1	0.0	2	1
1588	1	0.0	2	1
1599	1	0.0	2	1
1602	1	0.0	2	1
1612	1	0.0	2	1
1619	1	0.0	2	1
1620	1	0.0	2	1
1623	1	0.0	2	1
1625	1	0.0	2	1
1626	1	0.0	2	1
1630	1	0.0	2	1
1631	1	0.0	2	1
1632	1	0.0	2	1
1633	1	0.0	2	1
1634	1	0.0	2	1
1638	1	0.0	2	1
1639	1	0.0	2	1
1640	1	0.0	2	1
1647	1	0.0	2	1
1653	1	0.0	2	1
1663	1	0.0	2	1
1669	1	0.0	2	1
1681	1	0.0	2	1
1685	1	0.0	2	1
1691	1	0.0	2	1
1696	1	0.0	2	1
1711	1	0.0	2	1
1720	1	0.0	2	1
1732	1	0.0	2	1
1735	1	0.0	2	1
1747	1	0.0	2	1
1752	1	0.0	2	1
1758	1	0.0	2	1
1760	1	0.0	2	1
1770	1	0.0	2	1
1774	1	0.0	2	1
1776	1	0.0	2	1
1785	1	0.0	2	1
1788	1	0.0	2	1
1819	1	0.0	2	1
1821	1	0.0	2	1
1822	1	0.0	2	1
1830	1	0.0	2	1
1847	1	0.0	2	1
1851	1	0.0	2	1
1884	1	0.0	2	1
1894	1	0.0	2	1
1905	2	0.0	2	2
1916	2	0.0	2	2
1918	1	0.0	2	1
1924	1	0.0	2	1
1926	1	0.0	2	1
1927	1	0.0	2	1
1937	1	0.0	2	1
1957	1	0.0	2	1
1961	1	0.0	2	1
1974	1	0.0	2	1
1983	1	0.0	2	1
1987	1	0.0	2	1
1988	1	0.0	2	1
1998	2	0.0	2	2
2008	1	0.0	2	1
2013	2	0.0	2	1 1
2015	1	0.0	2	1
2016	1	0.0	2	1
2018	1	0.0	2	1
2021	1	0.0	2	1
2025	1	0.0	2	1
2029	1	0.0	2	1
2041	1	0.0	2	1
2044	1	0.0	2	1
2046	1	0.0	2	1
2054	1	0.0	2	1
2073	1	0.0	2	1
2092	1	0.0	2	1
2112	1	0.0	2	1
2160	1	0.0	2	1
2177	1	0.0	2	1
2188	2	0.0	2	2
2189	2	0.0	2	2
2191	1	0.0	2	1
2193	1	0.0	2	1
2194	2	0.0	2	2
2195	2	0.0	2	2
2198	1	0.0	2	1
2199	2	0.0	2	2
2200	1	0.0	2	1
2201	2	0.0	2	2
2202	1	0.0	2	1
2212	1	0.0	2	1
2217	1	0.0	2	1
2231	2	0.0	2	2
2271	1	0.0	2	1
2272	1	0.0	2	1
2279	1	0.0	2	1
2287	1	0.0	2	1
2301	1	0.0	2	1
2303	1	0.0	2	1
2313	1	0.0	2	1
2314	1	0.0	2	1
2321	1	0.0	2	1
2329	1	0.0	2	1
2331	1	0.0	2	1
2332	1	0.0	2	1
2334	1	0.0	2	1
2335	2	0.0	2	2
2349	1	0.0	2	1
2353	1	0.0	2	1
2382	3	0.0	2	3
2386	1	0.0	2	1
2389	1	0.0	2	1
2391	2	0.0	2	2
2394	1	0.0	2	1
2400	1	0.0	2	1
2418	1	0.0	2	1
2435	1	0.0	2	1
2455	1	0.0	2	1
2468	1	0.0	2	1
2486	1	0.0	2	1
2507	1	0.0	2	1
2510	1	0.0	2	1
2566	1	0.0	2	1
2569	1	0.0	2	1
2581	1	0.0	2	1
2600	1	0.0	2	1
2627	1	0.0	2	1
2642	1	0.0	2	1
2666	1	0.0	2	1
2670	1	0.0	2	1
2671	1	0.0	2	1
2674	1	0.0	2	1
2675	1	0.0	2	1
2676	1	0.0	2	1
2677	1	0.0	2	1
2679	1	0.0	2	1
2681	1	0.0	2	1
2684	1	0.0	2	1
2686	2	0.0	2	2
2695	1	0.0	2	1
2706	1	0.0	2	1
2736	1	0.0	2	1
2744	1	0.0	2	1
2751	1	0.0	2	1
2752	1	0.0	2	1
2760	1	0.0	2	1
2762	2	0.0	2	2
2766	1	0.0	2	1
2768	1	0.0	2	1
2769	1	0.0	2	1
2775	1	0.0	2	1
2788	1	0.0	2	1
2846	1	0.0	2	1
2847	1	0.0	2	1
2879	1	0.0	2	1
2911	1	0.0	2	1
2918	1	0.0	2	1
2937	1	0.0	2	1
2949	1	0.0	2	1
2950	1	0.0	2	1
2966	1	0.0	2	1
2968	1	0.0	2	1
2970	1	0.0	2	1
2975	1	0.0	2	1
2977	2	0.0	2	1 1
2978	1	0.0	2	1
2980	1	0.0	2	1
2985	1	0.0	2	1
2986	1	0.0	2	1
2988	1	0.0	2	1
2992	1	0.0	2	1
2993	1	0.0	2	1
2994	1	0.0	2	1
2995	1	0.0	2	1
2998	1	0.0	2	0 1
3003	1	0.0	2	1
3004	1	0.0	2	1
3010	1	0.0	2	1
3016	1	0.0	2	1
3024	1	0.0	2	1
3025	1	0.0	2	1
3027	1	0.0	2	1
3029	1	0.0	2	1
3031	1	0.0	2	1
3034	1	0.0	2	1
3038	1	0.0	2	1
3049	1	0.0	2	1
3052	1	0.0	2	1
3062	1	0.0	2	1
3073	2	0.0	2	2
3075	2	0.0	2	2
3080	1	0.0	2	1
3081	1	0.0	2	1
3082	2	0.0	2	2
3083	1	0.0	2	1
3088	1	0.0	2	1
3089	1	0.0	2	1
3090	1	0.0	2	1
3091	2	0.0	2	2
3092	2	0.0	2	1 1
3094	1	0.0	2	1
3098	1	0.0	2	1
3099	1	0.0	2	1
3101	2	0.0	2	2
3105	2	0.0	2	2
3110	1	0.0	2	1
3112	1	0.0	2	1
3113	2	0.0	2	2
3115	1	0.0	2	1
3116	1	0.0	2	1
3117	2	0.0	2	2
3118	2	0.0	2	2
3119	1	0.0	2	1
3121	3	0.0	2	3
3123	1	0.0	2	1
3125	2	0.0	2	2
3126	1	0.0	2	1
3127	2	0.0	2	2
3128	1	0.0	2	1
3129	1	0.0	2	1
3130	3	0.0	2	3
3132	2	0.0	2	2
3133	6	0.0	2	6
3134	4	0.0	2	4
3137	2	0.0	2	2
3138	2	0.0	2	1 1
3139	2	0.0	2	1 1
3140	3	0.0	2	3
3141	3	0.0	2	3
3142	4	0.0	2	4
3143	6	0.0	2	3 2 1
3144	3	0.0	2	3
3145	5	0.0	2	4 1
3146	7	0.0	2	6 1
3147	18	0.0	2	14 3 1
3148	7	0.0	2	7
3149	9	0.0	2	8 1
3150	11	0.0	2	10 1
3151	13	0.0	2	12 1
3152	19	0.0	2	18 0 1
3153	23	0.0	2	21 1 1
3154	22	0.0	2	22
3155	21	0.0	2	21
3156	17	0.0	2	14 3
3157	14	0.0	2	13 1
3158	28	0.0	2	26 2
3159	30	0.0	2	28 2
3160	32	0.0	2	31 1
3161	31	0.0	2	31
3162	39	0.0	2	38 1
3163	50	0.0	2	47 3
3164	49	0.0	2	48 1
3165	52	0.0	2	47 5
3166	47	0.0	2	47
3167	57	0.0	2	55 2
3168	48	0.0	2	48
3169	64	0.0	2	62 1 1
3170	83	0.0	2	81 1 1
3171	88	0.0	2	87 1
3172	124	0.0	2	120 4
3173	117	0.0	2	115 1 1
3174	136	0.0	2	135 1
3175	163	0.0	2	161 2
3176	165	0.0	2	164 1
3177	161	0.0	2	158 3
3178	174	0.0	2	174
3179	160	0.0	2	156 3 1
3180	150	0.0	2	150
3181	107	0.0	2	104 3
3182	101	0.0	2	100 0 1
3183	58	0.0	2	57 1
3184	58	0.0	2	56 1 1
3185	33	0.0	2	33
3186	32	0.0	2	31 1
3187	24	0.0	2	24
3188	19	0.0	2	19
3189	13	0.0	2	13
3190	13	0.0	2	13
3191	10	0.0	2	9 1
3192	5	0.0	2	5
3193	3	0.0	2	3
3194	6	0.0	2	6
3195	5	0.0	2	5
3196	3	0.0	2	3
3197	4	0.0	2	4
3198	6	0.0	2	6
3199	3	0.0	2	3
3200	1	0.0	2	1
3201	2	0.0	2	2
3202	4	0.0	2	3 1
3203	3	0.0	2	3
3204	3	0.0	2	3
3205	3	0.0	2	3
3206	1	0.0	2	1
3207	1	0.0	2	1
3208	4	0.0	2	4
3210	4	0.0	2	4
3211	2	0.0	2	2
3212	1	0.0	2	1
3214	1	0.0	2	1
3215	2	0.0	2	2
3216	5	0.0	2	5
3217	5	0.0	2	5
3218	1	0.0	2	1
3219	1	0.0	2	1
3221	1	0.0	2	1
3222	1	0.0	2	1
3224	2	0.0	2	2
3226	1	0.0	2	1
3227	1	0.0	2	1
3228	2	0.0	2	2
3231	3	0.0	2	3
3232	2	0.0	2	2
3233	1	0.0	2	1
3234	2	0.0	2	2
3236	1	0.0	2	1
3237	1	0.0	2	1
3238	2	0.0	2	2
3240	3	0.0	2	2 1
3242	2	0.0	2	2
3245	2	0.0	2	2
3246	2	0.0	2	2
3247	1	0.0	2	1
3250	2	0.0	2	2
3253	1	0.0	2	1
3259	1	0.0	2	1
3260	1	0.0	2	1
3261	1	0.0	2	0 1
3264	2	0.0	2	2
3266	2	0.0	2	2
3267	1	0.0	2	1
3268	1	0.0	2	1
3271	2	0.0	2	2
3273	4	0.0	2	3 0 1
3277	2	0.0	2	2
3278	1	0.0	2	1
3279	4	0.0	2	4
3280	2	0.0	2	2
3281	2	0.0	2	2
3283	2	0.0	2	2
3284	3	0.0	2	3
3285	1	0.0	2	1
3286	1	0.0	2	1
3287	1	0.0	2	1
3288	1	0.0	2	1
3289	3	0.0	2	3
3293	1	0.0	2	1
3295	1	0.0	2	1
3299	1	0.0	2	1
3303	1	0.0	2	1
3309	2	0.0	2	2
3311	1	0.0	2	1
3313	1	0.0	2	1
3316	1	0.0	2	1
3319	1	0.0	2	1
3322	1	0.0	2	1
3324	2	0.0	2	2
3325	1	0.0	2	1
3326	1	0.0	2	1
3327	2	0.0	2	2
3330	2	0.0	2	2
3331	1	0.0	2	1
3336	1	0.0	2	1
3337	1	0.0	2	1
3338	1	0.0	2	1
3340	2	0.0	2	2
3341	2	0.0	2	2
3342	1	0.0	2	1
3343	1	0.0	2	1
3344	2	0.0	2	2
3345	1	0.0	2	1
3346	2	0.0	2	2
3347	1	0.0	2	1
3348	2	0.0	2	2
3349	3	0.0	2	3
3352	1	0.0	2	1
3355	2	0.0	2	2
3356	2	0.0	2	2
3357	2	0.0	2	2
3358	1	0.0	2	1
3360	1	0.0	2	1
3365	1	0.0	2	1
3367	2	0.0	2	2
3368	1	0.0	2	1
3369	1	0.0	2	1
3370	1	0.0	2	1
3371	2	0.0	2	2
3374	1	0.0	2	1
3376	1	0.0	2	1
3377	3	0.0	2	3
3378	1	0.0	2	1
3380	1	0.0	2	1
3381	2	0.0	2	2
3384	3	0.0	2	3
3387	1	0.0	2	1
3389	2	0.0	2	2
3390	1	0.0	2	1
3391	2	0.0	2	2
3392	1	0.0	2	1
3393	2	0.0	2	2
3394	2	0.0	2	2
3396	2	0.0	2	2
3397	1	0.0	2	1
3398	2	0.0	2	2
3399	2	0.0	2	2
3401	7	0.0	2	6 0 1
3402	1	0.0	2	1
3403	2	0.0	2	2
3404	3	0.0	2	3
3405	2	0.0	2	2
3406	3	0.0	2	3
3407	3	0.0	2	3
3408	2	0.0	2	2
3409	2	0.0	2	2
3411	2	0.0	2	2
3414	1	0.0	2	1
3415	2	0.0	2	2
3417	1	0.0	2	1
3418	2	0.0	2	2
3419	2	0.0	2	2
3422	1	0.0	2	1
3423	2	0.0	2	2
3424	3	0.0	2	3
3426	2	0.0	2	2
3427	1	0.0	2	1
3428	3	0.0	2	3
3429	2	0.0	2	2
3430	4	0.0	2	4
3431	3	0.0	2	2 1
3432	2	0.0	2	2
3433	1	0.0	2	1
3434	6	0.0	2	6
3435	2	0.0	2	2
3436	2	0.0	2	2
3437	2	0.0	2	2
3438	1	0.0	2	1
3439	4	0.0	2	4
3440	1	0.0	2	1
3441	1	0.0	2	1
3442	1	0.0	2	1
3443	1	0.0	2	1
3444	1	0.0	2	1
3445	1	0.0	2	1
3446	2	0.0	2	1 1
3447	1	0.0	2	1
3448	2	0.0	2	2
3449	1	0.0	2	1
3450	2	0.0	2	2
3451	3	0.0	2	2 1
3452	1	0.0	2	0 1
3453	1	0.0	2	1
3455	7	0.0	2	7
3456	2	0.0	2	2
3457	2	0.0	2	2
3458	1	0.0	2	1
3459	2	0.0	2	2
3460	1	0.0	2	1
3461	3	0.0	2	2 1
3462	2	0.0	2	2
3464	2	0.0	2	1 1
3465	1	0.0	2	1
3466	4	0.0	2	3 1
3467	3	0.0	2	3
3469	1	0.0	2	1
3470	1	0.0	2	1
3471	2	0.0	2	2
3472	3	0.0	2	3
3473	1	0.0	2	1
3476	1	0.0	2	0 1
3477	1	0.0	2	1
3478	2	0.0	2	2
3479	1	0.0	2	1
3480	1	0.0	2	1
3483	2	0.0	2	2
3485	2	0.0	2	2
3486	1	0.0	2	1
3487	1	0.0	2	1
3489	1	0.0	2	1
3490	2	0.0	2	2
3492	2	0.0	2	2
3493	2	0.0	2	2
3494	1	0.0	2	1
3495	2	0.0	2	2
3496	1	0.0	2	1
3497	1	0.0	2	1
3498	3	0.0	2	3
3499	2	0.0	2	2
3502	2	0.0	2	2
3503	3	0.0	2	3
3505	1	0.0	2	1
3506	1	0.0	2	1
3507	1	0.0	2	1
3508	1	0.0	2	1
3510	2	0.0	2	2
3511	1	0.0	2	1
3512	1	0.0	2	1
3514	3	0.0	2	3
3516	1	0.0	2	1
3517	4	0.0	2	4
3518	2	0.0	2	2
3521	2	0.0	2	2
3523	1	0.0	2	1
3524	1	0.0	2	1
3527	1	0.0	2	0 1
3528	1	0.0	2	1
3533	1	0.0	2	1
3534	2	0.0	2	2
3535	3	0.0	2	3
3538	2	0.0	2	2
3539	1	0.0	2	1
3540	1	0.0	2	1
3541	1	0.0	2	1
3542	1	0.0	2	1
3546	2	0.0	2	2
3549	1	0.0	2	1
3550	1	0.0	2	1
3551	1	0.0	2	1
3553	1	0.0	2	1
3554	5	0.0	2	5
3555	3	0.0	2	3
3556	1	0.0	2	1
3557	1	0.0	2	1
3558	1	0.0	2	1
3559	3	0.0	2	1 2
3561	2	0.0	2	2
3563	1	0.0	2	1
3564	1	0.0	2	1
3565	3	0.0	2	3
3566	1	0.0	2	1
3567	1	0.0	2	1
3568	1	0.0	2	1
3570	1	0.0	2	1
3572	1	0.0	2	1
3573	1	0.0	2	1
3574	1	0.0	2	1
3575	1	0.0	2	1
3576	1	0.0	2	1
3577	1	0.0	2	1
3578	1	0.0	2	1
3579	5	0.0	2	5
3583	1	0.0	2	1
3584	2	0.0	2	2
3588	1	0.0	2	1
3589	1	0.0	2	0 1
3592	3	0.0	2	3
3593	1	0.0	2	1
3596	2	0.0	2	2
3597	2	0.0	2	2
3599	1	0.0	2	1
3600	1	0.0	2	1
3602	1	0.0	2	1
3603	2	0.0	2	2
3605	1	0.0	2	1
3606	3	0.0	2	3
3607	1	0.0	2	1
3608	1	0.0	2	1
3609	1	0.0	2	1
3610	1	0.0	2	1
3611	1	0.0	2	1
3612	3	0.0	2	3
3615	1	0.0	2	1
3617	2	0.0	2	2
3618	1	0.0	2	1
3619	3	0.0	2	3
3622	1	0.0	2	1
3623	4	0.0	2	4
3625	1	0.0	2	1
3626	1	0.0	2	1
3627	2	0.0	2	2
3628	2	0.0	2	1 1
3629	1	0.0	2	1
3630	1	0.0	2	0 1
3633	1	0.0	2	1
3634	1	0.0	2	1
3638	2	0.0	2	2
3639	2	0.0	2	2
3640	1	0.0	2	1
3642	1	0.0	2	1
3644	1	0.0	2	1
3647	3	0.0	2	3
3648	1	0.0	2	1
3649	2	0.0	2	2
3651	1	0.0	2	1
3652	1	0.0	2	1
3654	1	0.0	2	1
3655	1	0.0	2	1
3656	1	0.0	2	1
3658	3	0.0	2	3
3659	3	0.0	2	3
3662	1	0.0	2	1
3663	2	0.0	2	2
3665	4	0.0	2	4
3666	1	0.0	2	1
3668	2	0.0	2	2
3670	2	0.0	2	2
3671	1	0.0	2	1
3673	2	0.0	2	2
3676	2	0.0	2	2
3678	3	0.0	2	3
3679	2	0.0	2	2
3680	3	0.0	2	3
3682	2	0.0	2	2
3683	1	0.0	2	1
3684	3	0.0	2	3
3685	2	0.0	2	2
3687	2	0.0	2	2
3688	1	0.0	2	1
3689	2	0.0	2	2
3690	1	0.0	2	1
3691	2	0.0	2	2
3693	1	0.0	2	1
3695	1	0.0	2	1
3696	2	0.0	2	2
3697	1	0.0	2	1
3698	1	0.0	2	0 0 1
3699	1	0.0	2	1
3700	2	0.0	2	1 1
3703	2	0.0	2	2
3705	1	0.0	2	1
3711	1	0.0	2	1
3713	3	0.0	2	3
3714	1	0.0	2	1
3716	1	0.0	2	1
3717	1	0.0	2	1
3719	2	0.0	2	2
3720	3	0.0	2	3
3722	1	0.0	2	1
3723	1	0.0	2	1
3725	4	0.0	2	4
3726	1	0.0	2	1
3730	1	0.0	2	1
3731	1	0.0	2	1
3733	4	0.0	2	4
3734	1	0.0	2	1
3735	2	0.0	2	2
3736	1	0.0	2	1
3738	1	0.0	2	1
3740	3	0.0	2	3
3743	2	0.0	2	2
3748	1	0.0	2	1
3750	3	0.0	2	3
3752	1	0.0	2	1
3755	2	0.0	2	1 1
3756	2	0.0	2	2
3757	2	0.0	2	2
3758	1	0.0	2	1
3759	1	0.0	2	1
3761	2	0.0	2	2
3762	1	0.0	2	1
3766	1	0.0	2	0 1
3767	1	0.0	2	1
3768	1	0.0	2	1
3774	1	0.0	2	1
3775	2	0.0	2	2
3776	1	0.0	2	1
3777	1	0.0	2	1
3779	2	0.0	2	2
3780	1	0.0	2	1
3783	1	0.0	2	1
3784	1	0.0	2	1
3785	1	0.0	2	1
3788	1	0.0	2	1
3790	3	0.0	2	2 1
3791	3	0.0	2	3
3793	1	0.0	2	1
3794	3	0.0	2	3
3795	3	0.0	2	3
3797	1	0.0	2	1
3803	2	0.0	2	2
3807	2	0.0	2	1 1
3808	1	0.0	2	1
3809	1	0.0	2	1
3810	1	0.0	2	1
3811	2	0.0	2	2
3813	2	0.0	2	2
3815	1	0.0	2	1
3816	1	0.0	2	1
3817	2	0.0	2	2
3819	1	0.0	2	1
3820	1	0.0	2	1
3822	3	0.0	2	3
3826	2	0.0	2	2
3827	1	0.0	2	1
3832	3	0.0	2	3
3833	1	0.0	2	1
3834	2	0.0	2	2
3836	1	0.0	2	0 1
3837	3	0.0	2	3
3839	1	0.0	2	1
3841	1	0.0	2	1
3845	1	0.0	2	1
3846	1	0.0	2	1
3851	3	0.0	2	3
3852	1	0.0	2	1
3853	1	0.0	2	1
3855	1	0.0	2	1
3858	1	0.0	2	1
3859	2	0.0	2	1 1
3860	3	0.0	2	2 1
3861	1	0.0	2	1
3864	3	0.0	2	3
3865	1	0.0	2	1
3868	1	0.0	2	1
3870	1	0.0	2	1
3874	2	0.0	2	1 1
3875	1	0.0	2	1
3876	1	0.0	2	1
3879	2	0.0	2	2
3882	1	0.0	2	1
3883	1	0.0	2	1
3884	1	0.0	2	1
3887	1	0.0	2	1
3888	1	0.0	2	1
3889	1	0.0	2	1
3890	2	0.0	2	2
3892	1	0.0	2	1
3893	1	0.0	2	1
3894	1	0.0	2	1
3896	1	0.0	2	1
3898	1	0.0	2	1
3899	2	0.0	2	2
3900	2	0.0	2	2
3901	1	0.0	2	1
3902	1	0.0	2	1
3903	3	0.0	2	3
3904	1	0.0	2	1
3906	1	0.0	2	1
3908	2	0.0	2	1 1
3909	1	0.0	2	1
3911	2	0.0	2	2
3913	2	0.0	2	2
3914	2	0.0	2	2
3916	2	0.0	2	2
3920	1	0.0	2	1
3922	2	0.0	2	2
3923	1	0.0	2	1
3925	1	0.0	2	1
3926	1	0.0	2	1
3929	1	0.0	2	1
3930	1	0.0	2	1
3931	2	0.0	2	2
3932	1	0.0	2	1
3933	2	0.0	2	2
3935	3	0.0	2	3
3936	1	0.0	2	1
3937	1	0.0	2	1
3938	2	0.0	2	2
3939	1	0.0	2	1
3940	1	0.0	2	1
3942	2	0.0	2	2
3943	1	0.0	2	1
3945	1	0.0	2	1
3946	1	0.0	2	1
3948	1	0.0	2	1
3949	1	0.0	2	1
3950	1	0.0	2	1
3951	1	0.0	2	1
3952	2	0.0	2	2
3954	1	0.0	2	1
3958	1	0.0	2	1
3959	2	0.0	2	2
3960	2	0.0	2	2
3962	1	0.0	2	1
3963	2	0.0	2	2
3966	1	0.0	2	1
3967	1	0.0	2	1
3968	1	0.0	2	1
3969	1	0.0	2	1
3970	1	0.0	2	1
3971	1	0.0	2	1
3973	1	0.0	2	1
3974	1	0.0	2	1
3975	1	0.0	2	1
3978	1	0.0	2	1
3979	1	0.0	2	1
3981	1	0.0	2	1
3988	2	0.0	2	2
3995	2	0.0	2	2
3997	1	0.0	2	1
3998	1	0.0	2	1
3999	1	0.0	2	1
4001	1	0.0	2	1
4003	1	0.0	2	1
4004	4	0.0	2	4
4006	1	0.0	2	1
4007	1	0.0	2	1
4010	1	0.0	2	1
4011	1	0.0	2	1
4014	3	0.0	2	3
4016	1	0.0	2	1
4017	1	0.0	2	1
4022	1	0.0	2	1
4024	1	0.0	2	1
4026	2	0.0	2	2
4027	1	0.0	2	1
4029	1	0.0	2	1
4030	1	0.0	2	1
4032	2	0.0	2	2
4034	1	0.0	2	1
4035	1	0.0	2	1
4043	1	0.0	2	1
4044	1	0.0	2	1
4047	1	0.0	2	1
4049	2	0.0	2	2
4059	1	0.0	2	1
4062	2	0.0	2	2
4063	1	0.0	2	1
4065	1	0.0	2	1
4069	1	0.0	2	1
4072	1	0.0	2	1
4074	1	0.0	2	1
4075	1	0.0	2	1
4076	3	0.0	2	3
4077	1	0.0	2	1
4086	1	0.0	2	1
4087	1	0.0	2	1
4089	1	0.0	2	1
4090	1	0.0	2	1
4101	3	0.0	2	3
4103	2	0.0	2	2
4110	1	0.0	2	1
4114	1	0.0	2	1
4117	1	0.0	2	1
4119	1	0.0	2	1
4120	1	0.0	2	1
4123	1	0.0	2	1
4134	1	0.0	2	1
4138	1	0.0	2	1
4139	1	0.0	2	1
4144	1	0.0	2	0 1
4145	2	0.0	2	2
4147	2	0.0	2	1 1
4150	1	0.0	2	1
4151	1	0.0	2	1
4153	2	0.0	2	2
4154	1	0.0	2	1
4160	1	0.0	2	1
4164	1	0.0	2	1
4166	1	0.0	2	1
4172	1	0.0	2	1
4175	1	0.0	2	1
4176	1	0.0	2	1
4182	1	0.0	2	1
4184	1	0.0	2	1
4187	2	0.0	2	2
4188	1	0.0	2	1
4191	2	0.0	2	2
4201	3	0.0	2	3
4205	2	0.0	2	2
4209	1	0.0	2	1
4212	1	0.0	2	1
4216	1	0.0	2	1
4217	1	0.0	2	1
4218	1	0.0	2	1
4222	1	0.0	2	1
4223	1	0.0	2	1
4224	1	0.0	2	1
4225	1	0.0	2	1
4239	2	0.0	2	2
4240	1	0.0	2	1
4242	1	0.0	2	1
4245	1	0.0	2	1
4247	2	0.0	2	2
4249	1	0.0	2	1
4257	1	0.0	2	0 1
4258	1	0.0	2	1
4260	1	0.0	2	1
4265	1	0.0	2	1
4271	1	0.0	2	1
4276	1	0.0	2	1
4283	1	0.0	2	1
4287	1	0.0	2	1
4288	1	0.0	2	1
4289	1	0.0	2	1
4293	1	0.0	2	1
4295	1	0.0	2	1
4297	1	0.0	2	0 1
4302	2	0.0	2	2
4304	1	0.0	2	1
4308	1	0.0	2	1
4309	1	0.0	2	1
4313	1	0.0	2	1
4317	2	0.0	2	2
4318	1	0.0	2	1
4324	1	0.0	2	1
4327	1	0.0	2	1
4328	1	0.0	2	1
4331	1	0.0	2	1
4332	1	0.0	2	1
4334	2	0.0	2	2
4335	1	0.0	2	1
4338	1	0.0	2	1
4339	1	0.0	2	1
4348	2	0.0	2	2
4350	1	0.0	2	1
4351	2	0.0	2	2
4356	1	0.0	2	1
4357	1	0.0	2	1
4360	1	0.0	2	1
4362	1	0.0	2	1
4367	1	0.0	2	0 1
4368	1	0.0	2	1
4369	1	0.0	2	1
4370	2	0.0	2	2
4377	1	0.0	2	1
4386	1	0.0	2	1
4397	1	0.0	2	1
4403	1	0.0	2	1
4410	1	0.0	2	1
4413	3	0.0	2	3
4414	3	0.0	2	3
4418	1	0.0	2	1
4422	1	0.0	2	1
4433	1	0.0	2	1
4440	1	0.0	2	1
4443	1	0.0	2	1
4446	1	0.0	2	1
4450	1	0.0	2	1
4451	2	0.0	2	2
4455	1	0.0	2	1
4456	1	0.0	2	1
4458	1	0.0	2	1
4461	1	0.0	2	1
4463	1	0.0	2	1
4464	1	0.0	2	1
4467	2	0.0	2	2
4472	1	0.0	2	1
4473	1	0.0	2	1
4478	1	0.0	2	1
4480	2	0.0	2	2
4487	1	0.0	2	1
4489	1	0.0	2	1
4496	1	0.0	2	1
4505	1	0.0	2	1
4507	1	0.0	2	1
4514	1	0.0	2	1
4525	1	0.0	2	1
4530	1	0.0	2	1
4544	1	0.0	2	1
4557	1	0.0	2	1
4567	1	0.0	2	1
4571	1	0.0	2	1
4577	1	0.0	2	1
4579	2	0.0	2	2
4581	1	0.0	2	1
4586	1	0.0	2	1
4590	1	0.0	2	1
4596	1	0.0	2	1
4597	1	0.0	2	1
4602	2	0.0	2	2
4612	1	0.0	2	1
4615	1	0.0	2	1
4628	1	0.0	2	1
4629	1	0.0	2	1
4647	1	0.0	2	1
4651	1	0.0	2	1
4652	1	0.0	2	1
4658	1	0.0	2	1
4659	1	0.0	2	1
4662	1	0.0	2	1
4663	1	0.0	2	1
4673	1	0.0	2	1
4674	1	0.0	2	1
4678	1	0.0	2	1
4681	2	0.0	2	2
4688	2	0.0	2	2
4690	1	0.0	2	1
4692	1	0.0	2	1
4695	2	0.0	2	2
4698	1	0.0	2	1
4727	1	0.0	2	1
4730	1	0.0	2	1
4732	1	0.0	2	1
4736	1	0.0	2	1
4739	1	0.0	2	1
4744	1	0.0	2	1
4745	1	0.0	2	1
4748	1	0.0	2	1
4750	1	0.0	2	1
4766	1	0.0	2	1
4770	1	0.0	2	1
4778	1	0.0	2	1
4782	1	0.0	2	1
4787	1	0.0	2	1
4796	1	0.0	2	1
4799	1	0.0	2	1
4817	1	0.0	2	1
4819	1	0.0	2	1
4832	1	0.0	2	1
4834	1	0.0	2	1
4840	1	0.0	2	1
4847	1	0.0	2	1
4857	1	0.0	2	1
4860	1	0.0	2	1
4861	1	0.0	2	1
4865	1	0.0	2	1
4871	1	0.0	2	1
4877	1	0.0	2	1
4879	1	0.0	2	1
4889	1	0.0	2	1
4904	1	0.0	2	1
4906	1	0.0	2	1
4916	1	0.0	2	1
4929	1	0.0	2	1
4945	1	0.0	2	1
4951	1	0.0	2	1
4952	1	0.0	2	1
4954	1	0.0	2	1
4956	1	0.0	2	1
4958	1	0.0	2	1
4978	1	0.0	2	1
4987	1	0.0	2	1
5007	1	0.0	2	1
5022	1	0.0	2	1
5038	1	0.0	2	1
5049	1	0.0	2	1
5054	1	0.0	2	1
5101	1	0.0	2	1
5141	1	0.0	2	1
5166	1	0.0	2	1
5167	1	0.0	2	1
5197	1	0.0	2	1
5211	1	0.0	2	1
5227	1	0.0	2	1
5232	1	0.0	2	1
5270	1	0.0	2	1
5300	1	0.0	2	1
5327	1	0.0	2	1
5347	1	0.0	2	1
5356	1	0.0	2	1
5396	1	0.0	2	1
5401	1	0.0	2	1
5446	1	0.0	2	1
5462	1	0.0	2	1
5474	1	0.0	2	1
5484	1	0.0	2	1
5485	1	0.0	2	1
5505	1	0.0	2	1
5524	1	0.0	2	1
5576	1	0.0	2	1
5580	1	0.0	2	1
5586	1	0.0	2	1
5602	1	0.0	2	1
5626	2	0.0	2	2
5632	1	0.0	2	1
5644	1	0.0	2	1
5648	1	0.0	2	1
5753	1	0.0	2	1
5763	1	0.0	2	1
5781	1	0.0	2	1
5793	1	0.0	2	1
5929	1	0.0	2	1
5934	1	0.0	2	1
5942	1	0.0	2	1
5946	1	0.0	2	1
5976	1	0.0	2	1
5999	1	0.0	2	1
6004	1	0.0	2	1
6020	1	0.0	2	1
6045	1	0.0	2	1
6053	1	0.0	2	1
6091	1	0.0	2	1
6112	1	0.0	2	1
6116	1	0.0	2	1
6126	1	0.0	2	0 1
6133	1	0.0	2	1
6166	1	0.0	2	1
6168	1	0.0	2	1
6174	1	0.0	2	1
6189	1	0.0	2	1
6193	1	0.0	2	1
6195	1	0.0	2	0 1
6197	1	0.0	2	1
6201	1	0.0	2	1
6212	1	0.0	2	1
6217	1	0.0	2	1
6219	1	0.0	2	1
6224	1	0.0	2	1
6231	2	0.0	2	2
6239	1	0.0	2	1
6246	1	0.0	2	1
6247	1	0.0	2	1
6248	2	0.0	2	2
6251	1	0.0	2	1
6252	1	0.0	2	1
6259	1	0.0	2	1
6264	2	0.0	2	2
6265	1	0.0	2	1
6268	2	0.0	2	2
6270	2	0.0	2	2
6271	1	0.0	2	1
6272	1	0.0	2	1
6273	2	0.0	2	2
6274	3	0.0	2	2 1
6275	1	0.0	2	1
6276	1	0.0	2	1
6277	1	0.0	2	1
6279	1	0.0	2	1
6282	2	0.0	2	2
6284	1	0.0	2	1
6286	1	0.0	2	1
6287	2	0.0	2	2
6288	1	0.0	2	1
6289	2	0.0	2	2
6291	1	0.0	2	1
6295	1	0.0	2	1
6298	1	0.0	2	1
6301	1	0.0	2	1
6303	1	0.0	2	1
6304	1	0.0	2	1
6305	1	0.0	2	1
6306	3	0.0	2	3
6308	2	0.0	2	2
6309	2	0.0	2	2
6311	3	0.0	2	3
6313	1	0.0	2	1
6318	1	0.0	2	1
6319	1	0.0	2	1
6321	1	0.0	2	1
6323	1	0.0	2	1
6325	2	0.0	2	2
6327	1	0.0	2	1
6329	1	0.0	2	1
6333	1	0.0	2	1
6334	2	0.0	2	2
6335	1	0.0	2	1
6336	1	0.0	2	1
6338	1	0.0	2	1
6339	2	0.0	2	2
6340	1	0.0	2	1
6341	1	0.0	2	1
6344	1	0.0	2	1
6347	1	0.0	2	1
6355	1	0.0	2	1
6369	2	0.0	2	2
6376	1	0.0	2	1
6377	1	0.0	2	1
6378	1	0.0	2	1
6379	2	0.0	2	2
6380	1	0.0	2	1
6383	2	0.0	2	2
6384	4	0.0	2	4
6385	2	0.0	2	2
6386	2	0.0	2	1 1
6387	2	0.0	2	2
6388	1	0.0	2	1
6389	2	0.0	2	2
6390	2	0.0	2	2
6391	2	0.0	2	2
6392	4	0.0	2	4
6394	1	0.0	2	1
6396	3	0.0	2	3
6397	1	0.0	2	1
6398	1	0.0	2	1
6400	1	0.0	2	1
6404	1	0.0	2	1
6414	1	0.0	2	1
6418	1	0.0	2	1
6419	1	0.0	2	1
6423	1	0.0	2	1
6427	2	0.0	2	2
6432	1	0.0	2	1
6445	1	0.0	2	1
6457	1	0.0	2	1
6488	1	0.0	2	1
6520	1	0.0	2	1
6528	1	0.0	2	1
6535	1	0.0	2	1
6565	1	0.0	2	1
6571	1	0.0	2	1
6603	1	0.0	2	1
6605	1	0.0	2	1
6652	1	0.0	2	1
6660	1	0.0	2	1
6673	1	0.0	2	1
6685	1	0.0	2	1
6730	1	0.0	2	1
6742	1	0.0	2	1
6753	1	0.0	2	1
6777	1	0.0	2	1
6796	1	0.0	2	1
6805	1	0.0	2	1
6846	1	0.0	2	1
6859	1	0.0	2	1
6868	1	0.0	2	1
6878	1	0.0	2	1
6912	1	0.0	2	1
7000	1	0.0	2	1
7032	1	0.0	2	1
7034	2	0.0	2	2
7057	1	0.0	2	1
7072	1	0.0	2	1
7075	1	0.0	2	1
7077	1	0.0	2	1
7098	1	0.0	2	1
7108	1	0.0	2	1
7139	1	0.0	2	1
7149	1	0.0	2	1
7157	1	0.0	2	1
7158	1	0.0	2	1
7163	1	0.0	2	1
7170	1	0.0	2	1
7176	1	0.0	2	1
7188	1	0.0	2	1
7195	1	0.0	2	0 1
7263	1	0.0	2	1
7304	1	0.0	2	1
7313	1	0.0	2	1
7338	1	0.0	2	1
7357	1	0.0	2	1
7386	1	0.0	2	1
7441	1	0.0	2	1
7462	1	0.0	2	1
7473	1	0.0	2	1
7477	1	0.0	2	1
7494	1	0.0	2	1
7644	1	0.0	2	1
7683	1	0.0	2	1
7710	1	0.0	2	1
7764	1	0.0	2	1
7786	1	0.0	2	1
7802	1	0.0	2	1
7845	1	0.0	2	1
7982	1	0.0	2	1
8160	1	0.0	2	1
8182	1	0.0	2	1
8238	1	0.0	2	1
8292	1	0.0	2	1
8309	1	0.0	2	1
8390	1	0.0	2	1
8399	1	0.0	2	1
8453	1	0.0	2	1
8559	1	0.0	2	1
8608	1	0.0	2	1
8816	1	0.0	2	1
8959	1	0.0	2	1
9197	1	0.0	2	1
9437	1	0.0	2	1
9493	1	0.0	2	1
9515	1	0.0	2	1
9518	1	0.0	2	1
9527	1	0.0	2	1
9573	1	0.0	2	1
9770	1	0.0	2	1
9952	1	0.0	2	1
9972	1	0.0	2	1
9999	1	0.0	2	1
10059	1	0.0	2	1
10517	1	0.0	2	1
10724	1	0.0	2	1
10955	1	0.0	2	1
11399	1	0.0	2	1
12632	1	0.0	2	1
13119	1	0.0	2	1
13612	1	0.0	2	1


WARNING:
    One or more of your adapter sequences may be incomplete.
    Please see the detailed output above.
