🔍 Traitement de : barcode16
2025-05-19 12:32:06 Sorting BAM file
2025-05-19 12:32:06 Indexing BAM file
2025-05-19 12:32:06 Building reads pileup
2025-05-19 12:32:17 Sorting VCF file
2025-05-19 12:32:17 Building pileup array
2025-05-19 12:32:17 Parsing SNP at position 17
2025-05-19 12:32:17 Parsing SNP at position 76
2025-05-19 12:32:17 Parsing SNP at position 159
2025-05-19 12:32:17 Parsing SNP at position 188
2025-05-19 12:32:17 Parsing SNP at position 239
2025-05-19 12:32:17 Parsing SNP at position 242
2025-05-19 12:32:17 Parsing SNP at position 260
2025-05-19 12:32:17 Parsing SNP at position 268
2025-05-19 12:32:17 Parsing SNP at position 284
2025-05-19 12:32:17 Parsing SNP at position 314
2025-05-19 12:32:17 Parsing SNP at position 350
2025-05-19 12:32:17 Parsing SNP at position 381
2025-05-19 12:32:17 Parsing SNP at position 398
2025-05-19 12:32:17 Parsing SNP at position 431
2025-05-19 12:32:17 Parsing SNP at position 473
2025-05-19 12:32:17 Parsing SNP at position 476
2025-05-19 12:32:17 Parsing SNP at position 484
2025-05-19 12:32:17 Parsing SNP at position 534
2025-05-19 12:32:17 Parsing SNP at position 537
2025-05-19 12:32:17 Parsing SNP at position 636
2025-05-19 12:32:17 Parsing SNP at position 645
2025-05-19 12:32:17 Parsing SNP at position 660
2025-05-19 12:32:17 Parsing SNP at position 666
2025-05-19 12:32:17 Parsing SNP at position 684
2025-05-19 12:32:17 Parsing SNP at position 691
2025-05-19 12:32:17 Parsing SNP at position 692
2025-05-19 12:32:17 Parsing SNP at position 703
2025-05-19 12:32:17 Parsing SNP at position 705
2025-05-19 12:32:17 Parsing SNP at position 717
2025-05-19 12:32:17 Parsing SNP at position 720
2025-05-19 12:32:17 Parsing SNP at position 727
2025-05-19 12:32:17 Parsing SNP at position 738
2025-05-19 12:32:17 Parsing SNP at position 751
2025-05-19 12:32:17 Parsing SNP at position 754
2025-05-19 12:32:17 Parsing SNP at position 763
2025-05-19 12:32:17 Parsing SNP at position 765
2025-05-19 12:32:17 Parsing SNP at position 770
2025-05-19 12:32:17 Parsing SNP at position 777
2025-05-19 12:32:17 Parsing SNP at position 780
2025-05-19 12:32:17 Parsing SNP at position 789
2025-05-19 12:32:17 Parsing SNP at position 798
2025-05-19 12:32:17 Parsing SNP at position 805
2025-05-19 12:32:17 Parsing SNP at position 831
2025-05-19 12:32:17 Parsing SNP at position 837
2025-05-19 12:32:17 Parsing SNP at position 840
2025-05-19 12:32:17 Parsing SNP at position 841
2025-05-19 12:32:17 Parsing SNP at position 846
2025-05-19 12:32:17 Parsing SNP at position 861
2025-05-19 12:32:17 Parsing SNP at position 864
2025-05-19 12:32:17 Parsing SNP at position 870
2025-05-19 12:32:17 Parsing SNP at position 873
2025-05-19 12:32:17 Parsing SNP at position 879
2025-05-19 12:32:17 Parsing SNP at position 888
2025-05-19 12:32:17 Skip position 888 due to unpassed quality test
2025-05-19 12:32:17 Parsing SNP at position 891
2025-05-19 12:32:17 Skip position 891 due to unpassed quality test
2025-05-19 12:32:17 Parsing SNP at position 892
2025-05-19 12:32:17 Skip position 892 due to unpassed quality test
2025-05-19 12:32:17 Parsing SNP at position 896
2025-05-19 12:32:17 Skip position 896 due to unpassed quality test
2025-05-19 12:32:17 Parsing SNP at position 915
2025-05-19 12:32:17 Skip position 915 due to unpassed quality test
2025-05-19 12:32:17 Parsing SNP at position 918
2025-05-19 12:32:17 Skip position 918 due to unpassed quality test
2025-05-19 12:32:17 Parsing SNP at position 919
2025-05-19 12:32:17 Skip position 919 due to unpassed quality test
2025-05-19 12:32:17 Parsing SNP at position 921
2025-05-19 12:32:17 Skip position 921 due to unpassed quality test
2025-05-19 12:32:17 Parsing SNP at position 933
2025-05-19 12:32:17 Skip position 933 due to unpassed quality test
2025-05-19 12:32:17 Parsing SNP at position 939
2025-05-19 12:32:17 Skip position 939 due to unpassed quality test
2025-05-19 12:32:17 Parsing SNP at position 948
2025-05-19 12:32:17 Skip position 948 due to unpassed quality test
2025-05-19 12:32:17 Parsing SNP at position 951
2025-05-19 12:32:17 Skip position 951 due to unpassed quality test
2025-05-19 12:32:17 Parsing SNP at position 954
2025-05-19 12:32:17 Skip position 954 due to unpassed quality test
2025-05-19 12:32:17 Parsing SNP at position 955
2025-05-19 12:32:17 Skip position 955 due to unpassed quality test
2025-05-19 12:32:17 Parsing SNP at position 963
2025-05-19 12:32:17 Skip position 963 due to unpassed quality test
2025-05-19 12:32:17 Parsing SNP at position 969
2025-05-19 12:32:17 Skip position 969 due to unpassed quality test
2025-05-19 12:32:17 Parsing SNP at position 970
2025-05-19 12:32:17 Skip position 970 due to unpassed quality test
2025-05-19 12:32:17 Parsing SNP at position 972
2025-05-19 12:32:17 Skip position 972 due to unpassed quality test
2025-05-19 12:32:17 Parsing SNP at position 978
2025-05-19 12:32:17 Skip position 978 due to unpassed quality test
2025-05-19 12:32:17 Parsing SNP at position 993
2025-05-19 12:32:17 Skip position 993 due to unpassed quality test
2025-05-19 12:32:17 Parsing SNP at position 1020
2025-05-19 12:32:17 Skip position 1020 due to unpassed quality test
2025-05-19 12:32:17 Parsing SNP at position 1055
2025-05-19 12:32:17 Skip position 1055 due to unpassed quality test
2025-05-19 12:32:17 Parsing SNP at position 1081
2025-05-19 12:32:17 Skip position 1081 due to unpassed quality test
2025-05-19 12:32:17 Parsing SNP at position 1090
2025-05-19 12:32:17 Skip position 1090 due to unpassed quality test
2025-05-19 12:32:17 Parsing SNP at position 1099
2025-05-19 12:32:17 Skip position 1099 due to unpassed quality test
2025-05-19 12:32:17 Parsing SNP at position 1100
2025-05-19 12:32:17 Skip position 1100 due to unpassed quality test
2025-05-19 12:32:17 Parsing SNP at position 1110
2025-05-19 12:32:17 Skip position 1110 due to unpassed quality test
2025-05-19 12:32:17 Parsing SNP at position 1138
2025-05-19 12:32:17 Skip position 1138 due to unpassed quality test
2025-05-19 12:32:17 Parsing SNP at position 1141
2025-05-19 12:32:17 Skip position 1141 due to unpassed quality test
2025-05-19 12:32:17 Parsing SNP at position 1144
2025-05-19 12:32:17 Skip position 1144 due to unpassed quality test
2025-05-19 12:32:17 Parsing SNP at position 1147
2025-05-19 12:32:17 Skip position 1147 due to unpassed quality test
2025-05-19 12:32:17 Parsing SNP at position 1150
2025-05-19 12:32:17 Skip position 1150 due to unpassed quality test
2025-05-19 12:32:17 Parsing SNP at position 1153
2025-05-19 12:32:17 Skip position 1153 due to unpassed quality test
2025-05-19 12:32:17 Parsing SNP at position 1181
2025-05-19 12:32:17 Skip position 1181 due to unpassed quality test
2025-05-19 12:32:17 Parsing SNP at position 1184
2025-05-19 12:32:17 Skip position 1184 due to unpassed quality test
2025-05-19 12:32:17 Parsing SNP at position 1186
2025-05-19 12:32:17 Skip position 1186 due to unpassed quality test
2025-05-19 12:32:17 Parsing SNP at position 1192
2025-05-19 12:32:17 Skip position 1192 due to unpassed quality test
2025-05-19 12:32:17 Parsing SNP at position 1204
2025-05-19 12:32:17 Skip position 1204 due to unpassed quality test
2025-05-19 12:32:17 Parsing SNP at position 1240
2025-05-19 12:32:17 Skip position 1240 due to unpassed quality test
2025-05-19 12:32:17 Parsing SNP at position 1253
2025-05-19 12:32:17 Skip position 1253 due to unpassed quality test
2025-05-19 12:32:17 Parsing SNP at position 1255
2025-05-19 12:32:17 Skip position 1255 due to unpassed quality test
2025-05-19 12:32:17 Parsing SNP at position 1270
2025-05-19 12:32:17 Skip position 1270 due to unpassed quality test
2025-05-19 12:32:17 Parsing SNP at position 1275
2025-05-19 12:32:17 Skip position 1275 due to unpassed quality test
2025-05-19 12:32:17 Parsing SNP at position 1309
2025-05-19 12:32:17 Skip position 1309 due to unpassed quality test
2025-05-19 12:32:17 Parsing SNP at position 1319
2025-05-19 12:32:17 Skip position 1319 due to unpassed quality test
2025-05-19 12:32:17 Parsing SNP at position 1324
2025-05-19 12:32:17 Skip position 1324 due to unpassed quality test
2025-05-19 12:32:17 Parsing SNP at position 1326
2025-05-19 12:32:17 Skip position 1326 due to unpassed quality test
2025-05-19 12:32:17 Parsing SNP at position 1330
2025-05-19 12:32:17 Skip position 1330 due to unpassed quality test
2025-05-19 12:32:17 Parsing SNP at position 1339
2025-05-19 12:32:17 Skip position 1339 due to unpassed quality test
2025-05-19 12:32:17 Parsing SNP at position 1344
2025-05-19 12:32:17 Skip position 1344 due to unpassed quality test
2025-05-19 12:32:17 Parsing SNP at position 1348
2025-05-19 12:32:17 Skip position 1348 due to unpassed quality test
2025-05-19 12:32:17 Parsing SNP at position 1375
2025-05-19 12:32:17 Skip position 1375 due to unpassed quality test
2025-05-19 12:32:17 Parsing SNP at position 1384
2025-05-19 12:32:17 Skip position 1384 due to unpassed quality test
2025-05-19 12:32:17 Parsing SNP at position 1386
2025-05-19 12:32:17 Skip position 1386 due to unpassed quality test
2025-05-19 12:32:17 Parsing SNP at position 1392
2025-05-19 12:32:17 Skip position 1392 due to unpassed quality test
2025-05-19 12:32:17 Parsing SNP at position 1395
2025-05-19 12:32:17 Skip position 1395 due to unpassed quality test
2025-05-19 12:32:17 Parsing SNP at position 1398
2025-05-19 12:32:17 Skip position 1398 due to unpassed quality test
2025-05-19 12:32:17 Parsing SNP at position 1404
2025-05-19 12:32:17 Skip position 1404 due to unpassed quality test
2025-05-19 12:32:17 Parsing SNP at position 1408
2025-05-19 12:32:17 Skip position 1408 due to unpassed quality test
2025-05-19 12:32:17 Parsing SNP at position 1409
2025-05-19 12:32:17 Skip position 1409 due to unpassed quality test
2025-05-19 12:32:17 Parsing SNP at position 1426
2025-05-19 12:32:17 Skip position 1426 due to unpassed quality test
2025-05-19 12:32:17 Parsing SNP at position 1431
2025-05-19 12:32:17 Skip position 1431 due to unpassed quality test
2025-05-19 12:32:17 Parsing SNP at position 1446
2025-05-19 12:32:17 Skip position 1446 due to unpassed quality test
2025-05-19 12:32:17 Parsing SNP at position 1464
2025-05-19 12:32:17 Skip position 1464 due to unpassed quality test
2025-05-19 12:32:17 Parsing SNP at position 1465
2025-05-19 12:32:17 Skip position 1465 due to unpassed quality test
2025-05-19 12:32:17 Parsing SNP at position 1466
2025-05-19 12:32:17 Skip position 1466 due to unpassed quality test
2025-05-19 12:32:17 Parsing SNP at position 1475
2025-05-19 12:32:17 Skip position 1475 due to unpassed quality test
2025-05-19 12:32:17 Parsing SNP at position 1524
2025-05-19 12:32:17 Skip position 1524 due to unpassed quality test
2025-05-19 12:32:17 Parsing SNP at position 1586
2025-05-19 12:32:17 Skip position 1586 due to unpassed quality test
2025-05-19 12:32:17 Parsing SNP at position 1592
2025-05-19 12:32:17 Skip position 1592 due to unpassed quality test
2025-05-19 12:32:17 Parsing SNP at position 1593
2025-05-19 12:32:17 Skip position 1593 due to unpassed quality test
2025-05-19 12:32:17 Parsing SNP at position 1599
2025-05-19 12:32:17 Skip position 1599 due to unpassed quality test
2025-05-19 12:32:17 Parsing SNP at position 1620
2025-05-19 12:32:17 Skip position 1620 due to unpassed quality test
2025-05-19 12:32:17 Parsing SNP at position 1623
2025-05-19 12:32:17 Skip position 1623 due to unpassed quality test
2025-05-19 12:32:17 Parsing SNP at position 1629
2025-05-19 12:32:17 Skip position 1629 due to unpassed quality test
2025-05-19 12:32:17 Parsing SNP at position 1644
2025-05-19 12:32:17 Skip position 1644 due to unpassed quality test
2025-05-19 12:32:17 Parsing SNP at position 1666
2025-05-19 12:32:17 Skip position 1666 due to unpassed quality test
2025-05-19 12:32:17 Parsing SNP at position 1699
2025-05-19 12:32:17 Skip position 1699 due to unpassed quality test
2025-05-19 12:32:17 Parsing SNP at position 1707
2025-05-19 12:32:17 Skip position 1707 due to unpassed quality test
2025-05-19 12:32:17 Parsing SNP at position 1753
2025-05-19 12:32:17 Skip position 1753 due to unpassed quality test
2025-05-19 12:32:17 Parsing SNP at position 1780
2025-05-19 12:32:17 Skip position 1780 due to unpassed quality test
2025-05-19 12:32:17 Parsing SNP at position 1781
2025-05-19 12:32:17 Skip position 1781 due to unpassed quality test
2025-05-19 12:32:17 Parsing SNP at position 1790
2025-05-19 12:32:17 Skip position 1790 due to unpassed quality test
2025-05-19 12:32:17 Parsing SNP at position 1804
2025-05-19 12:32:17 Skip position 1804 due to unpassed quality test
2025-05-19 12:32:17 Parsing SNP at position 1807
2025-05-19 12:32:17 Skip position 1807 due to unpassed quality test
2025-05-19 12:32:17 Parsing SNP at position 1809
2025-05-19 12:32:17 Skip position 1809 due to unpassed quality test
2025-05-19 12:32:17 Parsing SNP at position 1813
2025-05-19 12:32:17 Skip position 1813 due to unpassed quality test
2025-05-19 12:32:17 Parsing SNP at position 1825
2025-05-19 12:32:17 Skip position 1825 due to unpassed quality test
2025-05-19 12:32:17 Parsing SNP at position 1834
2025-05-19 12:32:17 Skip position 1834 due to unpassed quality test
2025-05-19 12:32:17 Parsing SNP at position 1836
2025-05-19 12:32:17 Skip position 1836 due to unpassed quality test
2025-05-19 12:32:17 Parsing SNP at position 1867
2025-05-19 12:32:17 Skip position 1867 due to unpassed quality test
2025-05-19 12:32:17 Parsing SNP at position 1886
2025-05-19 12:32:17 Skip position 1886 due to unpassed quality test
2025-05-19 12:32:17 Parsing SNP at position 1903
2025-05-19 12:32:17 Skip position 1903 due to unpassed quality test
2025-05-19 12:32:17 Parsing SNP at position 1938
2025-05-19 12:32:17 Skip position 1938 due to unpassed quality test
2025-05-19 12:32:17 Parsing SNP at position 1941
2025-05-19 12:32:17 Skip position 1941 due to unpassed quality test
2025-05-19 12:32:17 Parsing SNP at position 1972
2025-05-19 12:32:17 Skip position 1972 due to unpassed quality test
2025-05-19 12:32:17 Parsing SNP at position 2029
2025-05-19 12:32:17 Skip position 2029 due to unpassed quality test
2025-05-19 12:32:17 Parsing SNP at position 2058
2025-05-19 12:32:17 Skip position 2058 due to unpassed quality test
2025-05-19 12:32:17 Parsing SNP at position 2096
2025-05-19 12:32:17 Skip position 2096 due to unpassed quality test
2025-05-19 12:32:17 Parsing SNP at position 2098
2025-05-19 12:32:17 Skip position 2098 due to unpassed quality test
2025-05-19 12:32:17 Parsing SNP at position 2101
2025-05-19 12:32:17 Skip position 2101 due to unpassed quality test
2025-05-19 12:32:17 Parsing SNP at position 2104
2025-05-19 12:32:17 Skip position 2104 due to unpassed quality test
2025-05-19 12:32:17 Parsing SNP at position 2139
2025-05-19 12:32:17 Skip position 2139 due to unpassed quality test
2025-05-19 12:32:17 Parsing SNP at position 2145
2025-05-19 12:32:17 Skip position 2145 due to unpassed quality test
2025-05-19 12:32:17 Parsing SNP at position 2146
2025-05-19 12:32:17 Skip position 2146 due to unpassed quality test
2025-05-19 12:32:17 Parsing SNP at position 2148
2025-05-19 12:32:17 Skip position 2148 due to unpassed quality test
2025-05-19 12:32:17 Parsing SNP at position 2154
2025-05-19 12:32:17 Skip position 2154 due to unpassed quality test
2025-05-19 12:32:17 Parsing SNP at position 2158
2025-05-19 12:32:17 Skip position 2158 due to unpassed quality test
2025-05-19 12:32:17 Parsing SNP at position 2160
2025-05-19 12:32:17 Skip position 2160 due to unpassed quality test
2025-05-19 12:32:17 Parsing SNP at position 2166
2025-05-19 12:32:17 Skip position 2166 due to unpassed quality test
2025-05-19 12:32:17 Parsing SNP at position 2169
2025-05-19 12:32:17 Skip position 2169 due to unpassed quality test
2025-05-19 12:32:17 Parsing SNP at position 2199
2025-05-19 12:32:17 Skip position 2199 due to unpassed quality test
2025-05-19 12:32:17 Parsing SNP at position 2208
2025-05-19 12:32:17 Skip position 2208 due to unpassed quality test
2025-05-19 12:32:17 Parsing SNP at position 2211
2025-05-19 12:32:17 Skip position 2211 due to unpassed quality test
2025-05-19 12:32:17 Parsing SNP at position 2214
2025-05-19 12:32:17 Skip position 2214 due to unpassed quality test
2025-05-19 12:32:17 Parsing SNP at position 2217
2025-05-19 12:32:17 Skip position 2217 due to unpassed quality test
2025-05-19 12:32:17 Parsing SNP at position 2220
2025-05-19 12:32:17 Skip position 2220 due to unpassed quality test
2025-05-19 12:32:17 Parsing SNP at position 2223
2025-05-19 12:32:17 Skip position 2223 due to unpassed quality test
2025-05-19 12:32:17 Parsing SNP at position 2234
2025-05-19 12:32:17 Skip position 2234 due to unpassed quality test
2025-05-19 12:32:17 Parsing SNP at position 2254
2025-05-19 12:32:17 Skip position 2254 due to unpassed quality test
2025-05-19 12:32:17 Parsing SNP at position 2256
2025-05-19 12:32:17 Skip position 2256 due to unpassed quality test
2025-05-19 12:32:17 Parsing SNP at position 2262
2025-05-19 12:32:17 Skip position 2262 due to unpassed quality test
2025-05-19 12:32:17 Parsing SNP at position 2271
2025-05-19 12:32:17 Parsing SNP at position 2272
2025-05-19 12:32:17 Parsing SNP at position 2274
2025-05-19 12:32:17 Parsing SNP at position 2299
2025-05-19 12:32:17 Parsing SNP at position 2307
2025-05-19 12:32:17 Parsing SNP at position 2319
2025-05-19 12:32:17 Parsing SNP at position 2325
2025-05-19 12:32:17 Parsing SNP at position 2334
2025-05-19 12:32:17 Parsing SNP at position 2337
2025-05-19 12:32:17 Parsing SNP at position 2346
2025-05-19 12:32:17 Parsing SNP at position 2355
2025-05-19 12:32:17 Parsing SNP at position 2360
2025-05-19 12:32:17 Parsing SNP at position 2383
2025-05-19 12:32:17 Parsing SNP at position 2385
2025-05-19 12:32:17 Parsing SNP at position 2388
2025-05-19 12:32:17 Parsing SNP at position 2397
2025-05-19 12:32:17 Parsing SNP at position 2427
2025-05-19 12:32:17 Parsing SNP at position 2428
2025-05-19 12:32:17 Parsing SNP at position 2436
2025-05-19 12:32:17 Parsing SNP at position 2440
2025-05-19 12:32:17 Parsing SNP at position 2460
2025-05-19 12:32:17 Parsing SNP at position 2470
2025-05-19 12:32:17 Parsing SNP at position 2472
2025-05-19 12:32:17 Parsing SNP at position 2476
2025-05-19 12:32:17 Parsing SNP at position 2478
2025-05-19 12:32:17 Parsing SNP at position 2511
2025-05-19 12:32:17 Parsing SNP at position 2523
2025-05-19 12:32:17 Parsing SNP at position 2534
2025-05-19 12:32:17 Parsing SNP at position 2535
2025-05-19 12:32:17 Parsing SNP at position 2557
2025-05-19 12:32:17 Parsing SNP at position 2592
2025-05-19 12:32:17 Parsing SNP at position 2611
2025-05-19 12:32:17 Parsing SNP at position 2619
2025-05-19 12:32:17 Parsing SNP at position 2628
2025-05-19 12:32:17 Parsing SNP at position 2634
2025-05-19 12:32:17 Parsing SNP at position 2637
2025-05-19 12:32:17 Parsing SNP at position 2643
2025-05-19 12:32:17 Parsing SNP at position 2649
2025-05-19 12:32:17 Parsing SNP at position 2652
2025-05-19 12:32:17 Parsing SNP at position 2658
2025-05-19 12:32:17 Parsing SNP at position 2661
2025-05-19 12:32:17 Parsing SNP at position 2664
2025-05-19 12:32:17 Parsing SNP at position 2667
2025-05-19 12:32:17 Parsing SNP at position 2670
2025-05-19 12:32:17 Parsing SNP at position 2673
2025-05-19 12:32:17 Parsing SNP at position 2691
2025-05-19 12:32:17 Parsing SNP at position 2730
2025-05-19 12:32:17 Parsing SNP at position 2757
2025-05-19 12:32:17 Parsing SNP at position 2766
2025-05-19 12:32:17 Parsing SNP at position 2769
2025-05-19 12:32:17 Parsing SNP at position 2778
2025-05-19 12:32:17 Parsing SNP at position 2784
2025-05-19 12:32:17 Parsing SNP at position 2793
2025-05-19 12:32:17 Parsing SNP at position 2796
2025-05-19 12:32:17 Parsing SNP at position 2802
2025-05-19 12:32:17 Skip position 2802 due to unpassed quality test
2025-05-19 12:32:17 Parsing SNP at position 2804
2025-05-19 12:32:17 Skip position 2804 due to unpassed quality test
2025-05-19 12:32:17 Parsing SNP at position 2808
2025-05-19 12:32:17 Skip position 2808 due to unpassed quality test
2025-05-19 12:32:17 Parsing SNP at position 2811
2025-05-19 12:32:17 Skip position 2811 due to unpassed quality test
2025-05-19 12:32:17 Parsing SNP at position 2813
2025-05-19 12:32:17 Skip position 2813 due to unpassed quality test
2025-05-19 12:32:17 Parsing SNP at position 2817
2025-05-19 12:32:17 Parsing SNP at position 2849
2025-05-19 12:32:17 Parsing SNP at position 2871
2025-05-19 12:32:17 Parsing SNP at position 2879
2025-05-19 12:32:17 Parsing SNP at position 2907
2025-05-19 12:32:17 Parsing SNP at position 2941
2025-05-19 12:32:17 Parsing SNP at position 2943
2025-05-19 12:32:17 Parsing SNP at position 2957
2025-05-19 12:32:17 Parsing SNP at position 2978
2025-05-19 12:32:18 Parsing SNP at position 3008
2025-05-19 12:32:18 Parsing SNP at position 3024
2025-05-19 12:32:18 Parsing SNP at position 3032
2025-05-19 12:32:18 Parsing SNP at position 3035
2025-05-19 12:32:18 Parsing SNP at position 3052
2025-05-19 12:32:18 Parsing SNP at position 3057
2025-05-19 12:32:18 Parsing SNP at position 3104
2025-05-19 12:32:18 Writting results
2025-05-19 12:32:18 Running time: 0h:0m:12s::9
SYSTEM INFO: os: Linux
SYSTEM INFO: os version: #1 SMP Tue Nov 5 00:21:55 UTC 2024
SYSTEM INFO: CPU: 12
