This is cutadapt 5.0 with Python 3.10.14
Command line parameters: -j 10 -a file:HBV_primer.fasta --discard-untrimmed -m 150 -M 1200 -q 10 -o barcode08_trim_reads.fastq.gz barcode08.fastq
Processing single-end reads on 10 cores ...

=== Summary ===

Total reads processed:                  30,829
Reads with adapters:                     6,147 (19.9%)

== Read fate breakdown ==
Reads that were too short:              24,716 (80.2%)
Reads that were too long:                  103 (0.3%)
Reads discarded as untrimmed:            5,525 (17.9%)
Reads written (passing filters):           485 (1.6%)

Total basepairs processed:     6,993,784 bp
Quality-trimmed:                  56,194 bp (0.8%)
Total written (filtered):        111,676 bp (1.6%)

=== Adapter P1bis ===

Sequence: TTCACCTCTGCCTAATCA; Type: regular 3'; Length: 18; Trimmed: 3153 times

Minimum overlap: 3
No. of allowed errors:
1-9 bp: 0; 10-18 bp: 1

Bases preceding removed adapters:
  A: 86.6%
  C: 0.9%
  G: 1.8%
  T: 10.6%
  none/other: 0.1%
WARNING:
    The adapter is preceded by 'A' extremely often.
    The provided adapter sequence could be incomplete at its 5' end.
    Ignore this warning when trimming primers.

Overview of removed sequences
length	count	expect	max.err	error counts
3	113	481.7	0	113
4	62	120.4	0	62
5	7	30.1	0	7
6	1	7.5	0	1
7	16	1.9	0	16
8	3	0.5	0	3
9	5	0.1	0	5
10	10	0.0	1	4 6
11	77	0.0	1	0 77
12	34	0.0	1	0 34
13	11	0.0	1	0 11
15	1	0.0	1	0 1
16	6	0.0	1	0 6
17	1	0.0	1	0 1
21	1	0.0	1	0 1
25	2	0.0	1	2
30	1	0.0	1	0 1
31	1	0.0	1	0 1
33	1	0.0	1	0 1
34	1	0.0	1	0 1
35	2	0.0	1	0 2
36	5	0.0	1	0 5
37	5	0.0	1	0 5
38	15	0.0	1	0 15
39	4	0.0	1	0 4
40	5	0.0	1	0 5
41	41	0.0	1	0 41
42	21	0.0	1	0 21
43	7	0.0	1	0 7
44	11	0.0	1	0 11
45	14	0.0	1	2 12
46	1	0.0	1	0 1
47	4	0.0	1	0 4
48	11	0.0	1	0 11
49	8	0.0	1	0 8
50	19	0.0	1	0 19
51	53	0.0	1	0 53
52	69	0.0	1	0 69
53	84	0.0	1	0 84
54	373	0.0	1	0 373
55	28	0.0	1	0 28
56	14	0.0	1	0 14
57	72	0.0	1	0 72
58	4	0.0	1	1 3
59	6	0.0	1	0 6
60	5	0.0	1	0 5
62	2	0.0	1	0 2
63	3	0.0	1	0 3
64	21	0.0	1	7 14
65	8	0.0	1	0 8
66	3	0.0	1	1 2
67	2	0.0	1	0 2
68	2	0.0	1	0 2
69	5	0.0	1	0 5
70	4	0.0	1	0 4
71	8	0.0	1	0 8
72	4	0.0	1	0 4
73	4	0.0	1	0 4
74	5	0.0	1	0 5
75	12	0.0	1	0 12
76	13	0.0	1	0 13
77	9	0.0	1	0 9
78	7	0.0	1	0 7
79	7	0.0	1	0 7
80	5	0.0	1	0 5
81	10	0.0	1	0 10
82	8	0.0	1	0 8
83	4	0.0	1	0 4
84	7	0.0	1	1 6
85	12	0.0	1	0 12
86	21	0.0	1	0 21
87	53	0.0	1	1 52
88	16	0.0	1	0 16
89	27	0.0	1	0 27
90	20	0.0	1	0 20
91	3	0.0	1	0 3
92	10	0.0	1	0 10
93	10	0.0	1	0 10
94	3	0.0	1	0 3
95	4	0.0	1	0 4
96	4	0.0	1	0 4
97	6	0.0	1	0 6
98	10	0.0	1	1 9
99	7	0.0	1	0 7
100	5	0.0	1	0 5
101	6	0.0	1	0 6
102	7	0.0	1	0 7
103	11	0.0	1	0 11
104	12	0.0	1	0 12
105	9	0.0	1	0 9
106	11	0.0	1	1 10
107	30	0.0	1	0 30
108	19	0.0	1	1 18
109	17	0.0	1	0 17
110	31	0.0	1	1 30
111	20	0.0	1	0 20
112	27	0.0	1	0 27
113	19	0.0	1	0 19
114	25	0.0	1	0 25
115	18	0.0	1	0 18
116	14	0.0	1	0 14
117	17	0.0	1	0 17
118	27	0.0	1	0 27
119	44	0.0	1	0 44
120	76	0.0	1	0 76
121	48	0.0	1	1 47
122	58	0.0	1	0 58
123	31	0.0	1	0 31
124	29	0.0	1	0 29
125	25	0.0	1	0 25
126	9	0.0	1	0 9
127	9	0.0	1	0 9
128	5	0.0	1	0 5
129	4	0.0	1	0 4
130	3	0.0	1	0 3
132	6	0.0	1	0 6
133	5	0.0	1	0 5
134	1	0.0	1	0 1
135	4	0.0	1	1 3
136	4	0.0	1	0 4
137	10	0.0	1	2 8
138	8	0.0	1	0 8
139	15	0.0	1	1 14
140	14	0.0	1	0 14
141	7	0.0	1	0 7
142	17	0.0	1	0 17
143	18	0.0	1	0 18
144	5	0.0	1	0 5
145	9	0.0	1	0 9
146	8	0.0	1	1 7
147	5	0.0	1	0 5
148	6	0.0	1	1 5
149	8	0.0	1	0 8
150	8	0.0	1	0 8
151	14	0.0	1	0 14
152	10	0.0	1	0 10
153	20	0.0	1	0 20
154	13	0.0	1	0 13
155	20	0.0	1	0 20
156	7	0.0	1	0 7
157	17	0.0	1	1 16
158	11	0.0	1	0 11
159	6	0.0	1	0 6
160	3	0.0	1	0 3
161	3	0.0	1	0 3
162	1	0.0	1	0 1
163	3	0.0	1	0 3
164	2	0.0	1	0 2
165	3	0.0	1	0 3
166	1	0.0	1	0 1
167	4	0.0	1	1 3
168	5	0.0	1	0 5
169	7	0.0	1	0 7
170	5	0.0	1	0 5
171	5	0.0	1	0 5
172	5	0.0	1	0 5
173	8	0.0	1	0 8
174	4	0.0	1	0 4
175	6	0.0	1	0 6
176	11	0.0	1	2 9
177	4	0.0	1	0 4
178	9	0.0	1	0 9
179	7	0.0	1	0 7
180	7	0.0	1	0 7
181	7	0.0	1	0 7
182	7	0.0	1	0 7
183	2	0.0	1	0 2
184	4	0.0	1	0 4
185	5	0.0	1	0 5
186	14	0.0	1	0 14
187	9	0.0	1	0 9
188	14	0.0	1	0 14
189	12	0.0	1	0 12
190	12	0.0	1	0 12
191	11	0.0	1	1 10
192	2	0.0	1	0 2
193	4	0.0	1	0 4
194	2	0.0	1	0 2
195	3	0.0	1	0 3
197	2	0.0	1	0 2
198	2	0.0	1	0 2
199	3	0.0	1	0 3
202	2	0.0	1	0 2
203	3	0.0	1	0 3
204	2	0.0	1	0 2
205	2	0.0	1	0 2
207	3	0.0	1	0 3
208	2	0.0	1	0 2
209	4	0.0	1	0 4
210	2	0.0	1	0 2
211	6	0.0	1	0 6
212	3	0.0	1	0 3
213	3	0.0	1	0 3
214	3	0.0	1	0 3
215	3	0.0	1	0 3
216	2	0.0	1	0 2
218	5	0.0	1	0 5
219	4	0.0	1	0 4
220	2	0.0	1	0 2
221	4	0.0	1	0 4
222	6	0.0	1	0 6
223	5	0.0	1	0 5
224	9	0.0	1	0 9
225	5	0.0	1	0 5
226	2	0.0	1	0 2
227	12	0.0	1	0 12
228	39	0.0	1	1 38
229	8	0.0	1	0 8
230	2	0.0	1	0 2
231	2	0.0	1	0 2
232	1	0.0	1	0 1
233	2	0.0	1	0 2
234	1	0.0	1	0 1
235	3	0.0	1	1 2
236	2	0.0	1	0 2
237	2	0.0	1	0 2
238	1	0.0	1	0 1
239	1	0.0	1	0 1
240	2	0.0	1	0 2
242	1	0.0	1	0 1
243	7	0.0	1	1 6
244	1	0.0	1	0 1
245	1	0.0	1	0 1
246	2	0.0	1	0 2
247	1	0.0	1	0 1
248	6	0.0	1	1 5
249	2	0.0	1	0 2
250	5	0.0	1	1 4
251	5	0.0	1	0 5
252	1	0.0	1	0 1
253	2	0.0	1	0 2
254	2	0.0	1	0 2
255	2	0.0	1	0 2
256	2	0.0	1	0 2
257	2	0.0	1	0 2
258	1	0.0	1	0 1
259	1	0.0	1	0 1
260	3	0.0	1	0 3
263	1	0.0	1	0 1
264	2	0.0	1	0 2
267	1	0.0	1	0 1
269	1	0.0	1	0 1
274	1	0.0	1	0 1
275	1	0.0	1	0 1
276	1	0.0	1	0 1
277	1	0.0	1	0 1
279	3	0.0	1	0 3
280	2	0.0	1	0 2
282	2	0.0	1	0 2
283	2	0.0	1	0 2
284	1	0.0	1	0 1
285	1	0.0	1	0 1
286	1	0.0	1	0 1
288	1	0.0	1	0 1
289	2	0.0	1	0 2
290	2	0.0	1	0 2
292	3	0.0	1	0 3
293	2	0.0	1	0 2
294	1	0.0	1	0 1
295	1	0.0	1	0 1
296	3	0.0	1	0 3
297	8	0.0	1	0 8
298	1	0.0	1	0 1
299	3	0.0	1	0 3
300	6	0.0	1	0 6
301	4	0.0	1	0 4
302	10	0.0	1	0 10
303	18	0.0	1	0 18
304	5	0.0	1	0 5
305	1	0.0	1	0 1
306	1	0.0	1	0 1
308	3	0.0	1	0 3
310	2	0.0	1	0 2
311	1	0.0	1	0 1
312	1	0.0	1	0 1
320	2	0.0	1	0 2
322	1	0.0	1	0 1
324	1	0.0	1	0 1
325	1	0.0	1	0 1
326	1	0.0	1	0 1
332	1	0.0	1	0 1
333	1	0.0	1	0 1
336	1	0.0	1	0 1
337	1	0.0	1	0 1
339	1	0.0	1	0 1
342	3	0.0	1	0 3
352	1	0.0	1	0 1
355	1	0.0	1	0 1
357	1	0.0	1	0 1
358	1	0.0	1	0 1
362	1	0.0	1	0 1
364	1	0.0	1	0 1
369	1	0.0	1	0 1
370	1	0.0	1	0 1
371	4	0.0	1	0 4
372	2	0.0	1	0 2
374	2	0.0	1	1 1
380	1	0.0	1	0 1
382	1	0.0	1	0 1
384	1	0.0	1	0 1
385	1	0.0	1	0 1
386	1	0.0	1	0 1
389	1	0.0	1	0 1
395	1	0.0	1	0 1
399	1	0.0	1	0 1
401	1	0.0	1	0 1
404	1	0.0	1	1
408	1	0.0	1	0 1
409	1	0.0	1	0 1
414	1	0.0	1	0 1
421	1	0.0	1	0 1
424	2	0.0	1	1 1
429	1	0.0	1	0 1
432	2	0.0	1	0 2
435	2	0.0	1	0 2
437	1	0.0	1	0 1
444	1	0.0	1	0 1
450	1	0.0	1	0 1
457	1	0.0	1	0 1
458	1	0.0	1	0 1
462	1	0.0	1	1
470	1	0.0	1	0 1
475	1	0.0	1	0 1
480	2	0.0	1	1 1
524	1	0.0	1	0 1
526	1	0.0	1	0 1
546	2	0.0	1	0 2
547	1	0.0	1	0 1
549	1	0.0	1	0 1
589	1	0.0	1	0 1
627	1	0.0	1	0 1
646	1	0.0	1	0 1
769	1	0.0	1	0 1
808	1	0.0	1	1
893	1	0.0	1	0 1
919	1	0.0	1	0 1
1155	1	0.0	1	1
1261	1	0.0	1	0 1
1356	1	0.0	1	0 1
1756	3	0.0	1	3
1757	1	0.0	1	1
1762	1	0.0	1	1
1764	1	0.0	1	1
1769	1	0.0	1	1
1771	1	0.0	1	1
1922	1	0.0	1	1
2024	1	0.0	1	1
2040	1	0.0	1	0 1
2929	1	0.0	1	1
3150	1	0.0	1	0 1
3153	1	0.0	1	0 1
3672	1	0.0	1	1


=== Adapter P2bis ===

Sequence: AAAAAGTTGCATGGTGCTGG; Type: regular 3'; Length: 20; Trimmed: 809 times

Minimum overlap: 3
No. of allowed errors:
1-9 bp: 0; 10-19 bp: 1; 20 bp: 2

Bases preceding removed adapters:
  A: 1.0%
  C: 4.8%
  G: 84.5%
  T: 7.3%
  none/other: 2.3%
WARNING:
    The adapter is preceded by 'G' extremely often.
    The provided adapter sequence could be incomplete at its 5' end.
    Ignore this warning when trimming primers.

Overview of removed sequences
length	count	expect	max.err	error counts
3	40	481.7	0	40
4	30	120.4	0	30
5	149	30.1	0	149
6	9	7.5	0	9
7	18	1.9	0	18
8	24	0.5	0	24
9	7	0.1	0	6 1
10	10	0.0	1	6 4
11	2	0.0	1	1 1
12	175	0.0	1	168 7
13	2	0.0	1	2
14	4	0.0	1	1 3
15	9	0.0	1	0 9
20	8	0.0	2	0 8
21	1	0.0	2	1
25	1	0.0	2	0 1
30	1	0.0	2	1
34	1	0.0	2	0 0 1
37	1	0.0	2	0 0 1
39	1	0.0	2	0 1
44	1	0.0	2	0 0 1
45	1	0.0	2	0 0 1
51	1	0.0	2	0 0 1
58	1	0.0	2	0 0 1
59	1	0.0	2	0 0 1
61	1	0.0	2	0 0 1
66	1	0.0	2	0 0 1
73	1	0.0	2	0 0 1
75	2	0.0	2	0 0 2
76	1	0.0	2	0 0 1
78	2	0.0	2	0 0 2
88	1	0.0	2	1
92	1	0.0	2	1
96	1	0.0	2	0 0 1
97	4	0.0	2	0 0 4
98	1	0.0	2	1
102	1	0.0	2	0 0 1
103	1	0.0	2	0 0 1
105	2	0.0	2	1 0 1
106	1	0.0	2	0 0 1
108	2	0.0	2	2
109	1	0.0	2	0 1
110	2	0.0	2	0 2
111	1	0.0	2	0 0 1
113	1	0.0	2	0 0 1
114	1	0.0	2	0 0 1
115	1	0.0	2	1
116	1	0.0	2	0 0 1
119	1	0.0	2	1
123	1	0.0	2	1
124	1	0.0	2	1
125	2	0.0	2	2
126	1	0.0	2	1
127	2	0.0	2	2
128	1	0.0	2	0 0 1
130	1	0.0	2	1
131	1	0.0	2	1
133	1	0.0	2	1
135	1	0.0	2	1
136	1	0.0	2	0 0 1
137	1	0.0	2	1
138	1	0.0	2	1
140	1	0.0	2	0 1
141	2	0.0	2	1 0 1
143	1	0.0	2	0 0 1
144	2	0.0	2	0 1 1
146	1	0.0	2	0 1
147	2	0.0	2	0 2
148	1	0.0	2	1
149	2	0.0	2	0 2
151	1	0.0	2	0 1
155	1	0.0	2	0 0 1
167	1	0.0	2	1
173	1	0.0	2	1
175	1	0.0	2	1
177	1	0.0	2	1
178	1	0.0	2	0 1
182	1	0.0	2	0 0 1
183	1	0.0	2	0 0 1
184	1	0.0	2	0 0 1
185	2	0.0	2	2
187	1	0.0	2	1
188	1	0.0	2	0 0 1
190	2	0.0	2	2
191	1	0.0	2	1
192	1	0.0	2	0 1
203	1	0.0	2	1
204	1	0.0	2	0 0 1
211	1	0.0	2	0 0 1
214	1	0.0	2	0 0 1
215	1	0.0	2	0 1
216	1	0.0	2	0 0 1
217	3	0.0	2	1 0 2
223	1	0.0	2	1
225	1	0.0	2	1
228	1	0.0	2	1
229	1	0.0	2	1
230	2	0.0	2	0 1 1
242	1	0.0	2	0 1
245	1	0.0	2	0 1
251	1	0.0	2	0 1
259	2	0.0	2	0 2
262	1	0.0	2	0 1
263	1	0.0	2	1
266	2	0.0	2	1 0 1
271	2	0.0	2	1 0 1
272	1	0.0	2	1
274	1	0.0	2	1
276	2	0.0	2	2
278	1	0.0	2	1
280	1	0.0	2	0 0 1
284	1	0.0	2	1
286	2	0.0	2	2
288	1	0.0	2	1
289	2	0.0	2	2
290	2	0.0	2	1 0 1
291	2	0.0	2	2
292	3	0.0	2	3
293	4	0.0	2	3 1
294	4	0.0	2	3 0 1
295	1	0.0	2	1
296	2	0.0	2	2
297	3	0.0	2	2 0 1
299	3	0.0	2	0 0 3
300	1	0.0	2	0 0 1
301	1	0.0	2	0 0 1
303	1	0.0	2	0 0 1
306	1	0.0	2	1
307	1	0.0	2	1
311	1	0.0	2	0 0 1
314	2	0.0	2	2
315	1	0.0	2	1
317	1	0.0	2	1
318	1	0.0	2	0 0 1
321	1	0.0	2	1
322	1	0.0	2	1
323	1	0.0	2	1
325	1	0.0	2	1
326	1	0.0	2	1
327	2	0.0	2	2
336	1	0.0	2	0 0 1
340	1	0.0	2	1
362	1	0.0	2	1
363	1	0.0	2	1
367	1	0.0	2	1
372	1	0.0	2	1
382	1	0.0	2	0 0 1
383	1	0.0	2	1
395	1	0.0	2	1
399	1	0.0	2	1
401	1	0.0	2	1
410	1	0.0	2	1
429	1	0.0	2	1
457	1	0.0	2	1
461	1	0.0	2	1
468	1	0.0	2	1
469	1	0.0	2	0 0 1
478	1	0.0	2	1
486	1	0.0	2	0 0 1
490	1	0.0	2	1
497	1	0.0	2	1
507	1	0.0	2	1
542	1	0.0	2	1
558	1	0.0	2	0 1
564	1	0.0	2	1
571	1	0.0	2	0 1
582	1	0.0	2	1
598	1	0.0	2	1
632	1	0.0	2	0 0 1
639	1	0.0	2	1
704	1	0.0	2	0 1
710	1	0.0	2	1
726	1	0.0	2	0 0 1
735	1	0.0	2	1
795	1	0.0	2	1
798	1	0.0	2	1
799	1	0.0	2	1
837	1	0.0	2	1
841	1	0.0	2	1
870	1	0.0	2	1
882	1	0.0	2	1
953	1	0.0	2	0 1
967	1	0.0	2	1
978	1	0.0	2	1
980	1	0.0	2	0 0 1
982	1	0.0	2	0 1
1135	1	0.0	2	1
1160	1	0.0	2	0 1
1223	1	0.0	2	1
1272	1	0.0	2	0 1
1288	1	0.0	2	0 1
1309	1	0.0	2	1
1311	1	0.0	2	1
1423	1	0.0	2	1
1461	1	0.0	2	1
1478	1	0.0	2	1
1499	1	0.0	2	1
1549	1	0.0	2	0 1
1554	1	0.0	2	0 0 1
1623	1	0.0	2	0 0 1
1635	1	0.0	2	0 1
1745	1	0.0	2	1
1769	1	0.0	2	1
1778	1	0.0	2	0 0 1
1811	1	0.0	2	1
1823	1	0.0	2	1
1833	1	0.0	2	1
1835	1	0.0	2	1
1847	1	0.0	2	1
1848	1	0.0	2	1
1850	1	0.0	2	1
1851	2	0.0	2	2
1852	2	0.0	2	2
1853	1	0.0	2	0 1
1855	3	0.0	2	2 1
1867	1	0.0	2	1
1875	1	0.0	2	1
1876	1	0.0	2	1
1894	1	0.0	2	1
1899	1	0.0	2	1
1900	1	0.0	2	1
1910	1	0.0	2	1
1951	1	0.0	2	1
1954	1	0.0	2	1
1960	1	0.0	2	1
1977	1	0.0	2	1
1993	1	0.0	2	1
1996	1	0.0	2	1
1997	1	0.0	2	1
2007	1	0.0	2	0 0 1
2028	1	0.0	2	1
2043	1	0.0	2	1
2057	1	0.0	2	1
2073	1	0.0	2	1
2122	1	0.0	2	1
2148	1	0.0	2	1
2166	1	0.0	2	0 1
2212	1	0.0	2	0 1
2214	1	0.0	2	1
2253	1	0.0	2	1
2270	1	0.0	2	1
2437	1	0.0	2	0 1
2448	1	0.0	2	1
2511	1	0.0	2	0 1
2599	1	0.0	2	1
2631	1	0.0	2	1
2684	1	0.0	2	1
2771	1	0.0	2	1
3168	1	0.0	2	1
3174	1	0.0	2	1
3182	1	0.0	2	1
3193	1	0.0	2	1
3194	1	0.0	2	1
3198	1	0.0	2	1
3199	2	0.0	2	2
3206	1	0.0	2	1
3208	1	0.0	2	1
3211	1	0.0	2	1
3219	1	0.0	2	1
3221	2	0.0	2	2
3224	1	0.0	2	1
3225	1	0.0	2	1
3226	1	0.0	2	1
3228	1	0.0	2	1
3236	1	0.0	2	1
3238	1	0.0	2	1
3239	1	0.0	2	1
3252	1	0.0	2	1
3256	1	0.0	2	1
3349	1	0.0	2	1
3381	1	0.0	2	1
3388	1	0.0	2	1
3401	1	0.0	2	0 0 1
3459	1	0.0	2	0 1
3468	1	0.0	2	1
3723	1	0.0	2	1
3835	1	0.0	2	0 0 1
3881	1	0.0	2	1
4068	1	0.0	2	0 1
4069	1	0.0	2	1
4195	1	0.0	2	1
4336	1	0.0	2	1
5053	1	0.0	2	1
5307	1	0.0	2	1
5601	1	0.0	2	1
6374	1	0.0	2	1
6462	1	0.0	2	1
7172	1	0.0	2	0 1


=== Adapter P0303 ===

Sequence: GCCTCCAAGCTGTGCCTT; Type: regular 3'; Length: 18; Trimmed: 973 times

Minimum overlap: 3
No. of allowed errors:
1-9 bp: 0; 10-18 bp: 1

Bases preceding removed adapters:
  A: 57.0%
  C: 0.1%
  G: 38.6%
  T: 4.2%
  none/other: 0.0%

Overview of removed sequences
length	count	expect	max.err	error counts
3	415	481.7	0	415
4	5	120.4	0	5
10	14	0.0	1	14
18	5	0.0	1	4 1
19	10	0.0	1	10
26	1	0.0	1	1
28	2	0.0	1	2
29	1	0.0	1	1
35	1	0.0	1	1
38	1	0.0	1	1
39	1	0.0	1	1
41	1	0.0	1	1
51	3	0.0	1	3
59	1	0.0	1	1
63	1	0.0	1	1
70	2	0.0	1	2
71	9	0.0	1	9
73	2	0.0	1	2
86	2	0.0	1	2
87	2	0.0	1	2
89	2	0.0	1	2
91	3	0.0	1	3
100	1	0.0	1	1
106	4	0.0	1	4
110	1	0.0	1	1
115	1	0.0	1	1
118	1	0.0	1	1
119	3	0.0	1	3
135	1	0.0	1	1
138	2	0.0	1	2
139	1	0.0	1	1
148	2	0.0	1	2
150	1	0.0	1	1
160	2	0.0	1	2
163	1	0.0	1	1
164	1	0.0	1	1
165	3	0.0	1	3
166	5	0.0	1	5
167	1	0.0	1	1
168	1	0.0	1	1
170	1	0.0	1	1
173	1	0.0	1	1
175	1	0.0	1	1
187	1	0.0	1	1
190	1	0.0	1	1
192	2	0.0	1	2
194	1	0.0	1	1
199	1	0.0	1	1
203	1	0.0	1	1
209	1	0.0	1	1
212	1	0.0	1	1
214	1	0.0	1	1
216	1	0.0	1	1
217	1	0.0	1	1
218	3	0.0	1	3
224	1	0.0	1	1
225	3	0.0	1	3
231	1	0.0	1	1
234	1	0.0	1	1
237	1	0.0	1	1
242	1	0.0	1	1
243	1	0.0	1	1
244	1	0.0	1	1
246	1	0.0	1	1
247	1	0.0	1	1
259	1	0.0	1	1
262	1	0.0	1	1
271	1	0.0	1	1
275	1	0.0	1	1
276	3	0.0	1	3
277	1	0.0	1	1
278	2	0.0	1	1 1
284	1	0.0	1	1
286	2	0.0	1	2
289	1	0.0	1	1
313	1	0.0	1	1
334	1	0.0	1	1
347	1	0.0	1	1
351	2	0.0	1	2
354	2	0.0	1	2
368	1	0.0	1	1
378	1	0.0	1	1
404	1	0.0	1	1
405	1	0.0	1	1
418	1	0.0	1	1
438	1	0.0	1	1
452	1	0.0	1	1
463	1	0.0	1	1
471	1	0.0	1	1
474	1	0.0	1	1
482	1	0.0	1	0 1
490	1	0.0	1	1
492	1	0.0	1	1
519	2	0.0	1	2
526	1	0.0	1	1
533	1	0.0	1	1
539	1	0.0	1	1
552	1	0.0	1	1
554	1	0.0	1	1
573	1	0.0	1	1
592	1	0.0	1	1
606	1	0.0	1	1
610	1	0.0	1	1
615	1	0.0	1	1
616	1	0.0	1	1
617	1	0.0	1	1
618	1	0.0	1	1
621	1	0.0	1	1
622	1	0.0	1	1
658	1	0.0	1	1
672	1	0.0	1	1
673	1	0.0	1	1
674	1	0.0	1	1
699	1	0.0	1	1
707	1	0.0	1	0 1
713	1	0.0	1	1
714	1	0.0	1	1
720	1	0.0	1	1
723	1	0.0	1	1
725	2	0.0	1	2
727	1	0.0	1	1
729	1	0.0	1	1
771	1	0.0	1	1
804	1	0.0	1	1
832	1	0.0	1	1
902	1	0.0	1	1
986	1	0.0	1	1
996	1	0.0	1	1
997	1	0.0	1	1
1122	1	0.0	1	1
1125	1	0.0	1	0 1
1146	1	0.0	1	1
1192	1	0.0	1	1
1195	1	0.0	1	1
1198	1	0.0	1	1
1202	1	0.0	1	1
1204	1	0.0	1	1
1374	1	0.0	1	1
1389	1	0.0	1	1
1406	1	0.0	1	1
1407	1	0.0	1	1
1462	1	0.0	1	1
1463	1	0.0	1	1
1482	1	0.0	1	1
1487	1	0.0	1	1
1490	1	0.0	1	1
1542	1	0.0	1	1
1558	1	0.0	1	0 1
1590	1	0.0	1	1
1634	1	0.0	1	1
1635	1	0.0	1	1
1708	1	0.0	1	1
1711	1	0.0	1	1
1713	1	0.0	1	1
1716	1	0.0	1	1
1717	2	0.0	1	2
1718	1	0.0	1	1
1721	1	0.0	1	1
1724	2	0.0	1	2
1726	1	0.0	1	1
1826	1	0.0	1	1
1857	1	0.0	1	1
1859	1	0.0	1	1
1869	1	0.0	1	1
1976	1	0.0	1	1
2176	1	0.0	1	1
2213	1	0.0	1	1
2347	1	0.0	1	1
2375	1	0.0	1	1
2423	1	0.0	1	1
2498	1	0.0	1	1
2499	1	0.0	1	1
2529	1	0.0	1	1
2719	1	0.0	1	1
2723	1	0.0	1	1
2738	1	0.0	1	1
2808	1	0.0	1	1
2857	1	0.0	1	1
2871	1	0.0	1	1
2890	1	0.0	1	1
2891	1	0.0	1	1
2902	1	0.0	1	1
2912	1	0.0	1	1
2913	1	0.0	1	1
2957	1	0.0	1	1
2963	1	0.0	1	1
2978	1	0.0	1	1
3002	1	0.0	1	1
3012	1	0.0	1	1
3036	1	0.0	1	1
3070	1	0.0	1	1
3076	2	0.0	1	2
3083	1	0.0	1	1
3084	1	0.0	1	1
3090	1	0.0	1	1
3092	1	0.0	1	1
3095	2	0.0	1	2
3096	1	0.0	1	1
3097	3	0.0	1	2 1
3099	1	0.0	1	1
3100	1	0.0	1	1
3101	3	0.0	1	3
3103	2	0.0	1	2
3104	3	0.0	1	3
3105	1	0.0	1	1
3106	3	0.0	1	3
3107	1	0.0	1	1
3108	2	0.0	1	2
3109	1	0.0	1	1
3110	3	0.0	1	3
3111	6	0.0	1	6
3112	2	0.0	1	2
3113	6	0.0	1	6
3114	13	0.0	1	13
3115	9	0.0	1	9
3116	9	0.0	1	9
3117	16	0.0	1	16
3118	14	0.0	1	14
3119	4	0.0	1	4
3120	4	0.0	1	4
3121	9	0.0	1	9
3122	4	0.0	1	4
3123	4	0.0	1	4
3124	3	0.0	1	3
3125	2	0.0	1	2
3126	6	0.0	1	6
3127	3	0.0	1	3
3130	2	0.0	1	2
3132	1	0.0	1	1
3133	1	0.0	1	1
3134	2	0.0	1	2
3140	1	0.0	1	1
3141	1	0.0	1	1
3142	1	0.0	1	1
3144	1	0.0	1	1
3145	1	0.0	1	1
3149	1	0.0	1	1
3152	1	0.0	1	1
3154	2	0.0	1	2
3158	2	0.0	1	2
3160	1	0.0	1	1
3161	1	0.0	1	1
3162	1	0.0	1	1
3165	1	0.0	1	1
3167	2	0.0	1	2
3170	1	0.0	1	1
3172	1	0.0	1	1
3174	1	0.0	1	1
3178	3	0.0	1	3
3180	1	0.0	1	1
3181	2	0.0	1	2
3182	2	0.0	1	2
3184	1	0.0	1	1
3185	5	0.0	1	5
3186	3	0.0	1	3
3187	2	0.0	1	2
3188	7	0.0	1	7
3189	7	0.0	1	7
3190	3	0.0	1	3
3191	5	0.0	1	4 1
3192	5	0.0	1	5
3193	3	0.0	1	3
3194	2	0.0	1	2
3195	3	0.0	1	3
3196	3	0.0	1	3
3197	3	0.0	1	3
3199	2	0.0	1	2
3202	1	0.0	1	1
3203	1	0.0	1	1
3204	1	0.0	1	1
3209	1	0.0	1	1
3223	1	0.0	1	1
3227	1	0.0	1	1
3229	1	0.0	1	1
3230	1	0.0	1	1
3249	1	0.0	1	1
3251	1	0.0	1	1
3253	1	0.0	1	1
3255	1	0.0	1	1
3257	1	0.0	1	1
3259	1	0.0	1	1
3262	1	0.0	1	1
3266	1	0.0	1	1
3275	1	0.0	1	1
3276	1	0.0	1	1
3289	1	0.0	1	1
3293	1	0.0	1	1
3294	1	0.0	1	1
3300	1	0.0	1	1
3304	1	0.0	1	1
3306	1	0.0	1	1
3315	1	0.0	1	1
3319	1	0.0	1	1
3323	1	0.0	1	1
3325	1	0.0	1	1
3331	1	0.0	1	1
3356	1	0.0	1	1
3371	1	0.0	1	1
3389	1	0.0	1	1
3417	1	0.0	1	1
3477	1	0.0	1	1
3488	1	0.0	1	1
3513	1	0.0	1	1
3652	1	0.0	1	1
3688	1	0.0	1	1
3691	1	0.0	1	1
3742	1	0.0	1	1
4117	1	0.0	1	1
4434	1	0.0	1	1
5098	1	0.0	1	1
5486	1	0.0	1	1
5785	1	0.0	1	1
5963	1	0.0	1	1
6284	1	0.0	1	1
6347	1	0.0	1	1
6359	1	0.0	1	1
6369	1	0.0	1	1
6395	1	0.0	1	1
6432	1	0.0	1	1
6437	1	0.0	1	1
6440	1	0.0	1	1
6709	1	0.0	1	1
9612	1	0.0	1	1


=== Adapter P1103 ===

Sequence: GCCTACAGCCTCCTARTACAA; Type: regular 3'; Length: 21; Trimmed: 1212 times

Minimum overlap: 3
No. of allowed errors:
1-9 bp: 0; 10-19 bp: 1; 20-21 bp: 2

Bases preceding removed adapters:
  A: 0.1%
  C: 0.1%
  G: 0.0%
  T: 99.8%
  none/other: 0.0%
WARNING:
    The adapter is preceded by 'T' extremely often.
    The provided adapter sequence could be incomplete at its 5' end.
    Ignore this warning when trimming primers.

Overview of removed sequences
length	count	expect	max.err	error counts
5	1	30.1	0	1
28	1	0.0	2	1
39	1	0.0	2	1
44	3	0.0	2	3
45	2	0.0	2	2
46	2	0.0	2	2
52	1	0.0	2	1
54	1	0.0	2	1
55	1	0.0	2	1
56	1	0.0	2	1
57	3	0.0	2	3
60	1	0.0	2	1
69	1	0.0	2	1
70	9	0.0	2	8 1
71	29	0.0	2	28 1
72	66	0.0	2	66
73	9	0.0	2	9
74	2	0.0	2	2
77	1	0.0	2	1
78	2	0.0	2	2
79	1	0.0	2	1
80	1	0.0	2	1
81	1	0.0	2	1
82	1	0.0	2	1
83	4	0.0	2	4
84	5	0.0	2	4 0 1
85	6	0.0	2	6
86	2	0.0	2	2
87	14	0.0	2	14
88	10	0.0	2	10
89	4	0.0	2	3 1
90	7	0.0	2	7
91	9	0.0	2	9
92	16	0.0	2	16
93	31	0.0	2	31
94	3	0.0	2	3
97	1	0.0	2	1
98	1	0.0	2	1
99	1	0.0	2	1
105	1	0.0	2	1
113	1	0.0	2	1
114	1	0.0	2	1
116	1	0.0	2	1
121	2	0.0	2	2
123	2	0.0	2	2
124	1	0.0	2	1
126	1	0.0	2	1
128	3	0.0	2	3
129	1	0.0	2	1
131	2	0.0	2	2
133	1	0.0	2	1
135	1	0.0	2	1
144	1	0.0	2	1
147	1	0.0	2	1
148	1	0.0	2	1
151	1	0.0	2	1
152	3	0.0	2	3
153	2	0.0	2	2
154	2	0.0	2	2
155	1	0.0	2	1
156	1	0.0	2	1
157	2	0.0	2	2
158	1	0.0	2	1
160	8	0.0	2	8
161	1	0.0	2	1
163	6	0.0	2	6
164	10	0.0	2	10
168	1	0.0	2	1
169	1	0.0	2	1
173	2	0.0	2	2
175	1	0.0	2	1
176	1	0.0	2	1
177	1	0.0	2	1
182	1	0.0	2	1
184	1	0.0	2	1
185	1	0.0	2	1
186	1	0.0	2	1
188	2	0.0	2	2
191	1	0.0	2	1
192	2	0.0	2	2
194	2	0.0	2	2
195	1	0.0	2	1
196	2	0.0	2	2
198	2	0.0	2	2
199	1	0.0	2	1
200	2	0.0	2	2
201	3	0.0	2	3
202	1	0.0	2	1
203	2	0.0	2	2
204	2	0.0	2	2
205	4	0.0	2	4
206	2	0.0	2	1 1
207	1	0.0	2	1
210	1	0.0	2	1
211	1	0.0	2	1
212	1	0.0	2	1
214	1	0.0	2	1
215	1	0.0	2	0 1
217	1	0.0	2	1
219	3	0.0	2	3
220	2	0.0	2	2
221	3	0.0	2	3
222	1	0.0	2	1
224	1	0.0	2	1
225	1	0.0	2	1
228	4	0.0	2	4
229	1	0.0	2	1
231	1	0.0	2	1
232	1	0.0	2	1
235	5	0.0	2	4 1
237	3	0.0	2	3
239	2	0.0	2	2
241	1	0.0	2	1
242	7	0.0	2	7
243	5	0.0	2	5
244	2	0.0	2	2
245	7	0.0	2	6 1
246	4	0.0	2	4
247	7	0.0	2	7
248	8	0.0	2	8
249	7	0.0	2	7
250	11	0.0	2	9 1 1
251	9	0.0	2	9
252	11	0.0	2	11
253	12	0.0	2	12
254	24	0.0	2	24
255	28	0.0	2	28
256	41	0.0	2	41
257	53	0.0	2	53
258	22	0.0	2	20 1 1
259	13	0.0	2	13
260	4	0.0	2	4
261	2	0.0	2	2
262	2	0.0	2	1 1
264	2	0.0	2	2
265	2	0.0	2	2
266	2	0.0	2	2
269	4	0.0	2	4
272	3	0.0	2	3
273	2	0.0	2	2
274	4	0.0	2	4
275	1	0.0	2	1
276	2	0.0	2	2
277	2	0.0	2	2
278	3	0.0	2	3
279	6	0.0	2	6
280	1	0.0	2	1
281	2	0.0	2	2
282	2	0.0	2	2
283	1	0.0	2	1
284	4	0.0	2	4
285	1	0.0	2	1
286	3	0.0	2	3
287	2	0.0	2	2
288	5	0.0	2	5
289	7	0.0	2	7
290	3	0.0	2	3
291	6	0.0	2	6
292	5	0.0	2	5
293	1	0.0	2	1
294	2	0.0	2	2
295	1	0.0	2	1
302	1	0.0	2	1
303	1	0.0	2	1
305	1	0.0	2	1
306	3	0.0	2	2 1
307	1	0.0	2	1
309	1	0.0	2	1
311	1	0.0	2	1
312	3	0.0	2	3
313	1	0.0	2	1
314	3	0.0	2	3
315	1	0.0	2	1
317	1	0.0	2	1
319	1	0.0	2	1
322	1	0.0	2	1
323	1	0.0	2	1
324	2	0.0	2	2
325	1	0.0	2	1
326	2	0.0	2	2
341	1	0.0	2	1
342	1	0.0	2	1
344	1	0.0	2	1
352	2	0.0	2	2
353	2	0.0	2	2
355	1	0.0	2	1
356	1	0.0	2	1
357	2	0.0	2	2
358	1	0.0	2	1
364	1	0.0	2	1
367	1	0.0	2	1
368	1	0.0	2	1
372	3	0.0	2	3
376	1	0.0	2	1
381	1	0.0	2	0 1
384	2	0.0	2	2
385	1	0.0	2	1
386	1	0.0	2	1
390	1	0.0	2	0 1
391	1	0.0	2	1
393	2	0.0	2	2
394	1	0.0	2	1
403	1	0.0	2	1
409	1	0.0	2	1
413	1	0.0	2	1
418	2	0.0	2	2
420	2	0.0	2	1 1
421	1	0.0	2	1
422	1	0.0	2	1
424	1	0.0	2	1
431	1	0.0	2	1
432	2	0.0	2	2
433	1	0.0	2	1
438	1	0.0	2	0 1
440	1	0.0	2	1
448	1	0.0	2	1
451	1	0.0	2	1
456	1	0.0	2	1
464	1	0.0	2	1
470	1	0.0	2	1
473	1	0.0	2	1
474	1	0.0	2	1
475	1	0.0	2	1
478	1	0.0	2	1
486	1	0.0	2	1
494	2	0.0	2	2
507	1	0.0	2	1
533	1	0.0	2	1
534	3	0.0	2	3
556	1	0.0	2	1
563	1	0.0	2	1
570	1	0.0	2	1
583	1	0.0	2	0 1
604	1	0.0	2	1
609	1	0.0	2	1
657	1	0.0	2	1
701	1	0.0	2	1
712	1	0.0	2	1
756	1	0.0	2	1
757	1	0.0	2	1
786	1	0.0	2	1
813	1	0.0	2	1
830	1	0.0	2	1
873	1	0.0	2	1
902	1	0.0	2	1
958	1	0.0	2	1
1123	1	0.0	2	1
1164	1	0.0	2	1
1210	1	0.0	2	1
1255	1	0.0	2	1
1260	1	0.0	2	1
1266	1	0.0	2	1
1276	1	0.0	2	1
1460	1	0.0	2	1
1465	1	0.0	2	1
1470	1	0.0	2	1
1504	1	0.0	2	1
1523	1	0.0	2	1
1524	1	0.0	2	1
1616	1	0.0	2	1
1670	1	0.0	2	1
1697	1	0.0	2	1
1701	1	0.0	2	1
1716	1	0.0	2	1
1780	1	0.0	2	1
1829	1	0.0	2	1
1864	1	0.0	2	1
1912	1	0.0	2	1
1918	1	0.0	2	1
1932	1	0.0	2	0 1
1938	1	0.0	2	1
1945	1	0.0	2	1
2053	1	0.0	2	1
2144	1	0.0	2	1
2391	1	0.0	2	1
2434	1	0.0	2	1
2437	1	0.0	2	1
2447	1	0.0	2	1
2742	1	0.0	2	1
2754	1	0.0	2	0 1
2763	1	0.0	2	1
2988	1	0.0	2	1
2992	1	0.0	2	1
3025	1	0.0	2	1
3086	1	0.0	2	1
3106	1	0.0	2	1
3125	1	0.0	2	1
3136	1	0.0	2	1
3141	1	0.0	2	1
3144	1	0.0	2	1
3148	1	0.0	2	1
3150	1	0.0	2	1
3151	1	0.0	2	1
3153	4	0.0	2	4
3154	4	0.0	2	4
3155	1	0.0	2	1
3156	3	0.0	2	3
3157	2	0.0	2	2
3159	1	0.0	2	1
3160	2	0.0	2	2
3161	2	0.0	2	2
3162	1	0.0	2	1
3163	1	0.0	2	1
3164	1	0.0	2	1
3165	2	0.0	2	2
3166	1	0.0	2	1
3168	3	0.0	2	3
3169	3	0.0	2	3
3170	3	0.0	2	3
3171	5	0.0	2	4 1
3172	4	0.0	2	4
3173	5	0.0	2	5
3174	4	0.0	2	4
3175	8	0.0	2	8
3176	6	0.0	2	6
3177	6	0.0	2	6
3178	5	0.0	2	5
3179	8	0.0	2	8
3180	10	0.0	2	10
3181	7	0.0	2	7
3182	7	0.0	2	7
3183	12	0.0	2	12
3184	8	0.0	2	8
3185	6	0.0	2	6
3186	7	0.0	2	6 1
3187	9	0.0	2	9
3188	7	0.0	2	7
3189	5	0.0	2	5
3190	5	0.0	2	5
3191	10	0.0	2	10
3192	7	0.0	2	7
3193	6	0.0	2	6
3194	5	0.0	2	5
3195	1	0.0	2	1
3196	5	0.0	2	5
3197	3	0.0	2	3
3198	2	0.0	2	2
3199	2	0.0	2	2
3200	2	0.0	2	2
3204	1	0.0	2	1
3205	1	0.0	2	1
3206	2	0.0	2	2
3207	1	0.0	2	1
3209	1	0.0	2	1
3210	2	0.0	2	2
3211	4	0.0	2	4
3213	2	0.0	2	2
3214	1	0.0	2	1
3216	1	0.0	2	1
3218	1	0.0	2	1
3219	2	0.0	2	2
3223	3	0.0	2	3
3224	2	0.0	2	2
3225	1	0.0	2	1
3228	5	0.0	2	5
3235	1	0.0	2	1
3237	1	0.0	2	1
3240	2	0.0	2	2
3242	2	0.0	2	2
3246	1	0.0	2	1
3251	1	0.0	2	1
3252	2	0.0	2	2
3256	1	0.0	2	1
3257	1	0.0	2	1
3260	1	0.0	2	1
3270	1	0.0	2	1
3272	2	0.0	2	2
3273	1	0.0	2	1
3279	1	0.0	2	1
3280	1	0.0	2	1
3282	2	0.0	2	2
3283	1	0.0	2	1
3284	2	0.0	2	2
3286	1	0.0	2	1
3287	1	0.0	2	1
3288	1	0.0	2	1
3296	1	0.0	2	1
3312	1	0.0	2	1
3320	2	0.0	2	2
3324	1	0.0	2	1
3327	2	0.0	2	2
3329	1	0.0	2	1
3331	1	0.0	2	1
3339	1	0.0	2	1
3340	1	0.0	2	1
3342	2	0.0	2	2
3347	2	0.0	2	2
3351	1	0.0	2	1
3367	1	0.0	2	1
3375	1	0.0	2	1
3417	1	0.0	2	1
3445	1	0.0	2	1
3469	1	0.0	2	0 1
3509	1	0.0	2	1
3563	1	0.0	2	1
3622	1	0.0	2	0 0 1
3634	1	0.0	2	1
3862	1	0.0	2	1
3869	1	0.0	2	1
4374	1	0.0	2	1
4811	1	0.0	2	1
5215	1	0.0	2	1
6108	1	0.0	2	1
6297	1	0.0	2	1
6313	1	0.0	2	1
6411	1	0.0	2	1
6412	1	0.0	2	1
6415	1	0.0	2	1
6466	1	0.0	2	1
6470	1	0.0	2	1
6534	1	0.0	2	1
6797	1	0.0	2	1
6827	1	0.0	2	1
7616	1	0.0	2	1
9675	1	0.0	2	1
9767	1	0.0	2	1


WARNING:
    One or more of your adapter sequences may be incomplete.
    Please see the detailed output above.
