

processing file: rapport_final.Rmd
Error in `parse()`:
! <text>:34:10: unexpected ','
33: #plots <- 
34: (base_dir,
             ^
Backtrace:
  1. rmarkdown::render(basename("rapport_final.Rmd"), output_dir = "work_reports")
  2. knitr::knit(knit_input, knit_output, envir = envir, quiet = quiet)
  3. knitr:::process_file(text, output)
  6. knitr:::process_group(group)
  7. knitr:::call_block(x)
     ...
  9. knitr:::eng_r(options)
 12. knitr (local) evaluate(...)
 13. evaluate::evaluate(...)
 15. evaluate:::parse_all.character(...)
 16. base::parse(text = x, srcfile = src)

Quitting from lines 13-59 [setup] (rapport_final.Rmd)
Execution halted
