This is cutadapt 5.0 with Python 3.10.14
Command line parameters: -a file:HBV_primer.fasta -m 150 -M 1200 -q 10 -j 4 -o barcode14_trim_reads.fastq.gz barcode14.merged.fastq.gz
Processing single-end reads on 4 cores ...

=== Summary ===

Total reads processed:                  16,977
Reads with adapters:                    16,287 (95.9%)

== Read fate breakdown ==
Reads that were too short:              15,861 (93.4%)
Reads that were too long:                  879 (5.2%)
Reads written (passing filters):           237 (1.4%)

Total basepairs processed:    40,292,671 bp
Quality-trimmed:                  42,173 bp (0.1%)
Total written (filtered):        148,586 bp (0.4%)

=== Adapter P1bis ===

Sequence: TTCACCTCTGCCTAATCA; Type: regular 3'; Length: 18; Trimmed: 1586 times

Minimum overlap: 3
No. of allowed errors:
1-9 bp: 0; 10-18 bp: 1

Bases preceding removed adapters:
  A: 0.3%
  C: 0.8%
  G: 0.1%
  T: 98.2%
  none/other: 0.7%
WARNING:
    The adapter is preceded by 'T' extremely often.
    The provided adapter sequence could be incomplete at its 5' end.
    Ignore this warning when trimming primers.

Overview of removed sequences
length	count	expect	max.err	error counts
3	4	265.3	0	4
5	1	16.6	0	1
9	1	0.1	0	1
10	2	0.0	1	0 2
36	3	0.0	1	3
37	1	0.0	1	0 1
40	1	0.0	1	1
53	2	0.0	1	2
54	1	0.0	1	1
63	3	0.0	1	3
73	2	0.0	1	1 1
79	1	0.0	1	0 1
82	2	0.0	1	1 1
84	1	0.0	1	1
86	1	0.0	1	1
89	2	0.0	1	1 1
90	6	0.0	1	6
91	2	0.0	1	2
94	3	0.0	1	0 3
99	1	0.0	1	1
115	1	0.0	1	1
119	1	0.0	1	0 1
139	1	0.0	1	0 1
156	1	0.0	1	1
165	2	0.0	1	0 2
167	1	0.0	1	0 1
168	1	0.0	1	0 1
170	5	0.0	1	0 5
171	1	0.0	1	0 1
172	2	0.0	1	0 2
182	2	0.0	1	2
189	1	0.0	1	1
190	1	0.0	1	1
191	3	0.0	1	2 1
192	10	0.0	1	9 1
193	3	0.0	1	2 1
198	1	0.0	1	1
202	1	0.0	1	1
219	1	0.0	1	0 1
220	2	0.0	1	0 2
221	1	0.0	1	0 1
224	1	0.0	1	1
228	1	0.0	1	1
229	1	0.0	1	1
230	1	0.0	1	1
233	3	0.0	1	0 3
234	11	0.0	1	0 11
235	1	0.0	1	0 1
236	1	0.0	1	1
238	1	0.0	1	0 1
239	1	0.0	1	1
240	6	0.0	1	4 2
241	18	0.0	1	18
242	4	0.0	1	4
250	1	0.0	1	1
257	1	0.0	1	1
273	1	0.0	1	1
274	1	0.0	1	1
310	1	0.0	1	1
314	2	0.0	1	2
322	2	0.0	1	2
324	2	0.0	1	2
325	4	0.0	1	4
326	3	0.0	1	3
327	3	0.0	1	3
328	1	0.0	1	1
329	6	0.0	1	6
330	8	0.0	1	8
331	16	0.0	1	16
332	22	0.0	1	22
333	5	0.0	1	5
334	4	0.0	1	4
339	1	0.0	1	1
349	1	0.0	1	1
364	1	0.0	1	1
365	1	0.0	1	1
366	1	0.0	1	1
386	1	0.0	1	1
395	1	0.0	1	1
424	1	0.0	1	1
429	2	0.0	1	1 1
430	2	0.0	1	2
431	2	0.0	1	1 1
432	2	0.0	1	2
433	1	0.0	1	1
434	1	0.0	1	0 1
440	1	0.0	1	1
441	1	0.0	1	1
446	1	0.0	1	1
447	1	0.0	1	1
450	1	0.0	1	1
455	1	0.0	1	1
458	1	0.0	1	1
472	2	0.0	1	2
474	1	0.0	1	1
478	1	0.0	1	1
497	1	0.0	1	1
519	1	0.0	1	0 1
575	1	0.0	1	1
576	3	0.0	1	3
582	1	0.0	1	1
595	1	0.0	1	1
614	1	0.0	1	1
641	1	0.0	1	1
651	1	0.0	1	1
652	1	0.0	1	1
654	1	0.0	1	1
655	3	0.0	1	3
656	1	0.0	1	1
662	1	0.0	1	1
663	1	0.0	1	1
713	1	0.0	1	1
725	1	0.0	1	1
742	1	0.0	1	0 1
748	1	0.0	1	0 1
793	1	0.0	1	1
794	1	0.0	1	1
807	1	0.0	1	1
812	2	0.0	1	0 2
814	2	0.0	1	0 2
815	3	0.0	1	1 2
819	1	0.0	1	0 1
949	1	0.0	1	1
984	1	0.0	1	0 1
1043	1	0.0	1	1
1052	1	0.0	1	1
1072	1	0.0	1	1
1084	1	0.0	1	1
1160	1	0.0	1	1
1163	1	0.0	1	1
1166	1	0.0	1	1
1169	3	0.0	1	3
1178	1	0.0	1	1
1180	2	0.0	1	2
1181	1	0.0	1	1
1182	1	0.0	1	1
1185	1	0.0	1	1
1189	1	0.0	1	1
1196	1	0.0	1	1
1203	1	0.0	1	0 1
1231	1	0.0	1	1
1304	1	0.0	1	1
1306	1	0.0	1	1
1382	1	0.0	1	1
1394	1	0.0	1	1
1418	1	0.0	1	1
1425	1	0.0	1	1
1448	3	0.0	1	3
1451	1	0.0	1	1
1452	1	0.0	1	1
1572	1	0.0	1	1
1574	1	0.0	1	1
1584	1	0.0	1	1
1597	1	0.0	1	1
1615	1	0.0	1	1
1617	1	0.0	1	0 1
1625	1	0.0	1	1
1643	1	0.0	1	0 1
1702	1	0.0	1	1
1706	1	0.0	1	1
1709	1	0.0	1	1
1732	1	0.0	1	1
1735	1	0.0	1	1
1742	2	0.0	1	2
1743	2	0.0	1	2
1745	2	0.0	1	2
1747	4	0.0	1	4
1748	1	0.0	1	1
1749	4	0.0	1	4
1750	2	0.0	1	2
1751	2	0.0	1	2
1752	4	0.0	1	4
1753	3	0.0	1	3
1754	5	0.0	1	5
1755	4	0.0	1	4
1756	8	0.0	1	8
1757	10	0.0	1	10
1758	11	0.0	1	11
1759	17	0.0	1	17
1760	27	0.0	1	27
1761	23	0.0	1	23
1762	22	0.0	1	22
1763	22	0.0	1	22
1764	14	0.0	1	14
1765	11	0.0	1	11
1766	10	0.0	1	10
1767	3	0.0	1	3
1768	6	0.0	1	6
1769	2	0.0	1	2
1771	1	0.0	1	1
1772	4	0.0	1	4
1784	1	0.0	1	1
1798	1	0.0	1	1
1799	1	0.0	1	1
1800	1	0.0	1	1
1811	1	0.0	1	1
1814	1	0.0	1	1
1817	1	0.0	1	1
1823	1	0.0	1	1
1826	1	0.0	1	1
1828	1	0.0	1	0 1
1830	1	0.0	1	1
1832	1	0.0	1	1
1843	1	0.0	1	1
1846	1	0.0	1	0 1
1860	1	0.0	1	1
1861	2	0.0	1	2
1864	1	0.0	1	1
1869	2	0.0	1	2
1870	1	0.0	1	1
1879	2	0.0	1	2
1881	1	0.0	1	1
1882	1	0.0	1	1
1884	6	0.0	1	6
1885	2	0.0	1	2
1886	2	0.0	1	2
1887	2	0.0	1	2
1889	4	0.0	1	4
1890	1	0.0	1	1
1892	3	0.0	1	3
1893	5	0.0	1	5
1894	8	0.0	1	7 1
1895	3	0.0	1	3
1896	6	0.0	1	6
1897	12	0.0	1	12
1898	12	0.0	1	12
1899	8	0.0	1	8
1900	8	0.0	1	7 1
1901	16	0.0	1	16
1902	12	0.0	1	12
1903	13	0.0	1	13
1904	21	0.0	1	21
1905	32	0.0	1	32
1906	26	0.0	1	26
1907	38	0.0	1	38
1908	38	0.0	1	38
1909	38	0.0	1	38
1910	71	0.0	1	71
1911	63	0.0	1	63
1912	55	0.0	1	55
1913	61	0.0	1	61
1914	34	0.0	1	34
1915	38	0.0	1	37 1
1916	16	0.0	1	16
1917	16	0.0	1	16
1918	18	0.0	1	17 1
1919	9	0.0	1	9
1920	5	0.0	1	5
1921	3	0.0	1	3
1922	8	0.0	1	8
1923	1	0.0	1	1
1924	3	0.0	1	3
1926	1	0.0	1	1
1927	1	0.0	1	1
1928	3	0.0	1	3
1929	1	0.0	1	1
1930	3	0.0	1	3
1932	2	0.0	1	2
1933	1	0.0	1	1
1934	1	0.0	1	1
1935	2	0.0	1	2
1936	2	0.0	1	2
1938	2	0.0	1	2
1939	1	0.0	1	1
1940	2	0.0	1	2
1941	3	0.0	1	3
1942	5	0.0	1	5
1943	6	0.0	1	6
1944	4	0.0	1	4
1946	2	0.0	1	2
1947	2	0.0	1	2
1949	1	0.0	1	1
1958	1	0.0	1	1
1960	1	0.0	1	1
1962	1	0.0	1	1
1963	1	0.0	1	1
1964	1	0.0	1	1
1978	1	0.0	1	1
1986	1	0.0	1	1
2003	2	0.0	1	2
2004	1	0.0	1	1
2016	1	0.0	1	1
2035	1	0.0	1	1
2040	1	0.0	1	1
2067	1	0.0	1	1
2075	1	0.0	1	1
2083	1	0.0	1	1
2097	1	0.0	1	1
2139	1	0.0	1	1
2153	1	0.0	1	1
2154	1	0.0	1	1
2165	1	0.0	1	1
2168	1	0.0	1	1
2184	2	0.0	1	0 2
2222	1	0.0	1	1
2242	1	0.0	1	1
2248	1	0.0	1	1
2259	1	0.0	1	1
2277	1	0.0	1	1
2309	1	0.0	1	1
2310	1	0.0	1	1
2367	1	0.0	1	1
2381	1	0.0	1	1
2384	1	0.0	1	1
2387	1	0.0	1	1
2406	1	0.0	1	1
2440	1	0.0	1	1
2445	1	0.0	1	1
2516	1	0.0	1	1
2528	1	0.0	1	1
2568	1	0.0	1	1
2594	1	0.0	1	1
2595	1	0.0	1	1
2638	1	0.0	1	1
2697	1	0.0	1	1
2710	1	0.0	1	1
2799	1	0.0	1	1
2840	1	0.0	1	1
2867	1	0.0	1	1
2913	1	0.0	1	1
2924	1	0.0	1	1
2929	1	0.0	1	1
2931	2	0.0	1	2
2934	1	0.0	1	1
2937	2	0.0	1	2
2942	1	0.0	1	1
2967	1	0.0	1	1
3010	1	0.0	1	1
3014	1	0.0	1	1
3016	1	0.0	1	1
3017	3	0.0	1	3
3018	1	0.0	1	1
3023	3	0.0	1	3
3024	1	0.0	1	1
3025	2	0.0	1	2
3027	1	0.0	1	1
3028	2	0.0	1	2
3030	1	0.0	1	1
3032	1	0.0	1	1
3061	1	0.0	1	1
3084	1	0.0	1	1
3154	2	0.0	1	2
3155	1	0.0	1	1
3157	1	0.0	1	1
3158	2	0.0	1	2
3159	1	0.0	1	1
3161	2	0.0	1	2
3164	1	0.0	1	1
3167	1	0.0	1	1
3168	1	0.0	1	1
3174	1	0.0	1	1
3184	1	0.0	1	1
3188	1	0.0	1	1
3190	1	0.0	1	1
3191	1	0.0	1	1
3192	1	0.0	1	1
3194	1	0.0	1	1
3195	1	0.0	1	1
3197	1	0.0	1	1
3198	3	0.0	1	3
3201	1	0.0	1	1
3203	3	0.0	1	3
3204	1	0.0	1	1
3205	2	0.0	1	2
3206	2	0.0	1	2
3207	3	0.0	1	3
3208	1	0.0	1	1
3209	1	0.0	1	1
3210	2	0.0	1	2
3211	3	0.0	1	3
3212	1	0.0	1	1
3213	6	0.0	1	6
3214	4	0.0	1	4
3215	4	0.0	1	4
3216	3	0.0	1	3
3217	1	0.0	1	1
3218	1	0.0	1	1
3219	2	0.0	1	2
3220	2	0.0	1	2
3221	2	0.0	1	2
3222	2	0.0	1	2
3223	2	0.0	1	2
3226	1	0.0	1	1
3292	1	0.0	1	1
3298	1	0.0	1	1
3373	1	0.0	1	1
3423	1	0.0	1	1
3434	1	0.0	1	1
3440	1	0.0	1	1
3459	1	0.0	1	1
3486	1	0.0	1	1
3507	1	0.0	1	1
3574	1	0.0	1	1
3601	1	0.0	1	1
3669	1	0.0	1	1
3670	1	0.0	1	1
3671	1	0.0	1	1
3672	1	0.0	1	1
3673	2	0.0	1	2
3675	1	0.0	1	1
3715	1	0.0	1	1
3716	1	0.0	1	1
3743	1	0.0	1	1
3749	1	0.0	1	1
3778	1	0.0	1	1
3793	1	0.0	1	1
3797	1	0.0	1	1
3799	1	0.0	1	1
3805	2	0.0	1	1 1
3809	4	0.0	1	4
3818	3	0.0	1	3
3819	2	0.0	1	2
3821	2	0.0	1	2
3823	1	0.0	1	1
3824	1	0.0	1	1
3825	1	0.0	1	1
3826	1	0.0	1	1
3827	4	0.0	1	4
3829	1	0.0	1	1
3831	1	0.0	1	1
3832	1	0.0	1	1
3834	1	0.0	1	1
3846	1	0.0	1	1
3889	1	0.0	1	1
4000	1	0.0	1	1
4092	1	0.0	1	1
4223	1	0.0	1	1
4233	1	0.0	1	1
4259	1	0.0	1	1
4383	1	0.0	1	1
4530	1	0.0	1	1
4933	1	0.0	1	1
4981	1	0.0	1	1
5099	1	0.0	1	1
5109	1	0.0	1	1
5138	1	0.0	1	1
5145	1	0.0	1	1
5147	1	0.0	1	1
5352	1	0.0	1	1
5622	1	0.0	1	1
5628	1	0.0	1	1
5710	1	0.0	1	1
5726	1	0.0	1	1
5743	1	0.0	1	1
5745	1	0.0	1	1
5753	1	0.0	1	1
5864	1	0.0	1	1
6032	1	0.0	1	1
6038	1	0.0	1	1
6305	1	0.0	1	1
6422	1	0.0	1	1
6972	1	0.0	1	1
6988	1	0.0	1	1
7024	1	0.0	1	1
7064	1	0.0	1	1
7368	1	0.0	1	1
7505	1	0.0	1	1
7531	1	0.0	1	1
7551	1	0.0	1	1
7675	1	0.0	1	1
7868	1	0.0	1	1
8279	1	0.0	1	1
8784	1	0.0	1	1
8855	1	0.0	1	1
9636	1	0.0	1	1
10258	1	0.0	1	1
15486	1	0.0	1	1


=== Adapter P2bis ===

Sequence: AAAAAGTTGCATGGTGCTGG; Type: regular 3'; Length: 20; Trimmed: 13700 times

Minimum overlap: 3
No. of allowed errors:
1-9 bp: 0; 10-19 bp: 1; 20 bp: 2

Bases preceding removed adapters:
  A: 0.6%
  C: 0.5%
  G: 0.4%
  T: 3.5%
  none/other: 95.0%

Overview of removed sequences
length	count	expect	max.err	error counts
3	3	265.3	0	3
4	2	66.3	0	2
5	30	16.6	0	30
6	2	4.1	0	2
10	1	0.0	1	1
12	31	0.0	1	30 1
18	7	0.0	1	7
23	1	0.0	2	1
28	11	0.0	2	11
30	1	0.0	2	0 0 1
37	2	0.0	2	2
39	2	0.0	2	2
40	1	0.0	2	1
44	2	0.0	2	2
54	1	0.0	2	0 0 1
63	1	0.0	2	1
66	1	0.0	2	1
76	1	0.0	2	0 0 1
78	1	0.0	2	1
79	1	0.0	2	1
81	1	0.0	2	1
86	1	0.0	2	0 1
87	1	0.0	2	1
89	1	0.0	2	0 1
90	1	0.0	2	1
91	1	0.0	2	0 1
92	4	0.0	2	4
93	6	0.0	2	5 1
94	1	0.0	2	1
98	1	0.0	2	1
106	5	0.0	2	4 1
107	2	0.0	2	2
108	1	0.0	2	1
114	1	0.0	2	1
117	2	0.0	2	2
118	1	0.0	2	0 1
122	1	0.0	2	1
126	2	0.0	2	2
133	1	0.0	2	1
134	3	0.0	2	3
135	2	0.0	2	1 1
136	1	0.0	2	1
137	1	0.0	2	1
138	2	0.0	2	0 1 1
141	1	0.0	2	0 1
143	1	0.0	2	1
147	1	0.0	2	1
148	1	0.0	2	1
149	2	0.0	2	2
150	2	0.0	2	2
151	1	0.0	2	1
153	5	0.0	2	5
154	2	0.0	2	2
155	5	0.0	2	3 2
156	2	0.0	2	2
163	1	0.0	2	1
168	3	0.0	2	1 2
170	1	0.0	2	1
171	1	0.0	2	1
172	3	0.0	2	2 1
173	18	0.0	2	15 3
174	6	0.0	2	4 1 1
176	1	0.0	2	1
178	1	0.0	2	1
180	1	0.0	2	1
181	3	0.0	2	3
182	1	0.0	2	1
186	1	0.0	2	1
188	1	0.0	2	0 0 1
189	3	0.0	2	3
190	2	0.0	2	1 1
192	3	0.0	2	3
193	2	0.0	2	2
194	3	0.0	2	3
195	4	0.0	2	3 1
196	5	0.0	2	5
200	3	0.0	2	3
201	3	0.0	2	3
202	1	0.0	2	0 1
203	1	0.0	2	1
205	3	0.0	2	1 1 1
206	1	0.0	2	0 1
207	4	0.0	2	2 2
208	2	0.0	2	2
210	3	0.0	2	2 1
211	1	0.0	2	1
212	5	0.0	2	2 2 1
214	3	0.0	2	1 2
215	1	0.0	2	1
216	2	0.0	2	1 0 1
220	1	0.0	2	1
221	2	0.0	2	1 0 1
222	1	0.0	2	1
225	1	0.0	2	1
227	1	0.0	2	1
228	2	0.0	2	1 1
230	1	0.0	2	1
231	3	0.0	2	3
234	1	0.0	2	1
235	4	0.0	2	4
236	5	0.0	2	5
237	11	0.0	2	11
238	2	0.0	2	2
239	1	0.0	2	1
241	2	0.0	2	1 1
250	1	0.0	2	1
251	1	0.0	2	0 1
252	1	0.0	2	1
254	2	0.0	2	2
256	1	0.0	2	1
257	1	0.0	2	1
259	2	0.0	2	2
264	4	0.0	2	3 1
265	2	0.0	2	2
266	1	0.0	2	1
267	1	0.0	2	1
268	5	0.0	2	4 1
269	6	0.0	2	6
270	21	0.0	2	19 2
271	39	0.0	2	38 1
272	13	0.0	2	12 0 1
273	6	0.0	2	5 1
274	3	0.0	2	3
275	3	0.0	2	3
279	1	0.0	2	0 1
282	1	0.0	2	1
283	3	0.0	2	1 2
285	1	0.0	2	0 1
287	5	0.0	2	4 1
289	1	0.0	2	0 1
291	1	0.0	2	1
292	2	0.0	2	2
293	1	0.0	2	1
294	1	0.0	2	1
295	1	0.0	2	1
296	1	0.0	2	1
297	2	0.0	2	1 1
298	2	0.0	2	2
300	1	0.0	2	1
301	1	0.0	2	1
303	1	0.0	2	1
304	1	0.0	2	1
307	1	0.0	2	1
308	1	0.0	2	0 1
309	1	0.0	2	1
312	1	0.0	2	0 1
314	2	0.0	2	1 1
315	2	0.0	2	2
316	1	0.0	2	0 0 1
318	5	0.0	2	3 1 1
319	1	0.0	2	1
320	1	0.0	2	1
322	4	0.0	2	3 0 1
323	3	0.0	2	2 0 1
324	2	0.0	2	2
325	2	0.0	2	2
326	4	0.0	2	4
327	3	0.0	2	3
329	1	0.0	2	1
330	4	0.0	2	4
331	3	0.0	2	3
332	4	0.0	2	4
333	11	0.0	2	10 1
334	20	0.0	2	19 1
335	27	0.0	2	25 1 1
336	11	0.0	2	9 2
337	5	0.0	2	5
338	3	0.0	2	3
339	4	0.0	2	2 1 1
340	1	0.0	2	1
341	4	0.0	2	4
342	1	0.0	2	1
343	5	0.0	2	5
344	1	0.0	2	0 0 1
345	1	0.0	2	1
348	3	0.0	2	3
349	1	0.0	2	1
350	4	0.0	2	4
351	1	0.0	2	1
354	1	0.0	2	1
358	1	0.0	2	1
359	2	0.0	2	2
361	3	0.0	2	2 1
362	1	0.0	2	1
363	2	0.0	2	2
364	1	0.0	2	1
366	1	0.0	2	0 1
371	1	0.0	2	0 0 1
372	2	0.0	2	2
373	2	0.0	2	2
374	2	0.0	2	2
375	4	0.0	2	3 1
376	1	0.0	2	1
377	2	0.0	2	2
378	2	0.0	2	2
379	1	0.0	2	1
381	1	0.0	2	1
382	3	0.0	2	1 2
385	2	0.0	2	2
386	3	0.0	2	3
387	1	0.0	2	0 1
388	3	0.0	2	2 1
390	1	0.0	2	1
392	4	0.0	2	3 1
395	2	0.0	2	1 1
396	1	0.0	2	0 1
397	1	0.0	2	0 1
398	2	0.0	2	2
399	1	0.0	2	0 1
400	3	0.0	2	0 2 1
402	1	0.0	2	0 1
403	3	0.0	2	2 1
404	2	0.0	2	2
406	1	0.0	2	0 1
407	1	0.0	2	0 0 1
408	2	0.0	2	1 1
409	2	0.0	2	2
413	2	0.0	2	2
414	1	0.0	2	1
415	1	0.0	2	1
417	5	0.0	2	4 1
418	2	0.0	2	1 1
419	2	0.0	2	0 2
420	2	0.0	2	0 1 1
422	2	0.0	2	0 2
423	2	0.0	2	0 2
425	3	0.0	2	3
426	1	0.0	2	1
427	1	0.0	2	1
428	1	0.0	2	1
430	1	0.0	2	0 1
431	1	0.0	2	1
432	1	0.0	2	0 1
434	2	0.0	2	0 2
435	2	0.0	2	1 1
437	1	0.0	2	1
438	1	0.0	2	1
439	1	0.0	2	1
440	3	0.0	2	3
442	2	0.0	2	1 1
446	1	0.0	2	1
449	1	0.0	2	1
450	1	0.0	2	1
451	4	0.0	2	3 1
453	2	0.0	2	2
454	3	0.0	2	3
455	2	0.0	2	1 1
456	5	0.0	2	5
457	4	0.0	2	3 1
458	4	0.0	2	4
459	1	0.0	2	0 1
460	1	0.0	2	0 1
461	1	0.0	2	1
462	1	0.0	2	1
463	2	0.0	2	2
464	2	0.0	2	1 1
466	1	0.0	2	1
467	1	0.0	2	1
469	1	0.0	2	1
472	4	0.0	2	2 2
473	1	0.0	2	1
474	1	0.0	2	1
475	3	0.0	2	3
476	1	0.0	2	0 1
477	1	0.0	2	1
478	2	0.0	2	0 2
479	3	0.0	2	1 2
480	3	0.0	2	2 1
481	4	0.0	2	2 2
482	8	0.0	2	3 5
484	2	0.0	2	2
485	2	0.0	2	1 1
486	2	0.0	2	2
490	1	0.0	2	0 1
491	2	0.0	2	2
492	1	0.0	2	1
493	3	0.0	2	3
494	1	0.0	2	1
495	2	0.0	2	2
496	3	0.0	2	3
497	3	0.0	2	3
498	4	0.0	2	4
499	1	0.0	2	1
500	1	0.0	2	1
502	1	0.0	2	1
506	2	0.0	2	2
507	1	0.0	2	1
508	1	0.0	2	1
509	4	0.0	2	4
510	2	0.0	2	1 0 1
513	1	0.0	2	1
514	3	0.0	2	3
515	2	0.0	2	2
517	1	0.0	2	1
518	1	0.0	2	0 0 1
519	1	0.0	2	1
522	1	0.0	2	1
524	2	0.0	2	2
525	1	0.0	2	1
526	3	0.0	2	3
527	1	0.0	2	1
528	1	0.0	2	1
529	2	0.0	2	2
530	3	0.0	2	3
531	1	0.0	2	1
534	2	0.0	2	0 2
536	2	0.0	2	2
537	3	0.0	2	2 1
538	2	0.0	2	2
539	2	0.0	2	0 2
540	4	0.0	2	0 4
541	4	0.0	2	1 3
542	3	0.0	2	0 3
543	10	0.0	2	3 6 1
544	3	0.0	2	1 2
545	2	0.0	2	2
546	2	0.0	2	1 1
547	2	0.0	2	2
548	3	0.0	2	1 1 1
550	1	0.0	2	1
552	1	0.0	2	1
553	3	0.0	2	3
554	3	0.0	2	2 1
555	2	0.0	2	1 1
556	1	0.0	2	1
557	10	0.0	2	10
558	6	0.0	2	1 5
559	3	0.0	2	2 1
562	1	0.0	2	1
564	1	0.0	2	0 1
565	4	0.0	2	2 2
566	1	0.0	2	0 1
567	1	0.0	2	1
568	1	0.0	2	1
570	3	0.0	2	3
571	1	0.0	2	0 0 1
572	2	0.0	2	2
573	2	0.0	2	2
575	2	0.0	2	2
576	6	0.0	2	4 2
577	6	0.0	2	4 2
578	9	0.0	2	4 5
579	10	0.0	2	6 4
580	8	0.0	2	4 4
581	7	0.0	2	5 2
582	13	0.0	2	11 2
583	4	0.0	2	2 2
585	3	0.0	2	2 1
586	3	0.0	2	3
587	1	0.0	2	1
588	1	0.0	2	0 1
589	1	0.0	2	1
590	1	0.0	2	1
592	4	0.0	2	4
593	6	0.0	2	4 2
594	7	0.0	2	7
595	2	0.0	2	1 1
597	1	0.0	2	1
598	2	0.0	2	2
599	1	0.0	2	1
600	4	0.0	2	3 1
601	1	0.0	2	1
602	1	0.0	2	0 1
603	2	0.0	2	1 0 1
604	1	0.0	2	1
605	4	0.0	2	4
606	1	0.0	2	0 1
607	1	0.0	2	1
608	4	0.0	2	2 2
609	3	0.0	2	3
610	2	0.0	2	1 0 1
611	2	0.0	2	2
612	3	0.0	2	3
613	2	0.0	2	2
614	4	0.0	2	4
615	1	0.0	2	0 1
616	2	0.0	2	1 0 1
617	2	0.0	2	1 1
618	1	0.0	2	1
620	4	0.0	2	4
621	2	0.0	2	2
623	2	0.0	2	2
624	4	0.0	2	1 2 1
625	1	0.0	2	1
626	2	0.0	2	2
629	1	0.0	2	0 1
630	1	0.0	2	0 0 1
631	2	0.0	2	2
632	2	0.0	2	2
634	2	0.0	2	0 1 1
635	2	0.0	2	2
637	1	0.0	2	1
638	2	0.0	2	1 1
640	2	0.0	2	2
641	1	0.0	2	1
643	3	0.0	2	2 1
644	2	0.0	2	1 1
646	1	0.0	2	1
647	1	0.0	2	1
649	1	0.0	2	1
650	1	0.0	2	1
651	2	0.0	2	2
652	2	0.0	2	2
654	2	0.0	2	2
656	1	0.0	2	0 1
657	2	0.0	2	1 1
658	1	0.0	2	1
660	1	0.0	2	1
661	1	0.0	2	0 1
662	1	0.0	2	1
663	2	0.0	2	2
664	2	0.0	2	2
666	3	0.0	2	1 2
668	2	0.0	2	0 2
669	2	0.0	2	2
670	1	0.0	2	0 1
671	1	0.0	2	0 1
672	2	0.0	2	2
674	1	0.0	2	0 1
675	1	0.0	2	1
676	1	0.0	2	1
677	1	0.0	2	1
678	2	0.0	2	2
679	2	0.0	2	0 2
681	1	0.0	2	1
682	1	0.0	2	1
683	2	0.0	2	2
686	2	0.0	2	2
687	1	0.0	2	1
688	2	0.0	2	2
690	1	0.0	2	1
691	2	0.0	2	1 1
692	2	0.0	2	1 1
693	1	0.0	2	0 1
694	1	0.0	2	1
695	1	0.0	2	0 1
696	3	0.0	2	1 2
697	3	0.0	2	3
699	1	0.0	2	1
701	1	0.0	2	1
702	1	0.0	2	1
703	3	0.0	2	1 1 1
704	2	0.0	2	1 1
706	1	0.0	2	1
707	2	0.0	2	1 1
708	2	0.0	2	1 1
710	2	0.0	2	1 1
711	1	0.0	2	1
712	3	0.0	2	1 2
713	2	0.0	2	2
714	7	0.0	2	2 4 1
715	9	0.0	2	5 4
716	5	0.0	2	5
717	9	0.0	2	6 3
718	9	0.0	2	5 2 2
719	8	0.0	2	6 2
720	11	0.0	2	7 4
721	16	0.0	2	6 10
722	11	0.0	2	6 3 2
723	7	0.0	2	6 1
724	4	0.0	2	3 1
726	1	0.0	2	1
727	2	0.0	2	1 1
728	1	0.0	2	1
729	2	0.0	2	1 1
730	2	0.0	2	2
731	2	0.0	2	2
732	1	0.0	2	0 1
734	1	0.0	2	1
735	5	0.0	2	5
738	1	0.0	2	0 1
739	5	0.0	2	5
740	1	0.0	2	0 1
741	2	0.0	2	2
742	2	0.0	2	2
743	1	0.0	2	1
744	2	0.0	2	2
745	3	0.0	2	3
747	1	0.0	2	1
748	2	0.0	2	2
749	2	0.0	2	1 1
751	2	0.0	2	2
752	1	0.0	2	1
753	4	0.0	2	4
754	1	0.0	2	0 1
755	2	0.0	2	0 1 1
759	5	0.0	2	3 2
760	1	0.0	2	1
761	1	0.0	2	1
762	2	0.0	2	2
763	4	0.0	2	4
764	3	0.0	2	3
765	4	0.0	2	3 1
767	2	0.0	2	1 1
768	1	0.0	2	1
769	2	0.0	2	1 1
770	1	0.0	2	1
771	2	0.0	2	2
772	1	0.0	2	1
773	2	0.0	2	2
775	1	0.0	2	1
776	1	0.0	2	1
777	1	0.0	2	1
778	2	0.0	2	2
780	2	0.0	2	2
782	1	0.0	2	1
783	1	0.0	2	1
785	1	0.0	2	0 1
788	1	0.0	2	1
791	1	0.0	2	0 1
792	1	0.0	2	0 1
796	1	0.0	2	1
797	1	0.0	2	1
798	1	0.0	2	1
799	2	0.0	2	2
800	2	0.0	2	2
803	5	0.0	2	4 1
804	4	0.0	2	1 3
805	3	0.0	2	3
807	2	0.0	2	2
808	2	0.0	2	1 1
809	1	0.0	2	1
810	4	0.0	2	2 2
812	4	0.0	2	3 1
813	2	0.0	2	1 1
814	3	0.0	2	3
815	3	0.0	2	2 0 1
816	3	0.0	2	2 1
817	3	0.0	2	3
818	2	0.0	2	2
819	2	0.0	2	2
820	2	0.0	2	2
821	4	0.0	2	2 1 1
822	5	0.0	2	4 1
823	1	0.0	2	1
824	3	0.0	2	2 1
825	2	0.0	2	2
826	6	0.0	2	5 1
827	2	0.0	2	1 1
828	1	0.0	2	1
829	2	0.0	2	0 1 1
830	2	0.0	2	0 2
834	1	0.0	2	1
836	1	0.0	2	1
839	3	0.0	2	2 1
840	3	0.0	2	3
841	1	0.0	2	1
843	2	0.0	2	2
844	1	0.0	2	1
845	2	0.0	2	2
847	2	0.0	2	2
848	1	0.0	2	1
850	1	0.0	2	1
851	1	0.0	2	0 1
855	1	0.0	2	1
856	1	0.0	2	1
857	2	0.0	2	2
858	1	0.0	2	0 1
859	1	0.0	2	1
860	2	0.0	2	1 1
861	2	0.0	2	2
862	1	0.0	2	1
864	2	0.0	2	1 1
865	2	0.0	2	0 1 1
867	1	0.0	2	1
868	1	0.0	2	1
869	1	0.0	2	0 1
872	2	0.0	2	2
873	3	0.0	2	3
877	1	0.0	2	0 1
878	1	0.0	2	0 1
879	2	0.0	2	2
880	4	0.0	2	4
882	5	0.0	2	4 1
884	6	0.0	2	4 2
885	1	0.0	2	1
888	2	0.0	2	2
889	1	0.0	2	1
891	3	0.0	2	3
892	1	0.0	2	0 1
893	2	0.0	2	2
894	4	0.0	2	4
895	3	0.0	2	2 1
896	7	0.0	2	6 1
897	3	0.0	2	3
898	2	0.0	2	1 1
899	2	0.0	2	0 2
900	4	0.0	2	1 2 1
901	5	0.0	2	2 3
902	3	0.0	2	2 1
903	8	0.0	2	6 2
904	9	0.0	2	6 3
905	3	0.0	2	1 2
906	2	0.0	2	1 0 1
907	3	0.0	2	3
908	3	0.0	2	3
909	3	0.0	2	2 1
910	2	0.0	2	1 1
911	3	0.0	2	3
912	4	0.0	2	3 1
913	5	0.0	2	4 1
914	11	0.0	2	7 4
915	9	0.0	2	5 4
916	13	0.0	2	9 3 1
917	22	0.0	2	13 8 1
918	12	0.0	2	6 6
919	7	0.0	2	2 5
920	5	0.0	2	1 4
921	3	0.0	2	1 2
923	3	0.0	2	2 1
924	1	0.0	2	1
926	4	0.0	2	2 2
927	2	0.0	2	2
928	2	0.0	2	2
929	2	0.0	2	2
930	3	0.0	2	3
931	1	0.0	2	1
934	2	0.0	2	2
935	1	0.0	2	1
936	2	0.0	2	1 1
937	1	0.0	2	1
938	3	0.0	2	2 0 1
940	1	0.0	2	1
941	3	0.0	2	2 1
942	2	0.0	2	1 1
943	2	0.0	2	2
944	1	0.0	2	1
945	3	0.0	2	3
946	5	0.0	2	4 1
947	2	0.0	2	2
948	3	0.0	2	1 2
949	1	0.0	2	1
950	6	0.0	2	5 0 1
951	1	0.0	2	1
953	1	0.0	2	0 1
954	1	0.0	2	1
955	3	0.0	2	1 2
956	4	0.0	2	3 1
958	3	0.0	2	2 1
959	3	0.0	2	2 1
960	3	0.0	2	3
961	14	0.0	2	14
962	4	0.0	2	4
963	4	0.0	2	2 2
964	4	0.0	2	4
965	2	0.0	2	1 1
967	2	0.0	2	2
968	1	0.0	2	0 1
969	4	0.0	2	4
970	1	0.0	2	1
971	2	0.0	2	2
973	3	0.0	2	3
974	2	0.0	2	1 1
975	2	0.0	2	2
976	1	0.0	2	1
982	1	0.0	2	1
983	1	0.0	2	1
984	1	0.0	2	1
985	2	0.0	2	2
986	2	0.0	2	2
987	2	0.0	2	2
988	1	0.0	2	1
989	1	0.0	2	0 1
990	1	0.0	2	1
991	1	0.0	2	0 1
992	2	0.0	2	2
993	3	0.0	2	2 0 1
994	1	0.0	2	0 1
995	4	0.0	2	1 2 1
996	5	0.0	2	5
997	2	0.0	2	2
998	8	0.0	2	6 2
999	2	0.0	2	1 1
1000	3	0.0	2	2 1
1002	2	0.0	2	1 1
1003	3	0.0	2	3
1004	6	0.0	2	6
1005	3	0.0	2	2 1
1006	7	0.0	2	7
1007	5	0.0	2	4 0 1
1008	5	0.0	2	5
1009	9	0.0	2	8 1
1010	4	0.0	2	4
1011	7	0.0	2	6 1
1012	7	0.0	2	7
1013	11	0.0	2	10 0 1
1014	3	0.0	2	1 2
1015	6	0.0	2	6
1016	7	0.0	2	7
1017	8	0.0	2	7 1
1018	5	0.0	2	4 1
1019	4	0.0	2	4
1020	5	0.0	2	5
1021	3	0.0	2	2 0 1
1022	2	0.0	2	2
1023	5	0.0	2	5
1024	3	0.0	2	2 1
1025	3	0.0	2	1 2
1026	5	0.0	2	4 1
1027	5	0.0	2	4 1
1028	7	0.0	2	5 2
1029	2	0.0	2	1 1
1030	3	0.0	2	2 1
1031	6	0.0	2	4 1 1
1032	3	0.0	2	2 1
1033	3	0.0	2	3
1034	2	0.0	2	1 1
1035	2	0.0	2	2
1036	2	0.0	2	1 1
1037	4	0.0	2	3 1
1038	2	0.0	2	0 2
1039	3	0.0	2	2 1
1041	4	0.0	2	1 3
1042	2	0.0	2	1 1
1043	3	0.0	2	1 2
1044	4	0.0	2	2 2
1045	6	0.0	2	5 1
1046	5	0.0	2	4 1
1047	4	0.0	2	3 1
1048	2	0.0	2	2
1049	2	0.0	2	2
1050	2	0.0	2	1 1
1051	6	0.0	2	4 2
1052	3	0.0	2	0 3
1053	6	0.0	2	0 4 2
1054	1	0.0	2	0 1
1055	1	0.0	2	0 1
1056	2	0.0	2	0 2
1057	1	0.0	2	1
1058	1	0.0	2	0 1
1059	3	0.0	2	2 1
1060	2	0.0	2	1 1
1061	10	0.0	2	7 3
1062	3	0.0	2	3
1063	1	0.0	2	1
1064	3	0.0	2	3
1065	1	0.0	2	1
1067	6	0.0	2	5 1
1068	4	0.0	2	4
1069	4	0.0	2	4
1070	3	0.0	2	3
1071	6	0.0	2	5 1
1072	2	0.0	2	2
1073	2	0.0	2	2
1074	6	0.0	2	5 0 1
1075	4	0.0	2	2 2
1076	3	0.0	2	2 1
1077	1	0.0	2	1
1078	2	0.0	2	1 1
1079	3	0.0	2	3
1080	4	0.0	2	3 1
1081	3	0.0	2	3
1082	4	0.0	2	4
1085	1	0.0	2	1
1086	1	0.0	2	1
1087	4	0.0	2	3 1
1088	2	0.0	2	2
1089	3	0.0	2	3
1092	2	0.0	2	1 1
1093	1	0.0	2	0 1
1094	1	0.0	2	1
1096	1	0.0	2	1
1097	1	0.0	2	1
1098	1	0.0	2	1
1099	2	0.0	2	1 1
1100	2	0.0	2	1 1
1101	4	0.0	2	2 1 1
1102	4	0.0	2	2 2
1103	3	0.0	2	1 2
1105	3	0.0	2	0 3
1107	2	0.0	2	1 1
1108	1	0.0	2	1
1109	3	0.0	2	0 3
1110	3	0.0	2	1 2
1111	2	0.0	2	1 1
1112	2	0.0	2	1 1
1113	12	0.0	2	4 8
1114	3	0.0	2	3
1115	5	0.0	2	4 1
1116	8	0.0	2	7 1
1117	2	0.0	2	2
1118	4	0.0	2	4
1119	5	0.0	2	5
1120	2	0.0	2	2
1121	1	0.0	2	1
1122	3	0.0	2	2 1
1123	2	0.0	2	2
1124	2	0.0	2	2
1125	6	0.0	2	4 2
1126	4	0.0	2	1 2 1
1127	5	0.0	2	2 3
1128	4	0.0	2	1 3
1129	5	0.0	2	4 0 1
1130	2	0.0	2	1 1
1131	3	0.0	2	2 1
1132	6	0.0	2	6
1133	8	0.0	2	5 3
1134	5	0.0	2	4 1
1135	9	0.0	2	9
1136	8	0.0	2	8
1137	9	0.0	2	9
1138	3	0.0	2	2 1
1139	2	0.0	2	2
1140	3	0.0	2	2 1
1141	4	0.0	2	4
1142	1	0.0	2	1
1143	3	0.0	2	2 0 1
1144	2	0.0	2	1 1
1145	2	0.0	2	2
1146	3	0.0	2	3
1147	2	0.0	2	1 1
1149	2	0.0	2	0 2
1150	1	0.0	2	0 1
1151	1	0.0	2	1
1152	2	0.0	2	2
1153	2	0.0	2	1 1
1154	2	0.0	2	1 1
1156	4	0.0	2	2 2
1157	7	0.0	2	4 1 2
1158	8	0.0	2	6 2
1159	11	0.0	2	7 3 1
1160	3	0.0	2	3
1161	3	0.0	2	1 2
1162	3	0.0	2	2 1
1163	10	0.0	2	8 2
1164	5	0.0	2	5
1165	2	0.0	2	1 1
1166	6	0.0	2	5 1
1167	4	0.0	2	4
1168	2	0.0	2	1 1
1169	2	0.0	2	2
1170	5	0.0	2	2 3
1171	3	0.0	2	3
1172	4	0.0	2	4
1173	6	0.0	2	4 2
1174	3	0.0	2	3
1175	6	0.0	2	4 2
1176	3	0.0	2	2 1
1177	9	0.0	2	2 7
1178	1	0.0	2	0 1
1179	10	0.0	2	2 6 2
1180	3	0.0	2	1 2
1181	9	0.0	2	1 8
1182	6	0.0	2	3 3
1183	4	0.0	2	3 1
1184	10	0.0	2	7 3
1185	4	0.0	2	4
1186	7	0.0	2	6 1
1187	3	0.0	2	1 1 1
1188	9	0.0	2	8 1
1189	8	0.0	2	6 2
1190	12	0.0	2	9 3
1191	6	0.0	2	4 2
1192	2	0.0	2	1 1
1193	3	0.0	2	3
1194	3	0.0	2	3
1195	1	0.0	2	1
1196	6	0.0	2	5 1
1197	8	0.0	2	7 1
1198	9	0.0	2	8 1
1199	5	0.0	2	2 3
1200	8	0.0	2	8
1201	6	0.0	2	6
1202	5	0.0	2	5
1203	3	0.0	2	1 2
1204	8	0.0	2	7 1
1205	3	0.0	2	3
1206	3	0.0	2	2 0 1
1207	3	0.0	2	3
1209	1	0.0	2	1
1210	3	0.0	2	3
1211	2	0.0	2	1 1
1212	3	0.0	2	3
1213	3	0.0	2	3
1215	1	0.0	2	1
1216	2	0.0	2	0 1 1
1217	1	0.0	2	1
1218	1	0.0	2	1
1220	3	0.0	2	2 1
1221	3	0.0	2	2 1
1222	2	0.0	2	2
1223	4	0.0	2	4
1224	4	0.0	2	3 1
1225	3	0.0	2	3
1226	8	0.0	2	4 4
1227	5	0.0	2	3 2
1228	7	0.0	2	1 6
1229	11	0.0	2	8 3
1230	6	0.0	2	4 2
1231	6	0.0	2	6
1232	2	0.0	2	2
1234	1	0.0	2	0 1
1235	2	0.0	2	0 2
1236	2	0.0	2	2
1237	1	0.0	2	1
1238	1	0.0	2	0 1
1239	1	0.0	2	0 1
1240	2	0.0	2	2
1241	1	0.0	2	1
1242	2	0.0	2	2
1248	2	0.0	2	2
1249	2	0.0	2	1 1
1251	1	0.0	2	0 1
1252	1	0.0	2	1
1253	2	0.0	2	1 1
1255	2	0.0	2	2
1257	1	0.0	2	1
1259	1	0.0	2	1
1260	1	0.0	2	1
1261	1	0.0	2	0 0 1
1262	1	0.0	2	1
1263	3	0.0	2	2 1
1264	1	0.0	2	0 1
1267	4	0.0	2	2 2
1268	3	0.0	2	3
1269	3	0.0	2	2 1
1271	4	0.0	2	3 1
1272	1	0.0	2	1
1273	2	0.0	2	1 1
1274	1	0.0	2	1
1275	3	0.0	2	2 1
1277	1	0.0	2	1
1280	1	0.0	2	1
1281	1	0.0	2	1
1284	1	0.0	2	1
1286	3	0.0	2	2 1
1287	1	0.0	2	1
1288	1	0.0	2	0 1
1289	2	0.0	2	1 1
1291	4	0.0	2	4
1292	2	0.0	2	1 1
1294	3	0.0	2	2 1
1295	2	0.0	2	1 1
1296	3	0.0	2	2 1
1297	5	0.0	2	5
1298	1	0.0	2	1
1300	1	0.0	2	1
1301	1	0.0	2	0 1
1302	2	0.0	2	2
1304	2	0.0	2	2
1305	6	0.0	2	6
1306	1	0.0	2	1
1307	9	0.0	2	9
1308	5	0.0	2	4 1
1309	3	0.0	2	3
1310	1	0.0	2	1
1311	3	0.0	2	3
1313	2	0.0	2	1 1
1314	3	0.0	2	3
1315	3	0.0	2	3
1316	2	0.0	2	2
1317	3	0.0	2	3
1318	2	0.0	2	2
1319	4	0.0	2	4
1320	1	0.0	2	1
1321	1	0.0	2	1
1322	2	0.0	2	2
1325	2	0.0	2	2
1326	4	0.0	2	4
1327	3	0.0	2	2 0 1
1328	3	0.0	2	2 1
1330	3	0.0	2	3
1331	1	0.0	2	1
1332	8	0.0	2	5 3
1333	4	0.0	2	2 2
1334	2	0.0	2	2
1335	2	0.0	2	2
1336	5	0.0	2	5
1337	1	0.0	2	1
1338	1	0.0	2	0 1
1339	5	0.0	2	4 1
1340	5	0.0	2	5
1341	4	0.0	2	4
1342	8	0.0	2	7 0 1
1343	6	0.0	2	6
1344	7	0.0	2	7
1345	5	0.0	2	5
1346	10	0.0	2	10
1347	2	0.0	2	2
1348	4	0.0	2	3 1
1349	3	0.0	2	3
1350	2	0.0	2	2
1351	3	0.0	2	3
1352	2	0.0	2	1 1
1353	3	0.0	2	1 2
1354	5	0.0	2	2 3
1355	3	0.0	2	2 1
1356	3	0.0	2	0 3
1358	5	0.0	2	4 1
1359	3	0.0	2	2 1
1360	3	0.0	2	2 1
1361	3	0.0	2	2 1
1362	4	0.0	2	4
1363	4	0.0	2	4
1365	1	0.0	2	1
1367	2	0.0	2	1 1
1368	4	0.0	2	2 2
1369	4	0.0	2	1 3
1370	4	0.0	2	3 1
1371	5	0.0	2	3 1 1
1372	2	0.0	2	2
1373	2	0.0	2	2
1374	3	0.0	2	3
1375	4	0.0	2	2 2
1376	2	0.0	2	2
1377	4	0.0	2	4
1378	3	0.0	2	3
1379	4	0.0	2	4
1380	3	0.0	2	3
1381	1	0.0	2	1
1382	4	0.0	2	2 1 1
1383	2	0.0	2	2
1384	1	0.0	2	1
1385	4	0.0	2	3 1
1386	2	0.0	2	1 1
1388	1	0.0	2	1
1389	2	0.0	2	1 0 1
1390	5	0.0	2	5
1392	1	0.0	2	1
1394	2	0.0	2	1 1
1395	3	0.0	2	2 1
1396	1	0.0	2	1
1397	3	0.0	2	3
1399	1	0.0	2	0 1
1400	2	0.0	2	2
1401	1	0.0	2	1
1402	1	0.0	2	1
1403	3	0.0	2	2 1
1405	1	0.0	2	0 1
1406	4	0.0	2	2 2
1407	2	0.0	2	1 1
1408	8	0.0	2	4 4
1409	3	0.0	2	2 1
1410	2	0.0	2	1 1
1411	2	0.0	2	1 1
1414	1	0.0	2	1
1415	2	0.0	2	2
1416	1	0.0	2	0 1
1417	2	0.0	2	0 2
1418	1	0.0	2	1
1420	1	0.0	2	1
1421	1	0.0	2	1
1423	3	0.0	2	0 3
1424	1	0.0	2	1
1425	3	0.0	2	2 1
1426	1	0.0	2	0 1
1427	1	0.0	2	1
1428	4	0.0	2	2 2
1429	3	0.0	2	2 1
1430	2	0.0	2	1 1
1431	4	0.0	2	2 2
1432	1	0.0	2	0 1
1433	1	0.0	2	1
1434	2	0.0	2	1 1
1437	2	0.0	2	2
1438	1	0.0	2	1
1440	4	0.0	2	3 1
1441	2	0.0	2	1 1
1442	2	0.0	2	2
1443	2	0.0	2	2
1444	3	0.0	2	2 1
1445	5	0.0	2	0 5
1447	1	0.0	2	0 1
1448	5	0.0	2	4 1
1449	2	0.0	2	2
1450	1	0.0	2	0 1
1452	3	0.0	2	3
1453	1	0.0	2	1
1454	2	0.0	2	1 1
1455	1	0.0	2	1
1456	2	0.0	2	2
1458	4	0.0	2	2 2
1459	1	0.0	2	0 1
1460	3	0.0	2	3
1462	2	0.0	2	2
1465	1	0.0	2	1
1466	4	0.0	2	4
1467	2	0.0	2	2
1469	2	0.0	2	2
1470	1	0.0	2	1
1471	1	0.0	2	1
1472	1	0.0	2	1
1473	3	0.0	2	3
1474	1	0.0	2	1
1475	1	0.0	2	1
1477	5	0.0	2	5
1479	1	0.0	2	1
1480	5	0.0	2	4 1
1481	2	0.0	2	2
1482	6	0.0	2	5 1
1483	5	0.0	2	5
1484	6	0.0	2	6
1485	4	0.0	2	4
1486	4	0.0	2	3 0 1
1487	2	0.0	2	1 1
1488	4	0.0	2	3 1
1489	3	0.0	2	2 1
1490	3	0.0	2	3
1491	6	0.0	2	5 0 1
1492	9	0.0	2	7 2
1493	6	0.0	2	4 2
1494	1	0.0	2	1
1495	5	0.0	2	4 1
1496	4	0.0	2	3 1
1497	5	0.0	2	4 1
1498	6	0.0	2	2 3 1
1499	2	0.0	2	2
1500	4	0.0	2	2 2
1501	9	0.0	2	7 2
1502	1	0.0	2	1
1503	2	0.0	2	1 1
1504	3	0.0	2	3
1505	5	0.0	2	5
1506	5	0.0	2	4 1
1507	6	0.0	2	6
1508	3	0.0	2	3
1509	3	0.0	2	2 1
1510	6	0.0	2	4 2
1511	3	0.0	2	1 2
1512	7	0.0	2	5 1 1
1513	7	0.0	2	5 2
1514	1	0.0	2	1
1515	3	0.0	2	2 1
1516	2	0.0	2	1 1
1517	3	0.0	2	2 1
1518	8	0.0	2	6 2
1519	4	0.0	2	1 3
1520	14	0.0	2	5 8 1
1521	8	0.0	2	5 3
1522	7	0.0	2	6 1
1523	9	0.0	2	5 4
1524	16	0.0	2	7 9
1525	4	0.0	2	1 3
1526	5	0.0	2	2 3
1527	5	0.0	2	1 2 2
1528	6	0.0	2	3 3
1529	3	0.0	2	1 2
1530	6	0.0	2	6
1531	3	0.0	2	3
1532	3	0.0	2	2 1
1533	10	0.0	2	8 1 1
1534	3	0.0	2	3
1535	8	0.0	2	8
1536	3	0.0	2	3
1537	2	0.0	2	2
1538	4	0.0	2	4
1539	2	0.0	2	2
1540	6	0.0	2	5 1
1541	3	0.0	2	2 1
1542	1	0.0	2	1
1543	2	0.0	2	1 1
1544	3	0.0	2	2 1
1545	1	0.0	2	0 1
1546	4	0.0	2	2 2
1547	2	0.0	2	1 1
1548	2	0.0	2	2
1550	3	0.0	2	2 1
1551	4	0.0	2	4
1552	1	0.0	2	1
1553	2	0.0	2	2
1554	1	0.0	2	1
1555	2	0.0	2	2
1556	2	0.0	2	1 1
1557	3	0.0	2	2 1
1558	2	0.0	2	1 1
1559	3	0.0	2	1 2
1560	4	0.0	2	3 1
1561	5	0.0	2	3 2
1562	9	0.0	2	8 0 1
1563	5	0.0	2	5
1564	3	0.0	2	2 1
1565	4	0.0	2	4
1566	2	0.0	2	1 0 1
1567	3	0.0	2	3
1568	3	0.0	2	2 1
1569	1	0.0	2	1
1570	5	0.0	2	4 1
1571	1	0.0	2	0 1
1573	3	0.0	2	2 1
1575	6	0.0	2	6
1576	4	0.0	2	4
1577	1	0.0	2	1
1578	3	0.0	2	3
1579	6	0.0	2	6
1580	4	0.0	2	1 3
1581	7	0.0	2	4 3
1582	2	0.0	2	2
1583	3	0.0	2	2 1
1584	4	0.0	2	3 0 1
1585	3	0.0	2	3
1586	1	0.0	2	1
1587	1	0.0	2	1
1588	2	0.0	2	2
1589	2	0.0	2	2
1590	1	0.0	2	1
1592	2	0.0	2	2
1593	3	0.0	2	3
1594	1	0.0	2	1
1595	5	0.0	2	4 1
1596	1	0.0	2	1
1597	1	0.0	2	0 1
1598	2	0.0	2	2
1599	2	0.0	2	2
1600	1	0.0	2	1
1601	6	0.0	2	6
1603	4	0.0	2	4
1604	4	0.0	2	1 2 1
1605	3	0.0	2	1 2
1606	4	0.0	2	3 1
1607	5	0.0	2	5
1608	3	0.0	2	3
1609	5	0.0	2	5
1610	7	0.0	2	4 3
1611	4	0.0	2	2 2
1612	7	0.0	2	2 5
1613	10	0.0	2	6 4
1614	13	0.0	2	7 6
1615	12	0.0	2	5 7
1616	9	0.0	2	3 6
1617	6	0.0	2	4 2
1618	4	0.0	2	4
1619	15	0.0	2	9 6
1620	5	0.0	2	4 1
1621	4	0.0	2	4
1622	8	0.0	2	8
1623	8	0.0	2	5 3
1624	5	0.0	2	2 3
1625	8	0.0	2	7 1
1626	9	0.0	2	7 1 1
1627	3	0.0	2	1 2
1628	11	0.0	2	10 1
1629	10	0.0	2	9 1
1630	5	0.0	2	5
1631	14	0.0	2	13 1
1632	13	0.0	2	11 1 1
1633	16	0.0	2	16
1634	18	0.0	2	17 1
1635	25	0.0	2	24 1
1636	16	0.0	2	16
1637	8	0.0	2	8
1638	7	0.0	2	6 1
1639	5	0.0	2	3 2
1640	8	0.0	2	8
1641	3	0.0	2	3
1642	2	0.0	2	1 1
1643	1	0.0	2	1
1645	2	0.0	2	2
1646	7	0.0	2	5 2
1647	2	0.0	2	1 1
1649	1	0.0	2	1
1650	2	0.0	2	1 1
1651	6	0.0	2	5 1
1652	4	0.0	2	2 2
1653	3	0.0	2	2 0 1
1654	1	0.0	2	0 1
1656	1	0.0	2	0 0 1
1657	1	0.0	2	1
1658	1	0.0	2	0 1
1659	1	0.0	2	1
1660	2	0.0	2	1 1
1661	4	0.0	2	4
1662	1	0.0	2	1
1664	2	0.0	2	2
1665	1	0.0	2	1
1666	2	0.0	2	1 1
1668	1	0.0	2	1
1669	4	0.0	2	4
1670	1	0.0	2	1
1671	1	0.0	2	1
1672	2	0.0	2	2
1673	1	0.0	2	1
1674	3	0.0	2	3
1675	3	0.0	2	2 1
1676	3	0.0	2	3
1677	1	0.0	2	1
1678	2	0.0	2	2
1680	1	0.0	2	1
1682	5	0.0	2	4 1
1684	2	0.0	2	2
1685	4	0.0	2	3 1
1686	3	0.0	2	2 1
1687	1	0.0	2	1
1688	2	0.0	2	1 1
1689	3	0.0	2	3
1690	3	0.0	2	2 0 1
1692	7	0.0	2	7
1693	5	0.0	2	4 1
1694	4	0.0	2	4
1695	5	0.0	2	4 1
1696	7	0.0	2	7
1697	9	0.0	2	7 2
1698	8	0.0	2	6 2
1699	9	0.0	2	9
1700	9	0.0	2	8 1
1701	5	0.0	2	4 1
1702	4	0.0	2	2 2
1703	3	0.0	2	1 2
1704	9	0.0	2	6 3
1705	6	0.0	2	5 0 1
1706	4	0.0	2	3 1
1707	2	0.0	2	2
1708	7	0.0	2	7
1709	3	0.0	2	3
1710	6	0.0	2	4 2
1711	3	0.0	2	3
1712	3	0.0	2	3
1713	3	0.0	2	3
1714	1	0.0	2	1
1715	2	0.0	2	2
1716	3	0.0	2	3
1717	2	0.0	2	1 1
1718	1	0.0	2	1
1721	2	0.0	2	2
1722	1	0.0	2	1
1723	3	0.0	2	3
1725	1	0.0	2	1
1726	2	0.0	2	2
1727	2	0.0	2	2
1728	4	0.0	2	3 1
1729	6	0.0	2	6
1730	3	0.0	2	3
1731	1	0.0	2	1
1732	6	0.0	2	6
1733	2	0.0	2	2
1734	8	0.0	2	7 1
1735	4	0.0	2	4
1737	2	0.0	2	1 0 1
1738	2	0.0	2	1 1
1739	5	0.0	2	3 2
1740	1	0.0	2	0 1
1741	6	0.0	2	6
1742	6	0.0	2	5 0 1
1743	6	0.0	2	6
1744	8	0.0	2	8
1745	9	0.0	2	7 2
1746	7	0.0	2	7
1747	10	0.0	2	10
1748	15	0.0	2	14 1
1749	20	0.0	2	19 1
1750	11	0.0	2	10 1
1751	17	0.0	2	17
1752	8	0.0	2	8
1753	5	0.0	2	4 1
1754	7	0.0	2	7
1755	6	0.0	2	4 2
1756	3	0.0	2	2 1
1758	1	0.0	2	1
1759	2	0.0	2	2
1760	5	0.0	2	4 1
1761	2	0.0	2	2
1762	2	0.0	2	2
1763	1	0.0	2	0 1
1764	2	0.0	2	1 1
1765	1	0.0	2	1
1767	5	0.0	2	3 2
1768	1	0.0	2	1
1769	1	0.0	2	1
1770	1	0.0	2	0 1
1771	4	0.0	2	2 2
1772	3	0.0	2	2 0 1
1773	1	0.0	2	1
1774	4	0.0	2	1 3
1775	4	0.0	2	1 3
1776	2	0.0	2	2
1777	4	0.0	2	2 2
1779	5	0.0	2	5
1780	1	0.0	2	1
1781	2	0.0	2	1 1
1782	4	0.0	2	3 0 1
1783	1	0.0	2	1
1784	3	0.0	2	2 1
1785	1	0.0	2	1
1786	1	0.0	2	1
1787	2	0.0	2	0 2
1789	1	0.0	2	1
1790	1	0.0	2	1
1791	2	0.0	2	2
1792	2	0.0	2	2
1793	1	0.0	2	1
1795	2	0.0	2	1 0 1
1797	2	0.0	2	2
1798	1	0.0	2	0 1
1799	1	0.0	2	1
1800	3	0.0	2	2 1
1801	8	0.0	2	7 1
1802	2	0.0	2	2
1803	4	0.0	2	4
1804	2	0.0	2	2
1805	3	0.0	2	3
1806	3	0.0	2	3
1807	2	0.0	2	2
1808	4	0.0	2	3 1
1810	2	0.0	2	2
1811	2	0.0	2	1 1
1812	1	0.0	2	0 1
1813	4	0.0	2	2 2
1814	3	0.0	2	3
1815	2	0.0	2	1 1
1816	4	0.0	2	4
1817	6	0.0	2	6
1818	4	0.0	2	4
1819	9	0.0	2	8 1
1820	2	0.0	2	2
1821	6	0.0	2	5 1
1822	4	0.0	2	4
1823	7	0.0	2	6 1
1824	2	0.0	2	2
1825	3	0.0	2	3
1826	5	0.0	2	4 0 1
1827	3	0.0	2	3
1828	4	0.0	2	4
1829	6	0.0	2	6
1830	3	0.0	2	3
1831	9	0.0	2	8 1
1832	6	0.0	2	5 1
1833	5	0.0	2	3 2
1834	10	0.0	2	9 1
1835	11	0.0	2	10 1
1836	7	0.0	2	7
1837	16	0.0	2	13 2 1
1838	19	0.0	2	17 2
1839	29	0.0	2	22 4 3
1840	23	0.0	2	19 3 1
1841	23	0.0	2	22 1
1842	48	0.0	2	46 1 1
1843	45	0.0	2	42 2 1
1844	44	0.0	2	39 5
1845	63	0.0	2	57 5 1
1846	77	0.0	2	74 1 2
1847	93	0.0	2	89 3 1
1848	106	0.0	2	97 5 4
1849	101	0.0	2	92 7 2
1850	115	0.0	2	106 5 4
1851	114	0.0	2	103 9 2
1852	103	0.0	2	92 10 1
1853	85	0.0	2	75 9 1
1854	64	0.0	2	52 11 1
1855	37	0.0	2	28 7 2
1856	28	0.0	2	14 12 2
1857	33	0.0	2	27 6
1858	34	0.0	2	21 12 1
1859	21	0.0	2	14 7
1860	20	0.0	2	13 7
1861	9	0.0	2	6 2 1
1862	14	0.0	2	11 3
1863	11	0.0	2	9 1 1
1864	6	0.0	2	6
1865	7	0.0	2	6 1
1866	12	0.0	2	11 1
1867	10	0.0	2	10
1868	19	0.0	2	18 1
1869	7	0.0	2	7
1870	10	0.0	2	10
1871	15	0.0	2	11 4
1872	26	0.0	2	25 0 1
1873	11	0.0	2	10 1
1874	10	0.0	2	9 1
1875	8	0.0	2	8
1876	6	0.0	2	3 3
1877	8	0.0	2	4 4
1878	3	0.0	2	2 1
1879	10	0.0	2	6 3 1
1880	18	0.0	2	7 10 1
1881	21	0.0	2	14 7
1882	8	0.0	2	5 3
1883	12	0.0	2	7 5
1884	4	0.0	2	4
1885	6	0.0	2	5 1
1886	5	0.0	2	5
1887	10	0.0	2	9 1
1888	8	0.0	2	7 0 1
1889	16	0.0	2	14 0 2
1890	11	0.0	2	10 1
1891	6	0.0	2	5 1
1892	10	0.0	2	8 1 1
1893	11	0.0	2	10 1
1894	9	0.0	2	8 1
1895	11	0.0	2	11
1896	18	0.0	2	16 2
1897	13	0.0	2	13
1898	18	0.0	2	16 2
1899	12	0.0	2	11 1
1900	15	0.0	2	14 1
1901	23	0.0	2	22 1
1902	26	0.0	2	24 2
1903	24	0.0	2	23 1
1904	17	0.0	2	15 2
1905	22	0.0	2	21 1
1906	18	0.0	2	18
1907	25	0.0	2	21 4
1908	28	0.0	2	26 2
1909	33	0.0	2	28 4 1
1910	44	0.0	2	39 5
1911	58	0.0	2	53 2 3
1912	31	0.0	2	29 2
1913	57	0.0	2	55 2
1914	49	0.0	2	46 3
1915	61	0.0	2	57 4
1916	46	0.0	2	38 6 2
1917	41	0.0	2	38 3
1918	25	0.0	2	23 2
1919	18	0.0	2	14 4
1920	12	0.0	2	10 2
1921	11	0.0	2	9 2
1922	7	0.0	2	5 2
1923	6	0.0	2	5 1
1925	2	0.0	2	1 1
1926	3	0.0	2	3
1927	3	0.0	2	1 2
1929	1	0.0	2	1
1930	2	0.0	2	1 1
1932	3	0.0	2	3
1933	3	0.0	2	3
1934	4	0.0	2	3 1
1935	4	0.0	2	4
1936	4	0.0	2	4
1937	3	0.0	2	3
1938	3	0.0	2	3
1939	4	0.0	2	4
1940	1	0.0	2	0 1
1941	5	0.0	2	4 1
1942	3	0.0	2	3
1943	4	0.0	2	3 1
1944	7	0.0	2	5 2
1945	11	0.0	2	9 2
1946	2	0.0	2	2
1947	4	0.0	2	4
1948	8	0.0	2	7 1
1949	9	0.0	2	8 1
1950	5	0.0	2	4 1
1951	6	0.0	2	5 1
1952	7	0.0	2	7
1953	13	0.0	2	12 1
1954	14	0.0	2	14
1955	9	0.0	2	8 1
1956	10	0.0	2	9 1
1957	6	0.0	2	5 1
1958	3	0.0	2	2 1
1959	12	0.0	2	9 2 1
1960	8	0.0	2	3 5
1961	7	0.0	2	6 1
1962	8	0.0	2	6 1 1
1963	12	0.0	2	9 3
1964	11	0.0	2	7 4
1965	10	0.0	2	7 2 1
1966	13	0.0	2	9 4
1967	6	0.0	2	6
1968	10	0.0	2	8 2
1969	5	0.0	2	4 0 1
1970	2	0.0	2	2
1971	1	0.0	2	1
1972	3	0.0	2	2 1
1973	2	0.0	2	2
1974	4	0.0	2	3 1
1975	2	0.0	2	2
1977	2	0.0	2	2
1978	1	0.0	2	1
1979	1	0.0	2	1
1980	2	0.0	2	2
1981	2	0.0	2	2
1982	3	0.0	2	3
1983	2	0.0	2	2
1985	3	0.0	2	3
1986	1	0.0	2	0 1
1987	3	0.0	2	3
1988	1	0.0	2	1
1990	5	0.0	2	4 1
1991	1	0.0	2	1
1992	5	0.0	2	4 0 1
1993	1	0.0	2	1
1994	5	0.0	2	5
1995	10	0.0	2	8 2
1996	4	0.0	2	4
1997	6	0.0	2	5 1
1998	4	0.0	2	3 1
1999	3	0.0	2	2 1
2000	3	0.0	2	2 1
2001	1	0.0	2	1
2002	3	0.0	2	3
2003	6	0.0	2	4 2
2004	6	0.0	2	5 1
2005	3	0.0	2	2 1
2006	5	0.0	2	5
2007	3	0.0	2	3
2008	1	0.0	2	0 1
2009	2	0.0	2	2
2010	1	0.0	2	1
2011	7	0.0	2	7
2012	1	0.0	2	1
2013	5	0.0	2	5
2014	1	0.0	2	1
2016	3	0.0	2	3
2017	3	0.0	2	3
2018	3	0.0	2	3
2019	3	0.0	2	2 1
2020	1	0.0	2	1
2021	3	0.0	2	3
2022	3	0.0	2	2 0 1
2024	5	0.0	2	4 1
2025	4	0.0	2	4
2026	6	0.0	2	5 1
2027	1	0.0	2	1
2028	2	0.0	2	2
2029	9	0.0	2	6 3
2030	7	0.0	2	5 1 1
2031	3	0.0	2	2 1
2032	7	0.0	2	6 1
2033	4	0.0	2	4
2034	6	0.0	2	5 1
2035	9	0.0	2	9
2036	2	0.0	2	2
2037	4	0.0	2	4
2038	6	0.0	2	5 1
2039	4	0.0	2	4
2040	11	0.0	2	8 3
2041	6	0.0	2	4 2
2042	11	0.0	2	9 2
2043	7	0.0	2	6 1
2044	16	0.0	2	14 2
2045	13	0.0	2	9 3 1
2046	5	0.0	2	4 1
2047	8	0.0	2	4 4
2048	4	0.0	2	4
2049	8	0.0	2	6 2
2050	2	0.0	2	2
2051	6	0.0	2	6
2052	8	0.0	2	7 1
2053	4	0.0	2	4
2054	1	0.0	2	1
2055	4	0.0	2	4
2056	3	0.0	2	3
2057	2	0.0	2	2
2058	6	0.0	2	6
2059	1	0.0	2	1
2060	7	0.0	2	6 1
2061	5	0.0	2	5
2062	6	0.0	2	6
2063	6	0.0	2	6
2064	5	0.0	2	4 1
2065	8	0.0	2	8
2066	4	0.0	2	3 1
2067	7	0.0	2	7
2068	4	0.0	2	4
2069	10	0.0	2	10
2070	7	0.0	2	6 0 1
2071	11	0.0	2	11
2072	5	0.0	2	5
2073	3	0.0	2	3
2074	4	0.0	2	4
2075	5	0.0	2	5
2076	2	0.0	2	2
2077	2	0.0	2	2
2078	2	0.0	2	2
2079	1	0.0	2	0 1
2080	3	0.0	2	3
2081	2	0.0	2	1 1
2082	4	0.0	2	4
2083	2	0.0	2	2
2084	1	0.0	2	1
2085	5	0.0	2	4 1
2086	1	0.0	2	1
2087	3	0.0	2	2 1
2088	2	0.0	2	2
2089	6	0.0	2	5 0 1
2090	4	0.0	2	4
2091	7	0.0	2	4 3
2092	3	0.0	2	2 1
2093	4	0.0	2	3 1
2094	2	0.0	2	2
2095	2	0.0	2	2
2096	1	0.0	2	1
2097	3	0.0	2	2 1
2098	4	0.0	2	4
2099	5	0.0	2	5
2100	2	0.0	2	2
2101	2	0.0	2	2
2102	3	0.0	2	3
2103	7	0.0	2	5 1 1
2104	2	0.0	2	2
2105	2	0.0	2	2
2106	6	0.0	2	5 1
2107	7	0.0	2	7
2108	5	0.0	2	5
2109	4	0.0	2	4
2110	4	0.0	2	4
2111	4	0.0	2	3 1
2112	9	0.0	2	8 1
2113	7	0.0	2	6 0 1
2114	14	0.0	2	14
2115	4	0.0	2	3 1
2116	4	0.0	2	3 1
2117	8	0.0	2	8
2118	2	0.0	2	2
2119	3	0.0	2	1 2
2120	6	0.0	2	6
2121	4	0.0	2	3 1
2123	2	0.0	2	2
2124	3	0.0	2	2 1
2125	3	0.0	2	2 1
2126	5	0.0	2	4 0 1
2127	1	0.0	2	1
2128	5	0.0	2	1 4
2129	2	0.0	2	1 1
2130	4	0.0	2	3 0 1
2131	2	0.0	2	2
2133	5	0.0	2	4 1
2134	6	0.0	2	6
2135	7	0.0	2	6 1
2136	7	0.0	2	6 1
2137	2	0.0	2	2
2138	10	0.0	2	8 2
2139	8	0.0	2	7 1
2140	15	0.0	2	13 2
2141	9	0.0	2	9
2142	11	0.0	2	9 2
2143	15	0.0	2	14 1
2144	14	0.0	2	14
2145	9	0.0	2	8 1
2146	5	0.0	2	5
2147	4	0.0	2	4
2148	4	0.0	2	3 1
2149	2	0.0	2	1 1
2150	2	0.0	2	2
2151	4	0.0	2	3 1
2152	6	0.0	2	6
2153	5	0.0	2	4 1
2154	4	0.0	2	4
2155	4	0.0	2	3 1
2156	3	0.0	2	2 1
2157	4	0.0	2	2 1 1
2158	6	0.0	2	6
2159	7	0.0	2	4 3
2160	5	0.0	2	4 1
2161	8	0.0	2	8
2162	2	0.0	2	1 1
2163	9	0.0	2	8 1
2164	4	0.0	2	2 2
2165	15	0.0	2	12 3
2166	21	0.0	2	17 3 1
2167	10	0.0	2	8 2
2168	12	0.0	2	9 3
2169	11	0.0	2	10 1
2170	16	0.0	2	10 5 1
2171	13	0.0	2	10 3
2172	11	0.0	2	9 2
2173	15	0.0	2	11 4
2174	11	0.0	2	10 1
2175	9	0.0	2	9
2176	9	0.0	2	6 3
2177	9	0.0	2	7 1 1
2178	14	0.0	2	13 1
2179	12	0.0	2	8 3 1
2180	18	0.0	2	12 4 2
2181	24	0.0	2	17 7
2182	14	0.0	2	11 3
2183	20	0.0	2	16 4
2184	17	0.0	2	12 5
2185	10	0.0	2	5 5
2186	27	0.0	2	21 6
2187	10	0.0	2	8 1 1
2188	11	0.0	2	7 4
2189	8	0.0	2	6 1 1
2190	6	0.0	2	6
2191	4	0.0	2	4
2192	1	0.0	2	1
2193	4	0.0	2	2 2
2194	1	0.0	2	1
2196	4	0.0	2	4
2197	5	0.0	2	3 1 1
2198	5	0.0	2	4 1
2199	4	0.0	2	4
2200	1	0.0	2	1
2201	1	0.0	2	1
2202	4	0.0	2	2 0 2
2203	1	0.0	2	1
2204	4	0.0	2	4
2205	6	0.0	2	4 1 1
2206	2	0.0	2	2
2208	5	0.0	2	3 0 2
2209	4	0.0	2	3 1
2210	3	0.0	2	3
2211	4	0.0	2	3 1
2212	3	0.0	2	2 1
2213	3	0.0	2	1 2
2214	7	0.0	2	6 1
2215	3	0.0	2	3
2216	8	0.0	2	4 2 2
2217	9	0.0	2	8 1
2218	6	0.0	2	6
2219	6	0.0	2	6
2221	3	0.0	2	0 2 1
2222	4	0.0	2	4
2223	1	0.0	2	1
2224	5	0.0	2	4 0 1
2225	5	0.0	2	3 2
2226	2	0.0	2	1 1
2227	3	0.0	2	2 1
2229	1	0.0	2	1
2230	7	0.0	2	6 1
2231	5	0.0	2	4 1
2232	7	0.0	2	6 1
2233	9	0.0	2	9
2234	12	0.0	2	8 3 1
2235	16	0.0	2	12 4
2236	8	0.0	2	8
2237	8	0.0	2	5 3
2238	5	0.0	2	5
2239	5	0.0	2	4 1
2240	3	0.0	2	2 1
2241	4	0.0	2	3 1
2242	1	0.0	2	1
2243	3	0.0	2	3
2245	1	0.0	2	0 0 1
2247	3	0.0	2	3
2252	2	0.0	2	2
2253	2	0.0	2	2
2254	2	0.0	2	2
2255	2	0.0	2	2
2256	3	0.0	2	3
2257	2	0.0	2	2
2259	2	0.0	2	2
2260	2	0.0	2	2
2261	1	0.0	2	1
2262	1	0.0	2	1
2263	1	0.0	2	1
2264	1	0.0	2	1
2265	1	0.0	2	1
2266	1	0.0	2	0 1
2268	2	0.0	2	2
2270	2	0.0	2	2
2271	3	0.0	2	2 1
2272	5	0.0	2	4 1
2273	4	0.0	2	3 1
2276	2	0.0	2	2
2277	1	0.0	2	1
2278	4	0.0	2	4
2280	2	0.0	2	2
2281	3	0.0	2	3
2282	3	0.0	2	3
2284	2	0.0	2	1 1
2286	2	0.0	2	2
2287	1	0.0	2	0 1
2288	2	0.0	2	2
2289	1	0.0	2	1
2290	2	0.0	2	2
2291	1	0.0	2	1
2292	1	0.0	2	1
2293	1	0.0	2	1
2294	1	0.0	2	1
2295	1	0.0	2	1
2296	3	0.0	2	3
2297	2	0.0	2	0 1 1
2298	1	0.0	2	1
2299	2	0.0	2	2
2301	2	0.0	2	2
2302	1	0.0	2	1
2303	2	0.0	2	2
2304	2	0.0	2	2
2305	1	0.0	2	1
2306	1	0.0	2	1
2307	4	0.0	2	2 2
2308	2	0.0	2	2
2309	1	0.0	2	1
2310	2	0.0	2	1 1
2311	1	0.0	2	0 1
2313	1	0.0	2	0 1
2314	3	0.0	2	3
2317	2	0.0	2	1 1
2318	2	0.0	2	2
2319	2	0.0	2	1 1
2321	3	0.0	2	3
2323	5	0.0	2	4 1
2324	2	0.0	2	2
2325	2	0.0	2	2
2326	6	0.0	2	5 0 1
2327	3	0.0	2	2 0 1
2328	8	0.0	2	8
2329	3	0.0	2	2 1
2330	2	0.0	2	2
2331	3	0.0	2	3
2332	3	0.0	2	2 0 1
2333	2	0.0	2	2
2334	6	0.0	2	4 1 1
2335	3	0.0	2	2 0 1
2336	4	0.0	2	4
2337	1	0.0	2	0 1
2338	8	0.0	2	8
2339	6	0.0	2	4 2
2340	10	0.0	2	10
2341	10	0.0	2	7 2 1
2342	9	0.0	2	8 1
2343	12	0.0	2	12
2344	9	0.0	2	8 1
2345	9	0.0	2	9
2346	8	0.0	2	7 1
2347	8	0.0	2	7 1
2348	11	0.0	2	10 1
2349	2	0.0	2	2
2350	4	0.0	2	3 0 1
2351	2	0.0	2	2
2352	7	0.0	2	5 2
2353	8	0.0	2	7 1
2354	2	0.0	2	1 1
2355	2	0.0	2	2
2356	2	0.0	2	2
2357	4	0.0	2	4
2358	3	0.0	2	2 1
2359	3	0.0	2	2 1
2360	3	0.0	2	2 1
2361	3	0.0	2	3
2364	2	0.0	2	1 1
2365	2	0.0	2	2
2367	1	0.0	2	1
2368	1	0.0	2	1
2369	2	0.0	2	2
2370	1	0.0	2	1
2372	2	0.0	2	1 1
2373	1	0.0	2	1
2375	2	0.0	2	2
2376	3	0.0	2	3
2377	2	0.0	2	2
2379	1	0.0	2	1
2380	1	0.0	2	1
2381	5	0.0	2	4 0 1
2382	2	0.0	2	2
2383	2	0.0	2	2
2384	2	0.0	2	2
2385	4	0.0	2	2 2
2386	4	0.0	2	2 2
2387	2	0.0	2	2
2388	1	0.0	2	1
2390	2	0.0	2	0 2
2391	2	0.0	2	1 1
2392	1	0.0	2	0 0 1
2393	2	0.0	2	2
2394	2	0.0	2	1 1
2395	2	0.0	2	2
2396	1	0.0	2	1
2397	3	0.0	2	3
2398	2	0.0	2	1 1
2399	1	0.0	2	0 1
2400	1	0.0	2	1
2401	4	0.0	2	3 0 1
2402	3	0.0	2	3
2403	3	0.0	2	3
2404	2	0.0	2	2
2406	3	0.0	2	2 0 1
2407	4	0.0	2	4
2408	2	0.0	2	2
2409	2	0.0	2	2
2410	3	0.0	2	1 2
2411	3	0.0	2	3
2412	2	0.0	2	1 1
2413	2	0.0	2	1 1
2414	4	0.0	2	3 1
2415	1	0.0	2	1
2416	5	0.0	2	2 3
2417	6	0.0	2	5 1
2418	3	0.0	2	2 1
2419	3	0.0	2	3
2420	4	0.0	2	3 1
2421	1	0.0	2	1
2422	2	0.0	2	2
2423	2	0.0	2	2
2424	2	0.0	2	2
2425	2	0.0	2	2
2427	2	0.0	2	0 2
2428	1	0.0	2	0 1
2430	2	0.0	2	2
2431	3	0.0	2	2 1
2432	3	0.0	2	2 1
2433	3	0.0	2	3
2435	1	0.0	2	1
2436	2	0.0	2	2
2437	1	0.0	2	1
2438	2	0.0	2	2
2439	1	0.0	2	1
2440	1	0.0	2	1
2442	3	0.0	2	3
2445	3	0.0	2	3
2447	2	0.0	2	2
2448	2	0.0	2	2
2449	1	0.0	2	1
2450	3	0.0	2	1 2
2453	1	0.0	2	1
2454	2	0.0	2	0 1 1
2455	1	0.0	2	1
2456	2	0.0	2	1 1
2458	1	0.0	2	1
2459	2	0.0	2	1 1
2460	2	0.0	2	1 1
2461	1	0.0	2	1
2463	2	0.0	2	2
2465	1	0.0	2	1
2466	1	0.0	2	1
2467	2	0.0	2	2
2468	1	0.0	2	1
2469	1	0.0	2	1
2470	2	0.0	2	2
2471	1	0.0	2	1
2472	1	0.0	2	0 1
2473	3	0.0	2	3
2474	5	0.0	2	4 1
2475	6	0.0	2	5 1
2476	4	0.0	2	4
2477	4	0.0	2	4
2478	3	0.0	2	3
2479	2	0.0	2	1 1
2480	1	0.0	2	1
2481	3	0.0	2	3
2482	5	0.0	2	4 1
2483	3	0.0	2	2 0 1
2484	5	0.0	2	5
2485	9	0.0	2	9
2486	16	0.0	2	15 0 1
2487	5	0.0	2	4 1
2488	5	0.0	2	5
2489	8	0.0	2	8
2490	6	0.0	2	5 1
2491	9	0.0	2	7 2
2492	4	0.0	2	2 1 1
2493	7	0.0	2	7
2495	5	0.0	2	4 1
2496	3	0.0	2	3
2498	1	0.0	2	1
2499	2	0.0	2	1 1
2500	1	0.0	2	1
2501	1	0.0	2	1
2502	2	0.0	2	0 1 1
2503	2	0.0	2	2
2504	6	0.0	2	5 1
2505	2	0.0	2	2
2506	2	0.0	2	2
2507	1	0.0	2	0 1
2508	2	0.0	2	2
2509	2	0.0	2	1 1
2510	1	0.0	2	1
2511	1	0.0	2	0 1
2512	4	0.0	2	4
2513	2	0.0	2	2
2516	3	0.0	2	3
2517	5	0.0	2	5
2518	2	0.0	2	1 0 1
2519	4	0.0	2	3 0 1
2522	2	0.0	2	1 1
2525	4	0.0	2	4
2527	2	0.0	2	2
2528	3	0.0	2	2 1
2531	2	0.0	2	1 0 1
2532	1	0.0	2	1
2533	3	0.0	2	3
2534	3	0.0	2	1 2
2535	1	0.0	2	0 1
2536	4	0.0	2	3 1
2538	2	0.0	2	1 1
2540	3	0.0	2	2 1
2541	5	0.0	2	5
2542	1	0.0	2	1
2543	3	0.0	2	2 1
2544	3	0.0	2	2 0 1
2545	1	0.0	2	1
2546	1	0.0	2	1
2547	1	0.0	2	1
2548	5	0.0	2	5
2549	1	0.0	2	1
2550	1	0.0	2	1
2551	1	0.0	2	1
2552	2	0.0	2	2
2554	4	0.0	2	4
2556	2	0.0	2	2
2557	3	0.0	2	3
2558	1	0.0	2	1
2559	3	0.0	2	2 0 1
2560	3	0.0	2	3
2561	2	0.0	2	1 1
2562	1	0.0	2	1
2563	1	0.0	2	1
2564	2	0.0	2	2
2565	2	0.0	2	2
2566	5	0.0	2	4 1
2567	4	0.0	2	4
2568	1	0.0	2	0 1
2569	2	0.0	2	2
2570	2	0.0	2	2
2574	2	0.0	2	2
2575	2	0.0	2	2
2576	2	0.0	2	1 1
2577	1	0.0	2	1
2579	5	0.0	2	4 1
2580	3	0.0	2	3
2583	1	0.0	2	1
2584	1	0.0	2	1
2585	2	0.0	2	1 1
2586	4	0.0	2	3 0 1
2587	2	0.0	2	2
2588	1	0.0	2	1
2590	3	0.0	2	2 1
2591	4	0.0	2	3 0 1
2592	4	0.0	2	4
2593	1	0.0	2	1
2594	5	0.0	2	5
2595	2	0.0	2	2
2596	6	0.0	2	5 0 1
2597	4	0.0	2	4
2598	7	0.0	2	7
2599	6	0.0	2	6
2600	6	0.0	2	6
2602	2	0.0	2	2
2603	1	0.0	2	1
2604	2	0.0	2	2
2605	1	0.0	2	1
2606	1	0.0	2	1
2608	4	0.0	2	4
2609	3	0.0	2	2 1
2610	2	0.0	2	0 2
2611	1	0.0	2	1
2612	2	0.0	2	2
2613	4	0.0	2	3 1
2614	1	0.0	2	1
2615	4	0.0	2	4
2616	3	0.0	2	3
2617	5	0.0	2	5
2618	4	0.0	2	4
2619	6	0.0	2	4 2
2620	4	0.0	2	4
2621	3	0.0	2	3
2622	4	0.0	2	3 1
2623	12	0.0	2	11 1
2624	7	0.0	2	5 0 2
2625	12	0.0	2	12
2626	9	0.0	2	9
2627	9	0.0	2	9
2628	10	0.0	2	9 1
2629	7	0.0	2	7
2630	13	0.0	2	13
2631	12	0.0	2	11 0 1
2632	8	0.0	2	7 1
2633	5	0.0	2	5
2634	7	0.0	2	6 1
2635	1	0.0	2	1
2636	2	0.0	2	2
2637	5	0.0	2	5
2638	1	0.0	2	1
2639	3	0.0	2	3
2640	2	0.0	2	2
2641	1	0.0	2	1
2642	2	0.0	2	1 1
2645	1	0.0	2	1
2646	3	0.0	2	2 0 1
2647	1	0.0	2	1
2648	4	0.0	2	4
2649	4	0.0	2	2 2
2650	5	0.0	2	5
2651	3	0.0	2	3
2652	7	0.0	2	6 1
2653	2	0.0	2	2
2654	4	0.0	2	4
2655	3	0.0	2	2 1
2656	3	0.0	2	3
2657	4	0.0	2	3 1
2658	3	0.0	2	3
2659	5	0.0	2	4 1
2660	4	0.0	2	3 1
2661	3	0.0	2	2 1
2662	3	0.0	2	3
2663	1	0.0	2	1
2664	4	0.0	2	3 1
2665	1	0.0	2	1
2666	3	0.0	2	3
2667	3	0.0	2	3
2668	1	0.0	2	0 1
2669	2	0.0	2	2
2671	1	0.0	2	1
2674	4	0.0	2	4
2675	2	0.0	2	2
2676	6	0.0	2	6
2678	2	0.0	2	0 2
2679	7	0.0	2	6 1
2681	2	0.0	2	2
2682	6	0.0	2	4 2
2683	5	0.0	2	4 1
2684	2	0.0	2	1 1
2685	2	0.0	2	1 1
2686	2	0.0	2	2
2687	2	0.0	2	1 1
2688	2	0.0	2	1 0 1
2689	3	0.0	2	3
2691	3	0.0	2	3
2692	2	0.0	2	2
2694	1	0.0	2	1
2696	1	0.0	2	1
2697	1	0.0	2	1
2698	1	0.0	2	1
2699	2	0.0	2	2
2700	3	0.0	2	3
2701	2	0.0	2	2
2702	2	0.0	2	2
2703	3	0.0	2	2 1
2705	2	0.0	2	1 1
2707	1	0.0	2	1
2708	3	0.0	2	3
2709	2	0.0	2	2
2710	3	0.0	2	3
2711	8	0.0	2	8
2712	6	0.0	2	6
2713	7	0.0	2	6 1
2714	16	0.0	2	15 1
2715	2	0.0	2	2
2716	7	0.0	2	7
2717	9	0.0	2	7 2
2718	8	0.0	2	8
2719	17	0.0	2	17
2720	8	0.0	2	8
2721	6	0.0	2	6
2722	9	0.0	2	7 2
2723	7	0.0	2	7
2724	10	0.0	2	9 0 1
2725	10	0.0	2	10
2726	8	0.0	2	7 1
2727	8	0.0	2	8
2728	16	0.0	2	14 2
2729	17	0.0	2	17
2730	7	0.0	2	6 1
2731	13	0.0	2	13
2732	9	0.0	2	9
2733	7	0.0	2	7
2734	4	0.0	2	4
2735	5	0.0	2	4 1
2736	5	0.0	2	5
2737	5	0.0	2	4 1
2738	3	0.0	2	3
2739	6	0.0	2	6
2740	8	0.0	2	8
2741	5	0.0	2	5
2742	4	0.0	2	4
2743	4	0.0	2	4
2744	4	0.0	2	4
2745	4	0.0	2	4
2746	6	0.0	2	6
2747	5	0.0	2	5
2748	5	0.0	2	5
2749	3	0.0	2	3
2750	1	0.0	2	1
2751	2	0.0	2	2
2752	7	0.0	2	6 1
2753	4	0.0	2	4
2754	4	0.0	2	4
2755	2	0.0	2	2
2756	2	0.0	2	2
2758	1	0.0	2	1
2759	2	0.0	2	2
2760	2	0.0	2	2
2762	2	0.0	2	2
2763	1	0.0	2	1
2765	1	0.0	2	1
2766	1	0.0	2	1
2770	3	0.0	2	3
2771	3	0.0	2	3
2772	3	0.0	2	2 1
2774	3	0.0	2	3
2775	2	0.0	2	2
2776	4	0.0	2	4
2777	3	0.0	2	2 0 1
2778	5	0.0	2	5
2779	1	0.0	2	0 1
2780	3	0.0	2	2 1
2781	7	0.0	2	6 0 1
2782	7	0.0	2	6 1
2783	2	0.0	2	2
2784	4	0.0	2	4
2785	1	0.0	2	1
2786	4	0.0	2	4
2787	2	0.0	2	2
2788	5	0.0	2	5
2789	3	0.0	2	3
2790	4	0.0	2	4
2791	1	0.0	2	1
2792	4	0.0	2	3 1
2793	5	0.0	2	5
2794	3	0.0	2	2 1
2796	2	0.0	2	2
2797	1	0.0	2	0 1
2798	2	0.0	2	1 1
2800	1	0.0	2	1
2804	1	0.0	2	0 1
2805	1	0.0	2	0 1
2806	2	0.0	2	1 1
2807	1	0.0	2	0 1
2811	2	0.0	2	1 1
2812	1	0.0	2	0 1
2815	2	0.0	2	2
2816	1	0.0	2	1
2818	2	0.0	2	2
2819	1	0.0	2	1
2821	2	0.0	2	2
2823	2	0.0	2	2
2824	3	0.0	2	2 0 1
2825	2	0.0	2	1 1
2826	3	0.0	2	2 1
2827	1	0.0	2	1
2828	2	0.0	2	2
2829	2	0.0	2	2
2830	1	0.0	2	1
2831	1	0.0	2	1
2832	2	0.0	2	2
2833	2	0.0	2	2
2834	2	0.0	2	2
2835	3	0.0	2	3
2837	1	0.0	2	1
2838	1	0.0	2	1
2839	1	0.0	2	1
2842	3	0.0	2	2 1
2843	1	0.0	2	0 0 1
2845	1	0.0	2	1
2846	3	0.0	2	3
2847	2	0.0	2	2
2848	3	0.0	2	2 1
2851	3	0.0	2	2 1
2852	5	0.0	2	3 2
2853	2	0.0	2	2
2855	3	0.0	2	3
2856	1	0.0	2	0 1
2857	1	0.0	2	1
2858	1	0.0	2	1
2860	1	0.0	2	0 1
2861	1	0.0	2	1
2863	1	0.0	2	1
2864	1	0.0	2	1
2866	1	0.0	2	1
2867	2	0.0	2	2
2870	1	0.0	2	1
2875	2	0.0	2	2
2877	1	0.0	2	0 1
2878	1	0.0	2	1
2879	1	0.0	2	1
2880	3	0.0	2	3
2881	1	0.0	2	1
2882	1	0.0	2	1
2884	5	0.0	2	4 1
2885	1	0.0	2	0 1
2886	4	0.0	2	3 0 1
2887	3	0.0	2	3
2888	3	0.0	2	3
2889	4	0.0	2	3 1
2890	2	0.0	2	1 1
2891	4	0.0	2	4
2892	4	0.0	2	3 1
2893	3	0.0	2	3
2894	3	0.0	2	2 1
2895	1	0.0	2	1
2896	3	0.0	2	2 1
2897	1	0.0	2	1
2898	3	0.0	2	3
2899	3	0.0	2	2 1
2900	7	0.0	2	7
2901	2	0.0	2	2
2902	5	0.0	2	4 1
2903	11	0.0	2	10 1
2904	5	0.0	2	4 1
2905	6	0.0	2	6
2906	5	0.0	2	5
2907	2	0.0	2	1 0 1
2908	7	0.0	2	5 2
2909	3	0.0	2	3
2910	3	0.0	2	3
2911	1	0.0	2	0 1
2912	1	0.0	2	1
2913	2	0.0	2	1 1
2915	1	0.0	2	1
2916	2	0.0	2	1 0 1
2920	2	0.0	2	2
2922	1	0.0	2	1
2923	3	0.0	2	3
2924	1	0.0	2	1
2926	2	0.0	2	2
2928	1	0.0	2	0 1
2929	2	0.0	2	2
2931	1	0.0	2	1
2933	2	0.0	2	2
2934	1	0.0	2	1
2935	1	0.0	2	1
2936	1	0.0	2	1
2937	1	0.0	2	0 1
2939	3	0.0	2	3
2945	1	0.0	2	1
2946	2	0.0	2	1 0 1
2948	1	0.0	2	1
2949	2	0.0	2	2
2951	1	0.0	2	1
2952	1	0.0	2	0 1
2954	4	0.0	2	4
2957	1	0.0	2	1
2961	1	0.0	2	1
2963	1	0.0	2	1
2964	1	0.0	2	1
2967	1	0.0	2	1
2969	1	0.0	2	1
2971	1	0.0	2	1
2975	1	0.0	2	1
2979	1	0.0	2	0 1
2980	1	0.0	2	1
2982	1	0.0	2	1
2986	2	0.0	2	0 2
2989	4	0.0	2	3 1
2990	1	0.0	2	1
2991	2	0.0	2	0 1 1
2992	1	0.0	2	1
2996	1	0.0	2	1
2998	1	0.0	2	1
2999	4	0.0	2	3 1
3000	1	0.0	2	1
3004	1	0.0	2	1
3006	1	0.0	2	1
3007	1	0.0	2	1
3008	1	0.0	2	0 1
3009	2	0.0	2	1 1
3010	1	0.0	2	0 1
3011	2	0.0	2	2
3013	1	0.0	2	0 1
3016	1	0.0	2	1
3019	1	0.0	2	1
3021	2	0.0	2	2
3023	1	0.0	2	1
3027	2	0.0	2	2
3028	2	0.0	2	2
3029	1	0.0	2	1
3031	4	0.0	2	4
3032	3	0.0	2	2 1
3033	1	0.0	2	1
3034	1	0.0	2	0 1
3035	2	0.0	2	2
3036	2	0.0	2	1 1
3037	5	0.0	2	4 0 1
3038	5	0.0	2	3 2
3039	3	0.0	2	3
3040	3	0.0	2	3
3041	3	0.0	2	2 1
3043	2	0.0	2	2
3044	1	0.0	2	1
3045	2	0.0	2	2
3047	3	0.0	2	3
3049	2	0.0	2	1 1
3050	1	0.0	2	1
3052	2	0.0	2	2
3053	1	0.0	2	1
3054	1	0.0	2	0 1
3056	2	0.0	2	2
3057	2	0.0	2	2
3058	1	0.0	2	0 1
3059	2	0.0	2	2
3060	1	0.0	2	1
3061	1	0.0	2	1
3062	2	0.0	2	2
3063	2	0.0	2	1 0 1
3064	1	0.0	2	1
3065	2	0.0	2	1 1
3067	2	0.0	2	1 0 1
3068	1	0.0	2	1
3069	1	0.0	2	1
3070	1	0.0	2	1
3071	1	0.0	2	0 1
3072	1	0.0	2	1
3077	1	0.0	2	1
3079	2	0.0	2	2
3080	1	0.0	2	1
3081	1	0.0	2	1
3082	1	0.0	2	1
3083	1	0.0	2	0 1
3086	1	0.0	2	1
3088	1	0.0	2	1
3089	1	0.0	2	1
3090	1	0.0	2	1
3091	1	0.0	2	1
3092	1	0.0	2	1
3094	2	0.0	2	1 1
3095	2	0.0	2	1 1
3097	1	0.0	2	1
3098	1	0.0	2	1
3099	1	0.0	2	0 1
3100	2	0.0	2	1 1
3101	2	0.0	2	1 1
3102	1	0.0	2	0 1
3103	2	0.0	2	1 1
3104	2	0.0	2	1 1
3105	1	0.0	2	0 1
3107	1	0.0	2	1
3108	1	0.0	2	1
3109	2	0.0	2	1 1
3111	2	0.0	2	2
3113	1	0.0	2	1
3115	1	0.0	2	1
3119	1	0.0	2	1
3121	1	0.0	2	1
3122	1	0.0	2	1
3124	1	0.0	2	0 1
3125	5	0.0	2	4 1
3126	1	0.0	2	1
3128	2	0.0	2	2
3129	2	0.0	2	1 1
3130	4	0.0	2	2 2
3131	1	0.0	2	1
3135	1	0.0	2	0 1
3136	2	0.0	2	2
3137	4	0.0	2	4
3138	1	0.0	2	1
3139	1	0.0	2	1
3140	2	0.0	2	1 1
3141	2	0.0	2	1 1
3143	3	0.0	2	2 1
3144	1	0.0	2	1
3145	3	0.0	2	2 1
3146	2	0.0	2	2
3147	4	0.0	2	4
3148	3	0.0	2	2 1
3149	3	0.0	2	3
3150	1	0.0	2	1
3152	2	0.0	2	1 0 1
3153	2	0.0	2	1 1
3154	4	0.0	2	2 2
3156	2	0.0	2	2
3157	3	0.0	2	2 0 1
3158	2	0.0	2	2
3159	4	0.0	2	3 0 1
3160	2	0.0	2	1 1
3162	1	0.0	2	1
3163	2	0.0	2	2
3164	2	0.0	2	2
3165	6	0.0	2	6
3167	2	0.0	2	2
3168	3	0.0	2	3
3169	1	0.0	2	1
3170	3	0.0	2	3
3171	4	0.0	2	4
3172	1	0.0	2	1
3173	2	0.0	2	2
3174	3	0.0	2	2 1
3175	6	0.0	2	4 2
3176	3	0.0	2	2 1
3177	4	0.0	2	4
3178	4	0.0	2	3 1
3179	1	0.0	2	1
3180	2	0.0	2	2
3181	3	0.0	2	3
3182	6	0.0	2	6
3183	6	0.0	2	6
3184	4	0.0	2	4
3185	11	0.0	2	10 1
3186	14	0.0	2	13 1
3187	6	0.0	2	5 1
3188	5	0.0	2	5
3189	4	0.0	2	4
3190	4	0.0	2	4
3192	6	0.0	2	6
3193	2	0.0	2	2
3194	2	0.0	2	2
3196	3	0.0	2	2 1
3197	1	0.0	2	0 1
3200	4	0.0	2	3 0 1
3201	1	0.0	2	1
3202	4	0.0	2	3 0 1
3204	1	0.0	2	1
3207	1	0.0	2	1
3209	1	0.0	2	1
3210	2	0.0	2	1 1
3211	1	0.0	2	1
3213	2	0.0	2	2
3214	1	0.0	2	1
3215	3	0.0	2	3
3216	1	0.0	2	0 1
3217	3	0.0	2	3
3218	1	0.0	2	1
3219	1	0.0	2	1
3220	1	0.0	2	1
3221	1	0.0	2	1
3223	3	0.0	2	3
3224	2	0.0	2	2
3228	1	0.0	2	1
3229	1	0.0	2	0 0 1
3230	2	0.0	2	1 1
3231	1	0.0	2	1
3232	2	0.0	2	1 1
3233	1	0.0	2	1
3234	2	0.0	2	2
3235	1	0.0	2	1
3237	1	0.0	2	1
3238	1	0.0	2	1
3240	5	0.0	2	3 2
3241	1	0.0	2	1
3242	3	0.0	2	2 1
3243	1	0.0	2	1
3245	1	0.0	2	1
3246	1	0.0	2	1
3247	2	0.0	2	2
3248	2	0.0	2	2
3249	1	0.0	2	1
3250	3	0.0	2	3
3252	1	0.0	2	1
3253	1	0.0	2	1
3255	1	0.0	2	0 1
3256	1	0.0	2	0 1
3258	2	0.0	2	2
3259	1	0.0	2	1
3260	1	0.0	2	0 1
3261	2	0.0	2	2
3262	2	0.0	2	2
3263	3	0.0	2	2 0 1
3265	4	0.0	2	3 1
3266	5	0.0	2	5
3267	2	0.0	2	2
3268	1	0.0	2	1
3269	2	0.0	2	2
3271	4	0.0	2	4
3272	4	0.0	2	3 1
3273	2	0.0	2	2
3274	3	0.0	2	3
3275	7	0.0	2	6 1
3276	6	0.0	2	6
3277	5	0.0	2	4 1
3278	4	0.0	2	4
3279	3	0.0	2	2 1
3280	2	0.0	2	2
3281	3	0.0	2	3
3282	2	0.0	2	2
3285	3	0.0	2	2 1
3287	2	0.0	2	2
3288	1	0.0	2	1
3289	1	0.0	2	1
3290	1	0.0	2	1
3292	1	0.0	2	1
3293	2	0.0	2	1 1
3294	1	0.0	2	0 1
3295	1	0.0	2	1
3296	1	0.0	2	0 1
3297	2	0.0	2	2
3298	1	0.0	2	1
3300	2	0.0	2	1 1
3302	1	0.0	2	0 0 1
3303	1	0.0	2	1
3305	2	0.0	2	1 1
3306	2	0.0	2	2
3307	3	0.0	2	3
3308	3	0.0	2	2 1
3309	3	0.0	2	2 1
3310	2	0.0	2	1 1
3311	2	0.0	2	2
3312	2	0.0	2	1 1
3313	2	0.0	2	1 1
3314	3	0.0	2	3
3315	2	0.0	2	1 1
3316	4	0.0	2	2 2
3317	1	0.0	2	1
3318	7	0.0	2	4 3
3319	2	0.0	2	2
3320	3	0.0	2	1 2
3321	3	0.0	2	2 1
3322	1	0.0	2	0 1
3323	5	0.0	2	4 1
3324	2	0.0	2	2
3325	3	0.0	2	3
3326	2	0.0	2	1 0 1
3328	6	0.0	2	5 1
3329	1	0.0	2	1
3330	3	0.0	2	3
3332	7	0.0	2	7
3333	1	0.0	2	1
3334	5	0.0	2	5
3335	3	0.0	2	3
3336	5	0.0	2	4 1
3337	8	0.0	2	8
3338	3	0.0	2	3
3339	4	0.0	2	4
3340	4	0.0	2	4
3341	6	0.0	2	6
3342	3	0.0	2	3
3343	4	0.0	2	4
3344	5	0.0	2	3 1 1
3345	6	0.0	2	5 1
3346	4	0.0	2	3 1
3347	4	0.0	2	4
3348	7	0.0	2	7
3349	2	0.0	2	1 1
3350	10	0.0	2	8 2
3351	2	0.0	2	2
3352	4	0.0	2	4
3353	3	0.0	2	3
3354	1	0.0	2	1
3355	2	0.0	2	2
3356	3	0.0	2	2 1
3359	3	0.0	2	2 1
3360	1	0.0	2	0 1
3361	1	0.0	2	1
3364	1	0.0	2	1
3365	1	0.0	2	0 1
3366	1	0.0	2	1
3367	1	0.0	2	1
3370	2	0.0	2	2
3371	1	0.0	2	1
3372	2	0.0	2	2
3373	1	0.0	2	1
3374	1	0.0	2	0 0 1
3375	2	0.0	2	2
3378	2	0.0	2	1 0 1
3379	1	0.0	2	1
3381	1	0.0	2	1
3383	1	0.0	2	0 1
3385	1	0.0	2	1
3387	1	0.0	2	1
3388	1	0.0	2	1
3391	1	0.0	2	1
3392	1	0.0	2	1
3394	1	0.0	2	1
3395	2	0.0	2	2
3397	3	0.0	2	3
3400	2	0.0	2	1 1
3403	2	0.0	2	2
3404	1	0.0	2	1
3405	2	0.0	2	2
3406	1	0.0	2	0 1
3407	1	0.0	2	1
3409	2	0.0	2	2
3410	1	0.0	2	0 1
3411	2	0.0	2	1 1
3412	2	0.0	2	1 1
3413	1	0.0	2	1
3414	1	0.0	2	1
3415	1	0.0	2	0 1
3416	1	0.0	2	1
3417	1	0.0	2	1
3420	1	0.0	2	1
3421	1	0.0	2	1
3424	2	0.0	2	2
3425	2	0.0	2	1 1
3426	2	0.0	2	0 2
3427	1	0.0	2	1
3428	3	0.0	2	2 1
3430	3	0.0	2	1 2
3431	3	0.0	2	0 3
3432	3	0.0	2	2 1
3433	1	0.0	2	1
3434	2	0.0	2	1 1
3435	3	0.0	2	3
3437	1	0.0	2	1
3438	2	0.0	2	1 1
3439	2	0.0	2	2
3440	2	0.0	2	2
3442	2	0.0	2	1 1
3443	1	0.0	2	1
3444	1	0.0	2	0 1
3445	2	0.0	2	2
3446	2	0.0	2	2
3448	2	0.0	2	1 1
3451	1	0.0	2	1
3452	1	0.0	2	1
3453	1	0.0	2	1
3454	1	0.0	2	1
3456	1	0.0	2	1
3457	2	0.0	2	2
3460	1	0.0	2	1
3461	2	0.0	2	1 1
3463	1	0.0	2	1
3464	1	0.0	2	1
3465	1	0.0	2	1
3467	1	0.0	2	1
3468	1	0.0	2	1
3469	1	0.0	2	1
3474	2	0.0	2	2
3475	1	0.0	2	1
3481	1	0.0	2	0 1
3482	1	0.0	2	1
3485	1	0.0	2	1
3486	2	0.0	2	1 1
3488	1	0.0	2	1
3489	1	0.0	2	1
3490	1	0.0	2	1
3492	1	0.0	2	1
3493	2	0.0	2	0 2
3494	2	0.0	2	0 2
3495	1	0.0	2	1
3496	2	0.0	2	1 0 1
3500	2	0.0	2	0 2
3501	1	0.0	2	1
3504	1	0.0	2	1
3505	1	0.0	2	1
3507	1	0.0	2	1
3509	1	0.0	2	1
3510	1	0.0	2	1
3511	1	0.0	2	1
3514	3	0.0	2	3
3515	1	0.0	2	1
3518	1	0.0	2	1
3519	2	0.0	2	2
3521	1	0.0	2	1
3525	1	0.0	2	1
3528	1	0.0	2	1
3530	2	0.0	2	2
3531	1	0.0	2	1
3532	2	0.0	2	2
3533	2	0.0	2	2
3534	1	0.0	2	1
3535	3	0.0	2	3
3536	2	0.0	2	2
3539	2	0.0	2	2
3540	2	0.0	2	2
3541	1	0.0	2	1
3542	1	0.0	2	1
3543	1	0.0	2	0 1
3544	2	0.0	2	2
3545	1	0.0	2	1
3548	1	0.0	2	1
3551	1	0.0	2	0 1
3552	1	0.0	2	1
3558	1	0.0	2	1
3559	1	0.0	2	1
3560	2	0.0	2	2
3561	4	0.0	2	4
3562	1	0.0	2	1
3564	3	0.0	2	3
3565	2	0.0	2	1 1
3566	2	0.0	2	2
3567	1	0.0	2	1
3569	1	0.0	2	1
3572	2	0.0	2	1 0 1
3574	1	0.0	2	1
3575	1	0.0	2	1
3576	1	0.0	2	1
3577	1	0.0	2	1
3581	2	0.0	2	2
3582	1	0.0	2	0 1
3583	2	0.0	2	2
3584	1	0.0	2	1
3585	1	0.0	2	0 1
3586	1	0.0	2	1
3587	2	0.0	2	1 0 1
3588	1	0.0	2	1
3589	1	0.0	2	1
3590	1	0.0	2	1
3593	3	0.0	2	3
3594	1	0.0	2	1
3598	2	0.0	2	1 1
3600	1	0.0	2	1
3601	1	0.0	2	1
3603	1	0.0	2	1
3605	1	0.0	2	1
3608	2	0.0	2	1 1
3609	3	0.0	2	3
3611	1	0.0	2	1
3612	1	0.0	2	1
3613	2	0.0	2	0 2
3614	1	0.0	2	1
3617	2	0.0	2	2
3618	3	0.0	2	3
3619	1	0.0	2	1
3620	1	0.0	2	1
3621	3	0.0	2	3
3622	1	0.0	2	1
3623	3	0.0	2	2 1
3624	2	0.0	2	2
3625	1	0.0	2	1
3626	2	0.0	2	1 1
3627	2	0.0	2	1 1
3628	1	0.0	2	1
3630	1	0.0	2	1
3631	1	0.0	2	1
3633	2	0.0	2	2
3634	1	0.0	2	1
3635	2	0.0	2	2
3638	1	0.0	2	1
3641	3	0.0	2	1 2
3642	1	0.0	2	1
3643	1	0.0	2	1
3644	1	0.0	2	1
3645	1	0.0	2	0 1
3648	1	0.0	2	1
3649	2	0.0	2	2
3650	1	0.0	2	0 1
3652	1	0.0	2	1
3654	1	0.0	2	1
3655	2	0.0	2	1 1
3657	1	0.0	2	1
3659	2	0.0	2	2
3660	1	0.0	2	1
3661	2	0.0	2	2
3664	1	0.0	2	1
3665	2	0.0	2	2
3667	1	0.0	2	1
3670	2	0.0	2	2
3673	1	0.0	2	0 0 1
3674	1	0.0	2	1
3675	1	0.0	2	1
3680	1	0.0	2	1
3681	1	0.0	2	1
3682	1	0.0	2	0 1
3685	3	0.0	2	2 1
3686	2	0.0	2	2
3688	2	0.0	2	2
3689	1	0.0	2	1
3694	4	0.0	2	4
3695	1	0.0	2	1
3698	1	0.0	2	1
3699	1	0.0	2	1
3700	5	0.0	2	5
3702	2	0.0	2	2
3703	1	0.0	2	1
3704	3	0.0	2	1 2
3707	2	0.0	2	2
3708	2	0.0	2	2
3709	3	0.0	2	1 2
3711	1	0.0	2	1
3713	3	0.0	2	3
3714	5	0.0	2	5
3715	3	0.0	2	2 0 1
3716	2	0.0	2	2
3717	4	0.0	2	4
3718	1	0.0	2	1
3719	2	0.0	2	2
3720	4	0.0	2	4
3721	5	0.0	2	5
3722	4	0.0	2	3 1
3723	4	0.0	2	4
3725	4	0.0	2	4
3726	1	0.0	2	1
3727	2	0.0	2	2
3728	3	0.0	2	2 1
3729	2	0.0	2	2
3730	1	0.0	2	1
3731	1	0.0	2	1
3732	2	0.0	2	2
3733	1	0.0	2	0 1
3734	4	0.0	2	4
3736	1	0.0	2	1
3737	1	0.0	2	0 1
3738	1	0.0	2	1
3739	1	0.0	2	1
3740	1	0.0	2	1
3741	2	0.0	2	1 0 1
3742	1	0.0	2	0 1
3743	3	0.0	2	2 1
3744	1	0.0	2	1
3745	2	0.0	2	0 2
3747	3	0.0	2	0 3
3748	3	0.0	2	2 1
3749	2	0.0	2	1 1
3750	5	0.0	2	5
3751	3	0.0	2	3
3752	2	0.0	2	1 1
3754	2	0.0	2	2
3755	1	0.0	2	1
3756	4	0.0	2	4
3757	4	0.0	2	3 1
3758	3	0.0	2	2 1
3759	4	0.0	2	4
3761	5	0.0	2	1 3 1
3762	3	0.0	2	3
3763	2	0.0	2	2
3764	5	0.0	2	4 1
3765	4	0.0	2	4
3766	3	0.0	2	3
3767	2	0.0	2	2
3768	1	0.0	2	0 1
3769	3	0.0	2	3
3770	2	0.0	2	2
3771	3	0.0	2	3
3773	2	0.0	2	1 1
3775	2	0.0	2	2
3776	1	0.0	2	1
3779	3	0.0	2	3
3780	3	0.0	2	3
3781	1	0.0	2	1
3783	3	0.0	2	3
3784	4	0.0	2	3 1
3785	3	0.0	2	3
3786	5	0.0	2	4 1
3787	1	0.0	2	1
3788	3	0.0	2	2 1
3789	4	0.0	2	3 1
3790	3	0.0	2	2 0 1
3791	5	0.0	2	4 1
3793	2	0.0	2	2
3794	2	0.0	2	2
3795	8	0.0	2	5 3
3796	5	0.0	2	2 3
3797	2	0.0	2	1 1
3798	4	0.0	2	3 1
3799	8	0.0	2	1 6 1
3800	3	0.0	2	3
3801	10	0.0	2	7 3
3802	8	0.0	2	5 3
3803	2	0.0	2	1 1
3804	7	0.0	2	6 1
3805	8	0.0	2	4 4
3806	5	0.0	2	4 1
3807	5	0.0	2	5
3808	2	0.0	2	2
3809	4	0.0	2	4
3811	2	0.0	2	1 1
3814	1	0.0	2	0 1
3815	1	0.0	2	1
3817	1	0.0	2	1
3818	2	0.0	2	2
3821	3	0.0	2	3
3822	2	0.0	2	2
3823	1	0.0	2	1
3824	1	0.0	2	1
3825	2	0.0	2	2
3827	1	0.0	2	1
3828	1	0.0	2	1
3830	1	0.0	2	1
3831	1	0.0	2	1
3832	1	0.0	2	1
3834	1	0.0	2	1
3836	1	0.0	2	1
3838	1	0.0	2	1
3839	3	0.0	2	3
3846	1	0.0	2	1
3847	1	0.0	2	1
3848	1	0.0	2	0 1
3853	1	0.0	2	1
3854	1	0.0	2	1
3856	1	0.0	2	1
3860	1	0.0	2	1
3861	2	0.0	2	1 1
3862	2	0.0	2	2
3865	1	0.0	2	1
3866	1	0.0	2	1
3868	1	0.0	2	0 1
3871	1	0.0	2	1
3876	1	0.0	2	1
3877	1	0.0	2	1
3880	1	0.0	2	1
3881	1	0.0	2	1
3882	2	0.0	2	2
3883	1	0.0	2	1
3884	2	0.0	2	2
3885	1	0.0	2	1
3887	1	0.0	2	1
3888	3	0.0	2	3
3891	1	0.0	2	1
3892	2	0.0	2	2
3894	2	0.0	2	2
3895	1	0.0	2	1
3897	1	0.0	2	1
3900	1	0.0	2	1
3901	2	0.0	2	2
3903	1	0.0	2	1
3904	1	0.0	2	1
3906	1	0.0	2	1
3908	1	0.0	2	1
3911	1	0.0	2	1
3912	1	0.0	2	1
3913	2	0.0	2	2
3917	1	0.0	2	1
3919	1	0.0	2	1
3920	1	0.0	2	1
3922	1	0.0	2	1
3923	1	0.0	2	1
3924	1	0.0	2	1
3925	1	0.0	2	0 1
3929	1	0.0	2	1
3931	1	0.0	2	1
3932	1	0.0	2	1
3933	2	0.0	2	2
3935	1	0.0	2	1
3936	2	0.0	2	2
3937	1	0.0	2	1
3939	2	0.0	2	2
3940	3	0.0	2	3
3941	1	0.0	2	1
3942	2	0.0	2	2
3943	1	0.0	2	1
3945	2	0.0	2	1 1
3946	2	0.0	2	2
3947	3	0.0	2	3
3948	2	0.0	2	2
3949	1	0.0	2	1
3950	4	0.0	2	4
3951	3	0.0	2	3
3952	3	0.0	2	3
3953	1	0.0	2	1
3954	2	0.0	2	2
3955	4	0.0	2	4
3956	5	0.0	2	5
3957	3	0.0	2	3
3958	1	0.0	2	1
3959	1	0.0	2	1
3960	3	0.0	2	3
3961	1	0.0	2	1
3962	3	0.0	2	3
3964	5	0.0	2	5
3965	2	0.0	2	2
3966	2	0.0	2	2
3967	2	0.0	2	2
3968	2	0.0	2	1 1
3969	2	0.0	2	2
3970	1	0.0	2	1
3972	3	0.0	2	3
3973	2	0.0	2	2
3976	1	0.0	2	1
3978	1	0.0	2	1
3982	1	0.0	2	1
3983	2	0.0	2	1 1
3986	1	0.0	2	1
3991	1	0.0	2	1
3992	1	0.0	2	1
3993	1	0.0	2	1
3994	1	0.0	2	1
3996	1	0.0	2	1
3997	1	0.0	2	1
3998	1	0.0	2	1
4000	3	0.0	2	3
4004	2	0.0	2	2
4005	1	0.0	2	1
4006	1	0.0	2	1
4008	1	0.0	2	1
4011	1	0.0	2	1
4014	2	0.0	2	1 1
4017	1	0.0	2	1
4019	3	0.0	2	3
4021	2	0.0	2	2
4022	1	0.0	2	1
4023	1	0.0	2	0 1
4025	2	0.0	2	2
4026	1	0.0	2	1
4028	2	0.0	2	2
4032	1	0.0	2	0 1
4034	1	0.0	2	0 1
4036	1	0.0	2	1
4041	1	0.0	2	1
4043	1	0.0	2	1
4044	1	0.0	2	1
4046	1	0.0	2	1
4047	1	0.0	2	1
4049	2	0.0	2	2
4050	1	0.0	2	1
4053	2	0.0	2	0 1 1
4054	1	0.0	2	1
4055	1	0.0	2	1
4056	3	0.0	2	2 1
4057	2	0.0	2	2
4058	1	0.0	2	1
4060	2	0.0	2	2
4061	2	0.0	2	2
4062	2	0.0	2	2
4064	1	0.0	2	1
4065	2	0.0	2	2
4066	1	0.0	2	1
4068	1	0.0	2	0 1
4072	1	0.0	2	1
4073	1	0.0	2	1
4074	1	0.0	2	1
4075	3	0.0	2	2 1
4077	2	0.0	2	2
4079	2	0.0	2	2
4080	2	0.0	2	2
4081	2	0.0	2	2
4082	1	0.0	2	1
4084	2	0.0	2	2
4085	2	0.0	2	2
4086	1	0.0	2	1
4087	1	0.0	2	1
4088	1	0.0	2	1
4089	1	0.0	2	1
4090	1	0.0	2	1
4092	1	0.0	2	1
4093	1	0.0	2	1
4096	2	0.0	2	1 1
4097	2	0.0	2	2
4098	1	0.0	2	1
4099	1	0.0	2	0 1
4100	3	0.0	2	2 1
4101	2	0.0	2	2
4102	2	0.0	2	2
4104	2	0.0	2	0 2
4105	3	0.0	2	1 2
4106	5	0.0	2	2 3
4107	1	0.0	2	0 1
4108	3	0.0	2	1 2
4111	1	0.0	2	1
4116	2	0.0	2	2
4119	1	0.0	2	1
4120	1	0.0	2	1
4121	1	0.0	2	1
4123	3	0.0	2	2 1
4124	3	0.0	2	3
4125	3	0.0	2	3
4126	1	0.0	2	1
4127	2	0.0	2	2
4128	1	0.0	2	1
4130	2	0.0	2	2
4131	2	0.0	2	2
4132	1	0.0	2	1
4133	1	0.0	2	1
4135	1	0.0	2	1
4136	1	0.0	2	1
4137	1	0.0	2	1
4139	1	0.0	2	1
4140	1	0.0	2	1
4142	3	0.0	2	2 1
4149	1	0.0	2	1
4150	1	0.0	2	1
4153	2	0.0	2	1 1
4155	1	0.0	2	1
4156	1	0.0	2	1
4157	1	0.0	2	1
4162	1	0.0	2	1
4164	1	0.0	2	1
4167	1	0.0	2	1
4169	1	0.0	2	1
4170	1	0.0	2	1
4173	3	0.0	2	2 0 1
4174	1	0.0	2	1
4177	2	0.0	2	2
4180	1	0.0	2	1
4183	1	0.0	2	1
4189	1	0.0	2	1
4190	1	0.0	2	1
4191	1	0.0	2	1
4194	1	0.0	2	1
4195	1	0.0	2	1
4199	1	0.0	2	1
4200	1	0.0	2	1
4202	1	0.0	2	0 1
4206	1	0.0	2	1
4209	2	0.0	2	2
4210	1	0.0	2	1
4212	1	0.0	2	1
4215	1	0.0	2	1
4216	1	0.0	2	1
4217	1	0.0	2	1
4220	1	0.0	2	0 1
4221	2	0.0	2	2
4224	1	0.0	2	0 1
4225	1	0.0	2	1
4228	1	0.0	2	1
4233	1	0.0	2	1
4234	1	0.0	2	1
4236	1	0.0	2	0 1
4239	1	0.0	2	1
4241	1	0.0	2	0 0 1
4242	2	0.0	2	2
4247	1	0.0	2	0 1
4250	1	0.0	2	1
4251	2	0.0	2	2
4256	1	0.0	2	1
4257	1	0.0	2	1
4259	2	0.0	2	1 1
4260	1	0.0	2	1
4267	1	0.0	2	1
4269	1	0.0	2	1
4271	1	0.0	2	0 1
4274	1	0.0	2	0 1
4275	4	0.0	2	2 2
4278	1	0.0	2	1
4282	1	0.0	2	1
4283	1	0.0	2	1
4291	2	0.0	2	2
4298	1	0.0	2	1
4300	1	0.0	2	0 1
4303	2	0.0	2	2
4304	1	0.0	2	1
4312	1	0.0	2	1
4313	2	0.0	2	1 1
4316	1	0.0	2	1
4318	1	0.0	2	1
4320	1	0.0	2	1
4321	1	0.0	2	1
4324	2	0.0	2	2
4326	3	0.0	2	3
4331	1	0.0	2	1
4333	1	0.0	2	1
4334	2	0.0	2	2
4335	1	0.0	2	1
4336	1	0.0	2	1
4337	1	0.0	2	1
4340	3	0.0	2	3
4344	1	0.0	2	1
4345	1	0.0	2	1
4347	2	0.0	2	2
4348	3	0.0	2	3
4349	1	0.0	2	1
4351	1	0.0	2	0 0 1
4352	2	0.0	2	2
4357	1	0.0	2	1
4359	1	0.0	2	1
4361	1	0.0	2	1
4365	1	0.0	2	1
4367	1	0.0	2	0 0 1
4373	1	0.0	2	1
4374	3	0.0	2	2 1
4375	1	0.0	2	1
4376	1	0.0	2	1
4378	1	0.0	2	1
4379	1	0.0	2	1
4381	1	0.0	2	0 1
4382	1	0.0	2	1
4383	2	0.0	2	2
4384	1	0.0	2	0 1
4385	1	0.0	2	1
4388	1	0.0	2	1
4391	1	0.0	2	1
4392	3	0.0	2	3
4393	2	0.0	2	2
4397	1	0.0	2	1
4398	1	0.0	2	1
4400	1	0.0	2	1
4401	3	0.0	2	3
4402	1	0.0	2	1
4403	1	0.0	2	1
4404	1	0.0	2	1
4406	2	0.0	2	2
4409	2	0.0	2	2
4414	1	0.0	2	1
4415	1	0.0	2	1
4416	2	0.0	2	2
4417	1	0.0	2	1
4418	3	0.0	2	3
4419	1	0.0	2	1
4422	1	0.0	2	1
4423	2	0.0	2	2
4425	4	0.0	2	4
4426	3	0.0	2	2 0 1
4428	2	0.0	2	2
4429	1	0.0	2	1
4430	1	0.0	2	1
4431	1	0.0	2	1
4433	2	0.0	2	2
4435	1	0.0	2	1
4437	1	0.0	2	1
4438	2	0.0	2	2
4439	1	0.0	2	1
4440	1	0.0	2	1
4442	1	0.0	2	1
4446	2	0.0	2	2
4447	1	0.0	2	1
4450	2	0.0	2	2
4453	2	0.0	2	2
4460	2	0.0	2	2
4463	1	0.0	2	1
4464	1	0.0	2	1
4467	1	0.0	2	1
4470	1	0.0	2	1
4472	1	0.0	2	1
4477	1	0.0	2	1
4479	1	0.0	2	1
4480	1	0.0	2	1
4481	1	0.0	2	1
4483	1	0.0	2	1
4489	2	0.0	2	2
4490	3	0.0	2	3
4494	1	0.0	2	1
4497	2	0.0	2	2
4499	1	0.0	2	1
4502	1	0.0	2	1
4504	2	0.0	2	2
4510	2	0.0	2	2
4522	1	0.0	2	1
4523	1	0.0	2	1
4524	2	0.0	2	2
4525	2	0.0	2	1 1
4526	1	0.0	2	1
4527	1	0.0	2	1
4529	1	0.0	2	1
4533	2	0.0	2	2
4534	1	0.0	2	0 0 1
4535	1	0.0	2	1
4537	1	0.0	2	1
4538	1	0.0	2	1
4539	1	0.0	2	1
4540	1	0.0	2	1
4546	1	0.0	2	1
4547	1	0.0	2	1
4550	1	0.0	2	1
4553	2	0.0	2	2
4556	1	0.0	2	1
4557	2	0.0	2	2
4560	1	0.0	2	1
4561	2	0.0	2	2
4564	4	0.0	2	3 1
4565	3	0.0	2	3
4566	1	0.0	2	0 1
4567	1	0.0	2	1
4568	3	0.0	2	3
4570	1	0.0	2	1
4572	2	0.0	2	2
4573	1	0.0	2	1
4574	1	0.0	2	1
4575	1	0.0	2	1
4579	1	0.0	2	1
4580	1	0.0	2	0 1
4581	2	0.0	2	2
4583	1	0.0	2	1
4584	1	0.0	2	1
4585	1	0.0	2	0 1
4594	1	0.0	2	1
4596	1	0.0	2	1
4599	2	0.0	2	2
4609	1	0.0	2	1
4610	2	0.0	2	2
4612	1	0.0	2	1
4613	2	0.0	2	1 1
4616	1	0.0	2	1
4618	1	0.0	2	0 1
4620	1	0.0	2	1
4622	1	0.0	2	1
4624	3	0.0	2	3
4626	2	0.0	2	2
4627	2	0.0	2	1 0 1
4629	2	0.0	2	2
4631	1	0.0	2	1
4632	2	0.0	2	2
4633	1	0.0	2	1
4636	3	0.0	2	3
4637	1	0.0	2	1
4638	3	0.0	2	3
4640	2	0.0	2	2
4641	3	0.0	2	3
4642	1	0.0	2	1
4643	1	0.0	2	1
4644	1	0.0	2	1
4645	1	0.0	2	1
4646	3	0.0	2	2 1
4647	1	0.0	2	1
4648	1	0.0	2	1
4650	1	0.0	2	1
4652	2	0.0	2	1 1
4653	2	0.0	2	2
4654	1	0.0	2	1
4655	3	0.0	2	3
4656	2	0.0	2	2
4658	3	0.0	2	3
4659	1	0.0	2	1
4660	1	0.0	2	1
4662	1	0.0	2	1
4663	1	0.0	2	1
4665	2	0.0	2	2
4666	1	0.0	2	1
4667	1	0.0	2	1
4668	2	0.0	2	2
4669	1	0.0	2	1
4670	1	0.0	2	1
4672	1	0.0	2	1
4677	1	0.0	2	1
4680	1	0.0	2	1
4683	2	0.0	2	2
4685	1	0.0	2	1
4688	3	0.0	2	3
4692	2	0.0	2	2
4693	1	0.0	2	1
4694	1	0.0	2	1
4698	1	0.0	2	1
4700	1	0.0	2	1
4703	2	0.0	2	2
4708	1	0.0	2	1
4709	1	0.0	2	1
4713	1	0.0	2	1
4718	2	0.0	2	2
4721	1	0.0	2	1
4722	1	0.0	2	1
4726	1	0.0	2	1
4727	1	0.0	2	1
4732	1	0.0	2	1
4733	1	0.0	2	1
4734	2	0.0	2	2
4737	1	0.0	2	1
4742	1	0.0	2	1
4743	2	0.0	2	2
4744	1	0.0	2	0 1
4748	1	0.0	2	1
4752	2	0.0	2	2
4758	1	0.0	2	1
4759	1	0.0	2	1
4761	1	0.0	2	1
4762	1	0.0	2	1
4763	1	0.0	2	1
4769	1	0.0	2	1
4773	1	0.0	2	1
4776	1	0.0	2	1
4782	1	0.0	2	1
4784	2	0.0	2	2
4787	2	0.0	2	2
4788	1	0.0	2	1
4791	1	0.0	2	1
4796	1	0.0	2	1
4797	1	0.0	2	1
4800	1	0.0	2	1
4801	1	0.0	2	1
4803	2	0.0	2	2
4804	2	0.0	2	1 1
4806	1	0.0	2	1
4807	2	0.0	2	1 1
4811	1	0.0	2	1
4813	1	0.0	2	1
4819	2	0.0	2	2
4820	2	0.0	2	2
4821	1	0.0	2	1
4822	1	0.0	2	1
4824	1	0.0	2	1
4826	2	0.0	2	2
4829	1	0.0	2	1
4831	1	0.0	2	1
4834	1	0.0	2	1
4837	1	0.0	2	1
4839	1	0.0	2	1
4846	1	0.0	2	1
4848	1	0.0	2	1
4849	3	0.0	2	3
4851	1	0.0	2	0 1
4858	2	0.0	2	2
4861	2	0.0	2	2
4862	2	0.0	2	2
4863	1	0.0	2	1
4865	2	0.0	2	1 1
4866	2	0.0	2	2
4867	3	0.0	2	3
4869	2	0.0	2	2
4870	1	0.0	2	1
4871	2	0.0	2	2
4872	1	0.0	2	1
4878	1	0.0	2	1
4879	1	0.0	2	1
4885	1	0.0	2	0 1
4886	1	0.0	2	1
4887	1	0.0	2	1
4888	1	0.0	2	1
4889	1	0.0	2	1
4891	1	0.0	2	1
4900	1	0.0	2	1
4903	2	0.0	2	2
4904	1	0.0	2	1
4905	1	0.0	2	1
4906	1	0.0	2	1
4907	3	0.0	2	3
4908	2	0.0	2	2
4912	2	0.0	2	2
4913	2	0.0	2	1 1
4918	3	0.0	2	3
4938	1	0.0	2	1
4940	1	0.0	2	1
4942	1	0.0	2	1
4945	1	0.0	2	0 1
4956	1	0.0	2	1
4957	1	0.0	2	1
4958	1	0.0	2	1
4959	1	0.0	2	1
4961	1	0.0	2	1
4962	1	0.0	2	1
4963	1	0.0	2	0 1
4964	2	0.0	2	2
4965	1	0.0	2	1
4967	1	0.0	2	1
4968	1	0.0	2	0 1
4982	1	0.0	2	0 1
4985	4	0.0	2	3 1
4986	1	0.0	2	1
4988	2	0.0	2	1 1
4989	3	0.0	2	1 2
4990	3	0.0	2	3
4994	2	0.0	2	1 1
4995	2	0.0	2	1 1
4996	2	0.0	2	2
4999	1	0.0	2	1
5000	2	0.0	2	2
5001	1	0.0	2	1
5002	3	0.0	2	3
5003	1	0.0	2	0 1
5004	2	0.0	2	2
5005	2	0.0	2	2
5006	4	0.0	2	2 2
5007	2	0.0	2	1 1
5008	2	0.0	2	2
5009	4	0.0	2	3 0 1
5010	2	0.0	2	1 1
5012	1	0.0	2	1
5016	1	0.0	2	1
5018	1	0.0	2	1
5021	1	0.0	2	1
5022	3	0.0	2	3
5024	1	0.0	2	1
5029	1	0.0	2	1
5035	1	0.0	2	1
5037	1	0.0	2	1
5039	2	0.0	2	2
5040	1	0.0	2	1
5041	1	0.0	2	1
5047	1	0.0	2	1
5054	1	0.0	2	1
5057	1	0.0	2	1
5067	2	0.0	2	1 0 1
5069	2	0.0	2	2
5070	2	0.0	2	2
5071	1	0.0	2	1
5072	1	0.0	2	1
5074	2	0.0	2	1 1
5078	1	0.0	2	1
5079	1	0.0	2	1
5080	1	0.0	2	1
5081	1	0.0	2	0 1
5085	1	0.0	2	1
5086	1	0.0	2	1
5088	2	0.0	2	1 1
5091	1	0.0	2	1
5100	1	0.0	2	1
5101	1	0.0	2	1
5105	1	0.0	2	1
5106	1	0.0	2	1
5107	1	0.0	2	1
5108	1	0.0	2	1
5115	1	0.0	2	1
5117	1	0.0	2	1
5118	1	0.0	2	1
5120	2	0.0	2	2
5121	1	0.0	2	1
5123	1	0.0	2	1
5125	1	0.0	2	1
5128	1	0.0	2	1
5132	1	0.0	2	1
5133	1	0.0	2	1
5141	1	0.0	2	1
5143	2	0.0	2	1 1
5146	1	0.0	2	1
5147	1	0.0	2	1
5149	2	0.0	2	2
5152	2	0.0	2	2
5153	2	0.0	2	0 2
5154	2	0.0	2	2
5155	1	0.0	2	1
5156	3	0.0	2	2 0 1
5157	1	0.0	2	0 1
5160	2	0.0	2	1 1
5162	3	0.0	2	2 1
5166	1	0.0	2	1
5176	2	0.0	2	2
5179	1	0.0	2	1
5182	1	0.0	2	1
5184	1	0.0	2	1
5190	1	0.0	2	1
5191	1	0.0	2	1
5192	1	0.0	2	1
5199	1	0.0	2	1
5203	1	0.0	2	1
5205	1	0.0	2	1
5208	1	0.0	2	1
5209	1	0.0	2	1
5213	1	0.0	2	1
5217	1	0.0	2	0 1
5221	1	0.0	2	1
5223	1	0.0	2	1
5225	1	0.0	2	1
5234	1	0.0	2	1
5238	1	0.0	2	1
5239	1	0.0	2	1
5241	1	0.0	2	1
5248	1	0.0	2	1
5251	1	0.0	2	1
5252	2	0.0	2	2
5253	1	0.0	2	0 1
5254	1	0.0	2	1
5256	1	0.0	2	1
5259	2	0.0	2	2
5261	1	0.0	2	1
5264	3	0.0	2	2 1
5267	1	0.0	2	1
5269	3	0.0	2	3
5272	1	0.0	2	1
5274	2	0.0	2	2
5275	1	0.0	2	1
5276	1	0.0	2	1
5277	3	0.0	2	3
5279	3	0.0	2	3
5280	1	0.0	2	1
5281	2	0.0	2	1 0 1
5283	3	0.0	2	3
5284	2	0.0	2	2
5287	1	0.0	2	1
5292	1	0.0	2	1
5297	1	0.0	2	1
5298	1	0.0	2	0 1
5307	1	0.0	2	1
5311	1	0.0	2	1
5315	1	0.0	2	1
5319	1	0.0	2	1
5329	1	0.0	2	1
5333	1	0.0	2	1
5335	2	0.0	2	2
5336	2	0.0	2	2
5339	1	0.0	2	1
5346	1	0.0	2	1
5351	1	0.0	2	1
5363	1	0.0	2	1
5365	1	0.0	2	1
5369	1	0.0	2	1
5373	1	0.0	2	1
5377	1	0.0	2	1
5397	1	0.0	2	1
5400	1	0.0	2	0 1
5405	1	0.0	2	0 1
5410	1	0.0	2	1
5418	1	0.0	2	1
5425	1	0.0	2	1
5427	1	0.0	2	1
5431	1	0.0	2	0 1
5433	1	0.0	2	1
5434	1	0.0	2	1
5436	2	0.0	2	2
5437	2	0.0	2	2
5443	1	0.0	2	1
5449	1	0.0	2	1
5453	1	0.0	2	1
5454	2	0.0	2	2
5456	1	0.0	2	1
5464	1	0.0	2	1
5467	1	0.0	2	1
5469	1	0.0	2	1
5473	1	0.0	2	1
5474	1	0.0	2	1
5475	1	0.0	2	1
5477	1	0.0	2	1
5478	1	0.0	2	1
5479	2	0.0	2	2
5484	1	0.0	2	1
5486	2	0.0	2	2
5488	1	0.0	2	1
5496	1	0.0	2	1
5497	2	0.0	2	1 1
5500	1	0.0	2	0 1
5508	1	0.0	2	1
5509	1	0.0	2	1
5510	1	0.0	2	1
5519	2	0.0	2	1 1
5521	1	0.0	2	1
5522	1	0.0	2	1
5524	2	0.0	2	2
5525	1	0.0	2	1
5526	1	0.0	2	1
5537	1	0.0	2	1
5539	1	0.0	2	1
5544	2	0.0	2	2
5546	1	0.0	2	1
5551	1	0.0	2	1
5552	1	0.0	2	1
5558	1	0.0	2	1
5562	1	0.0	2	1
5563	1	0.0	2	1
5565	1	0.0	2	1
5568	1	0.0	2	1
5573	1	0.0	2	1
5574	2	0.0	2	2
5577	1	0.0	2	1
5578	1	0.0	2	1
5582	1	0.0	2	1
5584	1	0.0	2	1
5589	1	0.0	2	1
5590	1	0.0	2	1
5591	1	0.0	2	1
5592	1	0.0	2	1
5593	1	0.0	2	1
5606	1	0.0	2	1
5607	1	0.0	2	0 1
5609	1	0.0	2	1
5611	1	0.0	2	0 1
5614	1	0.0	2	1
5616	1	0.0	2	1
5618	1	0.0	2	1
5621	2	0.0	2	2
5622	1	0.0	2	1
5625	1	0.0	2	1
5630	1	0.0	2	1
5633	1	0.0	2	1
5641	1	0.0	2	1
5643	1	0.0	2	1
5644	2	0.0	2	2
5649	1	0.0	2	1
5650	1	0.0	2	1
5653	1	0.0	2	0 0 1
5660	1	0.0	2	1
5665	1	0.0	2	1
5667	1	0.0	2	1
5668	1	0.0	2	1
5669	1	0.0	2	1
5671	1	0.0	2	1
5672	2	0.0	2	2
5674	1	0.0	2	1
5675	1	0.0	2	1
5676	1	0.0	2	1
5678	1	0.0	2	0 1
5679	2	0.0	2	2
5686	2	0.0	2	2
5688	1	0.0	2	1
5689	1	0.0	2	1
5690	1	0.0	2	1
5693	4	0.0	2	3 1
5701	1	0.0	2	1
5702	1	0.0	2	1
5704	1	0.0	2	1
5706	1	0.0	2	1
5707	1	0.0	2	1
5709	1	0.0	2	0 0 1
5712	1	0.0	2	1
5713	3	0.0	2	1 1 1
5714	1	0.0	2	1
5715	1	0.0	2	1
5723	1	0.0	2	1
5724	1	0.0	2	1
5725	1	0.0	2	1
5726	2	0.0	2	2
5727	2	0.0	2	2
5730	1	0.0	2	1
5733	2	0.0	2	2
5734	1	0.0	2	1
5736	2	0.0	2	1 1
5737	1	0.0	2	1
5739	3	0.0	2	3
5740	1	0.0	2	1
5745	4	0.0	2	2 2
5746	1	0.0	2	0 1
5747	1	0.0	2	1
5753	1	0.0	2	1
5757	1	0.0	2	1
5760	1	0.0	2	1
5763	1	0.0	2	1
5766	1	0.0	2	1
5769	1	0.0	2	1
5770	1	0.0	2	1
5771	1	0.0	2	1
5773	1	0.0	2	1
5774	1	0.0	2	1
5781	1	0.0	2	1
5782	1	0.0	2	1
5783	1	0.0	2	1
5785	1	0.0	2	1
5789	1	0.0	2	1
5790	1	0.0	2	1
5792	1	0.0	2	1
5793	1	0.0	2	1
5796	1	0.0	2	1
5797	1	0.0	2	1
5798	1	0.0	2	1
5800	1	0.0	2	1
5803	2	0.0	2	2
5804	1	0.0	2	1
5809	2	0.0	2	2
5810	2	0.0	2	1 1
5811	1	0.0	2	1
5812	1	0.0	2	1
5820	1	0.0	2	1
5841	1	0.0	2	1
5844	1	0.0	2	1
5853	1	0.0	2	1
5855	1	0.0	2	1
5857	1	0.0	2	1
5865	1	0.0	2	1
5866	1	0.0	2	1
5874	1	0.0	2	1
5887	1	0.0	2	1
5890	1	0.0	2	0 1
5893	1	0.0	2	0 1
5894	1	0.0	2	1
5896	2	0.0	2	0 2
5901	1	0.0	2	1
5905	1	0.0	2	0 1
5908	1	0.0	2	1
5919	1	0.0	2	1
5924	1	0.0	2	1
5925	1	0.0	2	1
5927	1	0.0	2	1
5930	1	0.0	2	1
5939	1	0.0	2	1
5941	1	0.0	2	1
5943	1	0.0	2	1
5959	1	0.0	2	0 1
5962	1	0.0	2	1
5963	1	0.0	2	1
5965	1	0.0	2	1
5966	1	0.0	2	1
5969	1	0.0	2	0 1
5982	1	0.0	2	1
5984	1	0.0	2	0 1
5990	1	0.0	2	1
5991	1	0.0	2	0 0 1
5995	1	0.0	2	1
5997	1	0.0	2	1
6002	1	0.0	2	1
6005	1	0.0	2	1
6006	1	0.0	2	1
6010	1	0.0	2	1
6027	1	0.0	2	1
6035	1	0.0	2	1
6037	1	0.0	2	1
6048	1	0.0	2	1
6049	2	0.0	2	2
6068	1	0.0	2	1
6072	1	0.0	2	1
6076	1	0.0	2	1
6080	1	0.0	2	1
6099	1	0.0	2	0 0 1
6111	1	0.0	2	1
6113	1	0.0	2	1
6124	2	0.0	2	2
6126	1	0.0	2	1
6133	2	0.0	2	2
6136	1	0.0	2	0 1
6143	1	0.0	2	1
6147	1	0.0	2	1
6149	1	0.0	2	1
6159	1	0.0	2	1
6165	1	0.0	2	1
6167	1	0.0	2	1
6168	1	0.0	2	1
6179	1	0.0	2	1
6180	1	0.0	2	1
6184	1	0.0	2	1
6187	1	0.0	2	1
6188	1	0.0	2	1
6191	1	0.0	2	1
6194	1	0.0	2	1
6198	1	0.0	2	1
6199	2	0.0	2	2
6203	1	0.0	2	1
6209	1	0.0	2	1
6210	1	0.0	2	1
6221	2	0.0	2	2
6225	2	0.0	2	2
6229	1	0.0	2	1
6241	1	0.0	2	1
6246	1	0.0	2	1
6251	1	0.0	2	1
6257	1	0.0	2	1
6260	1	0.0	2	1
6267	1	0.0	2	0 1
6270	1	0.0	2	1
6275	1	0.0	2	1
6278	2	0.0	2	2
6289	2	0.0	2	2
6300	1	0.0	2	0 1
6301	1	0.0	2	1
6307	1	0.0	2	1
6310	1	0.0	2	1
6318	1	0.0	2	1
6329	1	0.0	2	1
6330	1	0.0	2	1
6331	1	0.0	2	1
6334	1	0.0	2	1
6339	1	0.0	2	1
6345	1	0.0	2	1
6350	1	0.0	2	1
6351	1	0.0	2	1
6355	1	0.0	2	1
6356	1	0.0	2	1
6372	1	0.0	2	1
6376	1	0.0	2	1
6383	1	0.0	2	1
6388	1	0.0	2	1
6399	1	0.0	2	1
6400	1	0.0	2	1
6401	1	0.0	2	1
6415	1	0.0	2	1
6423	1	0.0	2	1
6425	1	0.0	2	1
6428	1	0.0	2	1
6432	1	0.0	2	1
6437	1	0.0	2	1
6439	1	0.0	2	1
6441	2	0.0	2	2
6443	1	0.0	2	1
6448	1	0.0	2	1
6451	1	0.0	2	1
6462	1	0.0	2	1
6463	1	0.0	2	1
6469	1	0.0	2	1
6491	1	0.0	2	1
6498	1	0.0	2	1
6502	1	0.0	2	1
6503	1	0.0	2	1
6506	1	0.0	2	1
6526	1	0.0	2	1
6540	2	0.0	2	2
6551	1	0.0	2	1
6562	1	0.0	2	1
6567	1	0.0	2	1
6568	1	0.0	2	1
6569	2	0.0	2	2
6574	2	0.0	2	2
6576	1	0.0	2	1
6582	1	0.0	2	1
6606	1	0.0	2	0 1
6617	1	0.0	2	1
6621	2	0.0	2	2
6627	1	0.0	2	1
6632	1	0.0	2	1
6646	1	0.0	2	1
6653	3	0.0	2	3
6658	1	0.0	2	1
6672	1	0.0	2	1
6678	1	0.0	2	1
6696	1	0.0	2	1
6700	1	0.0	2	1
6707	2	0.0	2	2
6709	1	0.0	2	1
6711	1	0.0	2	1
6712	1	0.0	2	1
6718	1	0.0	2	1
6719	1	0.0	2	1
6725	1	0.0	2	1
6728	1	0.0	2	1
6729	1	0.0	2	1
6745	1	0.0	2	1
6748	1	0.0	2	0 1
6749	1	0.0	2	1
6750	1	0.0	2	1
6762	1	0.0	2	1
6785	1	0.0	2	1
6797	1	0.0	2	1
6799	1	0.0	2	1
6804	1	0.0	2	1
6828	1	0.0	2	1
6838	1	0.0	2	1
6840	1	0.0	2	1
6843	1	0.0	2	1
6849	1	0.0	2	1
6850	1	0.0	2	1
6852	1	0.0	2	1
6860	1	0.0	2	1
6861	1	0.0	2	1
6864	1	0.0	2	1
6872	1	0.0	2	1
6879	1	0.0	2	1
6880	1	0.0	2	1
6881	1	0.0	2	1
6882	1	0.0	2	1
6890	1	0.0	2	1
6892	1	0.0	2	1
6895	1	0.0	2	1
6900	1	0.0	2	1
6914	1	0.0	2	1
6915	1	0.0	2	1
6920	1	0.0	2	1
6922	2	0.0	2	1 1
6925	1	0.0	2	1
6927	1	0.0	2	1
6928	1	0.0	2	1
6929	1	0.0	2	1
6940	1	0.0	2	1
6947	1	0.0	2	1
6949	1	0.0	2	1
6951	1	0.0	2	1
6953	1	0.0	2	1
6959	1	0.0	2	1
6961	1	0.0	2	1
6962	2	0.0	2	2
6981	1	0.0	2	1
6984	1	0.0	2	1
6991	1	0.0	2	1
6997	1	0.0	2	1
7003	1	0.0	2	1
7006	1	0.0	2	1
7010	1	0.0	2	1
7016	1	0.0	2	1
7017	1	0.0	2	1
7030	1	0.0	2	1
7035	1	0.0	2	1
7041	1	0.0	2	1
7047	1	0.0	2	1
7066	1	0.0	2	1
7067	1	0.0	2	1
7068	1	0.0	2	1
7069	1	0.0	2	1
7079	1	0.0	2	1
7085	1	0.0	2	1
7086	1	0.0	2	0 0 1
7100	1	0.0	2	1
7105	1	0.0	2	1
7121	1	0.0	2	1
7136	1	0.0	2	1
7142	1	0.0	2	1
7155	1	0.0	2	1
7157	1	0.0	2	1
7162	1	0.0	2	1
7166	1	0.0	2	1
7211	1	0.0	2	1
7222	1	0.0	2	1
7240	1	0.0	2	1
7247	1	0.0	2	1
7270	1	0.0	2	1
7291	1	0.0	2	1
7293	1	0.0	2	1
7315	1	0.0	2	1
7320	1	0.0	2	1
7350	1	0.0	2	1
7354	2	0.0	2	2
7371	1	0.0	2	1
7373	1	0.0	2	1
7378	1	0.0	2	1
7395	1	0.0	2	0 1
7435	2	0.0	2	2
7438	1	0.0	2	1
7440	1	0.0	2	0 1
7446	1	0.0	2	0 1
7447	1	0.0	2	0 1
7448	1	0.0	2	1
7461	1	0.0	2	1
7462	1	0.0	2	1
7469	1	0.0	2	1
7481	1	0.0	2	1
7483	1	0.0	2	1
7486	1	0.0	2	1
7487	1	0.0	2	0 1
7495	1	0.0	2	0 1
7502	1	0.0	2	1
7503	1	0.0	2	1
7506	1	0.0	2	1
7516	1	0.0	2	1
7518	1	0.0	2	1
7540	1	0.0	2	1
7544	1	0.0	2	1
7552	1	0.0	2	0 0 1
7554	1	0.0	2	0 1
7562	1	0.0	2	1
7567	1	0.0	2	1
7579	1	0.0	2	1
7581	1	0.0	2	1
7588	1	0.0	2	0 1
7589	1	0.0	2	1
7618	1	0.0	2	1
7624	1	0.0	2	1
7628	1	0.0	2	1
7630	1	0.0	2	0 1
7652	1	0.0	2	1
7653	1	0.0	2	1
7655	1	0.0	2	1
7656	1	0.0	2	1
7661	1	0.0	2	1
7663	1	0.0	2	1
7666	1	0.0	2	0 1
7671	1	0.0	2	0 1
7674	1	0.0	2	0 1
7689	1	0.0	2	1
7720	1	0.0	2	1
7722	1	0.0	2	0 1
7725	1	0.0	2	1
7745	1	0.0	2	1
7765	1	0.0	2	0 1
7768	2	0.0	2	2
7779	1	0.0	2	1
7784	1	0.0	2	0 1
7791	1	0.0	2	1
7796	1	0.0	2	1
7804	1	0.0	2	1
7817	1	0.0	2	1
7842	1	0.0	2	1
7844	1	0.0	2	1
7857	1	0.0	2	1
7861	1	0.0	2	1
7900	1	0.0	2	1
7951	1	0.0	2	1
7967	1	0.0	2	1
7970	1	0.0	2	1
7980	1	0.0	2	1
7988	1	0.0	2	1
7989	1	0.0	2	1
7993	1	0.0	2	1
8003	2	0.0	2	2
8010	1	0.0	2	1
8023	1	0.0	2	1
8031	1	0.0	2	1
8063	1	0.0	2	1
8069	1	0.0	2	1
8081	1	0.0	2	1
8089	1	0.0	2	0 1
8090	1	0.0	2	1
8110	1	0.0	2	1
8113	1	0.0	2	1
8126	1	0.0	2	1
8160	1	0.0	2	1
8173	1	0.0	2	1
8201	1	0.0	2	1
8217	1	0.0	2	1
8220	1	0.0	2	1
8234	1	0.0	2	1
8255	1	0.0	2	1
8261	1	0.0	2	1
8276	1	0.0	2	1
8312	1	0.0	2	0 1
8350	1	0.0	2	1
8351	1	0.0	2	1
8361	1	0.0	2	1
8368	1	0.0	2	1
8383	1	0.0	2	1
8397	1	0.0	2	1
8408	1	0.0	2	1
8418	1	0.0	2	1
8428	1	0.0	2	1
8433	1	0.0	2	1
8435	1	0.0	2	1
8446	1	0.0	2	1
8453	1	0.0	2	1
8463	2	0.0	2	1 1
8479	1	0.0	2	1
8482	1	0.0	2	1
8518	1	0.0	2	1
8537	1	0.0	2	1
8567	1	0.0	2	1
8569	1	0.0	2	1
8592	1	0.0	2	1
8597	1	0.0	2	1
8622	2	0.0	2	2
8629	1	0.0	2	1
8675	1	0.0	2	1
8694	1	0.0	2	1
8696	1	0.0	2	1
8703	1	0.0	2	1
8705	1	0.0	2	1
8721	1	0.0	2	1
8732	1	0.0	2	1
8734	1	0.0	2	1
8743	1	0.0	2	1
8808	1	0.0	2	1
8810	2	0.0	2	2
8832	1	0.0	2	1
8836	1	0.0	2	1
8841	1	0.0	2	1
8859	1	0.0	2	1
8870	1	0.0	2	1
8897	1	0.0	2	1
8908	1	0.0	2	1
8929	1	0.0	2	1
8944	1	0.0	2	0 1
8986	1	0.0	2	1
8988	1	0.0	2	1
8999	1	0.0	2	1
9054	1	0.0	2	1
9066	1	0.0	2	1
9100	1	0.0	2	1
9141	1	0.0	2	1
9158	1	0.0	2	1
9177	1	0.0	2	1
9187	1	0.0	2	1
9230	1	0.0	2	1
9247	1	0.0	2	1
9270	1	0.0	2	1
9279	1	0.0	2	1
9292	1	0.0	2	1
9389	1	0.0	2	1
9444	1	0.0	2	1
9450	1	0.0	2	1
9490	1	0.0	2	1
9494	1	0.0	2	1
9600	1	0.0	2	1
9604	1	0.0	2	0 1
9612	1	0.0	2	1
9618	1	0.0	2	1
9624	1	0.0	2	1
9661	1	0.0	2	1
9705	1	0.0	2	1
9724	1	0.0	2	0 1
9738	1	0.0	2	1
9741	1	0.0	2	1
9760	1	0.0	2	1
9786	1	0.0	2	1
9800	1	0.0	2	1
9806	2	0.0	2	2
9864	1	0.0	2	1
9882	1	0.0	2	1
9896	1	0.0	2	1
9909	1	0.0	2	1
9944	1	0.0	2	1
9970	1	0.0	2	1
9991	1	0.0	2	1
9995	1	0.0	2	1
10022	1	0.0	2	1
10044	1	0.0	2	1
10067	1	0.0	2	1
10095	1	0.0	2	1
10113	1	0.0	2	1
10124	1	0.0	2	1
10157	1	0.0	2	1
10165	1	0.0	2	1
10186	1	0.0	2	1
10190	1	0.0	2	1
10200	1	0.0	2	1
10207	1	0.0	2	1
10220	1	0.0	2	1
10243	1	0.0	2	1
10291	1	0.0	2	0 1
10300	1	0.0	2	1
10352	1	0.0	2	1
10367	1	0.0	2	1
10473	1	0.0	2	1
10486	1	0.0	2	1
10610	1	0.0	2	1
10628	1	0.0	2	1
10632	1	0.0	2	1
10637	1	0.0	2	1
10724	1	0.0	2	1
10751	1	0.0	2	1
10834	1	0.0	2	1
10888	1	0.0	2	1
10890	1	0.0	2	1
10960	1	0.0	2	1
11034	1	0.0	2	1
11097	1	0.0	2	1
11100	1	0.0	2	1
11135	1	0.0	2	1
11203	1	0.0	2	1
11210	1	0.0	2	1
11222	1	0.0	2	1
11253	1	0.0	2	1
11351	1	0.0	2	1
11375	1	0.0	2	1
11427	1	0.0	2	1
11464	1	0.0	2	1
11545	1	0.0	2	1
11560	1	0.0	2	1
11564	1	0.0	2	1
11630	1	0.0	2	1
11662	1	0.0	2	1
11680	1	0.0	2	1
11780	1	0.0	2	1
11783	1	0.0	2	0 1
11863	1	0.0	2	1
11864	1	0.0	2	1
11907	1	0.0	2	1
12025	1	0.0	2	1
12033	1	0.0	2	1
12084	1	0.0	2	0 1
12095	1	0.0	2	1
12130	1	0.0	2	1
12211	1	0.0	2	1
12232	1	0.0	2	1
12547	1	0.0	2	0 1
12588	1	0.0	2	1
12625	1	0.0	2	1
12740	1	0.0	2	1
12759	1	0.0	2	1
12837	1	0.0	2	1
13241	1	0.0	2	1
13639	1	0.0	2	1
13660	1	0.0	2	1
13826	1	0.0	2	1
13884	1	0.0	2	1
13970	1	0.0	2	1
14089	1	0.0	2	1
14194	1	0.0	2	1
14272	1	0.0	2	1
14712	1	0.0	2	1
14951	1	0.0	2	1
15258	1	0.0	2	1
15425	1	0.0	2	1
15759	1	0.0	2	1
15846	1	0.0	2	1
16004	1	0.0	2	1
16062	1	0.0	2	1
16348	1	0.0	2	1
17029	1	0.0	2	1
17434	1	0.0	2	1
17869	1	0.0	2	1
18833	1	0.0	2	1
19040	1	0.0	2	1
19627	1	0.0	2	1
20141	1	0.0	2	1
20185	1	0.0	2	1
20619	1	0.0	2	1
22899	1	0.0	2	1
24564	1	0.0	2	1


=== Adapter P0303 ===

Sequence: GCCTCCAAGCTGTGCCTT; Type: regular 3'; Length: 18; Trimmed: 191 times

Minimum overlap: 3
No. of allowed errors:
1-9 bp: 0; 10-18 bp: 1

Bases preceding removed adapters:
  A: 96.3%
  C: 0.0%
  G: 2.1%
  T: 1.6%
  none/other: 0.0%
WARNING:
    The adapter is preceded by 'A' extremely often.
    The provided adapter sequence could be incomplete at its 5' end.
    Ignore this warning when trimming primers.

Overview of removed sequences
length	count	expect	max.err	error counts
3	3	265.3	0	3
4	2	66.3	0	2
19	3	0.0	1	3
65	1	0.0	1	1
67	1	0.0	1	1
68	1	0.0	1	1
71	1	0.0	1	1
115	1	0.0	1	1
135	1	0.0	1	1
146	1	0.0	1	1
147	1	0.0	1	1
148	2	0.0	1	2
170	1	0.0	1	1
188	1	0.0	1	1
260	1	0.0	1	1
267	1	0.0	1	1
279	1	0.0	1	1
281	1	0.0	1	1
286	2	0.0	1	2
288	5	0.0	1	5
289	1	0.0	1	1
292	2	0.0	1	2
338	1	0.0	1	1
349	1	0.0	1	1
361	1	0.0	1	1
389	1	0.0	1	1
398	1	0.0	1	1
530	1	0.0	1	1
561	1	0.0	1	1
574	1	0.0	1	1
594	1	0.0	1	0 1
612	1	0.0	1	1
655	1	0.0	1	1
1072	1	0.0	1	1
1114	1	0.0	1	1
1116	1	0.0	1	1
1120	1	0.0	1	1
1497	1	0.0	1	1
1670	1	0.0	1	1
1702	2	0.0	1	2
1703	1	0.0	1	1
1705	1	0.0	1	1
1708	1	0.0	1	1
1713	2	0.0	1	2
1714	2	0.0	1	2
1715	1	0.0	1	1
1716	3	0.0	1	3
1719	2	0.0	1	2
1720	1	0.0	1	1
1721	1	0.0	1	1
1722	1	0.0	1	1
1725	1	0.0	1	1
1753	1	0.0	1	1
1803	1	0.0	1	1
1805	1	0.0	1	1
1810	1	0.0	1	1
1823	2	0.0	1	2
1828	1	0.0	1	1
1831	1	0.0	1	1
1834	1	0.0	1	1
1837	1	0.0	1	1
1841	1	0.0	1	1
1848	2	0.0	1	2
1851	1	0.0	1	0 1
1855	1	0.0	1	1
1857	2	0.0	1	2
1858	3	0.0	1	3
1859	2	0.0	1	2
1860	2	0.0	1	2
1861	1	0.0	1	1
1862	5	0.0	1	5
1863	2	0.0	1	2
1864	5	0.0	1	5
1865	4	0.0	1	4
1866	2	0.0	1	2
1867	7	0.0	1	6 1
1868	4	0.0	1	4
1869	7	0.0	1	7
1870	6	0.0	1	6
1871	1	0.0	1	1
1872	8	0.0	1	8
1873	1	0.0	1	1
1874	4	0.0	1	4
1875	3	0.0	1	3
1876	3	0.0	1	3
1878	1	0.0	1	1
1886	1	0.0	1	1
1887	1	0.0	1	1
1890	1	0.0	1	1
1896	1	0.0	1	1
1901	1	0.0	1	1
1975	1	0.0	1	1
2120	1	0.0	1	1
2141	1	0.0	1	1
2454	1	0.0	1	1
2767	1	0.0	1	1
2824	1	0.0	1	1
2882	1	0.0	1	1
2891	1	0.0	1	1
2897	1	0.0	1	1
2950	1	0.0	1	1
2977	1	0.0	1	1
2986	1	0.0	1	0 1
3119	1	0.0	1	1
3135	1	0.0	1	1
3144	1	0.0	1	1
3158	2	0.0	1	2
3163	1	0.0	1	1
3169	1	0.0	1	1
3170	1	0.0	1	1
3253	1	0.0	1	1
3486	1	0.0	1	1
3512	1	0.0	1	1
3772	1	0.0	1	1
3784	1	0.0	1	1
3827	1	0.0	1	1
8183	1	0.0	1	1
8474	1	0.0	1	1


=== Adapter P1103 ===

Sequence: GCCTACAGCCTCCTARTACAA; Type: regular 3'; Length: 21; Trimmed: 810 times

Minimum overlap: 3
No. of allowed errors:
1-9 bp: 0; 10-19 bp: 1; 20-21 bp: 2

Bases preceding removed adapters:
  A: 0.0%
  C: 0.1%
  G: 0.0%
  T: 99.9%
  none/other: 0.0%
WARNING:
    The adapter is preceded by 'T' extremely often.
    The provided adapter sequence could be incomplete at its 5' end.
    Ignore this warning when trimming primers.

Overview of removed sequences
length	count	expect	max.err	error counts
5	1	16.6	0	1
69	2	0.0	2	2
70	6	0.0	2	6
71	12	0.0	2	12
72	25	0.0	2	25
73	3	0.0	2	3
76	1	0.0	2	1
77	1	0.0	2	1
82	1	0.0	2	1
93	1	0.0	2	1
95	1	0.0	2	1
97	2	0.0	2	2
107	1	0.0	2	1
121	1	0.0	2	1
143	1	0.0	2	1
144	2	0.0	2	2
150	1	0.0	2	1
158	1	0.0	2	1
169	2	0.0	2	2
183	1	0.0	2	1
190	1	0.0	2	1
192	1	0.0	2	1
193	1	0.0	2	1
198	1	0.0	2	1
199	1	0.0	2	1
202	1	0.0	2	1
204	4	0.0	2	4
205	6	0.0	2	6
206	14	0.0	2	14
207	7	0.0	2	7
208	1	0.0	2	1
209	1	0.0	2	1
212	1	0.0	2	1
219	1	0.0	2	1
222	1	0.0	2	1
223	1	0.0	2	1
224	1	0.0	2	1
226	1	0.0	2	1
228	1	0.0	2	1
231	2	0.0	2	2
233	1	0.0	2	1
235	1	0.0	2	1
237	1	0.0	2	1
246	1	0.0	2	1
250	1	0.0	2	1
253	1	0.0	2	1
256	1	0.0	2	1
262	1	0.0	2	1
266	1	0.0	2	1
267	1	0.0	2	1
269	1	0.0	2	0 1
271	1	0.0	2	0 1
272	1	0.0	2	1
284	1	0.0	2	1
287	1	0.0	2	1
289	1	0.0	2	1
307	1	0.0	2	1
310	1	0.0	2	1
311	1	0.0	2	1
312	1	0.0	2	1
314	1	0.0	2	1
315	2	0.0	2	2
319	1	0.0	2	1
321	1	0.0	2	1
323	1	0.0	2	1
324	1	0.0	2	1
326	3	0.0	2	3
327	2	0.0	2	2
329	2	0.0	2	2
330	1	0.0	2	1
331	2	0.0	2	1 1
332	2	0.0	2	2
333	2	0.0	2	2
334	2	0.0	2	2
336	1	0.0	2	1
337	2	0.0	2	2
339	3	0.0	2	3
340	1	0.0	2	1
341	1	0.0	2	1
342	1	0.0	2	1
343	1	0.0	2	1
346	1	0.0	2	1
360	1	0.0	2	1
362	1	0.0	2	1
369	1	0.0	2	1
374	1	0.0	2	1
375	1	0.0	2	1
376	1	0.0	2	1
385	1	0.0	2	1
387	1	0.0	2	1
389	1	0.0	2	1
396	1	0.0	2	1
397	1	0.0	2	1
398	1	0.0	2	1
399	1	0.0	2	1
401	2	0.0	2	2
402	2	0.0	2	2
404	1	0.0	2	1
406	1	0.0	2	1
407	2	0.0	2	2
419	1	0.0	2	0 1
422	1	0.0	2	1
428	1	0.0	2	1
436	1	0.0	2	1
439	1	0.0	2	1
442	1	0.0	2	1
444	2	0.0	2	2
446	1	0.0	2	1
450	2	0.0	2	2
452	1	0.0	2	1
468	1	0.0	2	1
470	1	0.0	2	1
473	1	0.0	2	1
497	1	0.0	2	1
520	1	0.0	2	1
532	1	0.0	2	1
574	1	0.0	2	1
591	1	0.0	2	1
597	1	0.0	2	1
608	1	0.0	2	1
621	1	0.0	2	1
626	1	0.0	2	1
637	1	0.0	2	1
644	1	0.0	2	1
653	1	0.0	2	1
663	1	0.0	2	1
675	1	0.0	2	1
691	1	0.0	2	1
714	1	0.0	2	1
746	1	0.0	2	1
850	1	0.0	2	1
872	1	0.0	2	1
874	1	0.0	2	1
876	1	0.0	2	1
878	1	0.0	2	1
882	1	0.0	2	1
933	2	0.0	2	2
954	1	0.0	2	1
973	1	0.0	2	1
980	1	0.0	2	1
1005	1	0.0	2	1
1015	1	0.0	2	1
1018	1	0.0	2	1
1050	1	0.0	2	1
1056	1	0.0	2	1
1062	1	0.0	2	1
1088	1	0.0	2	1
1128	1	0.0	2	1
1179	1	0.0	2	1
1184	1	0.0	2	1
1187	3	0.0	2	3
1191	1	0.0	2	1
1192	1	0.0	2	1
1194	1	0.0	2	1
1197	1	0.0	2	1
1209	1	0.0	2	1
1243	1	0.0	2	1
1262	2	0.0	2	2
1265	1	0.0	2	1
1273	1	0.0	2	1
1281	2	0.0	2	2
1282	1	0.0	2	1
1289	1	0.0	2	1
1291	1	0.0	2	1
1292	4	0.0	2	4
1293	2	0.0	2	2
1294	6	0.0	2	6
1295	11	0.0	2	11
1296	4	0.0	2	4
1297	3	0.0	2	3
1298	1	0.0	2	1
1299	2	0.0	2	2
1300	1	0.0	2	1
1301	1	0.0	2	1
1304	1	0.0	2	1
1305	1	0.0	2	1
1311	1	0.0	2	1
1317	1	0.0	2	1
1318	1	0.0	2	1
1338	1	0.0	2	1
1367	1	0.0	2	1
1368	1	0.0	2	1
1375	1	0.0	2	1
1377	2	0.0	2	2
1384	2	0.0	2	2
1402	1	0.0	2	1
1404	2	0.0	2	2
1420	1	0.0	2	1
1429	1	0.0	2	1
1458	1	0.0	2	1
1471	1	0.0	2	1
1496	1	0.0	2	1
1497	1	0.0	2	1
1504	1	0.0	2	1
1512	1	0.0	2	1
1513	1	0.0	2	1
1518	1	0.0	2	1
1526	1	0.0	2	1
1529	1	0.0	2	1
1530	1	0.0	2	1
1535	1	0.0	2	1
1545	1	0.0	2	0 0 1
1554	1	0.0	2	1
1608	1	0.0	2	1
1612	1	0.0	2	1
1632	1	0.0	2	1
1651	1	0.0	2	1
1675	2	0.0	2	2
1682	1	0.0	2	1
1696	1	0.0	2	1
1701	1	0.0	2	1
1713	1	0.0	2	1
1723	1	0.0	2	1
1724	1	0.0	2	1
1746	1	0.0	2	1
1751	1	0.0	2	1
1752	1	0.0	2	1
1767	1	0.0	2	1
1858	1	0.0	2	1
1859	1	0.0	2	1
1861	1	0.0	2	1
1866	1	0.0	2	1
1882	1	0.0	2	1
1908	1	0.0	2	1
1913	1	0.0	2	1
1917	1	0.0	2	1
1918	1	0.0	2	1
1931	1	0.0	2	1
1965	1	0.0	2	1
1972	1	0.0	2	1
1991	1	0.0	2	1
2010	1	0.0	2	1
2011	1	0.0	2	1
2013	1	0.0	2	1
2014	1	0.0	2	1
2018	1	0.0	2	1
2047	1	0.0	2	1
2054	1	0.0	2	1
2056	2	0.0	2	2
2064	1	0.0	2	1
2068	1	0.0	2	1
2073	1	0.0	2	1
2075	1	0.0	2	1
2080	1	0.0	2	1
2085	1	0.0	2	1
2090	1	0.0	2	1
2102	1	0.0	2	1
2116	1	0.0	2	1
2122	1	0.0	2	1
2135	1	0.0	2	1
2143	1	0.0	2	1
2144	1	0.0	2	1
2145	1	0.0	2	1
2152	1	0.0	2	1
2156	2	0.0	2	2
2165	1	0.0	2	1
2176	1	0.0	2	1
2179	1	0.0	2	1
2203	1	0.0	2	1
2206	1	0.0	2	1
2214	1	0.0	2	1
2222	1	0.0	2	1
2236	1	0.0	2	1
2237	1	0.0	2	1
2250	1	0.0	2	1
2251	1	0.0	2	1
2254	1	0.0	2	1
2265	1	0.0	2	1
2266	1	0.0	2	1
2270	1	0.0	2	1
2272	1	0.0	2	1
2290	1	0.0	2	1
2297	1	0.0	2	1
2298	1	0.0	2	1
2306	1	0.0	2	1
2308	2	0.0	2	2
2310	1	0.0	2	1
2311	2	0.0	2	2
2313	1	0.0	2	1
2314	1	0.0	2	1
2324	2	0.0	2	2
2326	2	0.0	2	2
2328	1	0.0	2	1
2332	1	0.0	2	1
2333	1	0.0	2	1
2335	1	0.0	2	1
2339	1	0.0	2	1
2341	1	0.0	2	1
2346	2	0.0	2	2
2348	1	0.0	2	1
2350	1	0.0	2	1
2356	1	0.0	2	1
2359	2	0.0	2	2
2360	1	0.0	2	1
2364	1	0.0	2	1
2365	1	0.0	2	1
2366	1	0.0	2	1
2369	1	0.0	2	1
2379	1	0.0	2	1
2407	1	0.0	2	1
2425	1	0.0	2	1
2427	1	0.0	2	1
2438	1	0.0	2	1
2445	1	0.0	2	1
2447	1	0.0	2	1
2450	1	0.0	2	1
2477	1	0.0	2	1
2487	1	0.0	2	1
2504	1	0.0	2	1
2508	1	0.0	2	1
2511	1	0.0	2	1
2522	1	0.0	2	1
2527	1	0.0	2	1
2545	1	0.0	2	1
2551	1	0.0	2	1
2580	1	0.0	2	1
2582	1	0.0	2	1
2600	1	0.0	2	1
2604	1	0.0	2	1
2607	1	0.0	2	1
2610	1	0.0	2	1
2615	1	0.0	2	1
2623	1	0.0	2	1
2642	1	0.0	2	1
2681	1	0.0	2	1
2692	2	0.0	2	2
2714	1	0.0	2	1
2748	1	0.0	2	1
2759	1	0.0	2	1
2760	1	0.0	2	1
2771	1	0.0	2	1
2800	1	0.0	2	0 1
2805	1	0.0	2	1
2807	1	0.0	2	1
2833	1	0.0	2	1
2841	1	0.0	2	1
2854	1	0.0	2	1
2861	1	0.0	2	1
2944	1	0.0	2	1
2950	1	0.0	2	1
2984	1	0.0	2	1
2985	1	0.0	2	1
2987	1	0.0	2	1
2990	1	0.0	2	1
2995	1	0.0	2	1
3004	2	0.0	2	1 1
3045	1	0.0	2	1
3075	1	0.0	2	1
3087	1	0.0	2	1
3098	2	0.0	2	2
3100	1	0.0	2	1
3101	1	0.0	2	1
3105	2	0.0	2	2
3107	5	0.0	2	5
3108	3	0.0	2	3
3109	4	0.0	2	4
3110	3	0.0	2	3
3111	1	0.0	2	1
3112	2	0.0	2	2
3113	4	0.0	2	4
3114	7	0.0	2	7
3115	6	0.0	2	6
3116	5	0.0	2	5
3117	4	0.0	2	4
3118	10	0.0	2	10
3119	6	0.0	2	6
3120	13	0.0	2	13
3121	6	0.0	2	6
3123	2	0.0	2	2
3124	6	0.0	2	6
3125	5	0.0	2	5
3126	1	0.0	2	1
3127	1	0.0	2	1
3130	2	0.0	2	2
3145	1	0.0	2	1
3150	1	0.0	2	1
3152	1	0.0	2	1
3156	1	0.0	2	1
3157	1	0.0	2	1
3161	1	0.0	2	1
3162	2	0.0	2	2
3163	1	0.0	2	1
3164	1	0.0	2	1
3165	2	0.0	2	2
3167	1	0.0	2	1
3168	5	0.0	2	5
3169	3	0.0	2	3
3171	2	0.0	2	2
3172	3	0.0	2	3
3173	3	0.0	2	3
3174	5	0.0	2	5
3175	2	0.0	2	2
3176	3	0.0	2	3
3177	4	0.0	2	4
3178	4	0.0	2	4
3179	4	0.0	2	4
3180	2	0.0	2	2
3181	5	0.0	2	5
3182	1	0.0	2	1
3183	3	0.0	2	3
3185	1	0.0	2	1
3186	2	0.0	2	2
3187	1	0.0	2	1
3188	1	0.0	2	1
3191	1	0.0	2	1
3199	1	0.0	2	1
3202	1	0.0	2	1
3207	1	0.0	2	1
3211	1	0.0	2	1
3212	1	0.0	2	1
3218	2	0.0	2	2
3232	1	0.0	2	1
3241	1	0.0	2	1
3243	1	0.0	2	1
3246	1	0.0	2	1
3279	1	0.0	2	1
3282	1	0.0	2	1
3289	1	0.0	2	1
3290	1	0.0	2	1
3297	1	0.0	2	1
3333	1	0.0	2	1
3340	1	0.0	2	1
3355	1	0.0	2	1
3363	1	0.0	2	1
3385	1	0.0	2	1
3405	1	0.0	2	1
3410	1	0.0	2	1
3423	1	0.0	2	1
3431	1	0.0	2	1
3439	1	0.0	2	1
3445	1	0.0	2	1
3448	1	0.0	2	1
3476	1	0.0	2	1
3501	1	0.0	2	1
3552	1	0.0	2	1
3599	1	0.0	2	1
3602	1	0.0	2	1
3608	1	0.0	2	1
3621	2	0.0	2	2
3634	1	0.0	2	1
3635	1	0.0	2	1
3639	1	0.0	2	1
3766	1	0.0	2	1
3799	1	0.0	2	1
3829	1	0.0	2	1
3914	1	0.0	2	1
3976	1	0.0	2	1
3977	1	0.0	2	1
3990	1	0.0	2	1
3997	1	0.0	2	1
4003	1	0.0	2	1
4019	1	0.0	2	1
4029	1	0.0	2	1
4092	1	0.0	2	1
4106	1	0.0	2	1
4161	1	0.0	2	1
4199	1	0.0	2	1
4376	1	0.0	2	1
4471	1	0.0	2	1
4524	1	0.0	2	1
4531	1	0.0	2	1
4538	1	0.0	2	0 1
4557	2	0.0	2	2
4569	1	0.0	2	1
4586	1	0.0	2	1
4604	2	0.0	2	2
4610	1	0.0	2	1
4626	1	0.0	2	1
4633	1	0.0	2	1
4643	1	0.0	2	1
4656	1	0.0	2	1
4726	1	0.0	2	1
4735	1	0.0	2	1
4854	1	0.0	2	1
4871	1	0.0	2	1
4893	1	0.0	2	1
4936	1	0.0	2	1
4981	1	0.0	2	1
5013	1	0.0	2	1
5019	1	0.0	2	1
5020	1	0.0	2	1
5021	1	0.0	2	1
5028	1	0.0	2	1
5029	1	0.0	2	1
5030	1	0.0	2	1
5033	1	0.0	2	1
5056	1	0.0	2	1
5061	1	0.0	2	1
5088	1	0.0	2	1
5089	1	0.0	2	1
5092	1	0.0	2	1
5111	1	0.0	2	1
5139	1	0.0	2	1
5141	1	0.0	2	1
5143	1	0.0	2	1
5244	2	0.0	2	2
5505	1	0.0	2	1
5683	1	0.0	2	1
5752	1	0.0	2	1
5820	1	0.0	2	1
5900	1	0.0	2	1
5966	1	0.0	2	1
5988	1	0.0	2	1
6014	1	0.0	2	1
6070	1	0.0	2	1
6143	1	0.0	2	1
6212	1	0.0	2	1
6264	1	0.0	2	1
6285	1	0.0	2	1
6288	1	0.0	2	1
6330	1	0.0	2	1
6367	1	0.0	2	1
6395	1	0.0	2	1
6420	1	0.0	2	1
6496	1	0.0	2	1
6498	1	0.0	2	1
6513	1	0.0	2	1
6520	1	0.0	2	1
6524	1	0.0	2	1
6539	1	0.0	2	1
6541	1	0.0	2	1
6579	1	0.0	2	1
6744	1	0.0	2	1
6823	1	0.0	2	1
6890	1	0.0	2	1
6929	1	0.0	2	1
7077	1	0.0	2	1
7084	1	0.0	2	1
7094	1	0.0	2	1
7134	1	0.0	2	1
7179	1	0.0	2	1
7371	1	0.0	2	1
7502	1	0.0	2	1
7618	1	0.0	2	1
7728	1	0.0	2	1
7737	1	0.0	2	1
7981	1	0.0	2	1
8695	1	0.0	2	1
8805	1	0.0	2	1
9146	1	0.0	2	1
9162	1	0.0	2	1
9282	1	0.0	2	1
9323	1	0.0	2	1
9477	1	0.0	2	1
9898	1	0.0	2	1
9917	1	0.0	2	1
10170	1	0.0	2	1
11014	1	0.0	2	1
11246	1	0.0	2	1
11248	1	0.0	2	1
11607	1	0.0	2	1
12141	1	0.0	2	1
12512	1	0.0	2	1
14472	1	0.0	2	1
17886	1	0.0	2	1
23663	1	0.0	2	1


WARNING:
    One or more of your adapter sequences may be incomplete.
    Please see the detailed output above.
