This is cutadapt 5.0 with Python 3.10.14
Command line parameters: -j 10 -a file:HBV_primer.fasta --discard-untrimmed -m 150 -M 1200 -q 10 -o barcode01_trim_reads.fastq.gz barcode01.fastq
Processing single-end reads on 10 cores ...

=== Summary ===

Total reads processed:                  55,624
Reads with adapters:                    44,136 (79.3%)

== Read fate breakdown ==
Reads that were too short:              51,158 (92.0%)
Reads that were too long:                  476 (0.9%)
Reads discarded as untrimmed:            2,045 (3.7%)
Reads written (passing filters):         1,945 (3.5%)

Total basepairs processed:    43,913,311 bp
Quality-trimmed:                 157,701 bp (0.4%)
Total written (filtered):        688,196 bp (1.6%)

=== Adapter P1bis ===

Sequence: TTCACCTCTGCCTAATCA; Type: regular 3'; Length: 18; Trimmed: 5057 times

Minimum overlap: 3
No. of allowed errors:
1-9 bp: 0; 10-18 bp: 1

Bases preceding removed adapters:
  A: 0.2%
  C: 9.2%
  G: 0.3%
  T: 89.3%
  none/other: 0.9%
WARNING:
    The adapter is preceded by 'T' extremely often.
    The provided adapter sequence could be incomplete at its 5' end.
    Ignore this warning when trimming primers.

Overview of removed sequences
length	count	expect	max.err	error counts
3	84	869.1	0	84
4	26	217.3	0	26
5	7	54.3	0	7
6	9	13.6	0	9
7	3	3.4	0	3
9	10	0.2	0	10
10	95	0.1	1	0 95
11	1	0.0	1	1
12	1	0.0	1	1
13	2	0.0	1	2
16	1	0.0	1	1
19	2	0.0	1	1 1
21	3	0.0	1	2 1
24	1	0.0	1	0 1
26	2	0.0	1	2
29	2	0.0	1	2
30	4	0.0	1	3 1
31	4	0.0	1	3 1
32	8	0.0	1	4 4
33	11	0.0	1	10 1
34	3	0.0	1	2 1
35	4	0.0	1	1 3
36	4	0.0	1	3 1
37	24	0.0	1	21 3
38	1	0.0	1	1
39	3	0.0	1	0 3
40	2	0.0	1	0 2
41	4	0.0	1	2 2
43	3	0.0	1	2 1
44	1	0.0	1	0 1
45	1	0.0	1	1
46	2	0.0	1	1 1
48	2	0.0	1	2
49	1	0.0	1	1
50	2	0.0	1	2
52	3	0.0	1	1 2
53	1	0.0	1	1
54	2	0.0	1	1 1
55	3	0.0	1	3
57	4	0.0	1	3 1
58	5	0.0	1	2 3
59	6	0.0	1	4 2
60	9	0.0	1	7 2
61	9	0.0	1	5 4
63	8	0.0	1	5 3
64	32	0.0	1	25 7
65	8	0.0	1	6 2
66	16	0.0	1	13 3
67	2	0.0	1	1 1
68	5	0.0	1	4 1
69	3	0.0	1	1 2
70	2	0.0	1	2
71	2	0.0	1	2
72	1	0.0	1	1
73	1	0.0	1	1
75	2	0.0	1	1 1
76	1	0.0	1	0 1
77	2	0.0	1	0 2
78	3	0.0	1	0 3
79	1	0.0	1	1
80	4	0.0	1	1 3
81	2	0.0	1	0 2
82	4	0.0	1	1 3
83	3	0.0	1	2 1
84	4	0.0	1	2 2
85	6	0.0	1	3 3
86	8	0.0	1	5 3
87	9	0.0	1	7 2
88	3	0.0	1	3
89	13	0.0	1	6 7
90	12	0.0	1	9 3
91	20	0.0	1	13 7
92	11	0.0	1	7 4
93	10	0.0	1	3 7
94	2	0.0	1	1 1
95	7	0.0	1	4 3
96	4	0.0	1	1 3
97	16	0.0	1	11 5
98	65	0.0	1	28 37
99	9	0.0	1	4 5
100	3	0.0	1	2 1
101	1	0.0	1	1
102	4	0.0	1	2 2
103	3	0.0	1	2 1
104	4	0.0	1	4
105	5	0.0	1	4 1
106	1	0.0	1	0 1
107	2	0.0	1	2
108	4	0.0	1	2 2
110	2	0.0	1	1 1
111	10	0.0	1	7 3
112	4	0.0	1	2 2
113	12	0.0	1	9 3
114	8	0.0	1	7 1
115	4	0.0	1	1 3
116	9	0.0	1	6 3
117	9	0.0	1	6 3
118	26	0.0	1	14 12
119	8	0.0	1	3 5
120	8	0.0	1	7 1
121	3	0.0	1	2 1
122	8	0.0	1	6 2
123	5	0.0	1	4 1
124	4	0.0	1	3 1
125	14	0.0	1	12 2
126	4	0.0	1	2 2
127	7	0.0	1	5 2
128	4	0.0	1	3 1
129	3	0.0	1	1 2
130	3	0.0	1	2 1
131	6	0.0	1	4 2
132	1	0.0	1	1
133	7	0.0	1	3 4
134	11	0.0	1	3 8
135	8	0.0	1	5 3
136	13	0.0	1	6 7
137	9	0.0	1	2 7
138	5	0.0	1	4 1
139	11	0.0	1	7 4
140	13	0.0	1	6 7
141	14	0.0	1	9 5
142	11	0.0	1	5 6
143	16	0.0	1	8 8
144	25	0.0	1	15 10
145	34	0.0	1	19 15
146	37	0.0	1	20 17
147	41	0.0	1	24 17
148	120	0.0	1	47 73
149	372	0.0	1	152 220
150	30	0.0	1	17 13
151	20	0.0	1	13 7
152	22	0.0	1	17 5
153	13	0.0	1	10 3
154	11	0.0	1	8 3
155	6	0.0	1	6
156	13	0.0	1	13
157	5	0.0	1	3 2
158	12	0.0	1	8 4
159	10	0.0	1	6 4
160	5	0.0	1	2 3
161	6	0.0	1	4 2
162	10	0.0	1	8 2
163	10	0.0	1	9 1
164	10	0.0	1	7 3
165	13	0.0	1	11 2
166	10	0.0	1	6 4
167	13	0.0	1	8 5
168	8	0.0	1	6 2
169	12	0.0	1	7 5
170	15	0.0	1	12 3
171	11	0.0	1	9 2
172	18	0.0	1	13 5
173	19	0.0	1	14 5
174	23	0.0	1	15 8
175	23	0.0	1	20 3
176	82	0.0	1	75 7
177	16	0.0	1	12 4
178	18	0.0	1	7 11
179	15	0.0	1	12 3
180	9	0.0	1	8 1
181	17	0.0	1	15 2
182	12	0.0	1	8 4
183	10	0.0	1	7 3
184	6	0.0	1	4 2
185	8	0.0	1	5 3
186	6	0.0	1	5 1
187	9	0.0	1	7 2
188	8	0.0	1	7 1
189	14	0.0	1	11 3
190	9	0.0	1	6 3
191	11	0.0	1	7 4
192	11	0.0	1	8 3
193	11	0.0	1	8 3
194	6	0.0	1	3 3
195	8	0.0	1	6 2
196	6	0.0	1	6
197	10	0.0	1	8 2
198	17	0.0	1	14 3
199	10	0.0	1	10
200	10	0.0	1	8 2
201	23	0.0	1	20 3
202	29	0.0	1	23 6
203	42	0.0	1	35 7
204	11	0.0	1	7 4
205	27	0.0	1	16 11
206	13	0.0	1	12 1
207	14	0.0	1	9 5
208	6	0.0	1	4 2
209	8	0.0	1	6 2
210	9	0.0	1	8 1
211	5	0.0	1	4 1
212	5	0.0	1	4 1
213	5	0.0	1	3 2
214	6	0.0	1	6
215	7	0.0	1	6 1
216	10	0.0	1	9 1
217	10	0.0	1	10
218	11	0.0	1	8 3
219	6	0.0	1	3 3
220	6	0.0	1	4 2
221	11	0.0	1	6 5
222	11	0.0	1	8 3
223	7	0.0	1	5 2
224	4	0.0	1	3 1
225	6	0.0	1	6
226	8	0.0	1	6 2
227	13	0.0	1	10 3
228	18	0.0	1	14 4
229	10	0.0	1	7 3
230	38	0.0	1	35 3
231	19	0.0	1	17 2
232	28	0.0	1	23 5
233	13	0.0	1	10 3
234	8	0.0	1	4 4
235	9	0.0	1	8 1
236	4	0.0	1	3 1
237	6	0.0	1	4 2
238	5	0.0	1	3 2
239	4	0.0	1	3 1
240	5	0.0	1	3 2
241	8	0.0	1	7 1
242	10	0.0	1	7 3
243	9	0.0	1	8 1
244	7	0.0	1	3 4
245	7	0.0	1	4 3
246	6	0.0	1	5 1
247	5	0.0	1	4 1
248	3	0.0	1	2 1
249	8	0.0	1	6 2
250	10	0.0	1	5 5
251	5	0.0	1	2 3
252	6	0.0	1	6
253	8	0.0	1	8
254	10	0.0	1	7 3
255	12	0.0	1	6 6
256	15	0.0	1	12 3
257	32	0.0	1	28 4
258	21	0.0	1	16 5
259	23	0.0	1	19 4
260	6	0.0	1	5 1
261	11	0.0	1	8 3
262	2	0.0	1	2
263	10	0.0	1	6 4
264	7	0.0	1	6 1
265	3	0.0	1	2 1
266	4	0.0	1	4
267	6	0.0	1	3 3
268	7	0.0	1	6 1
269	4	0.0	1	3 1
270	8	0.0	1	6 2
271	7	0.0	1	6 1
272	6	0.0	1	6
273	4	0.0	1	3 1
274	8	0.0	1	6 2
275	6	0.0	1	6
276	8	0.0	1	7 1
277	4	0.0	1	2 2
278	10	0.0	1	2 8
279	12	0.0	1	10 2
280	7	0.0	1	6 1
281	11	0.0	1	9 2
282	8	0.0	1	7 1
283	9	0.0	1	6 3
284	19	0.0	1	16 3
285	10	0.0	1	10
286	12	0.0	1	6 6
287	12	0.0	1	6 6
288	11	0.0	1	7 4
289	6	0.0	1	4 2
290	7	0.0	1	5 2
291	5	0.0	1	2 3
292	1	0.0	1	1
293	7	0.0	1	5 2
294	6	0.0	1	3 3
295	11	0.0	1	7 4
296	3	0.0	1	2 1
297	6	0.0	1	5 1
298	6	0.0	1	3 3
299	5	0.0	1	2 3
300	4	0.0	1	3 1
301	14	0.0	1	11 3
302	6	0.0	1	5 1
303	4	0.0	1	2 2
304	9	0.0	1	5 4
305	7	0.0	1	6 1
306	13	0.0	1	12 1
307	6	0.0	1	4 2
308	10	0.0	1	7 3
309	6	0.0	1	6
310	6	0.0	1	6
311	15	0.0	1	13 2
312	6	0.0	1	6
313	13	0.0	1	8 5
314	10	0.0	1	8 2
315	16	0.0	1	12 4
316	7	0.0	1	4 3
317	11	0.0	1	8 3
318	6	0.0	1	6
319	4	0.0	1	3 1
320	2	0.0	1	0 2
321	6	0.0	1	3 3
322	7	0.0	1	5 2
323	6	0.0	1	2 4
324	4	0.0	1	2 2
326	2	0.0	1	2
327	4	0.0	1	4
328	4	0.0	1	4
329	7	0.0	1	4 3
330	9	0.0	1	6 3
331	4	0.0	1	3 1
332	5	0.0	1	2 3
333	6	0.0	1	5 1
334	4	0.0	1	4
335	5	0.0	1	5
336	8	0.0	1	6 2
337	9	0.0	1	6 3
338	17	0.0	1	14 3
339	12	0.0	1	9 3
340	14	0.0	1	9 5
341	11	0.0	1	8 3
342	10	0.0	1	7 3
343	8	0.0	1	7 1
344	7	0.0	1	6 1
345	8	0.0	1	6 2
346	2	0.0	1	1 1
347	6	0.0	1	3 3
348	4	0.0	1	2 2
349	5	0.0	1	4 1
350	5	0.0	1	2 3
351	4	0.0	1	3 1
352	7	0.0	1	5 2
353	5	0.0	1	4 1
354	8	0.0	1	7 1
355	5	0.0	1	5
356	2	0.0	1	1 1
357	4	0.0	1	3 1
358	6	0.0	1	6
359	1	0.0	1	1
360	3	0.0	1	3
361	4	0.0	1	3 1
362	10	0.0	1	9 1
363	6	0.0	1	4 2
364	10	0.0	1	9 1
365	15	0.0	1	12 3
366	6	0.0	1	4 2
367	13	0.0	1	11 2
368	6	0.0	1	5 1
369	5	0.0	1	3 2
370	3	0.0	1	3
371	1	0.0	1	1
372	6	0.0	1	5 1
373	4	0.0	1	3 1
374	6	0.0	1	4 2
375	2	0.0	1	2
376	6	0.0	1	2 4
377	3	0.0	1	3
378	5	0.0	1	4 1
379	7	0.0	1	5 2
380	4	0.0	1	3 1
381	4	0.0	1	4
382	1	0.0	1	1
383	10	0.0	1	7 3
384	3	0.0	1	2 1
385	6	0.0	1	5 1
386	4	0.0	1	3 1
387	6	0.0	1	5 1
388	7	0.0	1	4 3
389	10	0.0	1	9 1
390	5	0.0	1	2 3
391	7	0.0	1	5 2
392	13	0.0	1	11 2
393	11	0.0	1	8 3
394	9	0.0	1	8 1
395	7	0.0	1	7
396	9	0.0	1	8 1
397	5	0.0	1	4 1
398	6	0.0	1	4 2
399	5	0.0	1	5
400	5	0.0	1	5
401	5	0.0	1	5
402	3	0.0	1	2 1
403	2	0.0	1	2
404	3	0.0	1	1 2
405	5	0.0	1	4 1
406	2	0.0	1	2
407	3	0.0	1	1 2
408	1	0.0	1	0 1
409	6	0.0	1	6
410	5	0.0	1	3 2
411	2	0.0	1	2
412	3	0.0	1	3
413	3	0.0	1	3
414	2	0.0	1	2
415	4	0.0	1	4
416	5	0.0	1	4 1
417	4	0.0	1	4
418	5	0.0	1	4 1
419	6	0.0	1	5 1
420	5	0.0	1	3 2
421	7	0.0	1	4 3
422	4	0.0	1	3 1
423	4	0.0	1	3 1
424	8	0.0	1	4 4
425	5	0.0	1	3 2
426	6	0.0	1	4 2
427	1	0.0	1	1
428	6	0.0	1	4 2
429	3	0.0	1	2 1
430	2	0.0	1	2
432	3	0.0	1	3
433	6	0.0	1	5 1
434	1	0.0	1	1
435	3	0.0	1	3
436	3	0.0	1	3
437	3	0.0	1	3
438	4	0.0	1	2 2
439	2	0.0	1	1 1
440	1	0.0	1	1
441	6	0.0	1	4 2
442	1	0.0	1	0 1
443	4	0.0	1	3 1
444	2	0.0	1	2
445	2	0.0	1	2
446	5	0.0	1	4 1
447	6	0.0	1	3 3
448	5	0.0	1	3 2
449	6	0.0	1	3 3
450	5	0.0	1	5
451	2	0.0	1	2
453	3	0.0	1	3
454	3	0.0	1	1 2
455	1	0.0	1	1
456	4	0.0	1	2 2
457	2	0.0	1	2
458	8	0.0	1	5 3
459	4	0.0	1	4
460	2	0.0	1	2
461	3	0.0	1	3
462	4	0.0	1	4
463	4	0.0	1	4
464	3	0.0	1	3
465	1	0.0	1	1
466	2	0.0	1	2
467	3	0.0	1	1 2
468	6	0.0	1	5 1
469	5	0.0	1	5
470	2	0.0	1	1 1
471	4	0.0	1	3 1
472	4	0.0	1	4
473	2	0.0	1	1 1
474	2	0.0	1	2
475	4	0.0	1	3 1
476	7	0.0	1	6 1
477	5	0.0	1	3 2
478	3	0.0	1	3
479	4	0.0	1	4
480	5	0.0	1	4 1
481	4	0.0	1	3 1
482	5	0.0	1	5
483	4	0.0	1	2 2
484	4	0.0	1	3 1
485	3	0.0	1	3
486	4	0.0	1	3 1
487	2	0.0	1	2
488	1	0.0	1	1
489	3	0.0	1	2 1
490	2	0.0	1	0 2
491	3	0.0	1	2 1
492	2	0.0	1	2
493	4	0.0	1	3 1
494	4	0.0	1	4
495	1	0.0	1	1
496	2	0.0	1	2
497	4	0.0	1	3 1
498	3	0.0	1	2 1
499	3	0.0	1	3
500	1	0.0	1	1
501	4	0.0	1	3 1
503	1	0.0	1	1
504	6	0.0	1	5 1
505	4	0.0	1	4
506	1	0.0	1	1
508	3	0.0	1	3
509	1	0.0	1	1
510	5	0.0	1	3 2
511	2	0.0	1	2
512	1	0.0	1	1
513	6	0.0	1	4 2
514	6	0.0	1	6
515	1	0.0	1	1
517	2	0.0	1	2
518	2	0.0	1	2
519	3	0.0	1	2 1
520	3	0.0	1	2 1
521	2	0.0	1	2
522	3	0.0	1	2 1
523	2	0.0	1	1 1
524	5	0.0	1	3 2
525	4	0.0	1	4
526	6	0.0	1	6
527	2	0.0	1	2
528	4	0.0	1	2 2
529	5	0.0	1	3 2
530	6	0.0	1	5 1
531	4	0.0	1	4
532	2	0.0	1	1 1
533	3	0.0	1	3
534	3	0.0	1	3
535	3	0.0	1	2 1
536	1	0.0	1	0 1
537	2	0.0	1	2
538	4	0.0	1	4
539	1	0.0	1	1
540	1	0.0	1	1
541	1	0.0	1	1
542	1	0.0	1	1
543	1	0.0	1	1
544	2	0.0	1	1 1
545	2	0.0	1	2
546	2	0.0	1	2
547	1	0.0	1	0 1
549	1	0.0	1	1
550	3	0.0	1	2 1
551	1	0.0	1	0 1
552	2	0.0	1	1 1
553	1	0.0	1	1
554	5	0.0	1	3 2
555	2	0.0	1	2
556	1	0.0	1	0 1
557	2	0.0	1	2
558	4	0.0	1	4
560	4	0.0	1	2 2
561	2	0.0	1	2
562	4	0.0	1	3 1
563	2	0.0	1	2
564	2	0.0	1	2
565	5	0.0	1	5
567	4	0.0	1	3 1
568	3	0.0	1	2 1
569	3	0.0	1	3
570	3	0.0	1	3
571	3	0.0	1	1 2
573	1	0.0	1	1
574	1	0.0	1	1
575	4	0.0	1	4
576	2	0.0	1	2
578	5	0.0	1	5
579	4	0.0	1	3 1
580	1	0.0	1	1
581	1	0.0	1	1
582	2	0.0	1	2
583	3	0.0	1	3
584	2	0.0	1	2
585	2	0.0	1	1 1
586	1	0.0	1	0 1
587	3	0.0	1	2 1
588	1	0.0	1	1
589	2	0.0	1	1 1
590	4	0.0	1	3 1
591	3	0.0	1	3
592	1	0.0	1	1
593	3	0.0	1	2 1
595	3	0.0	1	2 1
596	1	0.0	1	1
597	2	0.0	1	2
598	1	0.0	1	1
599	3	0.0	1	2 1
600	3	0.0	1	3
601	4	0.0	1	3 1
603	3	0.0	1	3
605	2	0.0	1	2
606	2	0.0	1	1 1
608	1	0.0	1	1
609	4	0.0	1	3 1
610	1	0.0	1	1
611	1	0.0	1	1
612	2	0.0	1	2
613	1	0.0	1	1
614	3	0.0	1	2 1
615	1	0.0	1	1
616	1	0.0	1	0 1
618	1	0.0	1	0 1
619	1	0.0	1	1
620	1	0.0	1	1
621	1	0.0	1	1
626	1	0.0	1	1
627	1	0.0	1	1
628	1	0.0	1	1
629	2	0.0	1	2
630	2	0.0	1	2
631	3	0.0	1	2 1
632	2	0.0	1	1 1
634	2	0.0	1	2
635	1	0.0	1	1
638	2	0.0	1	1 1
639	1	0.0	1	1
640	1	0.0	1	1
641	1	0.0	1	1
642	1	0.0	1	0 1
644	3	0.0	1	3
646	2	0.0	1	2
647	2	0.0	1	2
648	1	0.0	1	1
650	2	0.0	1	1 1
651	1	0.0	1	1
652	2	0.0	1	1 1
655	2	0.0	1	2
656	1	0.0	1	1
657	1	0.0	1	1
658	1	0.0	1	1
660	1	0.0	1	1
662	3	0.0	1	2 1
663	3	0.0	1	2 1
664	1	0.0	1	1
665	1	0.0	1	0 1
666	1	0.0	1	1
670	2	0.0	1	2
672	3	0.0	1	3
673	3	0.0	1	3
674	1	0.0	1	1
675	1	0.0	1	0 1
676	1	0.0	1	1
677	1	0.0	1	0 1
678	2	0.0	1	2
681	2	0.0	1	2
682	2	0.0	1	2
683	1	0.0	1	1
684	1	0.0	1	1
685	1	0.0	1	1
686	1	0.0	1	0 1
687	6	0.0	1	4 2
690	1	0.0	1	1
691	1	0.0	1	1
692	1	0.0	1	1
693	1	0.0	1	0 1
695	2	0.0	1	2
696	2	0.0	1	2
698	1	0.0	1	1
699	2	0.0	1	2
701	1	0.0	1	1
703	1	0.0	1	1
706	1	0.0	1	1
714	2	0.0	1	2
717	1	0.0	1	0 1
718	1	0.0	1	1
719	2	0.0	1	2
721	1	0.0	1	1
722	3	0.0	1	2 1
724	1	0.0	1	1
725	1	0.0	1	1
728	1	0.0	1	0 1
729	2	0.0	1	2
733	4	0.0	1	3 1
734	1	0.0	1	0 1
737	1	0.0	1	0 1
738	2	0.0	1	2
741	2	0.0	1	1 1
742	2	0.0	1	2
743	1	0.0	1	0 1
747	2	0.0	1	1 1
749	1	0.0	1	1
751	3	0.0	1	3
752	1	0.0	1	1
753	1	0.0	1	0 1
754	1	0.0	1	1
757	3	0.0	1	2 1
758	2	0.0	1	1 1
763	3	0.0	1	3
764	1	0.0	1	1
766	3	0.0	1	3
770	1	0.0	1	1
775	1	0.0	1	1
776	1	0.0	1	1
779	1	0.0	1	1
782	3	0.0	1	2 1
784	1	0.0	1	1
787	1	0.0	1	0 1
791	1	0.0	1	0 1
795	2	0.0	1	1 1
800	2	0.0	1	2
805	1	0.0	1	1
806	1	0.0	1	1
807	1	0.0	1	0 1
808	2	0.0	1	1 1
810	1	0.0	1	1
812	2	0.0	1	1 1
815	1	0.0	1	1
817	2	0.0	1	2
829	1	0.0	1	0 1
830	1	0.0	1	1
837	1	0.0	1	1
838	1	0.0	1	0 1
839	1	0.0	1	1
840	2	0.0	1	2
843	2	0.0	1	2
846	1	0.0	1	1
850	1	0.0	1	1
851	1	0.0	1	1
852	1	0.0	1	0 1
853	1	0.0	1	1
858	2	0.0	1	1 1
860	2	0.0	1	1 1
866	1	0.0	1	1
870	1	0.0	1	1
874	1	0.0	1	1
875	1	0.0	1	0 1
880	1	0.0	1	1
891	1	0.0	1	1
893	1	0.0	1	0 1
894	1	0.0	1	1
895	1	0.0	1	0 1
896	1	0.0	1	1
897	1	0.0	1	1
900	1	0.0	1	1
905	1	0.0	1	1
908	1	0.0	1	1
911	1	0.0	1	0 1
920	1	0.0	1	1
932	1	0.0	1	0 1
935	1	0.0	1	1
943	1	0.0	1	0 1
946	1	0.0	1	0 1
955	1	0.0	1	0 1
971	1	0.0	1	1
974	1	0.0	1	1
977	1	0.0	1	1
978	1	0.0	1	1
990	1	0.0	1	1
992	1	0.0	1	1
993	1	0.0	1	1
995	1	0.0	1	0 1
996	2	0.0	1	1 1
1001	1	0.0	1	1
1005	1	0.0	1	1
1007	1	0.0	1	1
1016	1	0.0	1	1
1021	1	0.0	1	1
1029	1	0.0	1	1
1034	1	0.0	1	1
1035	1	0.0	1	1
1045	2	0.0	1	2
1048	1	0.0	1	1
1053	1	0.0	1	1
1062	1	0.0	1	1
1063	2	0.0	1	0 2
1066	1	0.0	1	1
1072	1	0.0	1	1
1076	1	0.0	1	1
1087	1	0.0	1	0 1
1095	1	0.0	1	1
1107	1	0.0	1	1
1108	1	0.0	1	1
1109	1	0.0	1	1
1143	1	0.0	1	1
1146	1	0.0	1	1
1173	1	0.0	1	0 1
1176	1	0.0	1	0 1
1199	1	0.0	1	1
1205	1	0.0	1	1
1226	1	0.0	1	1
1227	1	0.0	1	1
1269	1	0.0	1	1
1296	1	0.0	1	1
1304	1	0.0	1	1
1327	1	0.0	1	1
1329	1	0.0	1	1
1352	1	0.0	1	1
1359	1	0.0	1	0 1
1404	1	0.0	1	0 1
1407	1	0.0	1	0 1
1428	1	0.0	1	1
1445	1	0.0	1	1
1500	1	0.0	1	1
1583	1	0.0	1	1
1800	1	0.0	1	0 1
1830	1	0.0	1	1
1880	1	0.0	1	1
1912	1	0.0	1	1
1916	1	0.0	1	1
1930	1	0.0	1	1
1947	1	0.0	1	1
2219	1	0.0	1	1
2242	1	0.0	1	0 1
2294	1	0.0	1	1
2355	1	0.0	1	1
2554	1	0.0	1	1
2605	1	0.0	1	1
2857	1	0.0	1	1
2900	2	0.0	1	2
2932	1	0.0	1	1
2933	1	0.0	1	1
2943	2	0.0	1	2
2944	1	0.0	1	1
2971	1	0.0	1	1
2973	1	0.0	1	1
2974	1	0.0	1	1
2992	1	0.0	1	1
2999	1	0.0	1	1
3018	2	0.0	1	2
3022	1	0.0	1	1
3052	1	0.0	1	1
3053	1	0.0	1	1
3064	1	0.0	1	1
3075	1	0.0	1	1
3088	1	0.0	1	1
3109	1	0.0	1	1
3133	1	0.0	1	1
3150	2	0.0	1	2
3160	2	0.0	1	2
3164	1	0.0	1	1
3165	1	0.0	1	1
3166	1	0.0	1	1
3169	1	0.0	1	1
3178	1	0.0	1	1
3181	1	0.0	1	1
3183	1	0.0	1	1
3184	1	0.0	1	1
3185	1	0.0	1	1
3191	2	0.0	1	2
3196	1	0.0	1	1
3198	1	0.0	1	0 1
3201	1	0.0	1	1
3202	1	0.0	1	1
3204	3	0.0	1	3
3205	1	0.0	1	1
3206	3	0.0	1	3
3207	2	0.0	1	2
3208	1	0.0	1	1
3209	1	0.0	1	1
3210	1	0.0	1	1
3211	3	0.0	1	3
3212	2	0.0	1	2
3213	5	0.0	1	3 2
3215	8	0.0	1	8
3216	4	0.0	1	4
3217	5	0.0	1	4 1
3218	4	0.0	1	4
3219	2	0.0	1	2
3220	4	0.0	1	4
3221	2	0.0	1	2
3222	6	0.0	1	5 1
3228	2	0.0	1	2
3230	1	0.0	1	1
3231	1	0.0	1	1
3232	2	0.0	1	2
3233	1	0.0	1	1
3237	3	0.0	1	3
3238	1	0.0	1	1
3239	2	0.0	1	2
3240	2	0.0	1	2
3241	1	0.0	1	1
3242	1	0.0	1	1
3243	2	0.0	1	2
3244	1	0.0	1	1
3245	3	0.0	1	3
3248	1	0.0	1	1
3249	1	0.0	1	1
3254	1	0.0	1	1
3255	1	0.0	1	1
3256	1	0.0	1	1
3258	1	0.0	1	1
3259	1	0.0	1	1
3263	1	0.0	1	1
3265	2	0.0	1	2
3267	1	0.0	1	1
3268	2	0.0	1	2
3270	1	0.0	1	1
3272	1	0.0	1	1
3275	1	0.0	1	1
3276	1	0.0	1	1
3281	1	0.0	1	1
3289	1	0.0	1	1
3291	1	0.0	1	1
3295	2	0.0	1	2
3296	1	0.0	1	1
3299	1	0.0	1	1
3301	1	0.0	1	1
3303	1	0.0	1	1
3308	1	0.0	1	1
3311	1	0.0	1	1
3316	1	0.0	1	1
3321	1	0.0	1	1
3322	2	0.0	1	2
3326	1	0.0	1	1
3335	1	0.0	1	1
3346	1	0.0	1	1
3347	1	0.0	1	1
3349	1	0.0	1	1
3351	1	0.0	1	1
3356	1	0.0	1	1
3362	1	0.0	1	1
3374	1	0.0	1	1
3377	1	0.0	1	1
3381	1	0.0	1	1
3386	1	0.0	1	1
3387	1	0.0	1	1
3390	1	0.0	1	1
3400	1	0.0	1	1
3402	1	0.0	1	1
3408	1	0.0	1	1
3411	1	0.0	1	1
3419	1	0.0	1	1
3421	1	0.0	1	1
3426	1	0.0	1	1
3427	1	0.0	1	1
3434	2	0.0	1	2
3435	1	0.0	1	1
3440	1	0.0	1	1
3452	1	0.0	1	1
3457	1	0.0	1	0 1
3464	1	0.0	1	1
3483	2	0.0	1	2
3489	1	0.0	1	1
3498	1	0.0	1	1
3505	1	0.0	1	1
3515	1	0.0	1	1
3521	1	0.0	1	1
3539	1	0.0	1	1
3545	1	0.0	1	1
3547	1	0.0	1	1
3555	1	0.0	1	1
3559	1	0.0	1	1
3565	1	0.0	1	1
3587	1	0.0	1	0 1
3648	1	0.0	1	1
3677	1	0.0	1	1
3700	1	0.0	1	1
3724	1	0.0	1	1
3757	1	0.0	1	1
3764	1	0.0	1	1
3765	1	0.0	1	1
3859	1	0.0	1	1
3896	1	0.0	1	1
3994	1	0.0	1	1
4011	1	0.0	1	1
4067	1	0.0	1	1
4149	1	0.0	1	1
4237	1	0.0	1	0 1
5268	1	0.0	1	1
6458	1	0.0	1	1
7344	1	0.0	1	1


=== Adapter P2bis ===

Sequence: AAAAAGTTGCATGGTGCTGG; Type: regular 3'; Length: 20; Trimmed: 3167 times

Minimum overlap: 3
No. of allowed errors:
1-9 bp: 0; 10-19 bp: 1; 20 bp: 2

Bases preceding removed adapters:
  A: 0.7%
  C: 1.0%
  G: 6.7%
  T: 5.5%
  none/other: 86.2%

Overview of removed sequences
length	count	expect	max.err	error counts
3	45	869.1	0	45
4	5	217.3	0	5
5	20	54.3	0	20
6	4	13.6	0	4
7	3	3.4	0	3
8	23	0.8	0	23
9	10	0.2	0	10
10	17	0.1	1	13 4
11	38	0.0	1	9 29
12	963	0.0	1	951 12
13	26	0.0	1	21 5
14	10	0.0	1	8 2
15	9	0.0	1	4 5
16	2	0.0	1	0 2
17	3	0.0	1	0 3
18	73	0.0	1	67 6
19	2	0.0	1	2
26	1	0.0	2	1
30	1	0.0	2	0 1
32	6	0.0	2	2 0 4
33	3	0.0	2	0 3
34	119	0.0	2	115 3 1
35	15	0.0	2	12 2 1
36	11	0.0	2	8 1 2
37	2	0.0	2	1 1
39	1	0.0	2	0 0 1
43	1	0.0	2	1
45	1	0.0	2	1
46	1	0.0	2	1
49	1	0.0	2	0 1
57	2	0.0	2	2
63	2	0.0	2	2
70	2	0.0	2	2
78	1	0.0	2	1
81	1	0.0	2	1
96	1	0.0	2	1
98	1	0.0	2	0 1
106	2	0.0	2	2
107	1	0.0	2	1
108	3	0.0	2	3
109	5	0.0	2	4 0 1
110	1	0.0	2	1
111	1	0.0	2	1
113	1	0.0	2	1
118	2	0.0	2	0 0 2
119	1	0.0	2	1
121	1	0.0	2	0 1
122	1	0.0	2	1
126	1	0.0	2	1
129	2	0.0	2	2
130	1	0.0	2	0 1
131	1	0.0	2	1
132	3	0.0	2	3
133	1	0.0	2	1
134	2	0.0	2	1 0 1
135	2	0.0	2	2
136	2	0.0	2	1 1
137	3	0.0	2	3
138	5	0.0	2	4 0 1
139	3	0.0	2	3
140	6	0.0	2	5 1
141	13	0.0	2	9 2 2
142	23	0.0	2	22 1
143	21	0.0	2	13 7 1
144	38	0.0	2	34 3 1
145	58	0.0	2	53 3 2
146	49	0.0	2	48 1
147	45	0.0	2	42 3
148	22	0.0	2	21 1
149	13	0.0	2	12 1
150	8	0.0	2	8
151	7	0.0	2	6 0 1
152	2	0.0	2	0 0 2
154	1	0.0	2	0 1
156	1	0.0	2	1
157	1	0.0	2	1
162	1	0.0	2	1
165	1	0.0	2	0 1
166	1	0.0	2	0 1
168	1	0.0	2	1
169	1	0.0	2	0 1
172	2	0.0	2	2
173	1	0.0	2	1
176	2	0.0	2	2
177	1	0.0	2	1
180	3	0.0	2	2 1
181	3	0.0	2	3
182	4	0.0	2	4
183	1	0.0	2	1
184	3	0.0	2	3
185	2	0.0	2	1 1
186	2	0.0	2	2
187	5	0.0	2	4 0 1
188	3	0.0	2	3
189	1	0.0	2	1
190	2	0.0	2	2
191	1	0.0	2	1
192	3	0.0	2	3
193	1	0.0	2	1
194	2	0.0	2	1 1
195	1	0.0	2	1
196	1	0.0	2	1
197	1	0.0	2	1
198	1	0.0	2	1
200	2	0.0	2	2
201	2	0.0	2	2
202	3	0.0	2	3
203	3	0.0	2	3
204	3	0.0	2	2 1
205	2	0.0	2	2
206	2	0.0	2	2
207	2	0.0	2	2
208	3	0.0	2	1 2
210	1	0.0	2	1
211	3	0.0	2	3
212	2	0.0	2	2
213	1	0.0	2	1
215	1	0.0	2	0 1
218	1	0.0	2	1
220	2	0.0	2	2
223	2	0.0	2	1 0 1
226	1	0.0	2	1
228	1	0.0	2	1
229	1	0.0	2	0 1
230	2	0.0	2	2
233	1	0.0	2	1
234	2	0.0	2	2
235	5	0.0	2	4 0 1
236	2	0.0	2	2
237	3	0.0	2	1 0 2
238	1	0.0	2	1
239	2	0.0	2	2
240	2	0.0	2	2
241	1	0.0	2	1
243	1	0.0	2	1
244	1	0.0	2	1
245	1	0.0	2	1
247	1	0.0	2	0 1
248	2	0.0	2	1 1
250	1	0.0	2	1
254	1	0.0	2	1
255	2	0.0	2	2
257	1	0.0	2	1
258	1	0.0	2	1
259	1	0.0	2	1
262	1	0.0	2	1
263	1	0.0	2	1
264	2	0.0	2	2
267	3	0.0	2	3
268	1	0.0	2	1
270	1	0.0	2	1
271	2	0.0	2	0 0 2
273	1	0.0	2	1
274	3	0.0	2	3
276	4	0.0	2	4
277	5	0.0	2	4 1
278	4	0.0	2	4
280	1	0.0	2	1
281	2	0.0	2	2
282	4	0.0	2	3 0 1
284	2	0.0	2	2
285	1	0.0	2	1
286	1	0.0	2	1
287	1	0.0	2	1
288	2	0.0	2	2
289	1	0.0	2	1
290	1	0.0	2	1
292	1	0.0	2	1
293	3	0.0	2	3
294	4	0.0	2	4
301	1	0.0	2	1
302	3	0.0	2	3
303	1	0.0	2	1
305	1	0.0	2	1
306	1	0.0	2	1
313	1	0.0	2	1
314	2	0.0	2	2
315	4	0.0	2	4
316	1	0.0	2	1
317	1	0.0	2	1
320	3	0.0	2	3
321	2	0.0	2	2
322	2	0.0	2	2
326	3	0.0	2	3
327	2	0.0	2	2
328	1	0.0	2	1
330	1	0.0	2	1
331	2	0.0	2	2
334	1	0.0	2	1
338	2	0.0	2	1 1
340	2	0.0	2	2
341	3	0.0	2	3
342	1	0.0	2	1
345	4	0.0	2	4
346	2	0.0	2	2
347	1	0.0	2	1
348	1	0.0	2	1
349	2	0.0	2	2
351	2	0.0	2	2
352	1	0.0	2	1
353	3	0.0	2	3
354	1	0.0	2	1
358	1	0.0	2	1
359	2	0.0	2	1 0 1
360	2	0.0	2	2
361	3	0.0	2	3
365	1	0.0	2	1
366	1	0.0	2	0 0 1
367	2	0.0	2	2
369	3	0.0	2	3
370	3	0.0	2	3
371	5	0.0	2	3 0 2
372	2	0.0	2	2
373	3	0.0	2	3
374	1	0.0	2	1
375	2	0.0	2	1 0 1
376	4	0.0	2	4
377	1	0.0	2	1
378	1	0.0	2	1
379	1	0.0	2	1
380	1	0.0	2	1
381	2	0.0	2	2
382	1	0.0	2	1
383	2	0.0	2	2
384	1	0.0	2	1
385	2	0.0	2	2
387	1	0.0	2	1
388	3	0.0	2	3
389	4	0.0	2	4
390	2	0.0	2	2
391	2	0.0	2	2
393	2	0.0	2	2
394	2	0.0	2	2
395	2	0.0	2	2
396	4	0.0	2	4
397	1	0.0	2	1
399	4	0.0	2	3 1
400	4	0.0	2	3 1
401	3	0.0	2	2 1
402	5	0.0	2	5
404	4	0.0	2	4
405	5	0.0	2	4 1
406	1	0.0	2	1
407	2	0.0	2	2
408	3	0.0	2	3
410	1	0.0	2	1
412	1	0.0	2	1
413	1	0.0	2	1
414	2	0.0	2	2
415	2	0.0	2	2
416	1	0.0	2	1
417	4	0.0	2	4
418	3	0.0	2	3
419	3	0.0	2	2 1
420	5	0.0	2	5
421	5	0.0	2	5
422	2	0.0	2	1 1
423	3	0.0	2	3
424	4	0.0	2	4
425	1	0.0	2	1
426	4	0.0	2	4
427	1	0.0	2	1
428	9	0.0	2	8 1
429	8	0.0	2	8
430	5	0.0	2	5
431	3	0.0	2	3
432	4	0.0	2	4
433	5	0.0	2	5
434	2	0.0	2	2
435	4	0.0	2	4
436	4	0.0	2	3 1
437	6	0.0	2	5 1
438	2	0.0	2	2
439	1	0.0	2	1
441	1	0.0	2	1
442	1	0.0	2	1
443	2	0.0	2	2
444	3	0.0	2	3
445	1	0.0	2	1
446	3	0.0	2	3
447	2	0.0	2	2
448	1	0.0	2	1
449	2	0.0	2	2
450	2	0.0	2	2
451	3	0.0	2	3
452	1	0.0	2	1
453	2	0.0	2	2
454	6	0.0	2	6
455	2	0.0	2	2
456	4	0.0	2	4
457	3	0.0	2	3
458	1	0.0	2	0 0 1
459	2	0.0	2	2
461	2	0.0	2	2
462	2	0.0	2	2
463	2	0.0	2	2
464	1	0.0	2	1
465	1	0.0	2	1
466	1	0.0	2	0 1
467	4	0.0	2	2 2
469	2	0.0	2	2
470	2	0.0	2	2
471	1	0.0	2	1
472	1	0.0	2	1
473	2	0.0	2	2
474	1	0.0	2	1
475	1	0.0	2	1
476	2	0.0	2	1 1
477	1	0.0	2	0 1
478	6	0.0	2	6
479	3	0.0	2	3
480	3	0.0	2	3
481	3	0.0	2	3
482	6	0.0	2	5 1
483	6	0.0	2	6
484	2	0.0	2	2
485	2	0.0	2	2
486	6	0.0	2	5 1
490	1	0.0	2	0 1
491	3	0.0	2	3
494	5	0.0	2	5
495	1	0.0	2	1
497	5	0.0	2	5
498	2	0.0	2	2
500	2	0.0	2	2
502	4	0.0	2	4
503	3	0.0	2	2 0 1
504	3	0.0	2	3
505	3	0.0	2	3
506	3	0.0	2	2 1
507	3	0.0	2	3
508	5	0.0	2	4 1
509	8	0.0	2	8
510	1	0.0	2	1
511	3	0.0	2	3
512	3	0.0	2	3
513	5	0.0	2	4 1
514	1	0.0	2	1
515	2	0.0	2	2
516	2	0.0	2	2
517	1	0.0	2	1
520	2	0.0	2	2
521	2	0.0	2	1 1
522	3	0.0	2	2 0 1
523	2	0.0	2	2
526	4	0.0	2	4
527	1	0.0	2	1
528	4	0.0	2	3 0 1
529	3	0.0	2	2 1
530	1	0.0	2	1
531	2	0.0	2	2
532	2	0.0	2	2
534	3	0.0	2	2 1
535	1	0.0	2	1
536	6	0.0	2	6
537	3	0.0	2	3
538	5	0.0	2	5
539	5	0.0	2	5
540	1	0.0	2	0 0 1
542	2	0.0	2	2
544	4	0.0	2	4
545	2	0.0	2	2
546	5	0.0	2	5
547	4	0.0	2	3 1
549	1	0.0	2	1
550	2	0.0	2	2
551	3	0.0	2	3
554	4	0.0	2	2 1 1
555	2	0.0	2	1 0 1
557	1	0.0	2	0 1
558	2	0.0	2	2
559	1	0.0	2	1
560	3	0.0	2	2 1
561	4	0.0	2	4
562	1	0.0	2	1
563	1	0.0	2	1
564	1	0.0	2	1
565	3	0.0	2	3
566	3	0.0	2	3
567	3	0.0	2	3
568	2	0.0	2	2
570	1	0.0	2	1
571	3	0.0	2	3
573	4	0.0	2	4
574	3	0.0	2	3
575	1	0.0	2	1
576	3	0.0	2	3
577	2	0.0	2	2
578	2	0.0	2	2
579	3	0.0	2	2 1
580	2	0.0	2	2
581	6	0.0	2	6
583	2	0.0	2	2
584	1	0.0	2	1
585	1	0.0	2	1
586	4	0.0	2	4
587	1	0.0	2	1
588	3	0.0	2	3
591	3	0.0	2	3
592	4	0.0	2	4
593	6	0.0	2	6
594	1	0.0	2	1
595	2	0.0	2	2
597	4	0.0	2	4
599	1	0.0	2	1
600	3	0.0	2	2 1
603	2	0.0	2	2
604	2	0.0	2	2
606	4	0.0	2	4
608	2	0.0	2	2
610	2	0.0	2	2
612	1	0.0	2	1
613	1	0.0	2	1
614	1	0.0	2	1
615	4	0.0	2	4
616	4	0.0	2	4
617	2	0.0	2	2
618	4	0.0	2	4
619	3	0.0	2	3
621	2	0.0	2	2
622	1	0.0	2	1
623	2	0.0	2	2
624	1	0.0	2	1
625	3	0.0	2	2 1
626	2	0.0	2	1 1
627	1	0.0	2	1
628	2	0.0	2	2
629	1	0.0	2	1
630	1	0.0	2	1
631	2	0.0	2	2
632	2	0.0	2	2
633	2	0.0	2	2
634	2	0.0	2	2
635	1	0.0	2	1
636	2	0.0	2	2
639	2	0.0	2	2
640	2	0.0	2	2
642	2	0.0	2	2
644	1	0.0	2	1
645	2	0.0	2	2
646	3	0.0	2	3
647	2	0.0	2	2
648	1	0.0	2	1
649	2	0.0	2	2
650	1	0.0	2	1
651	1	0.0	2	1
652	1	0.0	2	1
653	1	0.0	2	1
654	1	0.0	2	1
655	1	0.0	2	1
656	2	0.0	2	2
657	1	0.0	2	1
658	2	0.0	2	2
659	1	0.0	2	1
660	1	0.0	2	1
661	4	0.0	2	4
663	1	0.0	2	1
668	2	0.0	2	2
669	3	0.0	2	2 1
672	2	0.0	2	1 1
674	1	0.0	2	0 1
675	4	0.0	2	4
677	1	0.0	2	1
678	3	0.0	2	2 0 1
679	2	0.0	2	2
680	1	0.0	2	1
681	2	0.0	2	2
682	3	0.0	2	3
683	1	0.0	2	1
684	1	0.0	2	1
686	2	0.0	2	0 1 1
687	1	0.0	2	1
690	2	0.0	2	1 1
693	4	0.0	2	4
694	3	0.0	2	3
695	1	0.0	2	1
696	1	0.0	2	1
697	2	0.0	2	2
698	4	0.0	2	4
700	1	0.0	2	0 0 1
701	1	0.0	2	1
702	1	0.0	2	1
703	1	0.0	2	0 0 1
707	2	0.0	2	2
709	2	0.0	2	2
710	2	0.0	2	2
711	1	0.0	2	1
712	2	0.0	2	2
714	2	0.0	2	2
716	3	0.0	2	3
720	1	0.0	2	1
722	2	0.0	2	1 1
723	1	0.0	2	1
724	4	0.0	2	3 1
727	1	0.0	2	1
728	1	0.0	2	1
730	4	0.0	2	4
731	2	0.0	2	2
734	2	0.0	2	2
735	2	0.0	2	2
736	2	0.0	2	2
737	1	0.0	2	1
741	1	0.0	2	1
743	1	0.0	2	1
746	1	0.0	2	1
747	1	0.0	2	1
748	1	0.0	2	1
749	1	0.0	2	1
750	2	0.0	2	2
755	1	0.0	2	1
757	2	0.0	2	2
760	1	0.0	2	1
762	3	0.0	2	3
764	1	0.0	2	1
767	1	0.0	2	1
772	1	0.0	2	1
773	2	0.0	2	2
774	1	0.0	2	1
775	1	0.0	2	1
777	1	0.0	2	1
778	1	0.0	2	1
779	1	0.0	2	1
781	1	0.0	2	1
782	3	0.0	2	3
783	2	0.0	2	2
784	2	0.0	2	2
789	1	0.0	2	1
791	2	0.0	2	1 1
792	1	0.0	2	1
794	1	0.0	2	1
798	1	0.0	2	1
800	2	0.0	2	2
802	2	0.0	2	2
806	1	0.0	2	1
811	1	0.0	2	1
813	2	0.0	2	2
816	1	0.0	2	1
817	1	0.0	2	1
818	1	0.0	2	1
819	1	0.0	2	1
820	1	0.0	2	1
825	1	0.0	2	1
826	1	0.0	2	1
827	1	0.0	2	1
828	2	0.0	2	2
830	1	0.0	2	1
831	1	0.0	2	1
835	1	0.0	2	1
838	1	0.0	2	1
839	4	0.0	2	4
846	1	0.0	2	1
850	1	0.0	2	1
855	1	0.0	2	1
857	2	0.0	2	2
861	1	0.0	2	1
862	1	0.0	2	1
864	1	0.0	2	1
869	1	0.0	2	1
874	1	0.0	2	1
876	1	0.0	2	1
877	1	0.0	2	1
878	1	0.0	2	1
879	1	0.0	2	1
883	1	0.0	2	1
885	2	0.0	2	2
886	1	0.0	2	1
891	1	0.0	2	1
892	1	0.0	2	1
893	1	0.0	2	1
895	1	0.0	2	1
899	1	0.0	2	1
901	1	0.0	2	1
902	2	0.0	2	2
903	1	0.0	2	0 0 1
906	1	0.0	2	1
910	1	0.0	2	0 1
911	1	0.0	2	1
912	1	0.0	2	1
915	1	0.0	2	1
916	1	0.0	2	1
917	1	0.0	2	1
920	1	0.0	2	1
921	1	0.0	2	1
922	1	0.0	2	1
924	1	0.0	2	1
925	1	0.0	2	1
928	2	0.0	2	2
931	1	0.0	2	1
937	1	0.0	2	1
939	1	0.0	2	1
940	3	0.0	2	3
941	1	0.0	2	1
946	1	0.0	2	1
951	1	0.0	2	1
952	1	0.0	2	1
960	1	0.0	2	1
963	1	0.0	2	1
967	2	0.0	2	2
969	2	0.0	2	2
975	1	0.0	2	1
983	2	0.0	2	1 1
997	1	0.0	2	1
1011	1	0.0	2	1
1014	1	0.0	2	1
1017	1	0.0	2	1
1019	1	0.0	2	1
1022	1	0.0	2	1
1037	1	0.0	2	1
1038	2	0.0	2	1 1
1045	1	0.0	2	1
1052	1	0.0	2	1
1059	1	0.0	2	1
1071	1	0.0	2	1
1074	1	0.0	2	1
1081	1	0.0	2	1
1082	1	0.0	2	1
1087	2	0.0	2	2
1114	1	0.0	2	1
1116	1	0.0	2	1
1127	1	0.0	2	1
1128	1	0.0	2	1
1138	1	0.0	2	1
1142	1	0.0	2	1
1176	1	0.0	2	1
1186	1	0.0	2	1
1189	1	0.0	2	1
1196	1	0.0	2	1
1220	1	0.0	2	1
1225	1	0.0	2	1
1249	1	0.0	2	0 1
1251	1	0.0	2	1
1263	1	0.0	2	1
1264	1	0.0	2	1
1267	1	0.0	2	0 1
1287	1	0.0	2	1
1295	1	0.0	2	1
1297	1	0.0	2	1
1302	1	0.0	2	1
1319	1	0.0	2	1
1330	2	0.0	2	2
1349	1	0.0	2	1
1351	1	0.0	2	1
1355	1	0.0	2	1
1370	1	0.0	2	0 1
1381	1	0.0	2	0 1
1382	1	0.0	2	1
1445	1	0.0	2	0 1
1501	1	0.0	2	1
1551	1	0.0	2	1
1563	1	0.0	2	0 0 1
1573	1	0.0	2	1
1596	1	0.0	2	1
1619	1	0.0	2	1
1641	1	0.0	2	1
1686	1	0.0	2	0 0 1
1697	1	0.0	2	1
1719	2	0.0	2	1 1
1787	1	0.0	2	1
1794	1	0.0	2	1
1809	1	0.0	2	1
1842	1	0.0	2	1
1848	1	0.0	2	1
1850	1	0.0	2	1
1851	1	0.0	2	1
1864	1	0.0	2	1
1894	1	0.0	2	1
1913	1	0.0	2	1
1973	1	0.0	2	1
2044	1	0.0	2	1
2108	1	0.0	2	1
2173	1	0.0	2	1
2181	1	0.0	2	1
2187	1	0.0	2	1
2225	1	0.0	2	1
2251	1	0.0	2	1
2306	1	0.0	2	1
2376	1	0.0	2	1
2407	1	0.0	2	1
2444	1	0.0	2	1
2614	1	0.0	2	1
2622	1	0.0	2	1
2651	1	0.0	2	1
2837	1	0.0	2	0 1
2854	1	0.0	2	1
2971	1	0.0	2	1
3024	1	0.0	2	1
3035	1	0.0	2	1
3043	1	0.0	2	1
3053	1	0.0	2	1
3134	2	0.0	2	1 1
3141	1	0.0	2	1
3150	1	0.0	2	1
3166	1	0.0	2	1
3169	1	0.0	2	0 0 1
3173	1	0.0	2	1
3174	1	0.0	2	1
3175	1	0.0	2	1
3176	1	0.0	2	1
3177	1	0.0	2	1
3181	1	0.0	2	1
3182	1	0.0	2	1
3185	1	0.0	2	1
3186	1	0.0	2	1
3189	1	0.0	2	1
3190	1	0.0	2	1
3191	1	0.0	2	1
3194	3	0.0	2	3
3195	1	0.0	2	1
3196	1	0.0	2	1
3198	1	0.0	2	1
3199	2	0.0	2	2
3200	3	0.0	2	2 0 1
3201	3	0.0	2	3
3202	2	0.0	2	2
3203	1	0.0	2	1
3204	4	0.0	2	3 1
3205	2	0.0	2	2
3208	4	0.0	2	4
3209	4	0.0	2	3 1
3210	3	0.0	2	3
3212	2	0.0	2	1 1
3213	4	0.0	2	3 1
3215	1	0.0	2	1
3216	3	0.0	2	3
3218	2	0.0	2	2
3219	2	0.0	2	2
3222	2	0.0	2	2
3223	1	0.0	2	1
3225	2	0.0	2	2
3227	2	0.0	2	2
3233	1	0.0	2	0 0 1
3240	1	0.0	2	0 0 1
3245	1	0.0	2	1
3246	1	0.0	2	1
3247	1	0.0	2	1
3252	1	0.0	2	1
3253	1	0.0	2	1
3256	1	0.0	2	1
3269	1	0.0	2	1
3272	1	0.0	2	1
3282	1	0.0	2	1
3299	1	0.0	2	1
3302	1	0.0	2	1
3304	1	0.0	2	1
3308	1	0.0	2	1
3312	1	0.0	2	1
3313	1	0.0	2	1
3315	1	0.0	2	1
3316	1	0.0	2	1
3321	1	0.0	2	1
3329	1	0.0	2	1
3334	1	0.0	2	1
3343	1	0.0	2	1
3348	3	0.0	2	3
3355	1	0.0	2	1
3357	1	0.0	2	1
3368	1	0.0	2	1
3390	2	0.0	2	2
3391	1	0.0	2	1
3392	1	0.0	2	1
3393	1	0.0	2	1
3398	1	0.0	2	1
3402	1	0.0	2	1
3415	1	0.0	2	1
3416	1	0.0	2	1
3417	1	0.0	2	1
3431	2	0.0	2	2
3440	1	0.0	2	1
3441	1	0.0	2	1
3442	1	0.0	2	0 1
3443	2	0.0	2	1 1
3445	1	0.0	2	0 1
3453	1	0.0	2	1
3458	1	0.0	2	1
3459	1	0.0	2	1
3463	1	0.0	2	0 1
3466	1	0.0	2	1
3468	1	0.0	2	1
3471	1	0.0	2	1
3480	1	0.0	2	1
3484	2	0.0	2	2
3485	1	0.0	2	1
3487	1	0.0	2	1
3493	1	0.0	2	1
3501	1	0.0	2	1
3503	1	0.0	2	1
3505	1	0.0	2	1
3506	1	0.0	2	0 1
3510	1	0.0	2	1
3511	1	0.0	2	1
3514	1	0.0	2	1
3520	1	0.0	2	1
3522	1	0.0	2	1
3530	1	0.0	2	1
3531	1	0.0	2	1
3535	1	0.0	2	1
3536	2	0.0	2	2
3537	1	0.0	2	1
3547	1	0.0	2	1
3549	1	0.0	2	1
3558	1	0.0	2	1
3589	1	0.0	2	1
3590	1	0.0	2	1
3593	1	0.0	2	1
3604	1	0.0	2	1
3610	1	0.0	2	1
3615	1	0.0	2	1
3618	1	0.0	2	1
3620	1	0.0	2	1
3622	1	0.0	2	1
3640	1	0.0	2	1
3653	1	0.0	2	1
3662	1	0.0	2	1
3665	1	0.0	2	1
3667	1	0.0	2	1
3673	1	0.0	2	1
3675	1	0.0	2	1
3681	1	0.0	2	1
3685	1	0.0	2	1
3686	1	0.0	2	1
3701	1	0.0	2	1
3710	1	0.0	2	1
3713	1	0.0	2	1
3732	1	0.0	2	1
3737	1	0.0	2	1
3747	1	0.0	2	1
3755	1	0.0	2	1
3760	1	0.0	2	1
3776	1	0.0	2	1
3778	1	0.0	2	1
3784	1	0.0	2	1
3789	1	0.0	2	1
3812	1	0.0	2	1
3813	1	0.0	2	1
3855	1	0.0	2	1
3889	1	0.0	2	1
3903	1	0.0	2	1
3907	1	0.0	2	1
3936	1	0.0	2	1
3941	1	0.0	2	1
3957	1	0.0	2	1
3980	1	0.0	2	1
3997	1	0.0	2	1
4063	1	0.0	2	0 1
4077	1	0.0	2	1
4152	1	0.0	2	1
4265	1	0.0	2	1
4273	1	0.0	2	1
4296	1	0.0	2	1
4297	1	0.0	2	0 1
4331	1	0.0	2	1
4343	1	0.0	2	1
4402	1	0.0	2	1
4754	1	0.0	2	1
4965	1	0.0	2	1
6198	1	0.0	2	1
6233	1	0.0	2	1
6275	1	0.0	2	1
6299	1	0.0	2	0 0 1
6360	1	0.0	2	1
6528	1	0.0	2	1
6556	1	0.0	2	1
6681	1	0.0	2	1
7005	1	0.0	2	1
7123	1	0.0	2	1
8084	1	0.0	2	1


=== Adapter P0303 ===

Sequence: GCCTCCAAGCTGTGCCTT; Type: regular 3'; Length: 18; Trimmed: 2002 times

Minimum overlap: 3
No. of allowed errors:
1-9 bp: 0; 10-18 bp: 1

Bases preceding removed adapters:
  A: 98.6%
  C: 0.1%
  G: 0.6%
  T: 0.6%
  none/other: 0.0%
WARNING:
    The adapter is preceded by 'A' extremely often.
    The provided adapter sequence could be incomplete at its 5' end.
    Ignore this warning when trimming primers.

Overview of removed sequences
length	count	expect	max.err	error counts
3	18	869.1	0	18
4	1	217.3	0	1
6	1	13.6	0	1
10	2	0.1	1	2
18	1	0.0	1	1
19	4	0.0	1	4
25	1	0.0	1	1
41	1	0.0	1	1
62	1	0.0	1	1
67	2	0.0	1	2
71	2	0.0	1	2
75	1	0.0	1	1
96	1	0.0	1	1
148	1	0.0	1	1
174	1	0.0	1	1
184	1	0.0	1	1
209	1	0.0	1	1
223	1	0.0	1	1
249	1	0.0	1	1
287	1	0.0	1	0 1
326	1	0.0	1	1
355	1	0.0	1	1
377	1	0.0	1	1
383	1	0.0	1	1
386	2	0.0	1	2
390	1	0.0	1	1
396	1	0.0	1	1
433	1	0.0	1	1
467	1	0.0	1	0 1
474	1	0.0	1	1
516	1	0.0	1	1
537	1	0.0	1	1
552	1	0.0	1	1
556	1	0.0	1	1
562	1	0.0	1	1
576	1	0.0	1	1
678	1	0.0	1	1
729	1	0.0	1	1
767	1	0.0	1	1
768	1	0.0	1	1
770	2	0.0	1	2
771	2	0.0	1	2
772	1	0.0	1	1
819	1	0.0	1	1
864	1	0.0	1	1
882	1	0.0	1	1
912	1	0.0	1	1
936	1	0.0	1	1
967	2	0.0	1	2
968	1	0.0	1	1
969	1	0.0	1	1
974	1	0.0	1	1
975	1	0.0	1	1
983	1	0.0	1	1
985	1	0.0	1	1
1014	1	0.0	1	1
1079	1	0.0	1	1
1081	1	0.0	1	1
1087	1	0.0	1	1
1089	1	0.0	1	1
1194	1	0.0	1	1
1205	2	0.0	1	2
1212	1	0.0	1	1
1266	1	0.0	1	1
1353	1	0.0	1	1
1396	1	0.0	1	1
1418	1	0.0	1	1
1424	1	0.0	1	1
1425	1	0.0	1	1
1427	1	0.0	1	1
1482	1	0.0	1	1
1494	1	0.0	1	1
1524	1	0.0	1	1
1527	1	0.0	1	1
1534	1	0.0	1	1
1540	1	0.0	1	1
1543	1	0.0	1	1
1565	1	0.0	1	1
1624	1	0.0	1	1
1631	1	0.0	1	1
1633	1	0.0	1	1
1637	1	0.0	1	1
1639	1	0.0	1	1
1641	1	0.0	1	1
1657	1	0.0	1	1
1712	1	0.0	1	1
1739	1	0.0	1	1
1814	1	0.0	1	1
1838	1	0.0	1	1
1883	1	0.0	1	1
1889	1	0.0	1	1
1892	1	0.0	1	1
1952	1	0.0	1	1
1955	1	0.0	1	1
2017	1	0.0	1	1
2022	1	0.0	1	1
2075	1	0.0	1	1
2078	1	0.0	1	1
2108	1	0.0	1	1
2128	1	0.0	1	0 1
2130	1	0.0	1	1
2141	1	0.0	1	1
2149	1	0.0	1	1
2187	1	0.0	1	1
2198	1	0.0	1	1
2222	1	0.0	1	1
2233	1	0.0	1	1
2235	1	0.0	1	1
2246	1	0.0	1	1
2294	1	0.0	1	1
2300	1	0.0	1	1
2328	1	0.0	1	1
2335	1	0.0	1	1
2342	1	0.0	1	1
2348	1	0.0	1	1
2355	1	0.0	1	1
2374	1	0.0	1	1
2445	1	0.0	1	1
2527	1	0.0	1	1
2531	1	0.0	1	1
2538	1	0.0	1	1
2547	1	0.0	1	1
2548	1	0.0	1	1
2553	1	0.0	1	1
2559	2	0.0	1	2
2565	1	0.0	1	1
2711	1	0.0	1	1
2726	1	0.0	1	1
2748	1	0.0	1	1
2771	1	0.0	1	1
2773	1	0.0	1	1
2814	1	0.0	1	1
2823	1	0.0	1	1
2868	1	0.0	1	1
2878	1	0.0	1	1
2880	1	0.0	1	1
2881	1	0.0	1	1
2885	1	0.0	1	1
2888	6	0.0	1	6
2889	1	0.0	1	1
2891	2	0.0	1	2
2892	3	0.0	1	3
2893	3	0.0	1	3
2894	4	0.0	1	4
2895	5	0.0	1	5
2896	2	0.0	1	2
2897	2	0.0	1	2
2898	4	0.0	1	4
2899	3	0.0	1	3
2900	2	0.0	1	2
2901	1	0.0	1	1
2906	1	0.0	1	1
2907	1	0.0	1	1
2919	1	0.0	1	1
2930	1	0.0	1	1
2945	1	0.0	1	1
2952	1	0.0	1	1
2955	1	0.0	1	1
2962	1	0.0	1	1
2964	1	0.0	1	1
2969	1	0.0	1	1
2972	2	0.0	1	2
2973	1	0.0	1	1
2974	2	0.0	1	2
2975	1	0.0	1	1
2976	2	0.0	1	2
2980	3	0.0	1	3
2981	1	0.0	1	1
2982	1	0.0	1	1
2983	2	0.0	1	2
2985	1	0.0	1	1
2986	1	0.0	1	1
2990	1	0.0	1	1
2992	1	0.0	1	1
3012	1	0.0	1	1
3044	1	0.0	1	1
3073	2	0.0	1	2
3078	1	0.0	1	1
3079	1	0.0	1	1
3080	1	0.0	1	1
3081	1	0.0	1	1
3083	1	0.0	1	1
3086	1	0.0	1	1
3089	2	0.0	1	1 1
3090	1	0.0	1	1
3091	1	0.0	1	1
3092	1	0.0	1	1
3095	2	0.0	1	1 1
3096	2	0.0	1	2
3097	1	0.0	1	1
3099	2	0.0	1	2
3100	2	0.0	1	2
3103	1	0.0	1	1
3104	1	0.0	1	1
3105	4	0.0	1	4
3106	4	0.0	1	4
3107	1	0.0	1	1
3108	3	0.0	1	3
3109	5	0.0	1	5
3111	2	0.0	1	2
3112	1	0.0	1	1
3113	5	0.0	1	5
3114	9	0.0	1	8 1
3115	7	0.0	1	7
3116	8	0.0	1	7 1
3117	3	0.0	1	2 1
3118	8	0.0	1	7 1
3119	6	0.0	1	6
3120	9	0.0	1	9
3121	12	0.0	1	12
3122	9	0.0	1	8 1
3123	7	0.0	1	7
3124	8	0.0	1	8
3125	10	0.0	1	10
3126	4	0.0	1	4
3127	5	0.0	1	5
3128	5	0.0	1	5
3129	4	0.0	1	4
3130	2	0.0	1	2
3131	3	0.0	1	3
3132	2	0.0	1	2
3133	3	0.0	1	3
3134	3	0.0	1	3
3135	3	0.0	1	3
3136	3	0.0	1	3
3137	1	0.0	1	1
3138	3	0.0	1	3
3139	3	0.0	1	3
3140	5	0.0	1	5
3141	3	0.0	1	3
3142	2	0.0	1	2
3143	5	0.0	1	5
3144	4	0.0	1	3 1
3145	4	0.0	1	4
3146	8	0.0	1	8
3147	4	0.0	1	4
3148	7	0.0	1	7
3149	4	0.0	1	4
3150	9	0.0	1	9
3151	5	0.0	1	5
3152	10	0.0	1	10
3153	16	0.0	1	15 1
3154	19	0.0	1	19
3155	22	0.0	1	22
3156	24	0.0	1	23 1
3157	17	0.0	1	17
3158	18	0.0	1	18
3159	26	0.0	1	26
3160	30	0.0	1	30
3161	40	0.0	1	39 1
3162	40	0.0	1	37 3
3163	25	0.0	1	25
3164	39	0.0	1	39
3165	40	0.0	1	39 1
3166	52	0.0	1	51 1
3167	63	0.0	1	63
3168	68	0.0	1	67 1
3169	79	0.0	1	76 3
3170	107	0.0	1	106 1
3171	98	0.0	1	94 4
3172	109	0.0	1	107 2
3173	77	0.0	1	76 1
3174	102	0.0	1	100 2
3175	73	0.0	1	72 1
3176	58	0.0	1	58
3177	39	0.0	1	39
3178	37	0.0	1	36 1
3179	16	0.0	1	16
3180	19	0.0	1	19
3181	12	0.0	1	12
3182	12	0.0	1	11 1
3183	6	0.0	1	6
3184	4	0.0	1	4
3185	1	0.0	1	1
3187	5	0.0	1	5
3189	3	0.0	1	3
3190	1	0.0	1	1
3192	1	0.0	1	1
3193	3	0.0	1	3
3195	1	0.0	1	1
3196	1	0.0	1	1
3198	1	0.0	1	1
3204	2	0.0	1	2
3209	2	0.0	1	2
3217	1	0.0	1	1
3218	1	0.0	1	1
3241	1	0.0	1	1
3256	1	0.0	1	1
3261	1	0.0	1	1
3267	2	0.0	1	2
3268	1	0.0	1	1
3269	1	0.0	1	1
3270	1	0.0	1	1
3272	2	0.0	1	2
3275	1	0.0	1	1
3280	1	0.0	1	1
3281	1	0.0	1	1
3285	1	0.0	1	1
3290	1	0.0	1	1
3291	1	0.0	1	1
3300	1	0.0	1	0 1
3302	1	0.0	1	1
3311	1	0.0	1	1
3312	1	0.0	1	1
3313	1	0.0	1	1
3314	1	0.0	1	1
3316	2	0.0	1	2
3317	1	0.0	1	1
3318	2	0.0	1	2
3319	1	0.0	1	1
3321	1	0.0	1	1
3322	1	0.0	1	1
3324	1	0.0	1	1
3337	1	0.0	1	1
3342	1	0.0	1	1
3346	1	0.0	1	1
3353	1	0.0	1	1
3355	1	0.0	1	1
3357	1	0.0	1	1
3362	1	0.0	1	1
3364	1	0.0	1	1
3365	1	0.0	1	1
3367	1	0.0	1	1
3369	1	0.0	1	1
3373	1	0.0	1	1
3378	1	0.0	1	1
3387	1	0.0	1	1
3389	1	0.0	1	1
3405	1	0.0	1	1
3413	1	0.0	1	1
3415	1	0.0	1	1
3416	1	0.0	1	1
3428	1	0.0	1	1
3429	1	0.0	1	1
3441	1	0.0	1	1
3457	1	0.0	1	1
3458	1	0.0	1	1
3459	1	0.0	1	1
3477	1	0.0	1	1
3482	1	0.0	1	1
3484	1	0.0	1	1
3488	1	0.0	1	1
3496	1	0.0	1	1
3498	1	0.0	1	1
3511	1	0.0	1	1
3514	1	0.0	1	1
3521	1	0.0	1	1
3535	1	0.0	1	1
3539	1	0.0	1	1
3554	1	0.0	1	1
3558	1	0.0	1	1
3561	1	0.0	1	1
3562	1	0.0	1	1
3590	1	0.0	1	1
3591	1	0.0	1	1
3596	1	0.0	1	1
3600	1	0.0	1	1
3605	1	0.0	1	1
3645	1	0.0	1	1
3669	1	0.0	1	1
3695	1	0.0	1	1
3707	1	0.0	1	1
3745	1	0.0	1	1
3793	1	0.0	1	1
3919	1	0.0	1	1
4029	1	0.0	1	1
4045	1	0.0	1	1
4473	1	0.0	1	1
4730	1	0.0	1	1
6175	1	0.0	1	1
6375	1	0.0	1	1
6386	2	0.0	1	2
6407	1	0.0	1	1
6491	1	0.0	1	1
6602	1	0.0	1	1
6841	1	0.0	1	1
6915	1	0.0	1	1
8839	1	0.0	1	1


=== Adapter P1103 ===

Sequence: GCCTACAGCCTCCTARTACAA; Type: regular 3'; Length: 21; Trimmed: 33910 times

Minimum overlap: 3
No. of allowed errors:
1-9 bp: 0; 10-19 bp: 1; 20-21 bp: 2

Bases preceding removed adapters:
  A: 0.1%
  C: 0.0%
  G: 0.1%
  T: 99.8%
  none/other: 0.0%
WARNING:
    The adapter is preceded by 'T' extremely often.
    The provided adapter sequence could be incomplete at its 5' end.
    Ignore this warning when trimming primers.

Overview of removed sequences
length	count	expect	max.err	error counts
5	1	54.3	0	1
24	1	0.0	2	1
28	1	0.0	2	1
29	1	0.0	2	1
33	1	0.0	2	1
35	1	0.0	2	1
39	1	0.0	2	1
40	1	0.0	2	1
41	1	0.0	2	1
42	2	0.0	2	2
43	4	0.0	2	4
44	2	0.0	2	2
45	3	0.0	2	3
47	3	0.0	2	3
49	1	0.0	2	1
50	2	0.0	2	2
51	3	0.0	2	3
56	1	0.0	2	1
57	2	0.0	2	2
59	1	0.0	2	1
61	2	0.0	2	2
63	1	0.0	2	1
66	1	0.0	2	1
67	3	0.0	2	2 1
68	3	0.0	2	3
69	5	0.0	2	4 1
70	26	0.0	2	23 3
71	79	0.0	2	76 3
72	107	0.0	2	106 1
73	19	0.0	2	19
74	3	0.0	2	3
75	1	0.0	2	1
77	1	0.0	2	1
81	2	0.0	2	2
82	1	0.0	2	1
83	3	0.0	2	2 1
85	3	0.0	2	3
87	2	0.0	2	2
89	4	0.0	2	4
90	2	0.0	2	2
91	3	0.0	2	3
92	1	0.0	2	1
93	4	0.0	2	4
94	3	0.0	2	1 2
95	11	0.0	2	10 1
96	22	0.0	2	22
97	26	0.0	2	25 1
98	7	0.0	2	6 1
99	14	0.0	2	12 2
100	11	0.0	2	10 1
101	10	0.0	2	10
102	28	0.0	2	27 1
103	49	0.0	2	45 2 2
104	91	0.0	2	88 2 1
105	150	0.0	2	149 0 1
106	95	0.0	2	91 3 1
107	315	0.0	2	305 6 4
108	807	0.0	2	795 8 4
109	1721	0.0	2	1703 11 7
110	2509	0.0	2	2496 10 3
111	322	0.0	2	315 6 1
112	81	0.0	2	80 1
113	37	0.0	2	36 1
114	23	0.0	2	22 0 1
115	14	0.0	2	14
116	3	0.0	2	2 1
117	5	0.0	2	5
118	9	0.0	2	8 0 1
119	15	0.0	2	14 1
120	22	0.0	2	22
121	32	0.0	2	32
122	9	0.0	2	9
123	11	0.0	2	11
124	28	0.0	2	28
125	3	0.0	2	2 1
126	1	0.0	2	1
127	4	0.0	2	4
128	3	0.0	2	3
129	7	0.0	2	6 1
130	5	0.0	2	5
131	10	0.0	2	10
132	6	0.0	2	6
133	5	0.0	2	5
134	7	0.0	2	7
135	14	0.0	2	14
136	21	0.0	2	21
137	29	0.0	2	29
138	10	0.0	2	10
139	17	0.0	2	16 1
140	12	0.0	2	12
141	20	0.0	2	20
142	23	0.0	2	22 1
143	17	0.0	2	17
144	51	0.0	2	51
145	61	0.0	2	61
146	26	0.0	2	25 0 1
147	16	0.0	2	16
148	28	0.0	2	27 1
149	42	0.0	2	42
150	55	0.0	2	55
151	83	0.0	2	82 1
152	128	0.0	2	127 0 1
153	28	0.0	2	27 1
154	10	0.0	2	10
155	12	0.0	2	12
156	13	0.0	2	13
157	8	0.0	2	8
158	17	0.0	2	17
159	26	0.0	2	25 1
160	8	0.0	2	8
161	10	0.0	2	10
162	4	0.0	2	4
163	14	0.0	2	14
164	17	0.0	2	16 0 1
165	18	0.0	2	18
166	39	0.0	2	39
167	45	0.0	2	45
168	91	0.0	2	88 3
169	154	0.0	2	151 3
170	42	0.0	2	42
171	32	0.0	2	32
172	40	0.0	2	39 1
173	27	0.0	2	27
174	21	0.0	2	21
175	25	0.0	2	25
176	15	0.0	2	14 0 1
177	21	0.0	2	20 1
178	6	0.0	2	6
179	23	0.0	2	23
180	13	0.0	2	13
181	17	0.0	2	17
182	12	0.0	2	12
183	15	0.0	2	14 1
184	11	0.0	2	10 1
185	15	0.0	2	15
186	12	0.0	2	12
187	11	0.0	2	11
188	15	0.0	2	15
189	11	0.0	2	11
190	16	0.0	2	16
191	20	0.0	2	20
192	22	0.0	2	21 1
193	13	0.0	2	13
194	18	0.0	2	18
195	19	0.0	2	18 1
196	31	0.0	2	29 2
197	28	0.0	2	27 0 1
198	55	0.0	2	55
199	58	0.0	2	57 1
200	25	0.0	2	25
201	19	0.0	2	18 1
202	19	0.0	2	19
203	13	0.0	2	13
204	16	0.0	2	16
205	15	0.0	2	15
206	18	0.0	2	17 1
207	15	0.0	2	15
208	12	0.0	2	12
209	10	0.0	2	9 1
210	11	0.0	2	11
211	18	0.0	2	18
212	12	0.0	2	12
213	14	0.0	2	14
214	13	0.0	2	13
215	15	0.0	2	14 1
216	15	0.0	2	15
217	19	0.0	2	19
218	20	0.0	2	19 1
219	12	0.0	2	12
220	19	0.0	2	19
221	16	0.0	2	15 1
222	19	0.0	2	18 1
223	21	0.0	2	21
224	28	0.0	2	27 1
225	28	0.0	2	28
226	43	0.0	2	43
227	18	0.0	2	18
228	20	0.0	2	20
229	24	0.0	2	23 1
230	17	0.0	2	17
231	12	0.0	2	11 1
232	14	0.0	2	14
233	14	0.0	2	14
234	12	0.0	2	12
235	20	0.0	2	19 0 1
236	21	0.0	2	21
237	24	0.0	2	24
238	51	0.0	2	50 1
239	68	0.0	2	68
240	112	0.0	2	112
241	27	0.0	2	27
242	15	0.0	2	15
243	24	0.0	2	24
244	13	0.0	2	13
245	18	0.0	2	17 1
246	25	0.0	2	25
247	24	0.0	2	24
248	18	0.0	2	18
249	35	0.0	2	35
250	39	0.0	2	38 1
251	35	0.0	2	34 1
252	43	0.0	2	43
253	64	0.0	2	63 0 1
254	71	0.0	2	71
255	78	0.0	2	78
256	63	0.0	2	63
257	40	0.0	2	40
258	18	0.0	2	18
259	19	0.0	2	18 1
260	16	0.0	2	16
261	14	0.0	2	14
262	10	0.0	2	10
263	14	0.0	2	14
264	13	0.0	2	12 0 1
265	13	0.0	2	13
266	9	0.0	2	9
267	15	0.0	2	15
268	12	0.0	2	12
269	7	0.0	2	7
270	13	0.0	2	13
271	13	0.0	2	13
272	19	0.0	2	17 2
273	16	0.0	2	16
274	15	0.0	2	15
275	15	0.0	2	15
276	19	0.0	2	19
277	22	0.0	2	22
278	17	0.0	2	17
279	32	0.0	2	32
280	36	0.0	2	36
281	38	0.0	2	37 1
282	31	0.0	2	31
283	37	0.0	2	36 1
284	34	0.0	2	34
285	35	0.0	2	35
286	30	0.0	2	30
287	34	0.0	2	34
288	23	0.0	2	23
289	8	0.0	2	8
290	15	0.0	2	15
291	20	0.0	2	20
292	16	0.0	2	16
293	18	0.0	2	18
294	18	0.0	2	18
295	17	0.0	2	16 1
296	16	0.0	2	16
297	17	0.0	2	17
298	11	0.0	2	11
299	17	0.0	2	17
300	13	0.0	2	13
301	18	0.0	2	18
302	25	0.0	2	24 0 1
303	23	0.0	2	23
304	26	0.0	2	26
305	27	0.0	2	27
306	23	0.0	2	23
307	37	0.0	2	37
308	26	0.0	2	25 1
309	45	0.0	2	43 0 2
310	31	0.0	2	29 1 1
311	36	0.0	2	36
312	37	0.0	2	36 1
313	34	0.0	2	34
314	43	0.0	2	43
315	31	0.0	2	31
316	28	0.0	2	28
317	25	0.0	2	25
318	21	0.0	2	21
319	23	0.0	2	23
320	17	0.0	2	17
321	14	0.0	2	14
322	19	0.0	2	17 0 2
323	22	0.0	2	22
324	17	0.0	2	17
325	32	0.0	2	31 1
326	23	0.0	2	23
327	27	0.0	2	27
328	15	0.0	2	15
329	26	0.0	2	26
330	30	0.0	2	30
331	34	0.0	2	34
332	22	0.0	2	22
333	30	0.0	2	30
334	46	0.0	2	45 1
335	46	0.0	2	43 3
336	64	0.0	2	64
337	83	0.0	2	83
338	110	0.0	2	110
339	55	0.0	2	54 1
340	48	0.0	2	48
341	49	0.0	2	49
342	32	0.0	2	32
343	35	0.0	2	35
344	34	0.0	2	33 1
345	24	0.0	2	24
346	31	0.0	2	31
347	23	0.0	2	23
348	19	0.0	2	18 0 1
349	25	0.0	2	25
350	29	0.0	2	28 1
351	35	0.0	2	34 1
352	30	0.0	2	30
353	34	0.0	2	34
354	27	0.0	2	27
355	32	0.0	2	32
356	32	0.0	2	32
357	36	0.0	2	36
358	38	0.0	2	38
359	45	0.0	2	44 0 1
360	40	0.0	2	39 1
361	55	0.0	2	54 1
362	59	0.0	2	59
363	73	0.0	2	72 1
364	102	0.0	2	99 0 3
365	102	0.0	2	101 1
366	64	0.0	2	63 1
367	66	0.0	2	66
368	69	0.0	2	69
369	54	0.0	2	54
370	37	0.0	2	36 0 1
371	27	0.0	2	27
372	33	0.0	2	33
373	24	0.0	2	24
374	34	0.0	2	34
375	33	0.0	2	33
376	25	0.0	2	25
377	34	0.0	2	34
378	41	0.0	2	40 0 1
379	31	0.0	2	31
380	34	0.0	2	34
381	32	0.0	2	32
382	30	0.0	2	30
383	47	0.0	2	46 1
384	36	0.0	2	36
385	44	0.0	2	44
386	49	0.0	2	49
387	44	0.0	2	44
388	67	0.0	2	67
389	71	0.0	2	70 1
390	80	0.0	2	80
391	116	0.0	2	116
392	117	0.0	2	115 0 2
393	77	0.0	2	77
394	76	0.0	2	74 2
395	62	0.0	2	62
396	49	0.0	2	49
397	46	0.0	2	45 1
398	37	0.0	2	36 0 1
399	28	0.0	2	28
400	40	0.0	2	40
401	42	0.0	2	42
402	29	0.0	2	28 0 1
403	22	0.0	2	22
404	28	0.0	2	27 1
405	33	0.0	2	33
406	39	0.0	2	39
407	42	0.0	2	40 2
408	37	0.0	2	37
409	33	0.0	2	33
410	35	0.0	2	35
411	36	0.0	2	36
412	36	0.0	2	34 1 1
413	36	0.0	2	34 1 1
414	46	0.0	2	45 1
415	43	0.0	2	43
416	56	0.0	2	56
417	69	0.0	2	69
418	91	0.0	2	90 1
419	125	0.0	2	124 1
420	84	0.0	2	83 1
421	92	0.0	2	91 1
422	91	0.0	2	90 1
423	37	0.0	2	37
424	40	0.0	2	40
425	39	0.0	2	38 0 1
426	35	0.0	2	34 1
427	28	0.0	2	28
428	28	0.0	2	27 1
429	26	0.0	2	25 1
430	27	0.0	2	25 2
431	24	0.0	2	23 1
432	37	0.0	2	37
433	42	0.0	2	42
434	37	0.0	2	36 1
435	31	0.0	2	31
436	37	0.0	2	37
437	28	0.0	2	27 1
438	38	0.0	2	38
439	34	0.0	2	34
440	33	0.0	2	33
441	53	0.0	2	52 1
442	57	0.0	2	57
443	74	0.0	2	74
444	70	0.0	2	69 1
445	88	0.0	2	87 1
446	108	0.0	2	108
447	81	0.0	2	80 1
448	75	0.0	2	75
449	63	0.0	2	63
450	55	0.0	2	55
451	48	0.0	2	48
452	43	0.0	2	43
453	46	0.0	2	44 2
454	38	0.0	2	38
455	35	0.0	2	35
456	33	0.0	2	33
457	49	0.0	2	49
458	25	0.0	2	25
459	38	0.0	2	38
460	34	0.0	2	33 1
461	38	0.0	2	37 1
462	43	0.0	2	43
463	29	0.0	2	29
464	29	0.0	2	28 1
465	28	0.0	2	28
466	34	0.0	2	33 1
467	37	0.0	2	37
468	38	0.0	2	38
469	51	0.0	2	51
470	70	0.0	2	68 2
471	73	0.0	2	72 1
472	84	0.0	2	83 1
473	95	0.0	2	95
474	91	0.0	2	91
475	64	0.0	2	63 1
476	59	0.0	2	59
477	53	0.0	2	52 0 1
478	44	0.0	2	44
479	54	0.0	2	54
480	36	0.0	2	36
481	31	0.0	2	31
482	29	0.0	2	29
483	36	0.0	2	36
484	28	0.0	2	28
485	24	0.0	2	24
486	29	0.0	2	29
487	31	0.0	2	30 1
488	27	0.0	2	27
489	32	0.0	2	32
490	34	0.0	2	33 1
491	25	0.0	2	25
492	38	0.0	2	37 1
493	35	0.0	2	35
494	37	0.0	2	37
495	38	0.0	2	38
496	45	0.0	2	45
497	39	0.0	2	37 2
498	54	0.0	2	54
499	61	0.0	2	58 1 2
500	77	0.0	2	76 1
501	61	0.0	2	61
502	54	0.0	2	54
503	56	0.0	2	55 1
504	39	0.0	2	39
505	33	0.0	2	33
506	39	0.0	2	39
507	30	0.0	2	30
508	36	0.0	2	36
509	23	0.0	2	23
510	26	0.0	2	26
511	42	0.0	2	41 1
512	26	0.0	2	25 1
513	29	0.0	2	29
514	26	0.0	2	26
515	26	0.0	2	26
516	33	0.0	2	31 2
517	28	0.0	2	28
518	23	0.0	2	23
519	21	0.0	2	21
520	38	0.0	2	38
521	43	0.0	2	43
522	39	0.0	2	38 1
523	36	0.0	2	36
524	36	0.0	2	36
525	37	0.0	2	36 0 1
526	45	0.0	2	45
527	51	0.0	2	51
528	50	0.0	2	50
529	44	0.0	2	44
530	49	0.0	2	49
531	50	0.0	2	50
532	43	0.0	2	43
533	37	0.0	2	37
534	36	0.0	2	36
535	29	0.0	2	28 1
536	35	0.0	2	34 1
537	31	0.0	2	31
538	29	0.0	2	29
539	41	0.0	2	40 1
540	36	0.0	2	36
541	41	0.0	2	41
542	30	0.0	2	29 1
543	38	0.0	2	38
544	27	0.0	2	27
545	25	0.0	2	25
546	29	0.0	2	29
547	30	0.0	2	30
548	41	0.0	2	41
549	28	0.0	2	27 1
550	32	0.0	2	32
551	35	0.0	2	35
552	33	0.0	2	33
553	34	0.0	2	34
554	49	0.0	2	49
555	59	0.0	2	59
556	44	0.0	2	44
557	29	0.0	2	29
558	41	0.0	2	41
559	35	0.0	2	35
560	36	0.0	2	35 0 1
561	37	0.0	2	36 1
562	16	0.0	2	16
563	28	0.0	2	28
564	39	0.0	2	39
565	32	0.0	2	32
566	25	0.0	2	25
567	21	0.0	2	20 1
568	16	0.0	2	16
569	22	0.0	2	22
570	21	0.0	2	20 1
571	18	0.0	2	18
572	21	0.0	2	21
573	20	0.0	2	20
574	31	0.0	2	31
575	23	0.0	2	23
576	25	0.0	2	24 1
577	32	0.0	2	32
578	39	0.0	2	39
579	29	0.0	2	27 1 1
580	41	0.0	2	41
581	48	0.0	2	47 1
582	44	0.0	2	44
583	36	0.0	2	35 0 1
584	36	0.0	2	36
585	31	0.0	2	31
586	35	0.0	2	35
587	34	0.0	2	34
588	38	0.0	2	37 1
589	26	0.0	2	26
590	29	0.0	2	29
591	35	0.0	2	35
592	34	0.0	2	34
593	31	0.0	2	31
594	18	0.0	2	17 1
595	18	0.0	2	18
596	17	0.0	2	17
597	25	0.0	2	25
598	28	0.0	2	28
599	16	0.0	2	16
600	26	0.0	2	26
601	28	0.0	2	28
602	29	0.0	2	29
603	28	0.0	2	28
604	26	0.0	2	25 1
605	22	0.0	2	22
606	25	0.0	2	25
607	30	0.0	2	30
608	34	0.0	2	34
609	36	0.0	2	36
610	33	0.0	2	33
611	30	0.0	2	29 1
612	31	0.0	2	31
613	25	0.0	2	25
614	29	0.0	2	28 1
615	26	0.0	2	26
616	22	0.0	2	22
617	16	0.0	2	16
618	30	0.0	2	30
619	21	0.0	2	21
620	17	0.0	2	17
621	28	0.0	2	28
622	21	0.0	2	21
623	23	0.0	2	23
624	21	0.0	2	21
625	18	0.0	2	18
626	19	0.0	2	18 1
627	17	0.0	2	17
628	17	0.0	2	17
629	25	0.0	2	25
630	16	0.0	2	16
631	19	0.0	2	19
632	25	0.0	2	25
633	21	0.0	2	21
634	31	0.0	2	30 0 1
635	22	0.0	2	22
636	27	0.0	2	27
637	28	0.0	2	28
638	26	0.0	2	26
639	27	0.0	2	26 1
640	23	0.0	2	23
641	29	0.0	2	29
642	24	0.0	2	24
643	24	0.0	2	23 1
644	27	0.0	2	27
645	29	0.0	2	29
646	27	0.0	2	27
647	37	0.0	2	37
648	27	0.0	2	27
649	28	0.0	2	27 0 1
650	15	0.0	2	15
651	21	0.0	2	21
652	21	0.0	2	21
653	19	0.0	2	19
654	14	0.0	2	14
655	21	0.0	2	21
656	16	0.0	2	16
657	20	0.0	2	20
658	16	0.0	2	16
659	25	0.0	2	25
660	16	0.0	2	16
661	29	0.0	2	29
662	23	0.0	2	23
663	24	0.0	2	24
664	24	0.0	2	24
665	25	0.0	2	25
666	24	0.0	2	24
667	21	0.0	2	21
668	33	0.0	2	33
669	18	0.0	2	18
670	16	0.0	2	16
671	19	0.0	2	19
672	24	0.0	2	23 0 1
673	24	0.0	2	24
674	14	0.0	2	14
675	21	0.0	2	21
676	13	0.0	2	13
677	19	0.0	2	19
678	17	0.0	2	17
679	16	0.0	2	16
680	19	0.0	2	19
681	23	0.0	2	22 1
682	12	0.0	2	12
683	19	0.0	2	19
684	10	0.0	2	10
685	23	0.0	2	23
686	21	0.0	2	20 0 1
687	24	0.0	2	24
688	23	0.0	2	23
689	26	0.0	2	26
690	17	0.0	2	17
691	18	0.0	2	18
692	28	0.0	2	28
693	17	0.0	2	16 1
694	26	0.0	2	26
695	26	0.0	2	26
696	19	0.0	2	19
697	21	0.0	2	21
698	39	0.0	2	39
699	20	0.0	2	20
700	23	0.0	2	23
701	21	0.0	2	21
702	22	0.0	2	22
703	15	0.0	2	15
704	17	0.0	2	17
705	16	0.0	2	16
706	21	0.0	2	21
707	22	0.0	2	21 1
708	12	0.0	2	12
709	21	0.0	2	21
710	12	0.0	2	12
711	13	0.0	2	12 1
712	10	0.0	2	10
713	21	0.0	2	21
714	12	0.0	2	11 1
715	7	0.0	2	7
716	20	0.0	2	20
717	16	0.0	2	16
718	18	0.0	2	18
719	18	0.0	2	18
720	21	0.0	2	21
721	18	0.0	2	18
722	16	0.0	2	16
723	14	0.0	2	14
724	18	0.0	2	17 1
725	13	0.0	2	13
726	17	0.0	2	17
727	12	0.0	2	12
728	9	0.0	2	9
729	14	0.0	2	14
730	15	0.0	2	15
731	10	0.0	2	10
732	16	0.0	2	16
733	11	0.0	2	11
734	10	0.0	2	10
735	16	0.0	2	16
736	14	0.0	2	14
737	12	0.0	2	12
738	18	0.0	2	18
739	7	0.0	2	7
740	20	0.0	2	20
741	16	0.0	2	15 1
742	12	0.0	2	12
743	18	0.0	2	18
744	10	0.0	2	10
745	19	0.0	2	19
746	15	0.0	2	15
747	26	0.0	2	26
748	20	0.0	2	20
749	7	0.0	2	7
750	17	0.0	2	17
751	28	0.0	2	28
752	17	0.0	2	16 1
753	16	0.0	2	16
754	12	0.0	2	12
755	15	0.0	2	15
756	14	0.0	2	14
757	13	0.0	2	13
758	17	0.0	2	17
759	12	0.0	2	12
760	17	0.0	2	17
761	10	0.0	2	10
762	12	0.0	2	12
763	14	0.0	2	14
764	23	0.0	2	23
765	14	0.0	2	14
766	21	0.0	2	21
767	10	0.0	2	10
768	15	0.0	2	15
769	8	0.0	2	8
770	9	0.0	2	9
771	14	0.0	2	14
772	12	0.0	2	12
773	22	0.0	2	22
774	18	0.0	2	18
775	11	0.0	2	11
776	12	0.0	2	12
777	12	0.0	2	12
778	17	0.0	2	17
779	12	0.0	2	12
780	17	0.0	2	17
781	12	0.0	2	12
782	12	0.0	2	12
783	14	0.0	2	14
784	9	0.0	2	9
785	11	0.0	2	11
786	12	0.0	2	12
787	11	0.0	2	11
788	8	0.0	2	8
789	6	0.0	2	6
790	8	0.0	2	8
791	10	0.0	2	10
792	11	0.0	2	11
793	11	0.0	2	11
794	8	0.0	2	8
795	13	0.0	2	13
796	17	0.0	2	17
797	15	0.0	2	15
798	13	0.0	2	13
799	10	0.0	2	10
800	16	0.0	2	16
801	11	0.0	2	11
802	15	0.0	2	14 1
803	12	0.0	2	12
804	10	0.0	2	10
805	8	0.0	2	8
806	13	0.0	2	13
807	12	0.0	2	12
808	11	0.0	2	11
809	11	0.0	2	11
810	8	0.0	2	7 1
811	13	0.0	2	13
812	9	0.0	2	9
813	9	0.0	2	9
814	10	0.0	2	9 1
815	10	0.0	2	10
816	8	0.0	2	8
817	5	0.0	2	5
818	12	0.0	2	12
819	17	0.0	2	17
820	7	0.0	2	7
821	11	0.0	2	11
822	17	0.0	2	17
823	8	0.0	2	8
824	12	0.0	2	12
825	11	0.0	2	11
826	11	0.0	2	11
827	10	0.0	2	10
828	8	0.0	2	8
829	13	0.0	2	13
830	8	0.0	2	8
831	9	0.0	2	9
832	8	0.0	2	8
833	5	0.0	2	5
834	10	0.0	2	10
835	14	0.0	2	14
836	10	0.0	2	10
837	9	0.0	2	9
838	10	0.0	2	10
839	10	0.0	2	10
840	7	0.0	2	7
841	10	0.0	2	10
842	5	0.0	2	5
843	7	0.0	2	7
844	10	0.0	2	9 1
845	14	0.0	2	14
846	7	0.0	2	7
847	5	0.0	2	5
848	7	0.0	2	6 0 1
849	8	0.0	2	8
850	5	0.0	2	5
851	11	0.0	2	11
852	10	0.0	2	10
853	8	0.0	2	8
854	10	0.0	2	10
855	11	0.0	2	11
856	9	0.0	2	8 1
857	11	0.0	2	11
858	7	0.0	2	7
859	9	0.0	2	9
860	6	0.0	2	6
861	6	0.0	2	5 1
862	7	0.0	2	7
863	7	0.0	2	7
864	8	0.0	2	8
865	9	0.0	2	9
866	4	0.0	2	4
867	15	0.0	2	15
868	3	0.0	2	3
869	9	0.0	2	9
870	7	0.0	2	7
871	5	0.0	2	5
872	9	0.0	2	9
873	9	0.0	2	9
874	8	0.0	2	8
875	5	0.0	2	5
876	2	0.0	2	2
877	13	0.0	2	13
878	11	0.0	2	11
879	7	0.0	2	7
880	10	0.0	2	10
881	5	0.0	2	5
882	3	0.0	2	3
883	5	0.0	2	5
884	9	0.0	2	9
885	8	0.0	2	8
886	11	0.0	2	11
887	3	0.0	2	3
888	6	0.0	2	6
889	6	0.0	2	6
890	6	0.0	2	6
891	7	0.0	2	7
892	10	0.0	2	10
893	9	0.0	2	9
894	6	0.0	2	6
895	5	0.0	2	5
896	4	0.0	2	4
897	4	0.0	2	4
898	2	0.0	2	2
899	3	0.0	2	3
900	3	0.0	2	3
901	7	0.0	2	7
902	3	0.0	2	3
903	6	0.0	2	6
904	4	0.0	2	4
905	2	0.0	2	2
906	6	0.0	2	6
907	5	0.0	2	5
908	7	0.0	2	7
909	9	0.0	2	9
910	10	0.0	2	10
911	8	0.0	2	8
912	6	0.0	2	6
913	8	0.0	2	8
914	2	0.0	2	2
915	3	0.0	2	3
916	10	0.0	2	10
917	8	0.0	2	8
918	9	0.0	2	8 1
919	4	0.0	2	4
920	5	0.0	2	5
921	9	0.0	2	9
922	5	0.0	2	5
923	9	0.0	2	9
924	7	0.0	2	6 1
925	3	0.0	2	3
926	6	0.0	2	6
927	7	0.0	2	7
928	6	0.0	2	6
929	8	0.0	2	8
930	4	0.0	2	4
931	7	0.0	2	7
932	4	0.0	2	4
933	2	0.0	2	2
934	2	0.0	2	2
935	5	0.0	2	5
936	4	0.0	2	4
937	6	0.0	2	5 1
938	12	0.0	2	12
939	2	0.0	2	2
940	9	0.0	2	9
941	4	0.0	2	4
942	4	0.0	2	4
943	5	0.0	2	5
944	8	0.0	2	8
945	5	0.0	2	5
946	6	0.0	2	6
947	8	0.0	2	8
948	8	0.0	2	8
949	4	0.0	2	4
950	4	0.0	2	4
951	4	0.0	2	4
952	7	0.0	2	7
953	4	0.0	2	4
954	5	0.0	2	5
955	5	0.0	2	5
956	5	0.0	2	5
957	3	0.0	2	3
958	5	0.0	2	5
959	2	0.0	2	2
960	4	0.0	2	4
961	3	0.0	2	3
962	6	0.0	2	6
963	4	0.0	2	4
964	5	0.0	2	5
965	6	0.0	2	6
966	2	0.0	2	2
967	5	0.0	2	5
968	3	0.0	2	3
969	10	0.0	2	10
970	3	0.0	2	3
971	8	0.0	2	8
972	5	0.0	2	5
973	4	0.0	2	4
974	4	0.0	2	4
975	5	0.0	2	5
976	10	0.0	2	10
977	12	0.0	2	12
978	8	0.0	2	8
979	1	0.0	2	1
980	5	0.0	2	5
981	5	0.0	2	5
982	5	0.0	2	5
983	6	0.0	2	6
984	5	0.0	2	5
985	4	0.0	2	4
986	4	0.0	2	4
987	1	0.0	2	1
988	9	0.0	2	9
989	3	0.0	2	3
990	7	0.0	2	7
991	7	0.0	2	7
992	4	0.0	2	4
993	2	0.0	2	2
994	2	0.0	2	2
995	4	0.0	2	4
996	4	0.0	2	4
997	9	0.0	2	9
998	6	0.0	2	6
999	5	0.0	2	5
1000	5	0.0	2	5
1001	8	0.0	2	8
1002	4	0.0	2	4
1003	5	0.0	2	5
1004	3	0.0	2	3
1005	6	0.0	2	6
1006	3	0.0	2	3
1007	4	0.0	2	4
1008	4	0.0	2	4
1009	4	0.0	2	4
1010	4	0.0	2	4
1011	5	0.0	2	5
1012	3	0.0	2	3
1013	3	0.0	2	3
1014	4	0.0	2	4
1015	2	0.0	2	2
1016	3	0.0	2	3
1018	3	0.0	2	3
1019	4	0.0	2	4
1020	8	0.0	2	8
1022	5	0.0	2	5
1023	3	0.0	2	3
1024	2	0.0	2	2
1025	3	0.0	2	3
1026	4	0.0	2	4
1027	5	0.0	2	5
1028	8	0.0	2	8
1029	3	0.0	2	3
1030	3	0.0	2	3
1031	4	0.0	2	4
1032	2	0.0	2	2
1033	3	0.0	2	3
1034	5	0.0	2	5
1035	4	0.0	2	4
1036	3	0.0	2	3
1037	2	0.0	2	2
1038	2	0.0	2	2
1040	2	0.0	2	2
1041	5	0.0	2	5
1042	4	0.0	2	4
1043	2	0.0	2	2
1044	8	0.0	2	8
1045	5	0.0	2	5
1046	5	0.0	2	5
1047	6	0.0	2	6
1048	1	0.0	2	1
1049	1	0.0	2	1
1050	1	0.0	2	1
1051	3	0.0	2	3
1053	3	0.0	2	3
1054	1	0.0	2	1
1055	2	0.0	2	2
1056	5	0.0	2	5
1057	3	0.0	2	3
1058	3	0.0	2	3
1059	5	0.0	2	5
1060	3	0.0	2	3
1061	2	0.0	2	2
1062	5	0.0	2	5
1063	1	0.0	2	1
1064	3	0.0	2	3
1065	3	0.0	2	3
1066	2	0.0	2	2
1067	2	0.0	2	2
1068	5	0.0	2	5
1069	3	0.0	2	3
1070	3	0.0	2	3
1071	2	0.0	2	2
1072	6	0.0	2	6
1073	2	0.0	2	2
1074	2	0.0	2	2
1075	5	0.0	2	5
1076	2	0.0	2	2
1077	5	0.0	2	5
1078	5	0.0	2	5
1079	4	0.0	2	4
1080	2	0.0	2	2
1081	1	0.0	2	1
1082	3	0.0	2	3
1083	3	0.0	2	3
1084	3	0.0	2	3
1085	3	0.0	2	3
1086	3	0.0	2	3
1087	2	0.0	2	2
1088	3	0.0	2	3
1089	8	0.0	2	8
1090	1	0.0	2	1
1091	5	0.0	2	5
1092	1	0.0	2	1
1094	2	0.0	2	2
1096	1	0.0	2	1
1098	3	0.0	2	3
1099	2	0.0	2	2
1100	1	0.0	2	1
1101	5	0.0	2	5
1102	4	0.0	2	4
1104	2	0.0	2	2
1105	2	0.0	2	2
1106	2	0.0	2	2
1107	4	0.0	2	4
1108	3	0.0	2	3
1109	2	0.0	2	2
1110	1	0.0	2	1
1111	3	0.0	2	3
1112	1	0.0	2	1
1113	2	0.0	2	2
1114	3	0.0	2	3
1115	3	0.0	2	3
1116	2	0.0	2	2
1117	3	0.0	2	3
1118	4	0.0	2	4
1119	1	0.0	2	1
1120	5	0.0	2	5
1121	2	0.0	2	2
1122	2	0.0	2	2
1123	2	0.0	2	2
1125	3	0.0	2	3
1126	3	0.0	2	3
1127	3	0.0	2	3
1128	3	0.0	2	3
1129	2	0.0	2	2
1130	3	0.0	2	3
1131	2	0.0	2	2
1132	1	0.0	2	1
1133	3	0.0	2	3
1134	2	0.0	2	2
1135	4	0.0	2	4
1136	2	0.0	2	2
1137	1	0.0	2	1
1138	1	0.0	2	1
1139	2	0.0	2	2
1140	3	0.0	2	3
1141	2	0.0	2	2
1142	3	0.0	2	3
1144	2	0.0	2	2
1145	2	0.0	2	2
1146	1	0.0	2	1
1147	6	0.0	2	6
1148	4	0.0	2	4
1149	2	0.0	2	2
1150	2	0.0	2	2
1151	3	0.0	2	3
1152	1	0.0	2	1
1153	1	0.0	2	1
1155	2	0.0	2	2
1156	3	0.0	2	3
1157	2	0.0	2	2
1158	2	0.0	2	2
1161	2	0.0	2	2
1162	2	0.0	2	2
1163	1	0.0	2	1
1164	1	0.0	2	1
1165	3	0.0	2	3
1167	3	0.0	2	3
1168	2	0.0	2	2
1169	2	0.0	2	2
1170	2	0.0	2	2
1171	1	0.0	2	1
1174	1	0.0	2	1
1175	3	0.0	2	3
1176	4	0.0	2	4
1177	4	0.0	2	4
1178	2	0.0	2	2
1179	1	0.0	2	1
1180	1	0.0	2	1
1182	2	0.0	2	2
1183	1	0.0	2	1
1184	1	0.0	2	1
1185	1	0.0	2	1
1186	2	0.0	2	2
1187	3	0.0	2	3
1188	5	0.0	2	5
1190	1	0.0	2	1
1191	4	0.0	2	3 1
1192	2	0.0	2	2
1195	2	0.0	2	2
1196	1	0.0	2	1
1198	2	0.0	2	2
1199	1	0.0	2	1
1200	4	0.0	2	4
1201	1	0.0	2	1
1202	3	0.0	2	3
1203	1	0.0	2	1
1205	2	0.0	2	2
1206	3	0.0	2	3
1207	2	0.0	2	2
1208	1	0.0	2	1
1210	3	0.0	2	3
1211	1	0.0	2	1
1212	2	0.0	2	2
1213	1	0.0	2	1
1214	3	0.0	2	3
1215	1	0.0	2	1
1216	2	0.0	2	2
1217	2	0.0	2	2
1219	1	0.0	2	1
1220	2	0.0	2	2
1222	1	0.0	2	1
1223	1	0.0	2	1
1225	1	0.0	2	1
1226	2	0.0	2	2
1227	1	0.0	2	1
1228	2	0.0	2	2
1229	1	0.0	2	1
1230	3	0.0	2	3
1231	2	0.0	2	2
1232	1	0.0	2	1
1233	1	0.0	2	1
1234	1	0.0	2	1
1235	2	0.0	2	2
1236	3	0.0	2	3
1237	3	0.0	2	3
1238	1	0.0	2	1
1240	2	0.0	2	2
1242	3	0.0	2	3
1243	1	0.0	2	1
1244	5	0.0	2	5
1245	1	0.0	2	1
1246	1	0.0	2	1
1247	1	0.0	2	1
1248	1	0.0	2	1
1249	1	0.0	2	1
1250	1	0.0	2	1
1251	1	0.0	2	1
1252	1	0.0	2	1
1253	4	0.0	2	4
1254	3	0.0	2	3
1255	1	0.0	2	1
1256	1	0.0	2	1
1257	1	0.0	2	1
1260	1	0.0	2	1
1261	3	0.0	2	3
1262	2	0.0	2	2
1263	1	0.0	2	1
1264	1	0.0	2	1
1266	2	0.0	2	2
1267	4	0.0	2	4
1268	4	0.0	2	4
1271	4	0.0	2	4
1273	1	0.0	2	1
1274	2	0.0	2	2
1275	2	0.0	2	2
1276	1	0.0	2	1
1278	5	0.0	2	5
1279	2	0.0	2	2
1280	1	0.0	2	1
1281	1	0.0	2	1
1283	2	0.0	2	2
1285	1	0.0	2	1
1286	2	0.0	2	2
1287	2	0.0	2	2
1288	2	0.0	2	2
1289	2	0.0	2	2
1291	1	0.0	2	1
1292	4	0.0	2	4
1293	3	0.0	2	3
1294	1	0.0	2	1
1295	4	0.0	2	4
1296	3	0.0	2	3
1297	4	0.0	2	4
1298	2	0.0	2	2
1299	1	0.0	2	1
1300	1	0.0	2	1
1301	1	0.0	2	1
1302	2	0.0	2	2
1303	4	0.0	2	4
1306	1	0.0	2	1
1307	1	0.0	2	1
1308	1	0.0	2	1
1311	2	0.0	2	2
1312	2	0.0	2	2
1314	2	0.0	2	2
1315	2	0.0	2	2
1317	1	0.0	2	1
1319	1	0.0	2	1
1321	2	0.0	2	2
1322	2	0.0	2	2
1323	1	0.0	2	1
1324	3	0.0	2	3
1325	1	0.0	2	1
1326	1	0.0	2	1
1327	5	0.0	2	5
1331	3	0.0	2	3
1332	1	0.0	2	1
1333	1	0.0	2	1
1334	2	0.0	2	2
1335	3	0.0	2	3
1338	1	0.0	2	1
1339	1	0.0	2	1
1340	2	0.0	2	2
1341	2	0.0	2	2
1344	1	0.0	2	1
1348	1	0.0	2	1
1349	1	0.0	2	1
1352	1	0.0	2	1
1353	1	0.0	2	1
1354	2	0.0	2	2
1355	1	0.0	2	1
1357	1	0.0	2	1
1358	1	0.0	2	1
1359	1	0.0	2	1
1362	2	0.0	2	2
1364	2	0.0	2	2
1366	1	0.0	2	1
1368	1	0.0	2	1
1369	2	0.0	2	2
1372	1	0.0	2	1
1373	1	0.0	2	1
1375	1	0.0	2	1
1378	1	0.0	2	1
1383	1	0.0	2	1
1386	2	0.0	2	2
1389	1	0.0	2	1
1390	1	0.0	2	1
1391	1	0.0	2	1
1393	1	0.0	2	1
1395	1	0.0	2	1
1396	1	0.0	2	1
1398	1	0.0	2	1
1400	1	0.0	2	1
1404	2	0.0	2	2
1405	1	0.0	2	1
1414	1	0.0	2	1
1415	1	0.0	2	1
1416	1	0.0	2	1
1417	1	0.0	2	1
1420	1	0.0	2	0 1
1423	2	0.0	2	2
1424	2	0.0	2	2
1426	1	0.0	2	1
1429	1	0.0	2	1
1431	1	0.0	2	1
1433	1	0.0	2	1
1438	1	0.0	2	1
1439	1	0.0	2	1
1441	1	0.0	2	1
1442	2	0.0	2	2
1447	1	0.0	2	1
1448	1	0.0	2	1
1451	1	0.0	2	1
1452	1	0.0	2	1
1453	1	0.0	2	1
1456	1	0.0	2	1
1458	1	0.0	2	1
1459	2	0.0	2	2
1461	1	0.0	2	1
1463	3	0.0	2	3
1465	1	0.0	2	1
1466	1	0.0	2	1
1468	1	0.0	2	1
1469	1	0.0	2	1
1476	2	0.0	2	2
1477	1	0.0	2	1
1478	1	0.0	2	1
1480	1	0.0	2	1
1481	2	0.0	2	2
1482	1	0.0	2	1
1484	1	0.0	2	1
1486	1	0.0	2	1
1487	1	0.0	2	1
1488	3	0.0	2	3
1490	1	0.0	2	1
1492	2	0.0	2	2
1495	3	0.0	2	3
1496	1	0.0	2	1
1498	1	0.0	2	1
1500	1	0.0	2	1
1501	1	0.0	2	1
1505	1	0.0	2	1
1509	1	0.0	2	1
1510	1	0.0	2	1
1512	1	0.0	2	1
1514	2	0.0	2	2
1515	1	0.0	2	1
1516	1	0.0	2	1
1523	2	0.0	2	2
1525	1	0.0	2	1
1528	2	0.0	2	2
1529	1	0.0	2	1
1533	1	0.0	2	1
1535	2	0.0	2	2
1536	3	0.0	2	3
1539	2	0.0	2	2
1540	2	0.0	2	2
1542	1	0.0	2	1
1544	1	0.0	2	1
1551	1	0.0	2	1
1553	1	0.0	2	1
1555	1	0.0	2	1
1560	1	0.0	2	1
1562	1	0.0	2	1
1563	1	0.0	2	1
1565	1	0.0	2	1
1568	1	0.0	2	1
1570	1	0.0	2	1
1573	2	0.0	2	2
1577	1	0.0	2	1
1586	1	0.0	2	1
1588	2	0.0	2	2
1589	1	0.0	2	1
1597	1	0.0	2	1
1601	1	0.0	2	1
1604	1	0.0	2	1
1608	1	0.0	2	1
1610	1	0.0	2	1
1611	1	0.0	2	1
1614	1	0.0	2	1
1616	1	0.0	2	1
1619	1	0.0	2	1
1621	1	0.0	2	1
1623	1	0.0	2	1
1625	2	0.0	2	2
1627	1	0.0	2	1
1630	1	0.0	2	1
1632	1	0.0	2	1
1635	1	0.0	2	1
1636	1	0.0	2	1
1640	1	0.0	2	1
1641	2	0.0	2	2
1642	1	0.0	2	1
1646	1	0.0	2	1
1647	1	0.0	2	1
1662	1	0.0	2	1
1665	2	0.0	2	2
1670	1	0.0	2	1
1678	2	0.0	2	2
1680	1	0.0	2	1
1681	1	0.0	2	1
1684	1	0.0	2	1
1688	1	0.0	2	1
1692	1	0.0	2	1
1704	1	0.0	2	1
1706	2	0.0	2	2
1707	1	0.0	2	1
1710	2	0.0	2	2
1717	1	0.0	2	1
1721	1	0.0	2	1
1722	1	0.0	2	1
1724	1	0.0	2	1
1732	1	0.0	2	1
1736	1	0.0	2	1
1739	1	0.0	2	1
1743	1	0.0	2	1
1745	1	0.0	2	1
1746	1	0.0	2	1
1752	1	0.0	2	1
1753	1	0.0	2	1
1758	1	0.0	2	1
1764	2	0.0	2	2
1769	1	0.0	2	1
1770	1	0.0	2	1
1774	1	0.0	2	1
1783	1	0.0	2	1
1784	1	0.0	2	1
1787	1	0.0	2	1
1802	1	0.0	2	1
1806	1	0.0	2	1
1811	1	0.0	2	1
1812	1	0.0	2	1
1813	1	0.0	2	1
1815	1	0.0	2	1
1816	1	0.0	2	1
1820	1	0.0	2	1
1822	2	0.0	2	2
1824	1	0.0	2	1
1826	1	0.0	2	1
1829	1	0.0	2	1
1832	1	0.0	2	1
1833	1	0.0	2	1
1834	2	0.0	2	2
1835	2	0.0	2	2
1843	1	0.0	2	1
1846	1	0.0	2	1
1851	1	0.0	2	1
1864	1	0.0	2	1
1865	1	0.0	2	1
1870	1	0.0	2	1
1873	1	0.0	2	1
1876	1	0.0	2	1
1893	1	0.0	2	1
1895	1	0.0	2	1
1897	1	0.0	2	1
1899	1	0.0	2	1
1902	1	0.0	2	1
1903	1	0.0	2	1
1914	1	0.0	2	1
1920	1	0.0	2	1
1927	1	0.0	2	1
1928	1	0.0	2	1
1934	1	0.0	2	1
1938	1	0.0	2	1
1939	1	0.0	2	1
1953	1	0.0	2	1
1957	1	0.0	2	1
1958	1	0.0	2	1
1978	2	0.0	2	2
1985	1	0.0	2	1
1999	1	0.0	2	1
2000	1	0.0	2	1
2002	1	0.0	2	1
2011	1	0.0	2	1
2012	2	0.0	2	2
2014	1	0.0	2	1
2015	1	0.0	2	1
2016	3	0.0	2	3
2017	1	0.0	2	1
2027	1	0.0	2	1
2049	1	0.0	2	1
2054	1	0.0	2	1
2057	1	0.0	2	1
2075	1	0.0	2	1
2076	1	0.0	2	1
2092	1	0.0	2	1
2101	1	0.0	2	1
2114	1	0.0	2	1
2115	1	0.0	2	1
2135	1	0.0	2	1
2145	1	0.0	2	1
2148	1	0.0	2	0 1
2165	2	0.0	2	2
2182	1	0.0	2	1
2186	1	0.0	2	1
2191	1	0.0	2	1
2193	1	0.0	2	1
2196	1	0.0	2	1
2197	1	0.0	2	1
2198	3	0.0	2	3
2207	1	0.0	2	1
2215	1	0.0	2	1
2222	1	0.0	2	1
2225	2	0.0	2	2
2244	1	0.0	2	1
2245	1	0.0	2	1
2258	1	0.0	2	1
2264	1	0.0	2	1
2273	1	0.0	2	1
2280	1	0.0	2	1
2290	1	0.0	2	1
2309	1	0.0	2	1
2327	1	0.0	2	1
2330	1	0.0	2	1
2347	1	0.0	2	1
2359	1	0.0	2	1
2361	1	0.0	2	1
2371	2	0.0	2	2
2389	1	0.0	2	1
2390	1	0.0	2	1
2391	4	0.0	2	4
2393	1	0.0	2	1
2394	1	0.0	2	1
2395	1	0.0	2	1
2400	1	0.0	2	1
2409	1	0.0	2	1
2412	1	0.0	2	1
2414	1	0.0	2	1
2415	1	0.0	2	1
2423	1	0.0	2	1
2429	1	0.0	2	1
2455	1	0.0	2	1
2472	1	0.0	2	1
2482	1	0.0	2	1
2552	1	0.0	2	1
2568	1	0.0	2	1
2588	1	0.0	2	1
2590	1	0.0	2	0 1
2601	1	0.0	2	1
2603	1	0.0	2	1
2609	1	0.0	2	1
2616	1	0.0	2	1
2652	2	0.0	2	2
2655	1	0.0	2	1
2669	1	0.0	2	1
2670	1	0.0	2	1
2672	1	0.0	2	1
2673	1	0.0	2	1
2675	3	0.0	2	3
2677	1	0.0	2	1
2678	1	0.0	2	1
2684	1	0.0	2	1
2690	1	0.0	2	1
2691	1	0.0	2	1
2694	1	0.0	2	1
2701	1	0.0	2	1
2709	1	0.0	2	1
2729	1	0.0	2	1
2744	1	0.0	2	1
2748	1	0.0	2	1
2751	1	0.0	2	1
2755	2	0.0	2	2
2756	1	0.0	2	1
2762	1	0.0	2	1
2766	1	0.0	2	1
2773	1	0.0	2	1
2798	1	0.0	2	1
2803	2	0.0	2	2
2818	1	0.0	2	1
2819	1	0.0	2	1
2831	1	0.0	2	1
2833	1	0.0	2	1
2839	1	0.0	2	1
2847	1	0.0	2	1
2859	1	0.0	2	0 1
2869	1	0.0	2	1
2897	1	0.0	2	1
2930	2	0.0	2	2
2935	1	0.0	2	1
2936	1	0.0	2	1
2937	1	0.0	2	1
2939	1	0.0	2	1
2941	2	0.0	2	2
2947	1	0.0	2	1
2958	2	0.0	2	2
2967	1	0.0	2	1
2984	1	0.0	2	1
2988	1	0.0	2	1
2990	1	0.0	2	1
2999	1	0.0	2	1
3000	1	0.0	2	1
3015	2	0.0	2	2
3017	1	0.0	2	1
3033	1	0.0	2	1
3066	1	0.0	2	1
3070	1	0.0	2	1
3071	1	0.0	2	1
3073	1	0.0	2	1
3074	2	0.0	2	2
3078	1	0.0	2	0 1
3079	1	0.0	2	1
3082	1	0.0	2	1
3083	1	0.0	2	1
3085	1	0.0	2	1
3086	2	0.0	2	2
3087	1	0.0	2	1
3089	1	0.0	2	1
3093	2	0.0	2	2
3096	1	0.0	2	1
3097	2	0.0	2	2
3104	1	0.0	2	1
3107	1	0.0	2	1
3109	2	0.0	2	2
3110	1	0.0	2	1
3112	1	0.0	2	1
3113	2	0.0	2	2
3114	2	0.0	2	2
3116	1	0.0	2	1
3118	2	0.0	2	2
3119	2	0.0	2	2
3121	1	0.0	2	1
3122	1	0.0	2	1
3123	2	0.0	2	2
3124	2	0.0	2	2
3125	2	0.0	2	2
3129	2	0.0	2	2
3130	3	0.0	2	3
3133	1	0.0	2	1
3134	1	0.0	2	1
3136	1	0.0	2	1
3137	1	0.0	2	1
3138	2	0.0	2	2
3139	2	0.0	2	2
3140	1	0.0	2	1
3141	1	0.0	2	1
3142	4	0.0	2	4
3143	2	0.0	2	1 1
3144	1	0.0	2	0 0 1
3145	3	0.0	2	3
3146	5	0.0	2	4 1
3147	3	0.0	2	3
3148	5	0.0	2	5
3149	4	0.0	2	4
3150	9	0.0	2	9
3151	4	0.0	2	4
3152	13	0.0	2	13
3153	10	0.0	2	10
3154	19	0.0	2	19
3155	9	0.0	2	9
3156	17	0.0	2	16 1
3157	11	0.0	2	11
3158	17	0.0	2	17
3159	15	0.0	2	14 1
3160	24	0.0	2	24
3161	21	0.0	2	21
3162	18	0.0	2	17 1
3163	22	0.0	2	22
3164	32	0.0	2	32
3165	28	0.0	2	28
3166	32	0.0	2	32
3167	28	0.0	2	28
3168	43	0.0	2	43
3169	46	0.0	2	46
3170	42	0.0	2	42
3171	43	0.0	2	42 0 1
3172	45	0.0	2	45
3173	61	0.0	2	60 1
3174	79	0.0	2	79
3175	67	0.0	2	66 0 1
3176	69	0.0	2	68 1
3177	70	0.0	2	70
3178	58	0.0	2	58
3179	61	0.0	2	61
3180	59	0.0	2	59
3181	37	0.0	2	37
3182	35	0.0	2	35
3183	30	0.0	2	30
3184	18	0.0	2	18
3185	10	0.0	2	10
3186	11	0.0	2	11
3187	7	0.0	2	7
3188	13	0.0	2	13
3189	5	0.0	2	5
3190	6	0.0	2	6
3191	12	0.0	2	12
3192	5	0.0	2	5
3193	11	0.0	2	11
3194	9	0.0	2	9
3195	7	0.0	2	7
3196	7	0.0	2	7
3197	4	0.0	2	4
3198	5	0.0	2	5
3199	7	0.0	2	7
3200	7	0.0	2	7
3201	3	0.0	2	3
3202	8	0.0	2	7 1
3203	7	0.0	2	7
3204	8	0.0	2	8
3205	8	0.0	2	8
3206	8	0.0	2	8
3207	4	0.0	2	4
3208	10	0.0	2	10
3209	9	0.0	2	8 1
3210	8	0.0	2	8
3211	8	0.0	2	7 1
3212	2	0.0	2	2
3213	8	0.0	2	8
3214	8	0.0	2	8
3215	4	0.0	2	4
3216	4	0.0	2	4
3217	7	0.0	2	7
3219	7	0.0	2	7
3220	4	0.0	2	4
3221	6	0.0	2	5 1
3222	1	0.0	2	1
3223	4	0.0	2	4
3224	5	0.0	2	4 0 1
3225	4	0.0	2	4
3226	1	0.0	2	1
3227	1	0.0	2	1
3228	4	0.0	2	4
3229	4	0.0	2	4
3230	3	0.0	2	3
3231	1	0.0	2	1
3232	2	0.0	2	2
3233	4	0.0	2	4
3234	4	0.0	2	4
3235	1	0.0	2	1
3236	3	0.0	2	3
3237	5	0.0	2	5
3238	6	0.0	2	6
3239	4	0.0	2	4
3240	5	0.0	2	5
3241	5	0.0	2	5
3242	3	0.0	2	3
3243	2	0.0	2	2
3244	5	0.0	2	5
3245	1	0.0	2	1
3246	5	0.0	2	5
3247	6	0.0	2	6
3248	1	0.0	2	1
3249	4	0.0	2	4
3250	2	0.0	2	2
3251	4	0.0	2	4
3252	2	0.0	2	2
3253	2	0.0	2	2
3254	2	0.0	2	2
3255	1	0.0	2	1
3256	4	0.0	2	4
3257	4	0.0	2	4
3258	5	0.0	2	5
3259	5	0.0	2	5
3260	7	0.0	2	7
3262	5	0.0	2	5
3263	7	0.0	2	7
3264	6	0.0	2	6
3265	2	0.0	2	2
3266	4	0.0	2	4
3267	1	0.0	2	1
3268	2	0.0	2	2
3269	2	0.0	2	2
3270	4	0.0	2	4
3271	2	0.0	2	2
3272	1	0.0	2	0 1
3273	4	0.0	2	4
3274	3	0.0	2	3
3275	2	0.0	2	2
3276	2	0.0	2	2
3277	4	0.0	2	4
3278	1	0.0	2	1
3279	2	0.0	2	2
3280	3	0.0	2	3
3281	3	0.0	2	3
3282	1	0.0	2	1
3283	6	0.0	2	6
3284	4	0.0	2	4
3285	1	0.0	2	1
3286	6	0.0	2	6
3287	5	0.0	2	5
3288	4	0.0	2	4
3289	4	0.0	2	4
3290	5	0.0	2	5
3291	9	0.0	2	9
3292	4	0.0	2	4
3293	3	0.0	2	3
3294	7	0.0	2	7
3295	5	0.0	2	5
3296	3	0.0	2	3
3297	3	0.0	2	3
3298	1	0.0	2	1
3299	1	0.0	2	1
3300	2	0.0	2	2
3301	2	0.0	2	2
3302	3	0.0	2	3
3303	5	0.0	2	5
3304	1	0.0	2	1
3305	3	0.0	2	3
3306	2	0.0	2	2
3307	3	0.0	2	3
3308	9	0.0	2	9
3309	2	0.0	2	2
3310	5	0.0	2	5
3311	6	0.0	2	6
3312	4	0.0	2	4
3313	4	0.0	2	4
3314	5	0.0	2	5
3315	3	0.0	2	3
3316	7	0.0	2	7
3317	8	0.0	2	8
3318	8	0.0	2	7 1
3319	8	0.0	2	8
3320	7	0.0	2	7
3321	8	0.0	2	8
3322	11	0.0	2	11
3323	7	0.0	2	7
3324	9	0.0	2	9
3325	6	0.0	2	6
3326	6	0.0	2	6
3327	1	0.0	2	1
3328	2	0.0	2	2
3329	4	0.0	2	4
3330	6	0.0	2	6
3331	3	0.0	2	3
3332	2	0.0	2	2
3333	6	0.0	2	6
3334	4	0.0	2	4
3335	2	0.0	2	2
3336	3	0.0	2	3
3337	1	0.0	2	1
3338	7	0.0	2	7
3339	4	0.0	2	4
3340	2	0.0	2	2
3341	3	0.0	2	3
3342	10	0.0	2	10
3343	5	0.0	2	5
3344	8	0.0	2	8
3345	5	0.0	2	5
3346	3	0.0	2	3
3347	6	0.0	2	6
3348	2	0.0	2	2
3349	3	0.0	2	3
3350	2	0.0	2	2
3351	7	0.0	2	7
3352	14	0.0	2	14
3353	5	0.0	2	5
3354	7	0.0	2	7
3355	2	0.0	2	2
3356	8	0.0	2	8
3357	2	0.0	2	2
3358	6	0.0	2	6
3359	6	0.0	2	6
3360	6	0.0	2	6
3361	5	0.0	2	5
3362	5	0.0	2	5
3363	4	0.0	2	4
3364	7	0.0	2	7
3365	4	0.0	2	4
3366	4	0.0	2	4
3367	4	0.0	2	4
3368	5	0.0	2	5
3369	7	0.0	2	7
3370	3	0.0	2	3
3371	3	0.0	2	3
3372	6	0.0	2	6
3373	7	0.0	2	7
3374	11	0.0	2	11
3375	5	0.0	2	5
3376	6	0.0	2	6
3377	8	0.0	2	8
3378	3	0.0	2	3
3379	11	0.0	2	11
3380	4	0.0	2	4
3381	7	0.0	2	7
3382	7	0.0	2	7
3383	6	0.0	2	6
3384	5	0.0	2	5
3385	2	0.0	2	2
3386	3	0.0	2	3
3387	6	0.0	2	6
3388	2	0.0	2	2
3389	5	0.0	2	5
3390	6	0.0	2	6
3391	7	0.0	2	7
3392	4	0.0	2	4
3393	5	0.0	2	5
3394	3	0.0	2	3
3395	3	0.0	2	3
3396	4	0.0	2	4
3397	7	0.0	2	7
3398	6	0.0	2	6
3399	9	0.0	2	9
3400	6	0.0	2	6
3401	5	0.0	2	5
3402	1	0.0	2	1
3403	4	0.0	2	4
3404	8	0.0	2	8
3405	5	0.0	2	5
3406	7	0.0	2	7
3407	6	0.0	2	6
3408	4	0.0	2	4
3409	5	0.0	2	5
3410	10	0.0	2	9 1
3411	6	0.0	2	6
3412	3	0.0	2	3
3413	5	0.0	2	5
3414	8	0.0	2	8
3415	6	0.0	2	6
3416	4	0.0	2	4
3417	6	0.0	2	6
3418	5	0.0	2	5
3419	4	0.0	2	4
3420	11	0.0	2	11
3421	10	0.0	2	10
3422	6	0.0	2	6
3423	6	0.0	2	6
3424	8	0.0	2	8
3425	6	0.0	2	6
3426	7	0.0	2	7
3427	5	0.0	2	5
3428	5	0.0	2	5
3429	9	0.0	2	9
3430	5	0.0	2	5
3431	10	0.0	2	10
3432	7	0.0	2	7
3433	5	0.0	2	5
3434	6	0.0	2	6
3435	9	0.0	2	9
3436	4	0.0	2	4
3437	6	0.0	2	6
3438	10	0.0	2	10
3439	8	0.0	2	8
3440	6	0.0	2	6
3441	6	0.0	2	5 0 1
3442	8	0.0	2	8
3443	7	0.0	2	7
3444	6	0.0	2	6
3445	6	0.0	2	6
3446	7	0.0	2	7
3447	2	0.0	2	2
3448	3	0.0	2	3
3449	6	0.0	2	5 0 1
3450	10	0.0	2	10
3451	2	0.0	2	2
3452	7	0.0	2	7
3453	5	0.0	2	5
3454	6	0.0	2	6
3455	4	0.0	2	4
3456	11	0.0	2	11
3457	7	0.0	2	7
3458	9	0.0	2	9
3459	10	0.0	2	10
3460	8	0.0	2	7 1
3461	5	0.0	2	5
3462	7	0.0	2	7
3463	8	0.0	2	8
3464	9	0.0	2	9
3465	5	0.0	2	5
3466	8	0.0	2	8
3467	3	0.0	2	3
3468	2	0.0	2	2
3469	7	0.0	2	7
3470	5	0.0	2	5
3471	8	0.0	2	8
3472	3	0.0	2	3
3473	3	0.0	2	3
3474	3	0.0	2	3
3475	4	0.0	2	4
3476	5	0.0	2	5
3477	8	0.0	2	8
3478	4	0.0	2	4
3479	4	0.0	2	4
3480	3	0.0	2	3
3481	8	0.0	2	8
3482	5	0.0	2	5
3483	9	0.0	2	9
3484	3	0.0	2	3
3485	8	0.0	2	8
3486	9	0.0	2	9
3487	6	0.0	2	6
3488	7	0.0	2	7
3489	5	0.0	2	5
3490	6	0.0	2	5 0 1
3491	4	0.0	2	4
3492	5	0.0	2	5
3493	10	0.0	2	10
3494	3	0.0	2	3
3495	4	0.0	2	4
3496	4	0.0	2	4
3497	4	0.0	2	4
3498	5	0.0	2	5
3499	5	0.0	2	5
3500	3	0.0	2	3
3501	4	0.0	2	4
3502	3	0.0	2	3
3503	4	0.0	2	4
3504	9	0.0	2	9
3505	3	0.0	2	3
3506	4	0.0	2	4
3507	4	0.0	2	4
3508	7	0.0	2	7
3509	7	0.0	2	7
3510	5	0.0	2	5
3511	2	0.0	2	2
3512	3	0.0	2	3
3513	3	0.0	2	3
3514	6	0.0	2	6
3515	5	0.0	2	5
3516	5	0.0	2	5
3517	11	0.0	2	11
3518	6	0.0	2	6
3519	5	0.0	2	5
3520	6	0.0	2	6
3521	1	0.0	2	1
3522	2	0.0	2	2
3523	2	0.0	2	2
3524	5	0.0	2	5
3525	7	0.0	2	6 1
3526	5	0.0	2	5
3527	7	0.0	2	7
3528	1	0.0	2	1
3529	6	0.0	2	6
3530	9	0.0	2	9
3531	4	0.0	2	3 1
3532	1	0.0	2	1
3533	5	0.0	2	5
3534	9	0.0	2	9
3535	4	0.0	2	4
3536	5	0.0	2	5
3537	2	0.0	2	2
3538	2	0.0	2	2
3539	1	0.0	2	1
3540	7	0.0	2	7
3541	7	0.0	2	7
3542	4	0.0	2	4
3543	6	0.0	2	6
3544	3	0.0	2	3
3545	4	0.0	2	4
3546	7	0.0	2	7
3547	4	0.0	2	4
3548	8	0.0	2	8
3549	5	0.0	2	5
3550	5	0.0	2	5
3551	4	0.0	2	3 1
3552	5	0.0	2	5
3553	2	0.0	2	2
3554	3	0.0	2	3
3555	4	0.0	2	4
3556	2	0.0	2	2
3557	3	0.0	2	3
3558	4	0.0	2	4
3559	9	0.0	2	9
3560	6	0.0	2	6
3561	1	0.0	2	1
3562	5	0.0	2	5
3563	5	0.0	2	5
3564	2	0.0	2	2
3565	4	0.0	2	4
3566	6	0.0	2	6
3567	4	0.0	2	4
3568	7	0.0	2	7
3569	6	0.0	2	6
3570	7	0.0	2	7
3571	3	0.0	2	3
3572	3	0.0	2	3
3573	6	0.0	2	6
3574	6	0.0	2	6
3575	4	0.0	2	4
3576	2	0.0	2	2
3577	3	0.0	2	2 1
3578	8	0.0	2	8
3579	4	0.0	2	4
3580	4	0.0	2	4
3581	5	0.0	2	5
3582	2	0.0	2	2
3583	3	0.0	2	3
3584	2	0.0	2	2
3585	2	0.0	2	2
3586	2	0.0	2	2
3587	1	0.0	2	1
3588	5	0.0	2	5
3589	4	0.0	2	4
3590	1	0.0	2	1
3591	4	0.0	2	4
3592	5	0.0	2	5
3593	6	0.0	2	6
3594	5	0.0	2	5
3595	3	0.0	2	3
3596	6	0.0	2	6
3597	5	0.0	2	5
3598	1	0.0	2	1
3599	3	0.0	2	3
3600	4	0.0	2	4
3601	1	0.0	2	1
3602	2	0.0	2	2
3603	3	0.0	2	3
3604	2	0.0	2	2
3605	6	0.0	2	6
3606	3	0.0	2	3
3607	2	0.0	2	2
3608	1	0.0	2	1
3609	6	0.0	2	6
3610	4	0.0	2	4
3611	5	0.0	2	4 1
3612	3	0.0	2	3
3613	1	0.0	2	1
3614	2	0.0	2	2
3615	5	0.0	2	5
3616	6	0.0	2	6
3617	5	0.0	2	5
3618	1	0.0	2	1
3619	6	0.0	2	6
3620	2	0.0	2	2
3621	1	0.0	2	1
3622	2	0.0	2	2
3623	4	0.0	2	3 1
3624	5	0.0	2	5
3625	3	0.0	2	3
3627	1	0.0	2	1
3628	3	0.0	2	3
3629	3	0.0	2	3
3630	4	0.0	2	4
3632	2	0.0	2	2
3633	4	0.0	2	4
3634	3	0.0	2	3
3635	2	0.0	2	2
3636	5	0.0	2	5
3637	1	0.0	2	1
3638	7	0.0	2	7
3639	3	0.0	2	3
3640	7	0.0	2	7
3641	1	0.0	2	1
3643	6	0.0	2	6
3644	1	0.0	2	1
3645	4	0.0	2	4
3646	4	0.0	2	4
3647	4	0.0	2	4
3648	3	0.0	2	3
3649	2	0.0	2	2
3650	3	0.0	2	3
3651	5	0.0	2	5
3652	3	0.0	2	3
3653	2	0.0	2	2
3654	6	0.0	2	6
3655	3	0.0	2	3
3657	2	0.0	2	2
3658	7	0.0	2	7
3659	2	0.0	2	2
3660	1	0.0	2	1
3661	4	0.0	2	4
3662	3	0.0	2	3
3663	2	0.0	2	2
3664	4	0.0	2	4
3665	3	0.0	2	3
3666	3	0.0	2	3
3667	2	0.0	2	2
3668	2	0.0	2	2
3669	1	0.0	2	1
3670	3	0.0	2	3
3671	2	0.0	2	2
3672	1	0.0	2	1
3673	3	0.0	2	3
3675	3	0.0	2	3
3676	3	0.0	2	3
3677	7	0.0	2	7
3678	1	0.0	2	1
3680	1	0.0	2	1
3682	3	0.0	2	3
3683	2	0.0	2	2
3684	3	0.0	2	3
3685	2	0.0	2	2
3686	6	0.0	2	6
3687	3	0.0	2	3
3688	4	0.0	2	4
3689	3	0.0	2	3
3690	3	0.0	2	3
3691	5	0.0	2	5
3692	2	0.0	2	1 0 1
3693	5	0.0	2	5
3694	2	0.0	2	2
3695	3	0.0	2	3
3696	4	0.0	2	4
3697	2	0.0	2	2
3698	3	0.0	2	3
3699	2	0.0	2	2
3700	1	0.0	2	1
3701	3	0.0	2	3
3702	2	0.0	2	2
3703	3	0.0	2	3
3704	2	0.0	2	2
3705	4	0.0	2	4
3707	4	0.0	2	4
3708	5	0.0	2	5
3709	4	0.0	2	4
3711	1	0.0	2	1
3712	5	0.0	2	5
3713	3	0.0	2	3
3714	4	0.0	2	4
3715	5	0.0	2	5
3716	1	0.0	2	1
3717	3	0.0	2	3
3718	2	0.0	2	2
3719	2	0.0	2	2
3721	4	0.0	2	4
3722	2	0.0	2	2
3723	3	0.0	2	2 1
3724	3	0.0	2	3
3726	2	0.0	2	2
3727	1	0.0	2	1
3728	1	0.0	2	1
3729	1	0.0	2	1
3730	5	0.0	2	5
3731	4	0.0	2	4
3732	4	0.0	2	4
3733	4	0.0	2	4
3735	2	0.0	2	2
3736	2	0.0	2	2
3738	3	0.0	2	3
3739	1	0.0	2	1
3740	3	0.0	2	3
3741	1	0.0	2	1
3742	2	0.0	2	2
3743	3	0.0	2	3
3744	3	0.0	2	3
3745	1	0.0	2	1
3746	1	0.0	2	1
3747	3	0.0	2	3
3749	2	0.0	2	2
3750	6	0.0	2	5 0 1
3752	2	0.0	2	2
3753	2	0.0	2	2
3754	3	0.0	2	3
3755	1	0.0	2	1
3756	1	0.0	2	1
3758	2	0.0	2	2
3759	5	0.0	2	5
3760	3	0.0	2	3
3761	1	0.0	2	1
3762	3	0.0	2	3
3763	3	0.0	2	3
3764	1	0.0	2	1
3765	2	0.0	2	2
3766	2	0.0	2	2
3768	3	0.0	2	3
3769	4	0.0	2	4
3770	4	0.0	2	4
3772	2	0.0	2	2
3773	1	0.0	2	1
3775	1	0.0	2	0 1
3776	1	0.0	2	1
3777	2	0.0	2	2
3778	2	0.0	2	2
3779	2	0.0	2	2
3781	2	0.0	2	2
3782	2	0.0	2	2
3784	2	0.0	2	2
3785	2	0.0	2	2
3786	1	0.0	2	1
3787	2	0.0	2	2
3788	2	0.0	2	2
3789	1	0.0	2	1
3790	5	0.0	2	5
3791	2	0.0	2	2
3792	2	0.0	2	2
3793	3	0.0	2	3
3794	2	0.0	2	2
3795	3	0.0	2	3
3797	2	0.0	2	2
3798	3	0.0	2	3
3799	1	0.0	2	1
3800	1	0.0	2	1
3801	1	0.0	2	1
3802	2	0.0	2	2
3803	1	0.0	2	1
3804	1	0.0	2	1
3805	2	0.0	2	2
3806	2	0.0	2	2
3809	1	0.0	2	1
3810	1	0.0	2	1
3811	2	0.0	2	2
3812	4	0.0	2	4
3813	2	0.0	2	2
3814	5	0.0	2	5
3815	1	0.0	2	1
3816	1	0.0	2	1
3817	2	0.0	2	2
3818	1	0.0	2	1
3819	4	0.0	2	4
3821	1	0.0	2	1
3823	5	0.0	2	5
3824	2	0.0	2	2
3825	1	0.0	2	1
3826	2	0.0	2	2
3827	3	0.0	2	3
3830	4	0.0	2	4
3831	2	0.0	2	2
3833	2	0.0	2	2
3834	1	0.0	2	1
3835	2	0.0	2	2
3837	2	0.0	2	2
3838	4	0.0	2	4
3839	2	0.0	2	2
3840	1	0.0	2	1
3841	1	0.0	2	1
3842	5	0.0	2	5
3843	1	0.0	2	1
3844	1	0.0	2	1
3845	1	0.0	2	1
3847	3	0.0	2	3
3849	1	0.0	2	1
3851	1	0.0	2	1
3852	1	0.0	2	1
3853	1	0.0	2	1
3854	1	0.0	2	1
3855	1	0.0	2	1
3856	1	0.0	2	1
3858	1	0.0	2	1
3859	2	0.0	2	2
3860	1	0.0	2	1
3861	1	0.0	2	1
3862	3	0.0	2	3
3863	3	0.0	2	3
3864	2	0.0	2	2
3865	1	0.0	2	1
3867	1	0.0	2	1
3868	3	0.0	2	3
3869	1	0.0	2	1
3870	1	0.0	2	1
3871	1	0.0	2	1
3872	1	0.0	2	1
3873	4	0.0	2	4
3874	2	0.0	2	2
3875	2	0.0	2	2
3876	1	0.0	2	1
3879	1	0.0	2	1
3880	2	0.0	2	2
3881	1	0.0	2	1
3883	1	0.0	2	1
3884	3	0.0	2	3
3886	1	0.0	2	1
3888	1	0.0	2	1
3890	1	0.0	2	1
3891	1	0.0	2	1
3893	1	0.0	2	1
3895	1	0.0	2	1
3898	3	0.0	2	3
3899	1	0.0	2	1
3900	1	0.0	2	1
3902	2	0.0	2	2
3903	2	0.0	2	2
3905	1	0.0	2	1
3907	2	0.0	2	2
3910	2	0.0	2	2
3912	1	0.0	2	1
3913	1	0.0	2	1
3914	2	0.0	2	2
3915	1	0.0	2	1
3917	1	0.0	2	1
3921	1	0.0	2	1
3924	3	0.0	2	3
3926	1	0.0	2	1
3927	2	0.0	2	2
3928	1	0.0	2	1
3930	1	0.0	2	1
3932	1	0.0	2	1
3933	1	0.0	2	1
3936	3	0.0	2	3
3938	1	0.0	2	1
3940	1	0.0	2	1
3942	2	0.0	2	2
3943	1	0.0	2	1
3944	1	0.0	2	1
3945	1	0.0	2	1
3946	2	0.0	2	2
3949	2	0.0	2	2
3950	1	0.0	2	1
3951	1	0.0	2	1
3957	2	0.0	2	2
3958	2	0.0	2	2
3959	1	0.0	2	1
3961	2	0.0	2	2
3963	1	0.0	2	1
3967	1	0.0	2	1
3969	2	0.0	2	2
3973	3	0.0	2	3
3976	1	0.0	2	1
3978	2	0.0	2	2
3982	2	0.0	2	2
3983	1	0.0	2	1
3984	1	0.0	2	1
3985	1	0.0	2	1
3986	1	0.0	2	1
3987	2	0.0	2	2
3988	1	0.0	2	1
3989	2	0.0	2	2
3990	1	0.0	2	1
3995	5	0.0	2	5
3996	2	0.0	2	2
3998	1	0.0	2	1
4002	2	0.0	2	2
4005	2	0.0	2	2
4007	1	0.0	2	1
4008	1	0.0	2	1
4009	3	0.0	2	3
4010	3	0.0	2	3
4012	2	0.0	2	2
4013	3	0.0	2	3
4014	1	0.0	2	1
4015	3	0.0	2	3
4016	1	0.0	2	1
4017	1	0.0	2	1
4018	1	0.0	2	1
4019	1	0.0	2	1
4022	1	0.0	2	1
4024	1	0.0	2	1
4025	1	0.0	2	1
4027	2	0.0	2	2
4028	1	0.0	2	1
4029	1	0.0	2	1
4033	1	0.0	2	1
4035	3	0.0	2	3
4037	1	0.0	2	1
4038	2	0.0	2	2
4039	1	0.0	2	1
4040	1	0.0	2	1
4041	1	0.0	2	1
4043	1	0.0	2	1
4051	1	0.0	2	1
4053	1	0.0	2	1
4054	1	0.0	2	1
4057	1	0.0	2	1
4059	1	0.0	2	1
4063	1	0.0	2	1
4064	1	0.0	2	1
4067	1	0.0	2	1
4069	1	0.0	2	1
4070	2	0.0	2	2
4071	2	0.0	2	2
4072	1	0.0	2	1
4073	2	0.0	2	2
4074	1	0.0	2	1
4077	1	0.0	2	1
4079	1	0.0	2	1
4084	2	0.0	2	2
4087	2	0.0	2	2
4091	1	0.0	2	1
4092	1	0.0	2	1
4096	2	0.0	2	2
4097	1	0.0	2	1
4105	1	0.0	2	1
4106	1	0.0	2	1
4107	1	0.0	2	1
4108	1	0.0	2	1
4112	1	0.0	2	1
4115	2	0.0	2	2
4116	2	0.0	2	2
4117	1	0.0	2	1
4118	1	0.0	2	1
4122	1	0.0	2	1
4125	1	0.0	2	1
4126	1	0.0	2	1
4127	1	0.0	2	1
4128	1	0.0	2	1
4129	1	0.0	2	1
4136	1	0.0	2	1
4137	1	0.0	2	1
4145	2	0.0	2	2
4150	1	0.0	2	1
4154	1	0.0	2	1
4161	1	0.0	2	1
4164	1	0.0	2	1
4171	1	0.0	2	1
4175	1	0.0	2	1
4176	1	0.0	2	1
4177	1	0.0	2	1
4180	1	0.0	2	1
4182	1	0.0	2	1
4183	1	0.0	2	1
4184	1	0.0	2	1
4187	1	0.0	2	1
4189	2	0.0	2	2
4204	1	0.0	2	1
4209	1	0.0	2	1
4213	1	0.0	2	1
4215	1	0.0	2	1
4219	1	0.0	2	1
4225	1	0.0	2	1
4229	1	0.0	2	1
4232	1	0.0	2	1
4234	1	0.0	2	1
4238	1	0.0	2	1
4240	2	0.0	2	2
4241	1	0.0	2	1
4242	1	0.0	2	1
4243	1	0.0	2	1
4244	1	0.0	2	1
4251	1	0.0	2	1
4255	1	0.0	2	1
4264	2	0.0	2	2
4266	1	0.0	2	1
4275	1	0.0	2	1
4292	1	0.0	2	1
4294	1	0.0	2	1
4299	1	0.0	2	1
4303	1	0.0	2	1
4305	1	0.0	2	1
4306	1	0.0	2	1
4310	1	0.0	2	1
4315	1	0.0	2	1
4316	1	0.0	2	1
4318	1	0.0	2	1
4324	1	0.0	2	1
4350	1	0.0	2	1
4354	1	0.0	2	1
4360	1	0.0	2	1
4365	1	0.0	2	1
4369	1	0.0	2	1
4373	2	0.0	2	2
4383	1	0.0	2	1
4385	1	0.0	2	1
4392	1	0.0	2	1
4396	1	0.0	2	1
4448	1	0.0	2	1
4457	1	0.0	2	1
4468	1	0.0	2	1
4469	1	0.0	2	1
4471	1	0.0	2	1
4474	1	0.0	2	1
4496	1	0.0	2	1
4513	1	0.0	2	1
4514	2	0.0	2	2
4545	1	0.0	2	1
4560	2	0.0	2	2
4561	1	0.0	2	1
4564	1	0.0	2	1
4567	1	0.0	2	1
4576	1	0.0	2	1
4584	1	0.0	2	1
4587	1	0.0	2	1
4596	1	0.0	2	1
4606	1	0.0	2	1
4619	1	0.0	2	1
4640	1	0.0	2	1
4659	1	0.0	2	1
4666	1	0.0	2	1
4673	1	0.0	2	1
4701	1	0.0	2	1
4724	1	0.0	2	1
4740	1	0.0	2	1
4753	1	0.0	2	1
4754	1	0.0	2	1
4787	1	0.0	2	1
4792	1	0.0	2	1
4795	1	0.0	2	1
4797	1	0.0	2	1
4814	1	0.0	2	1
4830	1	0.0	2	1
4832	1	0.0	2	1
4845	1	0.0	2	1
4870	1	0.0	2	1
4887	1	0.0	2	1
4898	1	0.0	2	1
4899	1	0.0	2	1
4912	1	0.0	2	1
4916	1	0.0	2	1
4922	1	0.0	2	1
4981	1	0.0	2	1
5023	1	0.0	2	1
5027	1	0.0	2	1
5030	1	0.0	2	1
5039	1	0.0	2	1
5085	1	0.0	2	1
5091	1	0.0	2	1
5101	1	0.0	2	1
5110	1	0.0	2	1
5325	1	0.0	2	1
5345	1	0.0	2	1
5375	1	0.0	2	1
5376	1	0.0	2	1
5458	1	0.0	2	1
5559	1	0.0	2	1
5690	1	0.0	2	1
5726	1	0.0	2	1
5782	1	0.0	2	1
5822	1	0.0	2	1
5831	1	0.0	2	1
5911	1	0.0	2	1
5922	1	0.0	2	1
5926	1	0.0	2	1
5941	1	0.0	2	1
5982	1	0.0	2	1
6038	1	0.0	2	1
6087	1	0.0	2	1
6103	1	0.0	2	1
6129	1	0.0	2	1
6146	1	0.0	2	1
6155	1	0.0	2	1
6160	1	0.0	2	1
6164	1	0.0	2	1
6197	1	0.0	2	1
6208	1	0.0	2	1
6226	1	0.0	2	1
6264	1	0.0	2	1
6275	1	0.0	2	1
6288	2	0.0	2	2
6299	1	0.0	2	1
6300	1	0.0	2	1
6320	1	0.0	2	1
6333	1	0.0	2	1
6338	1	0.0	2	1
6362	1	0.0	2	1
6365	1	0.0	2	1
6368	1	0.0	2	1
6375	1	0.0	2	1
6387	1	0.0	2	1
6394	1	0.0	2	1
6408	1	0.0	2	1
6437	1	0.0	2	1
6439	1	0.0	2	1
6455	1	0.0	2	1
6484	1	0.0	2	1
6493	1	0.0	2	1
6496	1	0.0	2	1
6508	1	0.0	2	1
6527	1	0.0	2	1
6528	1	0.0	2	1
6530	1	0.0	2	1
6532	1	0.0	2	1
6533	1	0.0	2	1
6534	1	0.0	2	1
6537	1	0.0	2	1
6538	1	0.0	2	1
6539	1	0.0	2	1
6545	1	0.0	2	1
6552	2	0.0	2	2
6568	1	0.0	2	1
6578	1	0.0	2	1
6581	1	0.0	2	1
6582	1	0.0	2	1
6584	1	0.0	2	1
6586	1	0.0	2	1
6590	1	0.0	2	1
6591	1	0.0	2	1
6592	1	0.0	2	1
6596	1	0.0	2	1
6598	1	0.0	2	1
6602	1	0.0	2	1
6605	1	0.0	2	1
6611	1	0.0	2	1
6614	1	0.0	2	1
6616	1	0.0	2	1
6619	3	0.0	2	3
6623	1	0.0	2	1
6626	1	0.0	2	1
6627	1	0.0	2	1
6628	1	0.0	2	1
6629	1	0.0	2	1
6631	1	0.0	2	1
6636	1	0.0	2	1
6640	1	0.0	2	1
6646	1	0.0	2	1
6648	1	0.0	2	1
6652	1	0.0	2	1
6657	1	0.0	2	1
6660	1	0.0	2	1
6669	1	0.0	2	1
6670	1	0.0	2	1
6671	1	0.0	2	1
6679	1	0.0	2	1
6682	1	0.0	2	1
6684	1	0.0	2	1
6691	1	0.0	2	1
6696	1	0.0	2	1
6698	1	0.0	2	1
6703	1	0.0	2	1
6710	1	0.0	2	1
6715	1	0.0	2	1
6721	1	0.0	2	1
6723	1	0.0	2	1
6724	1	0.0	2	1
6731	1	0.0	2	1
6735	1	0.0	2	1
6738	1	0.0	2	1
6749	1	0.0	2	1
6755	1	0.0	2	1
6758	1	0.0	2	1
6768	1	0.0	2	1
6769	1	0.0	2	1
6778	1	0.0	2	1
6781	1	0.0	2	1
6784	1	0.0	2	1
6786	1	0.0	2	1
6788	1	0.0	2	1
6797	1	0.0	2	1
6798	1	0.0	2	1
6807	1	0.0	2	1
6823	1	0.0	2	1
6831	1	0.0	2	1
6833	1	0.0	2	1
6834	1	0.0	2	1
6839	1	0.0	2	1
6843	1	0.0	2	1
6846	1	0.0	2	1
6856	1	0.0	2	1
6858	1	0.0	2	1
6863	1	0.0	2	1
6886	1	0.0	2	1
6897	1	0.0	2	1
6899	1	0.0	2	1
6904	1	0.0	2	1
6910	1	0.0	2	1
6920	1	0.0	2	1
6928	1	0.0	2	1
6929	1	0.0	2	1
6937	1	0.0	2	1
6943	1	0.0	2	1
6958	1	0.0	2	1
6972	1	0.0	2	1
6974	1	0.0	2	1
6975	1	0.0	2	0 1
6982	1	0.0	2	1
6986	1	0.0	2	1
7013	1	0.0	2	1
7016	1	0.0	2	1
7033	1	0.0	2	1
7041	2	0.0	2	2
7044	1	0.0	2	1
7056	1	0.0	2	1
7061	1	0.0	2	1
7072	1	0.0	2	1
7073	1	0.0	2	1
7087	1	0.0	2	1
7114	1	0.0	2	1
7172	1	0.0	2	1
7197	1	0.0	2	1
7227	1	0.0	2	1
7253	1	0.0	2	1
7257	1	0.0	2	1
7351	1	0.0	2	1
7433	1	0.0	2	1
7438	1	0.0	2	1
7446	1	0.0	2	1
7457	1	0.0	2	1
7485	1	0.0	2	1
7498	1	0.0	2	1
7555	1	0.0	2	1
7614	1	0.0	2	1
7782	1	0.0	2	1
7925	1	0.0	2	1
8252	1	0.0	2	1
9011	1	0.0	2	1
9179	1	0.0	2	1
9334	1	0.0	2	1
9459	1	0.0	2	1
9492	1	0.0	2	1
9903	1	0.0	2	1
9921	1	0.0	2	1
9946	1	0.0	2	1
10204	1	0.0	2	1
10648	1	0.0	2	1
13713	1	0.0	2	1
14757	1	0.0	2	1


WARNING:
    One or more of your adapter sequences may be incomplete.
    Please see the detailed output above.
