2025-05-05 15:28:14 Sorting BAM file
2025-05-05 15:28:14 Indexing BAM file
2025-05-05 15:28:14 Building reads pileup
2025-05-05 15:28:15 Sorting VCF file
2025-05-05 15:28:15 Building pileup array
2025-05-05 15:28:15 Parsing SNP at position 76
2025-05-05 15:28:15 Skip position 76 due to unpassed quality test
2025-05-05 15:28:15 Parsing SNP at position 159
2025-05-05 15:28:15 Skip position 159 due to unpassed quality test
2025-05-05 15:28:15 Parsing SNP at position 188
2025-05-05 15:28:15 Skip position 188 due to unpassed quality test
2025-05-05 15:28:15 Parsing SNP at position 239
2025-05-05 15:28:15 Skip position 239 due to unpassed quality test
2025-05-05 15:28:15 Parsing SNP at position 242
2025-05-05 15:28:15 Skip position 242 due to unpassed quality test
2025-05-05 15:28:15 Parsing SNP at position 260
2025-05-05 15:28:15 Skip position 260 due to unpassed quality test
2025-05-05 15:28:15 Parsing SNP at position 268
2025-05-05 15:28:15 Skip position 268 due to unpassed quality test
2025-05-05 15:28:15 Parsing SNP at position 284
2025-05-05 15:28:15 Skip position 284 due to unpassed quality test
2025-05-05 15:28:15 Parsing SNP at position 314
2025-05-05 15:28:15 Skip position 314 due to unpassed quality test
2025-05-05 15:28:15 Parsing SNP at position 350
2025-05-05 15:28:15 Skip position 350 due to unpassed quality test
2025-05-05 15:28:15 Parsing SNP at position 381
2025-05-05 15:28:15 Skip position 381 due to unpassed quality test
2025-05-05 15:28:15 Parsing SNP at position 398
2025-05-05 15:28:15 Skip position 398 due to unpassed quality test
2025-05-05 15:28:15 Parsing SNP at position 431
2025-05-05 15:28:15 Skip position 431 due to unpassed quality test
2025-05-05 15:28:15 Parsing SNP at position 473
2025-05-05 15:28:15 Skip position 473 due to unpassed quality test
2025-05-05 15:28:15 Parsing SNP at position 476
2025-05-05 15:28:15 Skip position 476 due to unpassed quality test
2025-05-05 15:28:15 Parsing SNP at position 484
2025-05-05 15:28:15 Skip position 484 due to unpassed quality test
2025-05-05 15:28:15 Parsing SNP at position 534
2025-05-05 15:28:15 Skip position 534 due to unpassed quality test
2025-05-05 15:28:15 Parsing SNP at position 537
2025-05-05 15:28:15 Skip position 537 due to unpassed quality test
2025-05-05 15:28:15 Parsing SNP at position 636
2025-05-05 15:28:15 Skip position 636 due to unpassed quality test
2025-05-05 15:28:15 Parsing SNP at position 645
2025-05-05 15:28:15 Skip position 645 due to unpassed quality test
2025-05-05 15:28:15 Parsing SNP at position 660
2025-05-05 15:28:15 Skip position 660 due to unpassed quality test
2025-05-05 15:28:15 Parsing SNP at position 666
2025-05-05 15:28:15 Skip position 666 due to unpassed quality test
2025-05-05 15:28:15 Parsing SNP at position 684
2025-05-05 15:28:15 Skip position 684 due to unpassed quality test
2025-05-05 15:28:15 Parsing SNP at position 691
2025-05-05 15:28:15 Skip position 691 due to unpassed quality test
2025-05-05 15:28:15 Parsing SNP at position 692
2025-05-05 15:28:15 Skip position 692 due to unpassed quality test
2025-05-05 15:28:15 Parsing SNP at position 703
2025-05-05 15:28:15 Skip position 703 due to unpassed quality test
2025-05-05 15:28:15 Parsing SNP at position 705
2025-05-05 15:28:15 Skip position 705 due to unpassed quality test
2025-05-05 15:28:15 Parsing SNP at position 717
2025-05-05 15:28:15 Skip position 717 due to unpassed quality test
2025-05-05 15:28:15 Parsing SNP at position 720
2025-05-05 15:28:15 Skip position 720 due to unpassed quality test
2025-05-05 15:28:15 Parsing SNP at position 727
2025-05-05 15:28:15 Skip position 727 due to unpassed quality test
2025-05-05 15:28:15 Parsing SNP at position 738
2025-05-05 15:28:15 Skip position 738 due to unpassed quality test
2025-05-05 15:28:15 Parsing SNP at position 751
2025-05-05 15:28:15 Skip position 751 due to unpassed quality test
2025-05-05 15:28:15 Parsing SNP at position 754
2025-05-05 15:28:15 Skip position 754 due to unpassed quality test
2025-05-05 15:28:15 Parsing SNP at position 763
2025-05-05 15:28:15 Skip position 763 due to unpassed quality test
2025-05-05 15:28:15 Parsing SNP at position 765
2025-05-05 15:28:15 Skip position 765 due to unpassed quality test
2025-05-05 15:28:15 Parsing SNP at position 770
2025-05-05 15:28:15 Skip position 770 due to unpassed quality test
2025-05-05 15:28:15 Parsing SNP at position 777
2025-05-05 15:28:15 Skip position 777 due to unpassed quality test
2025-05-05 15:28:15 Parsing SNP at position 780
2025-05-05 15:28:15 Skip position 780 due to unpassed quality test
2025-05-05 15:28:15 Parsing SNP at position 789
2025-05-05 15:28:15 Skip position 789 due to unpassed quality test
2025-05-05 15:28:15 Parsing SNP at position 798
2025-05-05 15:28:15 Skip position 798 due to unpassed quality test
2025-05-05 15:28:15 Parsing SNP at position 805
2025-05-05 15:28:15 Skip position 805 due to unpassed quality test
2025-05-05 15:28:15 Parsing SNP at position 831
2025-05-05 15:28:15 Skip position 831 due to unpassed quality test
2025-05-05 15:28:15 Parsing SNP at position 837
2025-05-05 15:28:15 Skip position 837 due to unpassed quality test
2025-05-05 15:28:15 Parsing SNP at position 840
2025-05-05 15:28:15 Skip position 840 due to unpassed quality test
2025-05-05 15:28:15 Parsing SNP at position 841
2025-05-05 15:28:15 Skip position 841 due to unpassed quality test
2025-05-05 15:28:15 Parsing SNP at position 846
2025-05-05 15:28:15 Skip position 846 due to unpassed quality test
2025-05-05 15:28:15 Parsing SNP at position 861
2025-05-05 15:28:15 Skip position 861 due to unpassed quality test
2025-05-05 15:28:15 Parsing SNP at position 864
2025-05-05 15:28:15 Skip position 864 due to unpassed quality test
2025-05-05 15:28:15 Parsing SNP at position 870
2025-05-05 15:28:15 Skip position 870 due to unpassed quality test
2025-05-05 15:28:15 Parsing SNP at position 873
2025-05-05 15:28:15 Skip position 873 due to unpassed quality test
2025-05-05 15:28:15 Parsing SNP at position 879
2025-05-05 15:28:15 Skip position 879 due to unpassed quality test
2025-05-05 15:28:15 Parsing SNP at position 888
2025-05-05 15:28:15 Skip position 888 due to unpassed quality test
2025-05-05 15:28:15 Parsing SNP at position 891
2025-05-05 15:28:15 Skip position 891 due to unpassed quality test
2025-05-05 15:28:15 Parsing SNP at position 892
2025-05-05 15:28:15 Skip position 892 due to unpassed quality test
2025-05-05 15:28:15 Parsing SNP at position 896
2025-05-05 15:28:15 Skip position 896 due to unpassed quality test
2025-05-05 15:28:15 Parsing SNP at position 915
2025-05-05 15:28:15 Skip position 915 due to unpassed quality test
2025-05-05 15:28:15 Parsing SNP at position 918
2025-05-05 15:28:15 Skip position 918 due to unpassed quality test
2025-05-05 15:28:15 Parsing SNP at position 919
2025-05-05 15:28:15 Skip position 919 due to unpassed quality test
2025-05-05 15:28:15 Parsing SNP at position 921
2025-05-05 15:28:15 Skip position 921 due to unpassed quality test
2025-05-05 15:28:15 Parsing SNP at position 933
2025-05-05 15:28:15 Skip position 933 due to unpassed quality test
2025-05-05 15:28:15 Parsing SNP at position 939
2025-05-05 15:28:15 Skip position 939 due to unpassed quality test
2025-05-05 15:28:15 Parsing SNP at position 948
2025-05-05 15:28:15 Skip position 948 due to unpassed quality test
2025-05-05 15:28:15 Parsing SNP at position 951
2025-05-05 15:28:15 Skip position 951 due to unpassed quality test
2025-05-05 15:28:15 Parsing SNP at position 963
2025-05-05 15:28:15 Skip position 963 due to unpassed quality test
2025-05-05 15:28:15 Parsing SNP at position 969
2025-05-05 15:28:15 Skip position 969 due to unpassed quality test
2025-05-05 15:28:15 Parsing SNP at position 970
2025-05-05 15:28:15 Skip position 970 due to unpassed quality test
2025-05-05 15:28:15 Parsing SNP at position 972
2025-05-05 15:28:15 Skip position 972 due to unpassed quality test
2025-05-05 15:28:15 Parsing SNP at position 978
2025-05-05 15:28:15 Skip position 978 due to unpassed quality test
2025-05-05 15:28:15 Parsing SNP at position 993
2025-05-05 15:28:15 Skip position 993 due to unpassed quality test
2025-05-05 15:28:15 Parsing SNP at position 1020
2025-05-05 15:28:15 Skip position 1020 due to unpassed quality test
2025-05-05 15:28:15 Parsing SNP at position 1055
2025-05-05 15:28:15 Skip position 1055 due to unpassed quality test
2025-05-05 15:28:15 Parsing SNP at position 1081
2025-05-05 15:28:15 Skip position 1081 due to unpassed quality test
2025-05-05 15:28:15 Parsing SNP at position 1090
2025-05-05 15:28:15 Skip position 1090 due to unpassed quality test
2025-05-05 15:28:15 Parsing SNP at position 1105
2025-05-05 15:28:15 Skip position 1105 due to unpassed quality test
2025-05-05 15:28:15 Parsing SNP at position 1110
2025-05-05 15:28:15 Skip position 1110 due to unpassed quality test
2025-05-05 15:28:15 Parsing SNP at position 1138
2025-05-05 15:28:15 Skip position 1138 due to unpassed quality test
2025-05-05 15:28:15 Parsing SNP at position 1141
2025-05-05 15:28:15 Skip position 1141 due to unpassed quality test
2025-05-05 15:28:15 Parsing SNP at position 1144
2025-05-05 15:28:15 Skip position 1144 due to unpassed quality test
2025-05-05 15:28:15 Parsing SNP at position 1147
2025-05-05 15:28:15 Skip position 1147 due to unpassed quality test
2025-05-05 15:28:15 Parsing SNP at position 1150
2025-05-05 15:28:15 Skip position 1150 due to unpassed quality test
2025-05-05 15:28:15 Parsing SNP at position 1153
2025-05-05 15:28:15 Skip position 1153 due to unpassed quality test
2025-05-05 15:28:15 Parsing SNP at position 1181
2025-05-05 15:28:15 Skip position 1181 due to unpassed quality test
2025-05-05 15:28:15 Parsing SNP at position 1184
2025-05-05 15:28:15 Skip position 1184 due to unpassed quality test
2025-05-05 15:28:15 Parsing SNP at position 1186
2025-05-05 15:28:15 Skip position 1186 due to unpassed quality test
2025-05-05 15:28:15 Parsing SNP at position 1192
2025-05-05 15:28:15 Skip position 1192 due to unpassed quality test
2025-05-05 15:28:15 Parsing SNP at position 1204
2025-05-05 15:28:15 Skip position 1204 due to unpassed quality test
2025-05-05 15:28:15 Parsing SNP at position 1240
2025-05-05 15:28:15 Skip position 1240 due to unpassed quality test
2025-05-05 15:28:15 Parsing SNP at position 1253
2025-05-05 15:28:15 Skip position 1253 due to unpassed quality test
2025-05-05 15:28:15 Parsing SNP at position 1255
2025-05-05 15:28:15 Skip position 1255 due to unpassed quality test
2025-05-05 15:28:15 Parsing SNP at position 1270
2025-05-05 15:28:15 Skip position 1270 due to unpassed quality test
2025-05-05 15:28:15 Parsing SNP at position 1275
2025-05-05 15:28:15 Skip position 1275 due to unpassed quality test
2025-05-05 15:28:15 Parsing SNP at position 1309
2025-05-05 15:28:15 Skip position 1309 due to unpassed quality test
2025-05-05 15:28:15 Parsing SNP at position 1319
2025-05-05 15:28:15 Skip position 1319 due to unpassed quality test
2025-05-05 15:28:15 Parsing SNP at position 1324
2025-05-05 15:28:15 Skip position 1324 due to unpassed quality test
2025-05-05 15:28:15 Parsing SNP at position 1326
2025-05-05 15:28:15 Skip position 1326 due to unpassed quality test
2025-05-05 15:28:15 Parsing SNP at position 1330
2025-05-05 15:28:15 Skip position 1330 due to unpassed quality test
2025-05-05 15:28:15 Parsing SNP at position 1339
2025-05-05 15:28:15 Skip position 1339 due to unpassed quality test
2025-05-05 15:28:15 Parsing SNP at position 1344
2025-05-05 15:28:15 Skip position 1344 due to unpassed quality test
2025-05-05 15:28:15 Parsing SNP at position 1348
2025-05-05 15:28:15 Skip position 1348 due to unpassed quality test
2025-05-05 15:28:15 Parsing SNP at position 1375
2025-05-05 15:28:15 Skip position 1375 due to unpassed quality test
2025-05-05 15:28:15 Parsing SNP at position 1384
2025-05-05 15:28:15 Skip position 1384 due to unpassed quality test
2025-05-05 15:28:15 Parsing SNP at position 1386
2025-05-05 15:28:15 Skip position 1386 due to unpassed quality test
2025-05-05 15:28:15 Parsing SNP at position 1392
2025-05-05 15:28:15 Skip position 1392 due to unpassed quality test
2025-05-05 15:28:15 Parsing SNP at position 1395
2025-05-05 15:28:15 Skip position 1395 due to unpassed quality test
2025-05-05 15:28:15 Parsing SNP at position 1398
2025-05-05 15:28:15 Skip position 1398 due to unpassed quality test
2025-05-05 15:28:15 Parsing SNP at position 1404
2025-05-05 15:28:15 Skip position 1404 due to unpassed quality test
2025-05-05 15:28:15 Parsing SNP at position 1408
2025-05-05 15:28:15 Skip position 1408 due to unpassed quality test
2025-05-05 15:28:15 Parsing SNP at position 1409
2025-05-05 15:28:15 Skip position 1409 due to unpassed quality test
2025-05-05 15:28:15 Parsing SNP at position 1426
2025-05-05 15:28:15 Skip position 1426 due to unpassed quality test
2025-05-05 15:28:15 Parsing SNP at position 1431
2025-05-05 15:28:15 Skip position 1431 due to unpassed quality test
2025-05-05 15:28:15 Parsing SNP at position 1446
2025-05-05 15:28:15 Skip position 1446 due to unpassed quality test
2025-05-05 15:28:15 Parsing SNP at position 1464
2025-05-05 15:28:15 Skip position 1464 due to unpassed quality test
2025-05-05 15:28:15 Parsing SNP at position 1465
2025-05-05 15:28:15 Skip position 1465 due to unpassed quality test
2025-05-05 15:28:15 Parsing SNP at position 1466
2025-05-05 15:28:15 Skip position 1466 due to unpassed quality test
2025-05-05 15:28:15 Parsing SNP at position 1475
2025-05-05 15:28:15 Skip position 1475 due to unpassed quality test
2025-05-05 15:28:15 Parsing SNP at position 1524
2025-05-05 15:28:15 Skip position 1524 due to unpassed quality test
2025-05-05 15:28:15 Parsing SNP at position 1586
2025-05-05 15:28:15 Skip position 1586 due to unpassed quality test
2025-05-05 15:28:15 Parsing SNP at position 1592
2025-05-05 15:28:15 Skip position 1592 due to unpassed quality test
2025-05-05 15:28:15 Parsing SNP at position 1593
2025-05-05 15:28:15 Skip position 1593 due to unpassed quality test
2025-05-05 15:28:15 Parsing SNP at position 1599
2025-05-05 15:28:15 Skip position 1599 due to unpassed quality test
2025-05-05 15:28:15 Parsing SNP at position 1620
2025-05-05 15:28:15 Skip position 1620 due to unpassed quality test
2025-05-05 15:28:15 Parsing SNP at position 1623
2025-05-05 15:28:15 Skip position 1623 due to unpassed quality test
2025-05-05 15:28:15 Parsing SNP at position 1629
2025-05-05 15:28:15 Skip position 1629 due to unpassed quality test
2025-05-05 15:28:15 Parsing SNP at position 1644
2025-05-05 15:28:15 Skip position 1644 due to unpassed quality test
2025-05-05 15:28:15 Parsing SNP at position 1666
2025-05-05 15:28:15 Skip position 1666 due to unpassed quality test
2025-05-05 15:28:15 Parsing SNP at position 1699
2025-05-05 15:28:15 Skip position 1699 due to unpassed quality test
2025-05-05 15:28:15 Parsing SNP at position 1707
2025-05-05 15:28:15 Skip position 1707 due to unpassed quality test
2025-05-05 15:28:15 Parsing SNP at position 1753
2025-05-05 15:28:15 Skip position 1753 due to unpassed quality test
2025-05-05 15:28:15 Parsing SNP at position 1780
2025-05-05 15:28:15 Skip position 1780 due to unpassed quality test
2025-05-05 15:28:15 Parsing SNP at position 1781
2025-05-05 15:28:15 Skip position 1781 due to unpassed quality test
2025-05-05 15:28:15 Parsing SNP at position 1790
2025-05-05 15:28:15 Skip position 1790 due to unpassed quality test
2025-05-05 15:28:15 Parsing SNP at position 2145
2025-05-05 15:28:15 Skip position 2145 due to unpassed quality test
2025-05-05 15:28:15 Parsing SNP at position 2148
2025-05-05 15:28:15 Skip position 2148 due to unpassed quality test
2025-05-05 15:28:15 Parsing SNP at position 2154
2025-05-05 15:28:15 Skip position 2154 due to unpassed quality test
2025-05-05 15:28:15 Parsing SNP at position 2169
2025-05-05 15:28:15 Skip position 2169 due to unpassed quality test
2025-05-05 15:28:15 Parsing SNP at position 2199
2025-05-05 15:28:15 Skip position 2199 due to unpassed quality test
2025-05-05 15:28:15 Parsing SNP at position 2346
2025-05-05 15:28:15 Skip position 2346 due to unpassed quality test
2025-05-05 15:28:15 Parsing SNP at position 2355
2025-05-05 15:28:15 Skip position 2355 due to unpassed quality test
2025-05-05 15:28:15 Parsing SNP at position 2511
2025-05-05 15:28:15 Skip position 2511 due to unpassed quality test
2025-05-05 15:28:15 Parsing SNP at position 2658
2025-05-05 15:28:15 Skip position 2658 due to unpassed quality test
2025-05-05 15:28:15 Parsing SNP at position 2849
2025-05-05 15:28:15 Skip position 2849 due to unpassed quality test
2025-05-05 15:28:15 Parsing SNP at position 2866
2025-05-05 15:28:15 Skip position 2866 due to unpassed quality test
2025-05-05 15:28:15 Parsing SNP at position 2867
2025-05-05 15:28:15 Skip position 2867 due to unpassed quality test
2025-05-05 15:28:15 Parsing SNP at position 2879
2025-05-05 15:28:15 Skip position 2879 due to unpassed quality test
2025-05-05 15:28:15 Parsing SNP at position 2935
2025-05-05 15:28:15 Skip position 2935 due to unpassed quality test
2025-05-05 15:28:15 Parsing SNP at position 2938
2025-05-05 15:28:15 Skip position 2938 due to unpassed quality test
2025-05-05 15:28:15 Parsing SNP at position 2948
2025-05-05 15:28:15 Skip position 2948 due to unpassed quality test
2025-05-05 15:28:15 Parsing SNP at position 2950
2025-05-05 15:28:15 Skip position 2950 due to unpassed quality test
2025-05-05 15:28:15 Parsing SNP at position 2951
2025-05-05 15:28:15 Skip position 2951 due to unpassed quality test
2025-05-05 15:28:15 Parsing SNP at position 2957
2025-05-05 15:28:15 Skip position 2957 due to unpassed quality test
2025-05-05 15:28:15 Parsing SNP at position 2958
2025-05-05 15:28:15 Skip position 2958 due to unpassed quality test
2025-05-05 15:28:15 Parsing SNP at position 2978
2025-05-05 15:28:15 Skip position 2978 due to unpassed quality test
2025-05-05 15:28:15 Parsing SNP at position 2983
2025-05-05 15:28:15 Skip position 2983 due to unpassed quality test
2025-05-05 15:28:15 Parsing SNP at position 2985
2025-05-05 15:28:15 Skip position 2985 due to unpassed quality test
2025-05-05 15:28:15 Parsing SNP at position 2986
2025-05-05 15:28:15 Skip position 2986 due to unpassed quality test
2025-05-05 15:28:15 Parsing SNP at position 2992
2025-05-05 15:28:15 Skip position 2992 due to unpassed quality test
2025-05-05 15:28:15 Parsing SNP at position 3008
2025-05-05 15:28:15 Skip position 3008 due to unpassed quality test
2025-05-05 15:28:15 Parsing SNP at position 3012
2025-05-05 15:28:15 Skip position 3012 due to unpassed quality test
2025-05-05 15:28:15 Parsing SNP at position 3024
2025-05-05 15:28:15 Skip position 3024 due to unpassed quality test
2025-05-05 15:28:15 Parsing SNP at position 3026
2025-05-05 15:28:15 Skip position 3026 due to unpassed quality test
2025-05-05 15:28:15 Parsing SNP at position 3032
2025-05-05 15:28:15 Skip position 3032 due to unpassed quality test
2025-05-05 15:28:15 Parsing SNP at position 3035
2025-05-05 15:28:15 Skip position 3035 due to unpassed quality test
2025-05-05 15:28:15 Parsing SNP at position 3045
2025-05-05 15:28:15 Skip position 3045 due to unpassed quality test
2025-05-05 15:28:15 Parsing SNP at position 3052
2025-05-05 15:28:15 Skip position 3052 due to unpassed quality test
2025-05-05 15:28:15 Parsing SNP at position 3057
2025-05-05 15:28:15 Skip position 3057 due to unpassed quality test
2025-05-05 15:28:15 Parsing SNP at position 3059
2025-05-05 15:28:15 Skip position 3059 due to unpassed quality test
2025-05-05 15:28:15 Parsing SNP at position 3067
2025-05-05 15:28:15 Skip position 3067 due to unpassed quality test
2025-05-05 15:28:15 Parsing SNP at position 3069
2025-05-05 15:28:15 Skip position 3069 due to unpassed quality test
2025-05-05 15:28:15 Parsing SNP at position 3104
2025-05-05 15:28:15 Skip position 3104 due to unpassed quality test
2025-05-05 15:28:15 WARNING: None variant had been retained during the filtration process.
2025-05-05 15:28:15 Writting results
2025-05-05 15:28:15 Running time: 0h:0m:0s::21
SYSTEM INFO: os: Linux
SYSTEM INFO: os version: #1 SMP Tue Nov 5 00:21:55 UTC 2024
SYSTEM INFO: CPU: 12
