This is cutadapt 5.0 with Python 3.10.14
Command line parameters: -j 10 -a file:HBV_primer.fasta --discard-untrimmed -m 150 -M 1200 -q 10 -o barcode06_trim_reads.fastq.gz barcode06.fastq
Processing single-end reads on 10 cores ...

=== Summary ===

Total reads processed:                  21,361
Reads with adapters:                    20,215 (94.6%)

== Read fate breakdown ==
Reads that were too short:              19,533 (91.4%)
Reads that were too long:                1,059 (5.0%)
Reads discarded as untrimmed:              297 (1.4%)
Reads written (passing filters):           472 (2.2%)

Total basepairs processed:    67,519,926 bp
Quality-trimmed:                 137,764 bp (0.2%)
Total written (filtered):        209,057 bp (0.3%)

=== Adapter P1bis ===

Sequence: TTCACCTCTGCCTAATCA; Type: regular 3'; Length: 18; Trimmed: 535 times

Minimum overlap: 3
No. of allowed errors:
1-9 bp: 0; 10-18 bp: 1

Bases preceding removed adapters:
  A: 3.0%
  C: 13.3%
  G: 6.7%
  T: 74.2%
  none/other: 2.8%

Overview of removed sequences
length	count	expect	max.err	error counts
3	7	333.8	0	7
4	17	83.4	0	17
5	2	20.9	0	2
6	8	5.2	0	8
8	5	0.3	0	5
9	1	0.1	0	1
10	21	0.0	1	1 20
13	12	0.0	1	8 4
14	1	0.0	1	0 1
16	2	0.0	1	0 2
18	1	0.0	1	0 1
19	4	0.0	1	0 4
20	1	0.0	1	0 1
23	1	0.0	1	0 1
25	2	0.0	1	0 2
31	2	0.0	1	1 1
35	1	0.0	1	0 1
36	2	0.0	1	0 2
37	1	0.0	1	0 1
38	3	0.0	1	1 2
40	2	0.0	1	0 2
45	3	0.0	1	0 3
57	1	0.0	1	0 1
58	1	0.0	1	0 1
59	1	0.0	1	0 1
60	1	0.0	1	0 1
61	2	0.0	1	0 2
63	1	0.0	1	1
64	1	0.0	1	0 1
67	1	0.0	1	0 1
68	1	0.0	1	0 1
69	1	0.0	1	0 1
75	1	0.0	1	0 1
77	1	0.0	1	1
80	2	0.0	1	0 2
82	1	0.0	1	0 1
84	4	0.0	1	0 4
86	1	0.0	1	0 1
88	2	0.0	1	0 2
89	1	0.0	1	0 1
91	1	0.0	1	0 1
92	1	0.0	1	0 1
93	1	0.0	1	0 1
95	1	0.0	1	0 1
96	1	0.0	1	0 1
98	1	0.0	1	0 1
99	1	0.0	1	0 1
102	2	0.0	1	0 2
104	1	0.0	1	0 1
106	1	0.0	1	0 1
107	1	0.0	1	0 1
110	1	0.0	1	0 1
112	1	0.0	1	0 1
115	1	0.0	1	0 1
118	1	0.0	1	0 1
120	1	0.0	1	0 1
123	1	0.0	1	0 1
124	1	0.0	1	0 1
127	1	0.0	1	0 1
128	1	0.0	1	0 1
131	1	0.0	1	0 1
136	2	0.0	1	0 2
137	1	0.0	1	0 1
140	1	0.0	1	0 1
142	1	0.0	1	0 1
145	2	0.0	1	0 2
151	2	0.0	1	1 1
157	1	0.0	1	0 1
159	2	0.0	1	0 2
162	1	0.0	1	0 1
165	1	0.0	1	0 1
166	2	0.0	1	0 2
167	1	0.0	1	0 1
169	1	0.0	1	0 1
170	1	0.0	1	0 1
171	1	0.0	1	0 1
173	1	0.0	1	0 1
174	1	0.0	1	0 1
176	2	0.0	1	0 2
177	1	0.0	1	0 1
178	1	0.0	1	0 1
185	1	0.0	1	0 1
187	1	0.0	1	0 1
199	1	0.0	1	0 1
201	1	0.0	1	0 1
203	1	0.0	1	0 1
204	1	0.0	1	0 1
205	2	0.0	1	0 2
206	1	0.0	1	0 1
208	1	0.0	1	0 1
211	2	0.0	1	1 1
214	2	0.0	1	0 2
215	1	0.0	1	0 1
217	1	0.0	1	0 1
218	1	0.0	1	0 1
221	1	0.0	1	0 1
228	1	0.0	1	0 1
230	1	0.0	1	0 1
232	1	0.0	1	0 1
235	2	0.0	1	0 2
237	1	0.0	1	0 1
240	2	0.0	1	0 2
247	1	0.0	1	0 1
248	3	0.0	1	0 3
252	1	0.0	1	0 1
253	1	0.0	1	0 1
256	2	0.0	1	0 2
258	1	0.0	1	0 1
260	1	0.0	1	1
266	1	0.0	1	0 1
267	1	0.0	1	0 1
269	2	0.0	1	0 2
270	1	0.0	1	0 1
271	1	0.0	1	0 1
273	1	0.0	1	0 1
274	1	0.0	1	0 1
275	1	0.0	1	0 1
278	1	0.0	1	0 1
279	1	0.0	1	0 1
280	2	0.0	1	0 2
282	1	0.0	1	0 1
284	1	0.0	1	0 1
285	1	0.0	1	0 1
291	1	0.0	1	0 1
292	4	0.0	1	0 4
294	1	0.0	1	0 1
296	1	0.0	1	0 1
297	1	0.0	1	0 1
299	1	0.0	1	0 1
301	1	0.0	1	0 1
307	1	0.0	1	0 1
308	1	0.0	1	0 1
309	1	0.0	1	0 1
313	1	0.0	1	0 1
314	1	0.0	1	0 1
317	1	0.0	1	0 1
319	1	0.0	1	0 1
320	1	0.0	1	0 1
321	1	0.0	1	0 1
323	2	0.0	1	0 2
324	1	0.0	1	0 1
325	1	0.0	1	0 1
326	1	0.0	1	0 1
327	4	0.0	1	0 4
329	1	0.0	1	0 1
330	2	0.0	1	0 2
332	1	0.0	1	0 1
333	1	0.0	1	0 1
334	1	0.0	1	0 1
335	2	0.0	1	0 2
336	1	0.0	1	0 1
338	1	0.0	1	0 1
339	1	0.0	1	0 1
341	1	0.0	1	0 1
344	2	0.0	1	0 2
345	1	0.0	1	0 1
350	2	0.0	1	0 2
357	4	0.0	1	1 3
359	1	0.0	1	0 1
360	1	0.0	1	0 1
362	1	0.0	1	0 1
363	2	0.0	1	0 2
372	1	0.0	1	0 1
375	1	0.0	1	0 1
379	1	0.0	1	0 1
384	2	0.0	1	0 2
386	1	0.0	1	0 1
387	1	0.0	1	0 1
388	1	0.0	1	0 1
391	1	0.0	1	0 1
392	1	0.0	1	0 1
395	2	0.0	1	0 2
402	1	0.0	1	0 1
403	1	0.0	1	0 1
411	1	0.0	1	0 1
412	1	0.0	1	0 1
413	2	0.0	1	0 2
415	1	0.0	1	1
416	4	0.0	1	0 4
418	1	0.0	1	0 1
423	1	0.0	1	0 1
424	2	0.0	1	0 2
429	1	0.0	1	0 1
430	1	0.0	1	0 1
432	1	0.0	1	0 1
433	1	0.0	1	0 1
435	1	0.0	1	0 1
436	1	0.0	1	0 1
440	1	0.0	1	0 1
445	2	0.0	1	0 2
448	1	0.0	1	0 1
449	1	0.0	1	0 1
457	1	0.0	1	0 1
459	3	0.0	1	0 3
460	1	0.0	1	0 1
462	1	0.0	1	0 1
466	2	0.0	1	0 2
468	2	0.0	1	0 2
469	2	0.0	1	0 2
470	1	0.0	1	0 1
471	1	0.0	1	0 1
473	1	0.0	1	0 1
474	1	0.0	1	0 1
478	1	0.0	1	0 1
479	2	0.0	1	0 2
483	1	0.0	1	0 1
486	1	0.0	1	0 1
488	1	0.0	1	0 1
489	1	0.0	1	0 1
490	1	0.0	1	0 1
492	1	0.0	1	0 1
495	2	0.0	1	0 2
496	1	0.0	1	0 1
500	1	0.0	1	0 1
505	1	0.0	1	0 1
511	1	0.0	1	1
514	1	0.0	1	0 1
515	1	0.0	1	0 1
516	1	0.0	1	0 1
520	2	0.0	1	0 2
521	1	0.0	1	0 1
522	1	0.0	1	0 1
524	1	0.0	1	0 1
527	1	0.0	1	0 1
533	2	0.0	1	0 2
539	1	0.0	1	0 1
540	1	0.0	1	0 1
552	2	0.0	1	0 2
557	1	0.0	1	0 1
560	2	0.0	1	1 1
561	1	0.0	1	0 1
562	2	0.0	1	0 2
564	1	0.0	1	0 1
565	1	0.0	1	0 1
566	1	0.0	1	0 1
567	1	0.0	1	0 1
568	1	0.0	1	0 1
574	1	0.0	1	0 1
575	1	0.0	1	0 1
577	1	0.0	1	0 1
579	1	0.0	1	0 1
583	1	0.0	1	0 1
588	1	0.0	1	0 1
589	1	0.0	1	0 1
594	1	0.0	1	0 1
595	1	0.0	1	0 1
599	1	0.0	1	0 1
600	1	0.0	1	0 1
602	1	0.0	1	0 1
610	1	0.0	1	0 1
614	1	0.0	1	0 1
619	1	0.0	1	0 1
630	1	0.0	1	0 1
640	1	0.0	1	0 1
645	1	0.0	1	0 1
647	1	0.0	1	0 1
652	1	0.0	1	0 1
658	1	0.0	1	0 1
660	1	0.0	1	0 1
665	1	0.0	1	0 1
667	1	0.0	1	0 1
671	1	0.0	1	0 1
672	1	0.0	1	0 1
676	1	0.0	1	0 1
677	1	0.0	1	0 1
678	2	0.0	1	0 2
684	2	0.0	1	0 2
685	1	0.0	1	0 1
686	1	0.0	1	0 1
687	1	0.0	1	0 1
694	1	0.0	1	0 1
702	2	0.0	1	0 2
708	1	0.0	1	0 1
714	2	0.0	1	0 2
718	1	0.0	1	0 1
723	1	0.0	1	0 1
727	1	0.0	1	0 1
729	2	0.0	1	0 2
732	1	0.0	1	0 1
738	1	0.0	1	0 1
755	1	0.0	1	0 1
774	1	0.0	1	0 1
779	1	0.0	1	0 1
790	1	0.0	1	0 1
791	1	0.0	1	0 1
796	1	0.0	1	0 1
798	1	0.0	1	0 1
800	1	0.0	1	0 1
802	1	0.0	1	0 1
808	1	0.0	1	0 1
814	1	0.0	1	0 1
815	1	0.0	1	0 1
819	1	0.0	1	0 1
821	1	0.0	1	0 1
825	1	0.0	1	0 1
828	1	0.0	1	0 1
830	1	0.0	1	0 1
834	1	0.0	1	0 1
841	1	0.0	1	0 1
848	2	0.0	1	1 1
851	1	0.0	1	0 1
852	1	0.0	1	0 1
859	1	0.0	1	0 1
866	1	0.0	1	0 1
871	1	0.0	1	0 1
875	1	0.0	1	0 1
890	1	0.0	1	0 1
901	1	0.0	1	0 1
906	1	0.0	1	0 1
931	1	0.0	1	0 1
933	1	0.0	1	0 1
934	1	0.0	1	0 1
935	1	0.0	1	0 1
938	1	0.0	1	0 1
941	2	0.0	1	0 2
948	1	0.0	1	0 1
972	1	0.0	1	0 1
991	1	0.0	1	0 1
1016	2	0.0	1	0 2
1024	1	0.0	1	0 1
1028	1	0.0	1	1
1062	1	0.0	1	0 1
1066	1	0.0	1	0 1
1070	1	0.0	1	0 1
1079	1	0.0	1	0 1
1080	1	0.0	1	0 1
1081	1	0.0	1	0 1
1089	1	0.0	1	0 1
1097	1	0.0	1	0 1
1098	1	0.0	1	0 1
1144	1	0.0	1	0 1
1149	1	0.0	1	0 1
1168	1	0.0	1	0 1
1177	1	0.0	1	0 1
1194	1	0.0	1	0 1
1202	1	0.0	1	0 1
1220	1	0.0	1	0 1
1222	1	0.0	1	0 1
1241	1	0.0	1	0 1
1244	1	0.0	1	0 1
1248	1	0.0	1	0 1
1264	1	0.0	1	0 1
1267	1	0.0	1	0 1
1271	1	0.0	1	0 1
1273	1	0.0	1	0 1
1333	1	0.0	1	0 1
1356	1	0.0	1	0 1
1358	1	0.0	1	0 1
1363	1	0.0	1	0 1
1416	1	0.0	1	0 1
1452	1	0.0	1	0 1
1591	2	0.0	1	0 2
1627	1	0.0	1	0 1
1689	1	0.0	1	0 1
1766	1	0.0	1	0 1
1810	1	0.0	1	0 1
1951	1	0.0	1	1
1960	1	0.0	1	1
2068	1	0.0	1	0 1
2190	1	0.0	1	0 1
2192	1	0.0	1	1
2302	1	0.0	1	0 1
2345	1	0.0	1	0 1
2382	1	0.0	1	0 1
2393	1	0.0	1	1
2440	1	0.0	1	0 1
2443	1	0.0	1	0 1
2525	1	0.0	1	0 1
2698	1	0.0	1	1
2702	1	0.0	1	0 1
3033	1	0.0	1	1
3116	1	0.0	1	0 1
3136	1	0.0	1	0 1
3162	1	0.0	1	0 1
3169	1	0.0	1	0 1
3196	1	0.0	1	1
3206	1	0.0	1	1
3210	1	0.0	1	0 1
3216	2	0.0	1	1 1
3218	2	0.0	1	2
3220	1	0.0	1	1
3224	1	0.0	1	1
3226	1	0.0	1	1
3232	1	0.0	1	0 1
3257	1	0.0	1	0 1
3291	1	0.0	1	0 1
3331	1	0.0	1	0 1
3623	1	0.0	1	0 1
3963	1	0.0	1	0 1


=== Adapter P2bis ===

Sequence: AAAAAGTTGCATGGTGCTGG; Type: regular 3'; Length: 20; Trimmed: 742 times

Minimum overlap: 3
No. of allowed errors:
1-9 bp: 0; 10-19 bp: 1; 20 bp: 2

Bases preceding removed adapters:
  A: 0.5%
  C: 0.7%
  G: 30.3%
  T: 5.8%
  none/other: 62.7%

Overview of removed sequences
length	count	expect	max.err	error counts
3	12	333.8	0	12
4	1	83.4	0	1
5	12	20.9	0	12
6	4	5.2	0	4
7	1	1.3	0	1
8	3	0.3	0	3
9	2	0.1	0	2
10	1	0.0	1	1
11	1	0.0	1	1
12	14	0.0	1	10 4
14	2	0.0	1	1 1
15	2	0.0	1	0 2
23	2	0.0	2	0 0 2
27	1	0.0	2	0 0 1
30	1	0.0	2	0 0 1
34	3	0.0	2	1 1 1
35	1	0.0	2	0 1
40	2	0.0	2	1 0 1
44	2	0.0	2	0 1 1
49	3	0.0	2	0 0 3
51	1	0.0	2	0 0 1
60	1	0.0	2	0 0 1
63	1	0.0	2	0 0 1
68	1	0.0	2	0 0 1
73	2	0.0	2	0 0 2
74	2	0.0	2	0 0 2
84	2	0.0	2	0 2
96	1	0.0	2	0 0 1
98	1	0.0	2	0 0 1
104	1	0.0	2	0 0 1
105	2	0.0	2	0 1 1
106	1	0.0	2	0 1
113	1	0.0	2	1
121	1	0.0	2	0 0 1
124	1	0.0	2	0 0 1
125	1	0.0	2	0 0 1
131	1	0.0	2	0 0 1
132	1	0.0	2	0 0 1
138	1	0.0	2	0 1
141	1	0.0	2	0 0 1
142	1	0.0	2	0 0 1
143	1	0.0	2	0 1
145	1	0.0	2	0 1
155	1	0.0	2	0 0 1
157	1	0.0	2	0 1
164	2	0.0	2	0 1 1
166	2	0.0	2	0 0 2
167	1	0.0	2	0 1
168	2	0.0	2	0 0 2
175	1	0.0	2	0 0 1
176	2	0.0	2	1 0 1
177	2	0.0	2	0 0 2
178	2	0.0	2	0 1 1
180	1	0.0	2	0 0 1
188	1	0.0	2	0 0 1
189	2	0.0	2	1 1
195	1	0.0	2	0 0 1
198	1	0.0	2	0 0 1
212	1	0.0	2	0 0 1
217	1	0.0	2	0 0 1
225	1	0.0	2	0 0 1
228	1	0.0	2	0 1
235	2	0.0	2	0 1 1
239	1	0.0	2	1
243	1	0.0	2	0 1
244	3	0.0	2	0 0 3
249	1	0.0	2	0 0 1
255	1	0.0	2	0 0 1
260	1	0.0	2	0 0 1
262	1	0.0	2	0 0 1
267	2	0.0	2	1 0 1
273	1	0.0	2	1
276	1	0.0	2	1
278	1	0.0	2	1
283	1	0.0	2	0 1
285	1	0.0	2	0 0 1
286	1	0.0	2	0 1
287	1	0.0	2	0 0 1
291	1	0.0	2	0 1
293	1	0.0	2	0 1
298	1	0.0	2	0 0 1
302	1	0.0	2	0 1
303	1	0.0	2	1
305	1	0.0	2	0 1
308	2	0.0	2	0 1 1
313	1	0.0	2	0 1
314	1	0.0	2	0 0 1
323	1	0.0	2	1
324	1	0.0	2	0 0 1
326	1	0.0	2	0 0 1
332	1	0.0	2	1
340	3	0.0	2	1 0 2
342	2	0.0	2	1 1
357	1	0.0	2	0 1
358	1	0.0	2	1
366	1	0.0	2	1
367	1	0.0	2	0 0 1
371	1	0.0	2	0 0 1
380	1	0.0	2	0 1
381	1	0.0	2	0 1
384	1	0.0	2	0 1
390	1	0.0	2	1
393	1	0.0	2	0 0 1
396	1	0.0	2	1
398	2	0.0	2	0 0 2
400	1	0.0	2	0 0 1
403	1	0.0	2	0 0 1
405	1	0.0	2	0 1
409	1	0.0	2	0 1
419	1	0.0	2	0 1
425	2	0.0	2	0 0 2
431	1	0.0	2	0 0 1
433	2	0.0	2	0 0 2
436	1	0.0	2	0 0 1
438	1	0.0	2	0 1
447	2	0.0	2	1 0 1
449	1	0.0	2	1
454	1	0.0	2	0 1
457	1	0.0	2	1
458	2	0.0	2	0 1 1
460	1	0.0	2	0 0 1
462	1	0.0	2	0 1
466	2	0.0	2	1 0 1
471	1	0.0	2	0 1
473	1	0.0	2	0 0 1
474	1	0.0	2	0 0 1
475	1	0.0	2	0 1
476	1	0.0	2	0 1
481	1	0.0	2	0 0 1
485	1	0.0	2	0 0 1
489	1	0.0	2	1
493	1	0.0	2	0 0 1
499	1	0.0	2	0 0 1
501	1	0.0	2	0 0 1
502	1	0.0	2	0 1
507	1	0.0	2	1
510	1	0.0	2	0 0 1
515	1	0.0	2	1
518	1	0.0	2	0 0 1
526	1	0.0	2	0 0 1
527	1	0.0	2	0 0 1
529	1	0.0	2	1
535	1	0.0	2	0 1
543	1	0.0	2	0 1
548	1	0.0	2	0 0 1
563	1	0.0	2	0 1
564	1	0.0	2	0 0 1
570	1	0.0	2	0 0 1
573	1	0.0	2	0 0 1
574	1	0.0	2	1
582	1	0.0	2	0 0 1
591	1	0.0	2	0 0 1
597	1	0.0	2	1
601	1	0.0	2	0 1
604	1	0.0	2	0 1
609	1	0.0	2	0 1
612	2	0.0	2	1 0 1
618	2	0.0	2	1 1
630	1	0.0	2	0 0 1
634	2	0.0	2	1 0 1
635	1	0.0	2	1
636	1	0.0	2	0 0 1
638	1	0.0	2	1
645	1	0.0	2	0 1
648	1	0.0	2	0 1
652	1	0.0	2	1
657	1	0.0	2	0 0 1
662	1	0.0	2	0 0 1
663	1	0.0	2	0 0 1
664	2	0.0	2	1 1
665	1	0.0	2	0 0 1
666	1	0.0	2	0 0 1
670	1	0.0	2	0 0 1
674	1	0.0	2	1
690	1	0.0	2	1
693	1	0.0	2	0 0 1
705	1	0.0	2	0 1
709	1	0.0	2	0 0 1
711	1	0.0	2	0 0 1
712	1	0.0	2	0 1
714	1	0.0	2	0 0 1
719	1	0.0	2	0 1
734	1	0.0	2	1
738	1	0.0	2	0 1
744	1	0.0	2	0 0 1
745	1	0.0	2	0 1
747	1	0.0	2	0 0 1
755	1	0.0	2	0 0 1
758	1	0.0	2	1
767	1	0.0	2	0 0 1
773	1	0.0	2	0 0 1
775	1	0.0	2	1
782	2	0.0	2	0 1 1
786	1	0.0	2	1
790	1	0.0	2	0 1
791	1	0.0	2	0 0 1
796	1	0.0	2	0 0 1
806	2	0.0	2	0 1 1
815	1	0.0	2	0 1
821	1	0.0	2	0 0 1
824	1	0.0	2	0 0 1
829	1	0.0	2	0 0 1
838	1	0.0	2	0 1
852	1	0.0	2	0 0 1
853	1	0.0	2	0 1
859	1	0.0	2	0 0 1
900	1	0.0	2	1
905	1	0.0	2	0 1
913	1	0.0	2	0 1
918	1	0.0	2	0 0 1
922	1	0.0	2	1
926	1	0.0	2	0 0 1
931	1	0.0	2	0 1
941	1	0.0	2	1
944	1	0.0	2	0 1
953	1	0.0	2	0 1
958	1	0.0	2	0 1
959	1	0.0	2	0 0 1
982	1	0.0	2	0 1
986	1	0.0	2	0 0 1
994	1	0.0	2	0 0 1
1017	1	0.0	2	0 0 1
1033	1	0.0	2	0 1
1040	1	0.0	2	0 0 1
1044	1	0.0	2	1
1047	1	0.0	2	1
1048	1	0.0	2	0 0 1
1073	1	0.0	2	0 0 1
1077	1	0.0	2	0 0 1
1081	1	0.0	2	0 0 1
1116	1	0.0	2	0 0 1
1144	1	0.0	2	0 0 1
1148	1	0.0	2	0 1
1155	1	0.0	2	0 1
1158	1	0.0	2	0 1
1174	1	0.0	2	0 0 1
1177	1	0.0	2	0 0 1
1213	1	0.0	2	0 0 1
1219	1	0.0	2	0 1
1231	1	0.0	2	0 0 1
1234	1	0.0	2	0 1
1237	1	0.0	2	0 1
1281	1	0.0	2	0 0 1
1315	1	0.0	2	0 1
1327	2	0.0	2	1 1
1329	2	0.0	2	0 2
1376	1	0.0	2	0 1
1384	1	0.0	2	0 1
1440	1	0.0	2	0 0 1
1441	1	0.0	2	0 0 1
1456	1	0.0	2	0 1
1481	1	0.0	2	0 1
1488	1	0.0	2	1
1505	1	0.0	2	0 1
1551	1	0.0	2	1
1555	1	0.0	2	0 0 1
1561	1	0.0	2	0 0 1
1587	1	0.0	2	0 1
1590	1	0.0	2	0 0 1
1632	1	0.0	2	0 0 1
1664	1	0.0	2	0 1
1687	1	0.0	2	1
1702	2	0.0	2	0 2
1704	1	0.0	2	0 1
1716	1	0.0	2	0 1
1718	1	0.0	2	1
1775	1	0.0	2	1
1801	1	0.0	2	0 1
1807	1	0.0	2	0 0 1
1837	1	0.0	2	0 0 1
1849	1	0.0	2	1
1850	1	0.0	2	1
1857	1	0.0	2	0 1
1878	1	0.0	2	1
1896	1	0.0	2	1
1901	1	0.0	2	0 1
1906	1	0.0	2	1
1907	1	0.0	2	0 1
1919	1	0.0	2	1
1920	1	0.0	2	1
1926	1	0.0	2	0 1
1946	1	0.0	2	0 0 1
1965	1	0.0	2	1
1981	1	0.0	2	1
1990	1	0.0	2	1
2034	1	0.0	2	1
2089	1	0.0	2	1
2144	1	0.0	2	0 0 1
2150	1	0.0	2	0 0 1
2153	1	0.0	2	1
2154	1	0.0	2	1
2174	1	0.0	2	1
2197	1	0.0	2	0 0 1
2222	1	0.0	2	1
2281	1	0.0	2	0 1
2308	1	0.0	2	0 1
2405	1	0.0	2	0 1
2472	1	0.0	2	0 1
2474	1	0.0	2	1
2485	1	0.0	2	0 0 1
2486	1	0.0	2	0 0 1
2494	1	0.0	2	0 1
2569	1	0.0	2	0 1
2577	1	0.0	2	1
2651	1	0.0	2	0 1
2657	1	0.0	2	0 1
2709	1	0.0	2	0 0 1
2761	1	0.0	2	0 1
2783	1	0.0	2	0 1
2849	1	0.0	2	1
2863	1	0.0	2	0 0 1
2959	1	0.0	2	0 1
3007	1	0.0	2	0 1
3008	1	0.0	2	1
3011	1	0.0	2	0 0 1
3012	1	0.0	2	0 1
3017	2	0.0	2	0 2
3028	1	0.0	2	1
3029	1	0.0	2	0 1
3036	1	0.0	2	0 1
3039	1	0.0	2	0 0 1
3040	1	0.0	2	0 0 1
3045	1	0.0	2	0 1
3057	1	0.0	2	0 0 1
3060	1	0.0	2	0 1
3068	1	0.0	2	0 0 1
3091	1	0.0	2	0 1
3096	1	0.0	2	0 0 1
3104	1	0.0	2	1
3105	1	0.0	2	1
3110	1	0.0	2	1
3121	1	0.0	2	1
3122	1	0.0	2	0 0 1
3136	2	0.0	2	0 2
3140	1	0.0	2	0 1
3141	1	0.0	2	1
3146	1	0.0	2	1
3149	1	0.0	2	1
3154	1	0.0	2	1
3155	1	0.0	2	0 0 1
3156	1	0.0	2	0 0 1
3164	1	0.0	2	0 1
3170	1	0.0	2	0 0 1
3171	1	0.0	2	1
3173	2	0.0	2	0 1 1
3174	2	0.0	2	1 1
3175	2	0.0	2	1 0 1
3178	1	0.0	2	0 1
3179	3	0.0	2	1 1 1
3180	2	0.0	2	2
3181	2	0.0	2	0 1 1
3182	1	0.0	2	0 1
3183	1	0.0	2	0 1
3184	2	0.0	2	0 1 1
3185	6	0.0	2	1 4 1
3186	2	0.0	2	1 1
3187	1	0.0	2	0 1
3188	1	0.0	2	1
3189	4	0.0	2	0 4
3190	1	0.0	2	0 0 1
3191	2	0.0	2	1 1
3192	2	0.0	2	0 2
3193	1	0.0	2	0 1
3194	5	0.0	2	2 3
3195	6	0.0	2	1 5
3196	8	0.0	2	0 6 2
3197	7	0.0	2	1 4 2
3198	4	0.0	2	3 1
3199	4	0.0	2	2 0 2
3200	2	0.0	2	1 1
3201	6	0.0	2	2 4
3202	6	0.0	2	4 2
3203	6	0.0	2	4 1 1
3204	7	0.0	2	1 5 1
3205	10	0.0	2	7 3
3206	11	0.0	2	4 5 2
3207	11	0.0	2	6 5
3208	5	0.0	2	1 4
3209	9	0.0	2	1 6 2
3210	5	0.0	2	2 2 1
3211	7	0.0	2	5 2
3212	14	0.0	2	7 6 1
3213	6	0.0	2	3 2 1
3214	7	0.0	2	4 3
3215	8	0.0	2	3 5
3216	4	0.0	2	2 2
3217	8	0.0	2	5 3
3218	5	0.0	2	3 2
3219	4	0.0	2	1 3
3220	1	0.0	2	0 1
3221	1	0.0	2	1
3222	3	0.0	2	2 1
3224	2	0.0	2	1 1
3225	1	0.0	2	0 1
3228	1	0.0	2	0 1
3231	1	0.0	2	1
3232	1	0.0	2	1
3233	1	0.0	2	0 1
3235	1	0.0	2	0 0 1
3238	2	0.0	2	1 1
3239	2	0.0	2	0 1 1
3247	1	0.0	2	0 1
3253	2	0.0	2	1 1
3260	1	0.0	2	0 1
3263	1	0.0	2	0 1
3318	2	0.0	2	2
3329	1	0.0	2	1
3331	1	0.0	2	0 1
3344	1	0.0	2	0 0 1
3369	1	0.0	2	0 0 1
3374	1	0.0	2	0 1
3380	1	0.0	2	1
3383	1	0.0	2	1
3386	1	0.0	2	1
3396	1	0.0	2	0 1
3397	1	0.0	2	1
3409	1	0.0	2	1
3414	1	0.0	2	1
3451	1	0.0	2	1
3460	1	0.0	2	1
3470	1	0.0	2	0 1
3472	1	0.0	2	1
3505	1	0.0	2	1
3531	1	0.0	2	1
3543	1	0.0	2	0 1
3544	1	0.0	2	1
3560	1	0.0	2	0 1
3574	1	0.0	2	0 1
3598	1	0.0	2	0 1
3601	1	0.0	2	0 0 1
3612	1	0.0	2	0 1
3614	2	0.0	2	1 1
3627	1	0.0	2	0 1
3634	1	0.0	2	0 0 1
3666	1	0.0	2	1
3676	1	0.0	2	0 1
3716	1	0.0	2	1
3726	1	0.0	2	0 1
3761	1	0.0	2	1
3762	1	0.0	2	1
3768	1	0.0	2	0 1
3818	1	0.0	2	1
3854	1	0.0	2	0 1
3883	1	0.0	2	0 1
3893	1	0.0	2	0 0 1
3897	1	0.0	2	1
3933	1	0.0	2	1
3938	1	0.0	2	1
3958	1	0.0	2	1
3987	2	0.0	2	2
4009	1	0.0	2	1
4031	1	0.0	2	1
4038	1	0.0	2	1
4160	1	0.0	2	0 1
4268	1	0.0	2	1
4322	1	0.0	2	0 1
4412	1	0.0	2	1
4437	1	0.0	2	1
4604	1	0.0	2	1
4710	1	0.0	2	1
4816	1	0.0	2	0 0 1
4896	1	0.0	2	0 0 1
5113	1	0.0	2	0 1
5880	1	0.0	2	1
6141	1	0.0	2	1
6157	1	0.0	2	1
6280	1	0.0	2	1
6350	1	0.0	2	1
6409	1	0.0	2	0 1
6410	1	0.0	2	0 1
6417	2	0.0	2	1 1
6427	1	0.0	2	0 1
6468	1	0.0	2	0 1
6547	1	0.0	2	0 1
7149	1	0.0	2	0 1
7411	1	0.0	2	0 1
9423	1	0.0	2	0 1
9508	1	0.0	2	1


=== Adapter P0303 ===

Sequence: GCCTCCAAGCTGTGCCTT; Type: regular 3'; Length: 18; Trimmed: 9655 times

Minimum overlap: 3
No. of allowed errors:
1-9 bp: 0; 10-18 bp: 1

Bases preceding removed adapters:
  A: 99.7%
  C: 0.0%
  G: 0.3%
  T: 0.1%
  none/other: 0.0%
WARNING:
    The adapter is preceded by 'A' extremely often.
    The provided adapter sequence could be incomplete at its 5' end.
    Ignore this warning when trimming primers.

Overview of removed sequences
length	count	expect	max.err	error counts
3	5	333.8	0	5
4	4	83.4	0	4
10	6	0.0	1	6
19	1	0.0	1	1
25	1	0.0	1	1
60	1	0.0	1	1
68	1	0.0	1	1
141	1	0.0	1	1
143	1	0.0	1	1
147	2	0.0	1	2
148	1	0.0	1	1
149	3	0.0	1	3
150	2	0.0	1	2
169	1	0.0	1	1
170	1	0.0	1	1
178	1	0.0	1	1
184	1	0.0	1	1
205	1	0.0	1	1
208	1	0.0	1	1
210	1	0.0	1	1
268	1	0.0	1	1
269	1	0.0	1	1
280	1	0.0	1	0 1
284	1	0.0	1	1
287	2	0.0	1	2
288	1	0.0	1	1
321	1	0.0	1	1
335	1	0.0	1	1
345	1	0.0	1	1
359	1	0.0	1	1
378	1	0.0	1	1
405	1	0.0	1	1
418	1	0.0	1	1
419	3	0.0	1	3
420	4	0.0	1	4
422	1	0.0	1	1
446	1	0.0	1	1
451	1	0.0	1	1
495	1	0.0	1	1
498	2	0.0	1	2
499	1	0.0	1	1
515	1	0.0	1	1
523	1	0.0	1	1
558	1	0.0	1	1
568	1	0.0	1	1
579	1	0.0	1	1
587	1	0.0	1	1
599	1	0.0	1	1
604	1	0.0	1	1
607	1	0.0	1	1
616	1	0.0	1	1
627	1	0.0	1	1
638	1	0.0	1	1
639	1	0.0	1	1
643	1	0.0	1	1
645	1	0.0	1	1
648	1	0.0	1	1
686	1	0.0	1	1
693	1	0.0	1	1
700	1	0.0	1	1
718	1	0.0	1	1
723	1	0.0	1	1
724	1	0.0	1	1
725	2	0.0	1	2
727	2	0.0	1	2
728	1	0.0	1	1
729	2	0.0	1	2
734	2	0.0	1	2
740	1	0.0	1	1
741	1	0.0	1	1
753	1	0.0	1	1
763	1	0.0	1	1
785	1	0.0	1	1
817	1	0.0	1	1
819	1	0.0	1	1
827	1	0.0	1	1
848	2	0.0	1	2
852	1	0.0	1	1
857	3	0.0	1	3
874	1	0.0	1	1
897	1	0.0	1	1
903	1	0.0	1	1
906	1	0.0	1	1
909	1	0.0	1	1
915	1	0.0	1	1
919	1	0.0	1	1
922	1	0.0	1	1
924	1	0.0	1	1
927	1	0.0	1	1
931	1	0.0	1	1
935	1	0.0	1	1
938	1	0.0	1	1
939	1	0.0	1	1
952	1	0.0	1	1
966	1	0.0	1	1
997	1	0.0	1	1
999	1	0.0	1	1
1002	1	0.0	1	1
1009	1	0.0	1	1
1012	2	0.0	1	2
1013	1	0.0	1	1
1014	1	0.0	1	1
1016	1	0.0	1	1
1024	1	0.0	1	1
1032	1	0.0	1	1
1042	1	0.0	1	1
1045	1	0.0	1	1
1054	1	0.0	1	1
1056	1	0.0	1	1
1061	1	0.0	1	1
1078	1	0.0	1	1
1083	1	0.0	1	1
1095	2	0.0	1	2
1098	1	0.0	1	1
1102	2	0.0	1	2
1106	1	0.0	1	1
1110	2	0.0	1	2
1115	1	0.0	1	1
1124	1	0.0	1	1
1128	1	0.0	1	1
1136	1	0.0	1	1
1142	1	0.0	1	1
1144	1	0.0	1	1
1156	1	0.0	1	1
1159	1	0.0	1	1
1170	1	0.0	1	1
1176	1	0.0	1	1
1190	1	0.0	1	1
1192	1	0.0	1	1
1193	1	0.0	1	1
1194	2	0.0	1	2
1197	2	0.0	1	2
1198	1	0.0	1	1
1199	2	0.0	1	2
1200	1	0.0	1	1
1201	2	0.0	1	2
1203	1	0.0	1	1
1204	1	0.0	1	1
1206	1	0.0	1	1
1207	1	0.0	1	1
1210	1	0.0	1	1
1219	1	0.0	1	1
1224	1	0.0	1	1
1228	1	0.0	1	1
1231	1	0.0	1	1
1233	1	0.0	1	1
1249	1	0.0	1	1
1263	1	0.0	1	1
1291	1	0.0	1	1
1322	1	0.0	1	1
1362	1	0.0	1	1
1392	1	0.0	1	1
1400	1	0.0	1	1
1401	1	0.0	1	1
1421	1	0.0	1	1
1430	2	0.0	1	2
1443	1	0.0	1	1
1446	1	0.0	1	1
1462	1	0.0	1	1
1467	1	0.0	1	1
1468	2	0.0	1	2
1469	1	0.0	1	1
1474	1	0.0	1	1
1483	1	0.0	1	1
1493	1	0.0	1	1
1505	1	0.0	1	1
1510	1	0.0	1	1
1520	1	0.0	1	1
1524	3	0.0	1	3
1528	1	0.0	1	1
1529	1	0.0	1	1
1531	1	0.0	1	1
1535	2	0.0	1	2
1536	2	0.0	1	2
1537	1	0.0	1	1
1538	1	0.0	1	1
1539	1	0.0	1	1
1541	1	0.0	1	1
1542	3	0.0	1	3
1543	1	0.0	1	1
1545	1	0.0	1	1
1574	1	0.0	1	1
1583	1	0.0	1	1
1626	1	0.0	1	1
1629	1	0.0	1	1
1630	1	0.0	1	1
1632	2	0.0	1	2
1633	2	0.0	1	2
1635	1	0.0	1	1
1637	1	0.0	1	1
1638	1	0.0	1	1
1639	3	0.0	1	3
1640	2	0.0	1	2
1641	1	0.0	1	1
1642	4	0.0	1	4
1645	1	0.0	1	1
1646	1	0.0	1	1
1746	1	0.0	1	1
1747	1	0.0	1	1
1760	1	0.0	1	1
1775	1	0.0	1	0 1
1839	1	0.0	1	1
1840	1	0.0	1	1
1844	2	0.0	1	2
1851	1	0.0	1	1
1859	1	0.0	1	1
1865	2	0.0	1	2
1869	2	0.0	1	2
1870	1	0.0	1	1
1872	1	0.0	1	1
1874	1	0.0	1	1
1876	1	0.0	1	1
1892	1	0.0	1	1
1898	1	0.0	1	1
1900	1	0.0	1	1
1903	1	0.0	1	1
1905	1	0.0	1	1
1907	2	0.0	1	2
1908	3	0.0	1	3
1909	2	0.0	1	2
1912	2	0.0	1	2
1913	1	0.0	1	1
1914	2	0.0	1	2
1917	1	0.0	1	1
1918	1	0.0	1	1
1929	2	0.0	1	2
1941	1	0.0	1	1
1954	1	0.0	1	1
1977	1	0.0	1	1
1980	1	0.0	1	0 1
1988	1	0.0	1	1
1989	1	0.0	1	1
1991	1	0.0	1	1
1993	1	0.0	1	1
1999	2	0.0	1	2
2011	1	0.0	1	1
2034	1	0.0	1	1
2036	1	0.0	1	1
2039	2	0.0	1	2
2042	3	0.0	1	3
2044	1	0.0	1	1
2045	1	0.0	1	1
2046	1	0.0	1	1
2050	1	0.0	1	1
2051	1	0.0	1	1
2060	1	0.0	1	1
2079	1	0.0	1	1
2080	1	0.0	1	1
2110	1	0.0	1	1
2113	1	0.0	1	1
2118	1	0.0	1	1
2122	1	0.0	1	1
2167	1	0.0	1	1
2190	1	0.0	1	1
2191	1	0.0	1	1
2192	1	0.0	1	1
2194	1	0.0	1	1
2195	1	0.0	1	1
2198	1	0.0	1	1
2201	1	0.0	1	1
2202	1	0.0	1	1
2203	3	0.0	1	3
2204	1	0.0	1	1
2205	2	0.0	1	2
2206	1	0.0	1	1
2207	1	0.0	1	1
2208	1	0.0	1	1
2211	1	0.0	1	1
2212	2	0.0	1	1 1
2216	1	0.0	1	1
2220	1	0.0	1	1
2222	1	0.0	1	1
2224	1	0.0	1	1
2226	2	0.0	1	2
2229	1	0.0	1	1
2230	2	0.0	1	2
2231	1	0.0	1	1
2232	1	0.0	1	1
2234	1	0.0	1	1
2235	1	0.0	1	1
2240	1	0.0	1	1
2242	1	0.0	1	1
2326	1	0.0	1	1
2339	1	0.0	1	1
2340	1	0.0	1	1
2346	1	0.0	1	0 1
2348	2	0.0	1	2
2349	1	0.0	1	1
2350	1	0.0	1	1
2351	1	0.0	1	1
2352	1	0.0	1	1
2353	2	0.0	1	2
2355	2	0.0	1	2
2356	1	0.0	1	1
2359	3	0.0	1	3
2361	1	0.0	1	1
2400	1	0.0	1	1
2402	1	0.0	1	1
2430	1	0.0	1	1
2442	1	0.0	1	1
2447	1	0.0	1	1
2458	1	0.0	1	1
2463	1	0.0	1	1
2473	1	0.0	1	1
2490	1	0.0	1	1
2502	1	0.0	1	1
2503	1	0.0	1	1
2510	1	0.0	1	1
2513	1	0.0	1	1
2517	1	0.0	1	1
2522	1	0.0	1	1
2523	1	0.0	1	1
2524	2	0.0	1	2
2526	1	0.0	1	1
2527	1	0.0	1	1
2528	1	0.0	1	1
2529	1	0.0	1	1
2530	2	0.0	1	2
2531	1	0.0	1	1
2532	1	0.0	1	1
2534	1	0.0	1	1
2539	1	0.0	1	1
2540	1	0.0	1	1
2545	1	0.0	1	1
2550	1	0.0	1	1
2552	1	0.0	1	1
2556	1	0.0	1	1
2558	1	0.0	1	1
2573	1	0.0	1	1
2576	1	0.0	1	1
2604	1	0.0	1	1
2608	1	0.0	1	1
2652	1	0.0	1	1
2662	1	0.0	1	1
2671	1	0.0	1	1
2688	1	0.0	1	1
2726	1	0.0	1	1
2735	1	0.0	1	1
2745	1	0.0	1	1
2746	1	0.0	1	1
2747	1	0.0	1	1
2753	1	0.0	1	1
2755	1	0.0	1	1
2759	1	0.0	1	1
2766	2	0.0	1	2
2770	1	0.0	1	1
2781	1	0.0	1	1
2799	1	0.0	1	1
2804	3	0.0	1	3
2805	1	0.0	1	1
2806	1	0.0	1	1
2809	1	0.0	1	1
2810	1	0.0	1	1
2811	1	0.0	1	1
2814	1	0.0	1	1
2815	1	0.0	1	1
2817	3	0.0	1	3
2818	5	0.0	1	5
2819	3	0.0	1	2 1
2821	4	0.0	1	4
2822	2	0.0	1	2
2823	4	0.0	1	4
2824	2	0.0	1	2
2825	3	0.0	1	3
2826	2	0.0	1	2
2827	1	0.0	1	1
2828	1	0.0	1	1
2829	2	0.0	1	2
2830	1	0.0	1	1
2832	1	0.0	1	1
2845	1	0.0	1	1
2851	1	0.0	1	1
2858	1	0.0	1	1
2859	1	0.0	1	1
2862	1	0.0	1	1
2870	1	0.0	1	1
2880	1	0.0	1	1
2882	2	0.0	1	2
2883	1	0.0	1	1
2887	1	0.0	1	1
2890	2	0.0	1	2
2892	3	0.0	1	3
2893	1	0.0	1	1
2894	3	0.0	1	3
2895	4	0.0	1	4
2896	2	0.0	1	2
2897	1	0.0	1	1
2898	1	0.0	1	1
2901	2	0.0	1	2
2903	1	0.0	1	1
2904	1	0.0	1	1
2924	1	0.0	1	1
2925	1	0.0	1	1
2928	1	0.0	1	1
2929	1	0.0	1	1
2932	1	0.0	1	1
2933	1	0.0	1	1
2938	1	0.0	1	1
2941	1	0.0	1	1
2948	1	0.0	1	1
2952	1	0.0	1	1
2954	1	0.0	1	1
2957	1	0.0	1	1
2960	1	0.0	1	1
2966	1	0.0	1	1
2969	1	0.0	1	1
2973	2	0.0	1	2
2974	2	0.0	1	2
2975	3	0.0	1	3
2976	1	0.0	1	1
2977	1	0.0	1	1
2981	1	0.0	1	1
2985	1	0.0	1	1
2986	2	0.0	1	2
2989	1	0.0	1	1
2990	1	0.0	1	1
2991	1	0.0	1	1
2994	1	0.0	1	1
2995	1	0.0	1	1
2998	1	0.0	1	1
3000	2	0.0	1	2
3006	1	0.0	1	1
3010	1	0.0	1	1
3011	1	0.0	1	1
3015	1	0.0	1	1
3016	1	0.0	1	1
3017	1	0.0	1	1
3020	1	0.0	1	1
3024	1	0.0	1	1
3026	2	0.0	1	2
3027	1	0.0	1	1
3028	1	0.0	1	0 1
3030	2	0.0	1	2
3031	1	0.0	1	1
3032	2	0.0	1	2
3033	1	0.0	1	1
3034	2	0.0	1	2
3036	1	0.0	1	1
3039	1	0.0	1	1
3040	4	0.0	1	3 1
3041	1	0.0	1	1
3042	4	0.0	1	3 1
3043	1	0.0	1	1
3044	2	0.0	1	2
3048	1	0.0	1	1
3049	2	0.0	1	2
3050	2	0.0	1	2
3051	5	0.0	1	5
3052	1	0.0	1	1
3054	5	0.0	1	4 1
3055	1	0.0	1	1
3056	4	0.0	1	4
3057	1	0.0	1	1
3058	6	0.0	1	6
3059	4	0.0	1	4
3060	5	0.0	1	5
3061	3	0.0	1	3
3062	4	0.0	1	3 1
3063	6	0.0	1	6
3064	4	0.0	1	4
3065	3	0.0	1	2 1
3066	3	0.0	1	3
3067	11	0.0	1	11
3068	10	0.0	1	10
3069	8	0.0	1	8
3070	11	0.0	1	10 1
3071	7	0.0	1	7
3072	11	0.0	1	11
3073	17	0.0	1	16 1
3074	24	0.0	1	22 2
3075	25	0.0	1	25
3076	36	0.0	1	36
3077	36	0.0	1	35 1
3078	37	0.0	1	36 1
3079	40	0.0	1	38 2
3080	36	0.0	1	36
3081	48	0.0	1	48
3082	53	0.0	1	53
3083	46	0.0	1	43 3
3084	40	0.0	1	40
3085	25	0.0	1	25
3086	19	0.0	1	19
3087	16	0.0	1	15 1
3088	16	0.0	1	15 1
3089	6	0.0	1	5 1
3090	7	0.0	1	7
3091	4	0.0	1	4
3092	2	0.0	1	2
3093	3	0.0	1	2 1
3094	3	0.0	1	3
3095	1	0.0	1	1
3096	2	0.0	1	2
3097	3	0.0	1	3
3099	1	0.0	1	1
3100	1	0.0	1	1
3101	3	0.0	1	3
3102	2	0.0	1	1 1
3103	2	0.0	1	2
3104	5	0.0	1	4 1
3105	2	0.0	1	1 1
3106	5	0.0	1	5
3107	4	0.0	1	4
3108	2	0.0	1	2
3109	4	0.0	1	4
3110	4	0.0	1	4
3111	5	0.0	1	4 1
3112	3	0.0	1	2 1
3113	4	0.0	1	3 1
3114	7	0.0	1	7
3115	7	0.0	1	7
3116	7	0.0	1	7
3117	8	0.0	1	8
3118	7	0.0	1	6 1
3119	13	0.0	1	10 3
3120	9	0.0	1	8 1
3121	12	0.0	1	12
3122	10	0.0	1	9 1
3123	10	0.0	1	10
3124	13	0.0	1	13
3125	8	0.0	1	8
3126	8	0.0	1	7 1
3127	7	0.0	1	7
3128	9	0.0	1	8 1
3129	4	0.0	1	4
3130	8	0.0	1	7 1
3131	11	0.0	1	10 1
3132	8	0.0	1	8
3133	6	0.0	1	6
3134	10	0.0	1	10
3135	6	0.0	1	6
3136	8	0.0	1	8
3137	7	0.0	1	6 1
3138	10	0.0	1	10
3139	15	0.0	1	11 4
3140	14	0.0	1	13 1
3141	12	0.0	1	10 2
3142	17	0.0	1	17
3143	17	0.0	1	17
3144	20	0.0	1	16 4
3145	14	0.0	1	14
3146	18	0.0	1	18
3147	29	0.0	1	26 3
3148	25	0.0	1	23 2
3149	31	0.0	1	30 1
3150	30	0.0	1	26 4
3151	28	0.0	1	27 1
3152	33	0.0	1	32 1
3153	48	0.0	1	46 2
3154	52	0.0	1	49 3
3155	59	0.0	1	58 1
3156	59	0.0	1	59
3157	92	0.0	1	85 7
3158	94	0.0	1	92 2
3159	79	0.0	1	77 2
3160	130	0.0	1	126 4
3161	138	0.0	1	135 3
3162	162	0.0	1	158 4
3163	200	0.0	1	193 7
3164	203	0.0	1	195 8
3165	269	0.0	1	265 4
3166	289	0.0	1	284 5
3167	366	0.0	1	363 3
3168	392	0.0	1	386 6
3169	429	0.0	1	422 7
3170	450	0.0	1	444 6
3171	474	0.0	1	467 7
3172	501	0.0	1	497 4
3173	495	0.0	1	489 6
3174	434	0.0	1	426 8
3175	374	0.0	1	369 5
3176	291	0.0	1	289 2
3177	239	0.0	1	237 2
3178	170	0.0	1	168 2
3179	115	0.0	1	114 1
3180	95	0.0	1	94 1
3181	73	0.0	1	72 1
3182	39	0.0	1	39
3183	31	0.0	1	30 1
3184	22	0.0	1	22
3185	21	0.0	1	21
3186	6	0.0	1	5 1
3187	8	0.0	1	8
3188	6	0.0	1	6
3189	4	0.0	1	4
3190	3	0.0	1	3
3191	3	0.0	1	3
3192	3	0.0	1	3
3193	4	0.0	1	3 1
3194	2	0.0	1	1 1
3195	4	0.0	1	4
3197	3	0.0	1	3
3198	5	0.0	1	4 1
3200	1	0.0	1	1
3201	1	0.0	1	1
3202	4	0.0	1	4
3203	2	0.0	1	2
3204	3	0.0	1	3
3205	2	0.0	1	2
3206	2	0.0	1	2
3207	4	0.0	1	4
3208	5	0.0	1	5
3209	6	0.0	1	6
3210	5	0.0	1	5
3211	3	0.0	1	3
3212	3	0.0	1	3
3213	1	0.0	1	1
3214	2	0.0	1	2
3215	5	0.0	1	5
3216	1	0.0	1	0 1
3217	2	0.0	1	2
3218	5	0.0	1	5
3219	1	0.0	1	1
3220	2	0.0	1	2
3221	2	0.0	1	2
3222	1	0.0	1	1
3223	1	0.0	1	1
3224	1	0.0	1	1
3225	1	0.0	1	1
3226	1	0.0	1	1
3228	3	0.0	1	3
3229	3	0.0	1	3
3230	1	0.0	1	1
3235	1	0.0	1	1
3236	1	0.0	1	1
3237	1	0.0	1	1
3238	3	0.0	1	3
3239	1	0.0	1	1
3240	2	0.0	1	2
3241	3	0.0	1	3
3247	2	0.0	1	2
3248	3	0.0	1	3
3249	1	0.0	1	1
3250	2	0.0	1	2
3251	4	0.0	1	4
3252	1	0.0	1	1
3254	1	0.0	1	1
3255	1	0.0	1	1
3257	2	0.0	1	2
3259	1	0.0	1	1
3261	2	0.0	1	2
3262	1	0.0	1	1
3263	1	0.0	1	1
3264	2	0.0	1	2
3265	2	0.0	1	2
3267	1	0.0	1	1
3268	2	0.0	1	2
3269	1	0.0	1	1
3270	2	0.0	1	2
3271	1	0.0	1	1
3272	1	0.0	1	1
3273	3	0.0	1	3
3274	1	0.0	1	1
3280	2	0.0	1	2
3283	3	0.0	1	3
3284	2	0.0	1	2
3285	1	0.0	1	1
3287	2	0.0	1	2
3289	2	0.0	1	2
3292	2	0.0	1	2
3293	1	0.0	1	1
3294	2	0.0	1	2
3296	1	0.0	1	1
3297	1	0.0	1	1
3299	2	0.0	1	2
3300	2	0.0	1	2
3301	1	0.0	1	1
3303	1	0.0	1	1
3304	5	0.0	1	5
3306	1	0.0	1	1
3307	2	0.0	1	2
3309	2	0.0	1	2
3311	1	0.0	1	1
3312	1	0.0	1	1
3313	2	0.0	1	2
3314	1	0.0	1	1
3315	3	0.0	1	3
3316	2	0.0	1	2
3317	3	0.0	1	3
3319	2	0.0	1	2
3320	3	0.0	1	3
3321	3	0.0	1	3
3322	2	0.0	1	2
3323	1	0.0	1	1
3324	4	0.0	1	4
3326	1	0.0	1	1
3327	2	0.0	1	2
3329	2	0.0	1	2
3330	4	0.0	1	4
3332	3	0.0	1	3
3333	2	0.0	1	2
3334	2	0.0	1	2
3335	1	0.0	1	1
3336	2	0.0	1	2
3337	3	0.0	1	3
3339	1	0.0	1	1
3340	1	0.0	1	1
3341	1	0.0	1	1
3342	3	0.0	1	3
3344	2	0.0	1	2
3345	4	0.0	1	4
3348	1	0.0	1	1
3349	3	0.0	1	3
3350	2	0.0	1	2
3351	1	0.0	1	1
3352	2	0.0	1	2
3353	1	0.0	1	1
3354	2	0.0	1	2
3355	3	0.0	1	3
3356	3	0.0	1	3
3357	2	0.0	1	2
3360	1	0.0	1	1
3362	2	0.0	1	2
3363	1	0.0	1	1
3364	2	0.0	1	2
3367	2	0.0	1	2
3369	1	0.0	1	1
3371	2	0.0	1	2
3372	1	0.0	1	1
3373	1	0.0	1	1
3374	2	0.0	1	2
3375	3	0.0	1	3
3376	2	0.0	1	2
3378	1	0.0	1	1
3379	3	0.0	1	3
3380	1	0.0	1	1
3382	3	0.0	1	1 2
3385	2	0.0	1	2
3387	1	0.0	1	1
3389	1	0.0	1	1
3390	3	0.0	1	3
3391	1	0.0	1	1
3393	2	0.0	1	2
3395	2	0.0	1	2
3397	2	0.0	1	2
3398	3	0.0	1	3
3399	1	0.0	1	1
3400	4	0.0	1	4
3401	1	0.0	1	1
3402	2	0.0	1	2
3403	1	0.0	1	1
3404	1	0.0	1	1
3405	2	0.0	1	2
3407	2	0.0	1	2
3409	2	0.0	1	2
3410	2	0.0	1	2
3412	2	0.0	1	2
3413	3	0.0	1	3
3415	3	0.0	1	3
3416	1	0.0	1	1
3417	1	0.0	1	1
3418	3	0.0	1	3
3426	1	0.0	1	1
3428	1	0.0	1	1
3430	1	0.0	1	1
3434	1	0.0	1	1
3436	2	0.0	1	2
3440	1	0.0	1	1
3442	1	0.0	1	1
3444	2	0.0	1	2
3446	1	0.0	1	1
3448	1	0.0	1	1
3451	1	0.0	1	1
3453	1	0.0	1	1
3454	2	0.0	1	2
3456	2	0.0	1	2
3460	1	0.0	1	1
3462	1	0.0	1	1
3463	1	0.0	1	1
3467	3	0.0	1	3
3468	1	0.0	1	1
3469	3	0.0	1	3
3470	2	0.0	1	2
3471	1	0.0	1	1
3474	2	0.0	1	2
3475	1	0.0	1	0 1
3476	1	0.0	1	1
3477	2	0.0	1	2
3479	1	0.0	1	1
3480	4	0.0	1	4
3482	2	0.0	1	2
3483	1	0.0	1	1
3485	1	0.0	1	1
3486	2	0.0	1	2
3487	3	0.0	1	3
3488	1	0.0	1	1
3489	1	0.0	1	1
3490	1	0.0	1	1
3491	2	0.0	1	2
3492	2	0.0	1	2
3496	1	0.0	1	1
3497	3	0.0	1	3
3498	1	0.0	1	1
3499	1	0.0	1	1
3500	1	0.0	1	1
3501	1	0.0	1	1
3502	1	0.0	1	1
3503	3	0.0	1	3
3504	2	0.0	1	2
3505	1	0.0	1	1
3506	1	0.0	1	1
3507	1	0.0	1	1
3508	1	0.0	1	1
3510	3	0.0	1	3
3511	3	0.0	1	3
3513	2	0.0	1	2
3515	1	0.0	1	1
3518	2	0.0	1	2
3520	1	0.0	1	1
3522	2	0.0	1	2
3524	1	0.0	1	1
3526	1	0.0	1	1
3527	1	0.0	1	1
3528	3	0.0	1	3
3529	1	0.0	1	1
3532	1	0.0	1	1
3535	2	0.0	1	2
3539	2	0.0	1	2
3544	1	0.0	1	1
3546	2	0.0	1	2
3547	2	0.0	1	2
3550	1	0.0	1	1
3551	1	0.0	1	1
3553	1	0.0	1	1
3554	2	0.0	1	2
3555	1	0.0	1	1
3556	2	0.0	1	2
3558	1	0.0	1	1
3559	1	0.0	1	1
3561	1	0.0	1	1
3562	1	0.0	1	1
3564	2	0.0	1	2
3568	3	0.0	1	3
3569	2	0.0	1	2
3570	1	0.0	1	1
3571	2	0.0	1	2
3573	2	0.0	1	2
3574	2	0.0	1	2
3575	1	0.0	1	1
3576	1	0.0	1	1
3578	1	0.0	1	1
3579	1	0.0	1	1
3581	1	0.0	1	1
3582	1	0.0	1	1
3587	1	0.0	1	1
3589	1	0.0	1	1
3591	2	0.0	1	2
3592	4	0.0	1	4
3593	1	0.0	1	1
3594	1	0.0	1	1
3596	1	0.0	1	1
3600	2	0.0	1	2
3601	1	0.0	1	1
3603	1	0.0	1	1
3607	1	0.0	1	1
3609	2	0.0	1	2
3610	1	0.0	1	1
3611	1	0.0	1	1
3613	1	0.0	1	1
3614	1	0.0	1	1
3615	1	0.0	1	1
3619	2	0.0	1	2
3622	1	0.0	1	1
3624	2	0.0	1	2
3626	2	0.0	1	2
3628	1	0.0	1	1
3632	1	0.0	1	1
3633	1	0.0	1	1
3634	1	0.0	1	1
3643	1	0.0	1	1
3648	1	0.0	1	1
3649	1	0.0	1	1
3651	1	0.0	1	1
3652	1	0.0	1	1
3653	1	0.0	1	1
3659	3	0.0	1	3
3661	1	0.0	1	1
3662	3	0.0	1	3
3663	1	0.0	1	1
3667	2	0.0	1	2
3675	1	0.0	1	1
3677	1	0.0	1	1
3680	1	0.0	1	1
3688	1	0.0	1	1
3689	1	0.0	1	1
3690	1	0.0	1	1
3699	1	0.0	1	1
3700	1	0.0	1	1
3704	1	0.0	1	1
3705	1	0.0	1	1
3706	1	0.0	1	1
3707	1	0.0	1	1
3708	1	0.0	1	1
3710	2	0.0	1	2
3714	2	0.0	1	2
3715	1	0.0	1	1
3717	1	0.0	1	1
3723	3	0.0	1	3
3728	1	0.0	1	1
3730	3	0.0	1	3
3732	1	0.0	1	1
3739	1	0.0	1	1
3740	1	0.0	1	1
3743	2	0.0	1	2
3747	1	0.0	1	1
3753	1	0.0	1	1
3754	1	0.0	1	1
3756	2	0.0	1	2
3761	1	0.0	1	0 1
3763	2	0.0	1	2
3767	1	0.0	1	1
3769	1	0.0	1	1
3773	1	0.0	1	1
3775	1	0.0	1	1
3777	1	0.0	1	1
3780	1	0.0	1	1
3784	1	0.0	1	1
3787	1	0.0	1	1
3793	1	0.0	1	1
3798	2	0.0	1	2
3802	1	0.0	1	1
3806	1	0.0	1	1
3807	2	0.0	1	2
3809	1	0.0	1	1
3811	1	0.0	1	1
3815	1	0.0	1	1
3827	1	0.0	1	1
3830	1	0.0	1	1
3832	1	0.0	1	1
3834	1	0.0	1	1
3844	1	0.0	1	1
3845	1	0.0	1	1
3851	1	0.0	1	1
3854	1	0.0	1	1
3871	1	0.0	1	1
3875	2	0.0	1	2
3876	1	0.0	1	1
3887	1	0.0	1	1
3891	1	0.0	1	1
3893	1	0.0	1	1
3895	1	0.0	1	1
3905	1	0.0	1	1
3906	1	0.0	1	1
3908	1	0.0	1	1
3915	1	0.0	1	1
3919	1	0.0	1	1
3922	1	0.0	1	1
3926	1	0.0	1	1
3928	1	0.0	1	1
3940	1	0.0	1	1
3948	1	0.0	1	1
3954	1	0.0	1	1
3956	1	0.0	1	1
3958	1	0.0	1	1
3968	1	0.0	1	1
3972	1	0.0	1	1
3982	1	0.0	1	1
3984	1	0.0	1	1
3997	1	0.0	1	1
3999	1	0.0	1	1
4001	1	0.0	1	1
4002	1	0.0	1	1
4004	1	0.0	1	1
4009	1	0.0	1	1
4010	1	0.0	1	1
4015	1	0.0	1	1
4022	1	0.0	1	1
4024	1	0.0	1	1
4052	1	0.0	1	1
4057	1	0.0	1	1
4071	2	0.0	1	2
4085	1	0.0	1	1
4102	1	0.0	1	1
4113	1	0.0	1	1
4116	2	0.0	1	2
4122	1	0.0	1	1
4128	1	0.0	1	1
4138	1	0.0	1	1
4148	1	0.0	1	1
4152	1	0.0	1	1
4158	1	0.0	1	1
4160	1	0.0	1	1
4165	1	0.0	1	1
4167	1	0.0	1	1
4173	1	0.0	1	1
4189	1	0.0	1	1
4194	1	0.0	1	1
4196	1	0.0	1	1
4199	1	0.0	1	1
4200	1	0.0	1	1
4216	1	0.0	1	1
4222	1	0.0	1	1
4226	1	0.0	1	1
4235	1	0.0	1	1
4239	1	0.0	1	1
4259	1	0.0	1	1
4264	1	0.0	1	1
4319	1	0.0	1	1
4343	1	0.0	1	1
4384	1	0.0	1	1
4430	1	0.0	1	1
4432	1	0.0	1	1
4446	2	0.0	1	2
4502	1	0.0	1	1
4525	1	0.0	1	1
4615	1	0.0	1	1
4626	1	0.0	1	1
4650	1	0.0	1	1
4662	1	0.0	1	1
4695	1	0.0	1	1
4702	1	0.0	1	1
4722	1	0.0	1	1
4763	1	0.0	1	1
4949	1	0.0	1	1
4999	1	0.0	1	1
5037	1	0.0	1	1
5056	1	0.0	1	1
5256	1	0.0	1	1
5338	1	0.0	1	1
5508	1	0.0	1	1
5686	1	0.0	1	1
5767	1	0.0	1	1
5825	1	0.0	1	1
5842	1	0.0	1	1
5847	1	0.0	1	1
5853	1	0.0	1	1
5854	1	0.0	1	1
5856	1	0.0	1	1
5916	1	0.0	1	1
5943	1	0.0	1	1
5964	1	0.0	1	1
6051	1	0.0	1	1
6076	1	0.0	1	1
6114	1	0.0	1	1
6132	1	0.0	1	1
6154	1	0.0	1	1
6177	1	0.0	1	1
6180	1	0.0	1	1
6181	1	0.0	1	1
6188	1	0.0	1	1
6189	1	0.0	1	1
6208	1	0.0	1	1
6219	1	0.0	1	1
6240	1	0.0	1	1
6244	1	0.0	1	1
6245	1	0.0	1	1
6254	1	0.0	1	1
6260	1	0.0	1	1
6267	1	0.0	1	1
6274	1	0.0	1	1
6277	2	0.0	1	2
6278	2	0.0	1	2
6279	2	0.0	1	2
6280	1	0.0	1	1
6281	1	0.0	1	1
6282	1	0.0	1	1
6283	1	0.0	1	1
6284	1	0.0	1	1
6286	2	0.0	1	2
6288	1	0.0	1	1
6289	1	0.0	1	1
6293	1	0.0	1	1
6294	1	0.0	1	1
6295	1	0.0	1	1
6296	2	0.0	1	2
6301	3	0.0	1	3
6304	1	0.0	1	1
6307	2	0.0	1	2
6309	1	0.0	1	1
6318	1	0.0	1	1
6326	1	0.0	1	1
6334	1	0.0	1	1
6337	1	0.0	1	1
6343	3	0.0	1	3
6347	1	0.0	1	1
6350	1	0.0	1	1
6353	2	0.0	1	2
6355	1	0.0	1	1
6356	1	0.0	1	1
6357	1	0.0	1	1
6358	1	0.0	1	1
6359	1	0.0	1	1
6360	1	0.0	1	1
6361	1	0.0	1	1
6363	1	0.0	1	1
6364	2	0.0	1	2
6367	1	0.0	1	1
6369	1	0.0	1	1
6370	7	0.0	1	7
6371	2	0.0	1	2
6372	1	0.0	1	1
6373	1	0.0	1	1
6374	4	0.0	1	4
6375	4	0.0	1	4
6376	6	0.0	1	6
6377	4	0.0	1	4
6378	5	0.0	1	5
6379	4	0.0	1	4
6380	4	0.0	1	4
6381	6	0.0	1	6
6382	6	0.0	1	6
6383	5	0.0	1	5
6384	8	0.0	1	8
6385	4	0.0	1	4
6386	5	0.0	1	5
6387	2	0.0	1	2
6388	3	0.0	1	3
6389	5	0.0	1	5
6390	5	0.0	1	5
6391	4	0.0	1	4
6392	3	0.0	1	3
6393	4	0.0	1	4
6395	3	0.0	1	3
6396	3	0.0	1	3
6397	3	0.0	1	3
6399	1	0.0	1	1
6400	2	0.0	1	2
6403	1	0.0	1	1
6404	1	0.0	1	1
6409	1	0.0	1	1
6413	2	0.0	1	2
6415	1	0.0	1	1
6417	1	0.0	1	1
6419	1	0.0	1	1
6420	1	0.0	1	1
6423	1	0.0	1	1
6424	1	0.0	1	1
6426	1	0.0	1	1
6429	1	0.0	1	1
6433	1	0.0	1	1
6434	1	0.0	1	1
6438	1	0.0	1	1
6447	1	0.0	1	1
6452	1	0.0	1	1
6462	1	0.0	1	1
6478	1	0.0	1	1
6503	1	0.0	1	1
6527	1	0.0	1	1
6549	1	0.0	1	1
6557	1	0.0	1	1
6562	1	0.0	1	1
6564	1	0.0	1	1
6570	1	0.0	1	1
6585	1	0.0	1	0 1
6593	1	0.0	1	1
6610	1	0.0	1	1
6658	1	0.0	1	0 1
6678	1	0.0	1	1
6706	1	0.0	1	1
6719	1	0.0	1	1
6747	1	0.0	1	1
6759	1	0.0	1	1
6768	1	0.0	1	1
6781	1	0.0	1	1
6793	1	0.0	1	1
6832	1	0.0	1	1
6853	1	0.0	1	0 1
6879	1	0.0	1	1
6959	1	0.0	1	1
7004	1	0.0	1	1
7035	1	0.0	1	1
7060	1	0.0	1	1
7073	1	0.0	1	1
7095	1	0.0	1	1
7122	1	0.0	1	1
7187	1	0.0	1	1
7254	1	0.0	1	1
7335	1	0.0	1	1
7352	1	0.0	1	1
7790	1	0.0	1	1
7965	1	0.0	1	1
7990	1	0.0	1	1
9478	1	0.0	1	1
9578	1	0.0	1	1
9582	1	0.0	1	1
9599	1	0.0	1	1
9614	1	0.0	1	1
9642	1	0.0	1	1


=== Adapter P1103 ===

Sequence: GCCTACAGCCTCCTARTACAA; Type: regular 3'; Length: 21; Trimmed: 9283 times

Minimum overlap: 3
No. of allowed errors:
1-9 bp: 0; 10-19 bp: 1; 20-21 bp: 2

Bases preceding removed adapters:
  A: 0.1%
  C: 0.1%
  G: 0.0%
  T: 99.8%
  none/other: 0.0%
WARNING:
    The adapter is preceded by 'T' extremely often.
    The provided adapter sequence could be incomplete at its 5' end.
    Ignore this warning when trimming primers.

Overview of removed sequences
length	count	expect	max.err	error counts
60	1	0.0	2	1
63	1	0.0	2	1
66	1	0.0	2	1
70	5	0.0	2	4 1
71	16	0.0	2	16
72	35	0.0	2	35
73	5	0.0	2	5
79	1	0.0	2	1
95	1	0.0	2	1
157	1	0.0	2	1
158	2	0.0	2	1 1
164	1	0.0	2	1
169	1	0.0	2	1
170	1	0.0	2	1
173	1	0.0	2	1
176	1	0.0	2	1
177	1	0.0	2	1
178	1	0.0	2	1
184	1	0.0	2	1
189	1	0.0	2	0 1
192	1	0.0	2	1
193	1	0.0	2	1
194	1	0.0	2	1
196	1	0.0	2	1
197	1	0.0	2	1
198	2	0.0	2	2
199	4	0.0	2	4
203	1	0.0	2	1
206	1	0.0	2	1
218	1	0.0	2	1
225	1	0.0	2	1
227	1	0.0	2	1
228	1	0.0	2	1
230	2	0.0	2	2
231	1	0.0	2	1
232	4	0.0	2	4
234	2	0.0	2	2
235	1	0.0	2	1
237	2	0.0	2	2
238	3	0.0	2	3
239	6	0.0	2	6
240	5	0.0	2	5
241	1	0.0	2	1
244	2	0.0	2	2
245	3	0.0	2	3
246	1	0.0	2	1
248	1	0.0	2	1
249	2	0.0	2	2
251	1	0.0	2	1
254	1	0.0	2	1
255	1	0.0	2	0 1
256	3	0.0	2	3
257	2	0.0	2	2
258	3	0.0	2	3
259	4	0.0	2	4
260	1	0.0	2	1
263	2	0.0	2	2
267	1	0.0	2	1
268	1	0.0	2	1
270	1	0.0	2	1
271	1	0.0	2	1
274	1	0.0	2	1
277	2	0.0	2	2
279	4	0.0	2	3 1
286	1	0.0	2	1
287	1	0.0	2	1
288	3	0.0	2	3
292	2	0.0	2	2
294	1	0.0	2	1
295	2	0.0	2	2
296	1	0.0	2	1
298	1	0.0	2	1
302	1	0.0	2	1
303	1	0.0	2	1
305	1	0.0	2	1
307	1	0.0	2	1
311	1	0.0	2	1
312	1	0.0	2	1
314	1	0.0	2	1
321	1	0.0	2	1
322	1	0.0	2	1
323	1	0.0	2	1
329	1	0.0	2	1
330	1	0.0	2	1
331	1	0.0	2	1
333	1	0.0	2	1
334	2	0.0	2	2
338	1	0.0	2	1
339	1	0.0	2	1
352	2	0.0	2	2
355	1	0.0	2	1
360	2	0.0	2	2
363	1	0.0	2	1
366	1	0.0	2	1
368	1	0.0	2	1
370	1	0.0	2	1
373	1	0.0	2	1
374	1	0.0	2	1
375	2	0.0	2	2
376	1	0.0	2	1
377	1	0.0	2	1
378	1	0.0	2	1
380	1	0.0	2	1
381	2	0.0	2	2
384	1	0.0	2	1
387	1	0.0	2	1
391	1	0.0	2	0 1
394	2	0.0	2	2
396	1	0.0	2	1
399	1	0.0	2	1
407	1	0.0	2	1
411	1	0.0	2	1
413	1	0.0	2	1
418	1	0.0	2	1
428	1	0.0	2	1
431	1	0.0	2	1
434	1	0.0	2	1
437	1	0.0	2	1
438	1	0.0	2	1
446	1	0.0	2	1
451	1	0.0	2	1
452	1	0.0	2	0 1
453	1	0.0	2	1
458	1	0.0	2	1
459	1	0.0	2	1
461	1	0.0	2	1
462	1	0.0	2	1
463	1	0.0	2	1
464	2	0.0	2	2
474	1	0.0	2	1
479	1	0.0	2	1
486	2	0.0	2	2
488	1	0.0	2	1
489	1	0.0	2	1
493	1	0.0	2	1
495	2	0.0	2	2
497	1	0.0	2	1
498	1	0.0	2	1
504	1	0.0	2	1
505	1	0.0	2	1
512	1	0.0	2	1
515	1	0.0	2	1
516	1	0.0	2	1
521	2	0.0	2	2
522	2	0.0	2	2
523	1	0.0	2	1
524	1	0.0	2	1
528	2	0.0	2	2
536	1	0.0	2	1
538	1	0.0	2	1
539	1	0.0	2	1
540	2	0.0	2	1 1
541	1	0.0	2	1
543	1	0.0	2	1
547	1	0.0	2	1
551	1	0.0	2	1
552	1	0.0	2	1
555	1	0.0	2	1
559	1	0.0	2	0 0 1
562	1	0.0	2	1
563	1	0.0	2	1
566	1	0.0	2	1
569	1	0.0	2	0 0 1
570	2	0.0	2	2
572	1	0.0	2	1
573	2	0.0	2	2
574	1	0.0	2	1
577	1	0.0	2	1
581	2	0.0	2	2
582	2	0.0	2	2
583	1	0.0	2	1
585	1	0.0	2	1
588	2	0.0	2	2
589	2	0.0	2	2
591	1	0.0	2	1
593	1	0.0	2	1
594	1	0.0	2	1
598	1	0.0	2	1
601	1	0.0	2	1
609	1	0.0	2	1
615	1	0.0	2	1
619	1	0.0	2	1
621	3	0.0	2	3
622	1	0.0	2	1
623	1	0.0	2	1
624	1	0.0	2	1
626	2	0.0	2	2
629	1	0.0	2	1
635	1	0.0	2	1
636	1	0.0	2	1
640	4	0.0	2	4
642	1	0.0	2	1
643	3	0.0	2	3
644	3	0.0	2	3
645	1	0.0	2	1
646	2	0.0	2	2
647	1	0.0	2	1
648	2	0.0	2	2
651	1	0.0	2	1
652	1	0.0	2	1
653	1	0.0	2	1
655	2	0.0	2	2
657	1	0.0	2	1
665	1	0.0	2	1
666	1	0.0	2	1
669	1	0.0	2	1
671	3	0.0	2	3
674	1	0.0	2	1
676	1	0.0	2	1
677	1	0.0	2	1
679	1	0.0	2	1
686	2	0.0	2	2
696	1	0.0	2	1
700	1	0.0	2	0 1
703	1	0.0	2	1
704	2	0.0	2	1 1
709	1	0.0	2	1
711	2	0.0	2	2
713	1	0.0	2	1
717	1	0.0	2	1
728	1	0.0	2	1
738	1	0.0	2	1
739	2	0.0	2	2
741	2	0.0	2	2
744	1	0.0	2	1
746	1	0.0	2	1
753	1	0.0	2	1
756	1	0.0	2	1
761	1	0.0	2	1
763	1	0.0	2	1
765	1	0.0	2	1
770	1	0.0	2	0 1
775	1	0.0	2	1
794	1	0.0	2	1
796	1	0.0	2	1
802	2	0.0	2	2
804	2	0.0	2	2
808	1	0.0	2	1
810	2	0.0	2	2
811	1	0.0	2	1
813	1	0.0	2	1
820	2	0.0	2	2
822	1	0.0	2	1
823	1	0.0	2	1
828	2	0.0	2	2
834	1	0.0	2	1
835	1	0.0	2	1
839	1	0.0	2	1
841	1	0.0	2	1
843	1	0.0	2	1
845	1	0.0	2	1
846	1	0.0	2	1
847	1	0.0	2	1
849	1	0.0	2	1
852	1	0.0	2	1
854	1	0.0	2	1
856	1	0.0	2	1
858	1	0.0	2	1
861	2	0.0	2	2
862	1	0.0	2	1
864	1	0.0	2	1
865	1	0.0	2	1
866	1	0.0	2	1
867	4	0.0	2	4
868	5	0.0	2	5
869	4	0.0	2	4
870	4	0.0	2	4
871	1	0.0	2	1
873	1	0.0	2	1
874	1	0.0	2	1
876	3	0.0	2	3
877	2	0.0	2	2
878	1	0.0	2	1
879	1	0.0	2	1
880	3	0.0	2	3
881	1	0.0	2	1
882	5	0.0	2	5
884	1	0.0	2	1
892	1	0.0	2	1
901	1	0.0	2	1
902	1	0.0	2	1
904	1	0.0	2	1
905	1	0.0	2	1
906	2	0.0	2	2
912	1	0.0	2	1
919	1	0.0	2	1
921	1	0.0	2	1
929	1	0.0	2	1
932	1	0.0	2	1
941	2	0.0	2	2
953	1	0.0	2	1
957	1	0.0	2	1
959	1	0.0	2	1
961	1	0.0	2	1
970	1	0.0	2	1
973	1	0.0	2	1
982	1	0.0	2	1
983	1	0.0	2	1
984	1	0.0	2	1
989	1	0.0	2	1
990	1	0.0	2	1
995	1	0.0	2	1
999	1	0.0	2	1
1003	1	0.0	2	1
1004	1	0.0	2	1
1005	1	0.0	2	1
1007	2	0.0	2	2
1008	2	0.0	2	2
1010	1	0.0	2	1
1011	3	0.0	2	3
1013	1	0.0	2	1
1016	1	0.0	2	1
1053	1	0.0	2	1
1057	1	0.0	2	1
1066	1	0.0	2	1
1080	1	0.0	2	1
1088	1	0.0	2	1
1095	1	0.0	2	1
1097	1	0.0	2	1
1099	1	0.0	2	1
1108	1	0.0	2	1
1110	1	0.0	2	1
1111	1	0.0	2	1
1116	1	0.0	2	1
1117	1	0.0	2	1
1123	1	0.0	2	0 1
1124	1	0.0	2	1
1125	1	0.0	2	1
1126	1	0.0	2	1
1127	2	0.0	2	2
1128	1	0.0	2	1
1129	1	0.0	2	1
1130	2	0.0	2	2
1132	1	0.0	2	1
1133	1	0.0	2	1
1141	1	0.0	2	1
1149	1	0.0	2	1
1159	1	0.0	2	1
1160	1	0.0	2	1
1173	1	0.0	2	1
1178	1	0.0	2	1
1179	1	0.0	2	1
1180	1	0.0	2	1
1206	2	0.0	2	2
1209	2	0.0	2	2
1210	2	0.0	2	1 1
1211	2	0.0	2	2
1214	2	0.0	2	1 0 1
1217	1	0.0	2	1
1219	1	0.0	2	1
1221	1	0.0	2	1
1227	1	0.0	2	1
1240	1	0.0	2	1
1241	1	0.0	2	1
1244	1	0.0	2	1
1256	1	0.0	2	1
1280	1	0.0	2	1
1290	2	0.0	2	2
1292	4	0.0	2	4
1293	2	0.0	2	2
1294	4	0.0	2	4
1295	2	0.0	2	2
1296	2	0.0	2	2
1298	1	0.0	2	1
1301	1	0.0	2	1
1308	1	0.0	2	1
1329	1	0.0	2	1
1339	1	0.0	2	1
1349	1	0.0	2	1
1381	1	0.0	2	1
1393	1	0.0	2	1
1395	1	0.0	2	1
1410	1	0.0	2	1
1421	1	0.0	2	1
1428	1	0.0	2	1
1439	1	0.0	2	1
1445	1	0.0	2	1
1454	1	0.0	2	1
1455	1	0.0	2	1
1460	1	0.0	2	1
1461	1	0.0	2	1
1462	1	0.0	2	1
1463	1	0.0	2	1
1464	1	0.0	2	1
1465	1	0.0	2	1
1466	2	0.0	2	2
1467	2	0.0	2	2
1468	2	0.0	2	2
1470	1	0.0	2	1
1471	2	0.0	2	2
1472	1	0.0	2	1
1473	2	0.0	2	2
1474	1	0.0	2	1
1478	1	0.0	2	1
1479	1	0.0	2	1
1482	1	0.0	2	1
1488	1	0.0	2	1
1495	1	0.0	2	1
1498	1	0.0	2	1
1500	1	0.0	2	1
1504	1	0.0	2	1
1505	2	0.0	2	2
1506	1	0.0	2	1
1510	1	0.0	2	1
1511	1	0.0	2	1
1513	1	0.0	2	1
1518	1	0.0	2	1
1527	1	0.0	2	1
1536	1	0.0	2	1
1541	1	0.0	2	1
1557	1	0.0	2	1
1564	1	0.0	2	1
1566	1	0.0	2	1
1568	1	0.0	2	1
1572	1	0.0	2	1
1576	1	0.0	2	1
1590	1	0.0	2	1
1594	1	0.0	2	1
1605	1	0.0	2	1
1607	1	0.0	2	1
1616	2	0.0	2	2
1617	1	0.0	2	1
1622	1	0.0	2	1
1625	1	0.0	2	1
1628	1	0.0	2	1
1639	1	0.0	2	1
1646	2	0.0	2	2
1647	1	0.0	2	1
1649	1	0.0	2	1
1651	1	0.0	2	1
1652	1	0.0	2	1
1657	1	0.0	2	1
1664	1	0.0	2	1
1670	1	0.0	2	1
1672	2	0.0	2	1 1
1679	2	0.0	2	2
1681	1	0.0	2	1
1682	1	0.0	2	1
1683	1	0.0	2	1
1685	2	0.0	2	2
1686	3	0.0	2	3
1687	1	0.0	2	1
1688	1	0.0	2	1
1692	1	0.0	2	1
1705	1	0.0	2	1
1706	2	0.0	2	2
1707	1	0.0	2	1
1710	1	0.0	2	1
1711	1	0.0	2	1
1712	1	0.0	2	1
1714	2	0.0	2	1 1
1715	1	0.0	2	1
1716	4	0.0	2	4
1718	1	0.0	2	1
1719	2	0.0	2	2
1720	1	0.0	2	1
1721	1	0.0	2	1
1725	1	0.0	2	1
1730	2	0.0	2	2
1746	1	0.0	2	1
1757	1	0.0	2	1
1758	1	0.0	2	1
1760	1	0.0	2	1
1768	1	0.0	2	1
1773	1	0.0	2	1
1776	1	0.0	2	1
1780	1	0.0	2	1
1787	1	0.0	2	1
1796	1	0.0	2	1
1799	1	0.0	2	1
1802	1	0.0	2	1
1803	1	0.0	2	1
1812	1	0.0	2	1
1814	1	0.0	2	1
1818	1	0.0	2	1
1821	1	0.0	2	1
1823	2	0.0	2	2
1832	1	0.0	2	0 1
1833	1	0.0	2	1
1850	1	0.0	2	1
1858	1	0.0	2	1
1868	1	0.0	2	1
1879	2	0.0	2	1 1
1884	1	0.0	2	1
1890	1	0.0	2	1
1892	1	0.0	2	1
1895	2	0.0	2	2
1905	1	0.0	2	0 1
1908	1	0.0	2	1
1911	1	0.0	2	1
1912	2	0.0	2	2
1914	1	0.0	2	1
1917	1	0.0	2	1
1921	1	0.0	2	1
1927	1	0.0	2	1
1935	1	0.0	2	1
1942	2	0.0	2	2
1945	3	0.0	2	3
1947	1	0.0	2	1
1948	2	0.0	2	2
1949	4	0.0	2	4
1951	2	0.0	2	2
1952	2	0.0	2	2
1953	1	0.0	2	1
1954	1	0.0	2	1
1956	1	0.0	2	1
1958	2	0.0	2	2
1961	2	0.0	2	2
1971	1	0.0	2	1
1988	1	0.0	2	1
1995	1	0.0	2	1
2008	1	0.0	2	1
2013	1	0.0	2	1
2020	1	0.0	2	1
2025	1	0.0	2	1
2032	1	0.0	2	1
2041	1	0.0	2	1
2056	1	0.0	2	1
2060	1	0.0	2	1
2062	1	0.0	2	1
2100	1	0.0	2	1
2108	1	0.0	2	1
2117	1	0.0	2	1
2125	1	0.0	2	1
2135	1	0.0	2	1
2137	2	0.0	2	2
2139	1	0.0	2	1
2144	1	0.0	2	1
2145	1	0.0	2	1
2146	1	0.0	2	1
2152	1	0.0	2	1
2154	1	0.0	2	1
2155	2	0.0	2	2
2157	1	0.0	2	1
2160	1	0.0	2	1
2190	1	0.0	2	1
2194	1	0.0	2	0 1
2205	1	0.0	2	1
2223	1	0.0	2	1
2238	1	0.0	2	1
2242	1	0.0	2	1
2247	1	0.0	2	1
2249	2	0.0	2	2
2250	1	0.0	2	1
2253	1	0.0	2	1
2254	2	0.0	2	2
2255	1	0.0	2	1
2257	1	0.0	2	1
2261	1	0.0	2	1
2265	1	0.0	2	1
2274	1	0.0	2	1
2279	1	0.0	2	1
2294	1	0.0	2	1
2296	2	0.0	2	2
2298	3	0.0	2	3
2303	1	0.0	2	1
2304	1	0.0	2	1
2305	1	0.0	2	1
2320	1	0.0	2	1
2324	1	0.0	2	1
2333	1	0.0	2	1
2335	2	0.0	2	2
2337	1	0.0	2	1
2343	1	0.0	2	1
2345	1	0.0	2	1
2351	1	0.0	2	1
2367	1	0.0	2	1
2373	1	0.0	2	1
2380	1	0.0	2	1
2383	1	0.0	2	1
2386	1	0.0	2	0 1
2391	1	0.0	2	1
2408	1	0.0	2	1
2415	1	0.0	2	1
2416	1	0.0	2	1
2417	1	0.0	2	1
2420	1	0.0	2	1
2426	1	0.0	2	1
2437	1	0.0	2	1
2438	1	0.0	2	1
2440	1	0.0	2	1
2442	2	0.0	2	2
2444	2	0.0	2	2
2446	1	0.0	2	1
2468	1	0.0	2	1
2506	1	0.0	2	1
2536	1	0.0	2	1
2580	2	0.0	2	2
2610	1	0.0	2	1
2617	2	0.0	2	2
2619	1	0.0	2	1
2626	1	0.0	2	1
2627	1	0.0	2	1
2639	1	0.0	2	1
2641	1	0.0	2	1
2643	1	0.0	2	1
2644	1	0.0	2	1
2648	1	0.0	2	1
2651	1	0.0	2	1
2670	2	0.0	2	2
2671	1	0.0	2	1
2679	1	0.0	2	1
2685	1	0.0	2	1
2686	1	0.0	2	1
2688	1	0.0	2	1
2689	1	0.0	2	1
2690	1	0.0	2	1
2698	1	0.0	2	1
2703	1	0.0	2	1
2705	1	0.0	2	1
2730	1	0.0	2	1
2735	1	0.0	2	1
2736	1	0.0	2	1
2737	1	0.0	2	1
2738	1	0.0	2	1
2743	1	0.0	2	1
2746	1	0.0	2	1
2747	1	0.0	2	1
2755	2	0.0	2	2
2756	2	0.0	2	2
2758	1	0.0	2	1
2759	2	0.0	2	2
2760	2	0.0	2	2
2761	4	0.0	2	4
2762	3	0.0	2	3
2763	3	0.0	2	3
2765	2	0.0	2	2
2766	1	0.0	2	1
2767	1	0.0	2	1
2768	2	0.0	2	2
2769	2	0.0	2	2
2770	1	0.0	2	1
2774	1	0.0	2	1
2780	1	0.0	2	1
2799	1	0.0	2	1
2805	1	0.0	2	1
2810	1	0.0	2	1
2833	1	0.0	2	1
2839	1	0.0	2	1
2860	1	0.0	2	1
2867	2	0.0	2	2
2875	1	0.0	2	1
2898	1	0.0	2	1
2899	1	0.0	2	1
2916	1	0.0	2	1
2918	1	0.0	2	1
2919	1	0.0	2	1
2922	1	0.0	2	1
2923	1	0.0	2	1
2924	1	0.0	2	1
2928	1	0.0	2	1
2935	1	0.0	2	1
2939	2	0.0	2	2
2940	1	0.0	2	1
2941	2	0.0	2	2
2943	2	0.0	2	2
2944	1	0.0	2	1
2945	2	0.0	2	2
2947	1	0.0	2	1
2950	1	0.0	2	1
2952	1	0.0	2	1
2954	1	0.0	2	1
2963	1	0.0	2	1
2964	1	0.0	2	1
2967	2	0.0	2	2
2970	1	0.0	2	1
2971	1	0.0	2	1
2975	1	0.0	2	1
2978	1	0.0	2	1
2989	2	0.0	2	2
2992	1	0.0	2	1
2995	1	0.0	2	1
2996	1	0.0	2	1
2998	1	0.0	2	1
3001	1	0.0	2	1
3002	1	0.0	2	1
3003	1	0.0	2	1
3005	2	0.0	2	2
3007	1	0.0	2	1
3009	2	0.0	2	2
3010	1	0.0	2	1
3011	1	0.0	2	1
3015	1	0.0	2	1
3034	3	0.0	2	3
3036	1	0.0	2	1
3041	1	0.0	2	1
3042	1	0.0	2	1
3045	1	0.0	2	1
3053	1	0.0	2	0 1
3055	1	0.0	2	1
3058	1	0.0	2	1
3059	1	0.0	2	1
3060	1	0.0	2	1
3061	1	0.0	2	1
3064	1	0.0	2	1
3070	1	0.0	2	0 1
3071	1	0.0	2	1
3073	1	0.0	2	1
3074	2	0.0	2	2
3076	1	0.0	2	1
3077	2	0.0	2	1 1
3079	1	0.0	2	1
3080	1	0.0	2	1
3082	2	0.0	2	2
3083	1	0.0	2	1
3085	1	0.0	2	1
3086	1	0.0	2	1
3087	1	0.0	2	1
3088	4	0.0	2	3 1
3089	1	0.0	2	1
3091	1	0.0	2	1
3093	1	0.0	2	0 1
3094	2	0.0	2	2
3095	1	0.0	2	1
3096	1	0.0	2	0 1
3097	2	0.0	2	2
3103	2	0.0	2	2
3104	2	0.0	2	2
3107	1	0.0	2	1
3108	1	0.0	2	1
3109	3	0.0	2	3
3110	3	0.0	2	3
3111	3	0.0	2	3
3112	4	0.0	2	3 0 1
3113	1	0.0	2	1
3115	2	0.0	2	2
3116	3	0.0	2	3
3117	3	0.0	2	3
3120	1	0.0	2	0 1
3121	2	0.0	2	1 1
3122	1	0.0	2	1
3123	1	0.0	2	1
3124	2	0.0	2	2
3125	3	0.0	2	3
3126	1	0.0	2	1
3127	4	0.0	2	3 1
3129	6	0.0	2	6
3130	3	0.0	2	2 1
3131	4	0.0	2	4
3132	3	0.0	2	3
3133	6	0.0	2	6
3134	4	0.0	2	3 1
3135	5	0.0	2	5
3136	9	0.0	2	8 1
3137	6	0.0	2	4 2
3138	10	0.0	2	8 1 1
3139	5	0.0	2	4 1
3140	6	0.0	2	5 0 1
3141	8	0.0	2	6 1 1
3142	6	0.0	2	5 1
3143	8	0.0	2	6 1 1
3144	14	0.0	2	14
3145	11	0.0	2	11
3146	7	0.0	2	7
3147	12	0.0	2	11 0 1
3148	13	0.0	2	11 0 2
3149	15	0.0	2	11 4
3150	14	0.0	2	13 1
3151	12	0.0	2	11 0 1
3152	18	0.0	2	16 2
3153	26	0.0	2	23 3
3154	27	0.0	2	26 1
3155	30	0.0	2	30
3156	29	0.0	2	26 2 1
3157	51	0.0	2	49 1 1
3158	39	0.0	2	36 2 1
3159	49	0.0	2	47 2
3160	60	0.0	2	58 2
3161	95	0.0	2	95
3162	66	0.0	2	64 2
3163	77	0.0	2	74 3
3164	95	0.0	2	92 2 1
3165	118	0.0	2	114 4
3166	133	0.0	2	129 4
3167	136	0.0	2	133 3
3168	163	0.0	2	161 2
3169	168	0.0	2	165 2 1
3170	207	0.0	2	203 4
3171	224	0.0	2	218 3 3
3172	287	0.0	2	277 10
3173	283	0.0	2	280 2 1
3174	338	0.0	2	333 4 1
3175	354	0.0	2	348 5 1
3176	354	0.0	2	352 2
3177	395	0.0	2	388 6 1
3178	359	0.0	2	355 3 1
3179	325	0.0	2	317 8
3180	280	0.0	2	278 2
3181	240	0.0	2	236 4
3182	139	0.0	2	136 3
3183	131	0.0	2	127 3 1
3184	85	0.0	2	83 2
3185	62	0.0	2	61 1
3186	51	0.0	2	51
3187	25	0.0	2	23 2
3188	31	0.0	2	31
3189	24	0.0	2	24
3190	15	0.0	2	14 1
3191	6	0.0	2	6
3192	8	0.0	2	7 1
3193	10	0.0	2	7 2 1
3194	6	0.0	2	6
3195	8	0.0	2	7 1
3196	6	0.0	2	6
3197	15	0.0	2	15
3198	8	0.0	2	8
3199	10	0.0	2	10
3200	16	0.0	2	14 2
3201	10	0.0	2	10
3202	10	0.0	2	10
3203	18	0.0	2	18
3204	21	0.0	2	21
3205	17	0.0	2	17
3206	21	0.0	2	21
3207	19	0.0	2	18 1
3208	11	0.0	2	11
3209	11	0.0	2	11
3210	14	0.0	2	14
3211	8	0.0	2	8
3212	8	0.0	2	8
3213	6	0.0	2	6
3214	6	0.0	2	6
3215	5	0.0	2	5
3216	8	0.0	2	7 1
3217	5	0.0	2	5
3218	5	0.0	2	5
3219	4	0.0	2	4
3220	2	0.0	2	2
3221	2	0.0	2	2
3222	1	0.0	2	1
3223	2	0.0	2	2
3224	7	0.0	2	7
3225	3	0.0	2	3
3226	5	0.0	2	5
3227	5	0.0	2	5
3228	3	0.0	2	3
3229	6	0.0	2	6
3230	1	0.0	2	1
3231	3	0.0	2	3
3232	6	0.0	2	6
3233	4	0.0	2	4
3234	2	0.0	2	2
3235	1	0.0	2	1
3236	1	0.0	2	1
3237	2	0.0	2	2
3238	2	0.0	2	2
3239	3	0.0	2	3
3241	2	0.0	2	2
3242	3	0.0	2	3
3243	3	0.0	2	3
3245	2	0.0	2	2
3246	2	0.0	2	2
3247	2	0.0	2	2
3248	2	0.0	2	2
3249	2	0.0	2	2
3250	4	0.0	2	4
3252	2	0.0	2	2
3253	1	0.0	2	1
3255	2	0.0	2	2
3257	3	0.0	2	3
3258	3	0.0	2	3
3259	1	0.0	2	1
3261	2	0.0	2	2
3262	2	0.0	2	2
3263	1	0.0	2	1
3264	3	0.0	2	3
3265	1	0.0	2	1
3266	3	0.0	2	3
3267	1	0.0	2	1
3268	4	0.0	2	4
3269	2	0.0	2	2
3271	1	0.0	2	1
3272	2	0.0	2	2
3274	3	0.0	2	3
3275	2	0.0	2	2
3277	5	0.0	2	5
3279	2	0.0	2	2
3280	3	0.0	2	3
3281	3	0.0	2	3
3282	2	0.0	2	2
3283	3	0.0	2	3
3284	2	0.0	2	2
3285	2	0.0	2	2
3286	4	0.0	2	4
3287	2	0.0	2	1 1
3288	2	0.0	2	2
3289	3	0.0	2	3
3290	1	0.0	2	1
3291	2	0.0	2	2
3292	3	0.0	2	3
3293	1	0.0	2	1
3294	1	0.0	2	1
3295	2	0.0	2	2
3298	4	0.0	2	4
3299	1	0.0	2	1
3300	2	0.0	2	1 1
3301	2	0.0	2	2
3302	2	0.0	2	2
3303	1	0.0	2	1
3304	3	0.0	2	3
3305	2	0.0	2	2
3306	2	0.0	2	2
3307	2	0.0	2	2
3308	3	0.0	2	3
3309	2	0.0	2	2
3310	2	0.0	2	2
3311	2	0.0	2	2
3312	2	0.0	2	2
3313	4	0.0	2	3 1
3314	1	0.0	2	1
3315	2	0.0	2	2
3316	5	0.0	2	4 1
3317	1	0.0	2	1
3318	1	0.0	2	1
3319	1	0.0	2	1
3320	1	0.0	2	1
3321	2	0.0	2	2
3323	4	0.0	2	4
3324	4	0.0	2	4
3325	2	0.0	2	2
3326	2	0.0	2	2
3327	2	0.0	2	2
3329	1	0.0	2	1
3330	3	0.0	2	3
3331	1	0.0	2	1
3332	2	0.0	2	2
3333	1	0.0	2	1
3335	5	0.0	2	5
3336	3	0.0	2	3
3337	1	0.0	2	1
3338	2	0.0	2	2
3340	2	0.0	2	2
3341	3	0.0	2	3
3343	2	0.0	2	2
3344	2	0.0	2	2
3345	2	0.0	2	2
3346	1	0.0	2	1
3347	3	0.0	2	3
3348	2	0.0	2	2
3349	2	0.0	2	2
3351	3	0.0	2	3
3352	2	0.0	2	2
3354	2	0.0	2	1 0 1
3355	1	0.0	2	1
3356	4	0.0	2	4
3357	1	0.0	2	1
3358	3	0.0	2	3
3359	2	0.0	2	2
3360	2	0.0	2	2
3361	3	0.0	2	3
3362	4	0.0	2	4
3363	2	0.0	2	2
3364	2	0.0	2	2
3366	2	0.0	2	1 1
3367	3	0.0	2	3
3368	1	0.0	2	1
3369	2	0.0	2	2
3370	2	0.0	2	2
3371	3	0.0	2	3
3372	4	0.0	2	4
3373	3	0.0	2	3
3374	3	0.0	2	3
3375	1	0.0	2	1
3377	2	0.0	2	2
3379	2	0.0	2	2
3380	3	0.0	2	3
3381	2	0.0	2	2
3382	2	0.0	2	2
3384	3	0.0	2	3
3385	3	0.0	2	2 1
3388	2	0.0	2	2
3389	4	0.0	2	4
3390	2	0.0	2	2
3391	1	0.0	2	1
3393	1	0.0	2	1
3394	3	0.0	2	3
3395	4	0.0	2	4
3396	4	0.0	2	3 1
3398	1	0.0	2	1
3401	2	0.0	2	2
3402	4	0.0	2	4
3403	4	0.0	2	4
3404	1	0.0	2	1
3405	1	0.0	2	1
3406	1	0.0	2	1
3407	5	0.0	2	4 1
3408	3	0.0	2	3
3409	2	0.0	2	2
3411	1	0.0	2	1
3412	1	0.0	2	1
3413	1	0.0	2	1
3414	2	0.0	2	2
3415	4	0.0	2	4
3416	1	0.0	2	1
3417	1	0.0	2	1
3419	2	0.0	2	2
3420	2	0.0	2	2
3421	3	0.0	2	3
3423	1	0.0	2	1
3424	4	0.0	2	4
3426	1	0.0	2	1
3427	1	0.0	2	1
3428	2	0.0	2	1 1
3429	3	0.0	2	3
3430	2	0.0	2	2
3432	1	0.0	2	1
3433	3	0.0	2	3
3434	4	0.0	2	4
3435	1	0.0	2	1
3436	3	0.0	2	3
3437	2	0.0	2	2
3440	1	0.0	2	1
3441	1	0.0	2	1
3442	4	0.0	2	4
3443	2	0.0	2	2
3444	3	0.0	2	3
3446	1	0.0	2	1
3447	2	0.0	2	2
3448	4	0.0	2	4
3449	2	0.0	2	2
3450	3	0.0	2	3
3451	4	0.0	2	4
3452	5	0.0	2	5
3453	1	0.0	2	1
3454	1	0.0	2	1
3455	1	0.0	2	1
3456	1	0.0	2	1
3457	3	0.0	2	3
3458	3	0.0	2	3
3459	2	0.0	2	2
3460	2	0.0	2	2
3461	2	0.0	2	2
3463	1	0.0	2	1
3464	2	0.0	2	2
3465	2	0.0	2	2
3466	3	0.0	2	3
3467	2	0.0	2	2
3469	2	0.0	2	2
3471	2	0.0	2	2
3472	3	0.0	2	3
3473	1	0.0	2	1
3474	4	0.0	2	4
3475	3	0.0	2	3
3476	2	0.0	2	2
3477	2	0.0	2	2
3478	3	0.0	2	2 1
3479	1	0.0	2	1
3480	3	0.0	2	3
3481	1	0.0	2	1
3483	3	0.0	2	3
3484	3	0.0	2	3
3485	3	0.0	2	3
3487	4	0.0	2	4
3488	2	0.0	2	2
3490	2	0.0	2	2
3491	2	0.0	2	2
3492	4	0.0	2	4
3493	1	0.0	2	1
3494	1	0.0	2	1
3497	3	0.0	2	3
3498	5	0.0	2	5
3499	2	0.0	2	2
3501	2	0.0	2	2
3502	1	0.0	2	1
3503	3	0.0	2	3
3504	2	0.0	2	2
3506	2	0.0	2	2
3508	2	0.0	2	2
3509	2	0.0	2	2
3510	3	0.0	2	3
3511	2	0.0	2	2
3512	4	0.0	2	4
3513	1	0.0	2	1
3514	2	0.0	2	2
3515	4	0.0	2	4
3516	1	0.0	2	1
3517	2	0.0	2	2
3518	2	0.0	2	2
3519	1	0.0	2	1
3520	1	0.0	2	1
3521	2	0.0	2	2
3522	3	0.0	2	3
3523	2	0.0	2	2
3524	3	0.0	2	2 0 1
3525	3	0.0	2	3
3526	1	0.0	2	1
3527	1	0.0	2	1
3528	3	0.0	2	3
3530	2	0.0	2	2
3531	1	0.0	2	1
3532	3	0.0	2	3
3534	2	0.0	2	2
3535	4	0.0	2	4
3536	3	0.0	2	3
3537	4	0.0	2	4
3538	6	0.0	2	6
3539	1	0.0	2	1
3540	2	0.0	2	2
3541	1	0.0	2	1
3542	2	0.0	2	2
3543	3	0.0	2	3
3544	2	0.0	2	1 1
3545	2	0.0	2	2
3546	1	0.0	2	1
3547	3	0.0	2	3
3548	1	0.0	2	1
3549	2	0.0	2	2
3550	2	0.0	2	2
3551	5	0.0	2	5
3553	1	0.0	2	1
3554	2	0.0	2	2
3556	2	0.0	2	2
3557	1	0.0	2	0 1
3558	1	0.0	2	1
3559	3	0.0	2	3
3560	2	0.0	2	1 0 1
3561	3	0.0	2	3
3563	2	0.0	2	2
3566	4	0.0	2	4
3568	3	0.0	2	3
3569	1	0.0	2	1
3570	3	0.0	2	3
3571	1	0.0	2	1
3573	3	0.0	2	3
3574	4	0.0	2	4
3575	3	0.0	2	3
3576	3	0.0	2	3
3577	3	0.0	2	3
3578	2	0.0	2	2
3579	3	0.0	2	3
3580	3	0.0	2	3
3581	2	0.0	2	2
3583	3	0.0	2	2 1
3584	3	0.0	2	3
3585	1	0.0	2	0 1
3586	4	0.0	2	4
3587	1	0.0	2	1
3588	3	0.0	2	2 1
3589	4	0.0	2	4
3591	3	0.0	2	3
3592	2	0.0	2	2
3593	1	0.0	2	1
3595	1	0.0	2	1
3596	1	0.0	2	1
3597	2	0.0	2	2
3598	1	0.0	2	1
3599	1	0.0	2	1
3600	2	0.0	2	2
3601	1	0.0	2	1
3603	1	0.0	2	1
3604	1	0.0	2	1
3606	4	0.0	2	4
3607	2	0.0	2	2
3609	2	0.0	2	2
3610	4	0.0	2	4
3611	2	0.0	2	2
3612	1	0.0	2	1
3613	1	0.0	2	1
3615	1	0.0	2	1
3616	1	0.0	2	1
3618	1	0.0	2	1
3619	2	0.0	2	2
3621	1	0.0	2	1
3622	2	0.0	2	2
3623	1	0.0	2	1
3624	3	0.0	2	3
3625	2	0.0	2	2
3626	4	0.0	2	4
3629	1	0.0	2	1
3630	1	0.0	2	1
3631	1	0.0	2	1
3632	3	0.0	2	3
3633	1	0.0	2	1
3634	1	0.0	2	1
3635	2	0.0	2	2
3636	2	0.0	2	2
3637	1	0.0	2	1
3638	3	0.0	2	3
3640	1	0.0	2	1
3641	2	0.0	2	2
3643	4	0.0	2	4
3645	2	0.0	2	2
3646	2	0.0	2	2
3648	1	0.0	2	1
3649	2	0.0	2	2
3650	1	0.0	2	1
3651	1	0.0	2	1
3652	4	0.0	2	4
3653	1	0.0	2	1
3654	2	0.0	2	2
3655	1	0.0	2	1
3656	1	0.0	2	1
3657	1	0.0	2	1
3659	1	0.0	2	1
3660	2	0.0	2	2
3662	3	0.0	2	3
3663	1	0.0	2	1
3664	4	0.0	2	4
3665	1	0.0	2	1
3666	2	0.0	2	2
3667	2	0.0	2	2
3669	2	0.0	2	2
3670	2	0.0	2	2
3672	1	0.0	2	1
3674	2	0.0	2	2
3675	2	0.0	2	2
3677	3	0.0	2	3
3678	2	0.0	2	2
3679	4	0.0	2	4
3682	1	0.0	2	1
3683	2	0.0	2	2
3684	4	0.0	2	4
3686	1	0.0	2	1
3688	4	0.0	2	4
3689	1	0.0	2	1
3690	1	0.0	2	1
3691	1	0.0	2	1
3694	1	0.0	2	1
3695	1	0.0	2	1
3696	2	0.0	2	2
3697	3	0.0	2	3
3699	1	0.0	2	1
3700	2	0.0	2	2
3702	3	0.0	2	3
3703	1	0.0	2	1
3704	2	0.0	2	1 1
3706	2	0.0	2	2
3707	2	0.0	2	2
3708	1	0.0	2	1
3709	1	0.0	2	1
3710	2	0.0	2	2
3711	2	0.0	2	2
3712	1	0.0	2	1
3713	3	0.0	2	3
3714	4	0.0	2	4
3715	4	0.0	2	4
3716	1	0.0	2	1
3717	3	0.0	2	3
3718	2	0.0	2	2
3719	1	0.0	2	1
3720	2	0.0	2	2
3722	2	0.0	2	2
3723	2	0.0	2	2
3724	3	0.0	2	3
3725	5	0.0	2	5
3726	3	0.0	2	3
3729	2	0.0	2	2
3730	1	0.0	2	1
3731	5	0.0	2	5
3732	1	0.0	2	1
3733	2	0.0	2	2
3734	2	0.0	2	2
3736	1	0.0	2	1
3738	3	0.0	2	3
3740	1	0.0	2	1
3741	1	0.0	2	1
3742	2	0.0	2	2
3744	2	0.0	2	1 1
3745	1	0.0	2	1
3746	2	0.0	2	2
3749	3	0.0	2	3
3750	3	0.0	2	3
3751	3	0.0	2	3
3752	1	0.0	2	1
3753	2	0.0	2	2
3754	1	0.0	2	1
3755	3	0.0	2	3
3756	2	0.0	2	2
3757	1	0.0	2	1
3759	2	0.0	2	2
3760	1	0.0	2	1
3761	2	0.0	2	2
3763	1	0.0	2	1
3764	2	0.0	2	2
3765	2	0.0	2	2
3766	2	0.0	2	2
3767	3	0.0	2	3
3768	3	0.0	2	3
3771	2	0.0	2	2
3772	1	0.0	2	1
3773	6	0.0	2	6
3774	2	0.0	2	2
3775	3	0.0	2	3
3776	2	0.0	2	2
3777	3	0.0	2	3
3778	1	0.0	2	1
3779	1	0.0	2	1
3780	1	0.0	2	1
3781	2	0.0	2	2
3783	1	0.0	2	1
3784	2	0.0	2	2
3785	1	0.0	2	1
3786	2	0.0	2	2
3788	1	0.0	2	1
3789	1	0.0	2	1
3792	3	0.0	2	3
3795	1	0.0	2	1
3796	1	0.0	2	1
3797	1	0.0	2	1
3799	1	0.0	2	1
3800	1	0.0	2	1
3802	1	0.0	2	1
3803	1	0.0	2	1
3804	1	0.0	2	1
3805	3	0.0	2	3
3806	1	0.0	2	1
3807	1	0.0	2	1
3808	2	0.0	2	2
3809	1	0.0	2	1
3810	1	0.0	2	1
3811	2	0.0	2	2
3812	3	0.0	2	3
3813	1	0.0	2	1
3815	3	0.0	2	3
3816	2	0.0	2	2
3818	1	0.0	2	1
3819	2	0.0	2	2
3820	1	0.0	2	1
3823	2	0.0	2	2
3826	1	0.0	2	1
3827	3	0.0	2	2 1
3829	1	0.0	2	1
3830	2	0.0	2	2
3831	1	0.0	2	1
3832	1	0.0	2	1
3833	3	0.0	2	3
3834	1	0.0	2	1
3835	1	0.0	2	1
3837	1	0.0	2	1
3838	3	0.0	2	3
3839	1	0.0	2	1
3841	1	0.0	2	1
3842	1	0.0	2	1
3843	1	0.0	2	1
3845	1	0.0	2	1
3846	1	0.0	2	1
3847	1	0.0	2	1
3848	2	0.0	2	2
3849	1	0.0	2	1
3851	2	0.0	2	2
3855	4	0.0	2	4
3856	1	0.0	2	1
3858	1	0.0	2	1
3859	1	0.0	2	1
3860	1	0.0	2	1
3861	1	0.0	2	1
3862	1	0.0	2	1
3863	1	0.0	2	1
3864	1	0.0	2	1
3867	2	0.0	2	2
3868	1	0.0	2	1
3870	1	0.0	2	1
3871	1	0.0	2	1
3872	4	0.0	2	4
3873	2	0.0	2	2
3874	1	0.0	2	1
3875	1	0.0	2	1
3877	1	0.0	2	1
3879	1	0.0	2	1
3881	1	0.0	2	1
3882	3	0.0	2	3
3885	2	0.0	2	2
3886	3	0.0	2	2 1
3887	2	0.0	2	2
3889	1	0.0	2	1
3890	4	0.0	2	4
3891	1	0.0	2	1
3892	1	0.0	2	1
3894	4	0.0	2	4
3895	1	0.0	2	1
3897	1	0.0	2	1
3898	1	0.0	2	1
3900	1	0.0	2	1
3901	2	0.0	2	2
3904	3	0.0	2	3
3905	2	0.0	2	2
3907	1	0.0	2	1
3909	2	0.0	2	2
3910	1	0.0	2	1
3914	2	0.0	2	2
3915	2	0.0	2	2
3916	2	0.0	2	2
3918	3	0.0	2	3
3921	1	0.0	2	1
3922	1	0.0	2	1
3923	2	0.0	2	2
3925	3	0.0	2	3
3926	1	0.0	2	1
3927	1	0.0	2	1
3928	2	0.0	2	2
3930	1	0.0	2	1
3931	2	0.0	2	2
3939	2	0.0	2	2
3940	1	0.0	2	1
3941	1	0.0	2	1
3942	1	0.0	2	1
3945	1	0.0	2	1
3947	1	0.0	2	1
3948	1	0.0	2	1
3949	1	0.0	2	1
3951	2	0.0	2	2
3952	2	0.0	2	2
3953	1	0.0	2	1
3956	1	0.0	2	1
3957	2	0.0	2	2
3958	1	0.0	2	1
3960	3	0.0	2	3
3961	2	0.0	2	2
3962	2	0.0	2	2
3963	3	0.0	2	3
3968	2	0.0	2	2
3970	2	0.0	2	2
3971	3	0.0	2	3
3972	3	0.0	2	3
3973	3	0.0	2	3
3974	2	0.0	2	2
3975	1	0.0	2	1
3977	1	0.0	2	1
3978	1	0.0	2	1
3980	3	0.0	2	3
3982	1	0.0	2	1
3983	1	0.0	2	1
3986	1	0.0	2	1
3987	2	0.0	2	2
3988	2	0.0	2	2
3989	1	0.0	2	1
3991	1	0.0	2	1
3992	1	0.0	2	1
3993	2	0.0	2	2
3995	4	0.0	2	4
3996	1	0.0	2	1
4000	1	0.0	2	1
4001	1	0.0	2	1
4003	1	0.0	2	1
4006	1	0.0	2	1
4008	2	0.0	2	2
4010	1	0.0	2	1
4013	1	0.0	2	1
4014	1	0.0	2	1
4015	1	0.0	2	1
4016	1	0.0	2	1
4018	1	0.0	2	1
4019	2	0.0	2	2
4020	1	0.0	2	1
4022	1	0.0	2	1
4023	1	0.0	2	1
4025	1	0.0	2	1
4027	1	0.0	2	1
4028	1	0.0	2	1
4029	1	0.0	2	1
4030	1	0.0	2	1
4031	2	0.0	2	2
4032	1	0.0	2	1
4033	1	0.0	2	1
4034	1	0.0	2	1
4035	1	0.0	2	1
4037	1	0.0	2	1
4038	3	0.0	2	2 1
4039	2	0.0	2	2
4041	1	0.0	2	1
4044	1	0.0	2	1
4046	1	0.0	2	1
4047	1	0.0	2	1
4049	1	0.0	2	1
4051	2	0.0	2	2
4054	1	0.0	2	1
4055	1	0.0	2	1
4056	1	0.0	2	1
4058	2	0.0	2	2
4060	1	0.0	2	1
4061	1	0.0	2	1
4062	1	0.0	2	1
4063	1	0.0	2	1
4066	1	0.0	2	1
4071	3	0.0	2	3
4072	1	0.0	2	1
4073	1	0.0	2	1
4078	2	0.0	2	2
4080	2	0.0	2	2
4082	1	0.0	2	1
4083	2	0.0	2	2
4084	2	0.0	2	2
4085	2	0.0	2	2
4086	1	0.0	2	1
4089	2	0.0	2	2
4091	1	0.0	2	1
4093	1	0.0	2	1
4095	1	0.0	2	1
4097	2	0.0	2	2
4098	1	0.0	2	1
4099	1	0.0	2	1
4100	1	0.0	2	1
4104	1	0.0	2	1
4106	1	0.0	2	1
4107	2	0.0	2	2
4110	1	0.0	2	1
4111	1	0.0	2	1
4112	1	0.0	2	1
4114	1	0.0	2	1
4115	2	0.0	2	2
4117	2	0.0	2	2
4118	1	0.0	2	1
4124	1	0.0	2	1
4125	2	0.0	2	2
4127	1	0.0	2	1
4130	2	0.0	2	2
4131	4	0.0	2	4
4132	1	0.0	2	1
4133	2	0.0	2	2
4141	1	0.0	2	1
4142	1	0.0	2	1
4148	1	0.0	2	1
4149	1	0.0	2	1
4150	2	0.0	2	2
4152	1	0.0	2	1
4154	1	0.0	2	1
4155	1	0.0	2	1
4156	1	0.0	2	1
4157	2	0.0	2	2
4159	1	0.0	2	1
4164	1	0.0	2	1
4165	1	0.0	2	1
4166	1	0.0	2	1
4169	2	0.0	2	2
4170	1	0.0	2	1
4173	2	0.0	2	2
4177	1	0.0	2	1
4178	1	0.0	2	1
4183	1	0.0	2	1
4184	2	0.0	2	2
4187	1	0.0	2	1
4188	1	0.0	2	1
4191	2	0.0	2	2
4192	1	0.0	2	1
4194	1	0.0	2	1
4196	1	0.0	2	1
4200	2	0.0	2	2
4201	1	0.0	2	1
4206	2	0.0	2	2
4207	1	0.0	2	1
4208	1	0.0	2	1
4210	3	0.0	2	3
4212	1	0.0	2	1
4217	1	0.0	2	1
4218	1	0.0	2	1
4220	1	0.0	2	1
4221	3	0.0	2	3
4223	1	0.0	2	1
4224	2	0.0	2	2
4228	1	0.0	2	1
4231	3	0.0	2	3
4234	1	0.0	2	1
4238	1	0.0	2	1
4239	2	0.0	2	2
4240	1	0.0	2	1
4246	1	0.0	2	1
4248	1	0.0	2	1
4251	4	0.0	2	4
4252	1	0.0	2	1
4253	1	0.0	2	1
4257	1	0.0	2	1
4258	1	0.0	2	1
4261	1	0.0	2	1
4267	1	0.0	2	1
4268	1	0.0	2	1
4270	2	0.0	2	2
4272	1	0.0	2	1
4274	1	0.0	2	1
4275	1	0.0	2	1
4278	1	0.0	2	1
4284	1	0.0	2	1
4286	1	0.0	2	1
4295	2	0.0	2	2
4296	1	0.0	2	1
4298	1	0.0	2	1
4300	1	0.0	2	1
4301	2	0.0	2	2
4311	1	0.0	2	1
4315	2	0.0	2	2
4320	2	0.0	2	2
4322	1	0.0	2	1
4323	1	0.0	2	1
4327	1	0.0	2	1
4329	1	0.0	2	1
4330	1	0.0	2	1
4332	1	0.0	2	1
4334	1	0.0	2	1
4335	2	0.0	2	2
4339	1	0.0	2	1
4348	1	0.0	2	1
4353	1	0.0	2	1
4357	1	0.0	2	1
4360	1	0.0	2	1
4361	1	0.0	2	1
4367	1	0.0	2	1
4370	2	0.0	2	2
4375	2	0.0	2	2
4376	1	0.0	2	1
4379	1	0.0	2	1
4380	1	0.0	2	1
4397	1	0.0	2	1
4401	2	0.0	2	2
4402	2	0.0	2	2
4411	1	0.0	2	1
4416	1	0.0	2	1
4417	2	0.0	2	2
4423	1	0.0	2	1
4428	1	0.0	2	1
4432	1	0.0	2	1
4434	1	0.0	2	1
4448	1	0.0	2	1
4450	1	0.0	2	1
4454	2	0.0	2	2
4458	1	0.0	2	1
4460	1	0.0	2	1
4461	1	0.0	2	1
4463	1	0.0	2	1
4475	1	0.0	2	1
4479	1	0.0	2	1
4480	1	0.0	2	1
4484	1	0.0	2	1
4494	1	0.0	2	1
4496	1	0.0	2	1
4499	1	0.0	2	1
4500	1	0.0	2	1
4503	1	0.0	2	1
4504	1	0.0	2	1
4510	1	0.0	2	1
4511	2	0.0	2	2
4512	1	0.0	2	1
4521	1	0.0	2	1
4524	1	0.0	2	1
4527	1	0.0	2	1
4535	1	0.0	2	1
4542	1	0.0	2	1
4543	2	0.0	2	2
4548	1	0.0	2	1
4550	1	0.0	2	1
4566	1	0.0	2	1
4573	1	0.0	2	1
4574	1	0.0	2	1
4582	1	0.0	2	1
4586	1	0.0	2	1
4595	1	0.0	2	1
4596	1	0.0	2	1
4600	1	0.0	2	1
4611	1	0.0	2	1
4617	1	0.0	2	1
4618	1	0.0	2	1
4621	2	0.0	2	2
4627	2	0.0	2	2
4628	1	0.0	2	1
4630	1	0.0	2	1
4634	1	0.0	2	1
4639	1	0.0	2	1
4668	1	0.0	2	1
4693	1	0.0	2	1
4701	2	0.0	2	2
4703	1	0.0	2	1
4712	1	0.0	2	1
4720	2	0.0	2	2
4721	1	0.0	2	1
4725	1	0.0	2	1
4727	1	0.0	2	1
4729	1	0.0	2	1
4732	2	0.0	2	1 1
4734	1	0.0	2	1
4747	1	0.0	2	1
4751	1	0.0	2	1
4755	1	0.0	2	1
4760	1	0.0	2	1
4772	1	0.0	2	1
4777	1	0.0	2	1
4780	1	0.0	2	1
4789	2	0.0	2	2
4796	1	0.0	2	1
4802	1	0.0	2	1
4815	1	0.0	2	1
4819	1	0.0	2	1
4822	1	0.0	2	1
4838	1	0.0	2	0 1
4845	1	0.0	2	1
4849	1	0.0	2	1
4852	1	0.0	2	1
4855	1	0.0	2	1
4863	1	0.0	2	1
4864	1	0.0	2	1
4884	1	0.0	2	1
4897	1	0.0	2	1
4902	1	0.0	2	1
4903	1	0.0	2	1
4909	1	0.0	2	1
4914	1	0.0	2	1
4919	1	0.0	2	1
4928	1	0.0	2	1
4931	1	0.0	2	1
4936	1	0.0	2	1
4942	1	0.0	2	1
4943	1	0.0	2	1
4946	1	0.0	2	1
4971	1	0.0	2	0 1
4977	1	0.0	2	1
4980	1	0.0	2	1
4984	1	0.0	2	1
4987	1	0.0	2	1
4992	1	0.0	2	1
4994	1	0.0	2	1
5006	1	0.0	2	1
5027	2	0.0	2	2
5029	1	0.0	2	1
5052	1	0.0	2	1
5096	1	0.0	2	1
5123	2	0.0	2	2
5125	1	0.0	2	0 1
5136	1	0.0	2	1
5150	1	0.0	2	1
5184	1	0.0	2	1
5197	1	0.0	2	1
5207	1	0.0	2	1
5254	1	0.0	2	1
5262	1	0.0	2	1
5274	1	0.0	2	1
5291	1	0.0	2	1
5310	1	0.0	2	1
5328	1	0.0	2	1
5345	1	0.0	2	1
5348	1	0.0	2	1
5355	1	0.0	2	1
5390	1	0.0	2	1
5408	1	0.0	2	1
5416	1	0.0	2	1
5497	1	0.0	2	1
5515	1	0.0	2	1
5606	1	0.0	2	1
5616	1	0.0	2	1
5624	1	0.0	2	1
5640	1	0.0	2	1
5648	1	0.0	2	1
5693	1	0.0	2	1
5699	1	0.0	2	1
5711	1	0.0	2	1
5740	1	0.0	2	1
5756	1	0.0	2	1
5824	1	0.0	2	1
5840	1	0.0	2	1
5858	1	0.0	2	1
5865	1	0.0	2	1
5867	1	0.0	2	1
5869	1	0.0	2	1
5870	1	0.0	2	1
5873	2	0.0	2	2
5876	1	0.0	2	1
5877	1	0.0	2	1
5878	3	0.0	2	3
5904	1	0.0	2	1
5939	1	0.0	2	1
5945	1	0.0	2	1
5953	1	0.0	2	1
5966	1	0.0	2	1
5967	1	0.0	2	1
5983	1	0.0	2	1
6034	2	0.0	2	2
6048	1	0.0	2	1
6050	1	0.0	2	1
6063	1	0.0	2	1
6064	1	0.0	2	1
6092	1	0.0	2	1
6105	1	0.0	2	1
6108	1	0.0	2	1
6130	1	0.0	2	1
6131	1	0.0	2	1
6133	1	0.0	2	1
6138	1	0.0	2	1
6146	1	0.0	2	1
6155	1	0.0	2	1
6161	1	0.0	2	1
6163	1	0.0	2	1
6166	1	0.0	2	1
6167	1	0.0	2	1
6168	2	0.0	2	2
6171	1	0.0	2	1
6175	2	0.0	2	2
6177	1	0.0	2	1
6180	1	0.0	2	1
6181	1	0.0	2	1
6182	1	0.0	2	1
6184	1	0.0	2	1
6186	1	0.0	2	1
6187	1	0.0	2	1
6189	1	0.0	2	1
6190	2	0.0	2	2
6191	2	0.0	2	2
6195	1	0.0	2	1
6196	1	0.0	2	1
6197	1	0.0	2	1
6200	1	0.0	2	1
6201	3	0.0	2	3
6203	1	0.0	2	1
6210	2	0.0	2	2
6215	3	0.0	2	2 1
6217	2	0.0	2	2
6218	1	0.0	2	1
6219	2	0.0	2	2
6220	3	0.0	2	3
6221	1	0.0	2	1
6223	1	0.0	2	1
6224	3	0.0	2	3
6225	1	0.0	2	1
6228	2	0.0	2	1 1
6229	2	0.0	2	2
6230	1	0.0	2	1
6231	1	0.0	2	1
6232	2	0.0	2	2
6233	3	0.0	2	3
6235	4	0.0	2	4
6236	2	0.0	2	2
6238	2	0.0	2	2
6239	1	0.0	2	1
6240	1	0.0	2	1
6241	1	0.0	2	1
6243	3	0.0	2	3
6244	1	0.0	2	1
6245	2	0.0	2	2
6246	2	0.0	2	2
6247	2	0.0	2	2
6250	2	0.0	2	2
6252	1	0.0	2	1
6253	1	0.0	2	1
6255	1	0.0	2	1
6256	4	0.0	2	4
6257	3	0.0	2	3
6258	4	0.0	2	4
6260	1	0.0	2	1
6261	2	0.0	2	2
6262	6	0.0	2	6
6263	1	0.0	2	1
6264	1	0.0	2	1
6265	6	0.0	2	6
6266	1	0.0	2	1
6267	1	0.0	2	1
6269	1	0.0	2	1
6271	1	0.0	2	1
6272	2	0.0	2	2
6273	6	0.0	2	4 2
6274	1	0.0	2	1
6275	3	0.0	2	2 1
6276	4	0.0	2	4
6277	2	0.0	2	2
6278	5	0.0	2	5
6279	2	0.0	2	2
6280	1	0.0	2	1
6281	2	0.0	2	2
6282	1	0.0	2	1
6283	3	0.0	2	3
6284	3	0.0	2	2 1
6285	3	0.0	2	3
6287	4	0.0	2	3 1
6288	2	0.0	2	2
6289	4	0.0	2	4
6290	4	0.0	2	4
6291	3	0.0	2	3
6292	3	0.0	2	3
6293	1	0.0	2	1
6296	4	0.0	2	4
6297	3	0.0	2	3
6298	3	0.0	2	3
6299	4	0.0	2	4
6300	4	0.0	2	4
6301	5	0.0	2	5
6302	2	0.0	2	2
6303	3	0.0	2	3
6305	2	0.0	2	2
6306	2	0.0	2	2
6307	2	0.0	2	2
6308	3	0.0	2	2 1
6309	2	0.0	2	2
6311	1	0.0	2	1
6312	1	0.0	2	1
6314	4	0.0	2	4
6316	1	0.0	2	1
6318	3	0.0	2	3
6319	3	0.0	2	3
6320	1	0.0	2	1
6321	1	0.0	2	1
6322	1	0.0	2	1
6323	1	0.0	2	1
6324	1	0.0	2	1
6326	2	0.0	2	2
6328	1	0.0	2	1
6330	1	0.0	2	1
6331	3	0.0	2	2 1
6332	1	0.0	2	1
6333	1	0.0	2	1
6334	3	0.0	2	3
6335	1	0.0	2	1
6336	2	0.0	2	2
6337	3	0.0	2	3
6338	2	0.0	2	2
6339	1	0.0	2	1
6342	1	0.0	2	1
6345	1	0.0	2	1
6347	1	0.0	2	1
6351	2	0.0	2	2
6353	1	0.0	2	1
6356	1	0.0	2	1
6359	1	0.0	2	1
6360	1	0.0	2	1
6361	1	0.0	2	1
6362	2	0.0	2	2
6365	1	0.0	2	1
6366	1	0.0	2	1
6367	3	0.0	2	3
6368	1	0.0	2	1
6369	1	0.0	2	1
6371	2	0.0	2	2
6372	1	0.0	2	1
6373	1	0.0	2	1
6374	2	0.0	2	2
6375	1	0.0	2	1
6376	2	0.0	2	2
6377	2	0.0	2	2
6378	1	0.0	2	1
6379	1	0.0	2	1
6380	1	0.0	2	1
6381	2	0.0	2	2
6382	4	0.0	2	4
6383	4	0.0	2	4
6384	5	0.0	2	4 1
6385	3	0.0	2	3
6386	3	0.0	2	3
6387	7	0.0	2	7
6388	4	0.0	2	4
6389	3	0.0	2	3
6390	2	0.0	2	2
6391	3	0.0	2	3
6392	8	0.0	2	8
6393	2	0.0	2	2
6394	3	0.0	2	3
6395	7	0.0	2	6 0 1
6396	1	0.0	2	1
6398	3	0.0	2	3
6402	2	0.0	2	2
6403	1	0.0	2	1
6405	2	0.0	2	2
6406	1	0.0	2	1
6408	1	0.0	2	1
6411	1	0.0	2	1
6413	1	0.0	2	0 1
6414	2	0.0	2	2
6415	1	0.0	2	1
6417	2	0.0	2	2
6418	2	0.0	2	2
6419	2	0.0	2	2
6420	1	0.0	2	1
6426	1	0.0	2	1
6429	1	0.0	2	1
6431	1	0.0	2	1
6434	3	0.0	2	2 1
6436	1	0.0	2	1
6444	1	0.0	2	1
6445	1	0.0	2	1
6447	1	0.0	2	1
6467	2	0.0	2	2
6469	1	0.0	2	1
6480	1	0.0	2	1
6481	1	0.0	2	1
6484	1	0.0	2	1
6489	1	0.0	2	1
6494	1	0.0	2	1
6497	1	0.0	2	1
6498	1	0.0	2	1
6512	1	0.0	2	1
6522	1	0.0	2	1
6532	1	0.0	2	1
6536	1	0.0	2	1
6551	1	0.0	2	1
6557	1	0.0	2	1
6565	1	0.0	2	1
6567	1	0.0	2	1
6581	1	0.0	2	1
6584	1	0.0	2	0 1
6587	1	0.0	2	1
6592	1	0.0	2	1
6622	1	0.0	2	1
6624	1	0.0	2	1
6677	2	0.0	2	2
6690	1	0.0	2	1
6702	1	0.0	2	1
6703	3	0.0	2	3
6712	1	0.0	2	1
6716	1	0.0	2	1
6717	1	0.0	2	1
6722	1	0.0	2	1
6723	1	0.0	2	1
6728	1	0.0	2	1
6732	1	0.0	2	1
6733	1	0.0	2	1
6735	1	0.0	2	1
6773	1	0.0	2	1
6782	1	0.0	2	1
6786	1	0.0	2	1
6788	1	0.0	2	1
6794	1	0.0	2	1
6853	1	0.0	2	1
6876	1	0.0	2	1
6894	1	0.0	2	1
6906	1	0.0	2	1
6913	1	0.0	2	1
6918	1	0.0	2	1
6936	1	0.0	2	1
6963	1	0.0	2	1
7014	1	0.0	2	1
7017	1	0.0	2	1
7032	1	0.0	2	1
7034	1	0.0	2	1
7042	1	0.0	2	1
7101	1	0.0	2	1
7166	1	0.0	2	1
7174	1	0.0	2	1
7176	1	0.0	2	1
7190	1	0.0	2	1
7208	1	0.0	2	1
7249	1	0.0	2	1
7262	1	0.0	2	1
7282	1	0.0	2	1
7293	1	0.0	2	1
7354	1	0.0	2	1
7366	1	0.0	2	1
7398	1	0.0	2	1
7443	1	0.0	2	1
7447	1	0.0	2	1
7515	1	0.0	2	1
7553	1	0.0	2	1
7605	1	0.0	2	1
7731	1	0.0	2	1
7759	1	0.0	2	1
7761	1	0.0	2	1
7886	1	0.0	2	1
7996	1	0.0	2	1
8044	1	0.0	2	1
8145	1	0.0	2	1
8255	1	0.0	2	1
8306	1	0.0	2	1
8342	1	0.0	2	1
8386	1	0.0	2	1
8393	1	0.0	2	1
8411	1	0.0	2	1
8415	1	0.0	2	1
8535	1	0.0	2	1
8581	1	0.0	2	1
8582	1	0.0	2	1
8710	1	0.0	2	1
8825	1	0.0	2	1
9033	1	0.0	2	1
9043	1	0.0	2	1
9076	1	0.0	2	1
9197	1	0.0	2	1
9314	1	0.0	2	1
9339	1	0.0	2	1
9350	1	0.0	2	1
9389	1	0.0	2	1
9427	1	0.0	2	1
9436	1	0.0	2	1
9446	1	0.0	2	1
9456	1	0.0	2	1
9476	1	0.0	2	1
9477	1	0.0	2	1
9483	1	0.0	2	1
9495	1	0.0	2	1
9525	1	0.0	2	1
9528	1	0.0	2	1
9553	1	0.0	2	1
9560	1	0.0	2	1
9562	1	0.0	2	1
9571	1	0.0	2	1
9596	1	0.0	2	1
9612	1	0.0	2	1
9655	1	0.0	2	1
9714	1	0.0	2	1
9770	1	0.0	2	1
9815	1	0.0	2	1
9837	1	0.0	2	1
9918	1	0.0	2	1
10074	1	0.0	2	1
10388	1	0.0	2	1
11599	1	0.0	2	1
12629	1	0.0	2	1
13259	1	0.0	2	1
13364	1	0.0	2	1
13915	1	0.0	2	1


WARNING:
    One or more of your adapter sequences may be incomplete.
    Please see the detailed output above.
