This is cutadapt 5.0 with Python 3.10.14
Command line parameters: -a file:HBV_primer.fasta -m 150 -M 1200 -q 10 -j 4 -o barcode16_trim_reads.fastq.gz barcode16.merged.fastq.gz
Processing single-end reads on 4 cores ...

=== Summary ===

Total reads processed:                  70,121
Reads with adapters:                    61,764 (88.1%)

== Read fate breakdown ==
Reads that were too short:              54,790 (78.1%)
Reads that were too long:                1,712 (2.4%)
Reads written (passing filters):        13,619 (19.4%)

Total basepairs processed:    52,628,196 bp
Quality-trimmed:                 124,982 bp (0.2%)
Total written (filtered):      5,487,467 bp (10.4%)

=== Adapter P1bis ===

Sequence: TTCACCTCTGCCTAATCA; Type: regular 3'; Length: 18; Trimmed: 2282 times

Minimum overlap: 3
No. of allowed errors:
1-9 bp: 0; 10-18 bp: 1

Bases preceding removed adapters:
  A: 0.9%
  C: 2.1%
  G: 1.7%
  T: 90.9%
  none/other: 4.4%
WARNING:
    The adapter is preceded by 'T' extremely often.
    The provided adapter sequence could be incomplete at its 5' end.
    Ignore this warning when trimming primers.

Overview of removed sequences
length	count	expect	max.err	error counts
3	34	1095.6	0	34
4	19	273.9	0	19
5	8	68.5	0	8
6	14	17.1	0	14
7	10	4.3	0	10
8	5	1.1	0	5
9	38	0.3	0	38
10	513	0.1	1	0 513
12	2	0.0	1	2
13	39	0.0	1	39
14	2	0.0	1	0 2
16	6	0.0	1	0 6
20	1	0.0	1	0 1
21	1	0.0	1	0 1
23	3	0.0	1	0 3
24	2	0.0	1	0 2
25	4	0.0	1	0 4
27	1	0.0	1	0 1
28	4	0.0	1	0 4
29	19	0.0	1	1 18
30	162	0.0	1	4 158
31	6	0.0	1	0 6
32	1	0.0	1	0 1
34	2	0.0	1	0 2
35	9	0.0	1	0 9
36	5	0.0	1	0 5
37	39	0.0	1	3 36
38	1	0.0	1	0 1
39	1	0.0	1	0 1
40	10	0.0	1	2 8
41	4	0.0	1	0 4
42	1	0.0	1	0 1
43	4	0.0	1	1 3
44	2	0.0	1	0 2
45	2	0.0	1	0 2
46	1	0.0	1	0 1
48	3	0.0	1	0 3
49	2	0.0	1	0 2
50	1	0.0	1	0 1
51	6	0.0	1	1 5
52	9	0.0	1	2 7
53	4	0.0	1	1 3
54	8	0.0	1	0 8
55	2	0.0	1	0 2
56	7	0.0	1	0 7
57	82	0.0	1	1 81
58	5	0.0	1	0 5
59	5	0.0	1	0 5
60	2	0.0	1	0 2
61	4	0.0	1	0 4
62	7	0.0	1	0 7
63	11	0.0	1	4 7
64	26	0.0	1	0 26
65	6	0.0	1	0 6
66	2	0.0	1	0 2
67	5	0.0	1	0 5
68	3	0.0	1	1 2
69	6	0.0	1	0 6
70	4	0.0	1	0 4
71	5	0.0	1	0 5
72	4	0.0	1	1 3
73	3	0.0	1	0 3
74	4	0.0	1	0 4
75	11	0.0	1	0 11
76	1	0.0	1	0 1
77	1	0.0	1	0 1
78	3	0.0	1	1 2
79	11	0.0	1	0 11
80	1	0.0	1	0 1
81	3	0.0	1	0 3
82	11	0.0	1	0 11
83	5	0.0	1	0 5
84	40	0.0	1	0 40
85	3	0.0	1	0 3
86	1	0.0	1	0 1
87	3	0.0	1	0 3
88	1	0.0	1	0 1
89	4	0.0	1	0 4
90	3	0.0	1	0 3
91	17	0.0	1	0 17
92	4	0.0	1	0 4
93	1	0.0	1	0 1
94	5	0.0	1	0 5
95	3	0.0	1	0 3
96	1	0.0	1	0 1
97	2	0.0	1	0 2
98	5	0.0	1	0 5
99	4	0.0	1	1 3
100	6	0.0	1	1 5
101	2	0.0	1	0 2
102	17	0.0	1	0 17
103	6	0.0	1	2 4
104	1	0.0	1	0 1
106	4	0.0	1	0 4
107	3	0.0	1	0 3
108	1	0.0	1	0 1
109	11	0.0	1	0 11
110	3	0.0	1	0 3
111	23	0.0	1	0 23
112	2	0.0	1	0 2
113	6	0.0	1	0 6
114	3	0.0	1	0 3
115	3	0.0	1	1 2
116	2	0.0	1	0 2
117	2	0.0	1	0 2
118	4	0.0	1	1 3
119	6	0.0	1	0 6
120	3	0.0	1	0 3
121	1	0.0	1	0 1
123	1	0.0	1	0 1
124	8	0.0	1	0 8
125	1	0.0	1	0 1
126	5	0.0	1	0 5
127	3	0.0	1	1 2
128	4	0.0	1	0 4
129	10	0.0	1	0 10
130	4	0.0	1	0 4
131	2	0.0	1	0 2
132	1	0.0	1	0 1
133	4	0.0	1	0 4
134	2	0.0	1	0 2
135	1	0.0	1	0 1
136	2	0.0	1	1 1
137	5	0.0	1	1 4
138	14	0.0	1	0 14
139	3	0.0	1	0 3
141	1	0.0	1	0 1
143	3	0.0	1	1 2
144	2	0.0	1	0 2
145	1	0.0	1	0 1
146	3	0.0	1	0 3
147	4	0.0	1	1 3
148	2	0.0	1	0 2
149	2	0.0	1	0 2
151	2	0.0	1	0 2
152	3	0.0	1	0 3
153	2	0.0	1	0 2
154	3	0.0	1	0 3
155	4	0.0	1	0 4
156	7	0.0	1	0 7
157	2	0.0	1	0 2
158	3	0.0	1	0 3
159	1	0.0	1	0 1
160	4	0.0	1	0 4
161	1	0.0	1	0 1
162	3	0.0	1	1 2
163	5	0.0	1	0 5
164	4	0.0	1	1 3
165	9	0.0	1	1 8
166	1	0.0	1	1
167	1	0.0	1	0 1
168	3	0.0	1	0 3
170	2	0.0	1	0 2
171	2	0.0	1	1 1
172	3	0.0	1	0 3
173	2	0.0	1	0 2
174	1	0.0	1	0 1
175	1	0.0	1	0 1
178	4	0.0	1	0 4
179	3	0.0	1	0 3
180	3	0.0	1	0 3
181	1	0.0	1	0 1
182	3	0.0	1	0 3
183	5	0.0	1	0 5
184	4	0.0	1	0 4
185	1	0.0	1	0 1
186	1	0.0	1	0 1
188	2	0.0	1	1 1
189	2	0.0	1	0 2
190	3	0.0	1	1 2
191	4	0.0	1	1 3
192	3	0.0	1	0 3
193	1	0.0	1	1
194	1	0.0	1	0 1
195	1	0.0	1	0 1
196	1	0.0	1	1
197	2	0.0	1	0 2
198	4	0.0	1	0 4
201	1	0.0	1	0 1
204	3	0.0	1	0 3
205	1	0.0	1	0 1
207	2	0.0	1	0 2
209	3	0.0	1	0 3
210	2	0.0	1	0 2
211	1	0.0	1	0 1
212	1	0.0	1	0 1
213	3	0.0	1	0 3
214	1	0.0	1	0 1
215	1	0.0	1	0 1
217	1	0.0	1	0 1
218	2	0.0	1	0 2
219	2	0.0	1	0 2
220	1	0.0	1	0 1
221	2	0.0	1	0 2
222	2	0.0	1	0 2
223	1	0.0	1	0 1
224	1	0.0	1	1
225	1	0.0	1	0 1
226	3	0.0	1	0 3
227	1	0.0	1	0 1
228	1	0.0	1	0 1
230	3	0.0	1	0 3
231	1	0.0	1	0 1
232	2	0.0	1	0 2
234	2	0.0	1	2
236	1	0.0	1	0 1
237	3	0.0	1	0 3
238	4	0.0	1	1 3
239	4	0.0	1	0 4
240	3	0.0	1	0 3
241	2	0.0	1	1 1
242	6	0.0	1	1 5
243	6	0.0	1	1 5
244	8	0.0	1	1 7
245	12	0.0	1	7 5
246	4	0.0	1	0 4
247	3	0.0	1	1 2
248	3	0.0	1	0 3
249	2	0.0	1	0 2
250	2	0.0	1	1 1
251	2	0.0	1	1 1
252	1	0.0	1	0 1
255	1	0.0	1	1
256	2	0.0	1	0 2
257	1	0.0	1	0 1
258	4	0.0	1	0 4
260	1	0.0	1	0 1
261	2	0.0	1	0 2
262	1	0.0	1	0 1
263	1	0.0	1	0 1
265	4	0.0	1	0 4
267	5	0.0	1	0 5
268	3	0.0	1	0 3
269	1	0.0	1	0 1
271	3	0.0	1	0 3
272	2	0.0	1	0 2
273	1	0.0	1	0 1
275	1	0.0	1	0 1
277	1	0.0	1	0 1
278	1	0.0	1	0 1
281	3	0.0	1	0 3
282	1	0.0	1	0 1
283	1	0.0	1	1
284	1	0.0	1	0 1
286	3	0.0	1	1 2
287	2	0.0	1	0 2
288	2	0.0	1	0 2
290	2	0.0	1	0 2
291	1	0.0	1	0 1
293	3	0.0	1	0 3
294	1	0.0	1	1
295	2	0.0	1	0 2
296	1	0.0	1	0 1
297	1	0.0	1	0 1
298	2	0.0	1	0 2
299	4	0.0	1	0 4
300	2	0.0	1	0 2
302	2	0.0	1	0 2
303	1	0.0	1	0 1
304	2	0.0	1	0 2
305	6	0.0	1	0 6
306	1	0.0	1	0 1
307	3	0.0	1	0 3
308	1	0.0	1	0 1
309	4	0.0	1	0 4
310	3	0.0	1	0 3
311	3	0.0	1	0 3
312	5	0.0	1	0 5
313	2	0.0	1	0 2
314	2	0.0	1	0 2
315	1	0.0	1	0 1
316	1	0.0	1	0 1
317	1	0.0	1	0 1
318	1	0.0	1	0 1
319	2	0.0	1	0 2
320	2	0.0	1	0 2
322	1	0.0	1	1
324	2	0.0	1	0 2
325	1	0.0	1	0 1
326	1	0.0	1	0 1
327	3	0.0	1	0 3
328	3	0.0	1	0 3
329	2	0.0	1	1 1
330	1	0.0	1	0 1
331	6	0.0	1	0 6
332	1	0.0	1	0 1
333	4	0.0	1	0 4
334	2	0.0	1	0 2
335	1	0.0	1	0 1
336	1	0.0	1	0 1
337	2	0.0	1	0 2
338	4	0.0	1	0 4
339	1	0.0	1	0 1
340	4	0.0	1	0 4
341	1	0.0	1	0 1
342	1	0.0	1	0 1
344	1	0.0	1	0 1
347	3	0.0	1	0 3
348	2	0.0	1	0 2
349	1	0.0	1	0 1
350	1	0.0	1	0 1
351	2	0.0	1	0 2
353	1	0.0	1	0 1
354	1	0.0	1	0 1
355	3	0.0	1	0 3
356	7	0.0	1	1 6
357	5	0.0	1	1 4
358	2	0.0	1	0 2
359	3	0.0	1	0 3
360	4	0.0	1	0 4
361	1	0.0	1	0 1
363	2	0.0	1	1 1
364	2	0.0	1	0 2
366	2	0.0	1	0 2
368	1	0.0	1	0 1
369	1	0.0	1	0 1
373	1	0.0	1	0 1
375	2	0.0	1	0 2
376	3	0.0	1	0 3
378	3	0.0	1	0 3
380	1	0.0	1	0 1
384	4	0.0	1	0 4
385	1	0.0	1	0 1
386	2	0.0	1	0 2
387	1	0.0	1	0 1
390	1	0.0	1	0 1
391	1	0.0	1	0 1
392	2	0.0	1	0 2
393	2	0.0	1	1 1
394	1	0.0	1	0 1
395	1	0.0	1	0 1
396	1	0.0	1	0 1
399	1	0.0	1	0 1
400	2	0.0	1	0 2
402	1	0.0	1	0 1
404	2	0.0	1	0 2
405	1	0.0	1	0 1
408	3	0.0	1	1 2
409	2	0.0	1	0 2
410	1	0.0	1	0 1
411	1	0.0	1	0 1
412	6	0.0	1	0 6
413	1	0.0	1	0 1
414	1	0.0	1	0 1
415	1	0.0	1	0 1
416	3	0.0	1	0 3
417	4	0.0	1	1 3
418	4	0.0	1	1 3
420	1	0.0	1	0 1
421	1	0.0	1	0 1
422	1	0.0	1	0 1
424	2	0.0	1	0 2
425	1	0.0	1	0 1
426	1	0.0	1	0 1
427	1	0.0	1	0 1
428	3	0.0	1	0 3
429	2	0.0	1	0 2
430	2	0.0	1	0 2
431	1	0.0	1	0 1
432	1	0.0	1	0 1
435	2	0.0	1	1 1
437	1	0.0	1	0 1
439	1	0.0	1	0 1
440	1	0.0	1	0 1
443	2	0.0	1	0 2
444	1	0.0	1	0 1
445	1	0.0	1	0 1
450	1	0.0	1	0 1
452	1	0.0	1	0 1
455	2	0.0	1	1 1
457	1	0.0	1	0 1
460	2	0.0	1	1 1
462	1	0.0	1	1
463	1	0.0	1	0 1
465	1	0.0	1	0 1
466	1	0.0	1	0 1
471	2	0.0	1	1 1
473	1	0.0	1	0 1
474	2	0.0	1	0 2
476	2	0.0	1	0 2
478	1	0.0	1	0 1
480	1	0.0	1	0 1
485	1	0.0	1	0 1
486	1	0.0	1	0 1
489	1	0.0	1	0 1
491	1	0.0	1	0 1
492	1	0.0	1	0 1
495	1	0.0	1	1
496	1	0.0	1	0 1
497	2	0.0	1	0 2
499	1	0.0	1	0 1
511	1	0.0	1	0 1
512	1	0.0	1	0 1
513	2	0.0	1	0 2
517	1	0.0	1	0 1
523	1	0.0	1	0 1
527	1	0.0	1	0 1
529	1	0.0	1	0 1
532	1	0.0	1	0 1
533	1	0.0	1	0 1
538	1	0.0	1	0 1
540	1	0.0	1	0 1
543	1	0.0	1	0 1
545	2	0.0	1	1 1
546	1	0.0	1	0 1
548	1	0.0	1	1
554	1	0.0	1	0 1
559	1	0.0	1	0 1
560	1	0.0	1	0 1
562	1	0.0	1	0 1
565	1	0.0	1	0 1
571	1	0.0	1	0 1
578	1	0.0	1	0 1
585	1	0.0	1	0 1
588	1	0.0	1	1
599	1	0.0	1	0 1
601	2	0.0	1	0 2
614	1	0.0	1	0 1
616	2	0.0	1	0 2
630	1	0.0	1	0 1
638	1	0.0	1	0 1
644	1	0.0	1	0 1
646	1	0.0	1	0 1
648	1	0.0	1	0 1
650	1	0.0	1	0 1
654	1	0.0	1	0 1
663	2	0.0	1	0 2
670	1	0.0	1	1
673	1	0.0	1	0 1
681	1	0.0	1	1
691	1	0.0	1	0 1
693	1	0.0	1	0 1
713	1	0.0	1	0 1
715	1	0.0	1	0 1
718	1	0.0	1	0 1
734	1	0.0	1	0 1
736	1	0.0	1	0 1
741	1	0.0	1	0 1
754	1	0.0	1	0 1
768	1	0.0	1	0 1
770	1	0.0	1	0 1
774	1	0.0	1	0 1
775	1	0.0	1	0 1
779	1	0.0	1	0 1
780	1	0.0	1	0 1
782	1	0.0	1	0 1
783	1	0.0	1	0 1
799	1	0.0	1	1
805	1	0.0	1	1
831	1	0.0	1	1
832	1	0.0	1	0 1
834	1	0.0	1	0 1
845	1	0.0	1	0 1
851	1	0.0	1	0 1
861	1	0.0	1	0 1
864	1	0.0	1	0 1
874	1	0.0	1	0 1
895	1	0.0	1	0 1
896	1	0.0	1	1
903	1	0.0	1	1
925	1	0.0	1	0 1
927	1	0.0	1	0 1
934	1	0.0	1	0 1
944	1	0.0	1	0 1
952	1	0.0	1	0 1
954	1	0.0	1	0 1
966	1	0.0	1	0 1
979	1	0.0	1	1
991	1	0.0	1	0 1
999	1	0.0	1	1
1009	1	0.0	1	0 1
1016	1	0.0	1	0 1
1030	1	0.0	1	0 1
1055	1	0.0	1	0 1
1085	1	0.0	1	0 1
1103	1	0.0	1	1
1118	1	0.0	1	0 1
1155	1	0.0	1	1
1233	1	0.0	1	1
1235	1	0.0	1	0 1
1339	1	0.0	1	1
1343	1	0.0	1	1
1365	1	0.0	1	1
1421	1	0.0	1	0 1
1470	1	0.0	1	0 1
1517	1	0.0	1	0 1
1669	1	0.0	1	0 1
1693	1	0.0	1	0 1
1711	1	0.0	1	0 1
1713	1	0.0	1	0 1
1737	1	0.0	1	0 1
1748	1	0.0	1	0 1
1749	2	0.0	1	2
1750	1	0.0	1	1
1755	1	0.0	1	1
1756	2	0.0	1	2
1757	2	0.0	1	2
1762	1	0.0	1	1
1763	1	0.0	1	1
1764	2	0.0	1	2
1766	1	0.0	1	1
1797	1	0.0	1	0 1
1810	1	0.0	1	0 1
1836	1	0.0	1	0 1
1840	1	0.0	1	0 1
1864	1	0.0	1	0 1
1865	1	0.0	1	0 1
1866	1	0.0	1	0 1
1868	1	0.0	1	0 1
1869	1	0.0	1	0 1
1871	1	0.0	1	0 1
1875	1	0.0	1	0 1
1879	1	0.0	1	0 1
1884	1	0.0	1	1
1885	1	0.0	1	0 1
1888	1	0.0	1	0 1
1891	1	0.0	1	1
1896	1	0.0	1	0 1
1897	1	0.0	1	0 1
1898	1	0.0	1	1
1899	1	0.0	1	0 1
1900	1	0.0	1	1
1903	1	0.0	1	0 1
1917	1	0.0	1	0 1
1920	1	0.0	1	0 1
1922	1	0.0	1	0 1
1924	1	0.0	1	0 1
1925	1	0.0	1	0 1
1928	1	0.0	1	0 1
1930	1	0.0	1	0 1
1932	1	0.0	1	0 1
1934	2	0.0	1	0 2
1935	1	0.0	1	0 1
1936	1	0.0	1	0 1
1937	2	0.0	1	1 1
1945	1	0.0	1	1
1959	1	0.0	1	0 1
1960	1	0.0	1	0 1
1964	1	0.0	1	0 1
1973	1	0.0	1	0 1
1974	2	0.0	1	1 1
1982	1	0.0	1	1
1994	1	0.0	1	0 1
2009	1	0.0	1	0 1
2012	1	0.0	1	0 1
2038	1	0.0	1	0 1
2071	1	0.0	1	0 1
2128	1	0.0	1	0 1
2163	2	0.0	1	1 1
2192	1	0.0	1	1
2212	1	0.0	1	0 1
2239	1	0.0	1	0 1
2256	1	0.0	1	0 1
2268	1	0.0	1	1
2307	1	0.0	1	0 1
2308	1	0.0	1	0 1
2334	1	0.0	1	0 1
2504	1	0.0	1	0 1
2571	1	0.0	1	0 1
2965	1	0.0	1	0 1
3151	1	0.0	1	1
3174	1	0.0	1	0 1
3184	1	0.0	1	0 1
3197	1	0.0	1	1
3202	1	0.0	1	0 1
3203	2	0.0	1	2
3335	1	0.0	1	0 1
3436	1	0.0	1	0 1
3487	1	0.0	1	1
3619	1	0.0	1	1
3984	1	0.0	1	0 1
4115	1	0.0	1	1
6244	1	0.0	1	0 1
6449	1	0.0	1	0 1


=== Adapter P2bis ===

Sequence: AAAAAGTTGCATGGTGCTGG; Type: regular 3'; Length: 20; Trimmed: 21315 times

Minimum overlap: 3
No. of allowed errors:
1-9 bp: 0; 10-19 bp: 1; 20 bp: 2

Bases preceding removed adapters:
  A: 0.3%
  C: 0.3%
  G: 26.0%
  T: 1.9%
  none/other: 71.5%

Overview of removed sequences
length	count	expect	max.err	error counts
3	171	1095.6	0	171
4	25	273.9	0	25
5	160	68.5	0	160
6	13	17.1	0	13
7	16	4.3	0	16
8	43	1.1	0	43
9	23	0.3	0	23
10	33	0.1	1	20 13
11	13	0.0	1	12 1
12	456	0.0	1	348 108
13	19	0.0	1	13 6
14	15	0.0	1	6 9
15	20	0.0	1	2 18
16	12	0.0	1	2 10
17	1	0.0	1	0 1
18	5	0.0	1	1 4
19	5	0.0	1	3 2
20	3	0.0	2	2 1
21	4	0.0	2	1 1 2
22	7	0.0	2	3 4
23	4	0.0	2	3 1
24	6	0.0	2	3 3
25	9	0.0	2	5 2 2
26	3	0.0	2	2 1
27	4	0.0	2	1 1 2
28	14	0.0	2	9 5
29	7	0.0	2	5 2
30	17	0.0	2	9 6 2
31	20	0.0	2	8 9 3
32	11	0.0	2	5 6
33	19	0.0	2	8 5 6
34	65	0.0	2	8 46 11
35	11	0.0	2	4 5 2
36	8	0.0	2	5 3
37	6	0.0	2	0 4 2
38	10	0.0	2	7 2 1
39	5	0.0	2	2 2 1
40	4	0.0	2	0 3 1
41	5	0.0	2	2 3
42	12	0.0	2	3 7 2
43	6	0.0	2	4 0 2
44	7	0.0	2	5 2
45	3	0.0	2	0 2 1
46	4	0.0	2	2 1 1
47	5	0.0	2	0 5
48	12	0.0	2	2 7 3
49	19	0.0	2	2 16 1
50	10	0.0	2	2 7 1
51	11	0.0	2	3 6 2
52	10	0.0	2	0 10
53	3	0.0	2	0 3
54	4	0.0	2	1 3
55	11	0.0	2	0 10 1
56	8	0.0	2	0 6 2
57	9	0.0	2	1 6 2
58	4	0.0	2	0 4
59	1	0.0	2	0 1
60	4	0.0	2	0 3 1
61	4	0.0	2	0 2 2
62	4	0.0	2	0 3 1
63	9	0.0	2	0 6 3
64	6	0.0	2	0 4 2
65	9	0.0	2	0 5 4
66	11	0.0	2	0 8 3
67	9	0.0	2	0 7 2
68	43	0.0	2	6 20 17
69	7	0.0	2	1 3 3
70	2	0.0	2	2
71	2	0.0	2	0 2
72	11	0.0	2	3 7 1
73	8	0.0	2	0 5 3
74	12	0.0	2	3 4 5
75	4	0.0	2	0 4
76	5	0.0	2	0 2 3
78	3	0.0	2	0 2 1
79	2	0.0	2	1 0 1
80	4	0.0	2	0 3 1
81	4	0.0	2	1 3
82	8	0.0	2	0 5 3
83	7	0.0	2	1 6
84	13	0.0	2	0 11 2
85	10	0.0	2	0 6 4
86	4	0.0	2	0 1 3
87	1	0.0	2	0 1
88	3	0.0	2	0 2 1
89	9	0.0	2	0 8 1
90	1	0.0	2	0 1
91	5	0.0	2	0 4 1
92	1	0.0	2	0 0 1
94	2	0.0	2	1 1
95	1	0.0	2	0 0 1
96	5	0.0	2	1 3 1
97	2	0.0	2	0 1 1
98	6	0.0	2	0 4 2
99	3	0.0	2	0 1 2
100	4	0.0	2	1 2 1
101	3	0.0	2	1 2
102	1	0.0	2	0 1
103	5	0.0	2	0 4 1
104	7	0.0	2	0 4 3
105	6	0.0	2	1 4 1
106	4	0.0	2	1 3
107	4	0.0	2	1 2 1
108	8	0.0	2	5 2 1
109	3	0.0	2	2 1
110	2	0.0	2	2
111	9	0.0	2	3 5 1
112	5	0.0	2	2 1 2
113	2	0.0	2	0 2
114	2	0.0	2	1 1
115	3	0.0	2	0 1 2
116	3	0.0	2	0 1 2
117	6	0.0	2	1 2 3
118	10	0.0	2	0 9 1
119	2	0.0	2	0 1 1
120	1	0.0	2	0 1
123	2	0.0	2	0 2
124	2	0.0	2	1 0 1
126	1	0.0	2	0 1
127	2	0.0	2	1 1
128	2	0.0	2	2
129	4	0.0	2	1 2 1
130	5	0.0	2	2 3
131	3	0.0	2	0 1 2
132	1	0.0	2	0 1
133	3	0.0	2	0 2 1
134	2	0.0	2	1 1
135	1	0.0	2	0 1
136	2	0.0	2	0 1 1
137	2	0.0	2	0 2
138	7	0.0	2	1 6
140	3	0.0	2	1 0 2
141	3	0.0	2	1 1 1
142	3	0.0	2	1 2
144	4	0.0	2	1 1 2
145	1	0.0	2	0 1
146	1	0.0	2	0 0 1
147	1	0.0	2	0 1
148	1	0.0	2	1
149	2	0.0	2	0 1 1
150	4	0.0	2	1 0 3
151	3	0.0	2	0 2 1
153	3	0.0	2	0 0 3
154	2	0.0	2	0 2
155	2	0.0	2	1 1
156	1	0.0	2	1
157	2	0.0	2	0 1 1
158	4	0.0	2	1 3
159	2	0.0	2	0 1 1
160	5	0.0	2	1 1 3
163	2	0.0	2	0 2
164	3	0.0	2	1 1 1
165	4	0.0	2	1 0 3
166	2	0.0	2	0 1 1
167	1	0.0	2	1
169	4	0.0	2	1 3
170	7	0.0	2	0 4 3
171	2	0.0	2	1 0 1
172	3	0.0	2	0 1 2
173	2	0.0	2	1 0 1
174	12	0.0	2	0 7 5
175	6	0.0	2	0 4 2
176	7	0.0	2	1 3 3
177	18	0.0	2	2 8 8
178	29	0.0	2	2 18 9
179	30	0.0	2	6 10 14
180	49	0.0	2	7 21 21
181	124	0.0	2	8 68 48
182	167	0.0	2	23 89 55
183	317	0.0	2	37 141 139
184	1381	0.0	2	171 710 500
185	177	0.0	2	20 88 69
186	69	0.0	2	14 29 26
187	41	0.0	2	7 21 13
188	27	0.0	2	6 12 9
189	12	0.0	2	1 6 5
190	11	0.0	2	1 8 2
191	6	0.0	2	1 3 2
192	6	0.0	2	3 1 2
193	5	0.0	2	0 3 2
194	1	0.0	2	0 1
195	4	0.0	2	0 2 2
196	3	0.0	2	1 1 1
197	3	0.0	2	2 1
198	4	0.0	2	1 3
199	4	0.0	2	0 2 2
200	5	0.0	2	0 1 4
201	4	0.0	2	1 0 3
202	2	0.0	2	0 1 1
203	3	0.0	2	0 1 2
204	4	0.0	2	2 1 1
205	2	0.0	2	0 1 1
206	5	0.0	2	0 3 2
207	3	0.0	2	0 1 2
208	4	0.0	2	0 1 3
209	3	0.0	2	1 0 2
210	2	0.0	2	1 0 1
211	1	0.0	2	0 1
212	1	0.0	2	0 1
213	2	0.0	2	1 0 1
214	2	0.0	2	0 1 1
215	8	0.0	2	0 4 4
216	7	0.0	2	1 3 3
217	4	0.0	2	1 2 1
218	15	0.0	2	3 7 5
219	9	0.0	2	1 4 4
220	17	0.0	2	5 8 4
221	24	0.0	2	4 12 8
222	26	0.0	2	2 14 10
223	29	0.0	2	2 13 14
224	17	0.0	2	4 7 6
225	27	0.0	2	3 11 13
226	23	0.0	2	5 9 9
227	27	0.0	2	4 12 11
228	28	0.0	2	3 16 9
229	44	0.0	2	7 23 14
230	44	0.0	2	5 22 17
231	52	0.0	2	8 21 23
232	58	0.0	2	11 26 21
233	70	0.0	2	10 38 22
234	68	0.0	2	12 36 20
235	93	0.0	2	16 44 33
236	132	0.0	2	23 60 49
237	184	0.0	2	24 93 67
238	298	0.0	2	36 161 101
239	304	0.0	2	33 155 116
240	533	0.0	2	62 270 201
241	884	0.0	2	88 459 337
242	1615	0.0	2	182 835 598
243	4963	0.0	2	528 2576 1859
244	1002	0.0	2	129 530 343
245	428	0.0	2	47 208 173
246	232	0.0	2	30 119 83
247	102	0.0	2	17 44 41
248	66	0.0	2	8 21 37
249	41	0.0	2	2 22 17
250	14	0.0	2	2 7 5
251	8	0.0	2	2 5 1
252	11	0.0	2	1 6 4
253	8	0.0	2	3 3 2
254	12	0.0	2	2 7 3
255	5	0.0	2	2 0 3
256	10	0.0	2	4 2 4
257	7	0.0	2	3 1 3
258	5	0.0	2	2 2 1
259	3	0.0	2	1 2
260	8	0.0	2	1 6 1
261	1	0.0	2	0 0 1
262	8	0.0	2	4 3 1
263	4	0.0	2	2 1 1
264	11	0.0	2	5 2 4
265	9	0.0	2	2 2 5
266	4	0.0	2	0 1 3
267	6	0.0	2	2 2 2
268	4	0.0	2	1 1 2
269	6	0.0	2	0 3 3
270	8	0.0	2	2 2 4
271	9	0.0	2	2 3 4
272	7	0.0	2	1 4 2
273	16	0.0	2	3 7 6
274	5	0.0	2	1 2 2
275	4	0.0	2	0 1 3
276	13	0.0	2	0 7 6
277	11	0.0	2	2 4 5
278	8	0.0	2	1 3 4
279	13	0.0	2	7 6
280	11	0.0	2	2 2 7
281	23	0.0	2	5 12 6
282	42	0.0	2	4 16 22
283	25	0.0	2	6 11 8
284	15	0.0	2	3 5 7
285	14	0.0	2	3 5 6
286	6	0.0	2	1 3 2
287	3	0.0	2	1 0 2
288	4	0.0	2	2 2
289	2	0.0	2	1 0 1
290	2	0.0	2	1 1
291	1	0.0	2	1
292	2	0.0	2	2
293	2	0.0	2	1 0 1
294	4	0.0	2	0 2 2
295	9	0.0	2	1 5 3
296	7	0.0	2	1 5 1
297	12	0.0	2	2 7 3
298	9	0.0	2	2 3 4
299	8	0.0	2	1 5 2
300	6	0.0	2	2 2 2
301	4	0.0	2	1 3
302	3	0.0	2	1 1 1
303	3	0.0	2	1 0 2
304	10	0.0	2	4 4 2
305	8	0.0	2	5 2 1
306	4	0.0	2	1 3
307	4	0.0	2	0 0 4
308	12	0.0	2	1 8 3
309	7	0.0	2	2 5
310	2	0.0	2	0 2
311	1	0.0	2	0 1
312	6	0.0	2	4 0 2
313	4	0.0	2	1 1 2
314	2	0.0	2	0 1 1
315	6	0.0	2	2 2 2
316	6	0.0	2	1 1 4
317	5	0.0	2	1 2 2
318	6	0.0	2	1 3 2
319	4	0.0	2	0 2 2
320	2	0.0	2	0 2
321	5	0.0	2	0 1 4
322	7	0.0	2	1 4 2
323	4	0.0	2	1 2 1
324	4	0.0	2	1 2 1
325	11	0.0	2	1 4 6
326	8	0.0	2	0 6 2
327	6	0.0	2	1 5
328	3	0.0	2	1 1 1
329	2	0.0	2	0 2
330	3	0.0	2	0 1 2
331	4	0.0	2	0 1 3
332	1	0.0	2	1
333	2	0.0	2	1 0 1
334	4	0.0	2	1 2 1
335	8	0.0	2	3 3 2
336	5	0.0	2	2 2 1
337	9	0.0	2	4 1 4
338	3	0.0	2	1 1 1
339	4	0.0	2	0 3 1
340	2	0.0	2	0 2
341	3	0.0	2	1 2
342	5	0.0	2	0 1 4
343	8	0.0	2	3 1 4
344	10	0.0	2	1 3 6
345	2	0.0	2	0 2
346	4	0.0	2	2 2
347	3	0.0	2	1 1 1
348	2	0.0	2	0 1 1
349	4	0.0	2	1 0 3
350	6	0.0	2	0 2 4
351	12	0.0	2	2 7 3
352	5	0.0	2	1 2 2
353	9	0.0	2	2 6 1
354	9	0.0	2	3 5 1
355	7	0.0	2	2 0 5
356	5	0.0	2	1 2 2
357	6	0.0	2	1 4 1
358	2	0.0	2	1 0 1
359	5	0.0	2	1 2 2
360	3	0.0	2	0 2 1
361	4	0.0	2	0 3 1
362	3	0.0	2	0 2 1
363	7	0.0	2	1 6
364	10	0.0	2	2 8
365	9	0.0	2	1 6 2
366	11	0.0	2	3 4 4
367	4	0.0	2	0 3 1
368	3	0.0	2	0 2 1
369	5	0.0	2	0 4 1
370	4	0.0	2	1 2 1
371	4	0.0	2	0 3 1
372	5	0.0	2	2 1 2
373	7	0.0	2	1 4 2
374	8	0.0	2	2 4 2
375	7	0.0	2	2 1 4
376	5	0.0	2	0 2 3
377	7	0.0	2	0 5 2
378	10	0.0	2	1 4 5
379	12	0.0	2	1 5 6
380	8	0.0	2	0 4 4
381	3	0.0	2	0 3
382	7	0.0	2	2 3 2
383	3	0.0	2	0 1 2
384	5	0.0	2	3 2
385	3	0.0	2	1 1 1
386	1	0.0	2	0 1
387	5	0.0	2	1 2 2
388	7	0.0	2	2 2 3
389	2	0.0	2	0 1 1
390	2	0.0	2	1 1
391	2	0.0	2	0 1 1
392	6	0.0	2	1 4 1
393	3	0.0	2	2 0 1
394	2	0.0	2	0 1 1
395	4	0.0	2	0 2 2
396	4	0.0	2	0 3 1
397	4	0.0	2	0 2 2
398	5	0.0	2	1 2 2
399	2	0.0	2	0 2
400	2	0.0	2	1 1
401	1	0.0	2	0 1
402	3	0.0	2	0 1 2
403	3	0.0	2	0 2 1
404	4	0.0	2	1 2 1
405	6	0.0	2	1 3 2
406	4	0.0	2	0 3 1
407	5	0.0	2	1 3 1
408	1	0.0	2	0 1
409	4	0.0	2	0 4
410	6	0.0	2	1 3 2
412	2	0.0	2	1 1
413	5	0.0	2	1 3 1
414	2	0.0	2	0 2
415	8	0.0	2	1 4 3
416	7	0.0	2	2 2 3
417	5	0.0	2	1 3 1
418	8	0.0	2	3 3 2
419	8	0.0	2	1 3 4
420	16	0.0	2	3 5 8
421	9	0.0	2	0 4 5
422	10	0.0	2	1 8 1
423	11	0.0	2	3 3 5
424	13	0.0	2	3 5 5
425	11	0.0	2	2 4 5
426	28	0.0	2	4 13 11
427	10	0.0	2	5 3 2
428	9	0.0	2	2 6 1
429	5	0.0	2	0 4 1
430	9	0.0	2	3 4 2
431	5	0.0	2	1 1 3
432	2	0.0	2	0 2
433	5	0.0	2	0 3 2
434	2	0.0	2	0 1 1
435	6	0.0	2	2 4
436	3	0.0	2	0 3
437	13	0.0	2	3 7 3
438	6	0.0	2	1 2 3
439	5	0.0	2	2 3
440	6	0.0	2	2 3 1
441	4	0.0	2	0 1 3
442	6	0.0	2	1 3 2
443	4	0.0	2	0 2 2
444	6	0.0	2	1 4 1
445	4	0.0	2	0 3 1
446	3	0.0	2	0 2 1
447	7	0.0	2	2 2 3
448	9	0.0	2	4 3 2
449	10	0.0	2	2 5 3
450	5	0.0	2	1 3 1
451	7	0.0	2	1 3 3
452	19	0.0	2	3 10 6
453	13	0.0	2	0 10 3
454	9	0.0	2	2 4 3
455	9	0.0	2	3 2 4
456	8	0.0	2	1 6 1
457	8	0.0	2	1 5 2
458	2	0.0	2	0 2
459	7	0.0	2	1 5 1
460	4	0.0	2	0 3 1
461	4	0.0	2	0 2 2
462	6	0.0	2	2 3 1
463	5	0.0	2	2 3
464	5	0.0	2	2 2 1
465	13	0.0	2	1 7 5
466	13	0.0	2	0 9 4
467	12	0.0	2	0 8 4
468	9	0.0	2	1 6 2
469	15	0.0	2	3 9 3
470	19	0.0	2	2 13 4
471	40	0.0	2	8 26 6
472	18	0.0	2	1 13 4
473	32	0.0	2	6 16 10
474	22	0.0	2	7 8 7
475	9	0.0	2	1 7 1
476	13	0.0	2	3 7 3
477	13	0.0	2	3 7 3
478	15	0.0	2	1 10 4
479	24	0.0	2	8 11 5
480	38	0.0	2	2 27 9
481	22	0.0	2	1 8 13
482	23	0.0	2	5 11 7
483	26	0.0	2	3 16 7
484	37	0.0	2	5 20 12
485	70	0.0	2	8 41 21
486	27	0.0	2	7 16 4
487	25	0.0	2	6 13 6
488	12	0.0	2	2 7 3
489	4	0.0	2	0 4
490	7	0.0	2	0 5 2
491	7	0.0	2	2 4 1
492	9	0.0	2	4 0 5
493	1	0.0	2	0 1
494	6	0.0	2	0 5 1
495	7	0.0	2	1 3 3
496	8	0.0	2	0 7 1
497	13	0.0	2	1 6 6
498	20	0.0	2	6 11 3
499	15	0.0	2	3 8 4
500	8	0.0	2	0 4 4
501	7	0.0	2	1 4 2
502	7	0.0	2	1 4 2
503	9	0.0	2	1 4 4
504	11	0.0	2	1 6 4
505	13	0.0	2	3 7 3
506	14	0.0	2	1 8 5
507	17	0.0	2	2 9 6
508	16	0.0	2	4 5 7
509	12	0.0	2	1 7 4
510	19	0.0	2	2 11 6
511	30	0.0	2	9 15 6
512	39	0.0	2	2 24 13
513	11	0.0	2	5 2 4
514	9	0.0	2	1 6 2
515	14	0.0	2	1 8 5
516	6	0.0	2	1 3 2
517	9	0.0	2	3 6
518	5	0.0	2	1 2 2
519	3	0.0	2	1 2
520	3	0.0	2	1 1 1
521	6	0.0	2	2 3 1
522	9	0.0	2	2 3 4
523	9	0.0	2	2 6 1
524	16	0.0	2	5 10 1
525	22	0.0	2	6 6 10
526	6	0.0	2	2 2 2
527	5	0.0	2	2 2 1
528	6	0.0	2	2 3 1
529	8	0.0	2	3 3 2
530	9	0.0	2	1 6 2
531	5	0.0	2	1 2 2
532	13	0.0	2	4 4 5
533	12	0.0	2	5 4 3
534	11	0.0	2	1 5 5
535	9	0.0	2	3 6
536	15	0.0	2	1 9 5
537	13	0.0	2	3 6 4
538	23	0.0	2	5 13 5
539	32	0.0	2	2 25 5
540	18	0.0	2	6 8 4
541	8	0.0	2	4 1 3
542	9	0.0	2	2 4 3
543	4	0.0	2	0 1 3
544	9	0.0	2	2 5 2
545	10	0.0	2	3 3 4
546	8	0.0	2	1 4 3
547	4	0.0	2	0 2 2
548	6	0.0	2	0 4 2
549	9	0.0	2	0 6 3
550	3	0.0	2	0 1 2
551	15	0.0	2	3 9 3
552	18	0.0	2	1 12 5
553	8	0.0	2	2 3 3
554	8	0.0	2	1 5 2
555	6	0.0	2	0 4 2
556	6	0.0	2	0 5 1
557	9	0.0	2	0 6 3
558	5	0.0	2	1 3 1
559	9	0.0	2	0 5 4
560	6	0.0	2	1 2 3
561	6	0.0	2	1 2 3
562	3	0.0	2	0 2 1
563	8	0.0	2	2 1 5
564	11	0.0	2	2 6 3
565	10	0.0	2	0 7 3
566	21	0.0	2	4 10 7
567	9	0.0	2	0 4 5
568	7	0.0	2	0 4 3
569	4	0.0	2	0 1 3
570	6	0.0	2	2 4
571	7	0.0	2	1 4 2
572	7	0.0	2	0 5 2
573	4	0.0	2	0 2 2
574	2	0.0	2	1 1
575	4	0.0	2	0 1 3
576	8	0.0	2	0 5 3
577	5	0.0	2	1 3 1
578	6	0.0	2	0 4 2
579	11	0.0	2	0 8 3
580	7	0.0	2	2 5
581	7	0.0	2	2 2 3
582	5	0.0	2	0 5
583	8	0.0	2	0 6 2
584	8	0.0	2	3 2 3
585	4	0.0	2	2 1 1
586	8	0.0	2	3 2 3
587	2	0.0	2	0 1 1
588	3	0.0	2	1 1 1
589	8	0.0	2	2 6
590	2	0.0	2	1 1
591	5	0.0	2	0 4 1
592	7	0.0	2	0 5 2
593	13	0.0	2	1 7 5
594	10	0.0	2	1 6 3
595	5	0.0	2	0 2 3
596	9	0.0	2	2 5 2
597	5	0.0	2	0 4 1
598	4	0.0	2	0 2 2
599	5	0.0	2	0 4 1
600	8	0.0	2	3 4 1
601	7	0.0	2	2 5
602	3	0.0	2	1 2
603	8	0.0	2	0 6 2
604	3	0.0	2	0 1 2
605	6	0.0	2	2 2 2
606	9	0.0	2	3 5 1
607	1	0.0	2	0 0 1
608	6	0.0	2	3 3
609	2	0.0	2	0 2
610	8	0.0	2	1 6 1
611	6	0.0	2	2 4
612	8	0.0	2	2 1 5
613	1	0.0	2	0 0 1
614	10	0.0	2	1 8 1
615	7	0.0	2	2 4 1
616	2	0.0	2	0 2
617	7	0.0	2	1 2 4
618	7	0.0	2	1 4 2
619	4	0.0	2	0 2 2
620	8	0.0	2	2 4 2
621	7	0.0	2	1 4 2
622	4	0.0	2	1 2 1
623	8	0.0	2	1 3 4
624	4	0.0	2	0 3 1
625	5	0.0	2	1 3 1
626	9	0.0	2	2 2 5
627	5	0.0	2	1 1 3
628	2	0.0	2	1 0 1
629	2	0.0	2	0 1 1
630	5	0.0	2	0 2 3
631	4	0.0	2	2 1 1
632	6	0.0	2	0 4 2
633	5	0.0	2	0 2 3
634	1	0.0	2	0 0 1
635	4	0.0	2	1 3
636	7	0.0	2	2 3 2
637	3	0.0	2	2 1
638	8	0.0	2	3 3 2
639	4	0.0	2	0 3 1
640	7	0.0	2	0 3 4
641	3	0.0	2	1 1 1
643	3	0.0	2	0 2 1
644	2	0.0	2	0 2
645	4	0.0	2	0 2 2
646	2	0.0	2	2
647	4	0.0	2	0 2 2
648	2	0.0	2	0 2
649	3	0.0	2	0 1 2
650	3	0.0	2	1 0 2
651	4	0.0	2	1 3
652	5	0.0	2	1 2 2
653	2	0.0	2	1 1
654	1	0.0	2	1
655	4	0.0	2	1 1 2
656	4	0.0	2	1 2 1
657	2	0.0	2	1 0 1
658	6	0.0	2	1 4 1
659	5	0.0	2	1 4
660	2	0.0	2	0 0 2
661	4	0.0	2	1 2 1
662	2	0.0	2	0 1 1
663	5	0.0	2	2 2 1
664	7	0.0	2	1 2 4
665	7	0.0	2	2 3 2
666	3	0.0	2	1 2
667	3	0.0	2	1 1 1
668	4	0.0	2	0 4
669	3	0.0	2	1 1 1
670	5	0.0	2	1 3 1
671	4	0.0	2	0 4
672	5	0.0	2	1 4
673	5	0.0	2	1 3 1
674	3	0.0	2	0 2 1
675	1	0.0	2	0 1
676	3	0.0	2	0 2 1
677	1	0.0	2	0 1
678	1	0.0	2	0 1
679	6	0.0	2	1 2 3
680	2	0.0	2	1 0 1
681	3	0.0	2	0 3
682	5	0.0	2	1 2 2
683	2	0.0	2	1 1
684	5	0.0	2	2 2 1
685	2	0.0	2	0 0 2
686	4	0.0	2	2 2
687	1	0.0	2	0 1
688	2	0.0	2	1 1
689	3	0.0	2	3
690	3	0.0	2	1 0 2
691	2	0.0	2	0 1 1
692	2	0.0	2	0 1 1
693	1	0.0	2	0 1
694	3	0.0	2	0 3
695	3	0.0	2	0 3
696	3	0.0	2	0 3
697	4	0.0	2	0 1 3
698	2	0.0	2	0 2
699	4	0.0	2	1 2 1
700	3	0.0	2	0 2 1
701	3	0.0	2	0 2 1
703	2	0.0	2	1 1
704	2	0.0	2	0 1 1
707	1	0.0	2	0 0 1
708	6	0.0	2	2 2 2
709	4	0.0	2	0 1 3
710	2	0.0	2	0 2
711	2	0.0	2	0 1 1
712	3	0.0	2	0 1 2
713	1	0.0	2	0 1
714	3	0.0	2	0 1 2
715	3	0.0	2	1 1 1
717	1	0.0	2	1
718	2	0.0	2	0 0 2
719	2	0.0	2	0 1 1
720	4	0.0	2	2 2
721	1	0.0	2	0 0 1
722	3	0.0	2	1 2
723	1	0.0	2	0 1
724	2	0.0	2	1 1
725	2	0.0	2	0 1 1
726	2	0.0	2	0 1 1
727	5	0.0	2	0 3 2
728	3	0.0	2	0 2 1
729	1	0.0	2	0 1
732	2	0.0	2	0 1 1
734	1	0.0	2	1
735	4	0.0	2	0 4
736	1	0.0	2	1
737	1	0.0	2	1
738	1	0.0	2	0 1
739	3	0.0	2	2 1
740	3	0.0	2	0 1 2
741	3	0.0	2	0 1 2
742	1	0.0	2	1
743	2	0.0	2	1 0 1
744	2	0.0	2	0 2
745	1	0.0	2	1
746	3	0.0	2	2 1
747	2	0.0	2	1 1
749	1	0.0	2	0 0 1
750	1	0.0	2	0 0 1
751	3	0.0	2	1 1 1
752	1	0.0	2	0 1
753	4	0.0	2	1 3
754	3	0.0	2	1 1 1
755	3	0.0	2	0 1 2
756	8	0.0	2	1 4 3
757	2	0.0	2	0 2
758	3	0.0	2	0 2 1
759	1	0.0	2	0 1
760	1	0.0	2	0 0 1
761	5	0.0	2	1 2 2
762	5	0.0	2	0 2 3
763	1	0.0	2	0 1
764	1	0.0	2	0 0 1
765	1	0.0	2	0 0 1
766	1	0.0	2	0 0 1
767	5	0.0	2	2 3
768	1	0.0	2	1
769	1	0.0	2	0 1
770	2	0.0	2	0 2
771	2	0.0	2	0 2
772	4	0.0	2	1 1 2
773	3	0.0	2	1 2
774	2	0.0	2	0 2
775	5	0.0	2	2 3
776	3	0.0	2	0 2 1
777	1	0.0	2	0 1
778	3	0.0	2	0 3
779	6	0.0	2	0 4 2
780	1	0.0	2	0 0 1
781	1	0.0	2	1
782	1	0.0	2	1
783	4	0.0	2	1 1 2
784	1	0.0	2	1
785	2	0.0	2	1 1
786	1	0.0	2	0 1
787	4	0.0	2	0 4
788	6	0.0	2	2 4
789	1	0.0	2	0 1
790	2	0.0	2	1 1
791	1	0.0	2	1
792	2	0.0	2	0 2
793	3	0.0	2	1 0 2
794	3	0.0	2	0 2 1
795	2	0.0	2	0 0 2
796	2	0.0	2	0 1 1
797	4	0.0	2	1 3
798	3	0.0	2	0 2 1
799	1	0.0	2	0 0 1
800	3	0.0	2	0 3
801	2	0.0	2	0 1 1
802	3	0.0	2	2 0 1
803	6	0.0	2	1 5
804	1	0.0	2	0 0 1
805	1	0.0	2	1
806	8	0.0	2	1 5 2
807	3	0.0	2	0 2 1
808	4	0.0	2	1 2 1
809	3	0.0	2	2 0 1
810	5	0.0	2	0 3 2
811	3	0.0	2	1 0 2
812	1	0.0	2	0 1
813	3	0.0	2	0 2 1
814	2	0.0	2	2
815	1	0.0	2	0 1
816	2	0.0	2	2
817	3	0.0	2	0 1 2
818	2	0.0	2	1 1
820	3	0.0	2	1 2
821	2	0.0	2	0 1 1
822	1	0.0	2	0 1
825	4	0.0	2	0 3 1
827	3	0.0	2	0 3
828	1	0.0	2	0 0 1
829	1	0.0	2	0 1
831	1	0.0	2	0 1
832	3	0.0	2	0 1 2
833	4	0.0	2	1 3
834	5	0.0	2	0 4 1
835	3	0.0	2	1 1 1
837	1	0.0	2	0 1
838	1	0.0	2	1
839	1	0.0	2	0 1
840	1	0.0	2	0 1
841	1	0.0	2	0 1
842	2	0.0	2	1 0 1
843	1	0.0	2	1
844	1	0.0	2	0 0 1
845	2	0.0	2	1 1
846	2	0.0	2	1 1
847	2	0.0	2	0 2
848	2	0.0	2	0 1 1
849	4	0.0	2	0 2 2
850	1	0.0	2	0 1
851	2	0.0	2	0 2
852	4	0.0	2	2 1 1
853	3	0.0	2	1 0 2
854	5	0.0	2	2 2 1
855	4	0.0	2	2 1 1
857	5	0.0	2	1 1 3
858	1	0.0	2	1
859	1	0.0	2	0 0 1
862	3	0.0	2	0 1 2
863	1	0.0	2	0 1
864	3	0.0	2	0 2 1
865	1	0.0	2	1
866	3	0.0	2	0 1 2
867	2	0.0	2	0 2
868	1	0.0	2	0 1
869	3	0.0	2	0 1 2
870	3	0.0	2	3
871	2	0.0	2	0 1 1
872	2	0.0	2	0 0 2
873	2	0.0	2	1 1
874	1	0.0	2	1
875	3	0.0	2	0 2 1
876	3	0.0	2	1 1 1
877	3	0.0	2	2 1
878	3	0.0	2	1 0 2
879	2	0.0	2	0 1 1
880	1	0.0	2	0 1
881	1	0.0	2	0 1
883	1	0.0	2	0 1
884	2	0.0	2	0 1 1
885	1	0.0	2	0 1
887	1	0.0	2	0 0 1
888	2	0.0	2	1 1
889	2	0.0	2	0 0 2
890	2	0.0	2	0 1 1
891	1	0.0	2	0 1
892	1	0.0	2	0 0 1
893	1	0.0	2	0 1
895	3	0.0	2	1 0 2
896	2	0.0	2	1 0 1
897	3	0.0	2	0 2 1
898	3	0.0	2	0 2 1
899	1	0.0	2	0 1
900	1	0.0	2	1
901	1	0.0	2	0 0 1
902	2	0.0	2	2
904	4	0.0	2	0 2 2
905	2	0.0	2	1 1
906	1	0.0	2	0 1
907	3	0.0	2	1 2
909	1	0.0	2	0 1
910	1	0.0	2	0 0 1
911	1	0.0	2	0 1
912	2	0.0	2	1 1
913	2	0.0	2	0 2
914	3	0.0	2	0 2 1
915	1	0.0	2	0 0 1
916	1	0.0	2	0 0 1
919	2	0.0	2	0 2
921	3	0.0	2	1 2
923	1	0.0	2	1
924	1	0.0	2	0 1
925	2	0.0	2	0 2
927	1	0.0	2	0 1
928	1	0.0	2	1
930	1	0.0	2	0 1
931	1	0.0	2	0 0 1
932	1	0.0	2	0 0 1
934	2	0.0	2	2
935	2	0.0	2	0 1 1
936	2	0.0	2	1 0 1
937	2	0.0	2	1 0 1
941	1	0.0	2	0 0 1
942	2	0.0	2	1 0 1
943	3	0.0	2	1 2
944	2	0.0	2	0 2
945	1	0.0	2	0 1
947	1	0.0	2	0 1
948	1	0.0	2	0 0 1
950	2	0.0	2	0 1 1
951	2	0.0	2	0 2
952	2	0.0	2	1 1
955	1	0.0	2	0 0 1
956	1	0.0	2	0 1
960	2	0.0	2	0 1 1
961	1	0.0	2	0 1
962	1	0.0	2	0 1
963	2	0.0	2	1 0 1
965	1	0.0	2	0 0 1
967	2	0.0	2	1 0 1
968	3	0.0	2	3
969	2	0.0	2	1 0 1
970	3	0.0	2	0 2 1
971	2	0.0	2	0 2
973	2	0.0	2	0 1 1
974	2	0.0	2	1 1
975	4	0.0	2	2 2
976	1	0.0	2	0 1
977	1	0.0	2	0 0 1
978	4	0.0	2	0 2 2
979	4	0.0	2	2 2
980	4	0.0	2	1 3
986	1	0.0	2	1
987	1	0.0	2	1
988	2	0.0	2	0 1 1
990	2	0.0	2	0 2
992	1	0.0	2	0 1
993	1	0.0	2	0 1
995	2	0.0	2	0 2
997	1	0.0	2	0 0 1
1001	1	0.0	2	0 0 1
1002	2	0.0	2	0 2
1007	1	0.0	2	1
1008	1	0.0	2	0 0 1
1009	1	0.0	2	0 0 1
1011	1	0.0	2	0 1
1012	4	0.0	2	0 1 3
1013	1	0.0	2	0 1
1014	1	0.0	2	1
1015	2	0.0	2	0 1 1
1016	1	0.0	2	0 1
1017	2	0.0	2	0 2
1018	1	0.0	2	1
1019	1	0.0	2	0 0 1
1022	1	0.0	2	0 1
1023	2	0.0	2	0 2
1025	2	0.0	2	0 0 2
1026	1	0.0	2	0 1
1027	1	0.0	2	0 0 1
1028	2	0.0	2	2
1029	1	0.0	2	0 0 1
1031	1	0.0	2	0 0 1
1032	2	0.0	2	0 2
1033	2	0.0	2	1 1
1034	1	0.0	2	0 0 1
1035	1	0.0	2	0 1
1037	5	0.0	2	1 2 2
1038	1	0.0	2	0 1
1039	1	0.0	2	0 1
1040	1	0.0	2	0 0 1
1041	1	0.0	2	0 1
1042	2	0.0	2	1 1
1043	1	0.0	2	0 0 1
1044	2	0.0	2	1 0 1
1046	2	0.0	2	0 1 1
1048	1	0.0	2	0 1
1051	1	0.0	2	0 0 1
1053	1	0.0	2	0 1
1054	2	0.0	2	1 0 1
1055	1	0.0	2	1
1056	1	0.0	2	0 1
1057	1	0.0	2	1
1058	1	0.0	2	0 0 1
1060	2	0.0	2	0 0 2
1061	1	0.0	2	0 1
1063	1	0.0	2	0 1
1065	3	0.0	2	0 2 1
1067	3	0.0	2	2 1
1068	1	0.0	2	0 1
1069	1	0.0	2	1
1071	2	0.0	2	0 2
1072	2	0.0	2	0 0 2
1073	2	0.0	2	0 2
1074	3	0.0	2	1 0 2
1075	2	0.0	2	0 1 1
1077	4	0.0	2	1 1 2
1078	5	0.0	2	2 2 1
1079	1	0.0	2	0 1
1080	2	0.0	2	1 1
1083	1	0.0	2	0 0 1
1084	1	0.0	2	0 1
1085	3	0.0	2	0 1 2
1086	1	0.0	2	0 0 1
1087	1	0.0	2	0 1
1088	1	0.0	2	1
1089	1	0.0	2	0 1
1090	3	0.0	2	2 1
1092	2	0.0	2	0 1 1
1094	3	0.0	2	0 3
1095	2	0.0	2	1 1
1097	1	0.0	2	0 1
1098	1	0.0	2	0 1
1099	1	0.0	2	0 0 1
1100	1	0.0	2	0 0 1
1101	2	0.0	2	0 2
1102	2	0.0	2	1 1
1103	2	0.0	2	1 1
1104	6	0.0	2	0 3 3
1105	3	0.0	2	1 1 1
1106	3	0.0	2	0 3
1107	2	0.0	2	0 1 1
1108	1	0.0	2	1
1109	3	0.0	2	1 1 1
1110	1	0.0	2	1
1111	1	0.0	2	0 1
1113	1	0.0	2	0 0 1
1116	1	0.0	2	0 1
1117	2	0.0	2	1 1
1118	1	0.0	2	0 1
1120	1	0.0	2	1
1122	2	0.0	2	1 0 1
1124	2	0.0	2	2
1125	3	0.0	2	0 1 2
1126	3	0.0	2	1 2
1127	1	0.0	2	1
1128	1	0.0	2	0 1
1129	4	0.0	2	0 1 3
1130	6	0.0	2	1 2 3
1131	1	0.0	2	0 1
1132	5	0.0	2	0 3 2
1133	7	0.0	2	0 4 3
1134	4	0.0	2	0 3 1
1135	4	0.0	2	2 1 1
1136	3	0.0	2	0 3
1137	7	0.0	2	2 5
1138	3	0.0	2	1 1 1
1139	1	0.0	2	0 1
1140	1	0.0	2	0 1
1141	2	0.0	2	0 0 2
1142	1	0.0	2	0 0 1
1145	1	0.0	2	0 0 1
1146	3	0.0	2	1 2
1150	2	0.0	2	0 1 1
1151	2	0.0	2	0 2
1152	1	0.0	2	0 0 1
1153	1	0.0	2	0 1
1154	3	0.0	2	1 1 1
1155	4	0.0	2	2 2
1156	1	0.0	2	0 1
1157	2	0.0	2	1 1
1158	5	0.0	2	1 2 2
1159	4	0.0	2	0 1 3
1160	4	0.0	2	0 3 1
1161	2	0.0	2	0 1 1
1162	6	0.0	2	1 3 2
1163	6	0.0	2	0 4 2
1164	5	0.0	2	0 2 3
1165	7	0.0	2	1 5 1
1166	3	0.0	2	0 1 2
1167	4	0.0	2	1 3
1168	2	0.0	2	0 1 1
1169	2	0.0	2	0 1 1
1171	1	0.0	2	0 0 1
1174	1	0.0	2	0 1
1175	2	0.0	2	2
1176	1	0.0	2	0 1
1177	1	0.0	2	0 0 1
1179	1	0.0	2	0 1
1180	1	0.0	2	0 0 1
1182	2	0.0	2	0 0 2
1183	3	0.0	2	0 1 2
1184	2	0.0	2	0 1 1
1185	6	0.0	2	1 4 1
1186	4	0.0	2	1 1 2
1187	5	0.0	2	1 1 3
1188	3	0.0	2	1 1 1
1189	8	0.0	2	1 6 1
1190	6	0.0	2	0 6
1191	8	0.0	2	3 2 3
1192	1	0.0	2	0 1
1193	3	0.0	2	1 1 1
1194	4	0.0	2	0 2 2
1195	2	0.0	2	1 0 1
1196	1	0.0	2	0 1
1197	2	0.0	2	0 2
1199	2	0.0	2	1 0 1
1200	1	0.0	2	0 0 1
1201	1	0.0	2	0 1
1202	1	0.0	2	0 0 1
1203	3	0.0	2	0 3
1204	2	0.0	2	0 1 1
1205	1	0.0	2	1
1206	3	0.0	2	2 0 1
1209	2	0.0	2	0 2
1210	1	0.0	2	0 1
1211	1	0.0	2	1
1212	3	0.0	2	0 2 1
1213	3	0.0	2	1 2
1214	1	0.0	2	0 1
1215	6	0.0	2	2 2 2
1216	5	0.0	2	0 2 3
1217	5	0.0	2	1 2 2
1218	4	0.0	2	1 2 1
1220	6	0.0	2	1 4 1
1221	4	0.0	2	2 2
1222	1	0.0	2	1
1223	2	0.0	2	0 2
1224	3	0.0	2	0 1 2
1226	2	0.0	2	1 1
1227	1	0.0	2	0 0 1
1228	2	0.0	2	1 0 1
1229	1	0.0	2	0 1
1230	1	0.0	2	0 0 1
1231	1	0.0	2	0 1
1232	2	0.0	2	1 1
1233	3	0.0	2	0 2 1
1235	3	0.0	2	1 2
1237	1	0.0	2	0 0 1
1238	1	0.0	2	0 1
1239	1	0.0	2	0 1
1240	1	0.0	2	0 1
1241	3	0.0	2	0 3
1242	1	0.0	2	0 1
1243	2	0.0	2	0 1 1
1244	2	0.0	2	1 1
1245	1	0.0	2	0 0 1
1246	2	0.0	2	0 1 1
1247	4	0.0	2	1 3
1249	2	0.0	2	0 2
1250	2	0.0	2	1 1
1252	1	0.0	2	1
1254	2	0.0	2	0 2
1255	1	0.0	2	0 0 1
1256	1	0.0	2	1
1257	2	0.0	2	0 1 1
1258	1	0.0	2	0 1
1259	1	0.0	2	1
1261	1	0.0	2	0 1
1262	2	0.0	2	1 0 1
1263	1	0.0	2	0 1
1264	1	0.0	2	0 1
1265	1	0.0	2	0 0 1
1266	1	0.0	2	1
1267	3	0.0	2	1 1 1
1268	1	0.0	2	1
1269	1	0.0	2	0 1
1270	2	0.0	2	0 2
1271	3	0.0	2	1 1 1
1272	2	0.0	2	1 1
1273	1	0.0	2	1
1276	1	0.0	2	0 1
1277	1	0.0	2	1
1280	2	0.0	2	1 0 1
1281	1	0.0	2	1
1283	1	0.0	2	0 1
1284	1	0.0	2	1
1285	2	0.0	2	2
1286	1	0.0	2	0 1
1288	1	0.0	2	0 1
1289	1	0.0	2	0 0 1
1290	3	0.0	2	1 1 1
1293	1	0.0	2	0 1
1295	1	0.0	2	0 1
1296	2	0.0	2	0 1 1
1299	1	0.0	2	1
1300	2	0.0	2	0 1 1
1306	1	0.0	2	0 1
1308	3	0.0	2	0 0 3
1310	1	0.0	2	0 0 1
1311	1	0.0	2	0 0 1
1313	1	0.0	2	0 1
1314	1	0.0	2	0 0 1
1317	1	0.0	2	0 1
1321	1	0.0	2	0 0 1
1323	4	0.0	2	1 2 1
1327	1	0.0	2	0 1
1328	1	0.0	2	0 1
1329	1	0.0	2	1
1330	1	0.0	2	0 0 1
1331	1	0.0	2	0 1
1332	3	0.0	2	0 3
1333	1	0.0	2	0 0 1
1334	1	0.0	2	0 1
1337	1	0.0	2	0 1
1338	1	0.0	2	0 1
1340	1	0.0	2	0 0 1
1345	1	0.0	2	0 0 1
1346	1	0.0	2	0 0 1
1347	2	0.0	2	1 0 1
1348	1	0.0	2	0 0 1
1351	1	0.0	2	0 1
1357	1	0.0	2	0 1
1359	1	0.0	2	0 1
1361	1	0.0	2	0 1
1362	2	0.0	2	1 0 1
1366	2	0.0	2	1 0 1
1367	1	0.0	2	0 1
1369	2	0.0	2	0 1 1
1370	2	0.0	2	0 1 1
1374	3	0.0	2	0 1 2
1376	1	0.0	2	0 0 1
1377	1	0.0	2	0 1
1378	2	0.0	2	1 0 1
1381	1	0.0	2	1
1383	2	0.0	2	0 1 1
1386	1	0.0	2	0 0 1
1387	1	0.0	2	1
1390	2	0.0	2	1 0 1
1393	2	0.0	2	0 0 2
1394	2	0.0	2	0 0 2
1396	2	0.0	2	1 1
1397	1	0.0	2	0 1
1398	1	0.0	2	0 1
1399	1	0.0	2	0 0 1
1400	1	0.0	2	0 1
1402	1	0.0	2	1
1403	1	0.0	2	1
1404	2	0.0	2	0 2
1406	1	0.0	2	0 0 1
1407	1	0.0	2	0 0 1
1409	1	0.0	2	1
1413	1	0.0	2	0 1
1415	1	0.0	2	0 1
1416	1	0.0	2	1
1418	1	0.0	2	0 1
1419	1	0.0	2	0 0 1
1426	1	0.0	2	0 1
1427	3	0.0	2	0 2 1
1428	1	0.0	2	0 1
1430	1	0.0	2	1
1431	2	0.0	2	0 2
1434	1	0.0	2	1
1435	1	0.0	2	0 1
1438	3	0.0	2	2 1
1439	1	0.0	2	0 1
1440	2	0.0	2	0 1 1
1443	1	0.0	2	0 1
1445	1	0.0	2	1
1446	1	0.0	2	0 1
1449	2	0.0	2	1 1
1450	1	0.0	2	0 1
1452	3	0.0	2	1 1 1
1453	1	0.0	2	0 0 1
1454	1	0.0	2	0 1
1459	3	0.0	2	0 0 3
1461	1	0.0	2	1
1463	1	0.0	2	0 0 1
1466	1	0.0	2	0 0 1
1467	1	0.0	2	1
1469	1	0.0	2	0 1
1470	1	0.0	2	1
1471	2	0.0	2	2
1475	2	0.0	2	0 1 1
1476	1	0.0	2	0 1
1477	1	0.0	2	1
1478	2	0.0	2	1 0 1
1480	1	0.0	2	0 1
1482	1	0.0	2	1
1484	1	0.0	2	1
1485	1	0.0	2	1
1486	1	0.0	2	0 1
1487	2	0.0	2	1 0 1
1492	2	0.0	2	0 1 1
1493	1	0.0	2	0 0 1
1494	1	0.0	2	0 0 1
1495	1	0.0	2	0 1
1496	1	0.0	2	1
1498	3	0.0	2	0 0 3
1499	2	0.0	2	0 0 2
1501	1	0.0	2	0 1
1503	1	0.0	2	1
1505	1	0.0	2	0 1
1509	1	0.0	2	0 1
1512	3	0.0	2	2 0 1
1513	1	0.0	2	0 1
1515	1	0.0	2	0 0 1
1519	1	0.0	2	0 1
1520	1	0.0	2	0 1
1523	1	0.0	2	0 1
1524	2	0.0	2	0 1 1
1525	1	0.0	2	0 1
1527	2	0.0	2	0 1 1
1529	2	0.0	2	0 2
1530	1	0.0	2	1
1531	2	0.0	2	1 1
1533	1	0.0	2	0 1
1534	3	0.0	2	1 2
1535	1	0.0	2	0 0 1
1541	2	0.0	2	1 1
1543	1	0.0	2	0 1
1551	1	0.0	2	0 1
1553	1	0.0	2	0 1
1554	1	0.0	2	0 1
1556	1	0.0	2	0 1
1557	1	0.0	2	0 1
1561	1	0.0	2	0 0 1
1562	1	0.0	2	0 1
1567	2	0.0	2	1 1
1571	1	0.0	2	1
1572	1	0.0	2	0 0 1
1573	1	0.0	2	0 0 1
1575	2	0.0	2	1 1
1576	1	0.0	2	1
1582	1	0.0	2	0 1
1586	1	0.0	2	0 1
1590	2	0.0	2	2
1592	1	0.0	2	0 0 1
1594	1	0.0	2	0 0 1
1595	1	0.0	2	0 0 1
1598	1	0.0	2	1
1601	1	0.0	2	0 1
1608	1	0.0	2	1
1610	1	0.0	2	0 1
1611	1	0.0	2	0 1
1615	1	0.0	2	0 1
1629	1	0.0	2	0 1
1631	1	0.0	2	0 1
1632	1	0.0	2	0 1
1636	1	0.0	2	0 0 1
1640	2	0.0	2	1 1
1645	1	0.0	2	0 0 1
1646	1	0.0	2	0 1
1647	1	0.0	2	1
1650	1	0.0	2	0 1
1652	1	0.0	2	0 1
1655	1	0.0	2	0 1
1661	1	0.0	2	1
1663	1	0.0	2	0 1
1667	2	0.0	2	0 2
1669	1	0.0	2	1
1670	1	0.0	2	0 0 1
1671	2	0.0	2	1 1
1672	1	0.0	2	0 1
1673	1	0.0	2	1
1676	1	0.0	2	1
1677	1	0.0	2	1
1683	1	0.0	2	0 1
1685	1	0.0	2	0 1
1686	1	0.0	2	0 1
1688	1	0.0	2	0 0 1
1690	1	0.0	2	0 0 1
1698	1	0.0	2	0 0 1
1704	1	0.0	2	0 0 1
1707	1	0.0	2	0 0 1
1712	1	0.0	2	1
1716	1	0.0	2	1
1717	1	0.0	2	0 0 1
1722	1	0.0	2	0 1
1731	1	0.0	2	0 1
1732	1	0.0	2	1
1733	1	0.0	2	0 0 1
1735	1	0.0	2	1
1737	2	0.0	2	0 1 1
1740	1	0.0	2	1
1744	1	0.0	2	0 0 1
1745	1	0.0	2	0 0 1
1746	1	0.0	2	1
1758	1	0.0	2	0 1
1759	1	0.0	2	0 1
1763	1	0.0	2	0 0 1
1770	2	0.0	2	1 0 1
1773	1	0.0	2	0 0 1
1785	1	0.0	2	1
1791	1	0.0	2	0 0 1
1796	1	0.0	2	0 0 1
1811	1	0.0	2	0 0 1
1812	1	0.0	2	1
1813	1	0.0	2	0 0 1
1814	1	0.0	2	0 0 1
1816	1	0.0	2	0 1
1817	1	0.0	2	0 0 1
1818	1	0.0	2	0 0 1
1820	2	0.0	2	0 0 2
1821	3	0.0	2	0 1 2
1822	4	0.0	2	0 1 3
1823	6	0.0	2	0 0 6
1824	4	0.0	2	0 0 4
1825	6	0.0	2	0 0 6
1826	6	0.0	2	0 1 5
1827	4	0.0	2	0 0 4
1828	1	0.0	2	0 0 1
1829	1	0.0	2	0 0 1
1830	1	0.0	2	0 0 1
1831	1	0.0	2	0 1
1833	2	0.0	2	0 0 2
1838	1	0.0	2	1
1841	2	0.0	2	2
1845	1	0.0	2	0 0 1
1846	1	0.0	2	0 1
1848	1	0.0	2	1
1849	1	0.0	2	1
1850	2	0.0	2	0 0 2
1852	2	0.0	2	1 1
1853	4	0.0	2	2 0 2
1854	2	0.0	2	0 0 2
1855	4	0.0	2	1 1 2
1856	1	0.0	2	0 0 1
1857	6	0.0	2	0 1 5
1859	1	0.0	2	0 0 1
1860	1	0.0	2	0 0 1
1863	2	0.0	2	0 0 2
1865	3	0.0	2	1 0 2
1866	1	0.0	2	0 1
1868	2	0.0	2	0 0 2
1871	1	0.0	2	0 1
1872	1	0.0	2	0 0 1
1876	1	0.0	2	1
1881	1	0.0	2	1
1883	1	0.0	2	0 0 1
1886	1	0.0	2	0 1
1887	1	0.0	2	0 0 1
1888	1	0.0	2	0 0 1
1893	1	0.0	2	0 0 1
1894	1	0.0	2	0 0 1
1895	1	0.0	2	0 0 1
1896	3	0.0	2	1 0 2
1897	2	0.0	2	0 1 1
1898	1	0.0	2	0 0 1
1899	2	0.0	2	0 1 1
1900	1	0.0	2	0 0 1
1901	1	0.0	2	0 0 1
1903	4	0.0	2	0 0 4
1904	3	0.0	2	0 0 3
1905	1	0.0	2	0 1
1907	1	0.0	2	0 0 1
1908	1	0.0	2	0 0 1
1909	3	0.0	2	0 0 3
1910	2	0.0	2	0 0 2
1911	5	0.0	2	1 0 4
1912	2	0.0	2	0 1 1
1913	2	0.0	2	0 0 2
1914	5	0.0	2	0 2 3
1915	2	0.0	2	0 0 2
1917	3	0.0	2	0 0 3
1918	2	0.0	2	0 0 2
1919	1	0.0	2	0 0 1
1920	1	0.0	2	0 0 1
1922	1	0.0	2	0 0 1
1923	2	0.0	2	0 0 2
1924	1	0.0	2	0 0 1
1925	3	0.0	2	0 1 2
1928	1	0.0	2	0 0 1
1929	1	0.0	2	1
1938	1	0.0	2	0 0 1
1941	1	0.0	2	1
1950	1	0.0	2	1
1959	1	0.0	2	0 0 1
1961	1	0.0	2	0 0 1
1963	1	0.0	2	0 0 1
1973	1	0.0	2	1
1975	1	0.0	2	0 0 1
1978	1	0.0	2	0 1
1985	1	0.0	2	0 1
1989	1	0.0	2	1
1997	1	0.0	2	1
2000	1	0.0	2	0 1
2004	1	0.0	2	0 1
2008	1	0.0	2	0 1
2010	2	0.0	2	0 2
2012	1	0.0	2	0 0 1
2026	1	0.0	2	0 0 1
2032	1	0.0	2	0 1
2036	1	0.0	2	0 0 1
2039	1	0.0	2	0 1
2042	1	0.0	2	0 1
2043	1	0.0	2	0 0 1
2053	1	0.0	2	0 1
2058	1	0.0	2	0 1
2060	2	0.0	2	1 0 1
2061	1	0.0	2	0 1
2063	1	0.0	2	1
2066	1	0.0	2	0 0 1
2067	1	0.0	2	0 1
2068	1	0.0	2	0 0 1
2069	1	0.0	2	0 0 1
2077	1	0.0	2	0 0 1
2079	1	0.0	2	0 1
2080	1	0.0	2	0 0 1
2081	1	0.0	2	0 0 1
2084	2	0.0	2	1 1
2086	2	0.0	2	0 1 1
2088	2	0.0	2	0 0 2
2089	1	0.0	2	1
2091	1	0.0	2	1
2092	2	0.0	2	0 1 1
2094	2	0.0	2	1 1
2095	1	0.0	2	0 1
2099	1	0.0	2	1
2101	1	0.0	2	0 1
2103	1	0.0	2	0 1
2105	1	0.0	2	0 0 1
2108	2	0.0	2	0 0 2
2114	1	0.0	2	0 1
2115	1	0.0	2	0 1
2116	1	0.0	2	0 0 1
2119	2	0.0	2	0 2
2120	1	0.0	2	1
2121	2	0.0	2	0 0 2
2122	2	0.0	2	1 0 1
2124	1	0.0	2	0 0 1
2126	2	0.0	2	0 1 1
2128	1	0.0	2	0 0 1
2129	2	0.0	2	0 1 1
2130	2	0.0	2	0 0 2
2131	2	0.0	2	1 0 1
2134	1	0.0	2	0 1
2136	1	0.0	2	1
2137	3	0.0	2	0 2 1
2138	1	0.0	2	0 1
2140	1	0.0	2	0 0 1
2141	1	0.0	2	0 0 1
2144	2	0.0	2	1 0 1
2145	2	0.0	2	1 0 1
2147	1	0.0	2	0 1
2148	1	0.0	2	0 1
2149	2	0.0	2	0 2
2150	1	0.0	2	0 0 1
2152	1	0.0	2	0 0 1
2154	1	0.0	2	1
2156	1	0.0	2	0 0 1
2159	1	0.0	2	0 0 1
2160	1	0.0	2	0 0 1
2161	2	0.0	2	0 1 1
2162	1	0.0	2	0 0 1
2163	1	0.0	2	0 0 1
2164	1	0.0	2	0 1
2165	2	0.0	2	0 0 2
2166	1	0.0	2	0 1
2167	2	0.0	2	1 0 1
2168	1	0.0	2	0 1
2169	2	0.0	2	0 0 2
2170	1	0.0	2	0 1
2172	1	0.0	2	0 0 1
2175	1	0.0	2	1
2178	1	0.0	2	0 0 1
2179	2	0.0	2	0 2
2182	1	0.0	2	0 1
2183	2	0.0	2	1 0 1
2184	1	0.0	2	1
2187	1	0.0	2	0 1
2188	2	0.0	2	2
2189	2	0.0	2	0 0 2
2190	1	0.0	2	0 1
2191	2	0.0	2	0 2
2193	4	0.0	2	1 0 3
2194	1	0.0	2	0 1
2195	1	0.0	2	0 0 1
2196	1	0.0	2	1
2198	1	0.0	2	0 1
2199	1	0.0	2	0 0 1
2201	3	0.0	2	0 1 2
2202	1	0.0	2	1
2205	1	0.0	2	0 0 1
2207	1	0.0	2	0 0 1
2210	1	0.0	2	0 0 1
2211	1	0.0	2	1
2212	2	0.0	2	0 1 1
2225	1	0.0	2	0 1
2229	1	0.0	2	1
2230	1	0.0	2	1
2231	1	0.0	2	0 1
2233	1	0.0	2	0 0 1
2235	1	0.0	2	1
2236	1	0.0	2	0 1
2238	1	0.0	2	1
2239	1	0.0	2	0 0 1
2245	1	0.0	2	0 1
2246	1	0.0	2	0 0 1
2249	1	0.0	2	0 0 1
2250	2	0.0	2	0 0 2
2252	1	0.0	2	0 0 1
2262	1	0.0	2	0 1
2265	2	0.0	2	0 2
2268	1	0.0	2	0 0 1
2274	1	0.0	2	0 0 1
2285	1	0.0	2	0 1
2286	1	0.0	2	0 0 1
2289	1	0.0	2	0 0 1
2292	1	0.0	2	0 1
2293	1	0.0	2	0 1
2298	1	0.0	2	0 0 1
2299	1	0.0	2	0 1
2301	1	0.0	2	0 1
2304	1	0.0	2	0 0 1
2308	1	0.0	2	1
2316	1	0.0	2	1
2318	1	0.0	2	0 1
2319	1	0.0	2	1
2323	2	0.0	2	1 1
2325	2	0.0	2	0 1 1
2328	1	0.0	2	0 0 1
2336	1	0.0	2	0 0 1
2339	1	0.0	2	0 0 1
2346	1	0.0	2	0 1
2353	1	0.0	2	0 0 1
2354	1	0.0	2	0 1
2363	1	0.0	2	0 1
2365	1	0.0	2	0 0 1
2366	1	0.0	2	1
2367	1	0.0	2	0 1
2373	1	0.0	2	0 1
2381	1	0.0	2	0 0 1
2382	1	0.0	2	0 0 1
2387	1	0.0	2	0 1
2388	1	0.0	2	0 1
2389	1	0.0	2	0 1
2402	1	0.0	2	0 1
2416	1	0.0	2	1
2427	1	0.0	2	0 1
2430	1	0.0	2	0 0 1
2436	1	0.0	2	0 1
2438	2	0.0	2	0 1 1
2441	1	0.0	2	0 0 1
2444	1	0.0	2	0 0 1
2449	2	0.0	2	1 0 1
2456	1	0.0	2	1
2464	1	0.0	2	1
2469	1	0.0	2	0 0 1
2473	1	0.0	2	0 0 1
2474	1	0.0	2	1
2476	1	0.0	2	0 1
2484	2	0.0	2	0 0 2
2485	2	0.0	2	2
2490	1	0.0	2	1
2492	1	0.0	2	0 1
2494	1	0.0	2	0 0 1
2501	1	0.0	2	0 0 1
2504	1	0.0	2	0 1
2510	1	0.0	2	1
2514	1	0.0	2	1
2519	1	0.0	2	0 0 1
2525	2	0.0	2	1 0 1
2527	1	0.0	2	1
2542	1	0.0	2	0 0 1
2550	1	0.0	2	1
2555	1	0.0	2	0 0 1
2557	1	0.0	2	0 1
2561	1	0.0	2	0 1
2562	2	0.0	2	0 1 1
2565	1	0.0	2	0 1
2575	1	0.0	2	1
2590	2	0.0	2	0 0 2
2597	1	0.0	2	1
2608	3	0.0	2	0 2 1
2615	1	0.0	2	1
2620	3	0.0	2	2 0 1
2621	1	0.0	2	0 1
2624	1	0.0	2	1
2631	1	0.0	2	0 0 1
2633	1	0.0	2	0 0 1
2640	1	0.0	2	0 0 1
2641	1	0.0	2	1
2654	2	0.0	2	0 0 2
2672	1	0.0	2	1
2684	2	0.0	2	2
2690	2	0.0	2	2
2695	1	0.0	2	1
2696	1	0.0	2	0 1
2698	1	0.0	2	0 0 1
2707	1	0.0	2	1
2715	1	0.0	2	0 1
2721	1	0.0	2	0 0 1
2722	1	0.0	2	0 0 1
2728	1	0.0	2	0 0 1
2731	2	0.0	2	0 0 2
2737	1	0.0	2	0 0 1
2757	1	0.0	2	1
2763	1	0.0	2	0 1
2769	1	0.0	2	0 0 1
2771	1	0.0	2	0 0 1
2778	1	0.0	2	0 0 1
2787	1	0.0	2	0 0 1
2788	2	0.0	2	0 0 2
2789	1	0.0	2	0 0 1
2792	1	0.0	2	0 1
2794	1	0.0	2	0 0 1
2795	1	0.0	2	0 1
2798	1	0.0	2	0 0 1
2802	1	0.0	2	0 0 1
2812	1	0.0	2	0 1
2814	1	0.0	2	1
2824	1	0.0	2	1
2828	1	0.0	2	0 0 1
2834	1	0.0	2	0 0 1
2843	1	0.0	2	0 0 1
2846	1	0.0	2	0 0 1
2860	1	0.0	2	0 0 1
2862	1	0.0	2	0 0 1
2864	2	0.0	2	0 0 2
2916	1	0.0	2	0 0 1
2929	1	0.0	2	1
2931	1	0.0	2	1
2953	1	0.0	2	0 1
2966	1	0.0	2	1
2982	1	0.0	2	0 0 1
2984	1	0.0	2	0 1
2998	1	0.0	2	1
3007	1	0.0	2	1
3018	1	0.0	2	0 1
3022	1	0.0	2	1
3023	2	0.0	2	1 0 1
3036	1	0.0	2	0 0 1
3043	1	0.0	2	0 1
3047	1	0.0	2	0 1
3054	1	0.0	2	1
3055	1	0.0	2	1
3057	1	0.0	2	1
3067	1	0.0	2	1
3078	1	0.0	2	0 0 1
3080	1	0.0	2	0 0 1
3082	1	0.0	2	0 1
3087	1	0.0	2	0 0 1
3093	1	0.0	2	1
3096	1	0.0	2	1
3101	1	0.0	2	1
3105	1	0.0	2	0 0 1
3113	1	0.0	2	0 0 1
3125	1	0.0	2	1
3126	1	0.0	2	1
3131	1	0.0	2	0 1
3140	1	0.0	2	1
3146	2	0.0	2	1 1
3147	1	0.0	2	1
3152	1	0.0	2	0 1
3153	1	0.0	2	1
3155	1	0.0	2	0 0 1
3157	2	0.0	2	1 1
3159	1	0.0	2	1
3161	1	0.0	2	1
3162	1	0.0	2	1
3164	1	0.0	2	0 1
3167	2	0.0	2	2
3175	1	0.0	2	0 1
3177	1	0.0	2	0 1
3178	1	0.0	2	1
3180	1	0.0	2	1
3181	2	0.0	2	1 0 1
3182	2	0.0	2	1 0 1
3183	1	0.0	2	0 0 1
3185	1	0.0	2	1
3189	4	0.0	2	0 4
3190	2	0.0	2	0 1 1
3191	1	0.0	2	0 1
3193	1	0.0	2	0 1
3194	1	0.0	2	0 1
3195	2	0.0	2	0 0 2
3196	3	0.0	2	2 1
3199	1	0.0	2	0 1
3201	1	0.0	2	0 1
3202	1	0.0	2	1
3203	2	0.0	2	2
3204	1	0.0	2	1
3205	2	0.0	2	2
3207	4	0.0	2	3 0 1
3208	4	0.0	2	2 2
3209	4	0.0	2	1 3
3210	1	0.0	2	1
3211	4	0.0	2	2 2
3212	4	0.0	2	2 2
3213	3	0.0	2	2 1
3215	4	0.0	2	3 1
3216	3	0.0	2	3
3217	3	0.0	2	1 1 1
3219	2	0.0	2	0 2
3220	2	0.0	2	1 1
3222	2	0.0	2	2
3227	1	0.0	2	1
3238	1	0.0	2	1
3246	2	0.0	2	1 1
3251	2	0.0	2	1 1
3255	1	0.0	2	1
3258	1	0.0	2	0 0 1
3271	2	0.0	2	1 0 1
3294	1	0.0	2	0 1
3309	1	0.0	2	1
3311	1	0.0	2	0 0 1
3333	1	0.0	2	1
3337	1	0.0	2	0 1
3349	1	0.0	2	1
3363	1	0.0	2	0 0 1
3371	1	0.0	2	0 0 1
3374	1	0.0	2	1
3377	1	0.0	2	0 1
3379	1	0.0	2	1
3386	1	0.0	2	1
3390	1	0.0	2	1
3400	1	0.0	2	0 1
3408	1	0.0	2	1
3414	1	0.0	2	0 1
3415	2	0.0	2	1 1
3416	2	0.0	2	0 1 1
3417	1	0.0	2	1
3420	1	0.0	2	0 1
3421	2	0.0	2	1 0 1
3430	1	0.0	2	1
3432	1	0.0	2	0 1
3434	1	0.0	2	0 0 1
3447	1	0.0	2	0 1
3448	3	0.0	2	0 2 1
3449	1	0.0	2	1
3451	1	0.0	2	0 0 1
3454	1	0.0	2	0 1
3458	1	0.0	2	1
3459	1	0.0	2	0 0 1
3461	1	0.0	2	0 1
3470	1	0.0	2	1
3477	1	0.0	2	1
3491	3	0.0	2	1 2
3507	1	0.0	2	1
3519	1	0.0	2	1
3531	1	0.0	2	0 1
3534	1	0.0	2	1
3545	1	0.0	2	1
3553	1	0.0	2	0 1
3580	1	0.0	2	1
3588	1	0.0	2	1
3594	1	0.0	2	0 1
3607	1	0.0	2	1
3617	2	0.0	2	2
3630	1	0.0	2	1
3646	1	0.0	2	0 1
3651	1	0.0	2	1
3673	1	0.0	2	1
3694	1	0.0	2	0 1
3696	2	0.0	2	0 2
3699	1	0.0	2	1
3701	1	0.0	2	0 0 1
3704	1	0.0	2	1
3705	1	0.0	2	1
3716	1	0.0	2	1
3718	1	0.0	2	1
3720	1	0.0	2	0 0 1
3766	1	0.0	2	1
3778	1	0.0	2	1
3785	1	0.0	2	1
3789	1	0.0	2	0 1
3796	1	0.0	2	0 1
3800	1	0.0	2	1
3813	1	0.0	2	1
3848	1	0.0	2	1
3858	1	0.0	2	0 0 1
3860	1	0.0	2	1
3881	1	0.0	2	0 0 1
3904	1	0.0	2	1
3921	1	0.0	2	0 0 1
3946	1	0.0	2	1
3965	1	0.0	2	0 0 1
3968	1	0.0	2	0 1
3978	1	0.0	2	0 0 1
4005	1	0.0	2	0 0 1
4011	2	0.0	2	1 0 1
4013	1	0.0	2	0 1
4016	1	0.0	2	0 0 1
4017	1	0.0	2	0 0 1
4018	1	0.0	2	0 0 1
4024	1	0.0	2	0 0 1
4025	1	0.0	2	1
4029	1	0.0	2	0 0 1
4037	1	0.0	2	0 0 1
4040	1	0.0	2	1
4047	1	0.0	2	0 1
4051	1	0.0	2	0 0 1
4054	1	0.0	2	0 0 1
4055	1	0.0	2	1
4058	1	0.0	2	1
4060	1	0.0	2	0 1
4064	1	0.0	2	0 0 1
4069	1	0.0	2	0 0 1
4070	1	0.0	2	0 0 1
4075	1	0.0	2	0 0 1
4081	1	0.0	2	0 0 1
4082	1	0.0	2	0 0 1
4089	1	0.0	2	0 0 1
4116	1	0.0	2	1
4122	1	0.0	2	1
4129	1	0.0	2	0 0 1
4139	1	0.0	2	1
4141	1	0.0	2	0 1
4165	1	0.0	2	0 0 1
4179	1	0.0	2	0 1
4183	2	0.0	2	0 1 1
4185	1	0.0	2	0 1
4254	1	0.0	2	0 0 1
4266	1	0.0	2	1
4290	1	0.0	2	0 1
4293	1	0.0	2	1
4339	1	0.0	2	0 1
4364	1	0.0	2	1
4387	1	0.0	2	0 1
4397	1	0.0	2	0 1
4405	1	0.0	2	1
4421	1	0.0	2	0 0 1
4445	1	0.0	2	1
4448	1	0.0	2	0 1
4493	1	0.0	2	0 0 1
4498	1	0.0	2	0 0 1
4526	1	0.0	2	0 0 1
4534	1	0.0	2	1
4551	2	0.0	2	1 1
4583	1	0.0	2	1
4619	1	0.0	2	1
4621	1	0.0	2	1
4678	1	0.0	2	1
4702	1	0.0	2	1
4787	1	0.0	2	0 1
4816	1	0.0	2	1
4878	1	0.0	2	1
4894	1	0.0	2	0 0 1
4942	1	0.0	2	1
4948	1	0.0	2	0 1
5091	1	0.0	2	1
5125	1	0.0	2	0 1
5162	1	0.0	2	0 0 1
5182	1	0.0	2	0 1
5203	1	0.0	2	1
5237	1	0.0	2	0 1
5261	1	0.0	2	0 1
5560	1	0.0	2	1
5898	1	0.0	2	1
6144	1	0.0	2	1
6433	1	0.0	2	1
6481	1	0.0	2	1
6493	1	0.0	2	1
6931	1	0.0	2	1
7308	1	0.0	2	1
8207	1	0.0	2	1
8250	1	0.0	2	0 1


=== Adapter P0303 ===

Sequence: GCCTCCAAGCTGTGCCTT; Type: regular 3'; Length: 18; Trimmed: 28796 times

Minimum overlap: 3
No. of allowed errors:
1-9 bp: 0; 10-18 bp: 1

Bases preceding removed adapters:
  A: 99.7%
  C: 0.0%
  G: 0.2%
  T: 0.0%
  none/other: 0.0%
WARNING:
    The adapter is preceded by 'A' extremely often.
    The provided adapter sequence could be incomplete at its 5' end.
    Ignore this warning when trimming primers.

Overview of removed sequences
length	count	expect	max.err	error counts
3	22	1095.6	0	22
4	6	273.9	0	6
5	2	68.5	0	2
7	2	4.3	0	2
8	9	1.1	0	9
10	30	0.1	1	30
11	5	0.0	1	5
12	2	0.0	1	1 1
13	1	0.0	1	1
15	1	0.0	1	0 1
16	5	0.0	1	5
17	5	0.0	1	5
18	83	0.0	1	76 7
19	1190	0.0	1	1179 11
20	6	0.0	1	4 2
22	1	0.0	1	1
23	3	0.0	1	3
24	1	0.0	1	1
25	2	0.0	1	2
26	3	0.0	1	3
27	1	0.0	1	0 1
28	15	0.0	1	15
29	5	0.0	1	5
32	1	0.0	1	1
33	1	0.0	1	1
34	2	0.0	1	2
35	1	0.0	1	1
37	2	0.0	1	2
39	2	0.0	1	2
40	2	0.0	1	2
41	2	0.0	1	2
42	3	0.0	1	3
43	1	0.0	1	1
44	2	0.0	1	2
46	3	0.0	1	2 1
47	3	0.0	1	3
48	1	0.0	1	1
49	4	0.0	1	4
50	1	0.0	1	1
51	1	0.0	1	1
52	2	0.0	1	2
53	1	0.0	1	1
54	2	0.0	1	2
55	3	0.0	1	3
56	3	0.0	1	3
57	4	0.0	1	4
58	6	0.0	1	6
59	7	0.0	1	5 2
60	14	0.0	1	11 3
61	4	0.0	1	4
62	4	0.0	1	3 1
63	9	0.0	1	8 1
64	6	0.0	1	6
65	11	0.0	1	10 1
66	9	0.0	1	9
67	25	0.0	1	24 1
68	45	0.0	1	42 3
69	32	0.0	1	32
70	42	0.0	1	36 6
71	578	0.0	1	576 2
72	47	0.0	1	47
73	18	0.0	1	18
74	34	0.0	1	33 1
75	4	0.0	1	4
76	3	0.0	1	3
79	2	0.0	1	2
82	2	0.0	1	2
83	2	0.0	1	2
85	1	0.0	1	1
87	1	0.0	1	1
88	2	0.0	1	2
90	1	0.0	1	1
93	1	0.0	1	1
96	1	0.0	1	1
97	1	0.0	1	1
98	1	0.0	1	1
99	2	0.0	1	2
101	3	0.0	1	3
102	1	0.0	1	1
104	2	0.0	1	2
105	1	0.0	1	1
106	1	0.0	1	1
108	3	0.0	1	3
110	3	0.0	1	3
111	1	0.0	1	1
112	3	0.0	1	3
113	1	0.0	1	1
115	1	0.0	1	1
117	1	0.0	1	1
118	1	0.0	1	1
119	1	0.0	1	1
120	1	0.0	1	1
122	3	0.0	1	3
123	1	0.0	1	1
124	1	0.0	1	1
126	1	0.0	1	1
127	2	0.0	1	2
128	2	0.0	1	2
131	2	0.0	1	2
133	2	0.0	1	2
134	3	0.0	1	3
135	4	0.0	1	4
136	1	0.0	1	1
137	2	0.0	1	2
138	2	0.0	1	2
139	5	0.0	1	5
140	6	0.0	1	6
141	1	0.0	1	1
142	5	0.0	1	5
143	5	0.0	1	5
144	11	0.0	1	11
145	17	0.0	1	17
146	13	0.0	1	13
147	30	0.0	1	30
148	72	0.0	1	71 1
149	27	0.0	1	27
150	12	0.0	1	12
151	29	0.0	1	28 1
152	49	0.0	1	48 1
153	6	0.0	1	6
154	6	0.0	1	6
155	3	0.0	1	3
156	3	0.0	1	2 1
157	5	0.0	1	5
158	9	0.0	1	9
159	13	0.0	1	13
160	2	0.0	1	2
161	1	0.0	1	1
162	1	0.0	1	1
163	1	0.0	1	1
164	3	0.0	1	3
166	2	0.0	1	2
167	7	0.0	1	7
168	2	0.0	1	2
169	1	0.0	1	1
170	2	0.0	1	2
171	1	0.0	1	1
172	6	0.0	1	6
173	3	0.0	1	3
174	6	0.0	1	6
175	3	0.0	1	3
176	6	0.0	1	6
177	5	0.0	1	5
178	4	0.0	1	4
179	10	0.0	1	10
180	3	0.0	1	3
181	7	0.0	1	6 1
182	12	0.0	1	11 1
183	12	0.0	1	12
184	9	0.0	1	8 1
185	18	0.0	1	18
186	21	0.0	1	20 1
187	25	0.0	1	25
188	25	0.0	1	22 3
189	39	0.0	1	38 1
190	39	0.0	1	36 3
191	50	0.0	1	46 4
192	83	0.0	1	80 3
193	115	0.0	1	110 5
194	183	0.0	1	168 15
195	215	0.0	1	204 11
196	305	0.0	1	283 22
197	481	0.0	1	460 21
198	790	0.0	1	770 20
199	1193	0.0	1	1161 32
200	2199	0.0	1	2155 44
201	4673	0.0	1	4616 57
202	971	0.0	1	949 22
203	382	0.0	1	374 8
204	183	0.0	1	178 5
205	107	0.0	1	106 1
206	63	0.0	1	62 1
207	53	0.0	1	53
208	59	0.0	1	58 1
209	31	0.0	1	30 1
210	18	0.0	1	18
211	29	0.0	1	29
212	16	0.0	1	16
213	9	0.0	1	9
214	9	0.0	1	9
215	6	0.0	1	6
216	5	0.0	1	5
217	7	0.0	1	7
218	4	0.0	1	4
219	15	0.0	1	15
220	11	0.0	1	10 1
221	19	0.0	1	19
222	28	0.0	1	28
223	38	0.0	1	38
224	50	0.0	1	48 2
225	53	0.0	1	53
226	94	0.0	1	92 2
227	138	0.0	1	135 3
228	329	0.0	1	327 2
229	92	0.0	1	89 3
230	42	0.0	1	42
231	33	0.0	1	32 1
232	38	0.0	1	33 5
233	43	0.0	1	42 1
234	32	0.0	1	29 3
235	87	0.0	1	85 2
236	31	0.0	1	30 1
237	17	0.0	1	16 1
238	17	0.0	1	16 1
239	17	0.0	1	17
240	25	0.0	1	25
241	18	0.0	1	18
242	9	0.0	1	9
243	8	0.0	1	7 1
244	7	0.0	1	7
245	12	0.0	1	12
246	14	0.0	1	14
247	8	0.0	1	8
248	10	0.0	1	10
249	18	0.0	1	18
250	23	0.0	1	23
251	34	0.0	1	33 1
252	40	0.0	1	40
253	51	0.0	1	50 1
254	91	0.0	1	89 2
255	115	0.0	1	115
256	43	0.0	1	41 2
257	29	0.0	1	29
258	20	0.0	1	20
259	31	0.0	1	30 1
260	25	0.0	1	25
261	37	0.0	1	37
262	45	0.0	1	45
263	23	0.0	1	21 2
264	19	0.0	1	18 1
265	25	0.0	1	25
266	11	0.0	1	11
267	15	0.0	1	15
268	18	0.0	1	18
269	15	0.0	1	15
270	12	0.0	1	12
271	22	0.0	1	22
272	23	0.0	1	23
273	37	0.0	1	37
274	15	0.0	1	15
275	16	0.0	1	16
276	19	0.0	1	19
277	16	0.0	1	16
278	22	0.0	1	22
279	22	0.0	1	21 1
280	39	0.0	1	39
281	40	0.0	1	39 1
282	72	0.0	1	71 1
283	29	0.0	1	29
284	22	0.0	1	21 1
285	18	0.0	1	18
286	26	0.0	1	26
287	21	0.0	1	21
288	24	0.0	1	23 1
289	27	0.0	1	27
290	12	0.0	1	12
291	14	0.0	1	13 1
292	16	0.0	1	16
293	12	0.0	1	11 1
294	11	0.0	1	11
295	14	0.0	1	14
296	13	0.0	1	12 1
297	16	0.0	1	16
298	17	0.0	1	17
299	12	0.0	1	12
300	18	0.0	1	18
301	18	0.0	1	18
302	10	0.0	1	10
303	13	0.0	1	13
304	15	0.0	1	15
305	24	0.0	1	24
306	15	0.0	1	15
307	27	0.0	1	27
308	20	0.0	1	20
309	28	0.0	1	28
310	17	0.0	1	17
311	9	0.0	1	9
312	12	0.0	1	12
313	14	0.0	1	14
314	12	0.0	1	12
315	18	0.0	1	17 1
316	15	0.0	1	15
317	14	0.0	1	14
318	11	0.0	1	11
319	9	0.0	1	9
320	12	0.0	1	12
321	13	0.0	1	13
322	17	0.0	1	17
323	17	0.0	1	16 1
324	8	0.0	1	8
325	9	0.0	1	9
326	11	0.0	1	11
327	19	0.0	1	19
328	22	0.0	1	22
329	14	0.0	1	14
330	18	0.0	1	18
331	8	0.0	1	8
332	20	0.0	1	20
333	21	0.0	1	20 1
334	9	0.0	1	9
335	14	0.0	1	14
336	20	0.0	1	20
337	14	0.0	1	14
338	7	0.0	1	7
339	14	0.0	1	14
340	16	0.0	1	16
341	16	0.0	1	16
342	9	0.0	1	9
343	11	0.0	1	11
344	12	0.0	1	12
345	8	0.0	1	8
346	11	0.0	1	11
347	7	0.0	1	7
348	8	0.0	1	8
349	14	0.0	1	14
350	10	0.0	1	10
351	10	0.0	1	10
352	10	0.0	1	10
353	8	0.0	1	8
354	15	0.0	1	15
355	12	0.0	1	12
356	8	0.0	1	8
357	5	0.0	1	5
358	7	0.0	1	7
359	4	0.0	1	4
360	11	0.0	1	11
361	6	0.0	1	6
362	15	0.0	1	15
363	15	0.0	1	15
364	6	0.0	1	6
365	6	0.0	1	6
366	7	0.0	1	7
367	9	0.0	1	9
368	15	0.0	1	15
369	7	0.0	1	7
370	5	0.0	1	4 1
371	6	0.0	1	6
372	9	0.0	1	9
373	7	0.0	1	7
374	3	0.0	1	3
375	9	0.0	1	9
376	12	0.0	1	12
377	8	0.0	1	8
378	6	0.0	1	6
379	11	0.0	1	11
380	13	0.0	1	13
381	12	0.0	1	12
382	8	0.0	1	8
383	10	0.0	1	10
384	8	0.0	1	8
385	9	0.0	1	9
386	14	0.0	1	13 1
387	12	0.0	1	12
388	17	0.0	1	16 1
389	10	0.0	1	10
390	11	0.0	1	11
391	6	0.0	1	6
392	3	0.0	1	3
393	9	0.0	1	9
394	8	0.0	1	8
395	4	0.0	1	4
396	6	0.0	1	6
397	5	0.0	1	5
398	7	0.0	1	7
399	2	0.0	1	2
400	5	0.0	1	5
401	7	0.0	1	7
402	3	0.0	1	3
403	4	0.0	1	4
404	8	0.0	1	8
405	7	0.0	1	7
406	2	0.0	1	2
407	3	0.0	1	3
408	6	0.0	1	6
409	6	0.0	1	6
410	6	0.0	1	6
411	11	0.0	1	11
412	9	0.0	1	9
413	7	0.0	1	7
414	6	0.0	1	6
415	3	0.0	1	3
416	10	0.0	1	10
417	4	0.0	1	4
418	5	0.0	1	5
419	8	0.0	1	8
420	5	0.0	1	5
421	1	0.0	1	1
422	4	0.0	1	4
423	4	0.0	1	4
424	11	0.0	1	11
425	4	0.0	1	4
427	6	0.0	1	6
428	2	0.0	1	2
429	5	0.0	1	5
430	7	0.0	1	7
431	10	0.0	1	9 1
432	9	0.0	1	9
433	6	0.0	1	6
434	10	0.0	1	10
435	8	0.0	1	8
436	10	0.0	1	10
437	17	0.0	1	17
438	23	0.0	1	23
439	17	0.0	1	17
440	29	0.0	1	29
441	28	0.0	1	28
442	43	0.0	1	43
443	52	0.0	1	52
444	31	0.0	1	30 1
445	12	0.0	1	12
446	8	0.0	1	8
447	6	0.0	1	6
448	4	0.0	1	4
449	2	0.0	1	2
450	5	0.0	1	5
452	4	0.0	1	4
453	3	0.0	1	3
454	2	0.0	1	2
455	5	0.0	1	5
456	4	0.0	1	4
457	2	0.0	1	2
458	2	0.0	1	2
459	4	0.0	1	4
460	5	0.0	1	5
461	7	0.0	1	7
462	6	0.0	1	6
463	6	0.0	1	6
464	5	0.0	1	5
465	6	0.0	1	6
466	11	0.0	1	11
467	16	0.0	1	16
468	19	0.0	1	19
469	16	0.0	1	16
470	31	0.0	1	31
471	11	0.0	1	11
472	8	0.0	1	8
473	7	0.0	1	7
474	5	0.0	1	5
475	6	0.0	1	6
476	7	0.0	1	7
477	2	0.0	1	2
478	6	0.0	1	6
479	3	0.0	1	3
480	3	0.0	1	3
481	2	0.0	1	2
482	6	0.0	1	6
483	8	0.0	1	8
484	5	0.0	1	5
485	1	0.0	1	1
486	2	0.0	1	2
487	1	0.0	1	1
488	4	0.0	1	4
489	10	0.0	1	10
490	4	0.0	1	4
491	12	0.0	1	12
492	4	0.0	1	4
493	12	0.0	1	11 1
494	13	0.0	1	13
495	13	0.0	1	13
496	17	0.0	1	17
497	20	0.0	1	20
498	13	0.0	1	13
499	11	0.0	1	10 1
500	11	0.0	1	11
501	14	0.0	1	14
502	22	0.0	1	21 1
503	22	0.0	1	22
504	12	0.0	1	12
505	6	0.0	1	6
506	6	0.0	1	6
507	9	0.0	1	9
508	14	0.0	1	14
509	8	0.0	1	7 1
510	20	0.0	1	20
511	4	0.0	1	4
512	5	0.0	1	5
513	3	0.0	1	3
514	5	0.0	1	5
515	3	0.0	1	3
516	5	0.0	1	5
517	2	0.0	1	2
518	2	0.0	1	2
519	8	0.0	1	8
520	5	0.0	1	5
521	6	0.0	1	6
522	15	0.0	1	15
523	13	0.0	1	13
524	18	0.0	1	17 1
525	12	0.0	1	12
526	9	0.0	1	9
527	15	0.0	1	15
528	14	0.0	1	14
529	13	0.0	1	13
530	15	0.0	1	15
531	9	0.0	1	9
532	14	0.0	1	14
533	6	0.0	1	6
534	11	0.0	1	11
535	13	0.0	1	13
536	10	0.0	1	10
537	11	0.0	1	11
538	5	0.0	1	5
539	1	0.0	1	1
540	10	0.0	1	10
541	5	0.0	1	5
542	5	0.0	1	5
543	3	0.0	1	3
544	5	0.0	1	5
545	4	0.0	1	4
546	6	0.0	1	5 1
547	5	0.0	1	5
548	4	0.0	1	4
549	8	0.0	1	8
550	11	0.0	1	11
551	8	0.0	1	8
552	5	0.0	1	5
553	9	0.0	1	9
554	9	0.0	1	9
555	6	0.0	1	6
556	14	0.0	1	12 2
557	11	0.0	1	11
558	15	0.0	1	15
559	6	0.0	1	6
560	7	0.0	1	7
561	3	0.0	1	3
562	5	0.0	1	5
563	10	0.0	1	10
564	6	0.0	1	6
565	7	0.0	1	7
566	4	0.0	1	3 1
567	3	0.0	1	3
568	8	0.0	1	8
569	9	0.0	1	9
570	4	0.0	1	4
571	4	0.0	1	4
572	6	0.0	1	6
573	6	0.0	1	5 1
574	2	0.0	1	2
575	9	0.0	1	9
576	5	0.0	1	5
577	7	0.0	1	7
578	6	0.0	1	5 1
579	3	0.0	1	3
580	9	0.0	1	9
581	7	0.0	1	7
582	3	0.0	1	3
583	6	0.0	1	6
584	7	0.0	1	7
585	7	0.0	1	7
586	4	0.0	1	4
587	5	0.0	1	5
588	11	0.0	1	11
589	4	0.0	1	4
590	7	0.0	1	7
591	14	0.0	1	14
592	6	0.0	1	6
594	5	0.0	1	5
595	3	0.0	1	3
596	2	0.0	1	2
597	7	0.0	1	7
598	4	0.0	1	3 1
599	5	0.0	1	5
600	7	0.0	1	7
601	2	0.0	1	2
602	5	0.0	1	5
603	4	0.0	1	3 1
604	4	0.0	1	4
605	1	0.0	1	1
606	10	0.0	1	10
607	6	0.0	1	6
608	2	0.0	1	2
610	4	0.0	1	4
611	4	0.0	1	4
612	7	0.0	1	6 1
613	4	0.0	1	4
614	7	0.0	1	7
615	7	0.0	1	7
616	2	0.0	1	2
617	6	0.0	1	6
618	9	0.0	1	9
619	4	0.0	1	4
620	4	0.0	1	4
621	5	0.0	1	5
622	3	0.0	1	3
623	4	0.0	1	4
624	6	0.0	1	6
625	2	0.0	1	2
626	3	0.0	1	3
627	4	0.0	1	4
628	1	0.0	1	1
629	8	0.0	1	8
630	5	0.0	1	4 1
631	2	0.0	1	2
632	2	0.0	1	2
633	3	0.0	1	3
634	3	0.0	1	3
635	3	0.0	1	3
636	6	0.0	1	6
637	2	0.0	1	2
638	1	0.0	1	1
639	6	0.0	1	6
640	3	0.0	1	3
641	7	0.0	1	7
642	3	0.0	1	3
643	2	0.0	1	2
644	4	0.0	1	3 1
645	6	0.0	1	6
646	6	0.0	1	6
647	6	0.0	1	6
648	3	0.0	1	3
649	2	0.0	1	2
650	3	0.0	1	3
651	3	0.0	1	3
652	3	0.0	1	3
653	5	0.0	1	5
654	7	0.0	1	7
655	9	0.0	1	9
656	9	0.0	1	9
657	5	0.0	1	5
658	14	0.0	1	14
659	11	0.0	1	11
660	8	0.0	1	8
661	4	0.0	1	4
662	1	0.0	1	1
663	6	0.0	1	6
664	1	0.0	1	1
665	1	0.0	1	1
666	3	0.0	1	3
667	5	0.0	1	5
668	7	0.0	1	7
669	7	0.0	1	7
670	9	0.0	1	9
671	2	0.0	1	2
672	9	0.0	1	9
673	3	0.0	1	3
674	2	0.0	1	2
675	3	0.0	1	3
676	3	0.0	1	3
677	4	0.0	1	4
678	3	0.0	1	3
679	1	0.0	1	1
680	1	0.0	1	1
681	5	0.0	1	5
682	9	0.0	1	9
683	3	0.0	1	3
684	1	0.0	1	1
685	3	0.0	1	3
686	7	0.0	1	7
687	3	0.0	1	3
688	3	0.0	1	3
689	3	0.0	1	2 1
690	2	0.0	1	2
691	5	0.0	1	5
692	8	0.0	1	8
693	2	0.0	1	2
694	2	0.0	1	2
695	1	0.0	1	1
696	9	0.0	1	9
697	9	0.0	1	9
698	3	0.0	1	3
699	8	0.0	1	8
700	6	0.0	1	6
701	14	0.0	1	14
702	13	0.0	1	13
703	27	0.0	1	27
704	13	0.0	1	12 1
705	5	0.0	1	5
706	3	0.0	1	2 1
707	6	0.0	1	6
708	2	0.0	1	2
709	4	0.0	1	4
710	3	0.0	1	3
711	4	0.0	1	4
712	1	0.0	1	1
713	2	0.0	1	2
714	1	0.0	1	1
715	4	0.0	1	4
716	1	0.0	1	1
717	1	0.0	1	1
718	1	0.0	1	1
719	3	0.0	1	3
720	1	0.0	1	1
721	3	0.0	1	3
722	2	0.0	1	2
723	3	0.0	1	3
724	4	0.0	1	4
725	5	0.0	1	5
726	3	0.0	1	3
727	2	0.0	1	2
729	3	0.0	1	3
730	3	0.0	1	3
731	1	0.0	1	1
732	7	0.0	1	6 1
733	8	0.0	1	7 1
734	1	0.0	1	1
735	6	0.0	1	6
736	7	0.0	1	7
737	6	0.0	1	6
738	2	0.0	1	2
739	3	0.0	1	3
740	3	0.0	1	3
741	6	0.0	1	6
742	4	0.0	1	4
743	7	0.0	1	7
744	6	0.0	1	6
745	10	0.0	1	10
746	10	0.0	1	10
747	11	0.0	1	11
748	20	0.0	1	20
749	15	0.0	1	15
750	10	0.0	1	10
751	13	0.0	1	13
752	27	0.0	1	26 1
753	14	0.0	1	14
754	16	0.0	1	16
755	13	0.0	1	13
756	4	0.0	1	4
757	4	0.0	1	4
758	3	0.0	1	3
759	7	0.0	1	7
760	6	0.0	1	6
761	5	0.0	1	5
762	5	0.0	1	5
763	10	0.0	1	10
764	8	0.0	1	8
765	6	0.0	1	6
766	4	0.0	1	3 1
767	8	0.0	1	8
768	9	0.0	1	9
769	15	0.0	1	14 1
770	15	0.0	1	15
771	16	0.0	1	16
772	16	0.0	1	16
773	13	0.0	1	13
774	9	0.0	1	9
775	8	0.0	1	7 1
776	2	0.0	1	2
777	6	0.0	1	5 1
778	4	0.0	1	4
779	6	0.0	1	6
780	7	0.0	1	7
781	2	0.0	1	1 1
782	2	0.0	1	2
783	2	0.0	1	2
784	3	0.0	1	3
785	2	0.0	1	2
786	8	0.0	1	8
787	1	0.0	1	1
788	4	0.0	1	4
789	2	0.0	1	2
790	3	0.0	1	3
791	5	0.0	1	5
792	5	0.0	1	5
793	2	0.0	1	1 1
794	4	0.0	1	4
795	2	0.0	1	2
796	4	0.0	1	4
797	2	0.0	1	2
798	6	0.0	1	5 1
799	2	0.0	1	2
800	5	0.0	1	5
801	8	0.0	1	8
802	10	0.0	1	10
803	20	0.0	1	20
804	21	0.0	1	21
805	12	0.0	1	12
806	2	0.0	1	2
807	8	0.0	1	8
808	4	0.0	1	4
809	2	0.0	1	2
810	5	0.0	1	4 1
812	2	0.0	1	2
813	1	0.0	1	1
814	1	0.0	1	1
815	5	0.0	1	5
816	3	0.0	1	3
817	4	0.0	1	3 1
818	5	0.0	1	5
819	6	0.0	1	6
820	10	0.0	1	10
821	6	0.0	1	6
822	4	0.0	1	4
823	6	0.0	1	6
824	5	0.0	1	5
825	5	0.0	1	5
826	5	0.0	1	5
827	1	0.0	1	1
828	5	0.0	1	5
829	2	0.0	1	2
830	2	0.0	1	2
831	2	0.0	1	2
832	3	0.0	1	3
833	1	0.0	1	1
834	2	0.0	1	2
835	2	0.0	1	2
837	2	0.0	1	2
838	2	0.0	1	2
839	1	0.0	1	1
841	1	0.0	1	1
842	2	0.0	1	2
843	1	0.0	1	1
844	6	0.0	1	6
845	6	0.0	1	6
846	3	0.0	1	3
847	3	0.0	1	3
848	2	0.0	1	2
849	6	0.0	1	6
850	4	0.0	1	4
851	5	0.0	1	5
852	4	0.0	1	4
853	4	0.0	1	4
854	12	0.0	1	12
855	8	0.0	1	8
856	12	0.0	1	12
857	15	0.0	1	15
858	15	0.0	1	15
859	31	0.0	1	30 1
860	29	0.0	1	28 1
861	19	0.0	1	19
862	9	0.0	1	9
863	11	0.0	1	11
864	9	0.0	1	9
865	5	0.0	1	5
866	5	0.0	1	5
867	2	0.0	1	2
869	1	0.0	1	1
870	3	0.0	1	3
871	4	0.0	1	4
872	8	0.0	1	8
873	3	0.0	1	3
874	5	0.0	1	5
875	10	0.0	1	9 1
876	9	0.0	1	9
877	12	0.0	1	11 1
878	7	0.0	1	7
879	11	0.0	1	11
880	11	0.0	1	11
881	13	0.0	1	13
882	10	0.0	1	10
883	12	0.0	1	12
884	17	0.0	1	17
885	26	0.0	1	26
886	18	0.0	1	18
887	12	0.0	1	12
888	15	0.0	1	15
889	8	0.0	1	8
890	6	0.0	1	6
891	3	0.0	1	3
892	3	0.0	1	3
893	3	0.0	1	2 1
894	2	0.0	1	2
895	4	0.0	1	3 1
896	3	0.0	1	3
897	5	0.0	1	5
898	5	0.0	1	5
899	5	0.0	1	4 1
900	6	0.0	1	5 1
901	15	0.0	1	15
902	13	0.0	1	12 1
903	9	0.0	1	9
904	13	0.0	1	13
905	12	0.0	1	12
906	11	0.0	1	11
907	22	0.0	1	22
908	7	0.0	1	7
909	13	0.0	1	13
910	12	0.0	1	12
911	10	0.0	1	10
912	3	0.0	1	3
913	11	0.0	1	11
914	14	0.0	1	14
915	11	0.0	1	11
916	7	0.0	1	7
917	8	0.0	1	8
918	9	0.0	1	9
919	5	0.0	1	4 1
920	6	0.0	1	6
921	6	0.0	1	5 1
922	3	0.0	1	3
923	3	0.0	1	3
924	5	0.0	1	5
925	3	0.0	1	3
926	4	0.0	1	4
927	6	0.0	1	6
928	12	0.0	1	12
929	8	0.0	1	7 1
930	7	0.0	1	7
931	12	0.0	1	12
932	14	0.0	1	13 1
933	27	0.0	1	26 1
934	22	0.0	1	22
935	12	0.0	1	12
936	28	0.0	1	28
937	14	0.0	1	14
938	10	0.0	1	10
939	11	0.0	1	10 1
940	13	0.0	1	13
941	12	0.0	1	12
942	3	0.0	1	3
943	9	0.0	1	9
944	2	0.0	1	2
945	6	0.0	1	6
946	2	0.0	1	2
947	6	0.0	1	6
948	7	0.0	1	7
949	8	0.0	1	8
950	3	0.0	1	3
951	8	0.0	1	8
952	1	0.0	1	1
953	1	0.0	1	1
954	7	0.0	1	7
955	6	0.0	1	6
956	7	0.0	1	7
957	6	0.0	1	6
958	9	0.0	1	9
959	7	0.0	1	7
960	11	0.0	1	10 1
961	16	0.0	1	16
962	6	0.0	1	6
963	7	0.0	1	7
964	6	0.0	1	6
965	6	0.0	1	5 1
966	4	0.0	1	4
967	5	0.0	1	5
968	5	0.0	1	5
969	2	0.0	1	2
970	7	0.0	1	6 1
971	2	0.0	1	2
972	5	0.0	1	4 1
973	5	0.0	1	5
974	2	0.0	1	2
975	3	0.0	1	3
976	2	0.0	1	2
977	3	0.0	1	3
978	8	0.0	1	8
979	9	0.0	1	9
980	9	0.0	1	9
981	8	0.0	1	8
982	6	0.0	1	6
983	3	0.0	1	3
984	9	0.0	1	9
985	5	0.0	1	5
986	7	0.0	1	7
987	3	0.0	1	3
988	5	0.0	1	5
989	6	0.0	1	6
990	7	0.0	1	7
991	6	0.0	1	6
992	7	0.0	1	7
993	6	0.0	1	6
994	8	0.0	1	8
995	8	0.0	1	8
996	8	0.0	1	8
997	6	0.0	1	6
998	3	0.0	1	3
999	9	0.0	1	9
1000	8	0.0	1	8
1001	8	0.0	1	8
1002	4	0.0	1	4
1003	9	0.0	1	9
1004	6	0.0	1	6
1005	8	0.0	1	8
1006	9	0.0	1	9
1007	4	0.0	1	4
1008	6	0.0	1	6
1009	9	0.0	1	8 1
1010	6	0.0	1	6
1011	7	0.0	1	7
1012	11	0.0	1	11
1013	5	0.0	1	5
1014	5	0.0	1	5
1015	8	0.0	1	8
1016	3	0.0	1	3
1017	2	0.0	1	2
1018	7	0.0	1	7
1019	3	0.0	1	3
1020	6	0.0	1	6
1021	8	0.0	1	8
1022	5	0.0	1	5
1023	5	0.0	1	5
1024	5	0.0	1	5
1025	4	0.0	1	4
1026	3	0.0	1	3
1027	5	0.0	1	5
1028	7	0.0	1	7
1029	10	0.0	1	10
1030	5	0.0	1	5
1031	5	0.0	1	5
1032	4	0.0	1	4
1033	6	0.0	1	6
1034	5	0.0	1	5
1035	8	0.0	1	8
1036	5	0.0	1	5
1037	8	0.0	1	8
1038	12	0.0	1	12
1039	4	0.0	1	4
1040	5	0.0	1	5
1041	5	0.0	1	5
1042	4	0.0	1	4
1043	5	0.0	1	5
1044	9	0.0	1	8 1
1045	2	0.0	1	2
1046	6	0.0	1	6
1047	1	0.0	1	1
1048	1	0.0	1	1
1049	4	0.0	1	4
1050	5	0.0	1	5
1051	1	0.0	1	1
1052	6	0.0	1	6
1053	3	0.0	1	2 1
1054	3	0.0	1	3
1055	8	0.0	1	8
1056	4	0.0	1	4
1057	3	0.0	1	3
1058	5	0.0	1	5
1059	2	0.0	1	2
1060	10	0.0	1	9 1
1061	10	0.0	1	10
1062	2	0.0	1	2
1063	8	0.0	1	8
1064	2	0.0	1	2
1065	3	0.0	1	3
1066	2	0.0	1	2
1067	1	0.0	1	1
1068	2	0.0	1	2
1069	2	0.0	1	2
1070	3	0.0	1	3
1071	7	0.0	1	7
1072	5	0.0	1	5
1073	3	0.0	1	3
1074	5	0.0	1	5
1075	2	0.0	1	2
1076	6	0.0	1	6
1077	1	0.0	1	1
1078	2	0.0	1	2
1080	5	0.0	1	4 1
1081	1	0.0	1	1
1082	5	0.0	1	5
1083	3	0.0	1	3
1084	1	0.0	1	1
1085	5	0.0	1	5
1086	4	0.0	1	4
1087	7	0.0	1	7
1088	8	0.0	1	8
1089	4	0.0	1	4
1090	9	0.0	1	9
1091	2	0.0	1	2
1092	2	0.0	1	2
1093	4	0.0	1	4
1094	3	0.0	1	3
1095	3	0.0	1	3
1096	3	0.0	1	3
1097	5	0.0	1	5
1098	3	0.0	1	3
1099	1	0.0	1	1
1100	4	0.0	1	4
1101	3	0.0	1	3
1102	4	0.0	1	4
1103	3	0.0	1	3
1105	2	0.0	1	2
1106	6	0.0	1	6
1107	2	0.0	1	2
1108	2	0.0	1	2
1109	3	0.0	1	3
1110	4	0.0	1	3 1
1111	3	0.0	1	3
1112	6	0.0	1	6
1113	2	0.0	1	2
1114	4	0.0	1	4
1115	3	0.0	1	3
1116	9	0.0	1	9
1117	5	0.0	1	5
1118	5	0.0	1	5
1119	4	0.0	1	4
1120	5	0.0	1	5
1121	8	0.0	1	8
1122	9	0.0	1	9
1123	7	0.0	1	7
1124	6	0.0	1	6
1125	3	0.0	1	3
1126	4	0.0	1	4
1127	2	0.0	1	2
1128	4	0.0	1	4
1129	5	0.0	1	5
1130	3	0.0	1	3
1131	4	0.0	1	4
1132	1	0.0	1	1
1133	2	0.0	1	2
1134	2	0.0	1	2
1135	3	0.0	1	3
1136	5	0.0	1	5
1137	1	0.0	1	1
1138	2	0.0	1	2
1139	3	0.0	1	3
1140	1	0.0	1	1
1141	3	0.0	1	3
1142	3	0.0	1	3
1143	2	0.0	1	2
1144	4	0.0	1	3 1
1145	8	0.0	1	8
1146	7	0.0	1	7
1147	1	0.0	1	1
1148	7	0.0	1	7
1149	13	0.0	1	13
1150	9	0.0	1	8 1
1151	6	0.0	1	6
1152	10	0.0	1	10
1153	7	0.0	1	7
1154	6	0.0	1	6
1155	6	0.0	1	6
1156	5	0.0	1	5
1157	7	0.0	1	6 1
1158	1	0.0	1	1
1159	4	0.0	1	4
1160	3	0.0	1	2 1
1161	3	0.0	1	3
1162	4	0.0	1	4
1163	4	0.0	1	4
1164	1	0.0	1	1
1165	1	0.0	1	1
1166	5	0.0	1	5
1167	1	0.0	1	1
1168	4	0.0	1	4
1169	3	0.0	1	3
1170	3	0.0	1	3
1171	1	0.0	1	1
1172	6	0.0	1	6
1173	5	0.0	1	5
1175	9	0.0	1	9
1176	5	0.0	1	5
1177	3	0.0	1	3
1178	7	0.0	1	7
1179	6	0.0	1	6
1180	3	0.0	1	3
1181	4	0.0	1	4
1182	8	0.0	1	8
1183	2	0.0	1	2
1184	5	0.0	1	5
1185	1	0.0	1	1
1186	4	0.0	1	4
1187	2	0.0	1	2
1188	5	0.0	1	5
1189	4	0.0	1	3 1
1190	5	0.0	1	5
1191	7	0.0	1	6 1
1192	1	0.0	1	1
1193	4	0.0	1	4
1194	1	0.0	1	1
1195	3	0.0	1	3
1196	2	0.0	1	2
1197	3	0.0	1	3
1198	1	0.0	1	1
1199	4	0.0	1	4
1200	2	0.0	1	2
1201	5	0.0	1	5
1202	4	0.0	1	4
1203	4	0.0	1	4
1204	6	0.0	1	6
1205	9	0.0	1	9
1206	6	0.0	1	6
1207	6	0.0	1	6
1208	2	0.0	1	2
1209	6	0.0	1	6
1210	7	0.0	1	7
1211	3	0.0	1	3
1212	1	0.0	1	1
1213	3	0.0	1	3
1214	7	0.0	1	7
1215	10	0.0	1	10
1216	1	0.0	1	1
1217	5	0.0	1	5
1219	5	0.0	1	5
1220	2	0.0	1	2
1221	3	0.0	1	3
1222	4	0.0	1	4
1224	3	0.0	1	3
1225	3	0.0	1	3
1226	3	0.0	1	3
1227	6	0.0	1	6
1228	3	0.0	1	3
1229	6	0.0	1	6
1230	5	0.0	1	5
1231	1	0.0	1	1
1232	3	0.0	1	3
1233	4	0.0	1	4
1234	5	0.0	1	5
1235	7	0.0	1	7
1236	6	0.0	1	6
1237	4	0.0	1	4
1238	4	0.0	1	4
1239	4	0.0	1	3 1
1240	4	0.0	1	4
1241	6	0.0	1	6
1243	3	0.0	1	3
1244	3	0.0	1	3
1245	6	0.0	1	6
1246	5	0.0	1	5
1247	5	0.0	1	5
1248	3	0.0	1	3
1249	2	0.0	1	2
1250	3	0.0	1	3
1251	3	0.0	1	3
1252	3	0.0	1	3
1253	3	0.0	1	3
1254	2	0.0	1	2
1255	2	0.0	1	2
1256	5	0.0	1	5
1257	2	0.0	1	2
1258	5	0.0	1	5
1260	3	0.0	1	3
1261	1	0.0	1	1
1262	6	0.0	1	6
1263	3	0.0	1	3
1264	4	0.0	1	4
1265	2	0.0	1	2
1266	4	0.0	1	4
1267	1	0.0	1	1
1268	3	0.0	1	3
1270	4	0.0	1	3 1
1271	1	0.0	1	1
1272	2	0.0	1	2
1273	4	0.0	1	4
1274	2	0.0	1	2
1275	5	0.0	1	5
1277	3	0.0	1	3
1278	3	0.0	1	3
1279	3	0.0	1	3
1280	2	0.0	1	2
1281	4	0.0	1	4
1282	5	0.0	1	5
1283	4	0.0	1	4
1284	2	0.0	1	2
1285	3	0.0	1	3
1286	2	0.0	1	2
1287	3	0.0	1	3
1288	5	0.0	1	5
1289	2	0.0	1	2
1290	1	0.0	1	1
1291	3	0.0	1	3
1292	6	0.0	1	5 1
1293	4	0.0	1	4
1294	3	0.0	1	3
1295	3	0.0	1	3
1296	3	0.0	1	3
1297	3	0.0	1	3
1298	4	0.0	1	4
1299	2	0.0	1	2
1300	6	0.0	1	6
1301	2	0.0	1	2
1302	1	0.0	1	1
1303	3	0.0	1	3
1304	6	0.0	1	6
1305	2	0.0	1	2
1306	2	0.0	1	2
1307	4	0.0	1	4
1309	2	0.0	1	2
1310	1	0.0	1	1
1311	2	0.0	1	2
1312	1	0.0	1	1
1313	2	0.0	1	2
1315	1	0.0	1	1
1316	1	0.0	1	1
1317	2	0.0	1	1 1
1318	1	0.0	1	1
1319	3	0.0	1	3
1320	3	0.0	1	3
1322	1	0.0	1	1
1323	1	0.0	1	1
1325	1	0.0	1	1
1326	2	0.0	1	2
1327	1	0.0	1	1
1328	2	0.0	1	2
1329	4	0.0	1	4
1330	1	0.0	1	1
1333	3	0.0	1	3
1334	3	0.0	1	3
1335	3	0.0	1	3
1336	2	0.0	1	2
1338	3	0.0	1	3
1339	1	0.0	1	1
1340	4	0.0	1	4
1341	1	0.0	1	1
1342	1	0.0	1	1
1343	1	0.0	1	1
1344	4	0.0	1	4
1345	2	0.0	1	2
1346	1	0.0	1	1
1347	1	0.0	1	1
1348	1	0.0	1	1
1349	4	0.0	1	4
1350	2	0.0	1	2
1351	3	0.0	1	3
1352	4	0.0	1	4
1353	1	0.0	1	1
1356	6	0.0	1	5 1
1358	2	0.0	1	2
1359	5	0.0	1	5
1362	1	0.0	1	1
1364	1	0.0	1	1
1368	1	0.0	1	1
1369	7	0.0	1	7
1370	1	0.0	1	1
1371	2	0.0	1	2
1375	1	0.0	1	1
1377	1	0.0	1	0 1
1378	3	0.0	1	3
1379	2	0.0	1	2
1381	3	0.0	1	3
1382	2	0.0	1	2
1383	3	0.0	1	3
1386	2	0.0	1	2
1389	1	0.0	1	1
1390	3	0.0	1	3
1391	4	0.0	1	4
1392	2	0.0	1	2
1393	1	0.0	1	1
1395	2	0.0	1	2
1396	3	0.0	1	3
1397	2	0.0	1	2
1398	2	0.0	1	2
1399	2	0.0	1	2
1400	4	0.0	1	4
1401	4	0.0	1	4
1403	2	0.0	1	2
1404	3	0.0	1	3
1405	3	0.0	1	3
1406	1	0.0	1	1
1408	1	0.0	1	1
1411	1	0.0	1	1
1412	3	0.0	1	3
1415	1	0.0	1	1
1416	1	0.0	1	1
1418	2	0.0	1	2
1419	2	0.0	1	2
1420	1	0.0	1	1
1421	3	0.0	1	3
1422	1	0.0	1	1
1424	2	0.0	1	2
1426	1	0.0	1	1
1427	2	0.0	1	2
1432	1	0.0	1	1
1433	2	0.0	1	2
1434	1	0.0	1	1
1435	3	0.0	1	3
1436	1	0.0	1	1
1437	2	0.0	1	2
1438	2	0.0	1	2
1439	1	0.0	1	1
1440	1	0.0	1	1
1441	1	0.0	1	1
1444	1	0.0	1	1
1445	2	0.0	1	2
1446	2	0.0	1	2
1448	2	0.0	1	2
1449	8	0.0	1	8
1450	2	0.0	1	2
1451	1	0.0	1	1
1452	1	0.0	1	1
1454	1	0.0	1	1
1455	1	0.0	1	1
1456	1	0.0	1	1
1457	1	0.0	1	1
1458	1	0.0	1	1
1459	1	0.0	1	1
1463	1	0.0	1	1
1464	1	0.0	1	1
1467	2	0.0	1	2
1468	3	0.0	1	3
1471	1	0.0	1	1
1472	4	0.0	1	4
1473	1	0.0	1	1
1475	1	0.0	1	1
1476	2	0.0	1	2
1478	2	0.0	1	2
1480	4	0.0	1	4
1482	1	0.0	1	1
1485	2	0.0	1	2
1487	1	0.0	1	1
1488	1	0.0	1	1
1490	2	0.0	1	2
1493	2	0.0	1	2
1497	5	0.0	1	5
1498	2	0.0	1	2
1499	1	0.0	1	1
1501	1	0.0	1	1
1502	3	0.0	1	3
1503	3	0.0	1	3
1504	3	0.0	1	3
1505	2	0.0	1	2
1507	3	0.0	1	3
1508	1	0