This is cutadapt 5.0 with Python 3.10.14
Command line parameters: -j 10 -a file:HBV_primer.fasta --discard-untrimmed -m 150 -M 1200 -q 10 -o barcode04_trim_reads.fastq.gz barcode04.fastq
Processing single-end reads on 10 cores ...

=== Summary ===

Total reads processed:                  31,796
Reads with adapters:                    29,693 (93.4%)

== Read fate breakdown ==
Reads that were too short:              28,245 (88.8%)
Reads that were too long:                1,258 (4.0%)
Reads discarded as untrimmed:            1,310 (4.1%)
Reads written (passing filters):           983 (3.1%)

Total basepairs processed:   101,088,116 bp
Quality-trimmed:                 147,185 bp (0.1%)
Total written (filtered):        363,948 bp (0.4%)

=== Adapter P1bis ===

Sequence: TTCACCTCTGCCTAATCA; Type: regular 3'; Length: 18; Trimmed: 1150 times

Minimum overlap: 3
No. of allowed errors:
1-9 bp: 0; 10-18 bp: 1

Bases preceding removed adapters:
  A: 0.5%
  C: 23.8%
  G: 5.2%
  T: 69.0%
  none/other: 1.4%

Overview of removed sequences
length	count	expect	max.err	error counts
3	22	496.8	0	22
4	23	124.2	0	23
5	1	31.1	0	1
6	13	7.8	0	13
7	3	1.9	0	3
10	26	0.0	1	1 25
11	1	0.0	1	0 1
12	3	0.0	1	1 2
13	24	0.0	1	17 7
14	1	0.0	1	0 1
17	1	0.0	1	0 1
21	1	0.0	1	0 1
22	1	0.0	1	0 1
23	1	0.0	1	0 1
24	2	0.0	1	0 2
25	4	0.0	1	0 4
27	1	0.0	1	0 1
29	1	0.0	1	0 1
30	7	0.0	1	0 7
33	2	0.0	1	0 2
35	2	0.0	1	0 2
37	3	0.0	1	0 3
38	2	0.0	1	0 2
40	4	0.0	1	0 4
42	2	0.0	1	0 2
43	1	0.0	1	0 1
44	1	0.0	1	0 1
45	1	0.0	1	0 1
47	4	0.0	1	0 4
48	1	0.0	1	0 1
53	2	0.0	1	0 2
54	3	0.0	1	1 2
55	2	0.0	1	0 2
57	3	0.0	1	0 3
58	6	0.0	1	0 6
59	1	0.0	1	0 1
60	2	0.0	1	0 2
63	1	0.0	1	0 1
64	1	0.0	1	0 1
65	3	0.0	1	0 3
66	2	0.0	1	0 2
67	1	0.0	1	0 1
68	4	0.0	1	0 4
71	1	0.0	1	0 1
72	3	0.0	1	0 3
73	1	0.0	1	0 1
74	3	0.0	1	0 3
75	1	0.0	1	0 1
76	1	0.0	1	0 1
79	1	0.0	1	0 1
81	3	0.0	1	0 3
82	1	0.0	1	0 1
83	3	0.0	1	0 3
84	1	0.0	1	0 1
85	3	0.0	1	0 3
86	1	0.0	1	0 1
87	1	0.0	1	0 1
88	1	0.0	1	0 1
89	1	0.0	1	0 1
90	2	0.0	1	0 2
91	5	0.0	1	0 5
92	3	0.0	1	0 3
93	2	0.0	1	0 2
95	2	0.0	1	0 2
96	3	0.0	1	1 2
98	1	0.0	1	0 1
99	1	0.0	1	0 1
101	2	0.0	1	0 2
102	2	0.0	1	0 2
103	1	0.0	1	0 1
104	3	0.0	1	0 3
105	4	0.0	1	0 4
106	4	0.0	1	0 4
107	1	0.0	1	0 1
108	2	0.0	1	0 2
109	3	0.0	1	0 3
110	3	0.0	1	0 3
111	2	0.0	1	0 2
114	2	0.0	1	1 1
115	3	0.0	1	1 2
116	2	0.0	1	0 2
117	5	0.0	1	0 5
118	1	0.0	1	0 1
119	2	0.0	1	0 2
122	1	0.0	1	0 1
123	2	0.0	1	0 2
124	1	0.0	1	0 1
125	1	0.0	1	0 1
126	1	0.0	1	0 1
127	1	0.0	1	0 1
128	2	0.0	1	0 2
129	2	0.0	1	0 2
130	3	0.0	1	0 3
131	3	0.0	1	0 3
132	2	0.0	1	0 2
133	2	0.0	1	0 2
134	4	0.0	1	0 4
135	1	0.0	1	0 1
136	1	0.0	1	0 1
138	1	0.0	1	0 1
139	2	0.0	1	0 2
140	2	0.0	1	0 2
141	1	0.0	1	0 1
142	4	0.0	1	0 4
143	1	0.0	1	0 1
145	2	0.0	1	0 2
147	2	0.0	1	0 2
149	2	0.0	1	0 2
150	1	0.0	1	0 1
152	1	0.0	1	0 1
153	1	0.0	1	0 1
154	2	0.0	1	1 1
155	3	0.0	1	1 2
157	1	0.0	1	0 1
158	1	0.0	1	0 1
159	1	0.0	1	0 1
161	1	0.0	1	0 1
162	3	0.0	1	0 3
163	1	0.0	1	0 1
164	2	0.0	1	0 2
165	1	0.0	1	0 1
166	2	0.0	1	0 2
167	1	0.0	1	0 1
168	3	0.0	1	0 3
170	2	0.0	1	0 2
171	1	0.0	1	0 1
173	2	0.0	1	1 1
174	2	0.0	1	0 2
175	1	0.0	1	0 1
176	3	0.0	1	0 3
177	5	0.0	1	0 5
178	5	0.0	1	0 5
179	5	0.0	1	0 5
180	5	0.0	1	0 5
182	1	0.0	1	0 1
183	1	0.0	1	0 1
184	4	0.0	1	0 4
185	1	0.0	1	0 1
186	1	0.0	1	0 1
187	3	0.0	1	1 2
188	2	0.0	1	0 2
189	2	0.0	1	0 2
190	2	0.0	1	0 2
191	3	0.0	1	0 3
193	1	0.0	1	1
194	2	0.0	1	0 2
195	2	0.0	1	0 2
196	1	0.0	1	0 1
198	3	0.0	1	0 3
199	2	0.0	1	0 2
200	4	0.0	1	0 4
201	1	0.0	1	0 1
202	4	0.0	1	0 4
203	4	0.0	1	0 4
204	1	0.0	1	0 1
205	2	0.0	1	0 2
206	2	0.0	1	1 1
207	1	0.0	1	0 1
208	3	0.0	1	0 3
209	4	0.0	1	0 4
210	3	0.0	1	0 3
211	2	0.0	1	0 2
212	3	0.0	1	0 3
214	3	0.0	1	0 3
215	5	0.0	1	0 5
218	2	0.0	1	0 2
219	1	0.0	1	0 1
221	3	0.0	1	0 3
222	2	0.0	1	0 2
223	1	0.0	1	0 1
224	1	0.0	1	0 1
225	3	0.0	1	0 3
226	1	0.0	1	0 1
227	4	0.0	1	0 4
228	2	0.0	1	0 2
230	1	0.0	1	0 1
231	1	0.0	1	0 1
232	2	0.0	1	0 2
233	1	0.0	1	0 1
234	2	0.0	1	0 2
235	1	0.0	1	0 1
236	3	0.0	1	0 3
237	2	0.0	1	0 2
238	3	0.0	1	0 3
239	1	0.0	1	0 1
240	4	0.0	1	0 4
243	2	0.0	1	0 2
244	1	0.0	1	0 1
245	1	0.0	1	0 1
247	1	0.0	1	0 1
248	3	0.0	1	0 3
249	1	0.0	1	0 1
250	1	0.0	1	0 1
251	2	0.0	1	0 2
254	2	0.0	1	0 2
255	1	0.0	1	0 1
256	3	0.0	1	0 3
257	4	0.0	1	0 4
258	3	0.0	1	0 3
259	1	0.0	1	0 1
260	1	0.0	1	0 1
261	3	0.0	1	0 3
262	1	0.0	1	0 1
263	2	0.0	1	1 1
264	3	0.0	1	0 3
265	6	0.0	1	1 5
266	3	0.0	1	0 3
267	2	0.0	1	0 2
268	2	0.0	1	0 2
269	3	0.0	1	0 3
270	4	0.0	1	0 4
271	1	0.0	1	0 1
272	1	0.0	1	0 1
275	5	0.0	1	0 5
277	1	0.0	1	0 1
278	7	0.0	1	0 7
279	8	0.0	1	1 7
280	3	0.0	1	0 3
281	2	0.0	1	0 2
282	3	0.0	1	0 3
283	2	0.0	1	0 2
286	1	0.0	1	0 1
288	1	0.0	1	0 1
289	2	0.0	1	1 1
290	1	0.0	1	0 1
291	1	0.0	1	0 1
292	2	0.0	1	0 2
294	2	0.0	1	0 2
295	3	0.0	1	0 3
297	1	0.0	1	0 1
298	4	0.0	1	0 4
299	2	0.0	1	0 2
300	1	0.0	1	0 1
301	1	0.0	1	0 1
302	1	0.0	1	0 1
303	2	0.0	1	0 2
304	2	0.0	1	0 2
305	1	0.0	1	0 1
306	3	0.0	1	0 3
307	3	0.0	1	0 3
309	2	0.0	1	0 2
310	2	0.0	1	0 2
311	1	0.0	1	0 1
312	4	0.0	1	0 4
313	1	0.0	1	0 1
314	2	0.0	1	0 2
315	1	0.0	1	0 1
317	4	0.0	1	0 4
318	1	0.0	1	0 1
324	1	0.0	1	0 1
325	2	0.0	1	0 2
327	1	0.0	1	0 1
328	1	0.0	1	0 1
329	2	0.0	1	0 2
330	3	0.0	1	0 3
331	2	0.0	1	1 1
333	5	0.0	1	0 5
334	1	0.0	1	0 1
335	1	0.0	1	0 1
336	1	0.0	1	0 1
337	2	0.0	1	0 2
339	3	0.0	1	0 3
340	2	0.0	1	0 2
341	1	0.0	1	0 1
342	1	0.0	1	0 1
343	1	0.0	1	0 1
345	1	0.0	1	0 1
347	1	0.0	1	0 1
348	1	0.0	1	0 1
349	2	0.0	1	0 2
350	1	0.0	1	0 1
351	1	0.0	1	0 1
352	1	0.0	1	0 1
353	3	0.0	1	0 3
354	1	0.0	1	0 1
355	4	0.0	1	0 4
356	3	0.0	1	0 3
357	1	0.0	1	0 1
358	2	0.0	1	0 2
359	3	0.0	1	0 3
361	1	0.0	1	0 1
364	1	0.0	1	0 1
365	4	0.0	1	0 4
366	3	0.0	1	0 3
367	3	0.0	1	0 3
369	1	0.0	1	0 1
370	2	0.0	1	0 2
371	2	0.0	1	0 2
372	1	0.0	1	0 1
373	3	0.0	1	0 3
374	2	0.0	1	0 2
375	2	0.0	1	0 2
376	4	0.0	1	0 4
380	1	0.0	1	0 1
381	4	0.0	1	0 4
382	3	0.0	1	0 3
384	2	0.0	1	0 2
385	1	0.0	1	0 1
386	3	0.0	1	0 3
389	3	0.0	1	0 3
390	2	0.0	1	0 2
391	1	0.0	1	0 1
392	2	0.0	1	0 2
393	1	0.0	1	0 1
394	2	0.0	1	0 2
395	1	0.0	1	0 1
396	1	0.0	1	0 1
397	1	0.0	1	0 1
398	2	0.0	1	0 2
401	3	0.0	1	1 2
402	1	0.0	1	0 1
403	1	0.0	1	1
404	2	0.0	1	0 2
405	1	0.0	1	0 1
406	1	0.0	1	0 1
408	2	0.0	1	0 2
409	3	0.0	1	1 2
411	2	0.0	1	0 2
412	1	0.0	1	0 1
413	1	0.0	1	0 1
414	1	0.0	1	0 1
416	1	0.0	1	0 1
417	2	0.0	1	0 2
418	1	0.0	1	0 1
421	2	0.0	1	0 2
422	1	0.0	1	0 1
425	2	0.0	1	0 2
426	4	0.0	1	0 4
427	2	0.0	1	0 2
428	4	0.0	1	0 4
429	2	0.0	1	0 2
431	2	0.0	1	0 2
433	2	0.0	1	0 2
436	1	0.0	1	0 1
437	2	0.0	1	0 2
438	3	0.0	1	0 3
439	2	0.0	1	0 2
440	1	0.0	1	0 1
441	1	0.0	1	0 1
442	1	0.0	1	0 1
443	3	0.0	1	0 3
445	4	0.0	1	0 4
446	1	0.0	1	0 1
447	1	0.0	1	0 1
448	2	0.0	1	0 2
450	1	0.0	1	0 1
451	2	0.0	1	0 2
452	1	0.0	1	0 1
453	1	0.0	1	0 1
454	2	0.0	1	0 2
455	2	0.0	1	1 1
456	1	0.0	1	0 1
460	2	0.0	1	0 2
462	2	0.0	1	0 2
463	1	0.0	1	0 1
466	5	0.0	1	0 5
467	1	0.0	1	0 1
468	3	0.0	1	0 3
470	1	0.0	1	0 1
472	1	0.0	1	0 1
473	2	0.0	1	0 2
474	2	0.0	1	0 2
477	1	0.0	1	0 1
481	2	0.0	1	0 2
485	1	0.0	1	0 1
486	3	0.0	1	0 3
487	1	0.0	1	0 1
492	1	0.0	1	0 1
495	1	0.0	1	0 1
497	1	0.0	1	0 1
498	2	0.0	1	0 2
499	1	0.0	1	0 1
501	1	0.0	1	0 1
503	2	0.0	1	0 2
504	2	0.0	1	0 2
505	1	0.0	1	0 1
507	1	0.0	1	0 1
509	1	0.0	1	0 1
511	1	0.0	1	0 1
512	1	0.0	1	0 1
514	1	0.0	1	0 1
515	2	0.0	1	0 2
516	1	0.0	1	0 1
518	1	0.0	1	0 1
520	1	0.0	1	0 1
521	1	0.0	1	0 1
522	1	0.0	1	0 1
524	1	0.0	1	0 1
528	4	0.0	1	0 4
529	1	0.0	1	0 1
530	1	0.0	1	0 1
531	3	0.0	1	0 3
535	3	0.0	1	0 3
539	2	0.0	1	0 2
541	3	0.0	1	0 3
543	2	0.0	1	0 2
544	1	0.0	1	0 1
546	1	0.0	1	0 1
549	1	0.0	1	0 1
552	1	0.0	1	0 1
554	1	0.0	1	0 1
555	1	0.0	1	0 1
556	3	0.0	1	0 3
565	2	0.0	1	0 2
566	1	0.0	1	0 1
568	2	0.0	1	0 2
569	2	0.0	1	0 2
570	2	0.0	1	0 2
572	2	0.0	1	0 2
574	2	0.0	1	0 2
575	1	0.0	1	0 1
576	1	0.0	1	0 1
579	1	0.0	1	0 1
580	1	0.0	1	0 1
582	1	0.0	1	0 1
583	2	0.0	1	0 2
584	1	0.0	1	0 1
585	1	0.0	1	0 1
586	1	0.0	1	0 1
587	3	0.0	1	0 3
588	1	0.0	1	0 1
590	2	0.0	1	0 2
591	1	0.0	1	0 1
593	1	0.0	1	0 1
596	1	0.0	1	0 1
598	2	0.0	1	0 2
599	1	0.0	1	0 1
603	2	0.0	1	0 2
608	2	0.0	1	0 2
611	1	0.0	1	0 1
617	1	0.0	1	0 1
621	2	0.0	1	0 2
623	1	0.0	1	0 1
625	1	0.0	1	0 1
626	1	0.0	1	0 1
627	1	0.0	1	0 1
628	1	0.0	1	0 1
630	1	0.0	1	0 1
632	2	0.0	1	0 2
633	1	0.0	1	1
636	1	0.0	1	0 1
638	2	0.0	1	0 2
639	1	0.0	1	0 1
641	2	0.0	1	0 2
642	1	0.0	1	0 1
643	1	0.0	1	0 1
649	1	0.0	1	0 1
650	2	0.0	1	0 2
651	1	0.0	1	0 1
653	1	0.0	1	0 1
654	1	0.0	1	0 1
656	1	0.0	1	0 1
661	1	0.0	1	0 1
662	1	0.0	1	0 1
664	1	0.0	1	0 1
666	1	0.0	1	0 1
672	1	0.0	1	0 1
674	1	0.0	1	0 1
677	1	0.0	1	0 1
678	1	0.0	1	0 1
679	1	0.0	1	0 1
680	1	0.0	1	0 1
681	1	0.0	1	0 1
684	1	0.0	1	0 1
685	1	0.0	1	0 1
689	1	0.0	1	0 1
692	1	0.0	1	0 1
693	1	0.0	1	0 1
696	1	0.0	1	0 1
700	1	0.0	1	0 1
704	1	0.0	1	0 1
705	1	0.0	1	0 1
706	2	0.0	1	0 2
707	1	0.0	1	0 1
712	1	0.0	1	0 1
713	1	0.0	1	0 1
714	3	0.0	1	0 3
716	2	0.0	1	0 2
717	1	0.0	1	0 1
726	1	0.0	1	1
728	1	0.0	1	0 1
729	1	0.0	1	0 1
730	1	0.0	1	0 1
734	1	0.0	1	0 1
737	1	0.0	1	0 1
738	2	0.0	1	0 2
739	1	0.0	1	0 1
744	1	0.0	1	0 1
745	2	0.0	1	0 2
746	1	0.0	1	0 1
749	1	0.0	1	0 1
755	3	0.0	1	0 3
756	1	0.0	1	0 1
757	1	0.0	1	0 1
758	1	0.0	1	0 1
759	1	0.0	1	0 1
766	2	0.0	1	0 2
768	1	0.0	1	0 1
777	1	0.0	1	0 1
780	2	0.0	1	0 2
781	1	0.0	1	0 1
787	1	0.0	1	0 1
791	1	0.0	1	0 1
792	1	0.0	1	0 1
793	1	0.0	1	0 1
795	2	0.0	1	0 2
807	1	0.0	1	0 1
810	1	0.0	1	0 1
811	1	0.0	1	0 1
815	1	0.0	1	0 1
821	1	0.0	1	0 1
823	1	0.0	1	0 1
827	1	0.0	1	0 1
832	2	0.0	1	0 2
836	2	0.0	1	0 2
838	1	0.0	1	0 1
839	1	0.0	1	0 1
841	1	0.0	1	0 1
844	1	0.0	1	0 1
845	1	0.0	1	0 1
848	1	0.0	1	0 1
854	1	0.0	1	0 1
870	1	0.0	1	0 1
876	1	0.0	1	0 1
889	1	0.0	1	0 1
900	1	0.0	1	0 1
902	1	0.0	1	0 1
903	1	0.0	1	0 1
905	1	0.0	1	0 1
906	1	0.0	1	0 1
929	1	0.0	1	0 1
939	1	0.0	1	0 1
942	1	0.0	1	0 1
944	1	0.0	1	0 1
956	1	0.0	1	0 1
959	1	0.0	1	0 1
966	1	0.0	1	0 1
967	1	0.0	1	0 1
968	1	0.0	1	0 1
975	1	0.0	1	0 1
977	1	0.0	1	0 1
980	1	0.0	1	0 1
987	1	0.0	1	0 1
993	1	0.0	1	0 1
1003	1	0.0	1	0 1
1010	1	0.0	1	0 1
1018	1	0.0	1	0 1
1025	1	0.0	1	0 1
1029	1	0.0	1	0 1
1033	1	0.0	1	0 1
1045	1	0.0	1	0 1
1050	1	0.0	1	0 1
1053	1	0.0	1	0 1
1054	1	0.0	1	0 1
1062	1	0.0	1	0 1
1075	1	0.0	1	0 1
1078	2	0.0	1	0 2
1103	1	0.0	1	0 1
1111	1	0.0	1	0 1
1143	1	0.0	1	0 1
1161	1	0.0	1	0 1
1172	1	0.0	1	0 1
1174	1	0.0	1	0 1
1225	1	0.0	1	0 1
1227	1	0.0	1	0 1
1232	1	0.0	1	0 1
1233	1	0.0	1	0 1
1252	1	0.0	1	0 1
1256	1	0.0	1	1
1263	1	0.0	1	0 1
1294	1	0.0	1	0 1
1326	1	0.0	1	0 1
1344	1	0.0	1	1
1405	1	0.0	1	0 1
1445	1	0.0	1	0 1
1465	2	0.0	1	0 2
1500	1	0.0	1	0 1
1758	1	0.0	1	1
1760	2	0.0	1	2
1915	1	0.0	1	1
2039	1	0.0	1	0 1
2174	1	0.0	1	0 1
2229	1	0.0	1	0 1
2648	1	0.0	1	0 1
2824	1	0.0	1	0 1
2850	1	0.0	1	0 1
3057	1	0.0	1	0 1
3077	1	0.0	1	0 1
3135	1	0.0	1	1
3151	1	0.0	1	0 1
3155	1	0.0	1	0 1
3162	1	0.0	1	0 1
3172	1	0.0	1	0 1
3190	1	0.0	1	0 1
3197	1	0.0	1	0 1
3200	1	0.0	1	0 1
3208	1	0.0	1	0 1
3211	1	0.0	1	0 1
3214	1	0.0	1	0 1
3215	1	0.0	1	0 1
3216	2	0.0	1	2
3218	1	0.0	1	1
3227	1	0.0	1	0 1
3253	1	0.0	1	1
3297	1	0.0	1	0 1
3326	1	0.0	1	0 1
3405	1	0.0	1	1
3439	1	0.0	1	0 1
3504	1	0.0	1	0 1
3563	1	0.0	1	0 1
3650	1	0.0	1	0 1
3729	1	0.0	1	0 1
6463	1	0.0	1	1
6514	1	0.0	1	0 1
6545	1	0.0	1	0 1


=== Adapter P2bis ===

Sequence: AAAAAGTTGCATGGTGCTGG; Type: regular 3'; Length: 20; Trimmed: 1030 times

Minimum overlap: 3
No. of allowed errors:
1-9 bp: 0; 10-19 bp: 1; 20 bp: 2

Bases preceding removed adapters:
  A: 0.8%
  C: 0.2%
  G: 21.2%
  T: 6.1%
  none/other: 71.7%

Overview of removed sequences
length	count	expect	max.err	error counts
3	5	496.8	0	5
4	1	124.2	0	1
5	12	31.1	0	12
6	3	7.8	0	3
7	2	1.9	0	2
8	1	0.5	0	1
9	2	0.1	0	2
12	50	0.0	1	28 22
13	1	0.0	1	1
14	2	0.0	1	1 1
15	1	0.0	1	0 1
16	1	0.0	1	0 1
24	1	0.0	2	0 0 1
26	1	0.0	2	0 1
27	2	0.0	2	0 0 2
30	1	0.0	2	0 1
33	2	0.0	2	0 1 1
34	6	0.0	2	2 0 4
37	2	0.0	2	0 2
40	3	0.0	2	0 2 1
43	1	0.0	2	0 1
44	1	0.0	2	0 1
45	1	0.0	2	0 1
47	1	0.0	2	0 1
48	1	0.0	2	0 1
50	1	0.0	2	0 0 1
58	1	0.0	2	0 1
59	1	0.0	2	0 0 1
61	3	0.0	2	1 1 1
64	2	0.0	2	0 1 1
65	1	0.0	2	0 1
73	1	0.0	2	0 1
74	1	0.0	2	0 1
79	2	0.0	2	0 1 1
80	1	0.0	2	0 0 1
83	1	0.0	2	0 0 1
85	1	0.0	2	1
87	2	0.0	2	0 2
93	1	0.0	2	0 0 1
102	1	0.0	2	0 0 1
103	2	0.0	2	0 1 1
105	2	0.0	2	0 0 2
108	1	0.0	2	0 0 1
112	1	0.0	2	0 1
113	1	0.0	2	1
114	1	0.0	2	0 0 1
117	1	0.0	2	0 1
118	1	0.0	2	0 0 1
120	1	0.0	2	0 0 1
122	2	0.0	2	0 1 1
126	1	0.0	2	0 0 1
127	2	0.0	2	1 1
130	1	0.0	2	0 1
132	3	0.0	2	0 2 1
134	2	0.0	2	0 2
140	1	0.0	2	0 0 1
141	1	0.0	2	0 0 1
142	1	0.0	2	0 0 1
143	4	0.0	2	0 2 2
145	1	0.0	2	0 0 1
147	1	0.0	2	0 0 1
148	2	0.0	2	0 0 2
150	1	0.0	2	1
151	1	0.0	2	0 0 1
156	1	0.0	2	0 1
162	1	0.0	2	0 1
163	2	0.0	2	1 1
164	3	0.0	2	0 1 2
166	1	0.0	2	0 0 1
170	2	0.0	2	0 0 2
172	1	0.0	2	0 1
173	1	0.0	2	0 1
176	1	0.0	2	0 0 1
178	1	0.0	2	0 0 1
181	3	0.0	2	0 3
183	1	0.0	2	0 0 1
185	1	0.0	2	0 0 1
186	1	0.0	2	0 1
192	1	0.0	2	0 1
193	1	0.0	2	0 1
194	1	0.0	2	0 0 1
195	1	0.0	2	0 0 1
198	1	0.0	2	0 0 1
201	4	0.0	2	0 1 3
210	1	0.0	2	0 0 1
211	1	0.0	2	0 0 1
215	1	0.0	2	0 0 1
218	2	0.0	2	0 1 1
221	1	0.0	2	0 1
227	1	0.0	2	0 0 1
228	1	0.0	2	0 0 1
229	1	0.0	2	0 0 1
233	1	0.0	2	0 1
234	2	0.0	2	0 0 2
237	1	0.0	2	0 1
239	1	0.0	2	0 0 1
241	1	0.0	2	0 0 1
244	1	0.0	2	1
246	1	0.0	2	0 0 1
248	2	0.0	2	1 1
250	1	0.0	2	1
252	2	0.0	2	0 1 1
256	2	0.0	2	1 1
262	1	0.0	2	0 1
264	1	0.0	2	0 0 1
266	1	0.0	2	0 1
268	1	0.0	2	1
269	1	0.0	2	0 1
271	3	0.0	2	0 2 1
272	3	0.0	2	0 3
273	1	0.0	2	0 1
274	2	0.0	2	0 0 2
275	2	0.0	2	0 1 1
276	3	0.0	2	0 2 1
277	2	0.0	2	0 0 2
278	3	0.0	2	0 2 1
279	3	0.0	2	0 3
280	1	0.0	2	0 1
281	1	0.0	2	0 1
282	1	0.0	2	0 0 1
283	1	0.0	2	0 1
292	1	0.0	2	0 0 1
295	1	0.0	2	1
296	1	0.0	2	0 0 1
301	2	0.0	2	0 2
304	1	0.0	2	0 1
306	1	0.0	2	0 0 1
307	1	0.0	2	0 1
310	1	0.0	2	0 0 1
313	1	0.0	2	0 1
318	1	0.0	2	0 1
321	1	0.0	2	1
323	1	0.0	2	1
325	1	0.0	2	0 0 1
327	1	0.0	2	0 1
334	1	0.0	2	0 1
339	1	0.0	2	0 0 1
355	1	0.0	2	0 0 1
358	1	0.0	2	0 1
361	1	0.0	2	0 1
365	1	0.0	2	0 1
375	1	0.0	2	0 0 1
376	1	0.0	2	0 1
377	1	0.0	2	0 0 1
379	1	0.0	2	0 1
382	1	0.0	2	0 1
387	1	0.0	2	0 1
388	1	0.0	2	0 0 1
389	2	0.0	2	0 1 1
392	1	0.0	2	0 1
398	2	0.0	2	0 1 1
401	2	0.0	2	1 0 1
402	1	0.0	2	0 1
403	1	0.0	2	0 0 1
405	1	0.0	2	0 1
411	1	0.0	2	0 1
412	1	0.0	2	0 1
413	1	0.0	2	0 0 1
416	1	0.0	2	0 1
421	2	0.0	2	1 0 1
423	1	0.0	2	0 0 1
430	1	0.0	2	0 0 1
432	1	0.0	2	0 1
433	1	0.0	2	1
434	1	0.0	2	0 1
435	1	0.0	2	0 1
437	1	0.0	2	0 0 1
440	2	0.0	2	1 0 1
442	2	0.0	2	1 0 1
444	1	0.0	2	0 0 1
448	2	0.0	2	1 1
458	1	0.0	2	0 1
459	1	0.0	2	0 0 1
464	1	0.0	2	0 0 1
476	1	0.0	2	0 1
478	3	0.0	2	1 1 1
486	1	0.0	2	0 1
489	1	0.0	2	0 1
490	1	0.0	2	1
495	1	0.0	2	0 1
496	1	0.0	2	0 1
498	2	0.0	2	0 0 2
508	1	0.0	2	1
511	1	0.0	2	0 0 1
514	1	0.0	2	0 1
515	1	0.0	2	0 1
516	1	0.0	2	0 1
517	2	0.0	2	0 1 1
518	1	0.0	2	1
519	1	0.0	2	1
524	2	0.0	2	0 2
533	1	0.0	2	0 0 1
534	1	0.0	2	0 1
541	1	0.0	2	0 1
543	1	0.0	2	0 1
545	2	0.0	2	1 1
554	1	0.0	2	0 1
559	1	0.0	2	1
561	2	0.0	2	0 2
565	1	0.0	2	0 0 1
569	2	0.0	2	1 1
572	1	0.0	2	0 0 1
574	1	0.0	2	0 0 1
578	1	0.0	2	0 1
581	1	0.0	2	0 1
582	1	0.0	2	0 1
583	1	0.0	2	1
589	1	0.0	2	0 1
590	2	0.0	2	0 2
592	1	0.0	2	0 0 1
594	1	0.0	2	0 1
595	1	0.0	2	0 1
597	1	0.0	2	1
602	1	0.0	2	0 1
603	1	0.0	2	0 1
604	1	0.0	2	0 1
605	3	0.0	2	0 2 1
607	1	0.0	2	0 1
609	1	0.0	2	0 1
612	3	0.0	2	0 0 3
613	1	0.0	2	0 1
617	1	0.0	2	0 1
624	1	0.0	2	0 0 1
632	1	0.0	2	1
639	1	0.0	2	0 0 1
640	2	0.0	2	0 0 2
641	1	0.0	2	0 1
644	1	0.0	2	0 0 1
645	1	0.0	2	1
647	1	0.0	2	0 0 1
650	1	0.0	2	0 0 1
657	1	0.0	2	0 1
658	1	0.0	2	0 1
659	1	0.0	2	0 1
660	1	0.0	2	0 0 1
662	1	0.0	2	0 0 1
663	1	0.0	2	0 0 1
666	1	0.0	2	0 1
672	1	0.0	2	0 0 1
674	1	0.0	2	0 1
677	1	0.0	2	0 0 1
681	1	0.0	2	0 0 1
684	3	0.0	2	1 0 2
687	1	0.0	2	0 1
690	1	0.0	2	1
695	1	0.0	2	1
702	1	0.0	2	0 0 1
709	1	0.0	2	0 0 1
711	1	0.0	2	1
716	1	0.0	2	0 0 1
725	2	0.0	2	0 0 2
733	1	0.0	2	0 1
738	1	0.0	2	0 1
742	1	0.0	2	1
744	1	0.0	2	0 0 1
767	1	0.0	2	0 1
770	3	0.0	2	2 1
771	1	0.0	2	0 0 1
778	1	0.0	2	0 0 1
782	1	0.0	2	0 1
788	1	0.0	2	0 1
792	1	0.0	2	0 1
793	1	0.0	2	0 1
799	1	0.0	2	0 0 1
815	1	0.0	2	0 1
818	1	0.0	2	0 1
822	1	0.0	2	0 1
825	1	0.0	2	0 0 1
826	1	0.0	2	0 1
829	2	0.0	2	0 1 1
830	2	0.0	2	0 2
833	1	0.0	2	0 1
837	1	0.0	2	0 0 1
840	1	0.0	2	0 1
843	1	0.0	2	0 0 1
845	1	0.0	2	0 1
846	1	0.0	2	1
847	1	0.0	2	0 1
849	1	0.0	2	0 0 1
852	1	0.0	2	0 1
859	2	0.0	2	0 0 2
867	1	0.0	2	0 1
868	1	0.0	2	0 0 1
869	1	0.0	2	1
875	1	0.0	2	0 1
879	1	0.0	2	0 1
881	2	0.0	2	0 1 1
886	1	0.0	2	0 0 1
894	2	0.0	2	0 1 1
898	1	0.0	2	0 1
905	1	0.0	2	0 0 1
910	1	0.0	2	0 1
913	2	0.0	2	0 1 1
919	1	0.0	2	0 1
923	1	0.0	2	0 0 1
941	1	0.0	2	0 0 1
958	1	0.0	2	0 1
968	1	0.0	2	1
980	2	0.0	2	1 0 1
986	1	0.0	2	0 1
988	1	0.0	2	1
989	1	0.0	2	0 1
990	1	0.0	2	0 0 1
992	1	0.0	2	0 0 1
996	1	0.0	2	0 0 1
1000	1	0.0	2	0 0 1
1007	1	0.0	2	0 1
1008	1	0.0	2	1
1013	1	0.0	2	0 1
1015	1	0.0	2	0 0 1
1017	1	0.0	2	0 1
1029	1	0.0	2	0 0 1
1039	1	0.0	2	0 1
1054	1	0.0	2	0 1
1061	1	0.0	2	0 0 1
1066	1	0.0	2	0 1
1070	1	0.0	2	0 0 1
1071	1	0.0	2	0 1
1082	1	0.0	2	0 0 1
1092	1	0.0	2	1
1102	1	0.0	2	1
1103	1	0.0	2	0 0 1
1104	1	0.0	2	0 1
1105	1	0.0	2	0 1
1134	1	0.0	2	0 0 1
1149	1	0.0	2	1
1156	1	0.0	2	0 1
1182	1	0.0	2	0 1
1185	1	0.0	2	1
1193	1	0.0	2	0 1
1225	1	0.0	2	1
1271	1	0.0	2	0 1
1305	1	0.0	2	0 1
1326	1	0.0	2	0 0 1
1357	1	0.0	2	0 1
1373	1	0.0	2	1
1386	1	0.0	2	0 0 1
1387	1	0.0	2	1
1390	1	0.0	2	0 0 1
1397	1	0.0	2	0 0 1
1403	1	0.0	2	0 0 1
1404	1	0.0	2	0 1
1468	1	0.0	2	0 1
1498	1	0.0	2	0 1
1500	1	0.0	2	0 0 1
1506	1	0.0	2	1
1514	1	0.0	2	1
1520	1	0.0	2	1
1537	1	0.0	2	1
1538	1	0.0	2	0 0 1
1573	1	0.0	2	0 1
1574	1	0.0	2	0 1
1594	1	0.0	2	0 0 1
1678	1	0.0	2	0 0 1
1730	1	0.0	2	0 1
1825	1	0.0	2	0 0 1
1828	1	0.0	2	1
1835	1	0.0	2	1
1845	1	0.0	2	1
1887	1	0.0	2	0 1
1889	3	0.0	2	3
1890	1	0.0	2	1
1892	2	0.0	2	1 1
1894	1	0.0	2	0 0 1
1898	2	0.0	2	0 2
1899	1	0.0	2	0 0 1
1901	1	0.0	2	0 0 1
1905	6	0.0	2	0 3 3
1906	5	0.0	2	0 2 3
1907	4	0.0	2	0 1 3
1908	2	0.0	2	0 1 1
1909	3	0.0	2	0 2 1
1910	5	0.0	2	0 4 1
1911	6	0.0	2	0 3 3
1912	4	0.0	2	1 2 1
1913	1	0.0	2	0 0 1
1914	1	0.0	2	1
1915	2	0.0	2	0 0 2
1918	1	0.0	2	0 0 1
1922	1	0.0	2	0 1
1929	1	0.0	2	0 0 1
1931	1	0.0	2	0 0 1
1940	1	0.0	2	0 0 1
1941	1	0.0	2	0 1
1942	1	0.0	2	0 1
1943	1	0.0	2	0 1
1951	1	0.0	2	0 1
1961	1	0.0	2	0 1
1968	1	0.0	2	0 1
1983	1	0.0	2	0 1
1984	1	0.0	2	0 0 1
2020	1	0.0	2	0 1
2021	1	0.0	2	0 0 1
2050	1	0.0	2	0 0 1
2073	1	0.0	2	0 1
2166	1	0.0	2	1
2243	1	0.0	2	0 1
2312	1	0.0	2	1
2324	1	0.0	2	0 1
2325	1	0.0	2	0 1
2349	1	0.0	2	0 0 1
2384	1	0.0	2	0 1
2413	1	0.0	2	1
2453	1	0.0	2	0 1
2520	1	0.0	2	1
2546	1	0.0	2	1
2659	1	0.0	2	1
2713	1	0.0	2	1
2717	1	0.0	2	0 1
2797	1	0.0	2	1
2811	1	0.0	2	0 0 1
2831	1	0.0	2	1
2893	1	0.0	2	1
2937	1	0.0	2	1
3003	1	0.0	2	1
3007	1	0.0	2	1
3013	1	0.0	2	0 0 1
3020	1	0.0	2	1
3030	1	0.0	2	0 1
3035	1	0.0	2	1
3049	2	0.0	2	2
3051	1	0.0	2	0 0 1
3052	1	0.0	2	1
3062	1	0.0	2	0 1
3076	1	0.0	2	1
3090	1	0.0	2	1
3096	1	0.0	2	1
3104	1	0.0	2	0 0 1
3119	1	0.0	2	1
3126	1	0.0	2	1
3128	1	0.0	2	1
3129	1	0.0	2	1
3133	1	0.0	2	0 0 1
3135	1	0.0	2	0 1
3136	1	0.0	2	1
3142	2	0.0	2	0 2
3144	1	0.0	2	1
3145	1	0.0	2	1
3148	1	0.0	2	1
3149	1	0.0	2	0 1
3152	2	0.0	2	2
3158	1	0.0	2	1
3159	1	0.0	2	0 1
3162	1	0.0	2	0 0 1
3164	1	0.0	2	0 1
3169	1	0.0	2	0 1
3170	2	0.0	2	0 1 1
3172	2	0.0	2	0 1 1
3173	1	0.0	2	1
3176	1	0.0	2	0 1
3178	1	0.0	2	0 1
3179	1	0.0	2	0 1
3180	4	0.0	2	2 1 1
3181	3	0.0	2	2 1
3182	2	0.0	2	1 0 1
3183	3	0.0	2	2 1
3184	1	0.0	2	0 1
3185	1	0.0	2	0 1
3187	5	0.0	2	3 2
3188	2	0.0	2	0 2
3189	2	0.0	2	1 1
3190	3	0.0	2	1 1 1
3191	3	0.0	2	1 2
3192	2	0.0	2	2
3193	10	0.0	2	3 6 1
3194	3	0.0	2	2 0 1
3195	4	0.0	2	3 1
3196	7	0.0	2	3 2 2
3197	5	0.0	2	3 2
3198	5	0.0	2	3 2
3199	8	0.0	2	3 3 2
3200	9	0.0	2	5 4
3201	1	0.0	2	1
3202	6	0.0	2	1 3 2
3203	4	0.0	2	1 0 3
3204	9	0.0	2	3 4 2
3205	7	0.0	2	3 3 1
3206	9	0.0	2	2 7
3207	4	0.0	2	1 3
3208	14	0.0	2	2 9 3
3209	12	0.0	2	6 5 1
3210	14	0.0	2	6 8
3211	9	0.0	2	5 3 1
3212	12	0.0	2	6 3 3
3213	11	0.0	2	7 4
3214	15	0.0	2	9 5 1
3215	12	0.0	2	7 5
3216	10	0.0	2	4 5 1
3217	9	0.0	2	4 4 1
3218	8	0.0	2	5 3
3219	7	0.0	2	2 5
3220	6	0.0	2	3 3
3221	7	0.0	2	3 3 1
3222	4	0.0	2	3 1
3223	1	0.0	2	0 0 1
3226	3	0.0	2	1 2
3229	1	0.0	2	0 1
3237	1	0.0	2	0 0 1
3238	1	0.0	2	1
3242	1	0.0	2	1
3245	1	0.0	2	0 0 1
3247	1	0.0	2	1
3249	2	0.0	2	1 1
3250	1	0.0	2	0 1
3252	1	0.0	2	0 1
3255	1	0.0	2	1
3262	1	0.0	2	0 0 1
3264	1	0.0	2	0 1
3280	1	0.0	2	0 0 1
3285	1	0.0	2	0 1
3287	2	0.0	2	1 1
3318	1	0.0	2	0 1
3337	1	0.0	2	0 0 1
3348	1	0.0	2	0 1
3378	1	0.0	2	0 1
3381	1	0.0	2	1
3386	1	0.0	2	0 0 1
3389	1	0.0	2	0 0 1
3390	1	0.0	2	0 1
3398	1	0.0	2	1
3429	1	0.0	2	1
3448	1	0.0	2	0 1
3467	1	0.0	2	1
3471	1	0.0	2	0 0 1
3474	2	0.0	2	0 2
3498	1	0.0	2	1
3522	1	0.0	2	0 1
3529	1	0.0	2	1
3549	1	0.0	2	0 1
3557	1	0.0	2	0 0 1
3559	2	0.0	2	2
3569	1	0.0	2	0 1
3582	1	0.0	2	1
3583	1	0.0	2	1
3599	1	0.0	2	1
3609	1	0.0	2	1
3614	1	0.0	2	0 1
3636	1	0.0	2	1
3639	1	0.0	2	1
3641	1	0.0	2	0 1
3672	1	0.0	2	1
3685	1	0.0	2	0 1
3690	1	0.0	2	0 1
3692	1	0.0	2	1
3747	1	0.0	2	0 1
3757	1	0.0	2	1
3760	1	0.0	2	1
3800	1	0.0	2	0 1
3840	1	0.0	2	0 0 1
3863	1	0.0	2	1
3938	1	0.0	2	0 1
3985	1	0.0	2	1
3991	1	0.0	2	1
4027	1	0.0	2	1
4047	1	0.0	2	0 1
4110	1	0.0	2	0 0 1
4122	1	0.0	2	0 1
4166	1	0.0	2	1
4170	1	0.0	2	0 0 1
4322	1	0.0	2	1
4376	1	0.0	2	0 1
4398	1	0.0	2	1
4425	1	0.0	2	0 1
4459	1	0.0	2	0 0 1
4802	1	0.0	2	1
5024	1	0.0	2	0 1
5053	1	0.0	2	1
5219	1	0.0	2	0 1
5513	1	0.0	2	0 0 1
5554	1	0.0	2	1
5684	1	0.0	2	1
5851	1	0.0	2	1
5980	1	0.0	2	1
6145	1	0.0	2	0 0 1
6272	1	0.0	2	1
6299	1	0.0	2	1
6307	1	0.0	2	1
6315	1	0.0	2	1
6320	1	0.0	2	1
6325	1	0.0	2	1
6327	2	0.0	2	2
6334	1	0.0	2	1
6376	1	0.0	2	1
6385	1	0.0	2	0 1
6391	1	0.0	2	0 1
6398	1	0.0	2	1
6410	1	0.0	2	0 1
6416	1	0.0	2	0 1
6418	1	0.0	2	0 1
6419	1	0.0	2	0 1
6423	1	0.0	2	0 1
6442	1	0.0	2	1
6719	1	0.0	2	0 0 1
6873	1	0.0	2	0 1
6968	1	0.0	2	1
7085	1	0.0	2	0 1
7271	1	0.0	2	1
9274	1	0.0	2	0 1
9289	1	0.0	2	0 1
9489	1	0.0	2	1


=== Adapter P0303 ===

Sequence: GCCTCCAAGCTGTGCCTT; Type: regular 3'; Length: 18; Trimmed: 12709 times

Minimum overlap: 3
No. of allowed errors:
1-9 bp: 0; 10-18 bp: 1

Bases preceding removed adapters:
  A: 99.6%
  C: 0.0%
  G: 0.3%
  T: 0.1%
  none/other: 0.0%
WARNING:
    The adapter is preceded by 'A' extremely often.
    The provided adapter sequence could be incomplete at its 5' end.
    Ignore this warning when trimming primers.

Overview of removed sequences
length	count	expect	max.err	error counts
3	4	496.8	0	4
4	6	124.2	0	6
9	1	0.1	0	1
10	14	0.0	1	14
17	1	0.0	1	1
18	3	0.0	1	3
19	3	0.0	1	3
41	1	0.0	1	1
42	2	0.0	1	2
43	1	0.0	1	1
44	1	0.0	1	1
45	2	0.0	1	2
48	2	0.0	1	2
51	1	0.0	1	1
68	1	0.0	1	1
71	1	0.0	1	1
96	1	0.0	1	1
108	1	0.0	1	1
109	1	0.0	1	1
122	1	0.0	1	1
130	1	0.0	1	1
132	1	0.0	1	1
138	1	0.0	1	1
141	1	0.0	1	1
143	1	0.0	1	1
145	1	0.0	1	1
146	3	0.0	1	3
147	2	0.0	1	2
148	4	0.0	1	4
149	6	0.0	1	6
152	2	0.0	1	2
154	1	0.0	1	1
163	1	0.0	1	1
172	1	0.0	1	1
173	1	0.0	1	1
176	1	0.0	1	1
177	1	0.0	1	1
184	1	0.0	1	0 1
185	1	0.0	1	1
188	2	0.0	1	2
190	1	0.0	1	1
193	1	0.0	1	1
194	1	0.0	1	0 1
211	1	0.0	1	1
213	1	0.0	1	1
244	1	0.0	1	1
257	2	0.0	1	2
259	2	0.0	1	2
260	2	0.0	1	2
276	1	0.0	1	1
278	1	0.0	1	1
283	2	0.0	1	2
284	1	0.0	1	1
285	2	0.0	1	2
286	1	0.0	1	1
287	3	0.0	1	3
288	1	0.0	1	1
290	2	0.0	1	2
291	3	0.0	1	3
294	1	0.0	1	1
295	1	0.0	1	1
298	1	0.0	1	1
300	1	0.0	1	1
312	1	0.0	1	1
319	2	0.0	1	2
323	1	0.0	1	1
332	1	0.0	1	1
365	1	0.0	1	1
370	2	0.0	1	2
375	1	0.0	1	1
386	1	0.0	1	1
394	2	0.0	1	2
405	1	0.0	1	1
413	1	0.0	1	1
417	1	0.0	1	1
418	5	0.0	1	5
419	1	0.0	1	1
420	3	0.0	1	3
421	2	0.0	1	2
422	1	0.0	1	1
424	1	0.0	1	1
427	1	0.0	1	1
429	1	0.0	1	0 1
430	1	0.0	1	1
434	1	0.0	1	1
435	1	0.0	1	1
436	1	0.0	1	1
437	1	0.0	1	1
440	1	0.0	1	1
444	1	0.0	1	1
445	1	0.0	1	1
446	1	0.0	1	1
447	1	0.0	1	1
451	2	0.0	1	2
452	2	0.0	1	2
456	1	0.0	1	1
458	1	0.0	1	1
464	1	0.0	1	1
468	1	0.0	1	1
470	1	0.0	1	1
473	1	0.0	1	1
474	1	0.0	1	1
477	1	0.0	1	1
492	1	0.0	1	1
496	4	0.0	1	4
497	2	0.0	1	2
499	3	0.0	1	3
500	7	0.0	1	7
501	6	0.0	1	6
502	2	0.0	1	2
505	1	0.0	1	1
508	1	0.0	1	1
525	1	0.0	1	1
526	1	0.0	1	1
530	1	0.0	1	1
535	1	0.0	1	1
536	1	0.0	1	1
540	1	0.0	1	1
543	2	0.0	1	2
556	1	0.0	1	1
558	1	0.0	1	1
561	1	0.0	1	1
562	1	0.0	1	1
563	1	0.0	1	1
564	1	0.0	1	1
568	1	0.0	1	1
577	1	0.0	1	1
590	1	0.0	1	1
591	1	0.0	1	1
605	1	0.0	1	1
609	1	0.0	1	1
630	1	0.0	1	1
632	1	0.0	1	1
642	1	0.0	1	1
644	1	0.0	1	1
648	1	0.0	1	1
652	1	0.0	1	1
653	1	0.0	1	1
676	1	0.0	1	1
679	1	0.0	1	1
703	1	0.0	1	1
718	1	0.0	1	0 1
722	1	0.0	1	1
723	2	0.0	1	2
724	1	0.0	1	1
726	3	0.0	1	3
727	4	0.0	1	4
728	4	0.0	1	4
729	3	0.0	1	3
733	1	0.0	1	1
734	1	0.0	1	1
739	1	0.0	1	1
740	1	0.0	1	1
745	1	0.0	1	1
748	1	0.0	1	1
750	1	0.0	1	1
754	2	0.0	1	2
756	1	0.0	1	1
757	1	0.0	1	1
758	1	0.0	1	1
759	1	0.0	1	1
761	1	0.0	1	1
768	1	0.0	1	1
791	1	0.0	1	1
800	1	0.0	1	1
809	1	0.0	1	1
813	1	0.0	1	1
830	1	0.0	1	1
834	1	0.0	1	1
835	1	0.0	1	1
837	1	0.0	1	1
838	1	0.0	1	1
841	1	0.0	1	1
842	1	0.0	1	1
848	3	0.0	1	3
850	1	0.0	1	1
854	2	0.0	1	1 1
855	1	0.0	1	1
861	1	0.0	1	1
863	1	0.0	1	1
865	2	0.0	1	2
867	2	0.0	1	2
874	1	0.0	1	0 1
876	1	0.0	1	1
878	1	0.0	1	1
880	1	0.0	1	1
883	1	0.0	1	1
888	2	0.0	1	2
891	1	0.0	1	1
893	1	0.0	1	1
897	1	0.0	1	1
901	1	0.0	1	1
909	1	0.0	1	1
910	2	0.0	1	2
914	1	0.0	1	1
916	1	0.0	1	1
917	1	0.0	1	1
919	1	0.0	1	1
927	1	0.0	1	1
929	1	0.0	1	1
931	2	0.0	1	2
933	1	0.0	1	1
935	1	0.0	1	1
941	1	0.0	1	1
948	1	0.0	1	1
949	1	0.0	1	1
951	1	0.0	1	1
970	1	0.0	1	1
973	1	0.0	1	1
974	1	0.0	1	1
978	1	0.0	1	1
982	1	0.0	1	1
985	2	0.0	1	2
987	1	0.0	1	1
990	1	0.0	1	1
991	1	0.0	1	1
994	1	0.0	1	1
996	2	0.0	1	2
997	1	0.0	1	1
998	2	0.0	1	1 1
999	1	0.0	1	1
1003	1	0.0	1	1
1004	1	0.0	1	1
1005	1	0.0	1	1
1006	1	0.0	1	1
1007	1	0.0	1	1
1008	1	0.0	1	1
1009	1	0.0	1	1
1010	1	0.0	1	1
1011	1	0.0	1	1
1012	2	0.0	1	2
1015	1	0.0	1	1
1017	1	0.0	1	1
1019	1	0.0	1	1
1023	2	0.0	1	1 1
1029	1	0.0	1	1
1032	1	0.0	1	1
1033	1	0.0	1	1
1039	1	0.0	1	1
1047	1	0.0	1	1
1049	1	0.0	1	1
1052	3	0.0	1	3
1053	1	0.0	1	1
1057	1	0.0	1	1
1059	2	0.0	1	2
1061	2	0.0	1	2
1062	3	0.0	1	3
1063	1	0.0	1	1
1066	2	0.0	1	2
1067	1	0.0	1	1
1073	2	0.0	1	2
1075	1	0.0	1	1
1080	1	0.0	1	1
1081	1	0.0	1	1
1082	2	0.0	1	1 1
1084	1	0.0	1	1
1090	1	0.0	1	1
1101	1	0.0	1	1
1105	1	0.0	1	1
1107	1	0.0	1	1
1117	1	0.0	1	1
1120	1	0.0	1	1
1131	1	0.0	1	1
1132	1	0.0	1	1
1133	1	0.0	1	1
1137	1	0.0	1	1
1147	1	0.0	1	1
1148	1	0.0	1	1
1149	1	0.0	1	1
1158	1	0.0	1	1
1162	1	0.0	1	1
1163	1	0.0	1	1
1168	1	0.0	1	1
1175	1	0.0	1	1
1189	2	0.0	1	2
1196	2	0.0	1	2
1197	1	0.0	1	0 1
1198	2	0.0	1	2
1199	1	0.0	1	1
1200	1	0.0	1	1
1202	1	0.0	1	1
1203	2	0.0	1	2
1204	3	0.0	1	3
1205	4	0.0	1	4
1206	1	0.0	1	1
1209	1	0.0	1	1
1213	1	0.0	1	1
1215	1	0.0	1	1
1216	1	0.0	1	1
1221	1	0.0	1	1
1222	1	0.0	1	1
1223	2	0.0	1	2
1226	1	0.0	1	1
1228	1	0.0	1	1
1233	1	0.0	1	1
1236	1	0.0	1	1
1245	1	0.0	1	1
1251	1	0.0	1	1
1266	1	0.0	1	1
1313	1	0.0	1	1
1326	1	0.0	1	1
1330	1	0.0	1	1
1331	1	0.0	1	0 1
1339	1	0.0	1	1
1343	1	0.0	1	0 1
1352	1	0.0	1	1
1375	1	0.0	1	1
1382	2	0.0	1	2
1394	1	0.0	1	1
1396	1	0.0	1	1
1397	1	0.0	1	1
1398	1	0.0	1	1
1405	1	0.0	1	1
1413	1	0.0	1	1
1425	1	0.0	1	1
1428	1	0.0	1	1
1430	1	0.0	1	1
1433	1	0.0	1	1
1436	1	0.0	1	1
1442	1	0.0	1	1
1444	1	0.0	1	0 1
1446	1	0.0	1	1
1455	1	0.0	1	1
1457	1	0.0	1	1
1459	2	0.0	1	2
1460	1	0.0	1	1
1464	2	0.0	1	1 1
1469	1	0.0	1	1
1472	1	0.0	1	1
1473	1	0.0	1	1
1477	3	0.0	1	3
1478	2	0.0	1	2
1479	1	0.0	1	1
1483	1	0.0	1	1
1490	1	0.0	1	1
1494	1	0.0	1	1
1495	1	0.0	1	1
1496	3	0.0	1	3
1499	1	0.0	1	1
1505	1	0.0	1	1
1511	1	0.0	1	1
1513	1	0.0	1	1
1515	1	0.0	1	1
1522	1	0.0	1	1
1529	1	0.0	1	1
1530	3	0.0	1	3
1533	1	0.0	1	1
1535	1	0.0	1	1
1537	1	0.0	1	1
1538	2	0.0	1	2
1539	2	0.0	1	2
1540	5	0.0	1	5
1541	2	0.0	1	2
1542	2	0.0	1	2
1546	2	0.0	1	2
1547	1	0.0	1	1
1551	1	0.0	1	1
1553	1	0.0	1	1
1556	1	0.0	1	1
1559	1	0.0	1	1
1561	1	0.0	1	1
1562	1	0.0	1	1
1564	1	0.0	1	1
1565	1	0.0	1	1
1572	1	0.0	1	1
1591	1	0.0	1	1
1614	1	0.0	1	1
1617	1	0.0	1	1
1623	1	0.0	1	1
1624	1	0.0	1	1
1631	1	0.0	1	1
1632	1	0.0	1	1
1634	1	0.0	1	1
1637	1	0.0	1	1
1638	1	0.0	1	1
1639	3	0.0	1	3
1641	1	0.0	1	1
1642	2	0.0	1	2
1644	1	0.0	1	1
1648	1	0.0	1	1
1652	1	0.0	1	1
1656	1	0.0	1	1
1665	1	0.0	1	1
1670	1	0.0	1	1
1687	1	0.0	1	1
1694	1	0.0	1	1
1695	1	0.0	1	1
1703	1	0.0	1	1
1706	1	0.0	1	1
1720	1	0.0	1	1
1742	1	0.0	1	1
1768	1	0.0	1	1
1779	1	0.0	1	1
1781	1	0.0	1	1
1787	1	0.0	1	1
1789	1	0.0	1	1
1807	1	0.0	1	1
1814	1	0.0	1	1
1815	1	0.0	1	1
1816	2	0.0	1	2
1820	1	0.0	1	1
1822	2	0.0	1	2
1829	1	0.0	1	1
1831	1	0.0	1	1
1832	2	0.0	1	1 1
1833	1	0.0	1	1
1834	2	0.0	1	2
1844	1	0.0	1	1
1845	1	0.0	1	1
1846	1	0.0	1	1
1847	1	0.0	1	1
1850	1	0.0	1	1
1852	1	0.0	1	1
1853	3	0.0	1	2 1
1855	2	0.0	1	2
1856	2	0.0	1	2
1857	1	0.0	1	1
1858	1	0.0	1	1
1859	2	0.0	1	2
1860	3	0.0	1	3
1861	1	0.0	1	1
1862	3	0.0	1	3
1863	1	0.0	1	1
1864	2	0.0	1	2
1865	9	0.0	1	9
1866	7	0.0	1	7
1867	5	0.0	1	5
1868	4	0.0	1	4
1869	5	0.0	1	5
1870	2	0.0	1	2
1871	2	0.0	1	2
1872	5	0.0	1	4 1
1873	7	0.0	1	7
1874	3	0.0	1	3
1875	2	0.0	1	2
1876	1	0.0	1	1
1877	1	0.0	1	1
1878	1	0.0	1	1
1885	1	0.0	1	1
1886	2	0.0	1	2
1887	1	0.0	1	1
1899	2	0.0	1	2
1900	2	0.0	1	2
1901	2	0.0	1	1 1
1904	3	0.0	1	3
1905	2	0.0	1	1 1
1907	1	0.0	1	1
1908	5	0.0	1	5
1909	5	0.0	1	5
1911	1	0.0	1	1
1912	1	0.0	1	1
1913	1	0.0	1	1
1915	3	0.0	1	3
1916	2	0.0	1	2
1919	1	0.0	1	1
1923	1	0.0	1	1
1927	1	0.0	1	1
1930	1	0.0	1	1
1942	2	0.0	1	2
1944	1	0.0	1	1
1956	1	0.0	1	1
1961	1	0.0	1	0 1
1977	2	0.0	1	2
1980	1	0.0	1	1
1983	1	0.0	1	1
1988	1	0.0	1	1
2009	1	0.0	1	1
2021	1	0.0	1	1
2028	1	0.0	1	1
2033	1	0.0	1	1
2035	1	0.0	1	1
2036	2	0.0	1	2
2037	2	0.0	1	2
2039	2	0.0	1	2
2040	2	0.0	1	2
2042	1	0.0	1	1
2043	4	0.0	1	4
2044	2	0.0	1	2
2045	2	0.0	1	2
2046	1	0.0	1	1
2047	1	0.0	1	1
2048	1	0.0	1	1
2049	2	0.0	1	2
2052	1	0.0	1	1
2055	1	0.0	1	1
2058	1	0.0	1	1
2068	1	0.0	1	1
2072	1	0.0	1	0 1
2098	1	0.0	1	1
2100	1	0.0	1	1
2102	1	0.0	1	1
2103	2	0.0	1	2
2116	1	0.0	1	1
2154	1	0.0	1	1
2175	1	0.0	1	1
2190	3	0.0	1	3
2194	1	0.0	1	1
2197	1	0.0	1	1
2198	1	0.0	1	1
2200	2	0.0	1	2
2201	2	0.0	1	2
2204	1	0.0	1	1
2206	1	0.0	1	1
2207	1	0.0	1	1
2209	2	0.0	1	2
2215	1	0.0	1	1
2216	2	0.0	1	2
2217	1	0.0	1	1
2218	1	0.0	1	1
2219	1	0.0	1	1
2220	1	0.0	1	1
2224	1	0.0	1	1
2229	1	0.0	1	1
2230	1	0.0	1	1
2232	1	0.0	1	1
2234	1	0.0	1	1
2235	1	0.0	1	1
2238	1	0.0	1	1
2288	1	0.0	1	1
2311	1	0.0	1	1
2318	1	0.0	1	1
2327	1	0.0	1	1
2330	1	0.0	1	1
2331	1	0.0	1	1
2342	1	0.0	1	1
2346	2	0.0	1	2
2348	3	0.0	1	3
2352	2	0.0	1	2
2354	3	0.0	1	2 1
2355	1	0.0	1	1
2356	1	0.0	1	1
2357	1	0.0	1	1
2358	1	0.0	1	1
2359	2	0.0	1	2
2360	1	0.0	1	1
2361	1	0.0	1	1
2363	1	0.0	1	1
2387	1	0.0	1	1
2391	1	0.0	1	0 1
2398	1	0.0	1	1
2402	1	0.0	1	1
2403	1	0.0	1	1
2408	1	0.0	1	1
2426	2	0.0	1	2
2428	1	0.0	1	1
2472	1	0.0	1	1
2476	1	0.0	1	1
2479	1	0.0	1	1
2494	1	0.0	1	1
2510	1	0.0	1	1
2511	1	0.0	1	1
2518	1	0.0	1	1
2520	1	0.0	1	1
2525	1	0.0	1	1
2526	2	0.0	1	2
2527	4	0.0	1	4
2529	1	0.0	1	1
2530	1	0.0	1	1
2532	1	0.0	1	1
2534	1	0.0	1	1
2537	1	0.0	1	1
2545	1	0.0	1	1
2546	1	0.0	1	1
2553	1	0.0	1	1
2554	1	0.0	1	1
2556	2	0.0	1	2
2562	1	0.0	1	1
2563	1	0.0	1	1
2570	1	0.0	1	1
2571	1	0.0	1	1
2582	1	0.0	1	1
2598	1	0.0	1	1
2634	1	0.0	1	1
2649	1	0.0	1	1
2657	1	0.0	1	1
2662	1	0.0	1	1
2668	1	0.0	1	1
2672	1	0.0	1	1
2703	1	0.0	1	1
2707	1	0.0	1	1
2714	1	0.0	1	1
2715	1	0.0	1	1
2720	1	0.0	1	1
2728	1	0.0	1	1
2733	2	0.0	1	2
2738	1	0.0	1	1
2742	1	0.0	1	1
2743	1	0.0	1	1
2746	1	0.0	1	1
2753	1	0.0	1	1
2757	1	0.0	1	1
2765	1	0.0	1	1
2769	1	0.0	1	1
2773	1	0.0	1	1
2779	1	0.0	1	1
2782	1	0.0	1	1
2783	1	0.0	1	1
2785	1	0.0	1	1
2793	1	0.0	1	1
2795	1	0.0	1	1
2799	1	0.0	1	1
2800	1	0.0	1	1
2802	1	0.0	1	1
2806	2	0.0	1	2
2807	1	0.0	1	1
2809	3	0.0	1	2 1
2810	1	0.0	1	1
2811	1	0.0	1	1
2812	1	0.0	1	1
2813	2	0.0	1	2
2814	3	0.0	1	3
2815	1	0.0	1	1
2816	4	0.0	1	4
2817	1	0.0	1	1
2818	4	0.0	1	4
2819	3	0.0	1	3
2820	1	0.0	1	1
2821	5	0.0	1	5
2822	3	0.0	1	3
2823	1	0.0	1	1
2824	3	0.0	1	3
2825	3	0.0	1	3
2826	1	0.0	1	1
2827	2	0.0	1	2
2828	2	0.0	1	2
2829	1	0.0	1	1
2831	1	0.0	1	1
2832	1	0.0	1	1
2835	1	0.0	1	1
2839	1	0.0	1	1
2840	1	0.0	1	1
2841	1	0.0	1	1
2842	1	0.0	1	1
2848	1	0.0	1	1
2852	1	0.0	1	1
2854	1	0.0	1	1
2858	1	0.0	1	1
2867	1	0.0	1	1
2868	1	0.0	1	1
2880	1	0.0	1	1
2883	3	0.0	1	2 1
2884	2	0.0	1	2
2886	2	0.0	1	2
2887	1	0.0	1	1
2888	2	0.0	1	2
2889	1	0.0	1	1
2890	4	0.0	1	4
2891	1	0.0	1	1
2892	2	0.0	1	2
2893	1	0.0	1	1
2894	2	0.0	1	2
2895	2	0.0	1	2
2896	2	0.0	1	2
2897	1	0.0	1	1
2898	2	0.0	1	2
2899	2	0.0	1	2
2900	2	0.0	1	2
2901	1	0.0	1	1
2902	1	0.0	1	1
2905	2	0.0	1	2
2921	1	0.0	1	1
2924	2	0.0	1	2
2925	1	0.0	1	1
2933	1	0.0	1	1
2934	1	0.0	1	1
2936	1	0.0	1	1
2940	1	0.0	1	0 1
2946	2	0.0	1	2
2947	1	0.0	1	1
2949	2	0.0	1	2
2954	1	0.0	1	1
2956	1	0.0	1	1
2957	1	0.0	1	1
2959	1	0.0	1	1
2961	3	0.0	1	2 1
2962	1	0.0	1	1
2966	1	0.0	1	1
2969	2	0.0	1	2
2970	1	0.0	1	1
2972	3	0.0	1	3
2979	1	0.0	1	1
2980	1	0.0	1	1
2981	1	0.0	1	1
2985	1	0.0	1	1
2986	1	0.0	1	1
2987	2	0.0	1	2
2989	1	0.0	1	1
2991	1	0.0	1	1
2992	1	0.0	1	1
2993	1	0.0	1	1
2995	1	0.0	1	0 1
2997	2	0.0	1	2
2998	2	0.0	1	2
3006	1	0.0	1	1
3010	2	0.0	1	2
3011	1	0.0	1	1
3012	1	0.0	1	1
3013	2	0.0	1	2
3014	2	0.0	1	2
3017	1	0.0	1	1
3020	1	0.0	1	1
3024	1	0.0	1	1
3025	1	0.0	1	1
3027	3	0.0	1	3
3028	1	0.0	1	1
3029	1	0.0	1	1
3030	2	0.0	1	2
3032	2	0.0	1	2
3034	1	0.0	1	1
3035	2	0.0	1	2
3036	1	0.0	1	1
3037	1	0.0	1	1
3038	1	0.0	1	1
3040	2	0.0	1	2
3041	4	0.0	1	4
3042	1	0.0	1	1
3043	1	0.0	1	0 1
3048	2	0.0	1	2
3049	2	0.0	1	2
3050	3	0.0	1	3
3052	6	0.0	1	6
3053	3	0.0	1	2 1
3054	4	0.0	1	4
3055	4	0.0	1	4
3056	3	0.0	1	3
3057	3	0.0	1	3
3058	4	0.0	1	4
3059	2	0.0	1	2
3060	6	0.0	1	5 1
3061	6	0.0	1	5 1
3062	5	0.0	1	5
3063	10	0.0	1	10
3064	8	0.0	1	8
3065	11	0.0	1	11
3066	6	0.0	1	4 2
3067	8	0.0	1	8
3068	9	0.0	1	9
3069	14	0.0	1	14
3070	12	0.0	1	12
3071	21	0.0	1	20 1
3072	15	0.0	1	15
3073	17	0.0	1	17
3074	27	0.0	1	26 1
3075	42	0.0	1	42
3076	45	0.0	1	45
3077	45	0.0	1	42 3
3078	51	0.0	1	50 1
3079	56	0.0	1	55 1
3080	65	0.0	1	65
3081	50	0.0	1	48 2
3082	58	0.0	1	55 3
3083	52	0.0	1	52
3084	41	0.0	1	40 1
3085	38	0.0	1	38
3086	23	0.0	1	23
3087	20	0.0	1	20
3088	11	0.0	1	11
3089	9	0.0	1	9
3090	4	0.0	1	4
3091	8	0.0	1	8
3092	4	0.0	1	4
3093	5	0.0	1	5
3094	1	0.0	1	1
3095	6	0.0	1	6
3096	5	0.0	1	4 1
3097	3	0.0	1	3
3098	5	0.0	1	5
3099	3	0.0	1	3
3100	4	0.0	1	4
3101	3	0.0	1	3
3102	1	0.0	1	1
3103	2	0.0	1	2
3105	4	0.0	1	4
3106	6	0.0	1	6
3107	7	0.0	1	7
3108	6	0.0	1	6
3109	10	0.0	1	9 1
3110	9	0.0	1	8 1
3111	6	0.0	1	4 2
3112	9	0.0	1	9
3113	10	0.0	1	9 1
3114	7	0.0	1	7
3115	7	0.0	1	6 1
3116	12	0.0	1	12
3117	14	0.0	1	14
3118	9	0.0	1	7 2
3119	11	0.0	1	11
3120	16	0.0	1	16
3121	21	0.0	1	20 1
3122	15	0.0	1	15
3123	15	0.0	1	15
3124	7	0.0	1	6 1
3125	11	0.0	1	11
3126	8	0.0	1	8
3127	7	0.0	1	7
3128	12	0.0	1	12
3129	8	0.0	1	8
3130	11	0.0	1	10 1
3131	8	0.0	1	8
3132	13	0.0	1	11 2
3133	12	0.0	1	9 3
3134	14	0.0	1	11 3
3135	3	0.0	1	3
3136	10	0.0	1	10
3137	15	0.0	1	15
3138	17	0.0	1	17
3139	14	0.0	1	12 2
3140	14	0.0	1	13 1
3141	15	0.0	1	15
3142	21	0.0	1	19 2
3143	23	0.0	1	23
3144	27	0.0	1	26 1
3145	24	0.0	1	22 2
3146	31	0.0	1	29 2
3147	27	0.0	1	25 2
3148	30	0.0	1	28 2
3149	30	0.0	1	26 4
3150	35	0.0	1	32 3
3151	47	0.0	1	47
3152	46	0.0	1	46
3153	49	0.0	1	46 3
3154	54	0.0	1	52 2
3155	65	0.0	1	62 3
3156	86	0.0	1	81 5
3157	79	0.0	1	76 3
3158	101	0.0	1	100 1
3159	104	0.0	1	101 3
3160	155	0.0	1	152 3
3161	158	0.0	1	152 6
3162	176	0.0	1	173 3
3163	236	0.0	1	231 5
3164	269	0.0	1	262 7
3165	311	0.0	1	303 8
3166	335	0.0	1	329 6
3167	454	0.0	1	443 11
3168	441	0.0	1	432 9
3169	525	0.0	1	515 10
3170	564	0.0	1	557 7
3171	617	0.0	1	608 9
3172	583	0.0	1	574 9
3173	588	0.0	1	580 8
3174	529	0.0	1	522 7
3175	455	0.0	1	448 7
3176	394	0.0	1	385 9
3177	251	0.0	1	248 3
3178	217	0.0	1	215 2
3179	165	0.0	1	163 2
3180	111	0.0	1	110 1
3181	75	0.0	1	73 2
3182	47	0.0	1	46 1
3183	44	0.0	1	44
3184	28	0.0	1	28
3185	15	0.0	1	15
3186	14	0.0	1	12 2
3187	11	0.0	1	11
3188	14	0.0	1	14
3189	7	0.0	1	7
3190	4	0.0	1	4
3191	5	0.0	1	4 1
3192	3	0.0	1	3
3193	4	0.0	1	3 1
3194	4	0.0	1	4
3195	5	0.0	1	5
3196	2	0.0	1	2
3197	12	0.0	1	12
3198	4	0.0	1	4
3199	6	0.0	1	6
3200	6	0.0	1	5 1
3201	7	0.0	1	7
3202	5	0.0	1	5
3203	8	0.0	1	8
3204	9	0.0	1	9
3205	3	0.0	1	3
3206	7	0.0	1	7
3207	2	0.0	1	2
3208	6	0.0	1	6
3209	7	0.0	1	7
3210	2	0.0	1	2
3211	5	0.0	1	5
3212	6	0.0	1	6
3213	2	0.0	1	2
3215	3	0.0	1	3
3216	3	0.0	1	3
3217	1	0.0	1	1
3218	1	0.0	1	1
3219	4	0.0	1	4
3220	3	0.0	1	3
3221	1	0.0	1	1
3223	1	0.0	1	1
3225	2	0.0	1	2
3226	2	0.0	1	2
3228	2	0.0	1	2
3229	1	0.0	1	1
3230	2	0.0	1	2
3231	2	0.0	1	2
3232	3	0.0	1	3
3234	2	0.0	1	2
3235	4	0.0	1	4
3238	1	0.0	1	1
3239	3	0.0	1	3
3241	1	0.0	1	1
3242	3	0.0	1	3
3244	5	0.0	1	5
3245	4	0.0	1	4
3246	2	0.0	1	2
3247	1	0.0	1	1
3248	1	0.0	1	1
3249	1	0.0	1	1
3250	2	0.0	1	2
3252	1	0.0	1	1
3253	2	0.0	1	2
3256	3	0.0	1	3
3257	3	0.0	1	3
3259	4	0.0	1	4
3260	2	0.0	1	2
3261	3	0.0	1	3
3264	2	0.0	1	2
3265	1	0.0	1	1
3266	1	0.0	1	1
3267	3	0.0	1	3
3269	3	0.0	1	3
3270	2	0.0	1	2
3271	1	0.0	1	1
3272	1	0.0	1	1
3273	2	0.0	1	2
3275	1	0.0	1	1
3277	1	0.0	1	1
3278	2	0.0	1	2
3279	2	0.0	1	1 1
3280	1	0.0	1	1
3281	1	0.0	1	1
3282	1	0.0	1	1
3283	3	0.0	1	3
3284	3	0.0	1	2 1
3286	1	0.0	1	1
3287	1	0.0	1	1
3288	2	0.0	1	2
3290	2	0.0	1	2
3291	2	0.0	1	2
3293	2	0.0	1	2
3294	2	0.0	1	2
3295	1	0.0	1	1
3296	1	0.0	1	1
3297	2	0.0	1	2
3298	3	0.0	1	3
3299	2	0.0	1	2
3300	2	0.0	1	2
3301	1	0.0	1	1
3303	2	0.0	1	2
3304	2	0.0	1	2
3305	2	0.0	1	2
3307	1	0.0	1	1
3308	3	0.0	1	3
3309	1	0.0	1	1
3310	3	0.0	1	3
3311	1	0.0	1	1
3312	3	0.0	1	3
3313	3	0.0	1	3
3314	4	0.0	1	4
3315	1	0.0	1	1
3316	2	0.0	1	2
3318	3	0.0	1	3
3320	2	0.0	1	2
3321	2	0.0	1	2
3322	3	0.0	1	3
3324	1	0.0	1	1
3325	2	0.0	1	2
3326	2	0.0	1	2
3328	1	0.0	1	1
3329	1	0.0	1	1
3330	2	0.0	1	2
3331	2	0.0	1	2
3333	3	0.0	1	3
3334	4	0.0	1	4
3335	3	0.0	1	3
3336	4	0.0	1	4
3337	2	0.0	1	2
3338	1	0.0	1	1
3339	6	0.0	1	6
3340	2	0.0	1	2
3341	1	0.0	1	1
3342	1	0.0	1	1
3343	1	0.0	1	1
3344	3	0.0	1	3
3345	1	0.0	1	1
3347	3	0.0	1	3
3348	4	0.0	1	4
3349	1	0.0	1	1
3350	2	0.0	1	2
3351	3	0.0	1	3
3352	1	0.0	1	1
3354	2	0.0	1	2
3355	2	0.0	1	2
3356	1	0.0	1	1
3357	2	0.0	1	2
3359	1	0.0	1	1
3360	1	0.0	1	1
3361	1	0.0	1	1
3362	1	0.0	1	1
3363	3	0.0	1	3
3365	2	0.0	1	2
3366	6	0.0	1	6
3367	4	0.0	1	4
3369	5	0.0	1	5
3370	2	0.0	1	2
3371	2	0.0	1	2
3372	4	0.0	1	4
3374	1	0.0	1	1
3376	3	0.0	1	3
3377	1	0.0	1	1
3378	1	0.0	1	1
3379	3	0.0	1	3
3380	1	0.0	1	1
3382	1	0.0	1	1
3383	1	0.0	1	1
3384	2	0.0	1	2
3385	1	0.0	1	1
3386	1	0.0	1	1
3387	2	0.0	1	2
3388	3	0.0	1	3
3389	5	0.0	1	5
3390	1	0.0	1	1
3391	4	0.0	1	4
3392	1	0.0	1	1
3393	2	0.0	1	2
3395	3	0.0	1	3
3396	2	0.0	1	2
3397	1	0.0	1	1
3399	4	0.0	1	4
3401	2	0.0	1	2
3402	2	0.0	1	2
3403	1	0.0	1	1
3404	1	0.0	1	1
3405	2	0.0	1	2
3406	1	0.0	1	1
3407	2	0.0	1	2
3409	2	0.0	1	2
3410	2	0.0	1	2
3412	3	0.0	1	3
3413	1	0.0	1	1
3414	2	0.0	1	2
3415	1	0.0	1	1
3417	1	0.0	1	1
3418	1	0.0	1	1
3419	1	0.0	1	1
3420	1	0.0	1	1
3421	1	0.0	1	1
3423	2	0.0	1	2
3424	1	0.0	1	1
3425	3	0.0	1	3
3426	1	0.0	1	1
3427	5	0.0	1	5
3428	3	0.0	1	3
3429	3	0.0	1	3
3430	3	0.0	1	3
3431	1	0.0	1	1
3432	1	0.0	1	1
3433	1	0.0	1	1
3434	2	0.0	1	2
3435	1	0.0	1	1
3436	1	0.0	1	1
3438	1	0.0	1	1
3439	1	0.0	1	1
3440	4	0.0	1	4
3445	1	0.0	1	1
3446	2	0.0	1	2
3447	1	0.0	1	1
3448	1	0.0	1	1
3449	3	0.0	1	3
3450	1	0.0	1	1
3451	3	0.0	1	3
3452	1	0.0	1	1
3454	1	0.0	1	1
3455	2	0.0	1	2
3456	3	0.0	1	3
3457	3	0.0	1	3
3458	1	0.0	1	1
3459	3	0.0	1	3
3460	1	0.0	1	1
3461	1	0.0	1	1
3462	2	0.0	1	2
3463	1	0.0	1	1
3464	1	0.0	1	1
3466	1	0.0	1	1
3467	2	0.0	1	2
3468	1	0.0	1	1
3469	2	0.0	1	2
3470	3	0.0	1	3
3471	1	0.0	1	1
3472	1	0.0	1	1
3473	1	0.0	1	1
3474	3	0.0	1	3
3475	4	0.0	1	4
3477	1	0.0	1	1
3478	1	0.0	1	1
3481	2	0.0	1	2
3484	1	0.0	1	1
3487	1	0.0	1	1
3488	1	0.0	1	1
3489	1	0.0	1	1
3492	1	0.0	1	1
3493	1	0.0	1	1
3494	1	0.0	1	1
3495	1	0.0	1	1
3500	1	0.0	1	1
3501	1	0.0	1	1
3502	1	0.0	1	1
3503	3	0.0	1	2 1
3504	1	0.0	1	1
3507	1	0.0	1	1
3509	1	0.0	1	1
3510	1	0.0	1	1
3514	1	0.0	1	1
3515	1	0.0	1	1
3516	3	0.0	1	3
3517	3	0.0	1	3
3518	2	0.0	1	2
3519	1	0.0	1	1
3521	1	0.0	1	1
3524	1	0.0	1	1
3525	2	0.0	1	2
3527	2	0.0	1	2
3529	1	0.0	1	1
3530	1	0.0	1	1
3531	3	0.0	1	3
3533	1	0.0	1	1
3535	1	0.0	1	1
3536	1	0.0	1	1
3539	1	0.0	1	1
3540	1	0.0	1	1
3541	2	0.0	1	2
3543	1	0.0	1	1
3544	2	0.0	1	2
3545	1	0.0	1	1
3546	1	0.0	1	1
3549	1	0.0	1	1
3550	1	0.0	1	1
3553	1	0.0	1	1
3555	1	0.0	1	1
3557	1	0.0	1	1
3560	3	0.0	1	3
3562	1	0.0	1	1
3563	2	0.0	1	2
3564	1	0.0	1	1
3566	2	0.0	1	2
3567	1	0.0	1	1
3568	1	0.0	1	1
3569	1	0.0	1	1
3572	1	0.0	1	1
3574	1	0.0	1	1
3577	1	0.0	1	1
3578	1	0.0	1	1
3579	1	0.0	1	1
3580	1	0.0	1	1
3581	1	0.0	1	1
3582	1	0.0	1	1
3583	1	0.0	1	1
3584	3	0.0	1	3
3586	2	0.0	1	2
3588	2	0.0	1	2
3589	1	0.0	1	1
3590	2	0.0	1	2
3593	2	0.0	1	2
3594	1	0.0	1	1
3596	2	0.0	1	2
3597	2	0.0	1	2
3600	1	0.0	1	1
3604	2	0.0	1	2
3607	1	0.0	1	1
3608	1	0.0	1	1
3609	1	0.0	1	1
3610	1	0.0	1	1
3614	2	0.0	1	2
3615	1	0.0	1	1
3616	1	0.0	1	1
3619	1	0.0	1	1
3622	1	0.0	1	1
3623	3	0.0	1	3
3628	2	0.0	1	2
3629	1	0.0	1	1
3631	2	0.0	1	2
3632	2	0.0	1	2
3633	4	0.0	1	4
3634	1	0.0	1	1
3635	2	0.0	1	2
3636	2	0.0	1	2
3638	1	0.0	1	1
3640	1	0.0	1	1
3641	1	0.0	1	1
3642	1	0.0	1	1
3645	1	0.0	1	1
3647	2	0.0	1	2
3651	1	0.0	1	1
3652	1	0.0	1	1
3654	1	0.0	1	1
3655	1	0.0	1	1
3663	2	0.0	1	2
3664	1	0.0	1	1
3665	2	0.0	1	2
3666	2	0.0	1	2
3669	1	0.0	1	1
3674	1	0.0	1	1
3676	4	0.0	1	3 1
3678	1	0.0	1	1
3683	1	0.0	1	1
3685	1	0.0	1	1
3687	3	0.0	1	3
3690	1	0.0	1	1
3691	1	0.0	1	1
3696	1	0.0	1	1
3701	2	0.0	1	2
3704	1	0.0	1	1
3706	1	0.0	1	1
3709	2	0.0	1	2
3710	1	0.0	1	1
3711	1	0.0	1	1
3712	1	0.0	1	1
3714	2	0.0	1	2
3715	1	0.0	1	1
3716	2	0.0	1	2
3729	2	0.0	1	2
3733	1	0.0	1	1
3735	2	0.0	1	2
3740	1	0.0	1	1
3741	1	0.0	1	1
3742	2	0.0	1	2
3748	1	0.0	1	1
3750	2	0.0	1	2
3754	1	0.0	1	1
3757	1	0.0	1	1
3762	2	0.0	1	2
3765	1	0.0	1	1
3766	1	0.0	1	1
3774	1	0.0	1	1
3775	1	0.0	1	1
3779	2	0.0	1	2
3781	1	0.0	1	1
3786	2	0.0	1	2
3796	1	0.0	1	1
3798	2	0.0	1	2
3799	1	0.0	1	1
3803	1	0.0	1	1
3809	1	0.0	1	1
3812	1	0.0	1	1
3819	2	0.0	1	2
3820	2	0.0	1	2
3821	1	0.0	1	1
3822	2	0.0	1	2
3832	1	0.0	1	1
3834	1	0.0	1	1
3835	1	0.0	1	1
3837	1	0.0	1	1
3839	1	0.0	1	1
3846	1	0.0	1	1
3850	1	0.0	1	1
3854	1	0.0	1	1
3855	1	0.0	1	1
3857	1	0.0	1	1
3871	1	0.0	1	1
3878	1	0.0	1	1
3882	1	0.0	1	1
3888	2	0.0	1	2
3889	1	0.0	1	1
3892	1	0.0	1	1
3894	1	0.0	1	1
3899	2	0.0	1	1 1
3902	2	0.0	1	2
3903	1	0.0	1	1
3906	1	0.0	1	1
3911	1	0.0	1	1
3915	1	0.0	1	1
3926	1	0.0	1	1
3931	1	0.0	1	1
3935	1	0.0	1	1
3938	1	0.0	1	1
3939	1	0.0	1	1
3944	1	0.0	1	1
3950	1	0.0	1	1
3953	1	0.0	1	1
3955	1	0.0	1	1
3956	1	0.0	1	1
3958	1	0.0	1	1
3961	1	0.0	1	1
3963	1	0.0	1	1
3964	1	0.0	1	1
3966	1	0.0	1	1
3983	1	0.0	1	1
3988	1	0.0	1	1
3989	1	0.0	1	1
3991	1	0.0	1	1
3995	1	0.0	1	1
4011	1	0.0	1	1
4013	1	0.0	1	1
4018	1	0.0	1	1
4033	1	0.0	1	1
4037	1	0.0	1	1
4039	1	0.0	1	1
4056	1	0.0	1	1
4057	1	0.0	1	1
4064	1	0.0	1	1
4084	1	0.0	1	1
4087	1	0.0	1	1
4088	1	0.0	1	1
4095	1	0.0	1	1
4096	1	0.0	1	1
4102	1	0.0	1	1
4117	1	0.0	1	1
4119	1	0.0	1	1
4134	1	0.0	1	1
4140	1	0.0	1	1
4153	1	0.0	1	1
4168	1	0.0	1	1
4170	1	0.0	1	1
4179	1	0.0	1	1
4194	1	0.0	1	1
4197	1	0.0	1	1
4224	1	0.0	1	1
4229	1	0.0	1	1
4237	1	0.0	1	1
4272	1	0.0	1	1
4276	1	0.0	1	1
4283	1	0.0	1	1
4304	1	0.0	1	1
4311	1	0.0	1	1
4328	1	0.0	1	1
4335	2	0.0	1	2
4337	1	0.0	1	1
4344	1	0.0	1	1
4352	1	0.0	1	1
4366	1	0.0	1	1
4417	1	0.0	1	1
4422	1	0.0	1	1
4429	1	0.0	1	1
4455	1	0.0	1	1
4540	1	0.0	1	1
4544	1	0.0	1	1
4546	1	0.0	1	1
4590	1	0.0	1	1
4604	1	0.0	1	1
4644	1	0.0	1	1
4656	1	0.0	1	1
4662	1	0.0	1	1
4664	1	0.0	1	1
4667	2	0.0	1	2
4671	1	0.0	1	1
4707	1	0.0	1	1
4723	1	0.0	1	1
4847	1	0.0	1	1
4849	1	0.0	1	1
4914	1	0.0	1	1
4934	1	0.0	1	1
4955	1	0.0	1	1
4958	1	0.0	1	1
4980	1	0.0	1	1
4991	1	0.0	1	1
5070	1	0.0	1	1
5072	1	0.0	1	1
5073	1	0.0	1	1
5077	2	0.0	1	2
5082	1	0.0	1	1
5083	2	0.0	1	2
5087	1	0.0	1	1
5093	1	0.0	1	1
5098	2	0.0	1	2
5114	1	0.0	1	1
5208	1	0.0	1	1
5249	1	0.0	1	1
5251	1	0.0	1	1
5264	1	0.0	1	1
5315	1	0.0	1	1
5351	1	0.0	1	1
5386	1	0.0	1	1
5454	1	0.0	1	1
5515	1	0.0	1	1
5538	1	0.0	1	1
5558	1	0.0	1	1
5584	1	0.0	1	1
5599	1	0.0	1	1
5748	1	0.0	1	1
5757	1	0.0	1	1
5778	1	0.0	1	1
5967	1	0.0	1	1
5979	2	0.0	1	2
5993	1	0.0	1	1
6013	1	0.0	1	1
6021	1	0.0	1	1
6022	1	0.0	1	1
6034	1	0.0	1	1
6038	1	0.0	1	1
6039	2	0.0	1	2
6050	1	0.0	1	1
6052	1	0.0	1	1
6060	1	0.0	1	1
6081	1	0.0	1	1
6100	2	0.0	1	2
6106	1	0.0	1	1
6111	1	0.0	1	1
6112	1	0.0	1	1
6141	1	0.0	1	1
6147	1	0.0	1	1
6156	1	0.0	1	1
6162	1	0.0	1	1
6169	1	0.0	1	1
6184	1	0.0	1	1
6191	1	0.0	1	1
6192	1	0.0	1	1
6195	1	0.0	1	1
6199	1	0.0	1	1
6210	1	0.0	1	1
6214	1	0.0	1	1
6220	1	0.0	1	1
6227	1	0.0	1	1
6230	1	0.0	1	1
6233	1	0.0	1	1
6238	1	0.0	1	1
6240	1	0.0	1	1
6246	1	0.0	1	1
6247	1	0.0	1	1
6248	1	0.0	1	1
6251	1	0.0	1	1
6252	2	0.0	1	2
6262	1	0.0	1	1
6264	1	0.0	1	1
6268	1	0.0	1	1
6269	1	0.0	1	1
6270	1	0.0	1	1
6271	1	0.0	1	1
6272	2	0.0	1	2
6273	1	0.0	1	1
6274	2	0.0	1	2
6275	1	0.0	1	1
6276	2	0.0	1	2
6277	1	0.0	1	1
6278	3	0.0	1	3
6279	1	0.0	1	1
6281	3	0.0	1	3
6282	3	0.0	1	3
6283	2	0.0	1	2
6284	3	0.0	1	3
6285	1	0.0	1	1
6286	3	0.0	1	3
6287	3	0.0	1	3
6288	3	0.0	1	3
6289	1	0.0	1	1
6290	3	0.0	1	3
6291	5	0.0	1	5
6293	3	0.0	1	3
6294	4	0.0	1	4
6295	5	0.0	1	5
6297	1	0.0	1	1
6298	5	0.0	1	5
6299	1	0.0	1	1
6300	4	0.0	1	4
6301	2	0.0	1	2
6302	2	0.0	1	2
6304	1	0.0	1	1
6305	1	0.0	1	1
6308	1	0.0	1	1
6309	2	0.0	1	2
6310	2	0.0	1	2
6313	2	0.0	1	2
6316	1	0.0	1	1
6317	1	0.0	1	1
6318	2	0.0	1	2
6319	2	0.0	1	2
6320	1	0.0	1	1
6321	1	0.0	1	1
6322	1	0.0	1	1
6325	2	0.0	1	2
6326	1	0.0	1	1
6327	1	0.0	1	1
6328	1	0.0	1	1
6329	1	0.0	1	1
6330	1	0.0	1	1
6331	1	0.0	1	1
6332	2	0.0	1	2
6334	1	0.0	1	1
6336	1	0.0	1	1
6338	1	0.0	1	1
6341	2	0.0	1	2
6342	1	0.0	1	1
6343	2	0.0	1	2
6344	1	0.0	1	1
6346	4	0.0	1	4
6347	4	0.0	1	4
6350	1	0.0	1	1
6351	1	0.0	1	1
6352	2	0.0	1	2
6353	2	0.0	1	2
6354	1	0.0	1	1
6356	2	0.0	1	2
6357	3	0.0	1	3
6359	2	0.0	1	2
6360	3	0.0	1	3
6361	1	0.0	1	1
6362	4	0.0	1	4
6363	4	0.0	1	4
6364	2	0.0	1	2
6365	5	0.0	1	5
6366	5	0.0	1	5
6367	5	0.0	1	5
6368	7	0.0	1	7
6369	3	0.0	1	3
6370	9	0.0	1	9
6371	7	0.0	1	7
6372	10	0.0	1	10
6373	14	0.0	1	14
6374	13	0.0	1	13
6375	13	0.0	1	13
6376	10	0.0	1	10
6377	15	0.0	1	15
6378	17	0.0	1	17
6379	11	0.0	1	11
6380	13	0.0	1	13
6381	14	0.0	1	14
6382	12	0.0	1	12
6383	26	0.0	1	26
6384	26	0.0	1	26
6385	17	0.0	1	17
6386	16	0.0	1	16
6387	24	0.0	1	24
6388	15	0.0	1	15
6389	13	0.0	1	13
6390	13	0.0	1	13
6391	12	0.0	1	12
6392	9	0.0	1	9
6393	15	0.0	1	15
6394	3	0.0	1	3
6395	6	0.0	1	6
6396	3	0.0	1	3
6397	4	0.0	1	4
6398	1	0.0	1	1
6399	2	0.0	1	2
6400	1	0.0	1	1
6401	1	0.0	1	1
6402	2	0.0	1	2
6404	1	0.0	1	1
6405	1	0.0	1	1
6406	1	0.0	1	1
6407	1	0.0	1	1
6409	1	0.0	1	1
6410	2	0.0	1	2
6411	1	0.0	1	1
6412	1	0.0	1	1
6415	2	0.0	1	2
6416	3	0.0	1	3
6417	4	0.0	1	4
6418	3	0.0	1	3
6419	2	0.0	1	2
6420	4	0.0	1	4
6422	1	0.0	1	1
6423	2	0.0	1	2
6424	4	0.0	1	4
6426	1	0.0	1	1
6427	1	0.0	1	1
6429	2	0.0	1	2
6430	3	0.0	1	3
6431	1	0.0	1	1
6432	1	0.0	1	1
6434	1	0.0	1	1
6435	1	0.0	1	1
6436	1	0.0	1	1
6443	1	0.0	1	1
6450	1	0.0	1	1
6459	3	0.0	1	3
6460	1	0.0	1	1
6461	1	0.0	1	1
6462	2	0.0	1	2
6465	2	0.0	1	1 1
6469	1	0.0	1	1
6477	1	0.0	1	1
6479	1	0.0	1	1
6481	1	0.0	1	1
6488	1	0.0	1	1
6497	1	0.0	1	1
6503	1	0.0	1	1
6507	1	0.0	1	1
6510	1	0.0	1	1
6513	1	0.0	1	1
6518	2	0.0	1	2
6523	1	0.0	1	1
6529	1	0.0	1	1
6530	1	0.0	1	1
6532	1	0.0	1	1
6536	1	0.0	1	1
6539	1	0.0	1	1
6540	1	0.0	1	1
6541	2	0.0	1	2
6543	1	0.0	1	1
6552	1	0.0	1	1
6556	1	0.0	1	1
6558	1	0.0	1	1
6562	1	0.0	1	1
6565	1	0.0	1	1
6568	1	0.0	1	1
6575	1	0.0	1	1
6581	1	0.0	1	1
6584	1	0.0	1	1
6588	1	0.0	1	1
6589	2	0.0	1	2
6591	1	0.0	1	1
6593	1	0.0	1	1
6597	1	0.0	1	1
6599	1	0.0	1	1
6600	1	0.0	1	1
6611	1	0.0	1	1
6612	1	0.0	1	1
6626	1	0.0	1	1
6631	1	0.0	1	1
6633	1	0.0	1	1
6637	1	0.0	1	1
6644	1	0.0	1	1
6648	1	0.0	1	1
6649	2	0.0	1	2
6652	2	0.0	1	2
6662	1	0.0	1	1
6664	1	0.0	1	1
6666	1	0.0	1	1
6667	1	0.0	1	1
6674	1	0.0	1	1
6682	1	0.0	1	1
6689	1	0.0	1	1
6703	1	0.0	1	1
6705	1	0.0	1	1
6713	1	0.0	1	1
6717	1	0.0	1	1
6719	1	0.0	1	1
6722	1	0.0	1	1
6724	1	0.0	1	1
6750	1	0.0	1	1
6766	1	0.0	1	1
6768	1	0.0	1	1
6771	1	0.0	1	1
6786	1	0.0	1	1
6812	1	0.0	1	1
6818	1	0.0	1	1
6819	1	0.0	1	1
6831	1	0.0	1	1
6841	1	0.0	1	1
6844	1	0.0	1	1
6855	1	0.0	1	1
6856	1	0.0	1	1
6857	1	0.0	1	1
6860	2	0.0	1	2
6861	1	0.0	1	1
6863	1	0.0	1	1
6865	1	0.0	1	1
6873	1	0.0	1	1
6880	1	0.0	1	1
6882	1	0.0	1	1
6886	1	0.0	1	1
6889	1	0.0	1	1
6904	1	0.0	1	1
6929	1	0.0	1	1
6943	1	0.0	1	1
6977	1	0.0	1	1
6985	1	0.0	1	1
6986	1	0.0	1	1
7101	1	0.0	1	1
7140	1	0.0	1	1
7206	1	0.0	1	1
7435	1	0.0	1	1
7741	1	0.0	1	1
7929	1	0.0	1	1
8008	1	0.0	1	1
8038	1	0.0	1	1
8225	1	0.0	1	1
8283	1	0.0	1	1
8299	1	0.0	1	1
8413	1	0.0	1	1
8424	1	0.0	1	1
8432	2	0.0	1	2
8535	1	0.0	1	1
8676	1	0.0	1	1
9274	1	0.0	1	1
9293	1	0.0	1	1
9331	1	0.0	1	1
9348	1	0.0	1	1
9379	1	0.0	1	1
9409	1	0.0	1	1
9417	1	0.0	1	1
9465	1	0.0	1	1
9470	1	0.0	1	1
9495	1	0.0	1	1
9501	1	0.0	1	1
9508	1	0.0	1	1
9509	1	0.0	1	1
9519	1	0.0	1	1
9520	1	0.0	1	1
9522	1	0.0	1	1
9534	1	0.0	1	1
9536	1	0.0	1	1
9558	1	0.0	1	1
9560	1	0.0	1	1
9566	1	0.0	1	1
9570	1	0.0	1	1
9572	1	0.0	1	1
9581	2	0.0	1	2
9582	1	0.0	1	1
9588	2	0.0	1	2
9592	1	0.0	1	1
9593	1	0.0	1	1
9594	2	0.0	1	2
9595	1	0.0	1	1
9596	1	0.0	1	1
9598	2	0.0	1	2
9599	1	0.0	1	1
9600	3	0.0	1	3
9602	1	0.0	1	1
9603	1	0.0	1	1
9604	2	0.0	1	2
9605	1	0.0	1	1
9608	1	0.0	1	1
9617	1	0.0	1	1
9627	1	0.0	1	1
9634	1	0.0	1	1
9645	1	0.0	1	1
9666	1	0.0	1	1
9672	1	0.0	1	1
9676	1	0.0	1	1
9732	2	0.0	1	2
9738	1	0.0	1	1
9754	1	0.0	1	1
9802	1	0.0	1	1
9820	1	0.0	1	1
9832	1	0.0	1	1
9866	1	0.0	1	1
9874	1	0.0	1	1
9884	1	0.0	1	1
10042	1	0.0	1	1
10070	1	0.0	1	1
10158	1	0.0	1	1
10270	1	0.0	1	1
10276	1	0.0	1	1
10354	1	0.0	1	1
10382	1	0.0	1	1
10492	1	0.0	1	1
11349	1	0.0	1	1
12355	1	0.0	1	1
12698	1	0.0	1	1
12738	1	0.0	1	1
12812	1	0.0	1	1
12860	1	0.0	1	1
12979	1	0.0	1	1
13048	1	0.0	1	1
13186	1	0.0	1	1
13532	1	0.0	1	1
15088	1	0.0	1	1


=== Adapter P1103 ===

Sequence: GCCTACAGCCTCCTARTACAA; Type: regular 3'; Length: 21; Trimmed: 14804 times

Minimum overlap: 3
No. of allowed errors:
1-9 bp: 0; 10-19 bp: 1; 20-21 bp: 2

Bases preceding removed adapters:
  A: 0.1%
  C: 0.1%
  G: 0.0%
  T: 99.8%
  none/other: 0.0%
WARNING:
    The adapter is preceded by 'T' extremely often.
    The provided adapter sequence could be incomplete at its 5' end.
    Ignore this warning when trimming primers.

Overview of removed sequences
length	count	expect	max.err	error counts
7	1	1.9	0	1
33	1	0.0	2	1
40	1	0.0	2	1
43	1	0.0	2	1
56	1	0.0	2	1
62	1	0.0	2	1
63	1	0.0	2	1
64	2	0.0	2	2
65	5	0.0	2	5
66	5	0.0	2	5
69	5	0.0	2	4 1
70	9	0.0	2	9
71	29	0.0	2	29
72	50	0.0	2	48 1 1
73	2	0.0	2	1 1
94	1	0.0	2	1
97	1	0.0	2	1
100	1	0.0	2	1
103	1	0.0	2	1
104	1	0.0	2	1
107	1	0.0	2	1
108	1	0.0	2	1
110	2	0.0	2	2
111	1	0.0	2	1
113	2	0.0	2	2
114	9	0.0	2	7 2
115	9	0.0	2	8 0 1
116	16	0.0	2	16
117	1	0.0	2	1
124	1	0.0	2	1
129	2	0.0	2	2
130	1	0.0	2	1
134	1	0.0	2	1
138	1	0.0	2	1
141	1	0.0	2	1
142	1	0.0	2	1
143	1	0.0	2	0 1
145	1	0.0	2	1
146	1	0.0	2	1
148	1	0.0	2	1
152	1	0.0	2	1
153	1	0.0	2	1
154	1	0.0	2	1
156	1	0.0	2	1
157	4	0.0	2	4
158	2	0.0	2	2
159	1	0.0	2	1
161	1	0.0	2	1
164	1	0.0	2	1
166	1	0.0	2	1
167	1	0.0	2	1
168	1	0.0	2	1
169	3	0.0	2	3
177	1	0.0	2	1
179	1	0.0	2	1
190	1	0.0	2	1
192	6	0.0	2	6
193	3	0.0	2	3
194	2	0.0	2	2
196	4	0.0	2	4
197	1	0.0	2	1
198	5	0.0	2	5
199	2	0.0	2	2
200	2	0.0	2	2
201	3	0.0	2	3
202	2	0.0	2	2
203	1	0.0	2	1
205	1	0.0	2	1
208	3	0.0	2	3
209	1	0.0	2	1
210	2	0.0	2	2
211	2	0.0	2	2
212	1	0.0	2	1
213	1	0.0	2	1
214	1	0.0	2	1
215	1	0.0	2	1
216	1	0.0	2	1
217	3	0.0	2	3
218	1	0.0	2	1
219	1	0.0	2	1
220	3	0.0	2	3
221	1	0.0	2	1
223	1	0.0	2	1
224	3	0.0	2	3
225	3	0.0	2	3
226	3	0.0	2	3
227	7	0.0	2	7
228	4	0.0	2	4
229	3	0.0	2	3
231	5	0.0	2	5
232	3	0.0	2	2 1
233	5	0.0	2	5
234	9	0.0	2	9
235	8	0.0	2	8
236	18	0.0	2	16 1 1
237	30	0.0	2	30
238	85	0.0	2	81 4
239	163	0.0	2	162 0 1
240	168	0.0	2	164 4
241	43	0.0	2	39 3 1
242	11	0.0	2	11
243	4	0.0	2	2 2
244	4	0.0	2	4
245	5	0.0	2	5
246	2	0.0	2	2
247	2	0.0	2	2
248	2	0.0	2	2
249	2	0.0	2	2
250	1	0.0	2	1
251	3	0.0	2	2 1
252	2	0.0	2	2
254	2	0.0	2	1 1
255	2	0.0	2	2
256	1	0.0	2	1
257	4	0.0	2	3 1
258	2	0.0	2	2
259	1	0.0	2	1
260	2	0.0	2	2
261	2	0.0	2	2
263	2	0.0	2	1 1
265	1	0.0	2	1
266	3	0.0	2	3
267	4	0.0	2	4
268	4	0.0	2	3 0 1
269	4	0.0	2	4
270	2	0.0	2	2
271	7	0.0	2	7
272	2	0.0	2	2
273	5	0.0	2	5
274	3	0.0	2	3
275	3	0.0	2	3
276	1	0.0	2	1
277	1	0.0	2	1
278	3	0.0	2	2 1
279	1	0.0	2	1
280	1	0.0	2	1
285	6	0.0	2	6
287	1	0.0	2	1
288	1	0.0	2	1
290	1	0.0	2	1
291	2	0.0	2	2
292	3	0.0	2	3
293	1	0.0	2	1
295	4	0.0	2	4
296	3	0.0	2	3
297	1	0.0	2	1
298	3	0.0	2	2 1
299	3	0.0	2	3
301	2	0.0	2	2
303	3	0.0	2	3
304	1	0.0	2	1
305	2	0.0	2	2
306	3	0.0	2	3
307	1	0.0	2	1
308	2	0.0	2	2
309	1	0.0	2	1
310	1	0.0	2	1
311	1	0.0	2	1
313	2	0.0	2	2
314	1	0.0	2	1
316	1	0.0	2	1
317	2	0.0	2	2
322	2	0.0	2	2
324	1	0.0	2	1
325	3	0.0	2	3
326	1	0.0	2	1
327	1	0.0	2	1
330	2	0.0	2	2
331	2	0.0	2	2
332	3	0.0	2	3
333	1	0.0	2	1
334	1	0.0	2	1
335	1	0.0	2	1
336	3	0.0	2	3
337	1	0.0	2	0 1
340	2	0.0	2	2
341	2	0.0	2	2
342	1	0.0	2	1
344	1	0.0	2	1
345	1	0.0	2	1
347	2	0.0	2	2
348	3	0.0	2	3
349	3	0.0	2	3
350	2	0.0	2	2
351	2	0.0	2	2
352	3	0.0	2	3
353	1	0.0	2	1
354	2	0.0	2	2
356	1	0.0	2	1
358	2	0.0	2	2
359	2	0.0	2	2
360	1	0.0	2	1
361	2	0.0	2	1 0 1
362	1	0.0	2	1
363	2	0.0	2	1 1
366	2	0.0	2	2
367	1	0.0	2	1
368	2	0.0	2	2
369	2	0.0	2	2
370	2	0.0	2	2
371	2	0.0	2	1 1
373	3	0.0	2	3
376	1	0.0	2	1
377	1	0.0	2	1
378	1	0.0	2	1
382	1	0.0	2	1
384	1	0.0	2	1
386	1	0.0	2	1
390	2	0.0	2	2
391	1	0.0	2	1
393	1	0.0	2	1
394	3	0.0	2	3
395	1	0.0	2	1
396	1	0.0	2	1
397	1	0.0	2	1
398	2	0.0	2	2
399	1	0.0	2	1
401	2	0.0	2	2
402	1	0.0	2	0 0 1
403	1	0.0	2	1
404	1	0.0	2	1
407	1	0.0	2	1
408	1	0.0	2	1
410	1	0.0	2	1
412	4	0.0	2	4
414	1	0.0	2	1
418	1	0.0	2	1
419	2	0.0	2	2
420	1	0.0	2	1
421	2	0.0	2	2
422	1	0.0	2	1
424	2	0.0	2	2
425	2	0.0	2	2
428	1	0.0	2	1
430	3	0.0	2	3
431	3	0.0	2	3
432	2	0.0	2	2
433	1	0.0	2	1
435	2	0.0	2	2
436	3	0.0	2	3
437	2	0.0	2	2
439	2	0.0	2	2
442	1	0.0	2	1
445	1	0.0	2	1
446	3	0.0	2	3
447	3	0.0	2	3
448	3	0.0	2	3
449	1	0.0	2	1
450	1	0.0	2	1
451	1	0.0	2	1
453	1	0.0	2	1
454	1	0.0	2	1
460	2	0.0	2	2
462	2	0.0	2	2
463	1	0.0	2	1
464	1	0.0	2	1
465	1	0.0	2	1
466	2	0.0	2	2
468	4	0.0	2	3 1
469	2	0.0	2	2
470	3	0.0	2	3
472	1	0.0	2	1
473	1	0.0	2	1
474	1	0.0	2	0 1
475	1	0.0	2	1
477	1	0.0	2	1
479	1	0.0	2	1
484	1	0.0	2	1
485	1	0.0	2	1
487	3	0.0	2	3
488	1	0.0	2	1
492	1	0.0	2	1
496	3	0.0	2	3
497	2	0.0	2	2
498	3	0.0	2	3
499	2	0.0	2	2
500	1	0.0	2	1
502	1	0.0	2	1
506	1	0.0	2	1
507	1	0.0	2	1
508	1	0.0	2	1
509	2	0.0	2	1 1
510	1	0.0	2	1
514	1	0.0	2	1
516	3	0.0	2	2 1
517	1	0.0	2	1
518	1	0.0	2	1
519	3	0.0	2	3
521	1	0.0	2	1
522	1	0.0	2	0 1
524	3	0.0	2	3
525	2	0.0	2	2
527	1	0.0	2	1
528	1	0.0	2	1
530	1	0.0	2	1
531	1	0.0	2	1
532	1	0.0	2	1
533	2	0.0	2	2
534	1	0.0	2	1
535	1	0.0	2	1
536	1	0.0	2	1
537	1	0.0	2	1
539	2	0.0	2	2
541	3	0.0	2	3
542	4	0.0	2	4
543	1	0.0	2	1
546	2	0.0	2	2
548	1	0.0	2	1
549	1	0.0	2	1
550	1	0.0	2	1
551	2	0.0	2	1 0 1
552	2	0.0	2	2
556	3	0.0	2	3
557	1	0.0	2	1
559	1	0.0	2	1
560	2	0.0	2	2
561	2	0.0	2	2
562	2	0.0	2	2
563	2	0.0	2	2
564	2	0.0	2	2
565	3	0.0	2	3
566	1	0.0	2	1
567	7	0.0	2	7
569	2	0.0	2	2
573	1	0.0	2	1
577	3	0.0	2	3
578	4	0.0	2	4
579	3	0.0	2	3
581	1	0.0	2	1
583	2	0.0	2	2
584	2	0.0	2	2
585	1	0.0	2	1
586	2	0.0	2	2
587	1	0.0	2	1
588	2	0.0	2	2
589	1	0.0	2	1
590	2	0.0	2	2
591	1	0.0	2	1
592	1	0.0	2	1
596	1	0.0	2	1
597	1	0.0	2	1
599	1	0.0	2	1
600	1	0.0	2	1
601	1	0.0	2	1
605	1	0.0	2	1
606	1	0.0	2	1
607	1	0.0	2	1
610	1	0.0	2	1
612	1	0.0	2	1
613	1	0.0	2	1
615	1	0.0	2	1
616	5	0.0	2	5
617	1	0.0	2	1
622	1	0.0	2	1
626	2	0.0	2	2
631	2	0.0	2	2
633	2	0.0	2	2
634	3	0.0	2	2 1
635	1	0.0	2	1
636	1	0.0	2	1
638	1	0.0	2	1
639	1	0.0	2	1
641	1	0.0	2	1
642	2	0.0	2	2
643	4	0.0	2	4
644	2	0.0	2	2
645	5	0.0	2	5
646	2	0.0	2	2
647	4	0.0	2	4
648	1	0.0	2	1
649	3	0.0	2	3
650	3	0.0	2	3
652	2	0.0	2	1 1
653	1	0.0	2	1
656	2	0.0	2	2
658	1	0.0	2	1
659	1	0.0	2	1
660	1	0.0	2	1
661	1	0.0	2	0 1
665	1	0.0	2	1
668	1	0.0	2	1
669	2	0.0	2	1 1
672	2	0.0	2	2
675	2	0.0	2	2
676	1	0.0	2	1
677	1	0.0	2	1
678	1	0.0	2	1
679	3	0.0	2	3
680	1	0.0	2	1
682	1	0.0	2	1
683	2	0.0	2	2
684	2	0.0	2	2
685	1	0.0	2	1
688	1	0.0	2	1
689	2	0.0	2	2
690	1	0.0	2	1
696	1	0.0	2	1
697	1	0.0	2	1
699	1	0.0	2	1
701	1	0.0	2	1
702	1	0.0	2	1
703	1	0.0	2	1
712	2	0.0	2	2
713	1	0.0	2	1
714	2	0.0	2	2
716	1	0.0	2	1
718	2	0.0	2	2
719	1	0.0	2	0 1
720	1	0.0	2	1
724	1	0.0	2	1
725	1	0.0	2	1
727	1	0.0	2	1
728	1	0.0	2	1
729	1	0.0	2	1
732	1	0.0	2	1
734	1	0.0	2	1
739	1	0.0	2	1
742	1	0.0	2	1
744	1	0.0	2	1
745	1	0.0	2	1
746	1	0.0	2	1
751	1	0.0	2	1
752	1	0.0	2	1
755	1	0.0	2	1
757	2	0.0	2	2
758	1	0.0	2	1
759	1	0.0	2	1
760	1	0.0	2	1
763	2	0.0	2	2
769	2	0.0	2	2
775	1	0.0	2	1
778	1	0.0	2	1
779	1	0.0	2	1
780	1	0.0	2	1
784	2	0.0	2	2
793	2	0.0	2	2
797	2	0.0	2	2
801	1	0.0	2	1
802	2	0.0	2	2
805	1	0.0	2	1
806	1	0.0	2	1
807	2	0.0	2	2
808	1	0.0	2	1
812	1	0.0	2	1
819	3	0.0	2	3
822	1	0.0	2	1
824	1	0.0	2	1
827	1	0.0	2	1
828	1	0.0	2	1
829	1	0.0	2	1
833	2	0.0	2	2
834	2	0.0	2	2
835	1	0.0	2	0 1
836	2	0.0	2	2
837	1	0.0	2	1
842	1	0.0	2	1
846	3	0.0	2	3
847	2	0.0	2	2
848	2	0.0	2	2
851	1	0.0	2	1
854	1	0.0	2	1
860	1	0.0	2	1
861	1	0.0	2	1
863	4	0.0	2	4
864	3	0.0	2	3
865	2	0.0	2	2
866	4	0.0	2	4
867	4	0.0	2	4
868	2	0.0	2	2
869	10	0.0	2	10
870	3	0.0	2	2 1
871	1	0.0	2	1
872	1	0.0	2	1
873	1	0.0	2	1
874	3	0.0	2	3
876	2	0.0	2	2
877	1	0.0	2	1
878	4	0.0	2	4
879	3	0.0	2	3
880	1	0.0	2	1
881	1	0.0	2	1
883	1	0.0	2	1
884	1	0.0	2	1
885	1	0.0	2	1
886	1	0.0	2	1
888	1	0.0	2	1
893	1	0.0	2	1
896	1	0.0	2	1
897	1	0.0	2	0 1
898	1	0.0	2	1
904	1	0.0	2	1
905	1	0.0	2	1
906	1	0.0	2	1
914	1	0.0	2	1
915	1	0.0	2	1
919	1	0.0	2	1
921	1	0.0	2	1
925	1	0.0	2	1
927	1	0.0	2	1
929	1	0.0	2	1
930	1	0.0	2	1
942	2	0.0	2	2
944	1	0.0	2	1
949	1	0.0	2	1
952	1	0.0	2	1
955	3	0.0	2	3
956	1	0.0	2	1
960	1	0.0	2	0 0 1
967	1	0.0	2	1
974	1	0.0	2	1
975	3	0.0	2	2 1
977	1	0.0	2	1
978	2	0.0	2	2
980	1	0.0	2	1
984	1	0.0	2	1
990	2	0.0	2	2
998	1	0.0	2	1
999	1	0.0	2	1
1001	1	0.0	2	1
1002	1	0.0	2	1
1004	2	0.0	2	2
1006	2	0.0	2	2
1007	3	0.0	2	3
1008	5	0.0	2	5
1009	3	0.0	2	3
1010	5	0.0	2	5
1011	1	0.0	2	1
1012	1	0.0	2	1
1013	1	0.0	2	1
1023	1	0.0	2	0 1
1025	1	0.0	2	1
1033	1	0.0	2	1
1035	1	0.0	2	1
1040	1	0.0	2	1
1047	1	0.0	2	1
1052	1	0.0	2	1
1057	1	0.0	2	1
1058	1	0.0	2	1
1061	1	0.0	2	1
1064	1	0.0	2	1
1068	2	0.0	2	2
1070	1	0.0	2	1
1071	1	0.0	2	1
1087	1	0.0	2	1
1088	2	0.0	2	2
1097	1	0.0	2	1
1110	1	0.0	2	1
1114	1	0.0	2	1
1118	1	0.0	2	1
1121	1	0.0	2	1
1124	1	0.0	2	1
1125	1	0.0	2	1
1126	1	0.0	2	1
1127	3	0.0	2	3
1128	1	0.0	2	1
1129	1	0.0	2	1
1130	2	0.0	2	2
1131	2	0.0	2	2
1135	1	0.0	2	1
1147	2	0.0	2	2
1168	1	0.0	2	1
1170	1	0.0	2	1
1188	1	0.0	2	1
1193	1	0.0	2	1
1200	1	0.0	2	1
1201	1	0.0	2	1
1207	1	0.0	2	1
1209	2	0.0	2	1 1
1213	2	0.0	2	2
1214	1	0.0	2	1
1215	1	0.0	2	1
1216	2	0.0	2	2
1217	1	0.0	2	1
1218	1	0.0	2	1
1220	1	0.0	2	1
1228	1	0.0	2	1
1249	1	0.0	2	1
1250	1	0.0	2	1
1254	1	0.0	2	1
1268	1	0.0	2	1
1281	1	0.0	2	1
1286	3	0.0	2	3
1288	1	0.0	2	1
1290	1	0.0	2	1
1291	2	0.0	2	2
1294	2	0.0	2	2
1295	5	0.0	2	5
1296	1	0.0	2	1
1297	2	0.0	2	2
1298	3	0.0	2	3
1299	1	0.0	2	1
1301	1	0.0	2	1
1324	1	0.0	2	1
1340	1	0.0	2	1
1344	1	0.0	2	1
1345	1	0.0	2	1
1354	1	0.0	2	1
1413	1	0.0	2	1
1432	1	0.0	2	1
1438	1	0.0	2	1
1440	1	0.0	2	1
1441	1	0.0	2	1
1444	1	0.0	2	1
1455	1	0.0	2	1
1458	1	0.0	2	1
1460	2	0.0	2	2
1462	2	0.0	2	2
1463	3	0.0	2	3
1465	5	0.0	2	4 1
1466	3	0.0	2	3
1468	4	0.0	2	4
1469	2	0.0	2	2
1470	6	0.0	2	6
1471	1	0.0	2	1
1472	1	0.0	2	1
1473	1	0.0	2	1
1479	1	0.0	2	1
1484	1	0.0	2	1
1485	1	0.0	2	1
1487	1	0.0	2	1
1491	1	0.0	2	1
1495	1	0.0	2	1
1504	1	0.0	2	1
1521	1	0.0	2	1
1538	1	0.0	2	1
1539	1	0.0	2	1
1545	1	0.0	2	1
1561	1	0.0	2	0 1
1571	1	0.0	2	1
1581	1	0.0	2	1
1599	2	0.0	2	2
1601	1	0.0	2	1
1604	1	0.0	2	1
1606	2	0.0	2	2
1618	1	0.0	2	1
1621	1	0.0	2	1
1625	2	0.0	2	2
1651	1	0.0	2	1
1658	1	0.0	2	1
1660	1	0.0	2	1
1666	1	0.0	2	1
1669	1	0.0	2	1
1671	1	0.0	2	1
1672	1	0.0	2	1
1673	1	0.0	2	1
1677	1	0.0	2	1
1678	1	0.0	2	1
1680	2	0.0	2	2
1683	2	0.0	2	2
1684	2	0.0	2	2
1686	2	0.0	2	2
1687	5	0.0	2	5
1688	3	0.0	2	2 0 1
1689	1	0.0	2	1
1694	1	0.0	2	1
1695	1	0.0	2	1
1697	1	0.0	2	1
1701	3	0.0	2	3
1708	1	0.0	2	1
1709	1	0.0	2	1
1712	3	0.0	2	3
1713	4	0.0	2	4
1714	2	0.0	2	2
1715	5	0.0	2	5
1716	3	0.0	2	3
1717	2	0.0	2	2
1718	2	0.0	2	2
1719	5	0.0	2	5
1720	2	0.0	2	2
1721	1	0.0	2	1
1727	1	0.0	2	1
1732	1	0.0	2	1
1746	1	0.0	2	1
1758	1	0.0	2	1
1762	2	0.0	2	2
1764	1	0.0	2	1
1766	1	0.0	2	1
1784	1	0.0	2	1
1787	1	0.0	2	1
1802	1	0.0	2	1
1806	1	0.0	2	0 0 1
1810	1	0.0	2	0 1
1814	1	0.0	2	1
1831	1	0.0	2	0 1
1832	1	0.0	2	1
1834	1	0.0	2	1
1844	1	0.0	2	1
1845	1	0.0	2	1
1848	1	0.0	2	1
1850	1	0.0	2	1
1861	1	0.0	2	1
1863	1	0.0	2	1
1871	1	0.0	2	1
1874	1	0.0	2	1
1884	1	0.0	2	1
1891	1	0.0	2	1
1893	1	0.0	2	1
1895	2	0.0	2	2
1899	1	0.0	2	1
1900	1	0.0	2	1
1905	1	0.0	2	1
1906	1	0.0	2	1
1908	1	0.0	2	1
1909	1	0.0	2	1
1913	1	0.0	2	1
1917	1	0.0	2	1
1920	1	0.0	2	1
1921	1	0.0	2	1
1923	1	0.0	2	1
1928	3	0.0	2	3
1932	1	0.0	2	1
1935	1	0.0	2	1
1937	1	0.0	2	1
1941	1	0.0	2	1
1943	1	0.0	2	1
1944	1	0.0	2	1
1945	1	0.0	2	1
1946	2	0.0	2	2
1948	2	0.0	2	2
1949	3	0.0	2	3
1950	3	0.0	2	3
1951	1	0.0	2	1
1952	1	0.0	2	1
1953	1	0.0	2	1
1955	3	0.0	2	3
1964	1	0.0	2	1
1985	1	0.0	2	1
2009	1	0.0	2	1
2010	1	0.0	2	1
2012	3	0.0	2	2 1
2016	1	0.0	2	1
2019	1	0.0	2	1
2021	1	0.0	2	1
2022	1	0.0	2	0 1
2075	1	0.0	2	1
2083	1	0.0	2	1
2108	1	0.0	2	1
2121	1	0.0	2	1
2123	1	0.0	2	1
2130	1	0.0	2	1
2144	2	0.0	2	2
2145	2	0.0	2	2
2146	1	0.0	2	1
2147	2	0.0	2	2
2149	1	0.0	2	1
2150	1	0.0	2	1
2151	3	0.0	2	3
2152	2	0.0	2	2
2153	1	0.0	2	0 1
2154	3	0.0	2	3
2155	2	0.0	2	2
2159	1	0.0	2	1
2167	1	0.0	2	1
2175	1	0.0	2	1
2185	1	0.0	2	1
2193	1	0.0	2	1
2206	1	0.0	2	1
2227	1	0.0	2	1
2231	1	0.0	2	0 1
2235	1	0.0	2	1
2239	1	0.0	2	0 0 1
2246	1	0.0	2	1
2249	1	0.0	2	1
2250	2	0.0	2	2
2252	1	0.0	2	1
2253	2	0.0	2	2
2254	1	0.0	2	1
2255	2	0.0	2	2
2256	1	0.0	2	1
2260	1	0.0	2	1
2275	1	0.0	2	1
2279	1	0.0	2	1
2297	1	0.0	2	1
2299	1	0.0	2	1
2301	3	0.0	2	3
2303	1	0.0	2	1
2304	1	0.0	2	1
2306	1	0.0	2	1
2308	1	0.0	2	1
2309	1	0.0	2	1
2337	1	0.0	2	1
2342	1	0.0	2	1
2343	3	0.0	2	3
2345	1	0.0	2	1
2389	1	0.0	2	1
2396	1	0.0	2	1
2397	1	0.0	2	1
2427	1	0.0	2	1
2430	1	0.0	2	1
2434	2	0.0	2	2
2435	1	0.0	2	1
2437	1	0.0	2	1
2438	1	0.0	2	1
2439	1	0.0	2	1
2440	3	0.0	2	3
2441	1	0.0	2	1
2442	2	0.0	2	2
2467	1	0.0	2	1
2549	1	0.0	2	1
2556	1	0.0	2	1
2572	1	0.0	2	1
2585	1	0.0	2	1
2613	1	0.0	2	1
2617	1	0.0	2	1
2622	1	0.0	2	1
2630	1	0.0	2	1
2637	1	0.0	2	1
2647	1	0.0	2	1
2655	1	0.0	2	1
2656	1	0.0	2	1
2659	1	0.0	2	1
2672	2	0.0	2	2
2675	1	0.0	2	1
2676	1	0.0	2	1
2677	1	0.0	2	1
2678	2	0.0	2	2
2698	1	0.0	2	1
2701	2	0.0	2	2
2704	1	0.0	2	1
2705	1	0.0	2	1
2708	1	0.0	2	1
2713	1	0.0	2	1
2715	1	0.0	2	1
2716	2	0.0	2	2
2718	1	0.0	2	1
2722	1	0.0	2	1
2725	1	0.0	2	1
2726	1	0.0	2	1
2727	1	0.0	2	1
2741	1	0.0	2	1
2742	1	0.0	2	1
2743	2	0.0	2	2
2747	1	0.0	2	1
2751	1	0.0	2	1
2752	1	0.0	2	1
2755	2	0.0	2	2
2756	2	0.0	2	2
2757	3	0.0	2	3
2759	4	0.0	2	4
2760	1	0.0	2	1
2761	2	0.0	2	2
2762	1	0.0	2	1
2763	4	0.0	2	4
2764	2	0.0	2	2
2765	2	0.0	2	2
2770	2	0.0	2	2
2772	1	0.0	2	1
2784	1	0.0	2	1
2794	1	0.0	2	1
2797	2	0.0	2	1 1
2803	1	0.0	2	1
2816	1	0.0	2	1
2831	1	0.0	2	1
2838	1	0.0	2	1
2841	1	0.0	2	1
2844	1	0.0	2	1
2866	1	0.0	2	1
2869	1	0.0	2	1
2875	1	0.0	2	1
2899	1	0.0	2	1
2909	1	0.0	2	1
2911	1	0.0	2	1
2915	1	0.0	2	1
2916	2	0.0	2	2
2918	1	0.0	2	0 1
2923	1	0.0	2	1
2924	1	0.0	2	1
2930	2	0.0	2	1 1
2933	2	0.0	2	2
2936	2	0.0	2	2
2938	1	0.0	2	1
2939	1	0.0	2	1
2940	2	0.0	2	2
2941	2	0.0	2	2
2942	2	0.0	2	2
2943	2	0.0	2	2
2944	2	0.0	2	2
2948	2	0.0	2	2
2953	1	0.0	2	1
2957	2	0.0	2	2
2970	1	0.0	2	1
2971	2	0.0	2	2
2975	1	0.0	2	1
2977	3	0.0	2	3
2979	1	0.0	2	1
2980	1	0.0	2	0 1
2981	1	0.0	2	1
2984	1	0.0	2	1
2985	2	0.0	2	2
2986	1	0.0	2	1
2987	1	0.0	2	1
2988	1	0.0	2	0 1
2990	2	0.0	2	1 0 1
2991	2	0.0	2	2
2992	2	0.0	2	2
2993	3	0.0	2	3
2994	1	0.0	2	0 1
2995	2	0.0	2	2
2996	1	0.0	2	1
2997	1	0.0	2	1
2998	2	0.0	2	1 1
2999	2	0.0	2	2
3002	1	0.0	2	1
3003	2	0.0	2	2
3006	1	0.0	2	1
3007	1	0.0	2	1
3008	1	0.0	2	1
3013	2	0.0	2	2
3016	2	0.0	2	2
3017	1	0.0	2	1
3018	2	0.0	2	2
3021	1	0.0	2	1
3022	3	0.0	2	2 1
3024	1	0.0	2	1
3026	1	0.0	2	1
3027	1	0.0	2	1
3028	1	0.0	2	0 1
3030	1	0.0	2	1
3031	1	0.0	2	0 1
3033	1	0.0	2	1
3034	1	0.0	2	0 1
3035	3	0.0	2	2 1
3036	2	0.0	2	2
3038	1	0.0	2	1
3039	1	0.0	2	1
3042	1	0.0	2	1
3043	1	0.0	2	1
3044	2	0.0	2	2
3045	1	0.0	2	1
3046	1	0.0	2	1
3047	2	0.0	2	1 1
3048	3	0.0	2	3
3049	1	0.0	2	1
3051	2	0.0	2	2
3052	1	0.0	2	1
3053	4	0.0	2	4
3054	2	0.0	2	2
3056	2	0.0	2	1 1
3057	2	0.0	2	2
3058	2	0.0	2	2
3059	1	0.0	2	1
3060	4	0.0	2	2 2
3061	2	0.0	2	1 1
3062	1	0.0	2	1
3063	1	0.0	2	1
3064	5	0.0	2	5
3065	4	0.0	2	3 1
3066	2	0.0	2	2
3067	1	0.0	2	1
3068	2	0.0	2	1 1
3069	1	0.0	2	1
3070	3	0.0	2	3
3073	2	0.0	2	2
3074	5	0.0	2	5
3075	1	0.0	2	1
3076	2	0.0	2	1 1
3079	1	0.0	2	1
3080	1	0.0	2	1
3081	1	0.0	2	1
3082	1	0.0	2	1
3083	3	0.0	2	3
3084	2	0.0	2	1 1
3086	1	0.0	2	1
3087	1	0.0	2	0 1
3088	2	0.0	2	2
3089	2	0.0	2	1 1
3090	6	0.0	2	5 1
3091	3	0.0	2	3
3092	1	0.0	2	1
3093	3	0.0	2	3
3095	3	0.0	2	2 1
3096	3	0.0	2	2 1
3097	1	0.0	2	1
3098	3	0.0	2	3
3099	3	0.0	2	3
3100	2	0.0	2	2
3101	3	0.0	2	3
3103	4	0.0	2	4
3104	3	0.0	2	3
3105	1	0.0	2	1
3106	1	0.0	2	1
3107	1	0.0	2	1
3108	4	0.0	2	4
3109	3	0.0	2	3
3110	4	0.0	2	3 1
3111	5	0.0	2	5
3112	4	0.0	2	4
3113	3	0.0	2	3
3114	1	0.0	2	1
3115	4	0.0	2	2 2
3116	2	0.0	2	1 1
3117	3	0.0	2	3
3118	2	0.0	2	2
3119	4	0.0	2	4
3120	5	0.0	2	4 1
3121	5	0.0	2	4 1
3122	9	0.0	2	9
3124	4	0.0	2	4
3125	3	0.0	2	3
3126	9	0.0	2	9
3127	8	0.0	2	7 1
3128	5	0.0	2	5
3129	3	0.0	2	2 1
3130	5	0.0	2	4 1
3131	10	0.0	2	10
3132	4	0.0	2	3 1
3133	11	0.0	2	10 1
3134	9	0.0	2	8 1
3135	8	0.0	2	7 1
3136	6	0.0	2	6
3137	4	0.0	2	3 1
3138	11	0.0	2	11
3139	18	0.0	2	17 1
3140	6	0.0	2	6
3141	9	0.0	2	8 1
3142	12	0.0	2	11 1
3143	12	0.0	2	11 1
3144	17	0.0	2	15 1 1
3145	15	0.0	2	14 1
3146	15	0.0	2	14 1
3147	19	0.0	2	17 2
3148	21	0.0	2	19 2
3149	19	0.0	2	18 1
3150	34	0.0	2	33 1
3151	24	0.0	2	23 1
3152	37	0.0	2	33 3 1
3153	35	0.0	2	31 4
3154	51	0.0	2	48 3
3155	47	0.0	2	46 1
3156	61	0.0	2	55 4 2
3157	57	0.0	2	55 2
3158	61	0.0	2	59 0 2
3159	84	0.0	2	83 1
3160	100	0.0	2	99 1
3161	98	0.0	2	97 1
3162	108	0.0	2	105 3
3163	128	0.0	2	123 4 1
3164	133	0.0	2	128 5
3165	145	0.0	2	143 2
3166	154	0.0	2	153 1
3167	177	0.0	2	170 6 1
3168	177	0.0	2	173 3 1
3169	242	0.0	2	235 6 1
3170	306	0.0	2	302 3 1
3171	323	0.0	2	315 6 2
3172	388	0.0	2	379 8 1
3173	395	0.0	2	385 9 1
3174	492	0.0	2	485 7
3175	512	0.0	2	504 7 1
3176	495	0.0	2	487 7 1
3177	538	0.0	2	532 6
3178	521	0.0	2	516 5
3179	424	0.0	2	418 5 1
3180	374	0.0	2	367 7
3181	293	0.0	2	289 4
3182	205	0.0	2	202 3
3183	185	0.0	2	181 3 1
3184	104	0.0	2	103 1
3185	93	0.0	2	93
3186	76	0.0	2	72 4
3187	42	0.0	2	42
3188	41	0.0	2	41
3189	33	0.0	2	31 2
3190	31	0.0	2	30 1
3191	20	0.0	2	19 1
3192	18	0.0	2	18
3193	17	0.0	2	17
3194	10	0.0	2	10
3195	17	0.0	2	17
3196	12	0.0	2	12
3197	15	0.0	2	14 1
3198	16	0.0	2	16
3199	20	0.0	2	18 2
3200	9	0.0	2	9
3201	16	0.0	2	16
3202	19	0.0	2	19
3203	26	0.0	2	24 2
3204	22	0.0	2	22
3205	15	0.0	2	15
3206	30	0.0	2	30
3207	16	0.0	2	16
3208	39	0.0	2	38 1
3209	17	0.0	2	17
3210	17	0.0	2	17
3211	17	0.0	2	17
3212	10	0.0	2	10
3213	14	0.0	2	13 0 1
3214	11	0.0	2	11
3215	9	0.0	2	9
3216	7	0.0	2	7
3217	4	0.0	2	4
3218	10	0.0	2	10
3219	6	0.0	2	6
3220	7	0.0	2	7
3221	4	0.0	2	3 1
3222	3	0.0	2	3
3223	3	0.0	2	3
3224	6	0.0	2	6
3225	5	0.0	2	5
3226	5	0.0	2	5
3227	3	0.0	2	3
3229	1	0.0	2	1
3231	3	0.0	2	3
3232	2	0.0	2	2
3233	6	0.0	2	6
3234	2	0.0	2	2
3235	3	0.0	2	3
3236	2	0.0	2	2
3237	3	0.0	2	3
3238	1	0.0	2	1
3239	3	0.0	2	3
3240	3	0.0	2	3
3241	3	0.0	2	3
3242	4	0.0	2	4
3243	1	0.0	2	1
3244	5	0.0	2	5
3245	2	0.0	2	2
3246	2	0.0	2	2
3247	3	0.0	2	3
3248	2	0.0	2	2
3249	1	0.0	2	1
3250	2	0.0	2	2
3251	3	0.0	2	3
3252	5	0.0	2	4 1
3253	1	0.0	2	1
3254	1	0.0	2	1
3256	3	0.0	2	2 1
3257	6	0.0	2	6
3258	2	0.0	2	2
3259	4	0.0	2	4
3260	3	0.0	2	3
3261	1	0.0	2	1
3263	1	0.0	2	1
3264	1	0.0	2	1
3265	3	0.0	2	3
3266	1	0.0	2	1
3267	1	0.0	2	1
3268	1	0.0	2	1
3269	3	0.0	2	3
3271	6	0.0	2	6
3273	1	0.0	2	1
3274	1	0.0	2	1
3275	1	0.0	2	1
3276	4	0.0	2	3 1
3277	3	0.0	2	3
3278	1	0.0	2	1
3279	2	0.0	2	2
3280	4	0.0	2	3 1
3281	1	0.0	2	1
3282	6	0.0	2	6
3283	4	0.0	2	4
3284	3	0.0	2	3
3285	2	0.0	2	2
3286	1	0.0	2	1
3287	3	0.0	2	2 1
3288	3	0.0	2	3
3289	2	0.0	2	2
3290	5	0.0	2	5
3291	3	0.0	2	2 1
3292	2	0.0	2	1 0 1
3293	5	0.0	2	5
3294	1	0.0	2	1
3295	4	0.0	2	4
3296	1	0.0	2	1
3297	1	0.0	2	1
3299	2	0.0	2	2
3301	1	0.0	2	1
3303	2	0.0	2	2
3304	1	0.0	2	1
3305	3	0.0	2	3
3306	2	0.0	2	2
3308	2	0.0	2	1 0 1
3309	2	0.0	2	2
3310	3	0.0	2	2 1
3311	6	0.0	2	6
3312	2	0.0	2	2
3313	2	0.0	2	2
3314	4	0.0	2	4
3315	5	0.0	2	5
3316	2	0.0	2	2
3317	3	0.0	2	3
3319	1	0.0	2	1
3320	4	0.0	2	4
3321	2	0.0	2	1 1
3322	2	0.0	2	2
3323	3	0.0	2	3
3324	3	0.0	2	3
3326	2	0.0	2	2
3327	6	0.0	2	6
3328	1	0.0	2	1
3329	3	0.0	2	2 1
3331	3	0.0	2	3
3333	3	0.0	2	3
3334	1	0.0	2	1
3335	4	0.0	2	4
3336	3	0.0	2	3
3337	3	0.0	2	3
3338	5	0.0	2	5
3339	1	0.0	2	1
3340	3	0.0	2	3
3341	3	0.0	2	3
3342	3	0.0	2	3
3343	1	0.0	2	1
3344	3	0.0	2	3
3345	2	0.0	2	2
3346	2	0.0	2	1 1
3347	3	0.0	2	3
3348	3	0.0	2	3
3349	3	0.0	2	3
3350	5	0.0	2	5
3351	2	0.0	2	2
3352	2	0.0	2	2
3353	3	0.0	2	3
3354	2	0.0	2	2
3355	1	0.0	2	1
3356	3	0.0	2	3
3357	2	0.0	2	1 1
3358	3	0.0	2	3
3359	4	0.0	2	4
3360	4	0.0	2	4
3361	4	0.0	2	4
3362	1	0.0	2	1
3364	3	0.0	2	3
3366	1	0.0	2	1
3367	2	0.0	2	2
3368	3	0.0	2	3
3369	2	0.0	2	2
3370	4	0.0	2	4
3372	3	0.0	2	3
3373	2	0.0	2	2
3374	4	0.0	2	4
3375	1	0.0	2	1
3376	1	0.0	2	1
3377	2	0.0	2	2
3378	3	0.0	2	3
3379	2	0.0	2	2
3380	3	0.0	2	3
3381	3	0.0	2	3
3382	2	0.0	2	2
3384	2	0.0	2	2
3385	3	0.0	2	3
3386	2	0.0	2	2
3387	3	0.0	2	2 1
3388	1	0.0	2	1
3389	3	0.0	2	3
3390	2	0.0	2	2
3391	2	0.0	2	2
3392	1	0.0	2	1
3393	3	0.0	2	3
3394	6	0.0	2	6
3395	6	0.0	2	6
3396	3	0.0	2	3
3397	4	0.0	2	4
3398	2	0.0	2	2
3399	2	0.0	2	2
3400	2	0.0	2	2
3401	1	0.0	2	1
3402	3	0.0	2	3
3403	2	0.0	2	2
3404	4	0.0	2	4
3405	2	0.0	2	2
3406	2	0.0	2	2
3407	3	0.0	2	3
3408	7	0.0	2	7
3409	5	0.0	2	5
3410	4	0.0	2	4
3411	5	0.0	2	5
3412	3	0.0	2	3
3413	4	0.0	2	4
3414	1	0.0	2	1
3415	3	0.0	2	3
3416	4	0.0	2	4
3417	6	0.0	2	6
3418	3	0.0	2	3
3419	4	0.0	2	4
3420	2	0.0	2	2
3421	2	0.0	2	1 1
3422	1	0.0	2	0 0 1
3425	4	0.0	2	4
3426	5	0.0	2	5
3427	3	0.0	2	3
3428	4	0.0	2	4
3429	4	0.0	2	4
3430	5	0.0	2	5
3431	5	0.0	2	5
3432	3	0.0	2	3
3433	1	0.0	2	1
3434	3	0.0	2	3
3435	2	0.0	2	2
3436	2	0.0	2	2
3437	2	0.0	2	2
3438	4	0.0	2	4
3439	2	0.0	2	2
3440	3	0.0	2	3
3441	3	0.0	2	3
3442	3	0.0	2	3
3443	5	0.0	2	5
3444	2	0.0	2	2
3445	3	0.0	2	3
3446	3	0.0	2	3
3447	6	0.0	2	6
3448	1	0.0	2	1
3449	5	0.0	2	5
3450	10	0.0	2	10
3451	4	0.0	2	4
3452	3	0.0	2	3
3453	4	0.0	2	4
3454	12	0.0	2	12
3455	3	0.0	2	3
3456	1	0.0	2	1
3457	4	0.0	2	4
3458	2	0.0	2	2
3459	1	0.0	2	1
3460	2	0.0	2	2
3461	3	0.0	2	3
3462	5	0.0	2	5
3463	7	0.0	2	7
3464	1	0.0	2	1
3465	1	0.0	2	1
3467	2	0.0	2	2
3468	1	0.0	2	1
3469	2	0.0	2	1 1
3470	1	0.0	2	0 1
3471	4	0.0	2	4
3472	5	0.0	2	4 1
3473	4	0.0	2	4
3474	3	0.0	2	3
3476	3	0.0	2	3
3477	2	0.0	2	2
3479	3	0.0	2	3
3480	2	0.0	2	2
3481	1	0.0	2	1
3482	1	0.0	2	1
3483	3	0.0	2	3
3484	5	0.0	2	5
3485	1	0.0	2	1
3486	3	0.0	2	3
3487	4	0.0	2	4
3488	2	0.0	2	2
3489	1	0.0	2	1
3490	1	0.0	2	1
3491	3	0.0	2	3
3492	2	0.0	2	2
3493	3	0.0	2	3
3494	1	0.0	2	1
3495	1	0.0	2	1
3496	3	0.0	2	3
3497	2	0.0	2	2
3498	3	0.0	2	3
3499	2	0.0	2	2
3500	2	0.0	2	2
3501	3	0.0	2	2 1
3502	2	0.0	2	1 0 1
3503	1	0.0	2	1
3505	6	0.0	2	5 1
3506	2	0.0	2	2
3507	2	0.0	2	2
3508	4	0.0	2	4
3509	1	0.0	2	1
3510	1	0.0	2	1
3511	3	0.0	2	3
3512	3	0.0	2	3
3513	3	0.0	2	2 0 1
3514	3	0.0	2	3
3515	1	0.0	2	1
3516	1	0.0	2	1
3517	4	0.0	2	4
3518	1	0.0	2	1
3519	2	0.0	2	2
3520	3	0.0	2	3
3521	2	0.0	2	2
3522	2	0.0	2	2
3523	3	0.0	2	3
3524	3	0.0	2	3
3525	3	0.0	2	3
3526	4	0.0	2	4
3527	2	0.0	2	2
3528	8	0.0	2	7 1
3529	2	0.0	2	1 1
3530	2	0.0	2	2
3531	6	0.0	2	6
3532	6	0.0	2	6
3533	4	0.0	2	4
3534	1	0.0	2	1
3535	1	0.0	2	1
3536	4	0.0	2	4
3537	5	0.0	2	5
3538	1	0.0	2	1
3539	2	0.0	2	2
3540	4	0.0	2	4
3541	3	0.0	2	3
3542	2	0.0	2	2
3543	1	0.0	2	1
3544	3	0.0	2	3
3545	1	0.0	2	1
3546	2	0.0	2	2
3547	1	0.0	2	1
3548	2	0.0	2	2
3549	1	0.0	2	1
3551	1	0.0	2	1
3552	6	0.0	2	6
3553	2	0.0	2	2
3555	2	0.0	2	2
3556	2	0.0	2	2
3557	1	0.0	2	1
3558	3	0.0	2	3
3559	3	0.0	2	3
3561	1	0.0	2	1
3562	1	0.0	2	0 1
3563	8	0.0	2	8
3564	1	0.0	2	1
3566	4	0.0	2	2 1 1
3567	1	0.0	2	1
3569	3	0.0	2	3
3570	1	0.0	2	1
3571	5	0.0	2	5
3572	3	0.0	2	3
3573	3	0.0	2	3
3574	2	0.0	2	2
3575	4	0.0	2	4
3576	1	0.0	2	1
3577	3	0.0	2	3
3578	2	0.0	2	2
3580	1	0.0	2	1
3582	5	0.0	2	5
3583	2	0.0	2	2
3584	1	0.0	2	1
3587	1	0.0	2	1
3588	3	0.0	2	3
3589	1	0.0	2	1
3590	1	0.0	2	1
3592	7	0.0	2	7
3593	5	0.0	2	5
3594	2	0.0	2	2
3595	1	0.0	2	1
3596	2	0.0	2	2
3597	4	0.0	2	4
3598	5	0.0	2	5
3600	2	0.0	2	2
3601	1	0.0	2	1
3602	11	0.0	2	11
3604	3	0.0	2	3
3605	1	0.0	2	1
3606	3	0.0	2	3
3607	6	0.0	2	6
3608	3	0.0	2	3
3609	1	0.0	2	1
3611	3	0.0	2	3
3612	3	0.0	2	3
3613	1	0.0	2	1
3614	2	0.0	2	2
3615	1	0.0	2	1
3617	4	0.0	2	4
3618	5	0.0	2	4 1
3620	2	0.0	2	2
3621	5	0.0	2	4 1
3622	3	0.0	2	3
3623	1	0.0	2	1
3624	3	0.0	2	3
3625	2	0.0	2	2
3626	2	0.0	2	2
3627	3	0.0	2	3
3628	1	0.0	2	1
3629	2	0.0	2	2
3630	3	0.0	2	3
3631	3	0.0	2	3
3632	2	0.0	2	2
3633	1	0.0	2	1
3634	4	0.0	2	4
3635	1	0.0	2	1
3636	3	0.0	2	3
3638	1	0.0	2	1
3639	5	0.0	2	5
3640	3	0.0	2	3
3641	4	0.0	2	4
3642	4	0.0	2	4
3643	1	0.0	2	1
3645	2	0.0	2	2
3646	1	0.0	2	1
3647	4	0.0	2	4
3648	3	0.0	2	3
3649	2	0.0	2	2
3650	2	0.0	2	2
3651	3	0.0	2	2 1
3652	1	0.0	2	1
3653	2	0.0	2	2
3654	1	0.0	2	1
3655	3	0.0	2	3
3656	2	0.0	2	2
3658	2	0.0	2	2
3659	3	0.0	2	3
3660	3	0.0	2	3
3661	2	0.0	2	2
3662	1	0.0	2	1
3663	2	0.0	2	2
3664	2	0.0	2	2
3665	2	0.0	2	2
3666	1	0.0	2	1
3667	3	0.0	2	3
3668	4	0.0	2	4
3669	2	0.0	2	2
3670	1	0.0	2	1
3671	3	0.0	2	3
3672	1	0.0	2	1
3674	1	0.0	2	1
3676	2	0.0	2	2
3677	1	0.0	2	1
3678	1	0.0	2	1
3679	1	0.0	2	1
3680	3	0.0	2	3
3681	2	0.0	2	2
3682	2	0.0	2	2
3683	4	0.0	2	4
3684	5	0.0	2	4 1
3685	2	0.0	2	2
3686	1	0.0	2	1
3687	1	0.0	2	1
3688	1	0.0	2	1
3690	2	0.0	2	2
3691	2	0.0	2	2
3692	4	0.0	2	4
3695	1	0.0	2	1
3696	3	0.0	2	3
3697	2	0.0	2	2
3698	1	0.0	2	1
3699	3	0.0	2	3
3700	1	0.0	2	1
3701	2	0.0	2	2
3702	3	0.0	2	3
3703	3	0.0	2	3
3704	2	0.0	2	2
3705	1	0.0	2	1
3706	3	0.0	2	3
3707	1	0.0	2	1
3708	1	0.0	2	1
3709	2	0.0	2	2
3710	1	0.0	2	1
3711	2	0.0	2	2
3712	2	0.0	2	2
3714	1	0.0	2	1
3715	2	0.0	2	1 1
3716	3	0.0	2	3
3719	1	0.0	2	1
3722	1	0.0	2	1
3723	4	0.0	2	4
3724	1	0.0	2	1
3725	1	0.0	2	1
3726	2	0.0	2	2
3727	3	0.0	2	3
3728	1	0.0	2	1
3729	2	0.0	2	2
3730	2	0.0	2	2
3731	1	0.0	2	1
3732	2	0.0	2	2
3733	2	0.0	2	2
3735	2	0.0	2	2
3740	2	0.0	2	2
3741	3	0.0	2	3
3742	1	0.0	2	0 1
3744	3	0.0	2	3
3746	4	0.0	2	3 1
3747	4	0.0	2	4
3748	1	0.0	2	1
3750	1	0.0	2	1
3751	1	0.0	2	1
3753	2	0.0	2	2
3754	2	0.0	2	1 1
3755	3	0.0	2	3
3756	2	0.0	2	1 1
3759	2	0.0	2	2
3760	1	0.0	2	1
3761	1	0.0	2	1
3762	1	0.0	2	1
3763	3	0.0	2	2 1
3764	4	0.0	2	4
3765	1	0.0	2	1
3766	2	0.0	2	2
3768	2	0.0	2	2
3770	2	0.0	2	2
3773	2	0.0	2	2
3774	3	0.0	2	3
3775	2	0.0	2	1 1
3776	2	0.0	2	2
3778	2	0.0	2	2
3779	2	0.0	2	2
3780	3	0.0	2	3
3781	2	0.0	2	2
3782	1	0.0	2	1
3783	1	0.0	2	1
3784	6	0.0	2	6
3785	3	0.0	2	3
3786	2	0.0	2	2
3787	2	0.0	2	2
3790	3	0.0	2	3
3792	4	0.0	2	4
3793	1	0.0	2	0 0 1
3794	1	0.0	2	1
3795	3	0.0	2	3
3796	3	0.0	2	3
3797	1	0.0	2	1
3798	2	0.0	2	2
3799	3	0.0	2	3
3800	3	0.0	2	3
3801	3	0.0	2	3
3802	2	0.0	2	2
3803	1	0.0	2	1
3804	1	0.0	2	1
3805	2	0.0	2	2
3806	1	0.0	2	1
3807	2	0.0	2	2
3808	1	0.0	2	1
3809	2	0.0	2	2
3811	1	0.0	2	1
3812	1	0.0	2	1
3814	2	0.0	2	2
3815	3	0.0	2	3
3816	3	0.0	2	3
3818	1	0.0	2	1
3819	3	0.0	2	3
3820	4	0.0	2	4
3821	1	0.0	2	1
3822	1	0.0	2	1
3823	1	0.0	2	1
3825	2	0.0	2	2
3826	2	0.0	2	2
3827	2	0.0	2	2
3828	2	0.0	2	2
3829	1	0.0	2	1
3830	1	0.0	2	1
3831	1	0.0	2	1
3832	1	0.0	2	1
3833	1	0.0	2	1
3834	3	0.0	2	3
3835	1	0.0	2	1
3836	4	0.0	2	4
3837	1	0.0	2	0 1
3839	1	0.0	2	1
3840	2	0.0	2	2
3841	2	0.0	2	2
3842	3	0.0	2	3
3844	2	0.0	2	2
3846	2	0.0	2	2
3847	1	0.0	2	1
3849	4	0.0	2	4
3850	1	0.0	2	1
3851	1	0.0	2	1
3852	2	0.0	2	2
3854	1	0.0	2	1
3855	1	0.0	2	1
3856	1	0.0	2	1
3857	1	0.0	2	1
3858	1	0.0	2	1
3859	3	0.0	2	3
3860	1	0.0	2	1
3865	1	0.0	2	1
3866	1	0.0	2	1
3867	1	0.0	2	1
3869	3	0.0	2	3
3870	2	0.0	2	2
3871	1	0.0	2	1
3872	1	0.0	2	1
3873	1	0.0	2	1
3874	1	0.0	2	1
3875	2	0.0	2	2
3876	1	0.0	2	1
3877	2	0.0	2	2
3878	3	0.0	2	3
3879	1	0.0	2	1
3880	1	0.0	2	1
3882	2	0.0	2	2
3883	1	0.0	2	1
3884	2	0.0	2	2
3885	1	0.0	2	1
3886	3	0.0	2	3
3887	1	0.0	2	1
3892	1	0.0	2	1
3893	2	0.0	2	2
3894	1	0.0	2	1
3895	2	0.0	2	2
3896	1	0.0	2	1
3897	4	0.0	2	4
3898	2	0.0	2	2
3900	2	0.0	2	2
3902	3	0.0	2	3
3903	2	0.0	2	2
3904	1	0.0	2	1
3905	1	0.0	2	1
3906	1	0.0	2	1
3908	3	0.0	2	3
3909	2	0.0	2	2
3910	2	0.0	2	2
3911	1	0.0	2	1
3915	3	0.0	2	3
3916	3	0.0	2	3
3919	2	0.0	2	2
3920	2	0.0	2	2
3921	1	0.0	2	1
3922	1	0.0	2	1
3924	2	0.0	2	2
3928	1	0.0	2	1
3929	2	0.0	2	2
3930	3	0.0	2	3
3933	1	0.0	2	1
3934	1	0.0	2	1
3935	3	0.0	2	2 1
3936	3	0.0	2	3
3938	1	0.0	2	1
3939	1	0.0	2	1
3940	1	0.0	2	1
3941	1	0.0	2	1
3942	2	0.0	2	2
3943	5	0.0	2	5
3946	3	0.0	2	3
3948	2	0.0	2	2
3950	1	0.0	2	1
3951	1	0.0	2	1
3953	2	0.0	2	2
3958	1	0.0	2	1
3961	1	0.0	2	1
3962	3	0.0	2	3
3963	2	0.0	2	2
3965	2	0.0	2	2
3967	2	0.0	2	2
3968	2	0.0	2	2
3970	1	0.0	2	1
3973	2	0.0	2	2
3976	2	0.0	2	2
3977	1	0.0	2	1
3979	1	0.0	2	1
3980	1	0.0	2	1
3981	1	0.0	2	1
3982	1	0.0	2	1
3983	1	0.0	2	1
3985	1	0.0	2	1
3987	1	0.0	2	1
3988	2	0.0	2	2
3991	1	0.0	2	1
3993	1	0.0	2	1
3994	1	0.0	2	1
3997	1	0.0	2	1
3998	1	0.0	2	1
3999	1	0.0	2	1
4000	1	0.0	2	1
4001	1	0.0	2	1
4003	2	0.0	2	2
4008	2	0.0	2	2
4011	1	0.0	2	1
4012	1	0.0	2	1
4013	1	0.0	2	1
4014	1	0.0	2	1
4015	4	0.0	2	4
4016	1	0.0	2	1
4017	2	0.0	2	2
4018	2	0.0	2	2
4019	1	0.0	2	1
4020	1	0.0	2	1
4021	1	0.0	2	1
4022	2	0.0	2	2
4023	1	0.0	2	1
4024	1	0.0	2	1
4028	2	0.0	2	2
4029	1	0.0	2	1
4033	1	0.0	2	1
4035	1	0.0	2	1
4038	2	0.0	2	2
4039	2	0.0	2	2
4040	1	0.0	2	1
4041	2	0.0	2	2
4043	1	0.0	2	1
4048	3	0.0	2	3
4049	2	0.0	2	2
4050	2	0.0	2	2
4051	1	0.0	2	1
4054	3	0.0	2	3
4058	1	0.0	2	1
4059	1	0.0	2	1
4060	1	0.0	2	1
4061	1	0.0	2	1
4063	2	0.0	2	2
4064	2	0.0	2	2
4066	1	0.0	2	0 1
4067	1	0.0	2	1
4071	1	0.0	2	1
4073	1	0.0	2	1
4074	2	0.0	2	2
4077	1	0.0	2	1
4078	2	0.0	2	2
4079	1	0.0	2	1
4080	1	0.0	2	1
4081	3	0.0	2	2 1
4083	1	0.0	2	1
4085	1	0.0	2	1
4086	2	0.0	2	2
4092	1	0.0	2	1
4093	1	0.0	2	1
4095	1	0.0	2	1
4096	1	0.0	2	1
4097	1	0.0	2	1
4098	1	0.0	2	1
4099	1	0.0	2	1
4104	1	0.0	2	1
4106	1	0.0	2	1
4108	1	0.0	2	1
4111	1	0.0	2	1
4112	1	0.0	2	1
4113	3	0.0	2	3
4114	1	0.0	2	1
4118	2	0.0	2	2
4119	2	0.0	2	2
4120	1	0.0	2	1
4122	1	0.0	2	1
4126	1	0.0	2	1
4128	3	0.0	2	3
4129	1	0.0	2	1
4130	3	0.0	2	3
4131	1	0.0	2	1
4138	3	0.0	2	2 1
4139	1	0.0	2	1
4140	3	0.0	2	3
4143	1	0.0	2	1
4145	1	0.0	2	1
4146	1	0.0	2	1
4147	1	0.0	2	1
4149	2	0.0	2	1 1
4154	2	0.0	2	2
4155	4	0.0	2	4
4156	1	0.0	2	1
4159	1	0.0	2	1
4161	1	0.0	2	1
4162	2	0.0	2	2
4164	1	0.0	2	1
4165	2	0.0	2	2
4168	1	0.0	2	1
4169	1	0.0	2	1
4172	2	0.0	2	2
4176	1	0.0	2	1
4177	1	0.0	2	1
4178	3	0.0	2	3
4180	1	0.0	2	1
4185	1	0.0	2	1
4186	2	0.0	2	2
4188	1	0.0	2	1
4189	1	0.0	2	1
4190	2	0.0	2	2
4191	2	0.0	2	2
4192	1	0.0	2	1
4193	1	0.0	2	1
4196	1	0.0	2	1
4199	2	0.0	2	2
4202	2	0.0	2	2
4203	1	0.0	2	1
4208	1	0.0	2	0 1
4209	1	0.0	2	1
4211	1	0.0	2	1
4214	2	0.0	2	1 0 1
4216	1	0.0	2	1
4217	2	0.0	2	2
4221	1	0.0	2	1
4223	1	0.0	2	1
4225	1	0.0	2	1
4226	1	0.0	2	1
4227	1	0.0	2	1
4230	1	0.0	2	1
4232	1	0.0	2	1
4235	2	0.0	2	2
4236	1	0.0	2	1
4237	1	0.0	2	1
4241	1	0.0	2	1
4248	1	0.0	2	1
4251	1	0.0	2	1
4252	1	0.0	2	1
4253	2	0.0	2	2
4261	1	0.0	2	1
4263	1	0.0	2	0 1
4268	1	0.0	2	1
4269	1	0.0	2	1
4279	2	0.0	2	2
4282	2	0.0	2	2
4286	1	0.0	2	1
4290	1	0.0	2	1
4298	1	0.0	2	1
4299	1	0.0	2	1
4301	1	0.0	2	1
4302	1	0.0	2	1
4304	1	0.0	2	1
4309	2	0.0	2	2
4312	1	0.0	2	1
4324	2	0.0	2	2
4327	1	0.0	2	1
4328	1	0.0	2	1
4329	1	0.0	2	1
4330	1	0.0	2	1
4339	1	0.0	2	1
4345	1	0.0	2	1
4347	1	0.0	2	1
4350	1	0.0	2	1
4354	1	0.0	2	1
4355	1	0.0	2	1
4356	3	0.0	2	3
4357	1	0.0	2	1
4360	1	0.0	2	1
4366	1	0.0	2	1
4367	2	0.0	2	2
4372	1	0.0	2	1
4376	1	0.0	2	1
4380	1	0.0	2	1
4385	1	0.0	2	1
4399	1	0.0	2	1
4400	1	0.0	2	1
4401	1	0.0	2	1
4403	2	0.0	2	2
4405	1	0.0	2	1
4408	1	0.0	2	1
4414	2	0.0	2	2
4417	1	0.0	2	1
4424	1	0.0	2	1
4426	1	0.0	2	1
4427	1	0.0	2	1
4430	1	0.0	2	1
4437	1	0.0	2	1
4441	1	0.0	2	1
4442	1	0.0	2	1
4443	1	0.0	2	1
4448	1	0.0	2	1
4449	1	0.0	2	1
4454	1	0.0	2	1
4455	1	0.0	2	0 0 1
4459	1	0.0	2	1
4461	1	0.0	2	1
4462	1	0.0	2	1
4465	1	0.0	2	1
4478	1	0.0	2	1
4481	2	0.0	2	2
4484	2	0.0	2	2
4487	1	0.0	2	1
4488	1	0.0	2	1
4489	1	0.0	2	1
4495	1	0.0	2	1
4498	1	0.0	2	1
4502	1	0.0	2	1
4505	1	0.0	2	1
4518	2	0.0	2	2
4523	1	0.0	2	1
4524	1	0.0	2	1
4539	1	0.0	2	1
4541	1	0.0	2	0 1
4558	1	0.0	2	1
4559	1	0.0	2	1
4573	1	0.0	2	1
4581	1	0.0	2	1
4587	1	0.0	2	1
4589	1	0.0	2	1
4590	1	0.0	2	1
4599	1	0.0	2	1
4613	1	0.0	2	1
4615	1	0.0	2	1
4619	1	0.0	2	1
4632	1	0.0	2	1
4634	1	0.0	2	1
4643	1	0.0	2	1
4648	1	0.0	2	1
4649	1	0.0	2	1
4651	1	0.0	2	1
4655	1	0.0	2	1
4672	1	0.0	2	1
4677	1	0.0	2	1
4679	1	0.0	2	1
4688	1	0.0	2	1
4692	1	0.0	2	1
4702	1	0.0	2	1
4706	1	0.0	2	1
4709	1	0.0	2	1
4719	1	0.0	2	1
4720	1	0.0	2	1
4727	1	0.0	2	1
4731	1	0.0	2	1
4738	1	0.0	2	1
4746	1	0.0	2	1
4749	1	0.0	2	1
4758	1	0.0	2	1
4760	1	0.0	2	1
4761	1	0.0	2	1
4772	1	0.0	2	1
4778	1	0.0	2	1
4784	1	0.0	2	1
4790	1	0.0	2	1
4798	1	0.0	2	1
4803	1	0.0	2	1
4819	1	0.0	2	1
4824	1	0.0	2	1
4833	2	0.0	2	2
4836	1	0.0	2	1
4850	1	0.0	2	1
4871	1	0.0	2	1
4872	1	0.0	2	1
4878	1	0.0	2	0 1
4896	1	0.0	2	1
4899	1	0.0	2	1
4907	1	0.0	2	1
4910	1	0.0	2	1
4915	1	0.0	2	1
4932	1	0.0	2	1
4934	1	0.0	2	1
4938	1	0.0	2	1
4951	1	0.0	2	1
4960	1	0.0	2	1
4969	1	0.0	2	1
4974	1	0.0	2	1
4975	1	0.0	2	1
4992	1	0.0	2	1
4998	1	0.0	2	1
5003	1	0.0	2	1
5006	1	0.0	2	1
5009	1	0.0	2	1
5012	1	0.0	2	1
5015	1	0.0	2	1
5016	1	0.0	2	1
5021	1	0.0	2	1
5029	1	0.0	2	1
5041	1	0.0	2	1
5043	1	0.0	2	1
5044	1	0.0	2	1
5046	1	0.0	2	1
5053	1	0.0	2	1
5057	1	0.0	2	1
5063	1	0.0	2	1
5069	1	0.0	2	1
5073	1	0.0	2	1
5076	1	0.0	2	1
5079	1	0.0	2	1
5085	1	0.0	2	1
5091	1	0.0	2	1
5097	1	0.0	2	1
5100	1	0.0	2	1
5126	2	0.0	2	1 1
5139	1	0.0	2	1
5150	1	0.0	2	1
5153	1	0.0	2	1
5155	1	0.0	2	1
5158	1	0.0	2	1
5159	1	0.0	2	1
5165	1	0.0	2	1
5166	1	0.0	2	1
5179	1	0.0	2	1
5202	1	0.0	2	1
5240	1	0.0	2	1
5261	2	0.0	2	2
5267	1	0.0	2	1
5270	1	0.0	2	1
5272	1	0.0	2	1
5278	1	0.0	2	1
5310	1	0.0	2	1
5312	1	0.0	2	1
5323	1	0.0	2	1
5324	1	0.0	2	1
5326	1	0.0	2	1
5375	1	0.0	2	1
5391	1	0.0	2	1
5419	1	0.0	2	1
5441	1	0.0	2	1
5446	1	0.0	2	1
5457	1	0.0	2	1
5466	1	0.0	2	1
5477	1	0.0	2	1
5482	1	0.0	2	1
5509	1	0.0	2	1
5510	1	0.0	2	1
5514	1	0.0	2	1
5524	1	0.0	2	1
5556	1	0.0	2	1
5567	1	0.0	2	1
5585	1	0.0	2	1
5596	1	0.0	2	1
5602	1	0.0	2	1
5603	1	0.0	2	1
5629	1	0.0	2	1
5633	1	0.0	2	1
5634	1	0.0	2	1
5669	1	0.0	2	1
5681	1	0.0	2	1
5744	1	0.0	2	1
5763	1	0.0	2	0 1
5767	1	0.0	2	1
5780	1	0.0	2	1
5795	1	0.0	2	1
5805	1	0.0	2	1
5845	1	0.0	2	1
5891	1	0.0	2	1
5899	2	0.0	2	2
5934	1	0.0	2	1
5947	1	0.0	2	0 1
5956	1	0.0	2	1
5970	1	0.0	2	1
5971	1	0.0	2	1
5973	1	0.0	2	1
5988	1	0.0	2	1
5992	1	0.0	2	1
5999	1	0.0	2	1
6003	2	0.0	2	2
6010	1	0.0	2	1
6013	1	0.0	2	1
6014	2	0.0	2	2
6019	1	0.0	2	1
6034	1	0.0	2	1
6038	1	0.0	2	1
6045	1	0.0	2	1
6047	1	0.0	2	1
6048	1	0.0	2	1
6053	2	0.0	2	2
6057	1	0.0	2	1
6058	1	0.0	2	1
6059	1	0.0	2	1
6060	1	0.0	2	1
6061	2	0.0	2	2
6065	1	0.0	2	1
6069	1	0.0	2	1
6070	1	0.0	2	1
6073	1	0.0	2	1
6083	1	0.0	2	1
6084	2	0.0	2	2
6085	1	0.0	2	1
6087	1	0.0	2	1
6090	1	0.0	2	1
6092	2	0.0	2	2
6093	1	0.0	2	1
6099	1	0.0	2	1
6101	1	0.0	2	1
6102	1	0.0	2	1
6104	1	0.0	2	1
6107	2	0.0	2	1 1
6109	1	0.0	2	1
6110	1	0.0	2	1
6111	1	0.0	2	1
6113	1	0.0	2	1
6114	1	0.0	2	1
6115	1	0.0	2	1
6118	1	0.0	2	1
6122	1	0.0	2	1
6123	1	0.0	2	1
6125	1	0.0	2	1
6129	1	0.0	2	1
6131	1	0.0	2	1
6137	2	0.0	2	2
6147	2	0.0	2	2
6149	1	0.0	2	1
6151	1	0.0	2	1
6154	1	0.0	2	1
6156	3	0.0	2	3
6157	1	0.0	2	1
6158	1	0.0	2	1
6160	2	0.0	2	2
6161	3	0.0	2	3
6162	2	0.0	2	2
6163	1	0.0	2	1
6164	2	0.0	2	2
6168	2	0.0	2	2
6169	2	0.0	2	2
6174	3	0.0	2	3
6175	3	0.0	2	2 1
6176	2	0.0	2	2
6177	1	0.0	2	1
6178	1	0.0	2	1
6179	1	0.0	2	1
6181	2	0.0	2	2
6182	2	0.0	2	2
6184	1	0.0	2	1
6186	2	0.0	2	2
6187	1	0.0	2	1
6188	2	0.0	2	2
6189	2	0.0	2	2
6190	2	0.0	2	2
6192	2	0.0	2	2
6193	2	0.0	2	2
6195	1	0.0	2	1
6196	3	0.0	2	3
6197	4	0.0	2	4
6198	2	0.0	2	2
6200	4	0.0	2	4
6201	2	0.0	2	2
6202	1	0.0	2	1
6203	2	0.0	2	2
6204	3	0.0	2	3
6205	4	0.0	2	4
6206	1	0.0	2	1
6207	4	0.0	2	3 1
6208	2	0.0	2	2
6209	3	0.0	2	3
6210	2	0.0	2	2
6211	3	0.0	2	3
6212	3	0.0	2	3
6213	3	0.0	2	3
6214	3	0.0	2	3
6215	3	0.0	2	3
6216	4	0.0	2	4
6218	3	0.0	2	3
6219	1	0.0	2	1
6220	2	0.0	2	2
6221	5	0.0	2	5
6222	2	0.0	2	2
6223	1	0.0	2	1
6224	1	0.0	2	1
6225	5	0.0	2	5
6226	4	0.0	2	4
6227	1	0.0	2	1
6228	2	0.0	2	2
6229	2	0.0	2	2
6230	4	0.0	2	4
6231	7	0.0	2	7
6232	2	0.0	2	2
6233	4	0.0	2	4
6234	1	0.0	2	1
6235	3	0.0	2	3
6236	3	0.0	2	3
6237	1	0.0	2	1
6238	3	0.0	2	3
6239	1	0.0	2	1
6240	3	0.0	2	2 1
6241	2	0.0	2	2
6242	2	0.0	2	2
6243	2	0.0	2	2
6244	7	0.0	2	7
6245	2	0.0	2	2
6246	2	0.0	2	2
6247	3	0.0	2	3
6248	3	0.0	2	3
6249	5	0.0	2	5
6250	6	0.0	2	6
6251	5	0.0	2	5
6252	9	0.0	2	9
6253	4	0.0	2	4
6254	4	0.0	2	4
6255	5	0.0	2	5
6256	4	0.0	2	4
6257	5	0.0	2	5
6258	9	0.0	2	9
6259	3	0.0	2	3
6260	5	0.0	2	5
6261	4	0.0	2	4
6262	6	0.0	2	6
6263	4	0.0	2	4
6264	6	0.0	2	6
6265	9	0.0	2	9
6266	3	0.0	2	3
6267	6	0.0	2	6
6268	8	0.0	2	8
6269	5	0.0	2	5
6270	6	0.0	2	6
6271	7	0.0	2	7
6272	9	0.0	2	8 1
6273	5	0.0	2	5
6274	9	0.0	2	9
6275	5	0.0	2	5
6276	2	0.0	2	2
6277	10	0.0	2	10
6278	7	0.0	2	6 1
6279	4	0.0	2	4
6280	9	0.0	2	9
6281	4	0.0	2	4
6282	8	0.0	2	8
6283	2	0.0	2	1 1
6284	6	0.0	2	6
6285	5	0.0	2	4 1
6286	6	0.0	2	6
6287	5	0.0	2	5
6288	10	0.0	2	9 1
6289	6	0.0	2	6
6290	11	0.0	2	10 1
6291	7	0.0	2	7
6292	5	0.0	2	5
6293	7	0.0	2	7
6294	3	0.0	2	3
6295	6	0.0	2	6
6296	7	0.0	2	7
6297	6	0.0	2	6
6298	8	0.0	2	8
6299	5	0.0	2	5
6300	11	0.0	2	11
6301	7	0.0	2	7
6302	6	0.0	2	6
6303	5	0.0	2	5
6304	6	0.0	2	6
6305	6	0.0	2	6
6306	7	0.0	2	7
6307	4	0.0	2	4
6308	5	0.0	2	5
6309	6	0.0	2	6
6310	9	0.0	2	9
6311	8	0.0	2	8
6312	8	0.0	2	8
6313	6	0.0	2	6
6314	4	0.0	2	3 1
6315	2	0.0	2	2
6316	5	0.0	2	5
6317	5	0.0	2	5
6318	7	0.0	2	6 1
6319	2	0.0	2	2
6320	3	0.0	2	3
6321	7	0.0	2	7
6322	8	0.0	2	8
6323	6	0.0	2	6
6324	4	0.0	2	4
6325	6	0.0	2	6
6326	5	0.0	2	4 1
6327	2	0.0	2	2
6328	5	0.0	2	5
6329	6	0.0	2	5 1
6330	7	0.0	2	7
6331	6	0.0	2	5 1
6332	7	0.0	2	7
6333	6	0.0	2	6
6334	5	0.0	2	5
6335	4	0.0	2	4
6336	3	0.0	2	3
6337	2	0.0	2	2
6338	1	0.0	2	1
6340	4	0.0	2	4
6341	1	0.0	2	1
6342	2	0.0	2	2
6343	3	0.0	2	2 1
6345	2	0.0	2	2
6346	2	0.0	2	2
6347	2	0.0	2	2
6348	4	0.0	2	4
6349	3	0.0	2	3
6350	1	0.0	2	1
6351	1	0.0	2	1
6352	2	0.0	2	2
6353	5	0.0	2	5
6354	1	0.0	2	1
6355	2	0.0	2	2
6356	2	0.0	2	2
6357	4	0.0	2	4
6358	3	0.0	2	2 1
6359	4	0.0	2	4
6361	1	0.0	2	1
6362	4	0.0	2	4
6363	5	0.0	2	5
6364	6	0.0	2	6
6365	5	0.0	2	5
6366	5	0.0	2	5
6367	4	0.0	2	4
6368	5	0.0	2	5
6369	5	0.0	2	5
6370	4	0.0	2	4
6371	4	0.0	2	4
6372	4	0.0	2	4
6373	5	0.0	2	5
6374	7	0.0	2	7
6375	8	0.0	2	8
6376	5	0.0	2	5
6377	10	0.0	2	9 1
6378	10	0.0	2	9 1
6379	12	0.0	2	12
6380	9	0.0	2	9
6381	14	0.0	2	14
6382	9	0.0	2	9
6383	13	0.0	2	13
6384	15	0.0	2	15
6385	16	0.0	2	16
6386	24	0.0	2	24
6387	16	0.0	2	16
6388	18	0.0	2	18
6389	15	0.0	2	15
6390	20	0.0	2	20
6391	17	0.0	2	17
6392	15	0.0	2	15
6393	10	0.0	2	10
6394	13	0.0	2	13
6395	15	0.0	2	15
6396	8	0.0	2	8
6397	14	0.0	2	14
6398	5	0.0	2	5
6399	12	0.0	2	12
6400	5	0.0	2	5
6401	4	0.0	2	4
6402	4	0.0	2	4
6403	5	0.0	2	5
6404	3	0.0	2	3
6405	3	0.0	2	3
6406	1	0.0	2	1
6407	3	0.0	2	3
6408	2	0.0	2	2
6409	2	0.0	2	2
6410	4	0.0	2	4
6411	2	0.0	2	2
6412	1	0.0	2	1
6413	2	0.0	2	2
6414	5	0.0	2	5
6415	3	0.0	2	3
6416	1	0.0	2	1
6417	2	0.0	2	2
6418	1	0.0	2	1
6419	4	0.0	2	4
6420	2	0.0	2	2
6421	4	0.0	2	4
6422	3	0.0	2	3
6424	4	0.0	2	4
6425	4	0.0	2	4
6426	2	0.0	2	2
6427	3	0.0	2	3
6428	1	0.0	2	1
6430	2	0.0	2	2
6431	2	0.0	2	2
6432	4	0.0	2	4
6433	4	0.0	2	4
6434	7	0.0	2	7
6435	2	0.0	2	2
6436	1	0.0	2	1
6438	2	0.0	2	2
6439	1	0.0	2	1
6442	1	0.0	2	1
6443	2	0.0	2	2
6444	1	0.0	2	1
6447	2	0.0	2	2
6448	2	0.0	2	2
6450	2	0.0	2	2
6452	2	0.0	2	2
6454	1	0.0	2	1
6457	1	0.0	2	1
6458	1	0.0	2	1
6461	1	0.0	2	1
6467	1	0.0	2	1
6468	1	0.0	2	1
6470	1	0.0	2	1
6471	2	0.0	2	2
6472	3	0.0	2	3
6474	1	0.0	2	1
6476	2	0.0	2	2
6478	1	0.0	2	1
6479	1	0.0	2	1
6483	1	0.0	2	1
6484	1	0.0	2	1
6486	1	0.0	2	1
6487	1	0.0	2	1
6489	1	0.0	2	1
6490	1	0.0	2	1
6491	1	0.0	2	1
6493	1	0.0	2	1
6494	1	0.0	2	1
6496	2	0.0	2	2
6503	1	0.0	2	1
6505	1	0.0	2	1
6506	2	0.0	2	2
6508	2	0.0	2	2
6510	1	0.0	2	1
6516	1	0.0	2	1
6520	1	0.0	2	1
6524	2	0.0	2	2
6530	1	0.0	2	1
6534	1	0.0	2	1
6538	1	0.0	2	1
6539	1	0.0	2	1
6541	1	0.0	2	1
6543	1	0.0	2	1
6544	1	0.0	2	1
6546	2	0.0	2	2
6549	1	0.0	2	1
6554	1	0.0	2	1
6557	2	0.0	2	2
6559	1	0.0	2	1
6560	1	0.0	2	1
6563	1	0.0	2	1
6573	1	0.0	2	1
6574	1	0.0	2	1
6575	2	0.0	2	2
6576	1	0.0	2	1
6577	2	0.0	2	1 1
6580	1	0.0	2	1
6585	1	0.0	2	1
6586	1	0.0	2	1
6588	1	0.0	2	1
6592	2	0.0	2	2
6596	2	0.0	2	2
6597	1	0.0	2	1
6599	1	0.0	2	1
6603	1	0.0	2	1
6604	1	0.0	2	1
6605	1	0.0	2	1
6608	1	0.0	2	1
6609	1	0.0	2	1
6610	2	0.0	2	2
6611	1	0.0	2	1
6612	2	0.0	2	2
6614	1	0.0	2	1
6615	2	0.0	2	2
6616	1	0.0	2	1
6617	1	0.0	2	0 1
6619	1	0.0	2	1
6620	1	0.0	2	1
6622	1	0.0	2	1
6624	2	0.0	2	2
6625	2	0.0	2	2
6627	1	0.0	2	1
6634	4	0.0	2	4
6635	4	0.0	2	4
6638	1	0.0	2	1
6641	2	0.0	2	2
6642	1	0.0	2	1
6643	1	0.0	2	1
6647	2	0.0	2	1 1
6648	1	0.0	2	1
6651	1	0.0	2	1
6653	2	0.0	2	2
6656	1	0.0	2	1
6659	1	0.0	2	1
6661	1	0.0	2	1
6662	1	0.0	2	1
6666	1	0.0	2	1
6669	2	0.0	2	2
6672	1	0.0	2	1
6674	1	0.0	2	1
6675	3	0.0	2	3
6678	1	0.0	2	1
6679	1	0.0	2	1
6680	1	0.0	2	1
6681	3	0.0	2	3
6687	2	0.0	2	2
6688	1	0.0	2	1
6689	1	0.0	2	1
6690	2	0.0	2	2
6694	1	0.0	2	1
6695	1	0.0	2	1
6700	1	0.0	2	1
6701	2	0.0	2	2
6704	3	0.0	2	3
6707	2	0.0	2	2
6708	1	0.0	2	1
6713	2	0.0	2	2
6717	1	0.0	2	1
6718	2	0.0	2	2
6721	2	0.0	2	2
6723	1	0.0	2	1
6726	3	0.0	2	3
6728	2	0.0	2	2
6729	2	0.0	2	2
6730	1	0.0	2	1
6731	1	0.0	2	1
6733	1	0.0	2	0 0 1
6734	1	0.0	2	1
6735	1	0.0	2	1
6736	3	0.0	2	2 1
6737	1	0.0	2	1
6740	1	0.0	2	1
6750	1	0.0	2	1
6752	1	0.0	2	1
6753	2	0.0	2	2
6754	2	0.0	2	1 1
6757	3	0.0	2	3
6762	1	0.0	2	1
6764	1	0.0	2	1
6767	1	0.0	2	1
6770	2	0.0	2	2
6774	2	0.0	2	2
6775	1	0.0	2	1
6776	1	0.0	2	1
6780	1	0.0	2	1
6781	2	0.0	2	2
6782	2	0.0	2	2
6784	1	0.0	2	1
6785	1	0.0	2	1
6788	1	0.0	2	1
6791	1	0.0	2	1
6793	1	0.0	2	1
6797	2	0.0	2	2
6803	1	0.0	2	1
6804	1	0.0	2	1
6806	1	0.0	2	1
6808	1	0.0	2	1
6812	2	0.0	2	2
6814	2	0.0	2	2
6818	1	0.0	2	1
6835	1	0.0	2	1
6836	1	0.0	2	1
6839	2	0.0	2	2
6841	1	0.0	2	1
6846	1	0.0	2	1
6849	1	0.0	2	1
6852	1	0.0	2	1
6855	2	0.0	2	2
6856	1	0.0	2	1
6861	1	0.0	2	1
6872	1	0.0	2	1
6876	1	0.0	2	1
6881	1	0.0	2	1
6887	1	0.0	2	1
6889	1	0.0	2	1
6891	1	0.0	2	1
6905	1	0.0	2	1
6906	1	0.0	2	1
6911	1	0.0	2	1
6919	1	0.0	2	1
6921	1	0.0	2	1
6922	1	0.0	2	1
6924	1	0.0	2	1
6929	2	0.0	2	2
6931	1	0.0	2	1
6933	1	0.0	2	1
6939	1	0.0	2	1
6947	1	0.0	2	1
6951	1	0.0	2	1
6963	1	0.0	2	1
6965	1	0.0	2	1
6967	2	0.0	2	2
6974	1	0.0	2	1
6975	1	0.0	2	1
6976	1	0.0	2	1
6986	1	0.0	2	1
6990	1	0.0	2	1
6991	1	0.0	2	1
6992	1	0.0	2	1
6993	1	0.0	2	1
6995	1	0.0	2	1
6999	1	0.0	2	1
7001	1	0.0	2	1
7002	1	0.0	2	1
7006	1	0.0	2	1
7011	1	0.0	2	1
7016	1	0.0	2	1
7023	2	0.0	2	2
7026	1	0.0	2	1
7030	1	0.0	2	1
7033	1	0.0	2	1
7034	1	0.0	2	1
7054	1	0.0	2	1
7062	1	0.0	2	1
7075	1	0.0	2	1
7088	1	0.0	2	1
7090	1	0.0	2	1
7092	1	0.0	2	1
7093	3	0.0	2	3
7104	1	0.0	2	1
7111	1	0.0	2	1
7134	1	0.0	2	1
7140	3	0.0	2	3
7143	1	0.0	2	1
7145	2	0.0	2	2
7154	2	0.0	2	2
7155	1	0.0	2	1
7157	1	0.0	2	1
7162	1	0.0	2	1
7165	1	0.0	2	0 1
7167	1	0.0	2	1
7168	1	0.0	2	1
7174	1	0.0	2	1
7177	1	0.0	2	1
7188	1	0.0	2	1
7193	1	0.0	2	1
7207	1	0.0	2	1
7209	1	0.0	2	1
7236	1	0.0	2	1
7241	1	0.0	2	1
7248	1	0.0	2	1
7253	1	0.0	2	1
7261	1	0.0	2	1
7275	1	0.0	2	1
7303	1	0.0	2	1
7308	1	0.0	2	1
7314	1	0.0	2	1
7318	1	0.0	2	1
7328	1	0.0	2	1
7331	1	0.0	2	1
7334	1	0.0	2	1
7339	1	0.0	2	1
7350	1	0.0	2	1
7355	1	0.0	2	1
7357	1	0.0	2	1
7376	1	0.0	2	1
7378	1	0.0	2	1
7382	1	0.0	2	1
7393	1	0.0	2	1
7396	1	0.0	2	1
7408	1	0.0	2	1
7415	1	0.0	2	1
7418	1	0.0	2	1
7431	1	0.0	2	1
7441	1	0.0	2	1
7460	1	0.0	2	1
7484	1	0.0	2	1
7537	1	0.0	2	1
7571	1	0.0	2	1
7615	1	0.0	2	1
7619	1	0.0	2	1
7647	1	0.0	2	1
7653	1	0.0	2	1
7658	1	0.0	2	1
7674	1	0.0	2	1
7713	1	0.0	2	1
7765	1	0.0	2	1
7806	1	0.0	2	1
7821	1	0.0	2	1
7828	1	0.0	2	1
7851	1	0.0	2	1
7897	1	0.0	2	1
7907	1	0.0	2	1
7911	1	0.0	2	1
7943	1	0.0	2	1
7997	1	0.0	2	1
8023	1	0.0	2	1
8092	1	0.0	2	1
8123	1	0.0	2	1
8142	1	0.0	2	1
8223	1	0.0	2	1
8224	1	0.0	2	1
8389	1	0.0	2	1
8396	1	0.0	2	1
8528	1	0.0	2	1
8743	1	0.0	2	1
8775	1	0.0	2	1
8815	1	0.0	2	1
8846	1	0.0	2	1
8876	1	0.0	2	0 1
9097	1	0.0	2	1
9157	1	0.0	2	1
9193	1	0.0	2	1
9195	1	0.0	2	1
9198	1	0.0	2	1
9201	1	0.0	2	1
9221	1	0.0	2	1
9258	1	0.0	2	1
9294	1	0.0	2	1
9295	1	0.0	2	1
9317	1	0.0	2	1
9334	1	0.0	2	1
9341	1	0.0	2	1
9364	1	0.0	2	1
9365	1	0.0	2	1
9366	1	0.0	2	1
9384	1	0.0	2	1
9385	1	0.0	2	1
9386	1	0.0	2	1
9392	1	0.0	2	1
9402	1	0.0	2	1
9408	1	0.0	2	1
9412	1	0.0	2	1
9424	1	0.0	2	1
9426	2	0.0	2	2
9429	1	0.0	2	1
9432	1	0.0	2	1
9441	1	0.0	2	1
9442	1	0.0	2	1
9445	1	0.0	2	1
9449	1	0.0	2	1
9452	1	0.0	2	1
9457	2	0.0	2	2
9461	1	0.0	2	1
9462	1	0.0	2	1
9463	1	0.0	2	1
9464	1	0.0	2	1
9465	1	0.0	2	1
9466	1	0.0	2	1
9469	1	0.0	2	1
9470	2	0.0	2	2
9473	1	0.0	2	1
9475	1	0.0	2	1
9478	1	0.0	2	1
9479	1	0.0	2	1
9480	1	0.0	2	1
9482	1	0.0	2	1
9483	3	0.0	2	2 1
9484	2	0.0	2	2
9485	1	0.0	2	1
9486	1	0.0	2	0 1
9487	1	0.0	2	1
9489	2	0.0	2	2
9490	1	0.0	2	1
9491	1	0.0	2	1
9492	3	0.0	2	3
9493	3	0.0	2	3
9494	3	0.0	2	3
9497	3	0.0	2	3
9498	1	0.0	2	1
9499	1	0.0	2	0 1
9500	1	0.0	2	1
9501	3	0.0	2	3
9502	1	0.0	2	1
9505	2	0.0	2	2
9506	1	0.0	2	1
9507	1	0.0	2	1
9508	1	0.0	2	1
9509	1	0.0	2	1
9510	1	0.0	2	1
9511	1	0.0	2	1
9512	2	0.0	2	2
9514	2	0.0	2	2
9515	1	0.0	2	1
9520	2	0.0	2	2
9521	1	0.0	2	1
9523	1	0.0	2	1
9526	2	0.0	2	2
9528	2	0.0	2	2
9529	3	0.0	2	3
9531	2	0.0	2	2
9532	2	0.0	2	2
9534	1	0.0	2	1
9536	1	0.0	2	1
9537	2	0.0	2	2
9538	1	0.0	2	1
9540	1	0.0	2	1
9546	1	0.0	2	0 1
9547	1	0.0	2	1
9552	1	0.0	2	1
9561	1	0.0	2	1
9563	1	0.0	2	1
9565	1	0.0	2	1
9566	2	0.0	2	2
9568	1	0.0	2	1
9569	1	0.0	2	1
9570	1	0.0	2	1
9571	1	0.0	2	1
9572	1	0.0	2	1
9573	1	0.0	2	1
9574	1	0.0	2	1
9576	1	0.0	2	1
9578	1	0.0	2	1
9585	1	0.0	2	1
9587	1	0.0	2	1
9588	1	0.0	2	1
9592	1	0.0	2	1
9593	2	0.0	2	2
9594	1	0.0	2	1
9595	3	0.0	2	3
9596	2	0.0	2	2
9597	1	0.0	2	1
9599	2	0.0	2	2
9603	3	0.0	2	3
9604	2	0.0	2	2
9610	1	0.0	2	1
9611	1	0.0	2	1
9613	1	0.0	2	1
9616	1	0.0	2	1
9619	1	0.0	2	1
9621	1	0.0	2	1
9625	1	0.0	2	1
9626	1	0.0	2	1
9627	2	0.0	2	2
9629	1	0.0	2	1
9630	1	0.0	2	1
9634	1	0.0	2	1
9638	1	0.0	2	1
9639	1	0.0	2	1
9643	1	0.0	2	1
9645	1	0.0	2	1
9651	1	0.0	2	1
9657	1	0.0	2	1
9662	1	0.0	2	1
9664	1	0.0	2	1
9665	2	0.0	2	2
9668	1	0.0	2	1
9669	1	0.0	2	1
9681	2	0.0	2	2
9682	1	0.0	2	1
9685	1	0.0	2	1
9688	1	0.0	2	1
9689	1	0.0	2	1
9701	1	0.0	2	1
9702	2	0.0	2	2
9708	1	0.0	2	1
9715	1	0.0	2	1
9719	1	0.0	2	1
9740	1	0.0	2	1
9748	1	0.0	2	1
9749	1	0.0	2	1
9787	1	0.0	2	1
9797	1	0.0	2	1
9815	1	0.0	2	1
9816	1	0.0	2	1
9829	1	0.0	2	1
9845	1	0.0	2	1
9852	1	0.0	2	1
9860	1	0.0	2	1
9861	1	0.0	2	0 1
9889	1	0.0	2	1
9893	1	0.0	2	1
9899	1	0.0	2	1
9902	1	0.0	2	1
9906	1	0.0	2	1
9929	1	0.0	2	1
9968	1	0.0	2	0 1
9980	1	0.0	2	1
9983	2	0.0	2	2
9996	1	0.0	2	1
10043	1	0.0	2	1
10064	1	0.0	2	1
10069	1	0.0	2	1
10086	1	0.0	2	1
10091	1	0.0	2	1
10099	1	0.0	2	1
10127	1	0.0	2	1
10146	1	0.0	2	1
10197	1	0.0	2	1
10225	1	0.0	2	0 1
10251	1	0.0	2	1
10289	1	0.0	2	1
10296	1	0.0	2	1
10300	1	0.0	2	1
10347	1	0.0	2	1
10349	1	0.0	2	1
10379	1	0.0	2	1
10451	1	0.0	2	1
10587	1	0.0	2	1
10607	1	0.0	2	1
10635	1	0.0	2	1
10654	1	0.0	2	0 1
10981	1	0.0	2	1
11002	1	0.0	2	1
11109	1	0.0	2	0 1
11142	1	0.0	2	1
11225	1	0.0	2	1
11841	1	0.0	2	1
12488	1	0.0	2	0 1
12508	1	0.0	2	1
12519	1	0.0	2	1
12539	1	0.0	2	1
12548	1	0.0	2	1
12561	1	0.0	2	1
12594	1	0.0	2	1
12604	1	0.0	2	1
12625	1	0.0	2	1
12632	1	0.0	2	1
12681	1	0.0	2	1
12686	1	0.0	2	1
12701	1	0.0	2	1
12703	1	0.0	2	1
12722	1	0.0	2	1
12728	1	0.0	2	1
12758	1	0.0	2	1
12759	1	0.0	2	0 1
12769	1	0.0	2	1
12773	1	0.0	2	1
12778	1	0.0	2	1
12862	1	0.0	2	1
12876	1	0.0	2	1
12895	1	0.0	2	1
12898	1	0.0	2	1
13027	1	0.0	2	1
13114	1	0.0	2	1
13170	1	0.0	2	1
13206	1	0.0	2	1
13288	1	0.0	2	1
13340	1	0.0	2	1
13411	1	0.0	2	1
13444	1	0.0	2	1
13466	1	0.0	2	1
13487	1	0.0	2	1
13527	1	0.0	2	1
14181	1	0.0	2	1
14556	1	0.0	2	1
14943	1	0.0	2	1
15865	1	0.0	2	1
16172	1	0.0	2	1
16802	1	0.0	2	1
17848	1	0.0	2	1


WARNING:
    One or more of your adapter sequences may be incomplete.
    Please see the detailed output above.
