2025-06-11 09:46:41 Sorting BAM file
2025-06-11 09:46:41 Indexing BAM file
2025-06-11 09:46:41 Building reads pileup
2025-06-11 09:46:42 Sorting VCF file
2025-06-11 09:46:42 Building pileup array
2025-06-11 09:46:42 Parsing SNP at position 17
2025-06-11 09:46:42 Parsing SNP at position 76
2025-06-11 09:46:42 Parsing SNP at position 155
2025-06-11 09:46:42 Parsing SNP at position 159
2025-06-11 09:46:42 Parsing SNP at position 164
2025-06-11 09:46:42 Parsing SNP at position 230
2025-06-11 09:46:42 Skip position 230 due to unpassed quality test
2025-06-11 09:46:42 Parsing SNP at position 245
2025-06-11 09:46:42 Skip position 245 due to unpassed quality test
2025-06-11 09:46:42 Parsing SNP at position 260
2025-06-11 09:46:42 Skip position 260 due to unpassed quality test
2025-06-11 09:46:42 Parsing SNP at position 268
2025-06-11 09:46:42 Skip position 268 due to unpassed quality test
2025-06-11 09:46:42 Parsing SNP at position 303
2025-06-11 09:46:42 Skip position 303 due to unpassed quality test
2025-06-11 09:46:42 Parsing SNP at position 305
2025-06-11 09:46:42 Skip position 305 due to unpassed quality test
2025-06-11 09:46:42 Parsing SNP at position 338
2025-06-11 09:46:42 Skip position 338 due to unpassed quality test
2025-06-11 09:46:42 Parsing SNP at position 356
2025-06-11 09:46:42 Skip position 356 due to unpassed quality test
2025-06-11 09:46:42 Parsing SNP at position 381
2025-06-11 09:46:42 Skip position 381 due to unpassed quality test
2025-06-11 09:46:42 Parsing SNP at position 398
2025-06-11 09:46:42 Skip position 398 due to unpassed quality test
2025-06-11 09:46:42 Parsing SNP at position 428
2025-06-11 09:46:42 Skip position 428 due to unpassed quality test
2025-06-11 09:46:42 Parsing SNP at position 470
2025-06-11 09:46:42 Skip position 470 due to unpassed quality test
2025-06-11 09:46:42 Parsing SNP at position 537
2025-06-11 09:46:42 Skip position 537 due to unpassed quality test
2025-06-11 09:46:42 Parsing SNP at position 705
2025-06-11 09:46:42 Skip position 705 due to unpassed quality test
2025-06-11 09:46:42 Parsing SNP at position 720
2025-06-11 09:46:42 Skip position 720 due to unpassed quality test
2025-06-11 09:46:42 Parsing SNP at position 738
2025-06-11 09:46:42 Skip position 738 due to unpassed quality test
2025-06-11 09:46:42 Parsing SNP at position 739
2025-06-11 09:46:42 Skip position 739 due to unpassed quality test
2025-06-11 09:46:42 Parsing SNP at position 741
2025-06-11 09:46:42 Skip position 741 due to unpassed quality test
2025-06-11 09:46:42 Parsing SNP at position 753
2025-06-11 09:46:42 Skip position 753 due to unpassed quality test
2025-06-11 09:46:42 Parsing SNP at position 756
2025-06-11 09:46:42 Skip position 756 due to unpassed quality test
2025-06-11 09:46:42 Parsing SNP at position 1807
2025-06-11 09:46:42 Skip position 1807 due to unpassed quality test
2025-06-11 09:46:42 Parsing SNP at position 1809
2025-06-11 09:46:42 Skip position 1809 due to unpassed quality test
2025-06-11 09:46:42 Parsing SNP at position 1897
2025-06-11 09:46:42 Skip position 1897 due to unpassed quality test
2025-06-11 09:46:42 Parsing SNP at position 2088
2025-06-11 09:46:42 Skip position 2088 due to unpassed quality test
2025-06-11 09:46:42 Parsing SNP at position 2139
2025-06-11 09:46:42 Skip position 2139 due to unpassed quality test
2025-06-11 09:46:42 Parsing SNP at position 2145
2025-06-11 09:46:42 Skip position 2145 due to unpassed quality test
2025-06-11 09:46:42 Parsing SNP at position 2211
2025-06-11 09:46:42 Skip position 2211 due to unpassed quality test
2025-06-11 09:46:42 Parsing SNP at position 2214
2025-06-11 09:46:42 Skip position 2214 due to unpassed quality test
2025-06-11 09:46:42 Parsing SNP at position 2217
2025-06-11 09:46:42 Skip position 2217 due to unpassed quality test
2025-06-11 09:46:42 Parsing SNP at position 2220
2025-06-11 09:46:42 Skip position 2220 due to unpassed quality test
2025-06-11 09:46:42 Parsing SNP at position 2223
2025-06-11 09:46:42 Skip position 2223 due to unpassed quality test
2025-06-11 09:46:42 Parsing SNP at position 2234
2025-06-11 09:46:42 Skip position 2234 due to unpassed quality test
2025-06-11 09:46:42 Parsing SNP at position 2239
2025-06-11 09:46:42 Skip position 2239 due to unpassed quality test
2025-06-11 09:46:42 Parsing SNP at position 2241
2025-06-11 09:46:42 Skip position 2241 due to unpassed quality test
2025-06-11 09:46:42 Parsing SNP at position 2244
2025-06-11 09:46:42 Skip position 2244 due to unpassed quality test
2025-06-11 09:46:42 Parsing SNP at position 2256
2025-06-11 09:46:42 Skip position 2256 due to unpassed quality test
2025-06-11 09:46:42 Parsing SNP at position 2262
2025-06-11 09:46:42 Skip position 2262 due to unpassed quality test
2025-06-11 09:46:42 Parsing SNP at position 2266
2025-06-11 09:46:42 Skip position 2266 due to unpassed quality test
2025-06-11 09:46:42 Parsing SNP at position 2307
2025-06-11 09:46:42 Skip position 2307 due to unpassed quality test
2025-06-11 09:46:42 Parsing SNP at position 2314
2025-06-11 09:46:42 Skip position 2314 due to unpassed quality test
2025-06-11 09:46:42 Parsing SNP at position 2346
2025-06-11 09:46:42 Skip position 2346 due to unpassed quality test
2025-06-11 09:46:42 Parsing SNP at position 2349
2025-06-11 09:46:42 Skip position 2349 due to unpassed quality test
2025-06-11 09:46:42 Parsing SNP at position 2352
2025-06-11 09:46:42 Skip position 2352 due to unpassed quality test
2025-06-11 09:46:42 Parsing SNP at position 2355
2025-06-11 09:46:42 Skip position 2355 due to unpassed quality test
2025-06-11 09:46:42 Parsing SNP at position 2383
2025-06-11 09:46:42 Skip position 2383 due to unpassed quality test
2025-06-11 09:46:42 Parsing SNP at position 2460
2025-06-11 09:46:42 Skip position 2460 due to unpassed quality test
2025-06-11 09:46:42 Parsing SNP at position 2476
2025-06-11 09:46:42 Skip position 2476 due to unpassed quality test
2025-06-11 09:46:42 Parsing SNP at position 2478
2025-06-11 09:46:42 Skip position 2478 due to unpassed quality test
2025-06-11 09:46:42 Parsing SNP at position 2511
2025-06-11 09:46:42 Skip position 2511 due to unpassed quality test
2025-06-11 09:46:42 Parsing SNP at position 2523
2025-06-11 09:46:42 Skip position 2523 due to unpassed quality test
2025-06-11 09:46:42 Parsing SNP at position 2526
2025-06-11 09:46:42 Skip position 2526 due to unpassed quality test
2025-06-11 09:46:42 Parsing SNP at position 2534
2025-06-11 09:46:42 Skip position 2534 due to unpassed quality test
2025-06-11 09:46:42 Parsing SNP at position 2535
2025-06-11 09:46:42 Skip position 2535 due to unpassed quality test
2025-06-11 09:46:42 Parsing SNP at position 2634
2025-06-11 09:46:42 Parsing SNP at position 2691
2025-06-11 09:46:42 Parsing SNP at position 2757
2025-06-11 09:46:42 Parsing SNP at position 2766
2025-06-11 09:46:42 Parsing SNP at position 2802
2025-06-11 09:46:42 Parsing SNP at position 2804
2025-06-11 09:46:42 Parsing SNP at position 2817
2025-06-11 09:46:42 Parsing SNP at position 2879
2025-06-11 09:46:42 Parsing SNP at position 2918
2025-06-11 09:46:42 Parsing SNP at position 2935
2025-06-11 09:46:42 Parsing SNP at position 2939
2025-06-11 09:46:42 Parsing SNP at position 3008
2025-06-11 09:46:42 Parsing SNP at position 3024
2025-06-11 09:46:42 Parsing SNP at position 3026
2025-06-11 09:46:42 Parsing SNP at position 3032
2025-06-11 09:46:42 Parsing SNP at position 3052
2025-06-11 09:46:42 Parsing SNP at position 3080
2025-06-11 09:46:42 Parsing SNP at position 3114
2025-06-11 09:46:42 Parsing SNP at position 3121
2025-06-11 09:46:42 Writting results
2025-06-11 09:46:42 Running time: 0h:0m:1s::28
