This is cutadapt 5.0 with Python 3.10.14
Command line parameters: -a file:HBV_primer.fasta -m 150 -M 1200 -q 10 -j 4 -o barcode05_trim_reads.fastq.gz barcode05.merged.fastq.gz
Processing single-end reads on 4 cores ...

=== Summary ===

Total reads processed:                  43,166
Reads with adapters:                     9,493 (22.0%)

== Read fate breakdown ==
Reads that were too short:              25,247 (58.5%)
Reads that were too long:                  121 (0.3%)
Reads written (passing filters):        17,798 (41.2%)

Total basepairs processed:    11,107,216 bp
Quality-trimmed:                 114,896 bp (1.0%)
Total written (filtered):      4,033,029 bp (36.3%)

=== Adapter P1bis ===

Sequence: TTCACCTCTGCCTAATCA; Type: regular 3'; Length: 18; Trimmed: 5129 times

Minimum overlap: 3
No. of allowed errors:
1-9 bp: 0; 10-18 bp: 1

Bases preceding removed adapters:
  A: 86.6%
  C: 1.1%
  G: 1.2%
  T: 10.6%
  none/other: 0.4%
WARNING:
    The adapter is preceded by 'A' extremely often.
    The provided adapter sequence could be incomplete at its 5' end.
    Ignore this warning when trimming primers.

Overview of removed sequences
length	count	expect	max.err	error counts
3	132	674.5	0	132
4	91	168.6	0	91
5	5	42.2	0	5
6	9	10.5	0	9
7	46	2.6	0	46
8	14	0.7	0	14
9	12	0.2	0	12
10	42	0.0	1	6 36
11	144	0.0	1	0 144
12	57	0.0	1	1 56
13	54	0.0	1	1 53
14	2	0.0	1	0 2
15	2	0.0	1	0 2
16	15	0.0	1	0 15
17	2	0.0	1	0 2
18	2	0.0	1	0 2
19	4	0.0	1	0 4
20	1	0.0	1	0 1
21	1	0.0	1	0 1
26	3	0.0	1	0 3
27	3	0.0	1	0 3
28	1	0.0	1	0 1
29	2	0.0	1	0 2
30	7	0.0	1	0 7
31	1	0.0	1	0 1
32	3	0.0	1	0 3
33	5	0.0	1	0 5
34	7	0.0	1	0 7
35	3	0.0	1	0 3
36	1	0.0	1	0 1
37	3	0.0	1	0 3
38	13	0.0	1	1 12
39	10	0.0	1	0 10
40	8	0.0	1	0 8
41	69	0.0	1	0 69
42	44	0.0	1	0 44
43	19	0.0	1	1 18
44	22	0.0	1	0 22
45	22	0.0	1	0 22
46	7	0.0	1	0 7
47	9	0.0	1	2 7
48	11	0.0	1	0 11
49	21	0.0	1	0 21
50	11	0.0	1	0 11
51	32	0.0	1	0 32
52	101	0.0	1	0 101
53	79	0.0	1	2 77
54	395	0.0	1	1 394
55	37	0.0	1	1 36
56	18	0.0	1	0 18
57	69	0.0	1	0 69
58	2	0.0	1	0 2
59	3	0.0	1	0 3
60	5	0.0	1	0 5
61	2	0.0	1	0 2
63	1	0.0	1	0 1
64	5	0.0	1	0 5
65	6	0.0	1	0 6
66	3	0.0	1	0 3
67	5	0.0	1	0 5
68	6	0.0	1	0 6
69	7	0.0	1	0 7
70	12	0.0	1	0 12
71	6	0.0	1	0 6
72	8	0.0	1	0 8
73	10	0.0	1	1 9
74	9	0.0	1	0 9
75	15	0.0	1	0 15
76	37	0.0	1	0 37
77	22	0.0	1	0 22
78	18	0.0	1	0 18
79	30	0.0	1	0 30
80	18	0.0	1	0 18
81	15	0.0	1	0 15
82	18	0.0	1	0 18
83	8	0.0	1	0 8
84	15	0.0	1	0 15
85	21	0.0	1	0 21
86	24	0.0	1	0 24
87	52	0.0	1	0 52
88	42	0.0	1	1 41
89	74	0.0	1	0 74
90	23	0.0	1	0 23
91	16	0.0	1	1 15
92	13	0.0	1	1 12
93	22	0.0	1	0 22
94	14	0.0	1	0 14
95	9	0.0	1	2 7
96	7	0.0	1	0 7
97	9	0.0	1	0 9
98	7	0.0	1	0 7
99	3	0.0	1	0 3
100	17	0.0	1	0 17
101	7	0.0	1	0 7
102	6	0.0	1	1 5
103	10	0.0	1	0 10
104	15	0.0	1	0 15
105	11	0.0	1	0 11
106	16	0.0	1	0 16
107	22	0.0	1	0 22
108	18	0.0	1	0 18
109	26	0.0	1	0 26
110	34	0.0	1	0 34
111	49	0.0	1	0 49
112	40	0.0	1	1 39
113	36	0.0	1	0 36
114	31	0.0	1	0 31
115	26	0.0	1	0 26
116	26	0.0	1	0 26
117	27	0.0	1	0 27
118	21	0.0	1	0 21
119	34	0.0	1	0 34
120	44	0.0	1	0 44
121	51	0.0	1	1 50
122	88	0.0	1	0 88
123	85	0.0	1	1 84
124	92	0.0	1	1 91
125	31	0.0	1	1 30
126	27	0.0	1	0 27
127	11	0.0	1	0 11
128	10	0.0	1	0 10
129	3	0.0	1	0 3
130	6	0.0	1	0 6
131	8	0.0	1	0 8
132	7	0.0	1	0 7
133	5	0.0	1	0 5
134	7	0.0	1	0 7
135	9	0.0	1	0 9
136	7	0.0	1	0 7
137	11	0.0	1	0 11
138	6	0.0	1	0 6
139	9	0.0	1	0 9
140	12	0.0	1	0 12
141	9	0.0	1	0 9
142	15	0.0	1	0 15
143	21	0.0	1	0 21
144	19	0.0	1	0 19
145	23	0.0	1	0 23
146	34	0.0	1	1 33
147	19	0.0	1	0 19
148	20	0.0	1	0 20
149	15	0.0	1	0 15
150	7	0.0	1	0 7
151	7	0.0	1	0 7
152	17	0.0	1	1 16
153	25	0.0	1	0 25
154	20	0.0	1	0 20
155	29	0.0	1	0 29
156	37	0.0	1	0 37
157	38	0.0	1	0 38
158	43	0.0	1	0 43
159	40	0.0	1	0 40
160	16	0.0	1	0 16
161	9	0.0	1	0 9
162	10	0.0	1	0 10
163	6	0.0	1	0 6
164	4	0.0	1	0 4
165	3	0.0	1	0 3
166	4	0.0	1	0 4
167	4	0.0	1	0 4
168	7	0.0	1	0 7
169	4	0.0	1	0 4
170	6	0.0	1	0 6
171	7	0.0	1	0 7
172	5	0.0	1	0 5
173	6	0.0	1	0 6
174	6	0.0	1	0 6
175	12	0.0	1	0 12
176	7	0.0	1	0 7
177	21	0.0	1	1 20
178	13	0.0	1	0 13
179	10	0.0	1	0 10
180	16	0.0	1	0 16
181	23	0.0	1	0 23
182	15	0.0	1	0 15
183	17	0.0	1	0 17
184	11	0.0	1	0 11
185	9	0.0	1	0 9
186	14	0.0	1	0 14
187	15	0.0	1	0 15
188	32	0.0	1	0 32
189	21	0.0	1	0 21
190	11	0.0	1	0 11
191	30	0.0	1	0 30
192	36	0.0	1	0 36
193	17	0.0	1	0 17
194	18	0.0	1	0 18
195	5	0.0	1	1 4
196	6	0.0	1	0 6
197	8	0.0	1	0 8
198	1	0.0	1	0 1
199	1	0.0	1	0 1
200	4	0.0	1	0 4
201	8	0.0	1	0 8
202	2	0.0	1	0 2
203	3	0.0	1	0 3
204	2	0.0	1	0 2
205	4	0.0	1	0 4
206	5	0.0	1	0 5
207	5	0.0	1	0 5
208	7	0.0	1	0 7
209	8	0.0	1	0 8
210	7	0.0	1	0 7
211	5	0.0	1	0 5
212	8	0.0	1	0 8
213	17	0.0	1	0 17
214	7	0.0	1	0 7
215	5	0.0	1	0 5
216	9	0.0	1	0 9
217	8	0.0	1	0 8
218	4	0.0	1	0 4
219	4	0.0	1	0 4
220	7	0.0	1	0 7
221	6	0.0	1	0 6
222	14	0.0	1	0 14
223	13	0.0	1	0 13
224	16	0.0	1	0 16
225	11	0.0	1	0 11
226	16	0.0	1	0 16
227	18	0.0	1	1 17
228	18	0.0	1	0 18
229	3	0.0	1	0 3
230	3	0.0	1	0 3
231	4	0.0	1	0 4
232	2	0.0	1	0 2
233	4	0.0	1	0 4
234	1	0.0	1	0 1
235	3	0.0	1	0 3
237	4	0.0	1	0 4
238	4	0.0	1	0 4
239	4	0.0	1	0 4
240	2	0.0	1	0 2
241	10	0.0	1	0 10
242	5	0.0	1	0 5
243	3	0.0	1	0 3
244	6	0.0	1	0 6
245	5	0.0	1	0 5
246	5	0.0	1	0 5
247	5	0.0	1	0 5
248	8	0.0	1	1 7
249	8	0.0	1	0 8
250	9	0.0	1	0 9
251	3	0.0	1	0 3
252	1	0.0	1	0 1
253	5	0.0	1	0 5
254	3	0.0	1	0 3
255	6	0.0	1	0 6
256	6	0.0	1	0 6
257	15	0.0	1	0 15
258	6	0.0	1	0 6
259	10	0.0	1	0 10
260	9	0.0	1	0 9
261	8	0.0	1	0 8
262	11	0.0	1	0 11
263	4	0.0	1	0 4
264	3	0.0	1	0 3
265	2	0.0	1	0 2
266	2	0.0	1	0 2
267	1	0.0	1	0 1
268	1	0.0	1	0 1
269	3	0.0	1	0 3
271	3	0.0	1	0 3
272	1	0.0	1	1
273	5	0.0	1	0 5
274	1	0.0	1	0 1
275	5	0.0	1	0 5
276	3	0.0	1	0 3
277	3	0.0	1	0 3
278	2	0.0	1	0 2
279	5	0.0	1	0 5
280	5	0.0	1	0 5
281	2	0.0	1	0 2
282	8	0.0	1	0 8
283	1	0.0	1	0 1
284	6	0.0	1	0 6
285	6	0.0	1	0 6
286	3	0.0	1	0 3
287	3	0.0	1	0 3
288	5	0.0	1	0 5
289	2	0.0	1	0 2
290	1	0.0	1	0 1
291	2	0.0	1	0 2
292	5	0.0	1	0 5
293	8	0.0	1	0 8
294	8	0.0	1	0 8
295	9	0.0	1	0 9
296	9	0.0	1	0 9
297	2	0.0	1	0 2
298	3	0.0	1	0 3
299	6	0.0	1	0 6
300	4	0.0	1	0 4
301	8	0.0	1	0 8
302	5	0.0	1	0 5
303	13	0.0	1	1 12
304	3	0.0	1	0 3
305	4	0.0	1	0 4
306	3	0.0	1	0 3
309	4	0.0	1	0 4
310	1	0.0	1	0 1
311	1	0.0	1	0 1
312	1	0.0	1	0 1
313	1	0.0	1	0 1
314	2	0.0	1	0 2
315	3	0.0	1	0 3
316	2	0.0	1	0 2
317	3	0.0	1	0 3
318	7	0.0	1	0 7
319	6	0.0	1	0 6
320	2	0.0	1	0 2
321	3	0.0	1	0 3
322	3	0.0	1	0 3
323	1	0.0	1	0 1
324	4	0.0	1	0 4
325	1	0.0	1	0 1
326	2	0.0	1	0 2
327	3	0.0	1	0 3
328	3	0.0	1	0 3
329	2	0.0	1	0 2
330	3	0.0	1	0 3
331	2	0.0	1	0 2
332	1	0.0	1	0 1
333	3	0.0	1	0 3
334	1	0.0	1	0 1
335	2	0.0	1	0 2
336	3	0.0	1	0 3
337	3	0.0	1	0 3
338	3	0.0	1	0 3
340	1	0.0	1	0 1
341	1	0.0	1	0 1
342	1	0.0	1	0 1
344	1	0.0	1	0 1
345	4	0.0	1	0 4
346	2	0.0	1	0 2
347	1	0.0	1	0 1
350	1	0.0	1	0 1
351	2	0.0	1	0 2
352	2	0.0	1	0 2
354	2	0.0	1	0 2
355	2	0.0	1	0 2
356	1	0.0	1	0 1
357	2	0.0	1	0 2
358	1	0.0	1	0 1
359	4	0.0	1	0 4
360	1	0.0	1	0 1
361	5	0.0	1	0 5
362	1	0.0	1	0 1
363	5	0.0	1	0 5
364	2	0.0	1	0 2
365	1	0.0	1	0 1
366	4	0.0	1	0 4
367	1	0.0	1	0 1
368	1	0.0	1	0 1
369	2	0.0	1	0 2
370	1	0.0	1	0 1
372	2	0.0	1	0 2
374	1	0.0	1	0 1
375	1	0.0	1	0 1
376	2	0.0	1	0 2
379	3	0.0	1	0 3
382	1	0.0	1	0 1
385	2	0.0	1	0 2
386	1	0.0	1	0 1
388	2	0.0	1	0 2
391	2	0.0	1	0 2
392	2	0.0	1	0 2
394	1	0.0	1	0 1
395	1	0.0	1	0 1
396	5	0.0	1	0 5
397	3	0.0	1	0 3
398	1	0.0	1	0 1
401	1	0.0	1	0 1
403	2	0.0	1	0 2
404	1	0.0	1	0 1
406	3	0.0	1	0 3
407	1	0.0	1	0 1
410	1	0.0	1	0 1
411	1	0.0	1	1
414	2	0.0	1	0 2
415	1	0.0	1	0 1
416	2	0.0	1	1 1
417	1	0.0	1	0 1
419	1	0.0	1	0 1
420	1	0.0	1	0 1
421	1	0.0	1	1
422	1	0.0	1	0 1
423	1	0.0	1	0 1
424	1	0.0	1	0 1
426	1	0.0	1	0 1
427	2	0.0	1	0 2
428	1	0.0	1	0 1
430	2	0.0	1	0 2
431	2	0.0	1	0 2
432	2	0.0	1	0 2
433	1	0.0	1	0 1
435	1	0.0	1	0 1
436	1	0.0	1	0 1
437	1	0.0	1	0 1
439	1	0.0	1	0 1
442	2	0.0	1	0 2
445	1	0.0	1	0 1
446	1	0.0	1	0 1
447	1	0.0	1	0 1
449	1	0.0	1	0 1
450	2	0.0	1	0 2
452	1	0.0	1	0 1
453	2	0.0	1	0 2
454	2	0.0	1	1 1
456	1	0.0	1	0 1
458	1	0.0	1	0 1
459	1	0.0	1	0 1
464	1	0.0	1	0 1
465	1	0.0	1	0 1
466	2	0.0	1	0 2
468	2	0.0	1	0 2
470	1	0.0	1	0 1
471	1	0.0	1	0 1
472	1	0.0	1	0 1
479	3	0.0	1	0 3
480	1	0.0	1	0 1
484	1	0.0	1	0 1
486	1	0.0	1	1
488	1	0.0	1	0 1
493	2	0.0	1	0 2
494	1	0.0	1	0 1
495	1	0.0	1	1
498	1	0.0	1	0 1
499	1	0.0	1	0 1
502	1	0.0	1	0 1
503	1	0.0	1	0 1
504	1	0.0	1	0 1
506	1	0.0	1	0 1
508	1	0.0	1	0 1
509	2	0.0	1	0 2
510	1	0.0	1	0 1
511	1	0.0	1	0 1
512	1	0.0	1	0 1
517	1	0.0	1	0 1
518	1	0.0	1	0 1
520	1	0.0	1	0 1
521	1	0.0	1	0 1
528	1	0.0	1	0 1
529	1	0.0	1	0 1
530	1	0.0	1	0 1
532	1	0.0	1	1
533	2	0.0	1	0 2
534	1	0.0	1	0 1
538	1	0.0	1	0 1
539	1	0.0	1	0 1
541	1	0.0	1	0 1
542	1	0.0	1	0 1
544	1	0.0	1	0 1
546	1	0.0	1	0 1
549	1	0.0	1	0 1
553	2	0.0	1	0 2
560	1	0.0	1	0 1
561	1	0.0	1	0 1
563	1	0.0	1	0 1
568	1	0.0	1	0 1
573	2	0.0	1	0 2
578	1	0.0	1	1
580	1	0.0	1	0 1
583	1	0.0	1	0 1
586	1	0.0	1	0 1
592	1	0.0	1	0 1
595	1	0.0	1	0 1
601	1	0.0	1	0 1
603	1	0.0	1	0 1
606	1	0.0	1	0 1
609	1	0.0	1	0 1
613	1	0.0	1	0 1
616	1	0.0	1	0 1
622	1	0.0	1	0 1
625	1	0.0	1	0 1
632	1	0.0	1	0 1
634	1	0.0	1	0 1
636	1	0.0	1	0 1
638	1	0.0	1	0 1
639	1	0.0	1	0 1
643	1	0.0	1	0 1
650	1	0.0	1	0 1
662	1	0.0	1	0 1
673	2	0.0	1	0 2
674	1	0.0	1	0 1
676	2	0.0	1	0 2
681	1	0.0	1	0 1
682	1	0.0	1	0 1
690	1	0.0	1	0 1
699	1	0.0	1	0 1
709	1	0.0	1	0 1
760	1	0.0	1	0 1
790	1	0.0	1	0 1
807	1	0.0	1	0 1
847	1	0.0	1	0 1
925	1	0.0	1	0 1
1004	1	0.0	1	0 1
1075	1	0.0	1	1
1176	1	0.0	1	0 1
1288	1	0.0	1	0 1
1323	1	0.0	1	0 1
1754	1	0.0	1	1
1756	1	0.0	1	1
1759	1	0.0	1	1
1760	3	0.0	1	3
1762	2	0.0	1	2
1763	1	0.0	1	1
1764	1	0.0	1	1
1949	1	0.0	1	1
2384	1	0.0	1	1
2546	1	0.0	1	0 1
3023	1	0.0	1	1
3112	1	0.0	1	0 1
3118	1	0.0	1	0 1
3127	1	0.0	1	1
3248	1	0.0	1	0 1
3385	1	0.0	1	1
5574	1	0.0	1	1


=== Adapter P2bis ===

Sequence: AAAAAGTTGCATGGTGCTGG; Type: regular 3'; Length: 20; Trimmed: 1410 times

Minimum overlap: 3
No. of allowed errors:
1-9 bp: 0; 10-19 bp: 1; 20 bp: 2

Bases preceding removed adapters:
  A: 1.3%
  C: 2.0%
  G: 90.1%
  T: 5.1%
  none/other: 1.5%
WARNING:
    The adapter is preceded by 'G' extremely often.
    The provided adapter sequence could be incomplete at its 5' end.
    Ignore this warning when trimming primers.

Overview of removed sequences
length	count	expect	max.err	error counts
3	56	674.5	0	56
4	97	168.6	0	97
5	422	42.2	0	422
6	37	10.5	0	37
7	33	2.6	0	33
8	71	0.7	0	71
9	43	0.2	0	43
10	35	0.0	1	24 11
11	12	0.0	1	6 6
12	131	0.0	1	128 3
13	16	0.0	1	10 6
14	4	0.0	1	0 4
15	19	0.0	1	0 19
16	2	0.0	1	0 2
18	1	0.0	1	1
19	2	0.0	1	0 0 2
20	9	0.0	2	0 6 3
28	1	0.0	2	0 1
30	1	0.0	2	0 0 1
34	16	0.0	2	16
35	3	0.0	2	3
39	1	0.0	2	0 0 1
46	1	0.0	2	0 1
47	1	0.0	2	0 0 1
49	1	0.0	2	0 0 1
59	1	0.0	2	0 0 1
65	1	0.0	2	0 0 1
73	2	0.0	2	0 0 2
77	1	0.0	2	0 0 1
84	1	0.0	2	1
86	1	0.0	2	0 0 1
90	1	0.0	2	0 1
95	1	0.0	2	0 0 1
101	1	0.0	2	0 1
106	3	0.0	2	3
107	1	0.0	2	1
108	1	0.0	2	1
109	2	0.0	2	2
110	1	0.0	2	0 0 1
111	1	0.0	2	0 1
113	2	0.0	2	0 0 2
115	1	0.0	2	0 0 1
119	1	0.0	2	1
120	1	0.0	2	0 0 1
122	1	0.0	2	0 1
125	1	0.0	2	0 1
127	2	0.0	2	0 1 1
129	1	0.0	2	0 0 1
132	1	0.0	2	0 0 1
136	1	0.0	2	1
141	1	0.0	2	0 1
142	1	0.0	2	0 1
144	2	0.0	2	0 1 1
145	1	0.0	2	1
146	1	0.0	2	0 0 1
147	3	0.0	2	0 2 1
148	1	0.0	2	0 1
149	4	0.0	2	0 4
150	2	0.0	2	0 2
151	1	0.0	2	0 0 1
152	1	0.0	2	0 1
153	2	0.0	2	2
154	1	0.0	2	0 0 1
157	2	0.0	2	2
160	2	0.0	2	1 1
161	3	0.0	2	3
162	1	0.0	2	1
163	2	0.0	2	2
165	3	0.0	2	2 1
166	4	0.0	2	2 0 2
167	4	0.0	2	3 0 1
168	1	0.0	2	0 0 1
170	2	0.0	2	2
172	3	0.0	2	2 0 1
175	1	0.0	2	1
176	1	0.0	2	1
177	1	0.0	2	0 0 1
178	1	0.0	2	1
179	1	0.0	2	1
180	1	0.0	2	1
182	1	0.0	2	0 0 1
183	1	0.0	2	0 1
184	4	0.0	2	1 1 2
185	2	0.0	2	1 0 1
189	1	0.0	2	1
190	3	0.0	2	1 0 2
191	4	0.0	2	2 0 2
192	1	0.0	2	1
193	1	0.0	2	0 0 1
195	1	0.0	2	1
199	1	0.0	2	1
200	1	0.0	2	0 0 1
202	3	0.0	2	0 0 3
203	2	0.0	2	1 0 1
205	1	0.0	2	0 0 1
206	1	0.0	2	0 0 1
208	1	0.0	2	0 0 1
209	1	0.0	2	1
214	1	0.0	2	0 1
217	1	0.0	2	1
218	1	0.0	2	0 1
219	1	0.0	2	0 1
221	1	0.0	2	0 1
222	2	0.0	2	1 0 1
223	1	0.0	2	0 0 1
228	1	0.0	2	0 1
230	1	0.0	2	0 1
231	1	0.0	2	0 0 1
233	1	0.0	2	1
234	1	0.0	2	1
235	2	0.0	2	0 0 2
236	2	0.0	2	2
240	1	0.0	2	0 0 1
241	2	0.0	2	0 0 2
242	1	0.0	2	0 1
243	2	0.0	2	0 0 2
244	8	0.0	2	2 0 6
246	2	0.0	2	1 0 1
250	2	0.0	2	2
254	1	0.0	2	1
258	1	0.0	2	1
259	1	0.0	2	0 0 1
260	1	0.0	2	0 0 1
267	2	0.0	2	0 0 2
270	2	0.0	2	1 1
272	3	0.0	2	2 1
277	1	0.0	2	1
279	1	0.0	2	0 0 1
282	2	0.0	2	2
283	1	0.0	2	1
284	3	0.0	2	2 1
286	1	0.0	2	1
287	1	0.0	2	0 0 1
289	1	0.0	2	0 0 1
290	2	0.0	2	2
291	4	0.0	2	2 2
292	1	0.0	2	0 1
293	1	0.0	2	1
294	1	0.0	2	0 1
295	1	0.0	2	1
303	1	0.0	2	0 0 1
306	2	0.0	2	2
307	1	0.0	2	1
312	3	0.0	2	3
315	3	0.0	2	1 1 1
325	1	0.0	2	0 0 1
327	1	0.0	2	1
329	1	0.0	2	1
334	3	0.0	2	2 0 1
337	1	0.0	2	1
342	1	0.0	2	0 0 1
346	2	0.0	2	2
350	1	0.0	2	0 0 1
355	1	0.0	2	1
359	1	0.0	2	0 1
361	1	0.0	2	1
363	2	0.0	2	1 0 1
367	2	0.0	2	1 1
369	1	0.0	2	1
370	1	0.0	2	1
375	2	0.0	2	0 1 1
377	1	0.0	2	0 0 1
381	1	0.0	2	1
386	1	0.0	2	1
395	3	0.0	2	3
398	1	0.0	2	1
405	2	0.0	2	1 0 1
423	1	0.0	2	0 1
426	1	0.0	2	1
432	1	0.0	2	1
447	1	0.0	2	1
450	1	0.0	2	1
460	1	0.0	2	0 0 1
461	2	0.0	2	1 0 1
464	1	0.0	2	0 1
465	1	0.0	2	1
467	1	0.0	2	1
472	1	0.0	2	1
477	1	0.0	2	0 0 1
478	1	0.0	2	1
496	1	0.0	2	1
504	1	0.0	2	0 0 1
527	1	0.0	2	0 1
528	1	0.0	2	1
529	1	0.0	2	1
538	1	0.0	2	1
551	1	0.0	2	1
555	1	0.0	2	1
559	1	0.0	2	0 0 1
586	2	0.0	2	0 1 1
597	1	0.0	2	1
609	1	0.0	2	1
620	1	0.0	2	1
625	1	0.0	2	1
635	1	0.0	2	1
641	1	0.0	2	1
657	1	0.0	2	1
659	1	0.0	2	1
683	1	0.0	2	0 0 1
696	1	0.0	2	1
697	1	0.0	2	0 1
714	1	0.0	2	0 1
738	1	0.0	2	0 0 1
742	1	0.0	2	1
750	1	0.0	2	1
766	1	0.0	2	0 0 1
804	1	0.0	2	1
833	1	0.0	2	0 1
845	1	0.0	2	0 0 1
866	1	0.0	2	1
869	1	0.0	2	1
872	1	0.0	2	1
878	1	0.0	2	1
880	1	0.0	2	0 0 1
890	1	0.0	2	1
898	1	0.0	2	1
901	1	0.0	2	1
922	1	0.0	2	1
928	1	0.0	2	1
991	1	0.0	2	1
1008	1	0.0	2	0 1
1012	1	0.0	2	0 1
1026	1	0.0	2	0 1
1043	1	0.0	2	1
1054	1	0.0	2	0 1
1068	1	0.0	2	1
1088	1	0.0	2	1
1128	1	0.0	2	1
1169	1	0.0	2	0 0 1
1193	1	0.0	2	1
1276	1	0.0	2	0 1
1291	1	0.0	2	1
1319	1	0.0	2	0 1
1325	1	0.0	2	1
1338	1	0.0	2	0 1
1389	1	0.0	2	0 1
1468	1	0.0	2	1
1491	1	0.0	2	1
1517	1	0.0	2	1
1530	1	0.0	2	1
1531	1	0.0	2	1
1578	1	0.0	2	1
1580	1	0.0	2	1
1613	1	0.0	2	0 1
1738	1	0.0	2	0 1
1762	1	0.0	2	1
1788	1	0.0	2	1
1795	1	0.0	2	1
1828	1	0.0	2	1
1838	1	0.0	2	0 1
1843	1	0.0	2	1
1845	1	0.0	2	0 1
1846	1	0.0	2	1
1850	1	0.0	2	0 0 1
1851	1	0.0	2	0 1
1852	1	0.0	2	1
1853	1	0.0	2	1
1854	2	0.0	2	2
1865	1	0.0	2	0 0 1
1891	1	0.0	2	1
1932	1	0.0	2	0 1
1950	1	0.0	2	1
1956	1	0.0	2	1
2001	1	0.0	2	1
2002	1	0.0	2	0 1
2022	1	0.0	2	0 0 1
2077	2	0.0	2	1 0 1
2112	1	0.0	2	0 1
2114	1	0.0	2	0 1
2122	1	0.0	2	0 1
2131	1	0.0	2	1
2168	1	0.0	2	1
2378	1	0.0	2	1
2403	1	0.0	2	1
2486	1	0.0	2	1
2500	1	0.0	2	1
2522	1	0.0	2	1
2657	1	0.0	2	0 1
2730	1	0.0	2	0 0 1
2752	1	0.0	2	1
2823	1	0.0	2	1
3051	1	0.0	2	0 1
3138	1	0.0	2	0 0 1
3144	1	0.0	2	1
3175	1	0.0	2	1
3176	1	0.0	2	0 0 1
3187	1	0.0	2	1
3188	1	0.0	2	1
3190	1	0.0	2	0 1
3195	1	0.0	2	1
3197	1	0.0	2	1
3198	1	0.0	2	0 1
3206	1	0.0	2	1
3208	1	0.0	2	1
3209	1	0.0	2	1
3211	1	0.0	2	1
3213	1	0.0	2	1
3214	1	0.0	2	1
3215	1	0.0	2	1
3219	1	0.0	2	1
3222	1	0.0	2	0 0 1
3223	1	0.0	2	1
3224	1	0.0	2	1
3225	1	0.0	2	1
3229	1	0.0	2	1
3230	1	0.0	2	1
3231	2	0.0	2	2
3234	1	0.0	2	0 1
3235	1	0.0	2	1
3237	1	0.0	2	1
3261	1	0.0	2	1
3267	2	0.0	2	2
3287	1	0.0	2	1
3305	1	0.0	2	1
3325	1	0.0	2	1
3345	1	0.0	2	1
3422	1	0.0	2	1
3728	1	0.0	2	1
3742	1	0.0	2	0 1
3895	1	0.0	2	1
3917	1	0.0	2	1
4051	1	0.0	2	0 1
4149	1	0.0	2	1
4226	1	0.0	2	1
4291	1	0.0	2	1
4454	1	0.0	2	1
4566	1	0.0	2	1
4750	1	0.0	2	1
5035	1	0.0	2	1
6151	1	0.0	2	1
6239	1	0.0	2	0 0 1
6879	1	0.0	2	1
8838	1	0.0	2	1


=== Adapter P0303 ===

Sequence: GCCTCCAAGCTGTGCCTT; Type: regular 3'; Length: 18; Trimmed: 1626 times

Minimum overlap: 3
No. of allowed errors:
1-9 bp: 0; 10-18 bp: 1

Bases preceding removed adapters:
  A: 41.3%
  C: 0.6%
  G: 52.8%
  T: 5.3%
  none/other: 0.1%

Overview of removed sequences
length	count	expect	max.err	error counts
3	942	674.5	0	942
4	16	168.6	0	16
8	1	0.7	0	1
10	16	0.0	1	16
11	1	0.0	1	1
18	4	0.0	1	4
19	16	0.0	1	16
28	2	0.0	1	2
31	1	0.0	1	1
36	1	0.0	1	1
40	1	0.0	1	1
43	1	0.0	1	1
44	1	0.0	1	1
45	1	0.0	1	1
53	1	0.0	1	1
57	1	0.0	1	0 1
63	1	0.0	1	1
71	3	0.0	1	3
72	1	0.0	1	0 1
77	1	0.0	1	1
83	1	0.0	1	1
84	1	0.0	1	1
87	1	0.0	1	1
88	1	0.0	1	1
93	1	0.0	1	0 1
99	1	0.0	1	1
107	2	0.0	1	2
109	1	0.0	1	1
110	1	0.0	1	1
111	2	0.0	1	2
120	2	0.0	1	2
125	1	0.0	1	1
127	1	0.0	1	1
128	2	0.0	1	2
129	1	0.0	1	1
130	2	0.0	1	2
132	4	0.0	1	4
136	1	0.0	1	1
138	4	0.0	1	4
140	1	0.0	1	1
141	2	0.0	1	2
142	1	0.0	1	1
144	1	0.0	1	1
146	2	0.0	1	2
147	3	0.0	1	3
148	3	0.0	1	3
149	9	0.0	1	9
150	1	0.0	1	1
152	1	0.0	1	1
155	1	0.0	1	1
159	1	0.0	1	1
170	1	0.0	1	1
174	1	0.0	1	1
178	1	0.0	1	1
197	2	0.0	1	2
199	1	0.0	1	1
200	2	0.0	1	2
203	2	0.0	1	2
205	2	0.0	1	2
206	2	0.0	1	2
207	4	0.0	1	4
208	3	0.0	1	3
209	1	0.0	1	1
210	1	0.0	1	1
212	1	0.0	1	1
214	1	0.0	1	1
222	1	0.0	1	1
236	1	0.0	1	1
240	2	0.0	1	2
244	1	0.0	1	1
247	2	0.0	1	2
248	1	0.0	1	1
252	1	0.0	1	1
262	1	0.0	1	1
265	1	0.0	1	1
267	1	0.0	1	1
268	2	0.0	1	0 2
269	2	0.0	1	0 2
270	2	0.0	1	1 1
271	2	0.0	1	0 2
274	1	0.0	1	1
279	1	0.0	1	1
281	1	0.0	1	1
286	2	0.0	1	2
287	2	0.0	1	2
288	1	0.0	1	1
289	2	0.0	1	2
290	1	0.0	1	1
291	1	0.0	1	1
295	1	0.0	1	1
300	1	0.0	1	1
305	1	0.0	1	1
306	1	0.0	1	1
308	1	0.0	1	1
309	2	0.0	1	2
312	1	0.0	1	1
313	1	0.0	1	1
314	2	0.0	1	2
316	1	0.0	1	1
318	1	0.0	1	1
319	1	0.0	1	1
321	1	0.0	1	1
326	1	0.0	1	1
327	1	0.0	1	1
333	1	0.0	1	1
335	2	0.0	1	2
336	1	0.0	1	1
337	1	0.0	1	1
341	1	0.0	1	1
348	2	0.0	1	2
351	1	0.0	1	1
356	1	0.0	1	1
368	1	0.0	1	1
371	1	0.0	1	1
383	1	0.0	1	1
385	1	0.0	1	1
395	1	0.0	1	1
399	1	0.0	1	1
411	1	0.0	1	1
414	1	0.0	1	1
418	2	0.0	1	2
420	1	0.0	1	1
421	1	0.0	1	1
426	1	0.0	1	1
427	1	0.0	1	1
429	1	0.0	1	1
447	1	0.0	1	1
449	1	0.0	1	1
459	1	0.0	1	1
465	1	0.0	1	1
483	1	0.0	1	1
502	1	0.0	1	1
510	1	0.0	1	1
511	1	0.0	1	1
513	1	0.0	1	1
516	1	0.0	1	1
521	1	0.0	1	1
528	2	0.0	1	2
532	1	0.0	1	1
533	1	0.0	1	1
570	1	0.0	1	1
602	1	0.0	1	1
608	1	0.0	1	1
612	1	0.0	1	1
624	1	0.0	1	1
628	1	0.0	1	1
635	1	0.0	1	1
642	1	0.0	1	1
645	1	0.0	1	1
658	1	0.0	1	1
693	1	0.0	1	1
695	1	0.0	1	1
704	1	0.0	1	1
723	1	0.0	1	1
725	2	0.0	1	2
727	1	0.0	1	1
728	1	0.0	1	1
730	1	0.0	1	1
736	1	0.0	1	1
751	1	0.0	1	1
752	1	0.0	1	1
769	1	0.0	1	1
771	1	0.0	1	1
795	1	0.0	1	1
811	1	0.0	1	1
845	1	0.0	1	0 1
879	1	0.0	1	1
891	1	0.0	1	1
895	1	0.0	1	1
912	1	0.0	1	1
924	1	0.0	1	1
966	1	0.0	1	1
981	1	0.0	1	1
1029	1	0.0	1	1
1032	1	0.0	1	1
1042	1	0.0	1	1
1052	1	0.0	1	1
1071	1	0.0	1	1
1091	1	0.0	1	1
1098	1	0.0	1	1
1144	1	0.0	1	1
1199	1	0.0	1	1
1202	1	0.0	1	0 1
1203	1	0.0	1	1
1213	1	0.0	1	1
1229	1	0.0	1	1
1262	1	0.0	1	1
1325	1	0.0	1	1
1400	1	0.0	1	1
1432	1	0.0	1	0 1
1475	1	0.0	1	1
1517	1	0.0	1	1
1548	1	0.0	1	0 1
1629	1	0.0	1	1
1630	1	0.0	1	1
1641	1	0.0	1	1
1642	1	0.0	1	1
1715	2	0.0	1	2
1716	1	0.0	1	0 1
1717	1	0.0	1	1
1718	1	0.0	1	1
1720	1	0.0	1	1
1722	1	0.0	1	1
1723	2	0.0	1	2
1724	1	0.0	1	1
1797	1	0.0	1	1
1827	1	0.0	1	1
1848	1	0.0	1	1
1861	1	0.0	1	1
1865	1	0.0	1	1
1867	1	0.0	1	1
1870	1	0.0	1	1
1873	1	0.0	1	1
1879	1	0.0	1	1
1882	1	0.0	1	1
1883	2	0.0	1	2
1897	1	0.0	1	1
1898	1	0.0	1	1
1900	1	0.0	1	1
1901	2	0.0	1	1 1
1905	1	0.0	1	1
1908	1	0.0	1	1
1910	1	0.0	1	1
1915	1	0.0	1	1
1919	1	0.0	1	1
1922	1	0.0	1	1
1923	1	0.0	1	1
1924	1	0.0	1	1
1937	1	0.0	1	1
1989	1	0.0	1	1
2033	1	0.0	1	1
2042	1	0.0	1	1
2043	2	0.0	1	2
2045	1	0.0	1	1
2108	1	0.0	1	1
2146	1	0.0	1	1
2183	1	0.0	1	1
2187	1	0.0	1	0 1
2193	1	0.0	1	1
2198	1	0.0	1	1
2199	1	0.0	1	1
2228	1	0.0	1	1
2266	1	0.0	1	1
2297	1	0.0	1	1
2306	1	0.0	1	1
2347	1	0.0	1	1
2376	1	0.0	1	1
2411	1	0.0	1	1
2428	1	0.0	1	1
2479	1	0.0	1	1
2515	1	0.0	1	1
2531	1	0.0	1	1
2536	1	0.0	1	1
2756	1	0.0	1	1
2811	1	0.0	1	1
2818	1	0.0	1	1
2823	1	0.0	1	1
2824	1	0.0	1	1
2853	1	0.0	1	1
2885	1	0.0	1	1
2897	1	0.0	1	1
2900	1	0.0	1	1
2928	1	0.0	1	1
2984	1	0.0	1	1
2986	1	0.0	1	0 1
3007	1	0.0	1	1
3023	1	0.0	1	1
3038	1	0.0	1	0 1
3049	1	0.0	1	1
3060	1	0.0	1	1
3062	2	0.0	1	2
3064	1	0.0	1	1
3068	1	0.0	1	1
3069	1	0.0	1	1
3070	1	0.0	1	1
3071	5	0.0	1	5
3072	6	0.0	1	6
3073	3	0.0	1	3
3074	3	0.0	1	3
3075	8	0.0	1	8
3076	2	0.0	1	2
3077	9	0.0	1	9
3078	5	0.0	1	5
3079	4	0.0	1	4
3080	8	0.0	1	8
3081	10	0.0	1	10
3082	10	0.0	1	10
3083	8	0.0	1	8
3084	6	0.0	1	6
3085	3	0.0	1	3
3086	8	0.0	1	8
3087	1	0.0	1	1
3089	1	0.0	1	1
3091	1	0.0	1	1
3093	2	0.0	1	2
3097	1	0.0	1	1
3098	2	0.0	1	2
3100	1	0.0	1	1
3105	1	0.0	1	1
3106	1	0.0	1	1
3108	1	0.0	1	1
3110	2	0.0	1	2
3111	2	0.0	1	2
3112	1	0.0	1	1
3115	2	0.0	1	2
3117	1	0.0	1	1
3119	3	0.0	1	3
3121	1	0.0	1	1
3122	2	0.0	1	2
3127	1	0.0	1	1
3130	1	0.0	1	1
3135	1	0.0	1	1
3138	1	0.0	1	1
3142	1	0.0	1	1
3145	1	0.0	1	1
3157	2	0.0	1	2
3159	2	0.0	1	2
3160	1	0.0	1	1
3164	1	0.0	1	1
3166	1	0.0	1	1
3168	1	0.0	1	1
3172	1	0.0	1	1
3178	1	0.0	1	1
3179	1	0.0	1	1
3180	2	0.0	1	2
3184	2	0.0	1	2
3185	3	0.0	1	3
3186	1	0.0	1	1
3187	4	0.0	1	4
3188	3	0.0	1	3
3189	4	0.0	1	4
3190	1	0.0	1	1
3191	2	0.0	1	1 1
3192	8	0.0	1	8
3193	7	0.0	1	7
3194	6	0.0	1	6
3195	2	0.0	1	2
3196	6	0.0	1	6
3197	3	0.0	1	3
3198	4	0.0	1	4
3199	7	0.0	1	7
3200	3	0.0	1	3
3201	9	0.0	1	9
3202	2	0.0	1	2
3204	1	0.0	1	1
3206	1	0.0	1	1
3207	1	0.0	1	1
3209	1	0.0	1	1
3219	1	0.0	1	1
3232	2	0.0	1	2
3233	1	0.0	1	1
3235	1	0.0	1	1
3245	1	0.0	1	1
3247	1	0.0	1	1
3249	1	0.0	1	1
3250	1	0.0	1	1
3254	2	0.0	1	2
3256	1	0.0	1	1
3259	2	0.0	1	1 1
3262	1	0.0	1	1
3263	1	0.0	1	1
3264	1	0.0	1	1
3267	1	0.0	1	1
3268	1	0.0	1	1
3273	1	0.0	1	1
3281	1	0.0	1	1
3297	1	0.0	1	1
3308	1	0.0	1	1
3320	1	0.0	1	1
3323	1	0.0	1	1
3328	1	0.0	1	1
3333	1	0.0	1	1
3334	1	0.0	1	1
3335	1	0.0	1	1
3336	1	0.0	1	1
3337	2	0.0	1	2
3338	1	0.0	1	1
3347	1	0.0	1	1
3349	2	0.0	1	2
3353	1	0.0	1	1
3354	1	0.0	1	1
3355	1	0.0	1	1
3360	1	0.0	1	1
3363	1	0.0	1	1
3368	1	0.0	1	1
3373	1	0.0	1	1
3378	1	0.0	1	1
3384	1	0.0	1	1
3385	1	0.0	1	1
3390	1	0.0	1	1
3401	1	0.0	1	1
3403	2	0.0	1	2
3412	1	0.0	1	1
3417	1	0.0	1	1
3418	1	0.0	1	1
3422	1	0.0	1	1
3429	1	0.0	1	1
3439	1	0.0	1	1
3464	1	0.0	1	1
3478	1	0.0	1	1
3484	1	0.0	1	1
3489	1	0.0	1	1
3492	1	0.0	1	1
3498	1	0.0	1	1
3503	1	0.0	1	1
3505	1	0.0	1	0 1
3513	1	0.0	1	1
3517	1	0.0	1	1
3572	1	0.0	1	1
3650	1	0.0	1	1
3676	1	0.0	1	1
3732	1	0.0	1	1
3807	1	0.0	1	1
3924	1	0.0	1	1
4126	1	0.0	1	1
4977	1	0.0	1	0 1
5121	1	0.0	1	1
5400	1	0.0	1	1
5587	1	0.0	1	1
6399	1	0.0	1	1


=== Adapter P1103 ===

Sequence: GCCTACAGCCTCCTARTACAA; Type: regular 3'; Length: 21; Trimmed: 1328 times

Minimum overlap: 3
No. of allowed errors:
1-9 bp: 0; 10-19 bp: 1; 20-21 bp: 2

Bases preceding removed adapters:
  A: 0.0%
  C: 0.0%
  G: 0.1%
  T: 99.9%
  none/other: 0.0%
WARNING:
    The adapter is preceded by 'T' extremely often.
    The provided adapter sequence could be incomplete at its 5' end.
    Ignore this warning when trimming primers.

Overview of removed sequences
length	count	expect	max.err	error counts
5	2	42.2	0	2
63	1	0.0	2	1
68	1	0.0	2	1
69	9	0.0	2	9
70	12	0.0	2	12
71	43	0.0	2	42 1
72	73	0.0	2	73
73	9	0.0	2	9
74	1	0.0	2	1
75	1	0.0	2	1
81	1	0.0	2	1
87	1	0.0	2	1
97	2	0.0	2	2
106	1	0.0	2	1
107	1	0.0	2	1
112	1	0.0	2	1
121	2	0.0	2	2
122	1	0.0	2	1
127	2	0.0	2	1 1
132	1	0.0	2	1
144	1	0.0	2	1
152	1	0.0	2	1
157	1	0.0	2	1
159	1	0.0	2	1
160	1	0.0	2	1
166	1	0.0	2	1
172	1	0.0	2	1
174	1	0.0	2	1
175	1	0.0	2	1
176	1	0.0	2	1
180	1	0.0	2	1
182	1	0.0	2	1
185	1	0.0	2	1
186	1	0.0	2	1
194	1	0.0	2	1
197	1	0.0	2	1
199	1	0.0	2	0 1
201	1	0.0	2	1
203	2	0.0	2	2
204	1	0.0	2	0 0 1
205	3	0.0	2	2 0 1
208	1	0.0	2	1
209	1	0.0	2	1
210	1	0.0	2	1
211	1	0.0	2	1
212	3	0.0	2	3
213	2	0.0	2	2
214	2	0.0	2	2
216	1	0.0	2	1
219	2	0.0	2	2
221	1	0.0	2	1
222	3	0.0	2	3
223	3	0.0	2	3
224	2	0.0	2	2
225	2	0.0	2	2
226	4	0.0	2	4
227	2	0.0	2	2
228	2	0.0	2	2
232	2	0.0	2	2
233	3	0.0	2	3
234	4	0.0	2	4
235	3	0.0	2	3
236	1	0.0	2	1
238	1	0.0	2	1
239	2	0.0	2	2
240	2	0.0	2	2
241	5	0.0	2	5
242	2	0.0	2	2
243	2	0.0	2	2
244	4	0.0	2	4
245	1	0.0	2	1
246	8	0.0	2	8
247	6	0.0	2	6
248	9	0.0	2	9
249	10	0.0	2	10
250	12	0.0	2	12
251	5	0.0	2	5
252	9	0.0	2	9
253	12	0.0	2	12
254	15	0.0	2	14 1
255	18	0.0	2	17 1
256	21	0.0	2	21
257	28	0.0	2	28
258	7	0.0	2	7
259	2	0.0	2	2
260	2	0.0	2	2
261	1	0.0	2	1
262	2	0.0	2	2
264	2	0.0	2	2
265	4	0.0	2	4
266	1	0.0	2	1
267	2	0.0	2	2
268	4	0.0	2	4
269	4	0.0	2	4
270	3	0.0	2	3
272	5	0.0	2	5
273	3	0.0	2	3
274	3	0.0	2	3
275	3	0.0	2	3
276	1	0.0	2	1
277	4	0.0	2	4
278	3	0.0	2	3
279	5	0.0	2	5
280	2	0.0	2	2
281	3	0.0	2	3
282	3	0.0	2	3
283	4	0.0	2	4
284	8	0.0	2	8
286	3	0.0	2	3
287	2	0.0	2	2
288	3	0.0	2	3
289	7	0.0	2	7
290	6	0.0	2	6
291	8	0.0	2	7 1
292	3	0.0	2	3
294	2	0.0	2	2
295	4	0.0	2	4
296	3	0.0	2	3
297	1	0.0	2	1
298	2	0.0	2	2
299	1	0.0	2	1
300	1	0.0	2	1
301	1	0.0	2	1
302	2	0.0	2	1 1
303	2	0.0	2	2
304	2	0.0	2	2
306	2	0.0	2	2
307	3	0.0	2	3
309	4	0.0	2	4
310	1	0.0	2	1
311	1	0.0	2	1
312	2	0.0	2	2
313	2	0.0	2	2
314	2	0.0	2	2
315	3	0.0	2	3
316	1	0.0	2	1
318	1	0.0	2	1
319	3	0.0	2	3
320	2	0.0	2	1 1
321	2	0.0	2	2
322	3	0.0	2	3
323	1	0.0	2	1
324	7	0.0	2	7
325	4	0.0	2	4
326	1	0.0	2	1
328	1	0.0	2	1
329	2	0.0	2	2
331	1	0.0	2	1
332	1	0.0	2	1
334	2	0.0	2	2
335	1	0.0	2	1
337	1	0.0	2	1
338	1	0.0	2	1
339	1	0.0	2	1
340	4	0.0	2	4
341	3	0.0	2	3
343	2	0.0	2	2
344	2	0.0	2	2
345	1	0.0	2	1
346	1	0.0	2	1
347	2	0.0	2	2
348	2	0.0	2	2
349	1	0.0	2	1
350	4	0.0	2	4
351	3	0.0	2	3
352	1	0.0	2	1
356	1	0.0	2	1
359	1	0.0	2	1
364	1	0.0	2	1
365	3	0.0	2	3
367	1	0.0	2	1
369	1	0.0	2	1
370	1	0.0	2	1
371	3	0.0	2	3
372	1	0.0	2	1
373	1	0.0	2	1
374	1	0.0	2	1
375	1	0.0	2	1
377	1	0.0	2	1
378	2	0.0	2	2
379	2	0.0	2	2
383	1	0.0	2	1
384	1	0.0	2	1
386	1	0.0	2	1
387	2	0.0	2	2
388	1	0.0	2	1
392	2	0.0	2	2
393	1	0.0	2	1
394	2	0.0	2	2
395	1	0.0	2	1
397	2	0.0	2	2
398	1	0.0	2	1
402	1	0.0	2	1
404	2	0.0	2	2
407	2	0.0	2	2
412	1	0.0	2	1
413	2	0.0	2	2
416	1	0.0	2	1
417	2	0.0	2	2
418	2	0.0	2	2
419	1	0.0	2	1
420	1	0.0	2	1
421	1	0.0	2	1
424	1	0.0	2	1
426	2	0.0	2	2
428	3	0.0	2	3
429	1	0.0	2	1
430	2	0.0	2	2
432	1	0.0	2	1
434	2	0.0	2	2
437	3	0.0	2	3
438	3	0.0	2	3
439	1	0.0	2	1
444	1	0.0	2	1
445	1	0.0	2	1
446	1	0.0	2	1
448	1	0.0	2	1
449	1	0.0	2	1
454	1	0.0	2	1
455	2	0.0	2	2
462	1	0.0	2	1
465	1	0.0	2	1
471	1	0.0	2	1
473	1	0.0	2	1
481	1	0.0	2	1
482	1	0.0	2	1
489	2	0.0	2	2
492	1	0.0	2	1
496	1	0.0	2	1
501	1	0.0	2	1
519	1	0.0	2	1
526	1	0.0	2	1
528	1	0.0	2	1
540	1	0.0	2	1
549	1	0.0	2	1
551	1	0.0	2	1
553	1	0.0	2	1
571	1	0.0	2	1
572	1	0.0	2	1
579	1	0.0	2	1
587	1	0.0	2	1
589	1	0.0	2	1
597	1	0.0	2	1
606	1	0.0	2	1
611	1	0.0	2	1
617	1	0.0	2	1
619	2	0.0	2	2
623	1	0.0	2	1
630	1	0.0	2	1
633	1	0.0	2	1
637	1	0.0	2	1
639	1	0.0	2	1
647	1	0.0	2	1
652	1	0.0	2	1
653	1	0.0	2	1
656	1	0.0	2	1
665	1	0.0	2	1
691	1	0.0	2	1
698	1	0.0	2	1
731	1	0.0	2	1
754	1	0.0	2	1
755	1	0.0	2	1
769	1	0.0	2	1
772	1	0.0	2	1
781	1	0.0	2	1
787	1	0.0	2	1
862	1	0.0	2	1
867	1	0.0	2	1
870	1	0.0	2	1
882	1	0.0	2	1
883	1	0.0	2	1
891	1	0.0	2	1
899	1	0.0	2	1
902	1	0.0	2	1
904	1	0.0	2	1
944	1	0.0	2	1
985	1	0.0	2	1
993	1	0.0	2	1
1015	1	0.0	2	1
1017	1	0.0	2	1
1020	1	0.0	2	1
1024	1	0.0	2	1
1047	1	0.0	2	1
1048	1	0.0	2	1
1059	1	0.0	2	1
1088	1	0.0	2	1
1124	1	0.0	2	1
1125	1	0.0	2	1
1201	1	0.0	2	1
1205	1	0.0	2	1
1219	1	0.0	2	1
1360	1	0.0	2	1
1384	1	0.0	2	0 1
1398	1	0.0	2	1
1461	1	0.0	2	1
1466	2	0.0	2	2
1467	1	0.0	2	1
1474	1	0.0	2	1
1582	1	0.0	2	1
1679	1	0.0	2	1
1699	1	0.0	2	1
1704	1	0.0	2	1
1712	1	0.0	2	1
1716	1	0.0	2	1
1923	1	0.0	2	1
1941	1	0.0	2	1
1979	1	0.0	2	1
1995	1	0.0	2	1
2014	1	0.0	2	1
2043	1	0.0	2	1
2059	1	0.0	2	1
2103	1	0.0	2	1
2114	1	0.0	2	1
2128	1	0.0	2	1
2143	1	0.0	2	1
2146	1	0.0	2	1
2152	1	0.0	2	1
2251	1	0.0	2	1
2262	1	0.0	2	1
2265	1	0.0	2	1
2283	1	0.0	2	1
2298	1	0.0	2	1
2301	1	0.0	2	1
2302	1	0.0	2	1
2338	1	0.0	2	1
2342	1	0.0	2	1
2346	1	0.0	2	1
2435	1	0.0	2	1
2437	1	0.0	2	1
2443	1	0.0	2	1
2445	1	0.0	2	1
2467	1	0.0	2	1
2664	1	0.0	2	1
2713	1	0.0	2	1
2718	1	0.0	2	1
2761	1	0.0	2	1
2768	1	0.0	2	0 1
2794	1	0.0	2	1
2822	1	0.0	2	1
2829	1	0.0	2	1
2915	1	0.0	2	1
2922	1	0.0	2	1
2938	1	0.0	2	1
2941	1	0.0	2	1
2946	1	0.0	2	1
2952	1	0.0	2	1
2969	1	0.0	2	1
2981	1	0.0	2	1
3005	1	0.0	2	1
3025	1	0.0	2	1
3051	1	0.0	2	1
3054	1	0.0	2	1
3096	1	0.0	2	1
3098	1	0.0	2	1
3118	1	0.0	2	1
3130	1	0.0	2	1
3136	1	0.0	2	1
3137	1	0.0	2	1
3140	3	0.0	2	3
3143	1	0.0	2	1
3145	1	0.0	2	1
3146	1	0.0	2	1
3148	3	0.0	2	3
3151	2	0.0	2	2
3152	1	0.0	2	1
3154	2	0.0	2	2
3155	3	0.0	2	3
3157	1	0.0	2	1
3158	1	0.0	2	1
3159	4	0.0	2	4
3160	2	0.0	2	2
3161	1	0.0	2	1
3162	2	0.0	2	2
3163	1	0.0	2	1
3165	1	0.0	2	1
3167	4	0.0	2	4
3168	1	0.0	2	1
3169	3	0.0	2	3
3170	1	0.0	2	1
3171	2	0.0	2	2
3172	6	0.0	2	6
3173	4	0.0	2	4
3174	1	0.0	2	1
3175	3	0.0	2	3
3176	11	0.0	2	11
3177	5	0.0	2	5
3178	5	0.0	2	5
3179	6	0.0	2	6
3180	8	0.0	2	7 1
3181	7	0.0	2	7
3182	10	0.0	2	10
3183	7	0.0	2	7
3184	12	0.0	2	12
3185	16	0.0	2	16
3186	13	0.0	2	13
3187	11	0.0	2	11
3188	10	0.0	2	10
3189	11	0.0	2	11
3190	12	0.0	2	11 1
3191	16	0.0	2	16
3192	11	0.0	2	11
3193	6	0.0	2	6
3194	11	0.0	2	11
3195	10	0.0	2	10
3196	10	0.0	2	10
3197	8	0.0	2	8
3198	8	0.0	2	8
3199	9	0.0	2	9
3200	2	0.0	2	2
3201	4	0.0	2	4
3202	3	0.0	2	3
3203	3	0.0	2	3
3204	3	0.0	2	3
3205	2	0.0	2	2
3207	2	0.0	2	2
3208	4	0.0	2	4
3209	2	0.0	2	2
3211	1	0.0	2	1
3212	2	0.0	2	2
3213	2	0.0	2	2
3214	5	0.0	2	5
3215	2	0.0	2	2
3217	1	0.0	2	1
3218	1	0.0	2	1
3219	5	0.0	2	5
3220	4	0.0	2	4
3221	5	0.0	2	5
3222	5	0.0	2	5
3223	1	0.0	2	1
3224	2	0.0	2	2
3225	4	0.0	2	4
3226	1	0.0	2	1
3227	1	0.0	2	1
3228	4	0.0	2	4
3229	2	0.0	2	2
3231	2	0.0	2	2
3234	1	0.0	2	1
3235	2	0.0	2	2
3236	1	0.0	2	1
3238	3	0.0	2	3
3241	3	0.0	2	3
3244	1	0.0	2	1
3245	1	0.0	2	1
3248	1	0.0	2	1
3249	3	0.0	2	3
3252	4	0.0	2	4
3253	2	0.0	2	2
3255	1	0.0	2	1
3256	1	0.0	2	1
3257	1	0.0	2	1
3259	1	0.0	2	1
3264	1	0.0	2	1
3265	2	0.0	2	2
3266	2	0.0	2	2
3267	1	0.0	2	1
3268	1	0.0	2	1
3269	1	0.0	2	1
3270	1	0.0	2	1
3271	1	0.0	2	1
3272	1	0.0	2	1
3275	2	0.0	2	2
3276	2	0.0	2	2
3279	2	0.0	2	2
3281	1	0.0	2	1
3282	2	0.0	2	2
3284	1	0.0	2	1
3288	2	0.0	2	2
3294	1	0.0	2	1
3295	1	0.0	2	1
3296	1	0.0	2	1
3297	2	0.0	2	2
3298	1	0.0	2	1
3299	1	0.0	2	1
3306	1	0.0	2	1
3312	1	0.0	2	1
3319	1	0.0	2	1
3324	1	0.0	2	1
3327	1	0.0	2	1
3329	1	0.0	2	1
3331	1	0.0	2	1
3332	1	0.0	2	1
3337	1	0.0	2	1
3339	2	0.0	2	2
3343	1	0.0	2	1
3344	2	0.0	2	2
3346	1	0.0	2	1
3350	1	0.0	2	1
3352	1	0.0	2	1
3360	1	0.0	2	1
3364	1	0.0	2	1
3366	2	0.0	2	2
3371	1	0.0	2	1
3379	1	0.0	2	1
3387	1	0.0	2	1
3389	1	0.0	2	1
3403	1	0.0	2	1
3411	1	0.0	2	1
3418	1	0.0	2	1
3444	1	0.0	2	1
3452	1	0.0	2	1
3454	1	0.0	2	1
3462	1	0.0	2	1
3473	1	0.0	2	1
3500	1	0.0	2	1
3524	1	0.0	2	1
3536	1	0.0	2	1
3538	1	0.0	2	1
3542	1	0.0	2	1
3549	1	0.0	2	1
3566	1	0.0	2	1
3589	1	0.0	2	1
3607	1	0.0	2	1
3637	1	0.0	2	1
3640	1	0.0	2	1
3719	1	0.0	2	1
3722	1	0.0	2	1
3723	1	0.0	2	1
3758	1	0.0	2	1
3804	1	0.0	2	1
3837	1	0.0	2	1
3998	1	0.0	2	1
4002	1	0.0	2	1
4213	1	0.0	2	1
4264	1	0.0	2	1
4399	1	0.0	2	1
4747	1	0.0	2	1
4893	1	0.0	2	1
5229	1	0.0	2	1
5376	1	0.0	2	1
6368	1	0.0	2	1
6402	1	0.0	2	1
6436	1	0.0	2	1
6438	1	0.0	2	1
6509	1	0.0	2	1
6930	1	0.0	2	1
8352	1	0.0	2	1


WARNING:
    One or more of your adapter sequences may be incomplete.
    Please see the detailed output above.
