Apr-11 14:51:31.910 [main] DEBUG nextflow.cli.Launcher - $> nextflow run main_a.nf --input /home/etudiant/fatemeh/hbv_pipeline/data_test/hbv
Apr-11 14:51:32.100 [main] DEBUG nextflow.cli.CmdRun - N E X T F L O W  ~  version 24.10.5
Apr-11 14:51:32.114 [main] DEBUG nextflow.plugin.PluginsFacade - Setting up plugin manager > mode=prod; embedded=false; plugins-dir=/home/etudiant/.nextflow/plugins; core-plugins: nf-amazon@2.9.2,nf-azure@1.10.2,nf-cloudcache@0.4.2,nf-codecommit@0.2.2,nf-console@1.1.4,nf-google@1.15.4,nf-tower@1.9.3,nf-wave@1.7.4
Apr-11 14:51:32.125 [main] INFO  o.pf4j.DefaultPluginStatusProvider - Enabled plugins: []
Apr-11 14:51:32.125 [main] INFO  o.pf4j.DefaultPluginStatusProvider - Disabled plugins: []
Apr-11 14:51:32.127 [main] INFO  org.pf4j.DefaultPluginManager - PF4J version 3.12.0 in 'deployment' mode
Apr-11 14:51:32.136 [main] INFO  org.pf4j.AbstractPluginManager - No plugins
Apr-11 14:51:32.172 [main] DEBUG n.secret.LocalSecretsProvider - Secrets store: /home/etudiant/.nextflow/secrets/store.json
Apr-11 14:51:32.180 [main] DEBUG nextflow.secret.SecretsLoader - Discovered secrets providers: [nextflow.secret.LocalSecretsProvider@6c298dc] - activable => nextflow.secret.LocalSecretsProvider@6c298dc
Apr-11 14:51:32.222 [main] DEBUG nextflow.cli.CmdRun - Applied DSL=2 from script declaration
Apr-11 14:51:32.239 [main] DEBUG nextflow.cli.CmdRun - Launching `main_a.nf` [pensive_wiles] DSL2 - revision: 73ea45202b
Apr-11 14:51:32.240 [main] DEBUG nextflow.plugin.PluginsFacade - Plugins default=[]
Apr-11 14:51:32.240 [main] DEBUG nextflow.plugin.PluginsFacade - Plugins resolved requirement=[]
Apr-11 14:51:32.286 [main] DEBUG nextflow.Session - Session UUID: 8248dbbe-64ef-42c2-a203-290a814129b7
Apr-11 14:51:32.286 [main] DEBUG nextflow.Session - Run name: pensive_wiles
Apr-11 14:51:32.286 [main] DEBUG nextflow.Session - Executor pool size: 12
Apr-11 14:51:32.295 [main] DEBUG nextflow.file.FilePorter - File porter settings maxRetries=3; maxTransfers=50; pollTimeout=null
Apr-11 14:51:32.302 [main] DEBUG nextflow.util.ThreadPoolBuilder - Creating thread pool 'FileTransfer' minSize=10; maxSize=36; workQueue=LinkedBlockingQueue[-1]; allowCoreThreadTimeout=false
Apr-11 14:51:32.327 [main] DEBUG nextflow.cli.CmdRun - 
  Version: 24.10.5 build 5935
  Created: 04-03-2025 17:55 UTC (18:55 CEST)
  System: Linux 5.15.167.4-microsoft-standard-WSL2
  Runtime: Groovy 4.0.23 on OpenJDK 64-Bit Server VM 11.0.13+7-b1751.21
  Encoding: UTF-8 (UTF-8)
  Process: 92180@etudiant [127.0.1.1]
  CPUs: 12 - Mem: 7.6 GB (2.6 GB) - Swap: 2 GB (2 GB)
Apr-11 14:51:32.349 [main] DEBUG nextflow.Session - Work-dir: /home/etudiant/fatemeh/hbv_pipeline/src/work [ext2/ext3]
Apr-11 14:51:32.349 [main] DEBUG nextflow.Session - Script base path does not exist or is not a directory: /home/etudiant/fatemeh/hbv_pipeline/src/bin
Apr-11 14:51:32.357 [main] DEBUG nextflow.executor.ExecutorFactory - Extension executors providers=[]
Apr-11 14:51:32.365 [main] DEBUG nextflow.Session - Observer factory: DefaultObserverFactory
Apr-11 14:51:32.389 [main] DEBUG nextflow.cache.CacheFactory - Using Nextflow cache factory: nextflow.cache.DefaultCacheFactory
Apr-11 14:51:32.397 [main] DEBUG nextflow.util.CustomThreadPool - Creating default thread pool > poolSize: 13; maxThreads: 1000
Apr-11 14:51:32.447 [main] DEBUG nextflow.Session - Session start
Apr-11 14:51:33.082 [main] DEBUG nextflow.script.ScriptRunner - > Launching execution
Apr-11 14:51:33.560 [main] INFO  nextflow.script.BaseScript - 🔹 Dossier multiplex détecté
Apr-11 14:51:33.720 [main] DEBUG nextflow.executor.ExecutorFactory - << taskConfig executor: null
Apr-11 14:51:33.720 [main] DEBUG nextflow.executor.ExecutorFactory - >> processorType: 'local'
Apr-11 14:51:33.725 [main] DEBUG nextflow.executor.Executor - [warm up] executor > local
Apr-11 14:51:33.730 [main] DEBUG n.processor.LocalPollingMonitor - Creating local task monitor for executor 'local' > cpus=12; memory=7.6 GB; capacity=12; pollInterval=100ms; dumpInterval=5m
Apr-11 14:51:33.732 [main] DEBUG n.processor.TaskPollingMonitor - >>> barrier register (monitor: local)
Apr-11 14:51:33.815 [main] DEBUG nextflow.executor.ExecutorFactory - << taskConfig executor: null
Apr-11 14:51:33.816 [main] DEBUG nextflow.executor.ExecutorFactory - >> processorType: 'local'
Apr-11 14:51:33.823 [main] DEBUG nextflow.executor.ExecutorFactory - << taskConfig executor: null
Apr-11 14:51:33.823 [main] DEBUG nextflow.executor.ExecutorFactory - >> processorType: 'local'
Apr-11 14:51:33.831 [main] DEBUG nextflow.executor.ExecutorFactory - << taskConfig executor: null
Apr-11 14:51:33.831 [main] DEBUG nextflow.executor.ExecutorFactory - >> processorType: 'local'
Apr-11 14:51:33.840 [main] DEBUG nextflow.executor.ExecutorFactory - << taskConfig executor: null
Apr-11 14:51:33.840 [main] DEBUG nextflow.executor.ExecutorFactory - >> processorType: 'local'
Apr-11 14:51:33.846 [main] DEBUG nextflow.executor.ExecutorFactory - << taskConfig executor: null
Apr-11 14:51:33.847 [main] DEBUG nextflow.executor.ExecutorFactory - >> processorType: 'local'
Apr-11 14:51:33.875 [main] DEBUG nextflow.executor.ExecutorFactory - << taskConfig executor: null
Apr-11 14:51:33.876 [main] DEBUG nextflow.executor.ExecutorFactory - >> processorType: 'local'
Apr-11 14:51:33.902 [main] DEBUG nextflow.executor.ExecutorFactory - << taskConfig executor: null
Apr-11 14:51:33.902 [main] DEBUG nextflow.executor.ExecutorFactory - >> processorType: 'local'
Apr-11 14:51:33.911 [main] DEBUG nextflow.executor.ExecutorFactory - << taskConfig executor: null
Apr-11 14:51:33.911 [main] DEBUG nextflow.executor.ExecutorFactory - >> processorType: 'local'
Apr-11 14:51:33.925 [main] DEBUG nextflow.executor.ExecutorFactory - << taskConfig executor: null
Apr-11 14:51:33.925 [main] DEBUG nextflow.executor.ExecutorFactory - >> processorType: 'local'
Apr-11 14:51:33.928 [main] DEBUG nextflow.Session - Workflow process names [dsl2]: consensus_generation, bam_coverage, trim_reads, parse_fastq_qc, merge_fastq, variant_calling, parse_variant_qc, low_coverage_filtering, bam_indexing, parse_read_align, decompress_archive, mapping_bam
Apr-11 14:51:33.928 [main] DEBUG nextflow.Session - Igniting dataflow network (11)
Apr-11 14:51:33.929 [main] DEBUG nextflow.processor.TaskProcessor - Starting process > merge_fastq
Apr-11 14:51:33.930 [main] DEBUG nextflow.processor.TaskProcessor - Starting process > trim_reads
Apr-11 14:51:33.930 [main] DEBUG nextflow.processor.TaskProcessor - Starting process > parse_fastq_qc
Apr-11 14:51:33.931 [main] DEBUG nextflow.processor.TaskProcessor - Starting process > mapping_bam
Apr-11 14:51:33.933 [main] DEBUG nextflow.processor.TaskProcessor - Starting process > parse_read_align
Apr-11 14:51:33.935 [main] DEBUG nextflow.processor.TaskProcessor - Starting process > bam_indexing
Apr-11 14:51:33.935 [main] DEBUG nextflow.processor.TaskProcessor - Starting process > bam_coverage
Apr-11 14:51:33.936 [main] DEBUG nextflow.processor.TaskProcessor - Starting process > variant_calling
Apr-11 14:51:33.936 [main] DEBUG nextflow.processor.TaskProcessor - Starting process > parse_variant_qc
Apr-11 14:51:33.937 [main] DEBUG nextflow.processor.TaskProcessor - Starting process > consensus_generation
Apr-11 14:51:33.938 [main] DEBUG nextflow.script.ScriptRunner - Parsed script files:
  Script_609fc33e4d443deb: /home/etudiant/fatemeh/hbv_pipeline/src/./modules/bam_indexing.nf
  Script_da99588e9ba0ab8d: /home/etudiant/fatemeh/hbv_pipeline/src/./modules/parse_read_align.nf
  Script_e09f787c6a9f3153: /home/etudiant/fatemeh/hbv_pipeline/src/./modules/low_coverage_filtering.nf
  Script_6d868d3c779ddeb4: /home/etudiant/fatemeh/hbv_pipeline/src/./modules/consensus_generation.nf
  Script_c518f33b0ad7dc10: /home/etudiant/fatemeh/hbv_pipeline/src/./modules/bam_coverage.nf
  Script_ca44aa2acef43985: /home/etudiant/fatemeh/hbv_pipeline/src/./modules/decompress_archive.nf
  Script_ca048a29cf795890: /home/etudiant/fatemeh/hbv_pipeline/src/./modules/trim_reads.nf
  Script_8e854676f1a3209c: /home/etudiant/fatemeh/hbv_pipeline/src/main_a.nf
  Script_745e17c4fb6c01bc: /home/etudiant/fatemeh/hbv_pipeline/src/./modules/mapping_bam.nf
  Script_6325c97eb21a5650: /home/etudiant/fatemeh/hbv_pipeline/src/./modules/parse_variant_qc.nf
  Script_93c48b9b08e1c52e: /home/etudiant/fatemeh/hbv_pipeline/src/./modules/parse_fastq_qc.nf
  Script_cfe7c3128b148ca5: /home/etudiant/fatemeh/hbv_pipeline/src/./modules/variant_calling.nf
  Script_4ac743be9ad34264: /home/etudiant/fatemeh/hbv_pipeline/src/./modules/merge_fastq.nf
Apr-11 14:51:33.938 [main] DEBUG nextflow.script.ScriptRunner - > Awaiting termination 
Apr-11 14:51:33.938 [main] DEBUG nextflow.Session - Session await
Apr-11 14:51:34.168 [Task submitter] DEBUG n.executor.local.LocalTaskHandler - Launch cmd line: /bin/bash -ue .command.run
Apr-11 14:51:34.172 [Task submitter] INFO  nextflow.Session - [6e/d893dd] Submitted process > merge_fastq (5)
Apr-11 14:51:34.184 [Task submitter] DEBUG n.executor.local.LocalTaskHandler - Launch cmd line: /bin/bash -ue .command.run
Apr-11 14:51:34.185 [Task submitter] INFO  nextflow.Session - [50/7fc299] Submitted process > merge_fastq (1)
Apr-11 14:51:34.197 [Task submitter] DEBUG n.executor.local.LocalTaskHandler - Launch cmd line: /bin/bash -ue .command.run
Apr-11 14:51:34.197 [Task submitter] INFO  nextflow.Session - [90/7e47bc] Submitted process > merge_fastq (6)
Apr-11 14:51:34.208 [Task submitter] DEBUG n.executor.local.LocalTaskHandler - Launch cmd line: /bin/bash -ue .command.run
Apr-11 14:51:34.209 [Task submitter] INFO  nextflow.Session - [8c/f3cba2] Submitted process > merge_fastq (11)
Apr-11 14:51:34.221 [Task submitter] DEBUG n.executor.local.LocalTaskHandler - Launch cmd line: /bin/bash -ue .command.run
Apr-11 14:51:34.222 [Task submitter] INFO  nextflow.Session - [42/3240a2] Submitted process > merge_fastq (9)
Apr-11 14:51:34.233 [Task submitter] DEBUG n.executor.local.LocalTaskHandler - Launch cmd line: /bin/bash -ue .command.run
Apr-11 14:51:34.233 [Task submitter] INFO  nextflow.Session - [9c/05ac7b] Submitted process > merge_fastq (8)
Apr-11 14:51:34.246 [Task submitter] DEBUG n.executor.local.LocalTaskHandler - Launch cmd line: /bin/bash -ue .command.run
Apr-11 14:51:34.248 [Task submitter] INFO  nextflow.Session - [28/b87135] Submitted process > merge_fastq (10)
Apr-11 14:51:34.260 [Task submitter] DEBUG n.executor.local.LocalTaskHandler - Launch cmd line: /bin/bash -ue .command.run
Apr-11 14:51:34.260 [Task submitter] INFO  nextflow.Session - [80/0c0c45] Submitted process > merge_fastq (12)
Apr-11 14:51:34.270 [Task submitter] DEBUG n.executor.local.LocalTaskHandler - Launch cmd line: /bin/bash -ue .command.run
Apr-11 14:51:34.270 [Task submitter] INFO  nextflow.Session - [61/e75228] Submitted process > merge_fastq (7)
Apr-11 14:51:34.281 [Task submitter] DEBUG n.executor.local.LocalTaskHandler - Launch cmd line: /bin/bash -ue .command.run
Apr-11 14:51:34.282 [Task submitter] INFO  nextflow.Session - [b0/9d4786] Submitted process > merge_fastq (4)
Apr-11 14:51:34.291 [Task submitter] DEBUG n.executor.local.LocalTaskHandler - Launch cmd line: /bin/bash -ue .command.run
Apr-11 14:51:34.293 [Task submitter] INFO  nextflow.Session - [6f/04e0c8] Submitted process > merge_fastq (2)
Apr-11 14:51:34.303 [Task submitter] DEBUG n.executor.local.LocalTaskHandler - Launch cmd line: /bin/bash -ue .command.run
Apr-11 14:51:34.305 [Task submitter] INFO  nextflow.Session - [64/a01250] Submitted process > merge_fastq (3)
Apr-11 14:51:34.421 [Task monitor] DEBUG n.processor.TaskPollingMonitor - Task completed > TaskHandler[id: 8; name: merge_fastq (8); status: COMPLETED; exit: 0; error: -; workDir: /home/etudiant/fatemeh/hbv_pipeline/src/work/9c/05ac7bccd0a52b9d6d66d24b516f00]
Apr-11 14:51:34.431 [Task monitor] DEBUG nextflow.util.ThreadPoolBuilder - Creating thread pool 'TaskFinalizer' minSize=10; maxSize=36; workQueue=LinkedBlockingQueue[-1]; allowCoreThreadTimeout=false
Apr-11 14:51:34.437 [Task submitter] DEBUG n.executor.local.LocalTaskHandler - Launch cmd line: /bin/bash -ue .command.run
Apr-11 14:51:34.438 [Task submitter] INFO  nextflow.Session - [8f/65efb9] Submitted process > merge_fastq (13)
Apr-11 14:51:34.444 [Task monitor] DEBUG n.processor.TaskPollingMonitor - Task completed > TaskHandler[id: 6; name: merge_fastq (6); status: COMPLETED; exit: 0; error: -; workDir: /home/etudiant/fatemeh/hbv_pipeline/src/work/90/7e47bcb513801be900d1f6516dc69c]
Apr-11 14:51:34.466 [Task submitter] DEBUG n.executor.local.LocalTaskHandler - Launch cmd line: /bin/bash -ue .command.run
Apr-11 14:51:34.468 [Task submitter] INFO  nextflow.Session - [31/da61d0] Submitted process > merge_fastq (14)
Apr-11 14:51:34.493 [Task monitor] DEBUG n.processor.TaskPollingMonitor - Task completed > TaskHandler[id: 11; name: merge_fastq (11); status: COMPLETED; exit: 0; error: -; workDir: /home/etudiant/fatemeh/hbv_pipeline/src/work/8c/f3cba2558904f2b6f7d664a1f27fad]
Apr-11 14:51:34.505 [Task submitter] DEBUG n.executor.local.LocalTaskHandler - Launch cmd line: /bin/bash -ue .command.run
Apr-11 14:51:34.506 [Task submitter] INFO  nextflow.Session - [24/ab6d54] Submitted process > merge_fastq (15)
Apr-11 14:51:34.519 [TaskFinalizer-1] WARN  nextflow.script.ScriptBinding - Access to undefined parameter `result_dir` -- Initialise it to a default value eg. `params.result_dir = some_value`
Apr-11 14:51:34.562 [TaskFinalizer-3] DEBUG nextflow.util.ThreadPoolBuilder - Creating thread pool 'PublishDir' minSize=10; maxSize=36; workQueue=LinkedBlockingQueue[-1]; allowCoreThreadTimeout=false
Apr-11 14:51:34.593 [Task monitor] DEBUG n.processor.TaskPollingMonitor - Task completed > TaskHandler[id: 1; name: merge_fastq (1); status: COMPLETED; exit: 0; error: -; workDir: /home/etudiant/fatemeh/hbv_pipeline/src/work/50/7fc29901a347d3b4b4949fe15d918d]
Apr-11 14:51:34.601 [Task monitor] DEBUG n.processor.TaskPollingMonitor - Task completed > TaskHandler[id: 9; name: merge_fastq (9); status: COMPLETED; exit: 0; error: -; workDir: /home/etudiant/fatemeh/hbv_pipeline/src/work/42/3240a2d0e2882cc445a9ea361ca69e]
Apr-11 14:51:34.626 [Task submitter] DEBUG n.executor.local.LocalTaskHandler - Launch cmd line: /bin/bash -ue .command.run
Apr-11 14:51:34.626 [Task submitter] INFO  nextflow.Session - [57/816a74] Submitted process > merge_fastq (16)
Apr-11 14:51:34.704 [Task monitor] DEBUG n.processor.TaskPollingMonitor - Task completed > TaskHandler[id: 7; name: merge_fastq (7); status: COMPLETED; exit: 0; error: -; workDir: /home/etudiant/fatemeh/hbv_pipeline/src/work/61/e752286662c7eee5929b207d9be78d]
Apr-11 14:51:34.753 [Task submitter] DEBUG n.executor.local.LocalTaskHandler - Launch cmd line: /bin/bash -ue .command.run
Apr-11 14:51:34.753 [Task submitter] INFO  nextflow.Session - [29/9b3a00] Submitted process > trim_reads (2)
Apr-11 14:51:34.758 [Task submitter] DEBUG n.executor.local.LocalTaskHandler - Launch cmd line: /bin/bash -ue .command.run
Apr-11 14:51:34.758 [Task submitter] INFO  nextflow.Session - [41/4fc500] Submitted process > trim_reads (3)
Apr-11 14:51:34.768 [Task monitor] DEBUG n.processor.TaskPollingMonitor - Task completed > TaskHandler[id: 4; name: merge_fastq (4); status: COMPLETED; exit: 0; error: -; workDir: /home/etudiant/fatemeh/hbv_pipeline/src/work/b0/9d4786fd9b3964219d94ade90a67f4]
Apr-11 14:51:34.776 [Task submitter] DEBUG n.executor.local.LocalTaskHandler - Launch cmd line: /bin/bash -ue .command.run
Apr-11 14:51:34.777 [Task submitter] INFO  nextflow.Session - [3d/7464fd] Submitted process > trim_reads (1)
Apr-11 14:51:34.787 [Task monitor] DEBUG n.processor.TaskPollingMonitor - Task completed > TaskHandler[id: 10; name: merge_fastq (10); status: COMPLETED; exit: 0; error: -; workDir: /home/etudiant/fatemeh/hbv_pipeline/src/work/28/b871356d609b6cf7d8b34d0283a030]
Apr-11 14:51:34.792 [Task monitor] DEBUG n.processor.TaskPollingMonitor - Task completed > TaskHandler[id: 12; name: merge_fastq (12); status: COMPLETED; exit: 0; error: -; workDir: /home/etudiant/fatemeh/hbv_pipeline/src/work/80/0c0c45c7669b1ec8a9bc0a43cc59ed]
Apr-11 14:51:34.798 [Task submitter] DEBUG n.executor.local.LocalTaskHandler - Launch cmd line: /bin/bash -ue .command.run
Apr-11 14:51:34.798 [Task submitter] INFO  nextflow.Session - [99/e21842] Submitted process > trim_reads (5)
Apr-11 14:51:34.838 [Task submitter] DEBUG n.executor.local.LocalTaskHandler - Launch cmd line: /bin/bash -ue .command.run
Apr-11 14:51:34.840 [Task submitter] INFO  nextflow.Session - [36/f9af83] Submitted process > trim_reads (6)
Apr-11 14:51:34.927 [Task monitor] DEBUG n.processor.TaskPollingMonitor - Task completed > TaskHandler[id: 2; name: merge_fastq (2); status: COMPLETED; exit: 0; error: -; workDir: /home/etudiant/fatemeh/hbv_pipeline/src/work/6f/04e0c8de98eaa51901d250da863ac9]
Apr-11 14:51:34.939 [Task submitter] DEBUG n.executor.local.LocalTaskHandler - Launch cmd line: /bin/bash -ue .command.run
Apr-11 14:51:34.977 [Task submitter] INFO  nextflow.Session - [9b/58db5d] Submitted process > trim_reads (7)
Apr-11 14:51:35.019 [Task monitor] DEBUG n.processor.TaskPollingMonitor - Task completed > TaskHandler[id: 5; name: merge_fastq (5); status: COMPLETED; exit: 0; error: -; workDir: /home/etudiant/fatemeh/hbv_pipeline/src/work/6e/d893dd37fef303915cc9caa1680abe]
Apr-11 14:51:35.035 [Task submitter] DEBUG n.executor.local.LocalTaskHandler - Launch cmd line: /bin/bash -ue .command.run
Apr-11 14:51:35.050 [Task submitter] INFO  nextflow.Session - [78/ead180] Submitted process > trim_reads (8)
Apr-11 14:51:35.219 [Task monitor] DEBUG n.processor.TaskPollingMonitor - Task completed > TaskHandler[id: 3; name: merge_fastq (3); status: COMPLETED; exit: 0; error: -; workDir: /home/etudiant/fatemeh/hbv_pipeline/src/work/64/a0125089e17673cada052c30e13b78]
Apr-11 14:51:35.254 [Task submitter] DEBUG n.executor.local.LocalTaskHandler - Launch cmd line: /bin/bash -ue .command.run
Apr-11 14:51:35.270 [Task submitter] INFO  nextflow.Session - [23/702a3b] Submitted process > trim_reads (4)
Apr-11 14:51:35.761 [Task monitor] DEBUG n.processor.TaskPollingMonitor - Task completed > TaskHandler[id: 17; name: trim_reads (1); status: COMPLETED; exit: 0; error: -; workDir: /home/etudiant/fatemeh/hbv_pipeline/src/work/3d/7464fd3d051482b00136f1cb46c313]
Apr-11 14:51:35.786 [Task submitter] DEBUG n.executor.local.LocalTaskHandler - Launch cmd line: /bin/bash -ue .command.run
Apr-11 14:51:35.787 [Task submitter] INFO  nextflow.Session - [6a/0463b3] Submitted process > trim_reads (9)
Apr-11 14:51:35.824 [Task monitor] DEBUG n.processor.TaskPollingMonitor - Task completed > TaskHandler[id: 13; name: merge_fastq (13); status: COMPLETED; exit: 0; error: -; workDir: /home/etudiant/fatemeh/hbv_pipeline/src/work/8f/65efb93ee151117ad8ddf3165cd197]
Apr-11 14:51:35.870 [Task submitter] DEBUG n.executor.local.LocalTaskHandler - Launch cmd line: /bin/bash -ue .command.run
Apr-11 14:51:35.872 [Task submitter] INFO  nextflow.Session - [19/b3663f] Submitted process > trim_reads (10)
Apr-11 14:51:36.299 [Task monitor] DEBUG n.processor.TaskPollingMonitor - Task completed > TaskHandler[id: 14; name: merge_fastq (14); status: COMPLETED; exit: 0; error: -; workDir: /home/etudiant/fatemeh/hbv_pipeline/src/work/31/da61d028e408765ec5e90d2cb173ba]
Apr-11 14:51:36.304 [Task submitter] DEBUG n.executor.local.LocalTaskHandler - Launch cmd line: /bin/bash -ue .command.run
Apr-11 14:51:36.305 [Task submitter] INFO  nextflow.Session - [e1/063249] Submitted process > trim_reads (11)
Apr-11 14:51:36.861 [Task monitor] DEBUG n.processor.TaskPollingMonitor - Task completed > TaskHandler[id: 22; name: trim_reads (6); status: COMPLETED; exit: 0; error: -; workDir: /home/etudiant/fatemeh/hbv_pipeline/src/work/36/f9af832682a271ed03d5271e8d1686]
Apr-11 14:51:36.909 [Task submitter] DEBUG n.executor.local.LocalTaskHandler - Launch cmd line: /bin/bash -ue .command.run
Apr-11 14:51:36.909 [Task submitter] INFO  nextflow.Session - [ef/13993f] Submitted process > trim_reads (12)
Apr-11 14:51:37.151 [Task monitor] DEBUG n.processor.TaskPollingMonitor - Task completed > TaskHandler[id: 18; name: trim_reads (2); status: COMPLETED; exit: 0; error: -; workDir: /home/etudiant/fatemeh/hbv_pipeline/src/work/29/9b3a0058530cd84ffc5a94bc60c8d5]
Apr-11 14:51:37.165 [Task submitter] DEBUG n.executor.local.LocalTaskHandler - Launch cmd line: /bin/bash -ue .command.run
Apr-11 14:51:37.167 [Task submitter] INFO  nextflow.Session - [4d/36a0a9] Submitted process > parse_fastq_qc (1)
Apr-11 14:51:37.266 [Task monitor] DEBUG n.processor.TaskPollingMonitor - Task completed > TaskHandler[id: 19; name: trim_reads (3); status: COMPLETED; exit: 0; error: -; workDir: /home/etudiant/fatemeh/hbv_pipeline/src/work/41/4fc5004bec1a408da43e2ab8c37fbb]
Apr-11 14:51:37.272 [Task submitter] DEBUG n.executor.local.LocalTaskHandler - Launch cmd line: /bin/bash -ue .command.run
Apr-11 14:51:37.274 [Task submitter] INFO  nextflow.Session - [56/c5ea9b] Submitted process > mapping_bam (1)
Apr-11 14:51:37.380 [Task monitor] DEBUG n.processor.TaskPollingMonitor - Task completed > TaskHandler[id: 30; name: parse_fastq_qc (1); status: COMPLETED; exit: 0; error: -; workDir: /home/etudiant/fatemeh/hbv_pipeline/src/work/4d/36a0a9a8abe3cf89cf3446d9075230]
Apr-11 14:51:37.393 [Task submitter] DEBUG n.executor.local.LocalTaskHandler - Launch cmd line: /bin/bash -ue .command.run
Apr-11 14:51:37.402 [Task submitter] INFO  nextflow.Session - [30/5d70d5] Submitted process > trim_reads (13)
Apr-11 14:51:37.480 [Task monitor] DEBUG n.processor.TaskPollingMonitor - Task completed > TaskHandler[id: 16; name: merge_fastq (16); status: COMPLETED; exit: 0; error: -; workDir: /home/etudiant/fatemeh/hbv_pipeline/src/work/57/816a7443489aee482f6e2738ffdafb]
Apr-11 14:51:37.517 [Task submitter] DEBUG n.executor.local.LocalTaskHandler - Launch cmd line: /bin/bash -ue .command.run
Apr-11 14:51:37.518 [Task submitter] INFO  nextflow.Session - [ad/cb664c] Submitted process > trim_reads (14)
Apr-11 14:51:37.602 [Task monitor] DEBUG n.processor.TaskPollingMonitor - Task completed > TaskHandler[id: 29; name: mapping_bam (1); status: COMPLETED; exit: 0; error: -; workDir: /home/etudiant/fatemeh/hbv_pipeline/src/work/56/c5ea9be5636486adabd197ba490a24]
Apr-11 14:51:37.613 [Task submitter] DEBUG n.executor.local.LocalTaskHandler - Launch cmd line: /bin/bash -ue .command.run
Apr-11 14:51:37.614 [Task submitter] INFO  nextflow.Session - [d3/0d5cd5] Submitted process > mapping_bam (2)
Apr-11 14:51:38.057 [Task monitor] DEBUG n.processor.TaskPollingMonitor - Task completed > TaskHandler[id: 15; name: merge_fastq (15); status: COMPLETED; exit: 0; error: -; workDir: /home/etudiant/fatemeh/hbv_pipeline/src/work/24/ab6d5435f067546596fc6ad084b306]
Apr-11 14:51:38.086 [Task submitter] DEBUG n.executor.local.LocalTaskHandler - Launch cmd line: /bin/bash -ue .command.run
Apr-11 14:51:38.086 [Task submitter] INFO  nextflow.Session - [f9/a1850c] Submitted process > parse_fastq_qc (2)
Apr-11 14:51:38.464 [Task monitor] DEBUG n.processor.TaskPollingMonitor - Task completed > TaskHandler[id: 33; name: mapping_bam (2); status: COMPLETED; exit: 0; error: -; workDir: /home/etudiant/fatemeh/hbv_pipeline/src/work/d3/0d5cd55037ff710d60a681ca4d1ae9]
Apr-11 14:51:38.467 [Task submitter] DEBUG n.executor.local.LocalTaskHandler - Launch cmd line: /bin/bash -ue .command.run
Apr-11 14:51:38.467 [Task submitter] INFO  nextflow.Session - [64/e8fc33] Submitted process > mapping_bam (3)
Apr-11 14:51:38.532 [Task monitor] DEBUG n.processor.TaskPollingMonitor - Task completed > TaskHandler[id: 34; name: parse_fastq_qc (2); status: COMPLETED; exit: 0; error: -; workDir: /home/etudiant/fatemeh/hbv_pipeline/src/work/f9/a1850c02f09a3b051710e462661818]
Apr-11 14:51:38.537 [Task submitter] DEBUG n.executor.local.LocalTaskHandler - Launch cmd line: /bin/bash -ue .command.run
Apr-11 14:51:38.537 [Task submitter] INFO  nextflow.Session - [47/b3636a] Submitted process > parse_fastq_qc (3)
Apr-11 14:51:38.749 [Task monitor] DEBUG n.processor.TaskPollingMonitor - Task completed > TaskHandler[id: 24; name: trim_reads (8); status: COMPLETED; exit: 0; error: -; workDir: /home/etudiant/fatemeh/hbv_pipeline/src/work/78/ead1808e9e83615b8803b1080d0c5d]
Apr-11 14:51:38.752 [Task submitter] DEBUG n.executor.local.LocalTaskHandler - Launch cmd line: /bin/bash -ue .command.run
Apr-11 14:51:38.753 [Task submitter] INFO  nextflow.Session - [44/8e28d4] Submitted process > mapping_bam (4)
Apr-11 14:51:39.066 [Task monitor] DEBUG n.processor.TaskPollingMonitor - Task completed > TaskHandler[id: 36; name: parse_fastq_qc (3); status: COMPLETED; exit: 0; error: -; workDir: /home/etudiant/fatemeh/hbv_pipeline/src/work/47/b3636a9c18ec50b983c2ed2dda88b1]
Apr-11 14:51:39.070 [Task submitter] DEBUG n.executor.local.LocalTaskHandler - Launch cmd line: /bin/bash -ue .command.run
Apr-11 14:51:39.071 [Task submitter] INFO  nextflow.Session - [9c/0216f0] Submitted process > parse_fastq_qc (4)
Apr-11 14:51:39.251 [Task monitor] DEBUG n.processor.TaskPollingMonitor - Task completed > TaskHandler[id: 23; name: trim_reads (7); status: COMPLETED; exit: 0; error: -; workDir: /home/etudiant/fatemeh/hbv_pipeline/src/work/9b/58db5d1fe1b9ea2bdc7656a08d0cc8]
Apr-11 14:51:39.257 [Task submitter] DEBUG n.executor.local.LocalTaskHandler - Launch cmd line: /bin/bash -ue .command.run
Apr-11 14:51:39.258 [Task submitter] INFO  nextflow.Session - [c3/9f80a5] Submitted process > trim_reads (15)
Apr-11 14:51:39.661 [Task monitor] DEBUG n.processor.TaskPollingMonitor - Task completed > TaskHandler[id: 38; name: parse_fastq_qc (4); status: COMPLETED; exit: 0; error: -; workDir: /home/etudiant/fatemeh/hbv_pipeline/src/work/9c/0216f0dd627fb8014d56e4b6a72d2f]
Apr-11 14:51:39.701 [Task submitter] DEBUG n.executor.local.LocalTaskHandler - Launch cmd line: /bin/bash -ue .command.run
Apr-11 14:51:39.702 [Task submitter] INFO  nextflow.Session - [d2/ce383c] Submitted process > bam_indexing (1)
Apr-11 14:51:39.925 [Task monitor] DEBUG n.processor.TaskPollingMonitor - Task completed > TaskHandler[id: 35; name: mapping_bam (3); status: COMPLETED; exit: 0; error: -; workDir: /home/etudiant/fatemeh/hbv_pipeline/src/work/64/e8fc33dc241cdc163b96a951b5f437]
Apr-11 14:51:39.928 [Task submitter] DEBUG n.executor.local.LocalTaskHandler - Launch cmd line: /bin/bash -ue .command.run
Apr-11 14:51:39.929 [Task submitter] INFO  nextflow.Session - [f0/0dd4d7] Submitted process > parse_read_align (1)
Apr-11 14:51:39.950 [Task monitor] DEBUG n.processor.TaskPollingMonitor - Task completed > TaskHandler[id: 21; name: trim_reads (5); status: COMPLETED; exit: 0; error: -; workDir: /home/etudiant/fatemeh/hbv_pipeline/src/work/99/e218428edd94315147e7aabcd368da]
Apr-11 14:51:39.959 [Task monitor] DEBUG n.processor.TaskPollingMonitor - Task completed > TaskHandler[id: 40; name: bam_indexing (1); status: COMPLETED; exit: 0; error: -; workDir: /home/etudiant/fatemeh/hbv_pipeline/src/work/d2/ce383cc219ddd05ca50721203e98c6]
Apr-11 14:51:39.972 [Task submitter] DEBUG n.executor.local.LocalTaskHandler - Launch cmd line: /bin/bash -ue .command.run
Apr-11 14:51:39.972 [Task submitter] INFO  nextflow.Session - [d9/cadd93] Submitted process > bam_coverage (1)
Apr-11 14:51:40.014 [Task submitter] DEBUG n.executor.local.LocalTaskHandler - Launch cmd line: /bin/bash -ue .command.run
Apr-11 14:51:40.014 [Task submitter] INFO  nextflow.Session - [6a/78d97c] Submitted process > trim_reads (16)
Apr-11 14:51:40.169 [Task monitor] DEBUG n.processor.TaskPollingMonitor - Task completed > TaskHandler[id: 41; name: parse_read_align (1); status: COMPLETED; exit: 0; error: -; workDir: /home/etudiant/fatemeh/hbv_pipeline/src/work/f0/0dd4d726c2e4d65c7d1788932dc08d]
Apr-11 14:51:40.182 [Task submitter] DEBUG n.executor.local.LocalTaskHandler - Launch cmd line: /bin/bash -ue .command.run
Apr-11 14:51:40.182 [Task submitter] INFO  nextflow.Session - [b9/f85642] Submitted process > parse_read_align (2)
Apr-11 14:51:40.213 [Task monitor] DEBUG n.processor.TaskPollingMonitor - Task completed > TaskHandler[id: 42; name: bam_coverage (1); status: COMPLETED; exit: 0; error: -; workDir: /home/etudiant/fatemeh/hbv_pipeline/src/work/d9/cadd93fdee6b444bda317266c4ce57]
Apr-11 14:51:40.220 [Task submitter] DEBUG n.executor.local.LocalTaskHandler - Launch cmd line: /bin/bash -ue .command.run
Apr-11 14:51:40.220 [Task submitter] INFO  nextflow.Session - [4a/14241f] Submitted process > bam_coverage (2)
Apr-11 14:51:40.383 [Task monitor] DEBUG n.processor.TaskPollingMonitor - Task completed > TaskHandler[id: 31; name: trim_reads (13); status: COMPLETED; exit: 0; error: -; workDir: /home/etudiant/fatemeh/hbv_pipeline/src/work/30/5d70d5fa93195a6cad205c0e082cef]
Apr-11 14:51:40.387 [Task submitter] DEBUG n.executor.local.LocalTaskHandler - Launch cmd line: /bin/bash -ue .command.run
Apr-11 14:51:40.396 [Task submitter] INFO  nextflow.Session - [74/99d2d2] Submitted process > bam_indexing (2)
Apr-11 14:51:40.415 [Task monitor] DEBUG n.processor.TaskPollingMonitor - Task completed > TaskHandler[id: 45; name: bam_coverage (2); status: COMPLETED; exit: 0; error: -; workDir: /home/etudiant/fatemeh/hbv_pipeline/src/work/4a/14241fc0e980d06a792c40b236e7ea]
Apr-11 14:51:40.420 [Task submitter] DEBUG n.executor.local.LocalTaskHandler - Launch cmd line: /bin/bash -ue .command.run
Apr-11 14:51:40.422 [Task submitter] INFO  nextflow.Session - [fa/9e6f0e] Submitted process > parse_fastq_qc (5)
Apr-11 14:51:40.559 [Task monitor] DEBUG n.processor.TaskPollingMonitor - Task completed > TaskHandler[id: 37; name: mapping_bam (4); status: COMPLETED; exit: 0; error: -; workDir: /home/etudiant/fatemeh/hbv_pipeline/src/work/44/8e28d4bc0783a6cbcec128ef961da4]
Apr-11 14:51:40.562 [Task submitter] DEBUG n.executor.local.LocalTaskHandler - Launch cmd line: /bin/bash -ue .command.run
Apr-11 14:51:40.563 [Task submitter] INFO  nextflow.Session - [e9/76a3df] Submitted process > mapping_bam (5)
Apr-11 14:51:40.577 [Task monitor] DEBUG n.processor.TaskPollingMonitor - Task completed > TaskHandler[id: 47; name: parse_fastq_qc (5); status: COMPLETED; exit: 0; error: -; workDir: /home/etudiant/fatemeh/hbv_pipeline/src/work/fa/9e6f0e312410d6948c8a4686494010]
Apr-11 14:51:40.581 [Task submitter] DEBUG n.executor.local.LocalTaskHandler - Launch cmd line: /bin/bash -ue .command.run
Apr-11 14:51:40.582 [Task submitter] INFO  nextflow.Session - [b0/0e6ef2] Submitted process > mapping_bam (6)
Apr-11 14:51:40.619 [Task monitor] DEBUG n.processor.TaskPollingMonitor - Task completed > TaskHandler[id: 46; name: bam_indexing (2); status: COMPLETED; exit: 0; error: -; workDir: /home/etudiant/fatemeh/hbv_pipeline/src/work/74/99d2d21792242dd7a33de5b8296ed7]
Apr-11 14:51:40.622 [Task submitter] DEBUG n.executor.local.LocalTaskHandler - Launch cmd line: /bin/bash -ue .command.run
Apr-11 14:51:40.622 [Task submitter] INFO  nextflow.Session - [86/634e63] Submitted process > parse_fastq_qc (6)
Apr-11 14:51:40.786 [Task monitor] DEBUG n.processor.TaskPollingMonitor - Task completed > TaskHandler[id: 25; name: trim_reads (9); status: COMPLETED; exit: 0; error: -; workDir: /home/etudiant/fatemeh/hbv_pipeline/src/work/6a/0463b32ce64183e31863a3cd1b7d10]
Apr-11 14:51:40.790 [Task submitter] DEBUG n.executor.local.LocalTaskHandler - Launch cmd line: /bin/bash -ue .command.run
Apr-11 14:51:40.791 [Task submitter] INFO  nextflow.Session - [c2/80be4b] Submitted process > bam_indexing (3)
Apr-11 14:51:40.926 [Task monitor] DEBUG n.processor.TaskPollingMonitor - Task completed > TaskHandler[id: 51; name: bam_indexing (3); status: COMPLETED; exit: 0; error: -; workDir: /home/etudiant/fatemeh/hbv_pipeline/src/work/c2/80be4bcec2ee856dbee851a6f1b946]
Apr-11 14:51:40.931 [Task submitter] DEBUG n.executor.local.LocalTaskHandler - Launch cmd line: /bin/bash -ue .command.run
Apr-11 14:51:40.932 [Task submitter] INFO  nextflow.Session - [84/8f1d56] Submitted process > parse_read_align (3)
Apr-11 14:51:40.952 [Task monitor] DEBUG n.processor.TaskPollingMonitor - Task completed > TaskHandler[id: 50; name: parse_fastq_qc (6); status: COMPLETED; exit: 0; error: -; workDir: /home/etudiant/fatemeh/hbv_pipeline/src/work/86/634e632373a5c29d462cec26dc39c5]
Apr-11 14:51:40.956 [Task submitter] DEBUG n.executor.local.LocalTaskHandler - Launch cmd line: /bin/bash -ue .command.run
Apr-11 14:51:40.956 [Task submitter] INFO  nextflow.Session - [20/b04962] Submitted process > bam_coverage (3)
Apr-11 14:51:41.029 [Task monitor] DEBUG n.processor.TaskPollingMonitor - Task completed > TaskHandler[id: 48; name: mapping_bam (5); status: COMPLETED; exit: 0; error: -; workDir: /home/etudiant/fatemeh/hbv_pipeline/src/work/e9/76a3dff0aae52ed26036dd54554c9c]
Apr-11 14:51:41.032 [Task submitter] DEBUG n.executor.local.LocalTaskHandler - Launch cmd line: /bin/bash -ue .command.run
Apr-11 14:51:41.032 [Task submitter] INFO  nextflow.Session - [e5/4da3b7] Submitted process > mapping_bam (7)
Apr-11 14:51:41.121 [Task monitor] DEBUG n.processor.TaskPollingMonitor - Task completed > TaskHandler[id: 20; name: trim_reads (4); status: COMPLETED; exit: 0; error: -; workDir: /home/etudiant/fatemeh/hbv_pipeline/src/work/23/702a3b7d6f60c70177d686321a8363]
Apr-11 14:51:41.125 [Task submitter] DEBUG n.executor.local.LocalTaskHandler - Launch cmd line: /bin/bash -ue .command.run
Apr-11 14:51:41.126 [Task submitter] INFO  nextflow.Session - [dc/05a2fe] Submitted process > parse_fastq_qc (7)
Apr-11 14:51:41.132 [Task monitor] DEBUG n.processor.TaskPollingMonitor - Task completed > TaskHandler[id: 39; name: trim_reads (15); status: COMPLETED; exit: 0; error: -; workDir: /home/etudiant/fatemeh/hbv_pipeline/src/work/c3/9f80a55a04d9bb55b8937d93fe2ccf]
Apr-11 14:51:41.137 [Task submitter] DEBUG n.executor.local.LocalTaskHandler - Launch cmd line: /bin/bash -ue .command.run
Apr-11 14:51:41.137 [Task submitter] INFO  nextflow.Session - [bd/642bd1] Submitted process > variant_calling (1)
Apr-11 14:51:41.183 [Task monitor] DEBUG n.processor.TaskPollingMonitor - Task completed > TaskHandler[id: 53; name: bam_coverage (3); status: COMPLETED; exit: 0; error: -; workDir: /home/etudiant/fatemeh/hbv_pipeline/src/work/20/b04962a51c5ca7668546ec10e0ea50]
Apr-11 14:51:41.186 [Task submitter] DEBUG n.executor.local.LocalTaskHandler - Launch cmd line: /bin/bash -ue .command.run
Apr-11 14:51:41.187 [Task submitter] INFO  nextflow.Session - [65/30e70f] Submitted process > parse_fastq_qc (8)
Apr-11 14:51:41.199 [Task monitor] DEBUG n.processor.TaskPollingMonitor - Task completed > TaskHandler[id: 26; name: trim_reads (10); status: COMPLETED; exit: 0; error: -; workDir: /home/etudiant/fatemeh/hbv_pipeline/src/work/19/b3663f3c9c2be0684da7377d073abb]
Apr-11 14:51:41.204 [Task submitter] DEBUG n.executor.local.LocalTaskHandler - Launch cmd line: /bin/bash -ue .command.run
Apr-11 14:51:41.219 [Task submitter] INFO  nextflow.Session - [ad/57e315] Submitted process > mapping_bam (8)
Apr-11 14:51:41.321 [Task monitor] DEBUG n.processor.TaskPollingMonitor - Task completed > TaskHandler[id: 49; name: mapping_bam (6); status: COMPLETED; exit: 0; error: -; workDir: /home/etudiant/fatemeh/hbv_pipeline/src/work/b0/0e6ef253fcc3db5908ec7d88907ec4]
Apr-11 14:51:41.324 [Task submitter] DEBUG n.executor.local.LocalTaskHandler - Launch cmd line: /bin/bash -ue .command.run
Apr-11 14:51:41.325 [Task submitter] INFO  nextflow.Session - [f5/af18b3] Submitted process > bam_indexing (4)
Apr-11 14:51:41.330 [Task monitor] DEBUG n.processor.TaskPollingMonitor - Task completed > TaskHandler[id: 55; name: parse_fastq_qc (7); status: COMPLETED; exit: 0; error: -; workDir: /home/etudiant/fatemeh/hbv_pipeline/src/work/dc/05a2fefb7667afc72228c8d262ac88]
Apr-11 14:51:41.348 [Task submitter] DEBUG n.executor.local.LocalTaskHandler - Launch cmd line: /bin/bash -ue .command.run
Apr-11 14:51:41.348 [Task submitter] INFO  nextflow.Session - [a6/aea91e] Submitted process > bam_coverage (4)
Apr-11 14:51:41.385 [Task monitor] DEBUG n.processor.TaskPollingMonitor - Task completed > TaskHandler[id: 57; name: parse_fastq_qc (8); status: COMPLETED; exit: 0; error: -; workDir: /home/etudiant/fatemeh/hbv_pipeline/src/work/65/30e70f834e002cd316afc5e4f5cb86]
Apr-11 14:51:41.388 [Task submitter] DEBUG n.executor.local.LocalTaskHandler - Launch cmd line: /bin/bash -ue .command.run
Apr-11 14:51:41.388 [Task submitter] INFO  nextflow.Session - [e4/b32536] Submitted process > parse_read_align (4)
Apr-11 14:51:41.506 [Task monitor] DEBUG n.processor.TaskPollingMonitor - Task completed > TaskHandler[id: 60; name: bam_indexing (4); status: COMPLETED; exit: 0; error: -; workDir: /home/etudiant/fatemeh/hbv_pipeline/src/work/f5/af18b342e62349281734f0783dfbd1]
Apr-11 14:51:41.508 [Task submitter] DEBUG n.executor.local.LocalTaskHandler - Launch cmd line: /bin/bash -ue .command.run
Apr-11 14:51:41.508 [Task submitter] INFO  nextflow.Session - [b5/dc4263] Submitted process > variant_calling (2)
Apr-11 14:51:41.591 [Task monitor] DEBUG n.processor.TaskPollingMonitor - Task completed > TaskHandler[id: 44; name: parse_read_align (2); status: COMPLETED; exit: 0; error: -; workDir: /home/etudiant/fatemeh/hbv_pipeline/src/work/b9/f856429358bb082b13bf04c2579e7f]
Apr-11 14:51:41.595 [Task submitter] DEBUG n.executor.local.LocalTaskHandler - Launch cmd line: /bin/bash -ue .command.run
Apr-11 14:51:41.595 [Task submitter] INFO  nextflow.Session - [b1/11b885] Submitted process > parse_fastq_qc (9)
Apr-11 14:51:41.663 [Task monitor] DEBUG n.processor.TaskPollingMonitor - Task completed > TaskHandler[id: 56; name: variant_calling (1); status: COMPLETED; exit: 0; error: -; workDir: /home/etudiant/fatemeh/hbv_pipeline/src/work/bd/642bd18ee7709f85249f7383717973]
Apr-11 14:51:41.669 [Task submitter] DEBUG n.executor.local.LocalTaskHandler - Launch cmd line: /bin/bash -ue .command.run
Apr-11 14:51:41.669 [Task submitter] INFO  nextflow.Session - [8e/97a662] Submitted process > mapping_bam (9)
Apr-11 14:51:41.764 [Task monitor] DEBUG n.processor.TaskPollingMonitor - Task completed > TaskHandler[id: 61; name: bam_coverage (4); status: COMPLETED; exit: 0; error: -; workDir: /home/etudiant/fatemeh/hbv_pipeline/src/work/a6/aea91eac4a09a186d3638f0b180f69]
Apr-11 14:51:41.767 [Task submitter] DEBUG n.executor.local.LocalTaskHandler - Launch cmd line: /bin/bash -ue .command.run
Apr-11 14:51:41.767 [Task submitter] INFO  nextflow.Session - [45/b9029f] Submitted process > variant_calling (3)
Apr-11 14:51:41.906 [Task monitor] DEBUG n.processor.TaskPollingMonitor - Task completed > TaskHandler[id: 58; name: mapping_bam (8); status: COMPLETED; exit: 0; error: -; workDir: /home/etudiant/fatemeh/hbv_pipeline/src/work/ad/57e315b44b93bdc9d3338723a98df8]
Apr-11 14:51:41.909 [Task submitter] DEBUG n.executor.local.LocalTaskHandler - Launch cmd line: /bin/bash -ue .command.run
Apr-11 14:51:41.909 [Task submitter] INFO  nextflow.Session - [0d/2faf05] Submitted process > bam_indexing (5)
Apr-11 14:51:41.924 [Task monitor] DEBUG n.processor.TaskPollingMonitor - Task completed > TaskHandler[id: 64; name: parse_fastq_qc (9); status: COMPLETED; exit: 0; error: -; workDir: /home/etudiant/fatemeh/hbv_pipeline/src/work/b1/11b885db37da9ebe995bc59381c374]
Apr-11 14:51:41.927 [Task submitter] DEBUG n.executor.local.LocalTaskHandler - Launch cmd line: /bin/bash -ue .command.run
Apr-11 14:51:41.927 [Task submitter] INFO  nextflow.Session - [17/9a96f4] Submitted process > bam_coverage (5)
Apr-11 14:51:41.939 [Task monitor] DEBUG n.processor.TaskPollingMonitor - Task completed > TaskHandler[id: 54; name: mapping_bam (7); status: COMPLETED; exit: 0; error: -; workDir: /home/etudiant/fatemeh/hbv_pipeline/src/work/e5/4da3b76562c629245bff3049409894]
Apr-11 14:51:41.947 [Task submitter] DEBUG n.executor.local.LocalTaskHandler - Launch cmd line: /bin/bash -ue .command.run
Apr-11 14:51:41.947 [Task submitter] INFO  nextflow.Session - [2b/be3172] Submitted process > parse_read_align (5)
Apr-11 14:51:42.030 [Task monitor] DEBUG n.processor.TaskPollingMonitor - Task completed > TaskHandler[id: 66; name: bam_coverage (5); status: COMPLETED; exit: 0; error: -; workDir: /home/etudiant/fatemeh/hbv_pipeline/src/work/17/9a96f4bcad5c809ef1011837e387e3]
Apr-11 14:51:42.034 [Task submitter] DEBUG n.executor.local.LocalTaskHandler - Launch cmd line: /bin/bash -ue .command.run
Apr-11 14:51:42.034 [Task submitter] INFO  nextflow.Session - [b6/4b7d3b] Submitted process > parse_fastq_qc (10)
Apr-11 14:51:42.063 [Task monitor] DEBUG n.processor.TaskPollingMonitor - Task completed > TaskHandler[id: 67; name: bam_indexing (5); status: COMPLETED; exit: 0; error: -; workDir: /home/etudiant/fatemeh/hbv_pipeline/src/work/0d/2faf051fe2b762611cb266da62f399]
Apr-11 14:51:42.069 [Task submitter] DEBUG n.executor.local.LocalTaskHandler - Launch cmd line: /bin/bash -ue .command.run
Apr-11 14:51:42.070 [Task submitter] INFO  nextflow.Session - [1c/2dcc06] Submitted process > mapping_bam (10)
Apr-11 14:51:42.110 [Task monitor] DEBUG n.processor.TaskPollingMonitor - Task completed > TaskHandler[id: 32; name: trim_reads (14); status: COMPLETED; exit: 0; error: -; workDir: /home/etudiant/fatemeh/hbv_pipeline/src/work/ad/cb664c8d1f779c4db437d09966fd6a]
Apr-11 14:51:42.114 [Task submitter] DEBUG n.executor.local.LocalTaskHandler - Launch cmd line: /bin/bash -ue .command.run
Apr-11 14:51:42.115 [Task submitter] INFO  nextflow.Session - [3f/8bb027] Submitted process > parse_fastq_qc (11)
Apr-11 14:51:42.166 [Task monitor] DEBUG n.processor.TaskPollingMonitor - Task completed > TaskHandler[id: 68; name: parse_read_align (5); status: COMPLETED; exit: 0; error: -; workDir: /home/etudiant/fatemeh/hbv_pipeline/src/work/2b/be3172db359c493f79f1e06040c21a]
Apr-11 14:51:42.169 [Task submitter] DEBUG n.executor.local.LocalTaskHandler - Launch cmd line: /bin/bash -ue .command.run
Apr-11 14:51:42.169 [Task submitter] INFO  nextflow.Session - [25/22ef8d] Submitted process > mapping_bam (11)
Apr-11 14:51:42.211 [Task monitor] DEBUG n.processor.TaskPollingMonitor - Task completed > TaskHandler[id: 52; name: parse_read_align (3); status: COMPLETED; exit: 0; error: -; workDir: /home/etudiant/fatemeh/hbv_pipeline/src/work/84/8f1d569faa05011c1146f39d42ad1f]
Apr-11 14:51:42.222 [Task submitter] DEBUG n.executor.local.LocalTaskHandler - Launch cmd line: /bin/bash -ue .command.run
Apr-11 14:51:42.223 [Task submitter] INFO  nextflow.Session - [e9/f87419] Submitted process > mapping_bam (12)
Apr-11 14:51:42.328 [Task monitor] DEBUG n.processor.TaskPollingMonitor - Task completed > TaskHandler[id: 69; name: parse_fastq_qc (10); status: COMPLETED; exit: 0; error: -; workDir: /home/etudiant/fatemeh/hbv_pipeline/src/work/b6/4b7d3b0ac0591ba7e6e7218f176176]
Apr-11 14:51:42.345 [Task submitter] DEBUG n.executor.local.LocalTaskHandler - Launch cmd line: /bin/bash -ue .command.run
Apr-11 14:51:42.346 [Task submitter] INFO  nextflow.Session - [4f/f585d2] Submitted process > parse_fastq_qc (12)
Apr-11 14:51:42.366 [Task monitor] DEBUG n.processor.TaskPollingMonitor - Task completed > TaskHandler[id: 71; name: parse_fastq_qc (11); status: COMPLETED; exit: 0; error: -; workDir: /home/etudiant/fatemeh/hbv_pipeline/src/work/3f/8bb0273e97b428f785e25a7c22cf68]
Apr-11 14:51:42.396 [Task submitter] DEBUG n.executor.local.LocalTaskHandler - Launch cmd line: /bin/bash -ue .command.run
Apr-11 14:51:42.403 [Task submitter] INFO  nextflow.Session - [dc/9f97d4] Submitted process > bam_coverage (6)
Apr-11 14:51:42.445 [Task monitor] DEBUG n.processor.TaskPollingMonitor - Task completed > TaskHandler[id: 62; name: variant_calling (2); status: COMPLETED; exit: 0; error: -; workDir: /home/etudiant/fatemeh/hbv_pipeline/src/work/b5/dc426365177aa6d6452b86d55907b1]
Apr-11 14:51:42.455 [Task submitter] DEBUG n.executor.local.LocalTaskHandler - Launch cmd line: /bin/bash -ue .command.run
Apr-11 14:51:42.481 [Task submitter] INFO  nextflow.Session - [e9/a2f848] Submitted process > parse_read_align (6)
Apr-11 14:51:42.700 [Task monitor] DEBUG n.processor.TaskPollingMonitor - Task completed > TaskHandler[id: 74; name: parse_fastq_qc (12); status: COMPLETED; exit: 0; error: -; workDir: /home/etudiant/fatemeh/hbv_pipeline/src/work/4f/f585d29a559f66e8606c678d983940]
Apr-11 14:51:42.705 [Task submitter] DEBUG n.executor.local.LocalTaskHandler - Launch cmd line: /bin/bash -ue .command.run
Apr-11 14:51:42.709 [Task submitter] INFO  nextflow.Session - [51/ff2bd4] Submitted process > bam_indexing (6)
Apr-11 14:51:42.739 [Task monitor] DEBUG n.processor.TaskPollingMonitor - Task completed > TaskHandler[id: 63; name: mapping_bam (9); status: COMPLETED; exit: 0; error: -; workDir: /home/etudiant/fatemeh/hbv_pipeline/src/work/8e/97a6626225c0381d40e1dca74c5c7d]
Apr-11 14:51:42.748 [Task monitor] DEBUG n.processor.TaskPollingMonitor - Task completed > TaskHandler[id: 77; name: bam_coverage (6); status: COMPLETED; exit: 0; error: -; workDir: /home/etudiant/fatemeh/hbv_pipeline/src/work/dc/9f97d4b7a01aa7834251b298672d4a]
Apr-11 14:51:42.753 [Task submitter] DEBUG n.executor.local.LocalTaskHandler - Launch cmd line: /bin/bash -ue .command.run
Apr-11 14:51:42.753 [Task submitter] INFO  nextflow.Session - [79/80aa8b] Submitted process > variant_calling (4)
Apr-11 14:51:42.755 [Task submitter] DEBUG n.executor.local.LocalTaskHandler - Launch cmd line: /bin/bash -ue .command.run
Apr-11 14:51:42.755 [Task submitter] INFO  nextflow.Session - [6f/7b630b] Submitted process > parse_variant_qc (1)
Apr-11 14:51:42.768 [Task monitor] DEBUG n.processor.TaskPollingMonitor - Task completed > TaskHandler[id: 28; name: trim_reads (12); status: COMPLETED; exit: 0; error: -; workDir: /home/etudiant/fatemeh/hbv_pipeline/src/work/ef/13993f5335ca28f56f953f43804ec0]
Apr-11 14:51:42.772 [Task submitter] DEBUG n.executor.local.LocalTaskHandler - Launch cmd line: /bin/bash -ue .command.run
Apr-11 14:51:42.772 [Task submitter] INFO  nextflow.Session - [6f/9a6b4d] Submitted process > consensus_generation (1)
Apr-11 14:51:42.889 [Task monitor] DEBUG n.processor.TaskPollingMonitor - Task completed > TaskHandler[id: 76; name: bam_indexing (6); status: COMPLETED; exit: 0; error: -; workDir: /home/etudiant/fatemeh/hbv_pipeline/src/work/51/ff2bd44c53d2c14a0ff1dfc346364c]
Apr-11 14:51:42.892 [Task submitter] DEBUG n.executor.local.LocalTaskHandler - Launch cmd line: /bin/bash -ue .command.run
Apr-11 14:51:42.892 [Task submitter] INFO  nextflow.Session - [68/7edf8a] Submitted process > parse_read_align (7)
Apr-11 14:51:42.900 [Task monitor] DEBUG n.processor.TaskPollingMonitor - Task completed > TaskHandler[id: 80; name: parse_variant_qc (1); status: COMPLETED; exit: 0; error: -; workDir: /home/etudiant/fatemeh/hbv_pipeline/src/work/6f/7b630b0b906858867acfe918df8ca3]
Apr-11 14:51:42.903 [Task submitter] DEBUG n.executor.local.LocalTaskHandler - Launch cmd line: /bin/bash -ue .command.run
Apr-11 14:51:42.904 [Task submitter] INFO  nextflow.Session - [9d/d7db2f] Submitted process > bam_indexing (7)
Apr-11 14:51:42.923 [Task monitor] DEBUG n.processor.TaskPollingMonitor - Task completed > TaskHandler[id: 72; name: mapping_bam (11); status: COMPLETED; exit: 0; error: -; workDir: /home/etudiant/fatemeh/hbv_pipeline/src/work/25/22ef8d53697532ec0426a14f136cd5]
Apr-11 14:51:42.927 [Task submitter] DEBUG n.executor.local.LocalTaskHandler - Launch cmd line: /bin/bash -ue .command.run
Apr-11 14:51:42.927 [Task submitter] INFO  nextflow.Session - [c1/9a38c9] Submitted process > bam_coverage (7)
Apr-11 14:51:43.052 [Task monitor] DEBUG n.processor.TaskPollingMonitor - Task completed > TaskHandler[id: 79; name: consensus_generation (1); status: COMPLETED; exit: 0; error: -; workDir: /home/etudiant/fatemeh/hbv_pipeline/src/work/6f/9a6b4d5a2c5431a7b65f05fe0f052f]
Apr-11 14:51:43.054 [Task submitter] DEBUG n.executor.local.LocalTaskHandler - Launch cmd line: /bin/bash -ue .command.run
Apr-11 14:51:43.055 [Task submitter] INFO  nextflow.Session - [91/02cfca] Submitted process > bam_indexing (8)
Apr-11 14:51:43.058 [Task monitor] DEBUG n.processor.TaskPollingMonitor - Task completed > TaskHandler[id: 81; name: bam_indexing (7); status: COMPLETED; exit: 0; error: -; workDir: /home/etudiant/fatemeh/hbv_pipeline/src/work/9d/d7db2f1a299d4535305b2e942e624a]
Apr-11 14:51:43.076 [Task submitter] DEBUG n.executor.local.LocalTaskHandler - Launch cmd line: /bin/bash -ue .command.run
Apr-11 14:51:43.076 [Task submitter] INFO  nextflow.Session - [84/184cfb] Submitted process > bam_coverage (8)
Apr-11 14:51:43.146 [Task monitor] DEBUG n.processor.TaskPollingMonitor - Task completed > TaskHandler[id: 83; name: bam_coverage (7); status: COMPLETED; exit: 0; error: -; workDir: /home/etudiant/fatemeh/hbv_pipeline/src/work/c1/9a38c9e00b83a2d8495912982a83be]
Apr-11 14:51:43.150 [Task submitter] DEBUG n.executor.local.LocalTaskHandler - Launch cmd line: /bin/bash -ue .command.run
Apr-11 14:51:43.150 [Task submitter] INFO  nextflow.Session - [85/4ffd1a] Submitted process > parse_read_align (8)
Apr-11 14:51:43.174 [Task monitor] DEBUG n.processor.TaskPollingMonitor - Task completed > TaskHandler[id: 84; name: bam_indexing (8); status: COMPLETED; exit: 0; error: -; workDir: /home/etudiant/fatemeh/hbv_pipeline/src/work/91/02cfcad5193ad34deecf07b4bbca20]
Apr-11 14:51:43.177 [Task submitter] DEBUG n.executor.local.LocalTaskHandler - Launch cmd line: /bin/bash -ue .command.run
Apr-11 14:51:43.177 [Task submitter] INFO  nextflow.Session - [1b/e0bcce] Submitted process > variant_calling (5)
Apr-11 14:51:43.260 [Task monitor] DEBUG n.processor.TaskPollingMonitor - Task completed > TaskHandler[id: 85; name: bam_coverage (8); status: COMPLETED; exit: 0; error: -; workDir: /home/etudiant/fatemeh/hbv_pipeline/src/work/84/184cfbb6c8056d4d51f6fd5b4f03d9]
Apr-11 14:51:43.265 [Task submitter] DEBUG n.executor.local.LocalTaskHandler - Launch cmd line: /bin/bash -ue .command.run
Apr-11 14:51:43.270 [Task submitter] INFO  nextflow.Session - [b3/913154] Submitted process > mapping_bam (13)
Apr-11 14:51:43.450 [Task monitor] DEBUG n.processor.TaskPollingMonitor - Task completed > TaskHandler[id: 65; name: variant_calling (3); status: COMPLETED; exit: 0; error: -; workDir: /home/etudiant/fatemeh/hbv_pipeline/src/work/45/b9029f6df6a4d9f2be11749c6ff4d8]
Apr-11 14:51:43.452 [Task submitter] DEBUG n.executor.local.LocalTaskHandler - Launch cmd line: /bin/bash -ue .command.run
Apr-11 14:51:43.453 [Task submitter] INFO  nextflow.Session - [ad/717183] Submitted process > parse_fastq_qc (13)
Apr-11 14:51:43.534 [Task monitor] DEBUG n.processor.TaskPollingMonitor - Task completed > TaskHandler[id: 78; name: variant_calling (4); status: COMPLETED; exit: 0; error: -; workDir: /home/etudiant/fatemeh/hbv_pipeline/src/work/79/80aa8b6d04e4014f3d57205813ca8c]
Apr-11 14:51:43.538 [Task submitter] DEBUG n.executor.local.LocalTaskHandler - Launch cmd line: /bin/bash -ue .command.run
Apr-11 14:51:43.542 [Task submitter] INFO  nextflow.Session - [b9/5a164e] Submitted process > consensus_generation (2)
Apr-11 14:51:43.547 [Task monitor] DEBUG n.processor.TaskPollingMonitor - Task completed > TaskHandler[id: 88; name: mapping_bam (13); status: COMPLETED; exit: 0; error: -; workDir: /home/etudiant/fatemeh/hbv_pipeline/src/work/b3/913154eb05b64cf2461959e07f7e6b]
Apr-11 14:51:43.554 [Task submitter] DEBUG n.executor.local.LocalTaskHandler - Launch cmd line: /bin/bash -ue .command.run
Apr-11 14:51:43.555 [Task submitter] INFO  nextflow.Session - [fd/6d2188] Submitted process > parse_variant_qc (2)
Apr-11 14:51:43.581 [Task monitor] DEBUG n.processor.TaskPollingMonitor - Task completed > TaskHandler[id: 89; name: parse_fastq_qc (13); status: COMPLETED; exit: 0; error: -; workDir: /home/etudiant/fatemeh/hbv_pipeline/src/work/ad/7171832ed33e963df79e0d25f7200c]
Apr-11 14:51:43.584 [Task submitter] DEBUG n.executor.local.LocalTaskHandler - Launch cmd line: /bin/bash -ue .command.run
Apr-11 14:51:43.584 [Task submitter] INFO  nextflow.Session - [ae/85b83f] Submitted process > bam_coverage (9)
Apr-11 14:51:43.628 [Task monitor] DEBUG n.processor.TaskPollingMonitor - Task completed > TaskHandler[id: 75; name: parse_read_align (6); status: COMPLETED; exit: 0; error: -; workDir: /home/etudiant/fatemeh/hbv_pipeline/src/work/e9/a2f84825a5fc07a8a6a32b1f5cff44]
Apr-11 14:51:43.631 [Task submitter] DEBUG n.executor.local.LocalTaskHandler - Launch cmd line: /bin/bash -ue .command.run
Apr-11 14:51:43.631 [Task submitter] INFO  nextflow.Session - [01/2febf5] Submitted process > parse_read_align (9)
Apr-11 14:51:43.648 [Task monitor] DEBUG n.processor.TaskPollingMonitor - Task completed > TaskHandler[id: 90; name: parse_variant_qc (2); status: COMPLETED; exit: 0; error: -; workDir: /home/etudiant/fatemeh/hbv_pipeline/src/work/fd/6d218858fb960196b46394e8842578]
Apr-11 14:51:43.652 [Task submitter] DEBUG n.executor.local.LocalTaskHandler - Launch cmd line: /bin/bash -ue .command.run
Apr-11 14:51:43.652 [Task submitter] INFO  nextflow.Session - [cc/96b2d4] Submitted process > bam_indexing (9)
Apr-11 14:51:43.657 [Task monitor] DEBUG n.processor.TaskPollingMonitor - Task completed > TaskHandler[id: 91; name: consensus_generation (2); status: COMPLETED; exit: 0; error: -; workDir: /home/etudiant/fatemeh/hbv_pipeline/src/work/b9/5a164ef741b123cc72e0a07c3307d6]
Apr-11 14:51:43.662 [Task submitter] DEBUG n.executor.local.LocalTaskHandler - Launch cmd line: /bin/bash -ue .command.run
Apr-11 14:51:43.662 [Task submitter] INFO  nextflow.Session - [a2/403df0] Submitted process > parse_fastq_qc (14)
Apr-11 14:51:43.675 [Task monitor] DEBUG n.processor.TaskPollingMonitor - Task completed > TaskHandler[id: 87; name: variant_calling (5); status: COMPLETED; exit: 0; error: -; workDir: /home/etudiant/fatemeh/hbv_pipeline/src/work/1b/e0bcced503df60d7337af24fefb90a]
Apr-11 14:51:43.678 [Task submitter] DEBUG n.executor.local.LocalTaskHandler - Launch cmd line: /bin/bash -ue .command.run
Apr-11 14:51:43.678 [Task submitter] INFO  nextflow.Session - [3d/691ce5] Submitted process > mapping_bam (14)
Apr-11 14:51:43.709 [Task monitor] DEBUG n.processor.TaskPollingMonitor - Task completed > TaskHandler[id: 93; name: bam_coverage (9); status: COMPLETED; exit: 0; error: -; workDir: /home/etudiant/fatemeh/hbv_pipeline/src/work/ae/85b83ff09ef51a4a720b79e10b7bdc]
Apr-11 14:51:43.712 [Task submitter] DEBUG n.executor.local.LocalTaskHandler - Launch cmd line: /bin/bash -ue .command.run
Apr-11 14:51:43.712 [Task submitter] INFO  nextflow.Session - [48/42c16a] Submitted process > variant_calling (6)
Apr-11 14:51:43.746 [Task monitor] DEBUG n.processor.TaskPollingMonitor - Task completed > TaskHandler[id: 95; name: parse_fastq_qc (14); status: COMPLETED; exit: 0; error: -; workDir: /home/etudiant/fatemeh/hbv_pipeline/src/work/a2/403df0e817d48d51c58483cdd1a015]
Apr-11 14:51:43.749 [Task submitter] DEBUG n.executor.local.LocalTaskHandler - Launch cmd line: /bin/bash -ue .command.run
Apr-11 14:51:43.750 [Task submitter] INFO  nextflow.Session - [05/91da85] Submitted process > bam_coverage (10)
Apr-11 14:51:43.797 [Task monitor] DEBUG n.processor.TaskPollingMonitor - Task completed > TaskHandler[id: 82; name: parse_read_align (7); status: COMPLETED; exit: 0; error: -; workDir: /home/etudiant/fatemeh/hbv_pipeline/src/work/68/7edf8a00e46955df26af90207f9b53]
Apr-11 14:51:43.800 [Task submitter] DEBUG n.executor.local.LocalTaskHandler - Launch cmd line: /bin/bash -ue .command.run
Apr-11 14:51:43.800 [Task submitter] INFO  nextflow.Session - [77/d543cc] Submitted process > parse_read_align (10)
Apr-11 14:51:43.804 [Task monitor] DEBUG n.processor.TaskPollingMonitor - Task completed > TaskHandler[id: 92; name: bam_indexing (9); status: COMPLETED; exit: 0; error: -; workDir: /home/etudiant/fatemeh/hbv_pipeline/src/work/cc/96b2d42c7c07a099b899b8b8cad829]
Apr-11 14:51:43.810 [Task submitter] DEBUG n.executor.local.LocalTaskHandler - Launch cmd line: /bin/bash -ue .command.run
Apr-11 14:51:43.814 [Task submitter] INFO  nextflow.Session - [2f/e287ef] Submitted process > bam_indexing (10)
Apr-11 14:51:43.852 [Task monitor] DEBUG n.processor.TaskPollingMonitor - Task completed > TaskHandler[id: 100; name: bam_indexing (10); status: COMPLETED; exit: 0; error: -; workDir: /home/etudiant/fatemeh/hbv_pipeline/src/work/2f/e287effa185416bf4b5a0613d44893]
Apr-11 14:51:43.855 [Task submitter] DEBUG n.executor.local.LocalTaskHandler - Launch cmd line: /bin/bash -ue .command.run
Apr-11 14:51:43.855 [Task submitter] INFO  nextflow.Session - [24/a81723] Submitted process > variant_calling (7)
Apr-11 14:51:44.010 [Task monitor] DEBUG n.processor.TaskPollingMonitor - Task completed > TaskHandler[id: 96; name: mapping_bam (14); status: COMPLETED; exit: 0; error: -; workDir: /home/etudiant/fatemeh/hbv_pipeline/src/work/3d/691ce564e976bc8ef8bbaad4dab378]
Apr-11 14:51:44.016 [Task submitter] DEBUG n.executor.local.LocalTaskHandler - Launch cmd line: /bin/bash -ue .command.run
Apr-11 14:51:44.017 [Task submitter] INFO  nextflow.Session - [3c/c2db35] Submitted process > variant_calling (8)
Apr-11 14:51:44.030 [Task monitor] DEBUG n.processor.TaskPollingMonitor - Task completed > TaskHandler[id: 73; name: mapping_bam (12); status: COMPLETED; exit: 0; error: -; workDir: /home/etudiant/fatemeh/hbv_pipeline/src/work/e9/f87419b436387f921d2bc16a0b574a]
Apr-11 14:51:44.039 [Task submitter] DEBUG n.executor.local.LocalTaskHandler - Launch cmd line: /bin/bash -ue .command.run
Apr-11 14:51:44.039 [Task submitter] INFO  nextflow.Session - [60/884531] Submitted process > parse_variant_qc (3)
Apr-11 14:51:44.096 [Task monitor] DEBUG n.processor.TaskPollingMonitor - Task completed > TaskHandler[id: 98; name: bam_coverage (10); status: COMPLETED; exit: 0; error: -; workDir: /home/etudiant/fatemeh/hbv_pipeline/src/work/05/91da8510c585870c45211a86351d0b]
Apr-11 14:51:44.102 [Task submitter] DEBUG n.executor.local.LocalTaskHandler - Launch cmd line: /bin/bash -ue .command.run
Apr-11 14:51:44.102 [Task submitter] INFO  nextflow.Session - [6e/34e5e8] Submitted process > consensus_generation (3)
Apr-11 14:51:44.211 [Task monitor] DEBUG n.processor.TaskPollingMonitor - Task completed > TaskHandler[id: 104; name: parse_variant_qc (3); status: COMPLETED; exit: 0; error: -; workDir: /home/etudiant/fatemeh/hbv_pipeline/src/work/60/884531ecc21c982d28d61f43a22e04]
Apr-11 14:51:44.214 [Task submitter] DEBUG n.executor.local.LocalTaskHandler - Launch cmd line: /bin/bash -ue .command.run
Apr-11 14:51:44.214 [Task submitter] INFO  nextflow.Session - [4a/ae73a2] Submitted process > parse_variant_qc (4)
Apr-11 14:51:44.245 [Task monitor] DEBUG n.processor.TaskPollingMonitor - Task completed > TaskHandler[id: 70; name: mapping_bam (10); status: COMPLETED; exit: 0; error: -; workDir: /home/etudiant/fatemeh/hbv_pipeline/src/work/1c/2dcc067a13d5dd89df2aafd2420a30]
Apr-11 14:51:44.248 [Task submitter] DEBUG n.executor.local.LocalTaskHandler - Launch cmd line: /bin/bash -ue .command.run
Apr-11 14:51:44.249 [Task submitter] INFO  nextflow.Session - [cd/5045af] Submitted process > consensus_generation (4)
Apr-11 14:51:44.263 [Task monitor] DEBUG n.processor.TaskPollingMonitor - Task completed > TaskHandler[id: 103; name: consensus_generation (3); status: COMPLETED; exit: 0; error: -; workDir: /home/etudiant/fatemeh/hbv_pipeline/src/work/6e/34e5e8ea39e5a3840cdaa105833f25]
Apr-11 14:51:44.265 [Task submitter] DEBUG n.executor.local.LocalTaskHandler - Launch cmd line: /bin/bash -ue .command.run
Apr-11 14:51:44.268 [Task submitter] INFO  nextflow.Session - [f9/583948] Submitted process > bam_coverage (11)
Apr-11 14:51:44.421 [Task monitor] DEBUG n.processor.TaskPollingMonitor - Task completed > TaskHandler[id: 105; name: parse_variant_qc (4); status: COMPLETED; exit: 0; error: -; workDir: /home/etudiant/fatemeh/hbv_pipeline/src/work/4a/ae73a27a41d9646d23f6d0780847b7]
Apr-11 14:51:44.425 [Task submitter] DEBUG n.executor.local.LocalTaskHandler - Launch cmd line: /bin/bash -ue .command.run
Apr-11 14:51:44.425 [Task submitter] INFO  nextflow.Session - [09/4db43b] Submitted process > parse_read_align (11)
Apr-11 14:51:44.425 [Task monitor] DEBUG n.processor.TaskPollingMonitor - Task completed > TaskHandler[id: 106; name: consensus_generation (4); status: COMPLETED; exit: 0; error: -; workDir: /home/etudiant/fatemeh/hbv_pipeline/src/work/cd/5045afc0b043a1d997bd08a276819b]
Apr-11 14:51:44.435 [Task monitor] DEBUG n.processor.TaskPollingMonitor - Task completed > TaskHandler[id: 109; name: bam_coverage (11); status: COMPLETED; exit: 0; error: -; workDir: /home/etudiant/fatemeh/hbv_pipeline/src/work/f9/583948e0eadb4a5515886c57e52413]
Apr-11 14:51:44.437 [Task submitter] DEBUG n.executor.local.LocalTaskHandler - Launch cmd line: /bin/bash -ue .command.run
Apr-11 14:51:44.438 [Task submitter] INFO  nextflow.Session - [a5/d70ef4] Submitted process > bam_indexing (11)
Apr-11 14:51:44.441 [Task monitor] DEBUG n.processor.TaskPollingMonitor - Task completed > TaskHandler[id: 101; name: variant_calling (7); status: COMPLETED; exit: 0; error: -; workDir: /home/etudiant/fatemeh/hbv_pipeline/src/work/24/a81723f730495bf4c32867b7169b9c]
Apr-11 14:51:44.441 [Task submitter] DEBUG n.executor.local.LocalTaskHandler - Launch cmd line: /bin/bash -ue .command.run
Apr-11 14:51:44.442 [Task submitter] INFO  nextflow.Session - [86/d27524] Submitted process > parse_variant_qc (5)
Apr-11 14:51:44.445 [Task submitter] DEBUG n.executor.local.LocalTaskHandler - Launch cmd line: /bin/bash -ue .command.run
Apr-11 14:51:44.463 [Task submitter] INFO  nextflow.Session - [10/8909b5] Submitted process > consensus_generation (5)
Apr-11 14:51:44.467 [Task monitor] DEBUG n.processor.TaskPollingMonitor - Task completed > TaskHandler[id: 86; name: parse_read_align (8); status: COMPLETED; exit: 0; error: -; workDir: /home/etudiant/fatemeh/hbv_pipeline/src/work/85/4ffd1a6c6a04f1bf68223a4b8416d0]
Apr-11 14:51:44.482 [Task submitter] DEBUG n.executor.local.LocalTaskHandler - Launch cmd line: /bin/bash -ue .command.run
Apr-11 14:51:44.483 [Task submitter] INFO  nextflow.Session - [fb/7c71d9] Submitted process > variant_calling (9)
Apr-11 14:51:44.550 [Task monitor] DEBUG n.processor.TaskPollingMonitor - Task completed > TaskHandler[id: 110; name: parse_variant_qc (5); status: COMPLETED; exit: 0; error: -; workDir: /home/etudiant/fatemeh/hbv_pipeline/src/work/86/d27524db4c6974802610368b334ece]
Apr-11 14:51:44.567 [Task submitter] DEBUG n.executor.local.LocalTaskHandler - Launch cmd line: /bin/bash -ue .command.run
Apr-11 14:51:44.568 [Task submitter] INFO  nextflow.Session - [7d/3db927] Submitted process > variant_calling (10)
Apr-11 14:51:44.579 [Task monitor] DEBUG n.processor.TaskPollingMonitor - Task completed > TaskHandler[id: 107; name: bam_indexing (11); status: COMPLETED; exit: 0; error: -; workDir: /home/etudiant/fatemeh/hbv_pipeline/src/work/a5/d70ef4167c5a769cb400567e0d7456]
Apr-11 14:51:44.579 [Task monitor] DEBUG n.processor.TaskPollingMonitor - Task completed > TaskHandler[id: 111; name: consensus_generation (5); status: COMPLETED; exit: 0; error: -; workDir: /home/etudiant/fatemeh/hbv_pipeline/src/work/10/8909b58f8e749cc670d7c30964dd05]
Apr-11 14:51:44.581 [Task submitter] DEBUG n.executor.local.LocalTaskHandler - Launch cmd line: /bin/bash -ue .command.run
Apr-11 14:51:44.582 [Task submitter] INFO  nextflow.Session - [d2/44d815] Submitted process > parse_read_align (12)
Apr-11 14:51:44.583 [Task submitter] DEBUG n.executor.local.LocalTaskHandler - Launch cmd line: /bin/bash -ue .command.run
Apr-11 14:51:44.584 [Task submitter] INFO  nextflow.Session - [ff/88e2e5] Submitted process > bam_coverage (12)
Apr-11 14:51:44.759 [Task monitor] DEBUG n.processor.TaskPollingMonitor - Task completed > TaskHandler[id: 27; name: trim_reads (11); status: COMPLETED; exit: 0; error: -; workDir: /home/etudiant/fatemeh/hbv_pipeline/src/work/e1/063249f79141b6f09007951c323c84]
Apr-11 14:51:44.761 [Task submitter] DEBUG n.executor.local.LocalTaskHandler - Launch cmd line: /bin/bash -ue .command.run
Apr-11 14:51:44.761 [Task submitter] INFO  nextflow.Session - [54/a74677] Submitted process > bam_indexing (12)
Apr-11 14:51:44.778 [Task monitor] DEBUG n.processor.TaskPollingMonitor - Task completed > TaskHandler[id: 116; name: bam_coverage (12); status: COMPLETED; exit: 0; error: -; workDir: /home/etudiant/fatemeh/hbv_pipeline/src/work/ff/88e2e57e9b0e0e4414324bb6f5372b]
Apr-11 14:51:44.784 [Task submitter] DEBUG n.executor.local.LocalTaskHandler - Launch cmd line: /bin/bash -ue .command.run
Apr-11 14:51:44.784 [Task submitter] INFO  nextflow.Session - [02/07a704] Submitted process > parse_read_align (13)
Apr-11 14:51:44.792 [Task monitor] DEBUG n.processor.TaskPollingMonitor - Task completed > TaskHandler[id: 59; name: parse_read_align (4); status: COMPLETED; exit: 0; error: -; workDir: /home/etudiant/fatemeh/hbv_pipeline/src/work/e4/b32536d36b2053710ebe78334fb594]
Apr-11 14:51:44.801 [Task submitter] DEBUG n.executor.local.LocalTaskHandler - Launch cmd line: /bin/bash -ue .command.run
Apr-11 14:51:44.802 [Task submitter] INFO  nextflow.Session - [e0/f123b9] Submitted process > bam_coverage (13)
Apr-11 14:51:44.848 [Task monitor] DEBUG n.processor.TaskPollingMonitor - Task completed > TaskHandler[id: 108; name: parse_read_align (11); status: COMPLETED; exit: 0; error: -; workDir: /home/etudiant/fatemeh/hbv_pipeline/src/work/09/4db43b0885efb4e9b7953c17b7ee56]
Apr-11 14:51:44.852 [Task submitter] DEBUG n.executor.local.LocalTaskHandler - Launch cmd line: /bin/bash -ue .command.run
Apr-11 14:51:44.852 [Task submitter] INFO  nextflow.Session - [88/19acf6] Submitted process > bam_indexing (13)
Apr-11 14:51:44.922 [Task monitor] DEBUG n.processor.TaskPollingMonitor - Task completed > TaskHandler[id: 112; name: variant_calling (9); status: COMPLETED; exit: 0; error: -; workDir: /home/etudiant/fatemeh/hbv_pipeline/src/work/fb/7c71d93eac0e19a5ace4ba62500204]
Apr-11 14:51:44.926 [Task submitter] DEBUG n.executor.local.LocalTaskHandler - Launch cmd line: /bin/bash -ue .command.run
Apr-11 14:51:44.926 [Task submitter] INFO  nextflow.Session - [3e/074ff5] Submitted process > bam_coverage (14)
Apr-11 14:51:44.969 [Task monitor] DEBUG n.processor.TaskPollingMonitor - Task completed > TaskHandler[id: 114; name: bam_indexing (12); status: COMPLETED; exit: 0; error: -; workDir: /home/etudiant/fatemeh/hbv_pipeline/src/work/54/a7467741dad913a82f10065d4e9c59]
Apr-11 14:51:44.974 [Task monitor] DEBUG n.processor.TaskPollingMonitor - Task completed > TaskHandler[id: 119; name: bam_indexing (13); status: COMPLETED; exit: 0; error: -; workDir: /home/etudiant/fatemeh/hbv_pipeline/src/work/88/19acf61d11c1a2b89ed5bd118a04c1]
Apr-11 14:51:44.990 [Task monitor] DEBUG n.processor.TaskPollingMonitor - Task completed > TaskHandler[id: 118; name: bam_coverage (13); status: COMPLETED; exit: 0; error: -; workDir: /home/etudiant/fatemeh/hbv_pipeline/src/work/e0/f123b96db94dfa787ad1dad644d798]
Apr-11 14:51:45.001 [Task submitter] DEBUG n.executor.local.LocalTaskHandler - Launch cmd line: /bin/bash -ue .command.run
Apr-11 14:51:45.002 [Task submitter] INFO  nextflow.Session - [7a/d02d38] Submitted process > parse_read_align (14)
Apr-11 14:51:45.004 [Task submitter] DEBUG n.executor.local.LocalTaskHandler - Launch cmd line: /bin/bash -ue .command.run
Apr-11 14:51:45.004 [Task submitter] INFO  nextflow.Session - [a5/d7196f] Submitted process > bam_indexing (14)
Apr-11 14:51:45.006 [Task submitter] DEBUG n.executor.local.LocalTaskHandler - Launch cmd line: /bin/bash -ue .command.run
Apr-11 14:51:45.006 [Task submitter] INFO  nextflow.Session - [23/f4fdf5] Submitted process > parse_variant_qc (6)
Apr-11 14:51:45.027 [Task monitor] DEBUG n.processor.TaskPollingMonitor - Task completed > TaskHandler[id: 97; name: variant_calling (6); status: COMPLETED; exit: 0; error: -; workDir: /home/etudiant/fatemeh/hbv_pipeline/src/work/48/42c16addc04ca961758fce74641edd]
Apr-11 14:51:45.031 [Task submitter] DEBUG n.executor.local.LocalTaskHandler - Launch cmd line: /bin/bash -ue .command.run
Apr-11 14:51:45.031 [Task submitter] INFO  nextflow.Session - [09/b6d653] Submitted process > consensus_generation (6)
Apr-11 14:51:45.098 [Task monitor] DEBUG n.processor.TaskPollingMonitor - Task completed > TaskHandler[id: 121; name: bam_indexing (14); status: COMPLETED; exit: 0; error: -; workDir: /home/etudiant/fatemeh/hbv_pipeline/src/work/a5/d7196f5959e2e8660906a1977f8a6c]
Apr-11 14:51:45.103 [Task submitter] DEBUG n.executor.local.LocalTaskHandler - Launch cmd line: /bin/bash -ue .command.run
Apr-11 14:51:45.103 [Task submitter] INFO  nextflow.Session - [24/93fc06] Submitted process > variant_calling (11)
Apr-11 14:51:45.126 [Task monitor] DEBUG n.processor.TaskPollingMonitor - Task completed > TaskHandler[id: 123; name: parse_variant_qc (6); status: COMPLETED; exit: 0; error: -; workDir: /home/etudiant/fatemeh/hbv_pipeline/src/work/23/f4fdf56352c2d752466c4e7172abf0]
Apr-11 14:51:45.126 [Task monitor] DEBUG n.processor.TaskPollingMonitor - Task completed > TaskHandler[id: 124; name: consensus_generation (6); status: COMPLETED; exit: 0; error: -; workDir: /home/etudiant/fatemeh/hbv_pipeline/src/work/09/b6d65363e67cd47fc871c66a734527]
Apr-11 14:51:45.129 [Task submitter] DEBUG n.executor.local.LocalTaskHandler - Launch cmd line: /bin/bash -ue .command.run
Apr-11 14:51:45.129 [Task submitter] INFO  nextflow.Session - [c6/5cc37a] Submitted process > mapping_bam (15)
Apr-11 14:51:45.132 [Task submitter] DEBUG n.executor.local.LocalTaskHandler - Launch cmd line: /bin/bash -ue .command.run
Apr-11 14:51:45.135 [Task submitter] INFO  nextflow.Session - [5a/4c8106] Submitted process > parse_fastq_qc (15)
Apr-11 14:51:45.137 [Task monitor] DEBUG n.processor.TaskPollingMonitor - Task completed > TaskHandler[id: 120; name: bam_coverage (14); status: COMPLETED; exit: 0; error: -; workDir: /home/etudiant/fatemeh/hbv_pipeline/src/work/3e/074ff5ef28980f949eba3e9a4daa05]
Apr-11 14:51:45.150 [Task monitor] DEBUG n.processor.TaskPollingMonitor - Task completed > TaskHandler[id: 99; name: parse_read_align (10); status: COMPLETED; exit: 0; error: -; workDir: /home/etudiant/fatemeh/hbv_pipeline/src/work/77/d543cc44fe33abb6fb9e8328f6e622]
Apr-11 14:51:45.157 [Task submitter] DEBUG n.executor.local.LocalTaskHandler - Launch cmd line: /bin/bash -ue .command.run
Apr-11 14:51:45.158 [Task submitter] INFO  nextflow.Session - [84/3d14ac] Submitted process > parse_variant_qc (7)
Apr-11 14:51:45.163 [Task submitter] DEBUG n.executor.local.LocalTaskHandler - Launch cmd line: /bin/bash -ue .command.run
Apr-11 14:51:45.166 [Task submitter] INFO  nextflow.Session - [5b/6da383] Submitted process > consensus_generation (7)
Apr-11 14:51:45.166 [Task monitor] DEBUG n.processor.TaskPollingMonitor - Task completed > TaskHandler[id: 102; name: variant_calling (8); status: COMPLETED; exit: 0; error: -; workDir: /home/etudiant/fatemeh/hbv_pipeline/src/work/3c/c2db35e0522468e3c6fc99bf0a115e]
Apr-11 14:51:45.166 [Task monitor] DEBUG n.processor.TaskPollingMonitor - Task completed > TaskHandler[id: 115; name: parse_read_align (12); status: COMPLETED; exit: 0; error: -; workDir: /home/etudiant/fatemeh/hbv_pipeline/src/work/d2/44d815e088ac4b813383a16336df8d]
Apr-11 14:51:45.175 [Task submitter] DEBUG n.executor.local.LocalTaskHandler - Launch cmd line: /bin/bash -ue .command.run
Apr-11 14:51:45.179 [Task submitter] INFO  nextflow.Session - [db/339d96] Submitted process > variant_calling (12)
Apr-11 14:51:45.189 [Task submitter] DEBUG n.executor.local.LocalTaskHandler - Launch cmd line: /bin/bash -ue .command.run
Apr-11 14:51:45.189 [Task submitter] INFO  nextflow.Session - [64/7d0190] Submitted process > variant_calling (13)
Apr-11 14:51:45.316 [Task monitor] DEBUG n.processor.TaskPollingMonitor - Task completed > TaskHandler[id: 113; name: variant_calling (10); status: COMPLETED; exit: 0; error: -; workDir: /home/etudiant/fatemeh/hbv_pipeline/src/work/7d/3db927b6a8d8dbd63476a4e9a9028b]
Apr-11 14:51:45.322 [Task monitor] DEBUG n.processor.TaskPollingMonitor - Task completed > TaskHandler[id: 128; name: parse_variant_qc (7); status: COMPLETED; exit: 0; error: -; workDir: /home/etudiant/fatemeh/hbv_pipeline/src/work/84/3d14acc41a0b0b92e5133203bec8bf]
Apr-11 14:51:45.326 [Task submitter] DEBUG n.executor.local.LocalTaskHandler - Launch cmd line: /bin/bash -ue .command.run
Apr-11 14:51:45.326 [Task submitter] INFO  nextflow.Session - [15/5af8d4] Submitted process > consensus_generation (8)
Apr-11 14:51:45.328 [Task submitter] DEBUG n.executor.local.LocalTaskHandler - Launch cmd line: /bin/bash -ue .command.run
Apr-11 14:51:45.329 [Task submitter] INFO  nextflow.Session - [16/70dec1] Submitted process > parse_variant_qc (8)
Apr-11 14:51:45.412 [Task monitor] DEBUG n.processor.TaskPollingMonitor - Task completed > TaskHandler[id: 129; name: consensus_generation (7); status: COMPLETED; exit: 0; error: -; workDir: /home/etudiant/fatemeh/hbv_pipeline/src/work/5b/6da3830012535590c54d6f77996c46]
Apr-11 14:51:45.414 [Task submitter] DEBUG n.executor.local.LocalTaskHandler - Launch cmd line: /bin/bash -ue .command.run
Apr-11 14:51:45.414 [Task submitter] INFO  nextflow.Session - [43/25cc3c] Submitted process > variant_calling (14)
Apr-11 14:51:45.432 [Task monitor] DEBUG n.processor.TaskPollingMonitor - Task completed > TaskHandler[id: 94; name: parse_read_align (9); status: COMPLETED; exit: 0; error: -; workDir: /home/etudiant/fatemeh/hbv_pipeline/src/work/01/2febf5990df86cd253ece9257461d7]
Apr-11 14:51:45.441 [Task submitter] DEBUG n.executor.local.LocalTaskHandler - Launch cmd line: /bin/bash -ue .command.run
Apr-11 14:51:45.441 [Task submitter] INFO  nextflow.Session - [9d/1d9125] Submitted process > parse_variant_qc (9)
Apr-11 14:51:45.523 [Task monitor] DEBUG n.processor.TaskPollingMonitor - Task completed > TaskHandler[id: 132; name: parse_variant_qc (8); status: COMPLETED; exit: 0; error: -; workDir: /home/etudiant/fatemeh/hbv_pipeline/src/work/16/70dec141454c7b2f560442326690c1]
Apr-11 14:51:45.527 [Task submitter] DEBUG n.executor.local.LocalTaskHandler - Launch cmd line: /bin/bash -ue .command.run
Apr-11 14:51:45.527 [Task submitter] INFO  nextflow.Session - [b7/83697d] Submitted process > consensus_generation (9)
Apr-11 14:51:45.542 [Task monitor] DEBUG n.processor.TaskPollingMonitor - Task completed > TaskHandler[id: 135; name: parse_variant_qc (9); status: COMPLETED; exit: 0; error: -; workDir: /home/etudiant/fatemeh/hbv_pipeline/src/work/9d/1d91252043a1f8f3b8d71b141cc898]
Apr-11 14:51:45.545 [Task submitter] DEBUG n.executor.local.LocalTaskHandler - Launch cmd line: /bin/bash -ue .command.run
Apr-11 14:51:45.546 [Task submitter] INFO  nextflow.Session - [03/ffb1f2] Submitted process > parse_variant_qc (10)
Apr-11 14:51:45.553 [Task monitor] DEBUG n.processor.TaskPollingMonitor - Task completed > TaskHandler[id: 133; name: consensus_generation (8); status: COMPLETED; exit: 0; error: -; workDir: /home/etudiant/fatemeh/hbv_pipeline/src/work/15/5af8d46a79703c20d020734b84664c]
Apr-11 14:51:45.556 [Task submitter] DEBUG n.executor.local.LocalTaskHandler - Launch cmd line: /bin/bash -ue .command.run
Apr-11 14:51:45.556 [Task submitter] INFO  nextflow.Session - [bf/5241e5] Submitted process > consensus_generation (10)
Apr-11 14:51:45.671 [Task monitor] DEBUG n.processor.TaskPollingMonitor - Task completed > TaskHandler[id: 125; name: variant_calling (11); status: COMPLETED; exit: 0; error: -; workDir: /home/etudiant/fatemeh/hbv_pipeline/src/work/24/93fc06afcaa118b65fb7455490916e]
Apr-11 14:51:45.687 [Task submitter] DEBUG n.executor.local.LocalTaskHandler - Launch cmd line: /bin/bash -ue .command.run
Apr-11 14:51:45.687 [Task submitter] INFO  nextflow.Session - [84/4efe64] Submitted process > consensus_generation (11)
Apr-11 14:51:45.699 [Task monitor] DEBUG n.processor.TaskPollingMonitor - Task completed > TaskHandler[id: 136; name: consensus_generation (9); status: COMPLETED; exit: 0; error: -; workDir: /home/etudiant/fatemeh/hbv_pipeline/src/work/b7/83697d0d1cf8ecb44de7c8db6bf386]
Apr-11 14:51:45.702 [Task submitter] DEBUG n.executor.local.LocalTaskHandler - Launch cmd line: /bin/bash -ue .command.run
Apr-11 14:51:45.702 [Task submitter] INFO  nextflow.Session - [92/a3bcef] Submitted process > parse_variant_qc (11)
Apr-11 14:51:45.711 [Task monitor] DEBUG n.processor.TaskPollingMonitor - Task completed > TaskHandler[id: 137; name: parse_variant_qc (10); status: COMPLETED; exit: 0; error: -; workDir: /home/etudiant/fatemeh/hbv_pipeline/src/work/03/ffb1f27cc2aee744da7ebda84ef878]
Apr-11 14:51:45.742 [Task monitor] DEBUG n.processor.TaskPollingMonitor - Task completed > TaskHandler[id: 139; name: consensus_generation (11); status: COMPLETED; exit: 0; error: -; workDir: /home/etudiant/fatemeh/hbv_pipeline/src/work/84/4efe647185256414bce464eaab9c42]
Apr-11 14:51:45.751 [Task monitor] DEBUG n.processor.TaskPollingMonitor - Task completed > TaskHandler[id: 127; name: parse_fastq_qc (15); status: COMPLETED; exit: 0; error: -; workDir: /home/etudiant/fatemeh/hbv_pipeline/src/work/5a/4c8106b49b99d95e5662675182a711]
Apr-11 14:51:45.754 [Task monitor] DEBUG n.processor.TaskPollingMonitor - Task completed > TaskHandler[id: 138; name: consensus_generation (10); status: COMPLETED; exit: 0; error: -; workDir: /home/etudiant/fatemeh/hbv_pipeline/src/work/bf/5241e5493b7a38341cd0ed3f6c0591]
Apr-11 14:51:45.772 [Task monitor] DEBUG n.processor.TaskPollingMonitor - Task completed > TaskHandler[id: 140; name: parse_variant_qc (11); status: COMPLETED; exit: 0; error: -; workDir: /home/etudiant/fatemeh/hbv_pipeline/src/work/92/a3bcefa19c9b4c77b9c5d232884394]
Apr-11 14:51:45.907 [Task monitor] DEBUG n.processor.TaskPollingMonitor - Task completed > TaskHandler[id: 130; name: variant_calling (12); status: COMPLETED; exit: 0; error: -; workDir: /home/etudiant/fatemeh/hbv_pipeline/src/work/db/339d9696ba5d7e10dd540dd99e4e21]
Apr-11 14:51:45.918 [Task submitter] DEBUG n.executor.local.LocalTaskHandler - Launch cmd line: /bin/bash -ue .command.run
Apr-11 14:51:45.918 [Task submitter] INFO  nextflow.Session - [67/5c3599] Submitted process > parse_variant_qc (12)
Apr-11 14:51:45.927 [Task submitter] DEBUG n.executor.local.LocalTaskHandler - Launch cmd line: /bin/bash -ue .command.run
Apr-11 14:51:45.928 [Task submitter] INFO  nextflow.Session - [da/cfec1e] Submitted process > consensus_generation (12)
Apr-11 14:51:45.966 [Task monitor] DEBUG n.processor.TaskPollingMonitor - Task completed > TaskHandler[id: 141; name: parse_variant_qc (12); status: COMPLETED; exit: 0; error: -; workDir: /home/etudiant/fatemeh/hbv_pipeline/src/work/67/5c3599de013867648460b06bb470d5]
Apr-11 14:51:46.013 [Task monitor] DEBUG n.processor.TaskPollingMonitor - Task completed > TaskHandler[id: 142; name: consensus_generation (12); status: COMPLETED; exit: 0; error: -; workDir: /home/etudiant/fatemeh/hbv_pipeline/src/work/da/cfec1e5c384faea57c4e9fcc4a842a]
Apr-11 14:51:46.902 [Task monitor] DEBUG n.processor.TaskPollingMonitor - Task completed > TaskHandler[id: 131; name: variant_calling (13); status: COMPLETED; exit: 0; error: -; workDir: /home/etudiant/fatemeh/hbv_pipeline/src/work/64/7d01905d4a3513e9d5dc710f26918c]
Apr-11 14:51:46.909 [Task submitter] DEBUG n.executor.local.LocalTaskHandler - Launch cmd line: /bin/bash -ue .command.run
Apr-11 14:51:46.909 [Task submitter] INFO  nextflow.Session - [ee/2156c7] Submitted process > parse_variant_qc (13)
Apr-11 14:51:46.912 [Task submitter] DEBUG n.executor.local.LocalTaskHandler - Launch cmd line: /bin/bash -ue .command.run
Apr-11 14:51:46.913 [Task submitter] INFO  nextflow.Session - [8a/75ac67] Submitted process > consensus_generation (13)
Apr-11 14:51:46.931 [Task monitor] DEBUG n.processor.TaskPollingMonitor - Task completed > TaskHandler[id: 144; name: parse_variant_qc (13); status: COMPLETED; exit: 0; error: -; workDir: /home/etudiant/fatemeh/hbv_pipeline/src/work/ee/2156c7646e0c5d1ac96ad06c60eae9]
Apr-11 14:51:46.947 [Task monitor] DEBUG n.processor.TaskPollingMonitor - Task completed > TaskHandler[id: 143; name: consensus_generation (13); status: COMPLETED; exit: 0; error: -; workDir: /home/etudiant/fatemeh/hbv_pipeline/src/work/8a/75ac677d872180d971b197d9ad9b9e]
Apr-11 14:51:47.193 [Task monitor] DEBUG n.processor.TaskPollingMonitor - Task completed > TaskHandler[id: 117; name: parse_read_align (13); status: COMPLETED; exit: 0; error: -; workDir: /home/etudiant/fatemeh/hbv_pipeline/src/work/02/07a70461ff234c401c94aa35d9d806]
Apr-11 14:51:47.210 [Task monitor] DEBUG n.processor.TaskPollingMonitor - Task completed > TaskHandler[id: 126; name: mapping_bam (15); status: COMPLETED; exit: 0; error: -; workDir: /home/etudiant/fatemeh/hbv_pipeline/src/work/c6/5cc37a4110f5a9d1bbab28adacf535]
Apr-11 14:51:47.218 [Task submitter] DEBUG n.executor.local.LocalTaskHandler - Launch cmd line: /bin/bash -ue .command.run
Apr-11 14:51:47.219 [Task submitter] INFO  nextflow.Session - [57/deddcb] Submitted process > bam_indexing (15)
Apr-11 14:51:47.222 [Task submitter] DEBUG n.executor.local.LocalTaskHandler - Launch cmd line: /bin/bash -ue .command.run
Apr-11 14:51:47.222 [Task submitter] INFO  nextflow.Session - [e5/99c391] Submitted process > parse_read_align (15)
Apr-11 14:51:47.226 [Task submitter] DEBUG n.executor.local.LocalTaskHandler - Launch cmd line: /bin/bash -ue .command.run
Apr-11 14:51:47.227 [Task submitter] INFO  nextflow.Session - [a8/d13287] Submitted process > bam_coverage (15)
Apr-11 14:51:47.287 [Task monitor] DEBUG n.processor.TaskPollingMonitor - Task completed > TaskHandler[id: 146; name: bam_indexing (15); status: COMPLETED; exit: 0; error: -; workDir: /home/etudiant/fatemeh/hbv_pipeline/src/work/57/deddcb185802a6a9c6e5ead73b4e44]
Apr-11 14:51:47.293 [Task submitter] DEBUG n.executor.local.LocalTaskHandler - Launch cmd line: /bin/bash -ue .command.run
Apr-11 14:51:47.294 [Task submitter] INFO  nextflow.Session - [38/a03773] Submitted process > variant_calling (15)
Apr-11 14:51:47.537 [Task monitor] DEBUG n.processor.TaskPollingMonitor - Task completed > TaskHandler[id: 147; name: bam_coverage (15); status: COMPLETED; exit: 0; error: -; workDir: /home/etudiant/fatemeh/hbv_pipeline/src/work/a8/d1328727865f18850370189cd50e06]
Apr-11 14:51:47.667 [Task monitor] DEBUG n.processor.TaskPollingMonitor - Task completed > TaskHandler[id: 122; name: parse_read_align (14); status: COMPLETED; exit: 0; error: -; workDir: /home/etudiant/fatemeh/hbv_pipeline/src/work/7a/d02d388bb1546c931548feab00f065]
Apr-11 14:51:47.692 [Task monitor] DEBUG n.processor.TaskPollingMonitor - Task completed > TaskHandler[id: 134; name: variant_calling (14); status: COMPLETED; exit: 0; error: -; workDir: /home/etudiant/fatemeh/hbv_pipeline/src/work/43/25cc3c295f9ec21a8b806fbd747146]
Apr-11 14:51:47.699 [Task submitter] DEBUG n.executor.local.LocalTaskHandler - Launch cmd line: /bin/bash -ue .command.run
Apr-11 14:51:47.699 [Task submitter] INFO  nextflow.Session - [dd/4b2320] Submitted process > consensus_generation (14)
Apr-11 14:51:47.701 [Task submitter] DEBUG n.executor.local.LocalTaskHandler - Launch cmd line: /bin/bash -ue .command.run
Apr-11 14:51:47.702 [Task submitter] INFO  nextflow.Session - [d5/b196cc] Submitted process > parse_variant_qc (14)
Apr-11 14:51:47.716 [Task monitor] DEBUG n.processor.TaskPollingMonitor - Task completed > TaskHandler[id: 149; name: parse_variant_qc (14); status: COMPLETED; exit: 0; error: -; workDir: /home/etudiant/fatemeh/hbv_pipeline/src/work/d5/b196cca80e9c7f00dd8a7373f0b970]
Apr-11 14:51:47.727 [Task monitor] DEBUG n.processor.TaskPollingMonitor - Task completed > TaskHandler[id: 150; name: consensus_generation (14); status: COMPLETED; exit: 0; error: -; workDir: /home/etudiant/fatemeh/hbv_pipeline/src/work/dd/4b23204f9f75c7883520ef15af27f3]
Apr-11 14:51:48.052 [Task monitor] DEBUG n.processor.TaskPollingMonitor - Task completed > TaskHandler[id: 43; name: trim_reads (16); status: COMPLETED; exit: 0; error: -; workDir: /home/etudiant/fatemeh/hbv_pipeline/src/work/6a/78d97c637fd8215b48026f810b86a5]
Apr-11 14:51:48.060 [Task submitter] DEBUG n.executor.local.LocalTaskHandler - Launch cmd line: /bin/bash -ue .command.run
Apr-11 14:51:48.060 [Task submitter] INFO  nextflow.Session - [8e/610baa] Submitted process > parse_fastq_qc (16)
Apr-11 14:51:48.064 [Task submitter] DEBUG n.executor.local.LocalTaskHandler - Launch cmd line: /bin/bash -ue .command.run
Apr-11 14:51:48.064 [Task submitter] INFO  nextflow.Session - [42/4da755] Submitted process > mapping_bam (16)
Apr-11 14:51:48.161 [Task monitor] DEBUG n.processor.TaskPollingMonitor - Task completed > TaskHandler[id: 152; name: parse_fastq_qc (16); status: COMPLETED; exit: 0; error: -; workDir: /home/etudiant/fatemeh/hbv_pipeline/src/work/8e/610baa2c64bcd561a49781f117cea2]
Apr-11 14:51:48.167 [Task monitor] DEBUG n.processor.TaskPollingMonitor - Task completed > TaskHandler[id: 148; name: variant_calling (15); status: COMPLETED; exit: 0; error: -; workDir: /home/etudiant/fatemeh/hbv_pipeline/src/work/38/a03773da29d317afaa3e2963cfb537]
Apr-11 14:51:48.174 [Task submitter] DEBUG n.executor.local.LocalTaskHandler - Launch cmd line: /bin/bash -ue .command.run
Apr-11 14:51:48.174 [Task submitter] INFO  nextflow.Session - [e4/532842] Submitted process > consensus_generation (15)
Apr-11 14:51:48.176 [Task submitter] DEBUG n.executor.local.LocalTaskHandler - Launch cmd line: /bin/bash -ue .command.run
Apr-11 14:51:48.176 [Task submitter] INFO  nextflow.Session - [a6/7ee212] Submitted process > parse_variant_qc (15)
Apr-11 14:51:48.191 [Task monitor] DEBUG n.processor.TaskPollingMonitor - Task completed > TaskHandler[id: 153; name: parse_variant_qc (15); status: COMPLETED; exit: 0; error: -; workDir: /home/etudiant/fatemeh/hbv_pipeline/src/work/a6/7ee21273e0f0e5b19c7093c9d7ec37]
Apr-11 14:51:48.193 [Task monitor] DEBUG n.processor.TaskPollingMonitor - Task completed > TaskHandler[id: 154; name: consensus_generation (15); status: COMPLETED; exit: 0; error: -; workDir: /home/etudiant/fatemeh/hbv_pipeline/src/work/e4/532842348156f16b702a4c68f79d7e]
Apr-11 14:51:48.698 [Task monitor] DEBUG n.processor.TaskPollingMonitor - Task completed > TaskHandler[id: 151; name: mapping_bam (16); status: COMPLETED; exit: 0; error: -; workDir: /home/etudiant/fatemeh/hbv_pipeline/src/work/42/4da755cde02649df24e74805c2ae5c]
Apr-11 14:51:48.704 [Task submitter] DEBUG n.executor.local.LocalTaskHandler - Launch cmd line: /bin/bash -ue .command.run
Apr-11 14:51:48.704 [Task submitter] INFO  nextflow.Session - [99/f19891] Submitted process > parse_read_align (16)
Apr-11 14:51:48.706 [Task submitter] DEBUG n.executor.local.LocalTaskHandler - Launch cmd line: /bin/bash -ue .command.run
Apr-11 14:51:48.706 [Task submitter] INFO  nextflow.Session - [b0/61b099] Submitted process > bam_coverage (16)
Apr-11 14:51:48.708 [Task submitter] DEBUG n.executor.local.LocalTaskHandler - Launch cmd line: /bin/bash -ue .command.run
Apr-11 14:51:48.708 [Task submitter] INFO  nextflow.Session - [5d/9c2608] Submitted process > bam_indexing (16)
Apr-11 14:51:48.741 [Task monitor] DEBUG n.processor.TaskPollingMonitor - Task completed > TaskHandler[id: 156; name: bam_indexing (16); status: COMPLETED; exit: 0; error: -; workDir: /home/etudiant/fatemeh/hbv_pipeline/src/work/5d/9c260824663884d37b64c3def51a34]
Apr-11 14:51:48.749 [Task submitter] DEBUG n.executor.local.LocalTaskHandler - Launch cmd line: /bin/bash -ue .command.run
Apr-11 14:51:48.749 [Task submitter] INFO  nextflow.Session - [72/4c9622] Submitted process > variant_calling (16)
Apr-11 14:51:48.847 [Task monitor] DEBUG n.processor.TaskPollingMonitor - Task completed > TaskHandler[id: 157; name: bam_coverage (16); status: COMPLETED; exit: 0; error: -; workDir: /home/etudiant/fatemeh/hbv_pipeline/src/work/b0/61b09952044aeeec9ebae46bab64fb]
Apr-11 14:51:49.890 [Task monitor] DEBUG n.processor.TaskPollingMonitor - Task completed > TaskHandler[id: 158; name: variant_calling (16); status: COMPLETED; exit: 0; error: -; workDir: /home/etudiant/fatemeh/hbv_pipeline/src/work/72/4c9622523c736a925f54f221c48f0a]
Apr-11 14:51:49.898 [Task submitter] DEBUG n.executor.local.LocalTaskHandler - Launch cmd line: /bin/bash -ue .command.run
Apr-11 14:51:49.898 [Task submitter] INFO  nextflow.Session - [21/7fe103] Submitted process > parse_variant_qc (16)
Apr-11 14:51:49.900 [Task submitter] DEBUG n.executor.local.LocalTaskHandler - Launch cmd line: /bin/bash -ue .command.run
Apr-11 14:51:49.900 [Task submitter] INFO  nextflow.Session - [38/878e3b] Submitted process > consensus_generation (16)
Apr-11 14:51:49.911 [Task monitor] DEBUG n.processor.TaskPollingMonitor - Task completed > TaskHandler[id: 159; name: parse_variant_qc (16); status: COMPLETED; exit: 0; error: -; workDir: /home/etudiant/fatemeh/hbv_pipeline/src/work/21/7fe10390f350b4bf3d4dc4e7c013db]
Apr-11 14:51:49.922 [Task monitor] DEBUG n.processor.TaskPollingMonitor - Task completed > TaskHandler[id: 160; name: consensus_generation (16); status: COMPLETED; exit: 0; error: -; workDir: /home/etudiant/fatemeh/hbv_pipeline/src/work/38/878e3b53b728be83f601a1376c6d09]
Apr-11 14:51:50.336 [Task monitor] DEBUG n.processor.TaskPollingMonitor - Task completed > TaskHandler[id: 155; name: parse_read_align (16); status: COMPLETED; exit: 0; error: -; workDir: /home/etudiant/fatemeh/hbv_pipeline/src/work/99/f198915ad1c653d6cb3aa834a769ef]
Apr-11 14:51:50.936 [Task monitor] DEBUG n.processor.TaskPollingMonitor - Task completed > TaskHandler[id: 145; name: parse_read_align (15); status: COMPLETED; exit: 0; error: -; workDir: /home/etudiant/fatemeh/hbv_pipeline/src/work/e5/99c391a181691b94b912de222f7fee]
Apr-11 14:51:50.938 [main] DEBUG nextflow.Session - Session await > all processes finished
Apr-11 14:51:51.038 [Task monitor] DEBUG n.processor.TaskPollingMonitor - <<< barrier arrives (monitor: local) - terminating tasks monitor poll loop
Apr-11 14:51:51.039 [main] DEBUG nextflow.Session - Session await > all barriers passed
Apr-11 14:51:51.045 [main] DEBUG nextflow.util.ThreadPoolManager - Thread pool 'TaskFinalizer' shutdown completed (hard=false)
Apr-11 14:51:51.048 [main] DEBUG nextflow.util.ThreadPoolManager - Thread pool 'PublishDir' shutdown completed (hard=false)
Apr-11 14:51:51.051 [main] DEBUG n.trace.WorkflowStatsObserver - Workflow completed > WorkflowStats[succeededCount=160; failedCount=0; ignoredCount=0; cachedCount=0; pendingCount=0; submittedCount=0; runningCount=0; retriesCount=0; abortedCount=0; succeedDuration=2m 26s; failedDuration=0ms; cachedDuration=0ms;loadCpus=0; loadMemory=0; peakRunning=14; peakCpus=14; peakMemory=0; ]
Apr-11 14:51:51.161 [main] DEBUG nextflow.cache.CacheDB - Closing CacheDB done
Apr-11 14:51:51.183 [main] DEBUG nextflow.util.ThreadPoolManager - Thread pool 'FileTransfer' shutdown completed (hard=false)
Apr-11 14:51:51.183 [main] DEBUG nextflow.script.ScriptRunner - > Execution complete -- Goodbye
