May-28 14:48:13.111 [main] DEBUG nextflow.cli.Launcher - $> nextflow run main.nf --input /home/etudiant/fatemeh/hbv_pipeline/data_test/hbv --result_dir results
May-28 14:48:13.291 [main] DEBUG nextflow.cli.CmdRun - N E X T F L O W  ~  version 24.10.5
May-28 14:48:13.315 [main] DEBUG nextflow.plugin.PluginsFacade - Setting up plugin manager > mode=prod; embedded=false; plugins-dir=/home/etudiant/.nextflow/plugins; core-plugins: nf-amazon@2.9.2,nf-azure@1.10.2,nf-cloudcache@0.4.2,nf-codecommit@0.2.2,nf-console@1.1.4,nf-google@1.15.4,nf-tower@1.9.3,nf-wave@1.7.4
May-28 14:48:13.334 [main] INFO  o.pf4j.DefaultPluginStatusProvider - Enabled plugins: []
May-28 14:48:13.335 [main] INFO  o.pf4j.DefaultPluginStatusProvider - Disabled plugins: []
May-28 14:48:13.338 [main] INFO  org.pf4j.DefaultPluginManager - PF4J version 3.12.0 in 'deployment' mode
May-28 14:48:13.351 [main] INFO  org.pf4j.AbstractPluginManager - No plugins
May-28 14:48:13.373 [main] DEBUG nextflow.config.ConfigBuilder - Found config local: /home/etudiant/fatemeh/hbv_pipeline/src/nextflow.config
May-28 14:48:13.376 [main] DEBUG nextflow.config.ConfigBuilder - Parsing config file: /home/etudiant/fatemeh/hbv_pipeline/src/nextflow.config
May-28 14:48:13.399 [main] DEBUG n.secret.LocalSecretsProvider - Secrets store: /home/etudiant/.nextflow/secrets/store.json
May-28 14:48:13.402 [main] DEBUG nextflow.secret.SecretsLoader - Discovered secrets providers: [nextflow.secret.LocalSecretsProvider@3b7b05a8] - activable => nextflow.secret.LocalSecretsProvider@3b7b05a8
May-28 14:48:13.417 [main] DEBUG nextflow.config.ConfigBuilder - Applying config profile: `standard`
May-28 14:48:13.819 [main] DEBUG nextflow.cli.CmdRun - Applied DSL=2 from script declaration
May-28 14:48:13.844 [main] DEBUG nextflow.cli.CmdRun - Launching `main.nf` [lethal_poisson] DSL2 - revision: bf29bad9f9
May-28 14:48:13.846 [main] DEBUG nextflow.plugin.PluginsFacade - Plugins default=[]
May-28 14:48:13.846 [main] DEBUG nextflow.plugin.PluginsFacade - Plugins resolved requirement=[]
May-28 14:48:13.906 [main] DEBUG nextflow.Session - Session UUID: 99467f1f-c2af-4d72-87ce-91f2c98638df
May-28 14:48:13.906 [main] DEBUG nextflow.Session - Run name: lethal_poisson
May-28 14:48:13.906 [main] DEBUG nextflow.Session - Executor pool size: 12
May-28 14:48:13.914 [main] DEBUG nextflow.file.FilePorter - File porter settings maxRetries=3; maxTransfers=50; pollTimeout=null
May-28 14:48:13.920 [main] DEBUG nextflow.util.ThreadPoolBuilder - Creating thread pool 'FileTransfer' minSize=10; maxSize=36; workQueue=LinkedBlockingQueue[-1]; allowCoreThreadTimeout=false
May-28 14:48:13.949 [main] DEBUG nextflow.cli.CmdRun - 
  Version: 24.10.5 build 5935
  Created: 04-03-2025 17:55 UTC (18:55 CEST)
  System: Linux 6.6.87.1-microsoft-standard-WSL2
  Runtime: Groovy 4.0.23 on OpenJDK 64-Bit Server VM 11.0.13+7-b1751.21
  Encoding: UTF-8 (UTF-8)
  Process: 24948@etudiant [127.0.1.1]
  CPUs: 12 - Mem: 7.6 GB (6.6 GB) - Swap: 2 GB (2 GB)
May-28 14:48:13.973 [main] DEBUG nextflow.Session - Work-dir: /home/etudiant/fatemeh/hbv_pipeline/src/work [ext2/ext3]
May-28 14:48:13.973 [main] DEBUG nextflow.Session - Script base path does not exist or is not a directory: /home/etudiant/fatemeh/hbv_pipeline/src/bin
May-28 14:48:13.996 [main] DEBUG nextflow.executor.ExecutorFactory - Extension executors providers=[]
May-28 14:48:14.007 [main] DEBUG nextflow.Session - Observer factory: DefaultObserverFactory
May-28 14:48:14.036 [main] DEBUG nextflow.cache.CacheFactory - Using Nextflow cache factory: nextflow.cache.DefaultCacheFactory
May-28 14:48:14.049 [main] DEBUG nextflow.util.CustomThreadPool - Creating default thread pool > poolSize: 13; maxThreads: 1000
May-28 14:48:14.146 [main] DEBUG nextflow.Session - Session start
May-28 14:48:14.841 [main] DEBUG nextflow.script.ScriptRunner - > Launching execution
May-28 14:48:15.352 [main] INFO  nextflow.script.BaseScript - 🔹 Dossier multiplex détecté
May-28 14:48:15.554 [main] DEBUG nextflow.executor.ExecutorFactory - << taskConfig executor: null
May-28 14:48:15.554 [main] DEBUG nextflow.executor.ExecutorFactory - >> processorType: 'local'
May-28 14:48:15.560 [main] DEBUG nextflow.executor.Executor - [warm up] executor > local
May-28 14:48:15.567 [main] DEBUG n.processor.LocalPollingMonitor - Creating local task monitor for executor 'local' > cpus=12; memory=7.6 GB; capacity=12; pollInterval=100ms; dumpInterval=5m
May-28 14:48:15.570 [main] DEBUG n.processor.TaskPollingMonitor - >>> barrier register (monitor: local)
May-28 14:48:15.636 [main] DEBUG nextflow.executor.ExecutorFactory - << taskConfig executor: null
May-28 14:48:15.636 [main] DEBUG nextflow.executor.ExecutorFactory - >> processorType: 'local'
May-28 14:48:15.647 [main] DEBUG nextflow.executor.ExecutorFactory - << taskConfig executor: null
May-28 14:48:15.647 [main] DEBUG nextflow.executor.ExecutorFactory - >> processorType: 'local'
May-28 14:48:15.654 [main] DEBUG nextflow.executor.ExecutorFactory - << taskConfig executor: null
May-28 14:48:15.654 [main] DEBUG nextflow.executor.ExecutorFactory - >> processorType: 'local'
May-28 14:48:15.661 [main] DEBUG nextflow.executor.ExecutorFactory - << taskConfig executor: null
May-28 14:48:15.661 [main] DEBUG nextflow.executor.ExecutorFactory - >> processorType: 'local'
May-28 14:48:15.666 [main] DEBUG nextflow.executor.ExecutorFactory - << taskConfig executor: null
May-28 14:48:15.667 [main] DEBUG nextflow.executor.ExecutorFactory - >> processorType: 'local'
May-28 14:48:15.688 [main] DEBUG nextflow.executor.ExecutorFactory - << taskConfig executor: null
May-28 14:48:15.688 [main] DEBUG nextflow.executor.ExecutorFactory - >> processorType: 'local'
May-28 14:48:15.696 [main] DEBUG nextflow.executor.ExecutorFactory - << taskConfig executor: null
May-28 14:48:15.696 [main] DEBUG nextflow.executor.ExecutorFactory - >> processorType: 'local'
May-28 14:48:15.717 [main] DEBUG nextflow.executor.ExecutorFactory - << taskConfig executor: null
May-28 14:48:15.718 [main] DEBUG nextflow.executor.ExecutorFactory - >> processorType: 'local'
May-28 14:48:15.730 [main] DEBUG nextflow.executor.ExecutorFactory - << taskConfig executor: null
May-28 14:48:15.731 [main] DEBUG nextflow.executor.ExecutorFactory - >> processorType: 'local'
May-28 14:48:15.741 [main] DEBUG nextflow.executor.ExecutorFactory - << taskConfig executor: null
May-28 14:48:15.742 [main] DEBUG nextflow.executor.ExecutorFactory - >> processorType: 'local'
May-28 14:48:15.750 [main] DEBUG nextflow.script.ScriptRunner - Parsed script files:
  Script_a063c63c7db0194a: /home/etudiant/fatemeh/hbv_pipeline/src/./modules/variant_calling.nf
  Script_43f9d287868f59ff: /home/etudiant/fatemeh/hbv_pipeline/src/./modules/merge_fastq.nf
  Script_401395ec39d3a4b8: /home/etudiant/fatemeh/hbv_pipeline/src/./modules/parse_read_align.nf
  Script_91156e8446a27d95: /home/etudiant/fatemeh/hbv_pipeline/src/main.nf
  Script_e09f787c6a9f3153: /home/etudiant/fatemeh/hbv_pipeline/src/./modules/low_coverage_filtering.nf
  Script_661eb70da03a5396: /home/etudiant/fatemeh/hbv_pipeline/src/./modules/parse_variant_qc.nf
  Script_ca44aa2acef43985: /home/etudiant/fatemeh/hbv_pipeline/src/./modules/decompress_archive.nf
  Script_f55f2707e4686597: /home/etudiant/fatemeh/hbv_pipeline/src/./modules/bam_coverage.nf
  Script_9f08edef62e3b159: /home/etudiant/fatemeh/hbv_pipeline/src/./modules/consensus_generation.nf
  Script_fc2b87af0e17fc41: /home/etudiant/fatemeh/hbv_pipeline/src/./modules/parse_fastq_qc.nf
  Script_9049f61da2f3257e: /home/etudiant/fatemeh/hbv_pipeline/src/./modules/mapping_bam.nf
  Script_73406ca6619509d1: /home/etudiant/fatemeh/hbv_pipeline/src/./modules/trim_reads.nf
  Script_57c6463d93cdd1b6: /home/etudiant/fatemeh/hbv_pipeline/src/./modules/bam_indexing.nf
May-28 14:48:15.752 [main] DEBUG nextflow.Session - Session aborted -- Cause: No such property: publishDir for class: nextflow.script.params.FileOutParam
May-28 14:48:15.776 [Task monitor] DEBUG n.processor.TaskPollingMonitor - <<< barrier arrives (monitor: local) - terminating tasks monitor poll loop
May-28 14:48:15.785 [main] DEBUG nextflow.Session - The following nodes are still active:
  [operator] map
  [operator] map
  [operator] map
  [operator] map
  [operator] join
  [operator] map
  [operator] map
  [operator] join
  [operator] map
  [operator] join
  [operator] map

May-28 14:48:15.787 [main] DEBUG nextflow.Session - 
Thread[Actor Thread 4,5,main]
  java.base@11.0.13/jdk.internal.misc.Unsafe.park(Native Method)
  java.base@11.0.13/java.util.concurrent.locks.LockSupport.park(LockSupport.java:194)
  java.base@11.0.13/java.util.concurrent.SynchronousQueue$TransferStack.awaitFulfill(SynchronousQueue.java:460)
  java.base@11.0.13/java.util.concurrent.SynchronousQueue$TransferStack.transfer(SynchronousQueue.java:361)
  java.base@11.0.13/java.util.concurrent.SynchronousQueue.take(SynchronousQueue.java:920)
  java.base@11.0.13/java.util.concurrent.ThreadPoolExecutor.getTask(ThreadPoolExecutor.java:1054)
  java.base@11.0.13/java.util.concurrent.ThreadPoolExecutor.runWorker(ThreadPoolExecutor.java:1114)
  java.base@11.0.13/java.util.concurrent.ThreadPoolExecutor$Worker.run(ThreadPoolExecutor.java:628)
  java.base@11.0.13/java.lang.Thread.run(Thread.java:829)

Thread[Actor Thread 10,5,main]
  java.base@11.0.13/jdk.internal.misc.Unsafe.park(Native Method)
  java.base@11.0.13/java.util.concurrent.locks.LockSupport.park(LockSupport.java:194)
  java.base@11.0.13/java.util.concurrent.SynchronousQueue$TransferStack.awaitFulfill(SynchronousQueue.java:460)
  java.base@11.0.13/java.util.concurrent.SynchronousQueue$TransferStack.transfer(SynchronousQueue.java:361)
  java.base@11.0.13/java.util.concurrent.SynchronousQueue.take(SynchronousQueue.java:920)
  java.base@11.0.13/java.util.concurrent.ThreadPoolExecutor.getTask(ThreadPoolExecutor.java:1054)
  java.base@11.0.13/java.util.concurrent.ThreadPoolExecutor.runWorker(ThreadPoolExecutor.java:1114)
  java.base@11.0.13/java.util.concurrent.ThreadPoolExecutor$Worker.run(ThreadPoolExecutor.java:628)
  java.base@11.0.13/java.lang.Thread.run(Thread.java:829)

Thread[Actor Thread 13,5,main]
  java.base@11.0.13/jdk.internal.misc.Unsafe.park(Native Method)
  java.base@11.0.13/java.util.concurrent.locks.LockSupport.park(LockSupport.java:194)
  java.base@11.0.13/java.util.concurrent.SynchronousQueue$TransferStack.awaitFulfill(SynchronousQueue.java:460)
  java.base@11.0.13/java.util.concurrent.SynchronousQueue$TransferStack.transfer(SynchronousQueue.java:361)
  java.base@11.0.13/java.util.concurrent.SynchronousQueue.take(SynchronousQueue.java:920)
  java.base@11.0.13/java.util.concurrent.ThreadPoolExecutor.getTask(ThreadPoolExecutor.java:1054)
  java.base@11.0.13/java.util.concurrent.ThreadPoolExecutor.runWorker(ThreadPoolExecutor.java:1114)
  java.base@11.0.13/java.util.concurrent.ThreadPoolExecutor$Worker.run(ThreadPoolExecutor.java:628)
  java.base@11.0.13/java.lang.Thread.run(Thread.java:829)

Thread[AnsiLogObserver,5,main]
  java.base@11.0.13/java.lang.Object.wait(Native Method)
  app//nextflow.trace.AnsiLogObserver.render0(AnsiLogObserver.groovy:185)
  java.base@11.0.13/jdk.internal.reflect.NativeMethodAccessorImpl.invoke0(Native Method)
  java.base@11.0.13/jdk.internal.reflect.NativeMethodAccessorImpl.invoke(NativeMethodAccessorImpl.java:62)
  java.base@11.0.13/jdk.internal.reflect.DelegatingMethodAccessorImpl.invoke(DelegatingMethodAccessorImpl.java:43)
  java.base@11.0.13/java.lang.reflect.Method.invoke(Method.java:566)
  app//org.codehaus.groovy.reflection.CachedMethod.invoke(CachedMethod.java:343)
  app//groovy.lang.MetaMethod.doMethodInvoke(MetaMethod.java:328)
  app//groovy.lang.MetaClassImpl.doInvokeMethod(MetaClassImpl.java:1333)
  app//groovy.lang.MetaClassImpl.invokeMethod(MetaClassImpl.java:1088)
  app//groovy.lang.MetaClassImpl.invokeMethodClosure(MetaClassImpl.java:1017)
  app//groovy.lang.MetaClassImpl.doInvokeMethod(MetaClassImpl.java:1207)
  app//groovy.lang.MetaClassImpl.invokeMethod(MetaClassImpl.java:1088)
  app//groovy.lang.MetaClassImpl.invokeMethod(MetaClassImpl.java:1007)
  app//groovy.lang.Closure.call(Closure.java:433)
  app//groovy.lang.Closure.call(Closure.java:412)
  app//groovy.lang.Closure.run(Closure.java:505)
  java.base@11.0.13/java.lang.Thread.run(Thread.java:829)

Thread[Actor Thread 1,5,main]
  java.base@11.0.13/jdk.internal.misc.Unsafe.park(Native Method)
  java.base@11.0.13/java.util.concurrent.locks.LockSupport.park(LockSupport.java:194)
  java.base@11.0.13/java.util.concurrent.SynchronousQueue$TransferStack.awaitFulfill(SynchronousQueue.java:460)
  java.base@11.0.13/java.util.concurrent.SynchronousQueue$TransferStack.transfer(SynchronousQueue.java:361)
  java.base@11.0.13/java.util.concurrent.SynchronousQueue.take(SynchronousQueue.java:920)
  java.base@11.0.13/java.util.concurrent.ThreadPoolExecutor.getTask(ThreadPoolExecutor.java:1054)
  java.base@11.0.13/java.util.concurrent.ThreadPoolExecutor.runWorker(ThreadPoolExecutor.java:1114)
  java.base@11.0.13/java.util.concurrent.ThreadPoolExecutor$Worker.run(ThreadPoolExecutor.java:628)
  java.base@11.0.13/java.lang.Thread.run(Thread.java:829)

Thread[Actor Thread 6,5,main]
  java.base@11.0.13/jdk.internal.misc.Unsafe.park(Native Method)
  java.base@11.0.13/java.util.concurrent.locks.LockSupport.park(LockSupport.java:194)
  java.base@11.0.13/java.util.concurrent.SynchronousQueue$TransferStack.awaitFulfill(SynchronousQueue.java:460)
  java.base@11.0.13/java.util.concurrent.SynchronousQueue$TransferStack.transfer(SynchronousQueue.java:361)
  java.base@11.0.13/java.util.concurrent.SynchronousQueue.take(SynchronousQueue.java:920)
  java.base@11.0.13/java.util.concurrent.ThreadPoolExecutor.getTask(ThreadPoolExecutor.java:1054)
  java.base@11.0.13/java.util.concurrent.ThreadPoolExecutor.runWorker(ThreadPoolExecutor.java:1114)
  java.base@11.0.13/java.util.concurrent.ThreadPoolExecutor$Worker.run(ThreadPoolExecutor.java:628)
  java.base@11.0.13/java.lang.Thread.run(Thread.java:829)

Thread[Actor Thread 11,5,main]
  java.base@11.0.13/jdk.internal.misc.Unsafe.park(Native Method)
  java.base@11.0.13/java.util.concurrent.locks.LockSupport.park(LockSupport.java:194)
  java.base@11.0.13/java.util.concurrent.SynchronousQueue$TransferStack.awaitFulfill(SynchronousQueue.java:460)
  java.base@11.0.13/java.util.concurrent.SynchronousQueue$TransferStack.transfer(SynchronousQueue.java:361)
  java.base@11.0.13/java.util.concurrent.SynchronousQueue.take(SynchronousQueue.java:920)
  java.base@11.0.13/java.util.concurrent.ThreadPoolExecutor.getTask(ThreadPoolExecutor.java:1054)
  java.base@11.0.13/java.util.concurrent.ThreadPoolExecutor.runWorker(ThreadPoolExecutor.java:1114)
  java.base@11.0.13/java.util.concurrent.ThreadPoolExecutor$Worker.run(ThreadPoolExecutor.java:628)
  java.base@11.0.13/java.lang.Thread.run(Thread.java:829)

Thread[Task submitter,5,main]
  java.base@11.0.13/jdk.internal.misc.Unsafe.park(Native Method)
  java.base@11.0.13/java.util.concurrent.locks.LockSupport.park(LockSupport.java:194)
  java.base@11.0.13/java.util.concurrent.locks.AbstractQueuedSynchronizer$ConditionObject.await(AbstractQueuedSynchronizer.java:2081)
  app//nextflow.processor.TaskPollingMonitor.awaitTasks(TaskPollingMonitor.groovy:388)
  app//nextflow.processor.TaskPollingMonitor.submitLoop(TaskPollingMonitor.groovy:412)
  java.base@11.0.13/jdk.internal.reflect.NativeMethodAccessorImpl.invoke0(Native Method)
  java.base@11.0.13/jdk.internal.reflect.NativeMethodAccessorImpl.invoke(NativeMethodAccessorImpl.java:62)
  java.base@11.0.13/jdk.internal.reflect.DelegatingMethodAccessorImpl.invoke(DelegatingMethodAccessorImpl.java:43)
  java.base@11.0.13/java.lang.reflect.Method.invoke(Method.java:566)
  app//org.codehaus.groovy.reflection.CachedMethod.invoke(CachedMethod.java:343)
  app//groovy.lang.MetaMethod.doMethodInvoke(MetaMethod.java:328)
  app//groovy.lang.MetaClassImpl.doInvokeMethod(MetaClassImpl.java:1333)
  app//groovy.lang.MetaClassImpl.invokeMethod(MetaClassImpl.java:1088)
  app//groovy.lang.MetaClassImpl.invokeMethodClosure(MetaClassImpl.java:1017)
  app//groovy.lang.MetaClassImpl.doInvokeMethod(MetaClassImpl.java:1207)
  app//groovy.lang.MetaClassImpl.invokeMethod(MetaClassImpl.java:1088)
  app//groovy.lang.MetaClassImpl.invokeMethod(MetaClassImpl.java:1007)
  app//groovy.lang.Closure.call(Closure.java:433)
  app//groovy.lang.Closure.call(Closure.java:412)
  app//groovy.lang.Closure.run(Closure.java:505)
  java.base@11.0.13/java.lang.Thread.run(Thread.java:829)

Thread[process reaper,10,system]
  java.base@11.0.13/jdk.internal.misc.Unsafe.park(Native Method)
  java.base@11.0.13/java.util.concurrent.locks.LockSupport.parkNanos(LockSupport.java:234)
  java.base@11.0.13/java.util.concurrent.SynchronousQueue$TransferStack.awaitFulfill(SynchronousQueue.java:462)
  java.base@11.0.13/java.util.concurrent.SynchronousQueue$TransferStack.transfer(SynchronousQueue.java:361)
  java.base@11.0.13/java.util.concurrent.SynchronousQueue.poll(SynchronousQueue.java:937)
  java.base@11.0.13/java.util.concurrent.ThreadPoolExecutor.getTask(ThreadPoolExecutor.java:1053)
  java.base@11.0.13/java.util.concurrent.ThreadPoolExecutor.runWorker(ThreadPoolExecutor.java:1114)
  java.base@11.0.13/java.util.concurrent.ThreadPoolExecutor$Worker.run(ThreadPoolExecutor.java:628)
  java.base@11.0.13/java.lang.Thread.run(Thread.java:829)

Thread[Reference Handler,10,system]
  java.base@11.0.13/java.lang.ref.Reference.waitForReferencePendingList(Native Method)
  java.base@11.0.13/java.lang.ref.Reference.processPendingReferences(Reference.java:241)
  java.base@11.0.13/java.lang.ref.Reference$ReferenceHandler.run(Reference.java:213)

Thread[Actor Thread 5,5,main]
  java.base@11.0.13/jdk.internal.misc.Unsafe.park(Native Method)
  java.base@11.0.13/java.util.concurrent.locks.LockSupport.park(LockSupport.java:194)
  java.base@11.0.13/java.util.concurrent.SynchronousQueue$TransferStack.awaitFulfill(SynchronousQueue.java:460)
  java.base@11.0.13/java.util.concurrent.SynchronousQueue$TransferStack.transfer(SynchronousQueue.java:361)
  java.base@11.0.13/java.util.concurrent.SynchronousQueue.take(SynchronousQueue.java:920)
  java.base@11.0.13/java.util.concurrent.ThreadPoolExecutor.getTask(ThreadPoolExecutor.java:1054)
  java.base@11.0.13/java.util.concurrent.ThreadPoolExecutor.runWorker(ThreadPoolExecutor.java:1114)
  java.base@11.0.13/java.util.concurrent.ThreadPoolExecutor$Worker.run(ThreadPoolExecutor.java:628)
  java.base@11.0.13/java.lang.Thread.run(Thread.java:829)

Thread[Signal Dispatcher,9,system]

Thread[Actor Thread 2,5,main]
  java.base@11.0.13/jdk.internal.misc.Unsafe.park(Native Method)
  java.base@11.0.13/java.util.concurrent.locks.LockSupport.park(LockSupport.java:194)
  java.base@11.0.13/java.util.concurrent.SynchronousQueue$TransferStack.awaitFulfill(SynchronousQueue.java:460)
  java.base@11.0.13/java.util.concurrent.SynchronousQueue$TransferStack.transfer(SynchronousQueue.java:361)
  java.base@11.0.13/java.util.concurrent.SynchronousQueue.take(SynchronousQueue.java:920)
  java.base@11.0.13/java.util.concurrent.ThreadPoolExecutor.getTask(ThreadPoolExecutor.java:1054)
  java.base@11.0.13/java.util.concurrent.ThreadPoolExecutor.runWorker(ThreadPoolExecutor.java:1114)
  java.base@11.0.13/java.util.concurrent.ThreadPoolExecutor$Worker.run(ThreadPoolExecutor.java:628)
  java.base@11.0.13/java.lang.Thread.run(Thread.java:829)

Thread[Actor Thread 7,5,main]
  java.base@11.0.13/jdk.internal.misc.Unsafe.park(Native Method)
  java.base@11.0.13/java.util.concurrent.locks.LockSupport.park(LockSupport.java:194)
  java.base@11.0.13/java.util.concurrent.SynchronousQueue$TransferStack.awaitFulfill(SynchronousQueue.java:460)
  java.base@11.0.13/java.util.concurrent.SynchronousQueue$TransferStack.transfer(SynchronousQueue.java:361)
  java.base@11.0.13/java.util.concurrent.SynchronousQueue.take(SynchronousQueue.java:920)
  java.base@11.0.13/java.util.concurrent.ThreadPoolExecutor.getTask(ThreadPoolExecutor.java:1054)
  java.base@11.0.13/java.util.concurrent.ThreadPoolExecutor.runWorker(ThreadPoolExecutor.java:1114)
  java.base@11.0.13/java.util.concurrent.ThreadPoolExecutor$Worker.run(ThreadPoolExecutor.java:628)
  java.base@11.0.13/java.lang.Thread.run(Thread.java:829)

Thread[Actor Thread 8,5,main]
  java.base@11.0.13/jdk.internal.misc.Unsafe.park(Native Method)
  java.base@11.0.13/java.util.concurrent.locks.LockSupport.park(LockSupport.java:194)
  java.base@11.0.13/java.util.concurrent.SynchronousQueue$TransferStack.awaitFulfill(SynchronousQueue.java:460)
  java.base@11.0.13/java.util.concurrent.SynchronousQueue$TransferStack.transfer(SynchronousQueue.java:361)
  java.base@11.0.13/java.util.concurrent.SynchronousQueue.take(SynchronousQueue.java:920)
  java.base@11.0.13/java.util.concurrent.ThreadPoolExecutor.getTask(ThreadPoolExecutor.java:1054)
  java.base@11.0.13/java.util.concurrent.ThreadPoolExecutor.runWorker(ThreadPoolExecutor.java:1114)
  java.base@11.0.13/java.util.concurrent.ThreadPoolExecutor$Worker.run(ThreadPoolExecutor.java:628)
  java.base@11.0.13/java.lang.Thread.run(Thread.java:829)

Thread[Actor Thread 9,5,main]
  java.base@11.0.13/jdk.internal.misc.Unsafe.park(Native Method)
  java.base@11.0.13/java.util.concurrent.locks.LockSupport.park(LockSupport.java:194)
  java.base@11.0.13/java.util.concurrent.SynchronousQueue$TransferStack.awaitFulfill(SynchronousQueue.java:460)
  java.base@11.0.13/java.util.concurrent.SynchronousQueue$TransferStack.transfer(SynchronousQueue.java:361)
  java.base@11.0.13/java.util.concurrent.SynchronousQueue.take(SynchronousQueue.java:920)
  java.base@11.0.13/java.util.concurrent.ThreadPoolExecutor.getTask(ThreadPoolExecutor.java:1054)
  java.base@11.0.13/java.util.concurrent.ThreadPoolExecutor.runWorker(ThreadPoolExecutor.java:1114)
  java.base@11.0.13/java.util.concurrent.ThreadPoolExecutor$Worker.run(ThreadPoolExecutor.java:628)
  java.base@11.0.13/java.lang.Thread.run(Thread.java:829)

Thread[Common-Cleaner,8,InnocuousThreadGroup]
  java.base@11.0.13/java.lang.Object.wait(Native Method)
  java.base@11.0.13/java.lang.ref.ReferenceQueue.remove(ReferenceQueue.java:155)
  java.base@11.0.13/jdk.internal.ref.CleanerImpl.run(CleanerImpl.java:148)
  java.base@11.0.13/java.lang.Thread.run(Thread.java:829)
  java.base@11.0.13/jdk.internal.misc.InnocuousThread.run(InnocuousThread.java:134)

Thread[Thread-1,5,main]
  java.base@11.0.13/jdk.internal.misc.Unsafe.park(Native Method)
  java.base@11.0.13/java.util.concurrent.locks.LockSupport.parkNanos(LockSupport.java:234)
  java.base@11.0.13/java.util.concurrent.locks.AbstractQueuedSynchronizer$ConditionObject.awaitNanos(AbstractQueuedSynchronizer.java:2123)
  java.base@11.0.13/java.util.concurrent.LinkedBlockingDeque.pollFirst(LinkedBlockingDeque.java:513)
  java.base@11.0.13/java.util.concurrent.LinkedBlockingDeque.poll(LinkedBlockingDeque.java:675)
  app//nextflow.util.SimpleAgent.run(SimpleAgent.groovy:89)
  java.base@11.0.13/jdk.internal.reflect.NativeMethodAccessorImpl.invoke0(Native Method)
  java.base@11.0.13/jdk.internal.reflect.NativeMethodAccessorImpl.invoke(NativeMethodAccessorImpl.java:62)
  java.base@11.0.13/jdk.internal.reflect.DelegatingMethodAccessorImpl.invoke(DelegatingMethodAccessorImpl.java:43)
  java.base@11.0.13/java.lang.reflect.Method.invoke(Method.java:566)
  app//org.codehaus.groovy.reflection.CachedMethod.invoke(CachedMethod.java:343)
  app//groovy.lang.MetaMethod.doMethodInvoke(MetaMethod.java:328)
  app//groovy.lang.MetaClassImpl.doInvokeMethod(MetaClassImpl.java:1333)
  app//groovy.lang.MetaClassImpl.invokeMethod(MetaClassImpl.java:1088)
  app//groovy.lang.MetaClassImpl.invokeMethodClosure(MetaClassImpl.java:1017)
  app//groovy.lang.MetaClassImpl.doInvokeMethod(MetaClassImpl.java:1207)
  app//groovy.lang.MetaClassImpl.invokeMethod(MetaClassImpl.java:1088)
  app//groovy.lang.MetaClassImpl.invokeMethod(MetaClassImpl.java:1007)
  app//groovy.lang.Closure.call(Closure.java:433)
  app//groovy.lang.Closure.call(Closure.java:412)
  app//groovy.lang.Closure.run(Closure.java:505)
  java.base@11.0.13/java.lang.Thread.run(Thread.java:829)

Thread[Finalizer,8,system]
  java.base@11.0.13/java.lang.Object.wait(Native Method)
  java.base@11.0.13/java.lang.ref.ReferenceQueue.remove(ReferenceQueue.java:155)
  java.base@11.0.13/java.lang.ref.ReferenceQueue.remove(ReferenceQueue.java:176)
  java.base@11.0.13/java.lang.ref.Finalizer$FinalizerThread.run(Finalizer.java:170)

Thread[main,5,main]
  java.base@11.0.13/java.lang.Thread.dumpThreads(Native Method)
  java.base@11.0.13/java.lang.Thread.getAllStackTraces(Thread.java:1653)
  app//nextflow.util.SysHelper.dumpThreads(SysHelper.groovy:188)
  app//nextflow.Session.abort(Session.groovy:800)
  app//nextflow.script.ScriptRunner.execute(ScriptRunner.groovy:149)
  app//nextflow.cli.CmdRun.run(CmdRun.groovy:376)
  app//nextflow.cli.Launcher.run(Launcher.groovy:503)
  app//nextflow.cli.Launcher.main(Launcher.groovy:658)

Thread[Actor Thread 12,5,main]
  java.base@11.0.13/jdk.internal.misc.Unsafe.park(Native Method)
  java.base@11.0.13/java.util.concurrent.locks.LockSupport.park(LockSupport.java:194)
  java.base@11.0.13/java.util.concurrent.SynchronousQueue$TransferStack.awaitFulfill(SynchronousQueue.java:460)
  java.base@11.0.13/java.util.concurrent.SynchronousQueue$TransferStack.transfer(SynchronousQueue.java:361)
  java.base@11.0.13/java.util.concurrent.SynchronousQueue.take(SynchronousQueue.java:920)
  java.base@11.0.13/java.util.concurrent.ThreadPoolExecutor.getTask(ThreadPoolExecutor.java:1054)
  java.base@11.0.13/java.util.concurrent.ThreadPoolExecutor.runWorker(ThreadPoolExecutor.java:1114)
  java.base@11.0.13/java.util.concurrent.ThreadPoolExecutor$Worker.run(ThreadPoolExecutor.java:628)
  java.base@11.0.13/java.lang.Thread.run(Thread.java:829)

Thread[Actor Thread 3,5,main]
  java.base@11.0.13/jdk.internal.misc.Unsafe.park(Native Method)
  java.base@11.0.13/java.util.concurrent.locks.LockSupport.park(LockSupport.java:194)
  java.base@11.0.13/java.util.concurrent.SynchronousQueue$TransferStack.awaitFulfill(SynchronousQueue.java:460)
  java.base@11.0.13/java.util.concurrent.SynchronousQueue$TransferStack.transfer(SynchronousQueue.java:361)
  java.base@11.0.13/java.util.concurrent.SynchronousQueue.take(SynchronousQueue.java:920)
  java.base@11.0.13/java.util.concurrent.ThreadPoolExecutor.getTask(ThreadPoolExecutor.java:1054)
  java.base@11.0.13/java.util.concurrent.ThreadPoolExecutor.runWorker(ThreadPoolExecutor.java:1114)
  java.base@11.0.13/java.util.concurrent.ThreadPoolExecutor$Worker.run(ThreadPoolExecutor.java:628)
  java.base@11.0.13/java.lang.Thread.run(Thread.java:829)

May-28 14:48:15.791 [main] ERROR nextflow.cli.Launcher - @unknown
groovy.lang.MissingPropertyException: No such property: publishDir for class: nextflow.script.params.FileOutParam
	at org.codehaus.groovy.runtime.ScriptBytecodeAdapter.unwrap(ScriptBytecodeAdapter.java:67)
	at org.codehaus.groovy.vmplugin.v8.IndyGuardsFiltersAndSignatures.unwrap(IndyGuardsFiltersAndSignatures.java:163)
	at org.codehaus.groovy.vmplugin.v8.IndyInterface.fromCache(IndyInterface.java:321)
	at nextflow.script.params.BaseParam.setOptions(BaseParam.groovy:136)
	at nextflow.script.params.BaseOutParam.super$2$setOptions(BaseOutParam.groovy)
	at java.base/jdk.internal.reflect.NativeMethodAccessorImpl.invoke0(Native Method)
	at java.base/jdk.internal.reflect.NativeMethodAccessorImpl.invoke(NativeMethodAccessorImpl.java:62)
	at java.base/jdk.internal.reflect.DelegatingMethodAccessorImpl.invoke(DelegatingMethodAccessorImpl.java:43)
	at java.base/java.lang.reflect.Method.invoke(Method.java:566)
	at org.codehaus.groovy.reflection.CachedMethod.invoke(CachedMethod.java:343)
	at groovy.lang.MetaMethod.doMethodInvoke(MetaMethod.java:328)
	at groovy.lang.MetaClassImpl.doInvokeMethod(MetaClassImpl.java:1333)
	at groovy.lang.MetaClassImpl.invokeMethod(MetaClassImpl.java:1088)
	at org.codehaus.groovy.runtime.ScriptBytecodeAdapter.invokeMethodOnSuperN(ScriptBytecodeAdapter.java:146)
	at nextflow.script.params.BaseOutParam.setOptions(BaseOutParam.groovy:169)
	at nextflow.script.params.FileOutParam.super$3$setOptions(FileOutParam.groovy)
	at java.base/jdk.internal.reflect.NativeMethodAccessorImpl.invoke0(Native Method)
	at java.base/jdk.internal.reflect.NativeMethodAccessorImpl.invoke(NativeMethodAccessorImpl.java:62)
	at java.base/jdk.internal.reflect.DelegatingMethodAccessorImpl.invoke(DelegatingMethodAccessorImpl.java:43)
	at java.base/java.lang.reflect.Method.invoke(Method.java:566)
	at org.codehaus.groovy.reflection.CachedMethod.invoke(CachedMethod.java:343)
	at groovy.lang.MetaMethod.doMethodInvoke(MetaMethod.java:328)
	at groovy.lang.MetaClassImpl.doInvokeMethod(MetaClassImpl.java:1333)
	at groovy.lang.MetaClassImpl.invokeMethod(MetaClassImpl.java:1088)
	at org.codehaus.groovy.runtime.ScriptBytecodeAdapter.invokeMethodOnSuperN(ScriptBytecodeAdapter.java:146)
	at nextflow.script.params.FileOutParam.setOptions(FileOutParam.groovy:219)
	at org.codehaus.groovy.vmplugin.v8.IndyInterface.selectMethod(IndyInterface.java:355)
	at org.codehaus.groovy.vmplugin.v8.IndyInterface.fromCache(IndyInterface.java:321)
	at nextflow.script.ProcessConfig._out_path(ProcessConfig.groovy:623)
	at java.base/jdk.internal.reflect.NativeMethodAccessorImpl.invoke0(Native Method)
	at java.base/jdk.internal.reflect.NativeMethodAccessorImpl.invoke(NativeMethodAccessorImpl.java:62)
	at java.base/jdk.internal.reflect.DelegatingMethodAccessorImpl.invoke(DelegatingMethodAccessorImpl.java:43)
	at java.base/java.lang.reflect.Method.invoke(Method.java:566)
	at org.codehaus.groovy.reflection.CachedMethod.invoke(CachedMethod.java:343)
	at groovy.lang.MetaMethod.doMethodInvoke(MetaMethod.java:328)
	at org.codehaus.groovy.runtime.metaclass.ClosureMetaClass.invokeMethod(ClosureMetaClass.java:342)
	at groovy.lang.MetaClassImpl.invokeMethod(MetaClassImpl.java:1007)
	at org.codehaus.groovy.vmplugin.v8.IndyInterface.fromCache(IndyInterface.java:321)
	at Script_91156e8446a27d95$_runScript_closure8.doCall(Script_91156e8446a27d95:168)
	at Script_91156e8446a27d95$_runScript_closure8.doCall(Script_91156e8446a27d95)
	at java.base/jdk.internal.reflect.NativeMethodAccessorImpl.invoke0(Native Method)
	at java.base/jdk.internal.reflect.NativeMethodAccessorImpl.invoke(NativeMethodAccessorImpl.java:62)
	at java.base/jdk.internal.reflect.DelegatingMethodAccessorImpl.invoke(DelegatingMethodAccessorImpl.java:43)
	at java.base/java.lang.reflect.Method.invoke(Method.java:566)
	at org.codehaus.groovy.reflection.CachedMethod.invoke(CachedMethod.java:343)
	at groovy.lang.MetaMethod.doMethodInvoke(MetaMethod.java:328)
	at org.codehaus.groovy.runtime.metaclass.ClosureMetaClass.invokeMethod(ClosureMetaClass.java:279)
	at groovy.lang.MetaClassImpl.invokeMethod(MetaClassImpl.java:1007)
	at groovy.lang.Closure.call(Closure.java:433)
	at groovy.lang.Closure.call(Closure.java:412)
	at nextflow.script.ProcessDef.initialize(ProcessDef.groovy:110)
	at nextflow.script.ProcessDef.run(ProcessDef.groovy:168)
	at nextflow.script.BindableDef.invoke_a(BindableDef.groovy:51)
	at nextflow.script.ComponentDef.invoke_o(ComponentDef.groovy:40)
	at nextflow.script.WorkflowBinding.invokeMethod(WorkflowBinding.groovy:103)
	at org.codehaus.groovy.runtime.InvokerHelper.invokePogoMethod(InvokerHelper.java:651)
	at org.codehaus.groovy.runtime.InvokerHelper.invokeMethod(InvokerHelper.java:628)
	at org.codehaus.groovy.runtime.metaclass.ClosureMetaClass.invokeOnDelegationObjects(ClosureMetaClass.java:391)
	at org.codehaus.groovy.runtime.metaclass.ClosureMetaClass.invokeMethod(ClosureMetaClass.java:330)
	at groovy.lang.MetaClassImpl.invokeMethod(MetaClassImpl.java:1007)
	at org.codehaus.groovy.vmplugin.v8.IndyInterface.fromCache(IndyInterface.java:321)
	at Script_91156e8446a27d95$_runScript_closure7$_closure12.doCall(Script_91156e8446a27d95:149)
	at java.base/jdk.internal.reflect.NativeMethodAccessorImpl.invoke0(Native Method)
	at java.base/jdk.internal.reflect.NativeMethodAccessorImpl.invoke(NativeMethodAccessorImpl.java:62)
	at java.base/jdk.internal.reflect.DelegatingMethodAccessorImpl.invoke(DelegatingMethodAccessorImpl.java:43)
	at java.base/java.lang.reflect.Method.invoke(Method.java:566)
	at org.codehaus.groovy.reflection.CachedMethod.invoke(CachedMethod.java:343)
	at groovy.lang.MetaMethod.doMethodInvoke(MetaMethod.java:328)
	at org.codehaus.groovy.runtime.metaclass.ClosureMetaClass.invokeMethod(ClosureMetaClass.java:279)
	at groovy.lang.MetaClassImpl.invokeMethod(MetaClassImpl.java:1007)
	at groovy.lang.Closure.call(Closure.java:433)
	at groovy.lang.Closure.call(Closure.java:412)
	at nextflow.script.WorkflowDef.run0(WorkflowDef.groovy:204)
	at nextflow.script.WorkflowDef.run(WorkflowDef.groovy:188)
	at nextflow.script.BindableDef.invoke_a(BindableDef.groovy:51)
	at org.codehaus.groovy.vmplugin.v8.IndyInterface.fromCache(IndyInterface.java:321)
	at nextflow.script.BaseScript.run0(BaseScript.groovy:198)
	at org.codehaus.groovy.vmplugin.v8.IndyInterface.fromCache(IndyInterface.java:321)
	at nextflow.script.BaseScript.run(BaseScript.groovy:209)
	at nextflow.script.ScriptParser.runScript(ScriptParser.groovy:236)
	at nextflow.script.ScriptRunner.run(ScriptRunner.groovy:243)
	at nextflow.script.ScriptRunner.execute(ScriptRunner.groovy:138)
	at nextflow.cli.CmdRun.run(CmdRun.groovy:376)
	at nextflow.cli.Launcher.run(Launcher.groovy:503)
	at nextflow.cli.Launcher.main(Launcher.groovy:658)
