🔍 Traitement de : barcode05
2025-06-05 15:28:01 Sorting BAM file
2025-06-05 15:28:01 Indexing BAM file
2025-06-05 15:28:01 Building reads pileup
2025-06-05 15:28:02 Sorting VCF file
2025-06-05 15:28:02 Building pileup array
2025-06-05 15:28:02 Parsing SNP at position 17
2025-06-05 15:28:02 Skip position 17 due to unpassed quality test
2025-06-05 15:28:02 Parsing SNP at position 25
2025-06-05 15:28:02 Skip position 25 due to unpassed quality test
2025-06-05 15:28:02 Parsing SNP at position 26
2025-06-05 15:28:02 Skip position 26 due to unpassed quality test
2025-06-05 15:28:02 Parsing SNP at position 76
2025-06-05 15:28:02 Skip position 76 due to unpassed quality test
2025-06-05 15:28:02 Parsing SNP at position 95
2025-06-05 15:28:02 Skip position 95 due to unpassed quality test
2025-06-05 15:28:02 Parsing SNP at position 122
2025-06-05 15:28:02 Skip position 122 due to unpassed quality test
2025-06-05 15:28:02 Parsing SNP at position 152
2025-06-05 15:28:02 Skip position 152 due to unpassed quality test
2025-06-05 15:28:02 Parsing SNP at position 155
2025-06-05 15:28:02 Skip position 155 due to unpassed quality test
2025-06-05 15:28:02 Parsing SNP at position 158
2025-06-05 15:28:02 Skip position 158 due to unpassed quality test
2025-06-05 15:28:02 Parsing SNP at position 164
2025-06-05 15:28:02 Skip position 164 due to unpassed quality test
2025-06-05 15:28:02 Parsing SNP at position 167
2025-06-05 15:28:02 Skip position 167 due to unpassed quality test
2025-06-05 15:28:02 Parsing SNP at position 168
2025-06-05 15:28:02 Skip position 168 due to unpassed quality test
2025-06-05 15:28:02 Parsing SNP at position 170
2025-06-05 15:28:02 Skip position 170 due to unpassed quality test
2025-06-05 15:28:02 Parsing SNP at position 182
2025-06-05 15:28:02 Skip position 182 due to unpassed quality test
2025-06-05 15:28:02 Parsing SNP at position 185
2025-06-05 15:28:02 Skip position 185 due to unpassed quality test
2025-06-05 15:28:02 Parsing SNP at position 188
2025-06-05 15:28:02 Skip position 188 due to unpassed quality test
2025-06-05 15:28:02 Parsing SNP at position 191
2025-06-05 15:28:02 Skip position 191 due to unpassed quality test
2025-06-05 15:28:02 Parsing SNP at position 194
2025-06-05 15:28:02 Skip position 194 due to unpassed quality test
2025-06-05 15:28:02 Parsing SNP at position 200
2025-06-05 15:28:02 Skip position 200 due to unpassed quality test
2025-06-05 15:28:02 Parsing SNP at position 203
2025-06-05 15:28:02 Skip position 203 due to unpassed quality test
2025-06-05 15:28:02 Parsing SNP at position 209
2025-06-05 15:28:02 Skip position 209 due to unpassed quality test
2025-06-05 15:28:02 Parsing SNP at position 212
2025-06-05 15:28:02 Skip position 212 due to unpassed quality test
2025-06-05 15:28:02 Parsing SNP at position 215
2025-06-05 15:28:02 Skip position 215 due to unpassed quality test
2025-06-05 15:28:02 Parsing SNP at position 224
2025-06-05 15:28:02 Skip position 224 due to unpassed quality test
2025-06-05 15:28:02 Parsing SNP at position 225
2025-06-05 15:28:02 Skip position 225 due to unpassed quality test
2025-06-05 15:28:02 Parsing SNP at position 231
2025-06-05 15:28:02 Skip position 231 due to unpassed quality test
2025-06-05 15:28:02 Parsing SNP at position 239
2025-06-05 15:28:02 Skip position 239 due to unpassed quality test
2025-06-05 15:28:02 Parsing SNP at position 242
2025-06-05 15:28:02 Skip position 242 due to unpassed quality test
2025-06-05 15:28:02 Parsing SNP at position 245
2025-06-05 15:28:02 Skip position 245 due to unpassed quality test
2025-06-05 15:28:02 Parsing SNP at position 257
2025-06-05 15:28:02 Skip position 257 due to unpassed quality test
2025-06-05 15:28:02 Parsing SNP at position 258
2025-06-05 15:28:02 Skip position 258 due to unpassed quality test
2025-06-05 15:28:02 Parsing SNP at position 260
2025-06-05 15:28:02 Skip position 260 due to unpassed quality test
2025-06-05 15:28:02 Parsing SNP at position 263
2025-06-05 15:28:02 Skip position 263 due to unpassed quality test
2025-06-05 15:28:02 Parsing SNP at position 268
2025-06-05 15:28:02 Skip position 268 due to unpassed quality test
2025-06-05 15:28:02 Parsing SNP at position 275
2025-06-05 15:28:02 Skip position 275 due to unpassed quality test
2025-06-05 15:28:02 Parsing SNP at position 280
2025-06-05 15:28:02 Skip position 280 due to unpassed quality test
2025-06-05 15:28:02 Parsing SNP at position 282
2025-06-05 15:28:02 Skip position 282 due to unpassed quality test
2025-06-05 15:28:02 Parsing SNP at position 287
2025-06-05 15:28:02 Skip position 287 due to unpassed quality test
2025-06-05 15:28:02 Parsing SNP at position 288
2025-06-05 15:28:02 Skip position 288 due to unpassed quality test
2025-06-05 15:28:02 Parsing SNP at position 299
2025-06-05 15:28:02 Skip position 299 due to unpassed quality test
2025-06-05 15:28:02 Parsing SNP at position 301
2025-06-05 15:28:02 Skip position 301 due to unpassed quality test
2025-06-05 15:28:02 Parsing SNP at position 305
2025-06-05 15:28:02 Skip position 305 due to unpassed quality test
2025-06-05 15:28:02 Parsing SNP at position 314
2025-06-05 15:28:02 Skip position 314 due to unpassed quality test
2025-06-05 15:28:02 Parsing SNP at position 317
2025-06-05 15:28:02 Skip position 317 due to unpassed quality test
2025-06-05 15:28:02 Parsing SNP at position 320
2025-06-05 15:28:02 Skip position 320 due to unpassed quality test
2025-06-05 15:28:02 Parsing SNP at position 321
2025-06-05 15:28:02 Skip position 321 due to unpassed quality test
2025-06-05 15:28:02 Parsing SNP at position 329
2025-06-05 15:28:02 Skip position 329 due to unpassed quality test
2025-06-05 15:28:02 Parsing SNP at position 330
2025-06-05 15:28:02 Skip position 330 due to unpassed quality test
2025-06-05 15:28:02 Parsing SNP at position 335
2025-06-05 15:28:02 Skip position 335 due to unpassed quality test
2025-06-05 15:28:02 Parsing SNP at position 338
2025-06-05 15:28:02 Skip position 338 due to unpassed quality test
2025-06-05 15:28:02 Parsing SNP at position 340
2025-06-05 15:28:02 Skip position 340 due to unpassed quality test
2025-06-05 15:28:02 Parsing SNP at position 351
2025-06-05 15:28:02 Skip position 351 due to unpassed quality test
2025-06-05 15:28:02 Parsing SNP at position 352
2025-06-05 15:28:02 Skip position 352 due to unpassed quality test
2025-06-05 15:28:02 Parsing SNP at position 356
2025-06-05 15:28:02 Skip position 356 due to unpassed quality test
2025-06-05 15:28:02 Parsing SNP at position 371
2025-06-05 15:28:02 Skip position 371 due to unpassed quality test
2025-06-05 15:28:02 Parsing SNP at position 378
2025-06-05 15:28:02 Skip position 378 due to unpassed quality test
2025-06-05 15:28:02 Parsing SNP at position 380
2025-06-05 15:28:02 Skip position 380 due to unpassed quality test
2025-06-05 15:28:02 Parsing SNP at position 398
2025-06-05 15:28:02 Skip position 398 due to unpassed quality test
2025-06-05 15:28:02 Parsing SNP at position 401
2025-06-05 15:28:02 Skip position 401 due to unpassed quality test
2025-06-05 15:28:02 Parsing SNP at position 422
2025-06-05 15:28:02 Skip position 422 due to unpassed quality test
2025-06-05 15:28:02 Parsing SNP at position 476
2025-06-05 15:28:02 Skip position 476 due to unpassed quality test
2025-06-05 15:28:02 Parsing SNP at position 484
2025-06-05 15:28:02 Skip position 484 due to unpassed quality test
2025-06-05 15:28:02 Parsing SNP at position 503
2025-06-05 15:28:02 Skip position 503 due to unpassed quality test
2025-06-05 15:28:02 Parsing SNP at position 537
2025-06-05 15:28:02 Skip position 537 due to unpassed quality test
2025-06-05 15:28:02 Parsing SNP at position 549
2025-06-05 15:28:02 Skip position 549 due to unpassed quality test
2025-06-05 15:28:02 Parsing SNP at position 616
2025-06-05 15:28:02 Skip position 616 due to unpassed quality test
2025-06-05 15:28:02 Parsing SNP at position 617
2025-06-05 15:28:02 Skip position 617 due to unpassed quality test
2025-06-05 15:28:02 Parsing SNP at position 619
2025-06-05 15:28:02 Skip position 619 due to unpassed quality test
2025-06-05 15:28:02 Parsing SNP at position 620
2025-06-05 15:28:02 Skip position 620 due to unpassed quality test
2025-06-05 15:28:02 Parsing SNP at position 623
2025-06-05 15:28:02 Skip position 623 due to unpassed quality test
2025-06-05 15:28:02 Parsing SNP at position 636
2025-06-05 15:28:02 Skip position 636 due to unpassed quality test
2025-06-05 15:28:02 Parsing SNP at position 660
2025-06-05 15:28:02 Skip position 660 due to unpassed quality test
2025-06-05 15:28:02 Parsing SNP at position 666
2025-06-05 15:28:02 Skip position 666 due to unpassed quality test
2025-06-05 15:28:02 Parsing SNP at position 669
2025-06-05 15:28:02 Skip position 669 due to unpassed quality test
2025-06-05 15:28:02 Parsing SNP at position 672
2025-06-05 15:28:02 Skip position 672 due to unpassed quality test
2025-06-05 15:28:02 Parsing SNP at position 678
2025-06-05 15:28:02 Skip position 678 due to unpassed quality test
2025-06-05 15:28:02 Parsing SNP at position 687
2025-06-05 15:28:02 Skip position 687 due to unpassed quality test
2025-06-05 15:28:02 Parsing SNP at position 691
2025-06-05 15:28:02 Skip position 691 due to unpassed quality test
2025-06-05 15:28:02 Parsing SNP at position 692
2025-06-05 15:28:02 Skip position 692 due to unpassed quality test
2025-06-05 15:28:02 Parsing SNP at position 693
2025-06-05 15:28:02 Skip position 693 due to unpassed quality test
2025-06-05 15:28:02 Parsing SNP at position 705
2025-06-05 15:28:02 Skip position 705 due to unpassed quality test
2025-06-05 15:28:02 Parsing SNP at position 709
2025-06-05 15:28:02 Skip position 709 due to unpassed quality test
2025-06-05 15:28:02 Parsing SNP at position 710
2025-06-05 15:28:02 Skip position 710 due to unpassed quality test
2025-06-05 15:28:02 Parsing SNP at position 717
2025-06-05 15:28:02 Skip position 717 due to unpassed quality test
2025-06-05 15:28:02 Parsing SNP at position 720
2025-06-05 15:28:02 Skip position 720 due to unpassed quality test
2025-06-05 15:28:02 Parsing SNP at position 727
2025-06-05 15:28:02 Skip position 727 due to unpassed quality test
2025-06-05 15:28:02 Parsing SNP at position 741
2025-06-05 15:28:02 Skip position 741 due to unpassed quality test
2025-06-05 15:28:02 Parsing SNP at position 742
2025-06-05 15:28:02 Skip position 742 due to unpassed quality test
2025-06-05 15:28:02 Parsing SNP at position 744
2025-06-05 15:28:02 Skip position 744 due to unpassed quality test
2025-06-05 15:28:02 Parsing SNP at position 747
2025-06-05 15:28:02 Skip position 747 due to unpassed quality test
2025-06-05 15:28:02 Parsing SNP at position 748
2025-06-05 15:28:02 Skip position 748 due to unpassed quality test
2025-06-05 15:28:02 Parsing SNP at position 750
2025-06-05 15:28:02 Skip position 750 due to unpassed quality test
2025-06-05 15:28:02 Parsing SNP at position 753
2025-06-05 15:28:02 Skip position 753 due to unpassed quality test
2025-06-05 15:28:02 Parsing SNP at position 754
2025-06-05 15:28:02 Skip position 754 due to unpassed quality test
2025-06-05 15:28:02 Parsing SNP at position 756
2025-06-05 15:28:02 Skip position 756 due to unpassed quality test
2025-06-05 15:28:02 Parsing SNP at position 758
2025-06-05 15:28:02 Skip position 758 due to unpassed quality test
2025-06-05 15:28:02 Parsing SNP at position 763
2025-06-05 15:28:02 Skip position 763 due to unpassed quality test
2025-06-05 15:28:02 Parsing SNP at position 770
2025-06-05 15:28:02 Skip position 770 due to unpassed quality test
2025-06-05 15:28:02 Parsing SNP at position 774
2025-06-05 15:28:02 Skip position 774 due to unpassed quality test
2025-06-05 15:28:02 Parsing SNP at position 783
2025-06-05 15:28:02 Skip position 783 due to unpassed quality test
2025-06-05 15:28:02 Parsing SNP at position 787
2025-06-05 15:28:02 Skip position 787 due to unpassed quality test
2025-06-05 15:28:02 Parsing SNP at position 788
2025-06-05 15:28:02 Skip position 788 due to unpassed quality test
2025-06-05 15:28:02 Parsing SNP at position 789
2025-06-05 15:28:02 Skip position 789 due to unpassed quality test
2025-06-05 15:28:02 Parsing SNP at position 796
2025-06-05 15:28:02 Skip position 796 due to unpassed quality test
2025-06-05 15:28:02 Parsing SNP at position 797
2025-06-05 15:28:02 Skip position 797 due to unpassed quality test
2025-06-05 15:28:02 Parsing SNP at position 798
2025-06-05 15:28:02 Skip position 798 due to unpassed quality test
2025-06-05 15:28:02 Parsing SNP at position 801
2025-06-05 15:28:02 Skip position 801 due to unpassed quality test
2025-06-05 15:28:02 Parsing SNP at position 814
2025-06-05 15:28:02 Skip position 814 due to unpassed quality test
2025-06-05 15:28:02 Parsing SNP at position 1635
2025-06-05 15:28:02 Skip position 1635 due to unpassed quality test
2025-06-05 15:28:02 Parsing SNP at position 1645
2025-06-05 15:28:02 Skip position 1645 due to unpassed quality test
2025-06-05 15:28:02 Parsing SNP at position 1656
2025-06-05 15:28:02 Skip position 1656 due to unpassed quality test
2025-06-05 15:28:02 Parsing SNP at position 1699
2025-06-05 15:28:02 Skip position 1699 due to unpassed quality test
2025-06-05 15:28:02 Parsing SNP at position 1753
2025-06-05 15:28:02 Skip position 1753 due to unpassed quality test
2025-06-05 15:28:02 Parsing SNP at position 2346
2025-06-05 15:28:02 Skip position 2346 due to unpassed quality test
2025-06-05 15:28:02 Parsing SNP at position 2355
2025-06-05 15:28:02 Skip position 2355 due to unpassed quality test
2025-06-05 15:28:02 Parsing SNP at position 2356
2025-06-05 15:28:02 Skip position 2356 due to unpassed quality test
2025-06-05 15:28:02 Parsing SNP at position 2358
2025-06-05 15:28:02 Skip position 2358 due to unpassed quality test
2025-06-05 15:28:02 Parsing SNP at position 2365
2025-06-05 15:28:02 Skip position 2365 due to unpassed quality test
2025-06-05 15:28:02 Parsing SNP at position 2367
2025-06-05 15:28:02 Skip position 2367 due to unpassed quality test
2025-06-05 15:28:02 Parsing SNP at position 2373
2025-06-05 15:28:02 Skip position 2373 due to unpassed quality test
2025-06-05 15:28:02 Parsing SNP at position 2382
2025-06-05 15:28:02 Skip position 2382 due to unpassed quality test
2025-06-05 15:28:02 Parsing SNP at position 2388
2025-06-05 15:28:02 Skip position 2388 due to unpassed quality test
2025-06-05 15:28:02 Parsing SNP at position 2397
2025-06-05 15:28:02 Skip position 2397 due to unpassed quality test
2025-06-05 15:28:02 Parsing SNP at position 2398
2025-06-05 15:28:02 Skip position 2398 due to unpassed quality test
2025-06-05 15:28:02 Parsing SNP at position 2427
2025-06-05 15:28:02 Skip position 2427 due to unpassed quality test
2025-06-05 15:28:02 Parsing SNP at position 2431
2025-06-05 15:28:02 Skip position 2431 due to unpassed quality test
2025-06-05 15:28:02 Parsing SNP at position 2439
2025-06-05 15:28:02 Skip position 2439 due to unpassed quality test
2025-06-05 15:28:02 Parsing SNP at position 2440
2025-06-05 15:28:02 Skip position 2440 due to unpassed quality test
2025-06-05 15:28:02 Parsing SNP at position 2470
2025-06-05 15:28:02 Skip position 2470 due to unpassed quality test
2025-06-05 15:28:02 Parsing SNP at position 2475
2025-06-05 15:28:02 Skip position 2475 due to unpassed quality test
2025-06-05 15:28:02 Parsing SNP at position 2476
2025-06-05 15:28:02 Skip position 2476 due to unpassed quality test
2025-06-05 15:28:02 Parsing SNP at position 2478
2025-06-05 15:28:02 Skip position 2478 due to unpassed quality test
2025-06-05 15:28:02 Parsing SNP at position 2511
2025-06-05 15:28:02 Skip position 2511 due to unpassed quality test
2025-06-05 15:28:02 Parsing SNP at position 2523
2025-06-05 15:28:02 Skip position 2523 due to unpassed quality test
2025-06-05 15:28:02 Parsing SNP at position 2534
2025-06-05 15:28:02 Skip position 2534 due to unpassed quality test
2025-06-05 15:28:02 Parsing SNP at position 2535
2025-06-05 15:28:02 Skip position 2535 due to unpassed quality test
2025-06-05 15:28:02 Parsing SNP at position 2589
2025-06-05 15:28:02 Skip position 2589 due to unpassed quality test
2025-06-05 15:28:02 Parsing SNP at position 2601
2025-06-05 15:28:02 Skip position 2601 due to unpassed quality test
2025-06-05 15:28:02 Parsing SNP at position 2622
2025-06-05 15:28:02 Skip position 2622 due to unpassed quality test
2025-06-05 15:28:02 Parsing SNP at position 2628
2025-06-05 15:28:02 Skip position 2628 due to unpassed quality test
2025-06-05 15:28:02 Parsing SNP at position 2634
2025-06-05 15:28:02 Skip position 2634 due to unpassed quality test
2025-06-05 15:28:02 Parsing SNP at position 2637
2025-06-05 15:28:02 Skip position 2637 due to unpassed quality test
2025-06-05 15:28:02 Parsing SNP at position 2659
2025-06-05 15:28:02 Skip position 2659 due to unpassed quality test
2025-06-05 15:28:02 Parsing SNP at position 2664
2025-06-05 15:28:02 Skip position 2664 due to unpassed quality test
2025-06-05 15:28:02 Parsing SNP at position 2676
2025-06-05 15:28:02 Skip position 2676 due to unpassed quality test
2025-06-05 15:28:02 Parsing SNP at position 2688
2025-06-05 15:28:02 Skip position 2688 due to unpassed quality test
2025-06-05 15:28:02 Parsing SNP at position 2691
2025-06-05 15:28:02 Skip position 2691 due to unpassed quality test
2025-06-05 15:28:02 Parsing SNP at position 2712
2025-06-05 15:28:02 Skip position 2712 due to unpassed quality test
2025-06-05 15:28:02 Parsing SNP at position 2730
2025-06-05 15:28:02 Skip position 2730 due to unpassed quality test
2025-06-05 15:28:02 Parsing SNP at position 2754
2025-06-05 15:28:02 Skip position 2754 due to unpassed quality test
2025-06-05 15:28:02 Parsing SNP at position 2757
2025-06-05 15:28:02 Skip position 2757 due to unpassed quality test
2025-06-05 15:28:02 Parsing SNP at position 2763
2025-06-05 15:28:02 Skip position 2763 due to unpassed quality test
2025-06-05 15:28:02 Parsing SNP at position 2766
2025-06-05 15:28:02 Skip position 2766 due to unpassed quality test
2025-06-05 15:28:02 Parsing SNP at position 2775
2025-06-05 15:28:02 Skip position 2775 due to unpassed quality test
2025-06-05 15:28:02 Parsing SNP at position 2778
2025-06-05 15:28:02 Skip position 2778 due to unpassed quality test
2025-06-05 15:28:02 Parsing SNP at position 2784
2025-06-05 15:28:02 Skip position 2784 due to unpassed quality test
2025-06-05 15:28:02 Parsing SNP at position 2787
2025-06-05 15:28:02 Skip position 2787 due to unpassed quality test
2025-06-05 15:28:02 Parsing SNP at position 2790
2025-06-05 15:28:02 Skip position 2790 due to unpassed quality test
2025-06-05 15:28:02 Parsing SNP at position 2793
2025-06-05 15:28:02 Skip position 2793 due to unpassed quality test
2025-06-05 15:28:02 Parsing SNP at position 2802
2025-06-05 15:28:02 Skip position 2802 due to unpassed quality test
2025-06-05 15:28:02 Parsing SNP at position 2804
2025-06-05 15:28:02 Skip position 2804 due to unpassed quality test
2025-06-05 15:28:02 Parsing SNP at position 2816
2025-06-05 15:28:02 Skip position 2816 due to unpassed quality test
2025-06-05 15:28:02 Parsing SNP at position 2823
2025-06-05 15:28:02 Skip position 2823 due to unpassed quality test
2025-06-05 15:28:02 Parsing SNP at position 2829
2025-06-05 15:28:02 Skip position 2829 due to unpassed quality test
2025-06-05 15:28:02 Parsing SNP at position 2849
2025-06-05 15:28:02 Skip position 2849 due to unpassed quality test
2025-06-05 15:28:02 Parsing SNP at position 2866
2025-06-05 15:28:02 Parsing SNP at position 2867
2025-06-05 15:28:02 Parsing SNP at position 2879
2025-06-05 15:28:02 Parsing SNP at position 2935
2025-06-05 15:28:02 Skip position 2935 due to unpassed quality test
2025-06-05 15:28:02 Parsing SNP at position 2937
2025-06-05 15:28:02 Skip position 2937 due to unpassed quality test
2025-06-05 15:28:02 Parsing SNP at position 2939
2025-06-05 15:28:02 Skip position 2939 due to unpassed quality test
2025-06-05 15:28:02 Parsing SNP at position 2948
2025-06-05 15:28:02 Parsing SNP at position 2950
2025-06-05 15:28:02 Parsing SNP at position 2951
2025-06-05 15:28:02 Parsing SNP at position 2964
2025-06-05 15:28:02 Parsing SNP at position 2978
2025-06-05 15:28:02 Parsing SNP at position 2983
2025-06-05 15:28:02 Parsing SNP at position 2986
2025-06-05 15:28:02 Parsing SNP at position 2992
2025-06-05 15:28:02 Parsing SNP at position 2993
2025-06-05 15:28:02 Parsing SNP at position 3002
2025-06-05 15:28:02 Skip position 3002 due to unpassed quality test
2025-06-05 15:28:02 Parsing SNP at position 3005
2025-06-05 15:28:02 Skip position 3005 due to unpassed quality test
2025-06-05 15:28:02 Parsing SNP at position 3007
2025-06-05 15:28:02 Parsing SNP at position 3008
2025-06-05 15:28:02 Parsing SNP at position 3012
2025-06-05 15:28:02 Parsing SNP at position 3024
2025-06-05 15:28:02 Parsing SNP at position 3026
2025-06-05 15:28:02 Parsing SNP at position 3045
2025-06-05 15:28:02 Parsing SNP at position 3052
2025-06-05 15:28:02 Parsing SNP at position 3078
2025-06-05 15:28:02 Writting results
2025-06-05 15:28:02 Running time: 0h:0m:0s::65
SYSTEM INFO: os: Linux
SYSTEM INFO: os version: #1 SMP PREEMPT_DYNAMIC Mon Apr 21 17:08:54 UTC 2025
SYSTEM INFO: CPU: 12
