

processing file: rapport_final.Rmd
1/23                   
2/23 [setup]           
3/23 [unnamed-chunk-1] 
4/23                   
5/23 [unnamed-chunk-2] 
6/23                   
7/23 [unnamed-chunk-3] 
8/23                   
9/23 [unnamed-chunk-4] 
10/23                   
11/23 [unnamed-chunk-5] 
12/23                   
13/23 [unnamed-chunk-6] 
14/23                   
15/23 [unnamed-chunk-7] 
16/23                   
17/23 [unnamed-chunk-8] 
18/23                   
19/23 [unnamed-chunk-9] 
20/23                   
21/23 [unnamed-chunk-10]
22/23                   
23/23 [unnamed-chunk-11]
output file: rapport_final.knit.md

/home/etudiant/conda_config/miniconda3/envs/hbv_pipeline/bin/pandoc +RTS -K512m -RTS rapport_final.knit.md --to html4 --from markdown+autolink_bare_uris+tex_math_single_backslash --output /home/etudiant/fatemeh/hbv_pipeline/results/reports/rapport_final.html --lua-filter /home/etudiant/conda_config/miniconda3/envs/hbv_pipeline/lib/R/library/rmarkdown/rmarkdown/lua/pagebreak.lua --lua-filter /home/etudiant/conda_config/miniconda3/envs/hbv_pipeline/lib/R/library/rmarkdown/rmarkdown/lua/latex-div.lua --lua-filter /home/etudiant/conda_config/miniconda3/envs/hbv_pipeline/lib/R/library/rmarkdown/rmarkdown/lua/table-classes.lua --embed-resources --standalone --variable bs3=TRUE --section-divs --template /home/etudiant/conda_config/miniconda3/envs/hbv_pipeline/lib/R/library/rmarkdown/rmd/h/default.html --no-highlight --variable highlightjs=1 --variable theme=bootstrap --mathjax --variable 'mathjax-url=https://mathjax.rstudio.com/latest/MathJax.js?config=TeX-AMS-MML_HTMLorMML' --include-in-header /tmp/RtmpqWR4w9/rmarkdown-str130d94a923a8a.html 

Output created: results/reports/rapport_final.html
